#
# There is insufficient memory for the Java Runtime Environment to continue.
# Native memory allocation (mmap) failed to map 120586240 bytes. Error detail: G1 virtual space
# Possible reasons:
#   The system is out of physical RAM or swap space
#   This process is running with CompressedOops enabled, and the Java Heap may be blocking the growth of the native heap
# Possible solutions:
#   Reduce memory load on the system
#   Increase physical memory or swap space
#   Check if swap backing store is full
#   Decrease Java heap size (-Xmx/-Xms)
#   Decrease number of Java threads
#   Decrease Java thread stack sizes (-Xss)
#   Set larger code cache with -XX:ReservedCodeCacheSize=
#   JVM is running with Unscaled Compressed Oops mode in which the Java heap is
#     placed in the first 4GB address space. The Java Heap base address is the
#     maximum limit for the native heap growth. Please use -XX:HeapBaseMinAddress
#     to set the Java Heap base and to place the Java Heap above 4GB virtual address.
# This output file may be truncated or incomplete.
#
#  Out of Memory Error (os_windows.cpp:3618), pid=6188, tid=63476
#
# JRE version: OpenJDK Runtime Environment Temurin-17.0.15+6 (17.0.15+6) (build 17.0.15+6)
# Java VM: OpenJDK 64-Bit Server VM Temurin-17.0.15+6 (17.0.15+6, mixed mode, sharing, tiered, compressed oops, compressed class ptrs, g1 gc, windows-amd64)
# No core dump will be written. Minidumps are not enabled by default on client versions of Windows
#

---------------  S U M M A R Y ------------

Command Line: -XX:MaxMetaspaceSize=512m --add-opens=java.base/java.util=ALL-UNNAMED --add-opens=java.base/java.lang=ALL-UNNAMED --add-opens=java.base/java.lang.invoke=ALL-UNNAMED --add-opens=java.prefs/java.util.prefs=ALL-UNNAMED --add-opens=java.base/java.nio.charset=ALL-UNNAMED --add-opens=java.base/java.net=ALL-UNNAMED --add-opens=java.base/java.util.concurrent.atomic=ALL-UNNAMED -Xmx2048m -Dfile.encoding=UTF-8 -Duser.country=CA -Duser.language=en -Duser.variant org.gradle.launcher.daemon.bootstrap.GradleDaemon 8.0.1

Host: 12th Gen Intel(R) Core(TM) i7-1260P, 16 cores, 15G,  Windows 11 , 64 bit Build 26100 (10.0.26100.3912)
Time: Mon May 26 02:11:43 2025 Eastern Daylight Time elapsed time: 8359.109503 seconds (0d 2h 19m 19s)

---------------  T H R E A D  ---------------

Current thread (0x000001e06c601d10):  VMThread "VM Thread" [stack: 0x0000004f54300000,0x0000004f54400000] [id=63476]

Stack: [0x0000004f54300000,0x0000004f54400000]
Native frames: (J=compiled Java code, j=interpreted, Vv=VM code, C=native code)
V  [jvm.dll+0x682fc9]
V  [jvm.dll+0x839878]
V  [jvm.dll+0x83b323]
V  [jvm.dll+0x83b993]
V  [jvm.dll+0x24725f]
V  [jvm.dll+0x67fda9]
V  [jvm.dll+0x674c9a]
V  [jvm.dll+0x304d06]
V  [jvm.dll+0x30c1c6]
V  [jvm.dll+0x35dd4e]
V  [jvm.dll+0x35df8d]
V  [jvm.dll+0x2dc0cc]
V  [jvm.dll+0x2da46f]
V  [jvm.dll+0x2d9bdc]
V  [jvm.dll+0x31d3bb]
V  [jvm.dll+0x8401cd]
V  [jvm.dll+0x840f03]
V  [jvm.dll+0x84142f]
V  [jvm.dll+0x841814]
V  [jvm.dll+0x8418de]
V  [jvm.dll+0x7e94dc]
V  [jvm.dll+0x681ea7]
C  [ucrtbase.dll+0x37b0]
C  [KERNEL32.DLL+0x2e8d7]
C  [ntdll.dll+0x9c5dc]

VM_Operation (0x0000004f555fe970): G1CollectForAllocation, mode: safepoint, requested by thread 0x000001e071d5d320


---------------  P R O C E S S  ---------------

Threads class SMR info:
_java_thread_list=0x000001e0740124a0, length=80, elements={
0x000001e04cd8e610, 0x000001e069742f30, 0x000001e069743a00, 0x000001e069757180,
0x000001e069757a50, 0x000001e06975a430, 0x000001e06975ad00, 0x000001e06975b900,
0x000001e06979e800, 0x000001e06c649fd0, 0x000001e06c711070, 0x000001e06c715970,
0x000001e071d5d320, 0x000001e07252ffe0, 0x000001e0723b42a0, 0x000001e071fa4fc0,
0x000001e071fa54a0, 0x000001e071d25c30, 0x000001e0724822f0, 0x000001e072482d10,
0x000001e072485080, 0x000001e072482800, 0x000001e072484b70, 0x000001e072481de0,
0x000001e072483c40, 0x000001e072483730, 0x000001e072484150, 0x000001e0727945a0,
0x000001e072794ab0, 0x000001e072794090, 0x000001e072797330, 0x000001e072793b80,
0x000001e072796400, 0x000001e072795ef0, 0x000001e072796910, 0x000001e072796e20,
0x000001e072797d50, 0x000001e072798770, 0x000001e072794fc0, 0x000001e072798c80,
0x000001e0727954d0, 0x000001e072799190, 0x000001e0727959e0, 0x000001e0727996a0,
0x000001e072799bb0, 0x000001e07279a0c0, 0x000001e07279a5d0, 0x000001e07279aae0,
0x000001e07279aff0, 0x000001e07279b500, 0x000001e072483220, 0x000001e0724818d0,
0x000001e071f32090, 0x000001e071f325a0, 0x000001e071f334d0, 0x000001e071f34e20,
0x000001e071f32ab0, 0x000001e071f34910, 0x000001e071f32fc0, 0x000001e071f339e0,
0x000001e071f34400, 0x000001e071f31670, 0x000001e071f33ef0, 0x000001e071f35330,
0x000001e071f31b80, 0x000001e071f376a0, 0x000001e071f37190, 0x000001e071f35d50,
0x000001e071f38ff0, 0x000001e071f35840, 0x000001e071f380c0, 0x000001e071f36260,
0x000001e071f38ae0, 0x000001e071f36770, 0x000001e071f37bb0, 0x000001e071f385d0,
0x000001e071f36c80, 0x000001e07378dc60, 0x000001e07378d240, 0x000001e07378c310
}

Java Threads: ( => current thread )
  0x000001e04cd8e610 JavaThread "main" [_thread_blocked, id=18840, stack(0x0000004f53d00000,0x0000004f53e00000)]
  0x000001e069742f30 JavaThread "Reference Handler" daemon [_thread_blocked, id=43788, stack(0x0000004f54400000,0x0000004f54500000)]
  0x000001e069743a00 JavaThread "Finalizer" daemon [_thread_blocked, id=24688, stack(0x0000004f54500000,0x0000004f54600000)]
  0x000001e069757180 JavaThread "Signal Dispatcher" daemon [_thread_blocked, id=47812, stack(0x0000004f54600000,0x0000004f54700000)]
  0x000001e069757a50 JavaThread "Attach Listener" daemon [_thread_blocked, id=63468, stack(0x0000004f54700000,0x0000004f54800000)]
  0x000001e06975a430 JavaThread "Service Thread" daemon [_thread_blocked, id=32196, stack(0x0000004f54800000,0x0000004f54900000)]
  0x000001e06975ad00 JavaThread "Monitor Deflation Thread" daemon [_thread_blocked, id=65860, stack(0x0000004f54900000,0x0000004f54a00000)]
  0x000001e06975b900 JavaThread "C2 CompilerThread0" daemon [_thread_blocked, id=58052, stack(0x0000004f54a00000,0x0000004f54b00000)]
  0x000001e06979e800 JavaThread "C1 CompilerThread0" daemon [_thread_blocked, id=56692, stack(0x0000004f54b00000,0x0000004f54c00000)]
  0x000001e06c649fd0 JavaThread "Sweeper thread" daemon [_thread_blocked, id=44704, stack(0x0000004f54c00000,0x0000004f54d00000)]
  0x000001e06c711070 JavaThread "Common-Cleaner" daemon [_thread_blocked, id=37592, stack(0x0000004f54d00000,0x0000004f54e00000)]
  0x000001e06c715970 JavaThread "Notification Thread" daemon [_thread_blocked, id=45516, stack(0x0000004f54e00000,0x0000004f54f00000)]
  0x000001e071d5d320 JavaThread "Daemon health stats" [_thread_blocked, id=55800, stack(0x0000004f55500000,0x0000004f55600000)]
  0x000001e07252ffe0 JavaThread "Incoming local TCP Connector on port 34149" [_thread_in_native, id=62324, stack(0x0000004f53c00000,0x0000004f53d00000)]
  0x000001e0723b42a0 JavaThread "Daemon periodic checks" [_thread_blocked, id=27000, stack(0x0000004f55c00000,0x0000004f55d00000)]
  0x000001e071fa4fc0 JavaThread "Daemon" [_thread_blocked, id=28164, stack(0x0000004f55d00000,0x0000004f55e00000)]
  0x000001e071fa54a0 JavaThread "Handler for socket connection from /127.0.0.1:34149 to /127.0.0.1:34354" [_thread_in_native, id=55700, stack(0x0000004f55e00000,0x0000004f55f00000)]
  0x000001e071d25c30 JavaThread "Cancel handler" [_thread_blocked, id=56972, stack(0x0000004f55a00000,0x0000004f55b00000)]
  0x000001e0724822f0 JavaThread "Daemon worker" [_thread_blocked, id=1948, stack(0x0000004f55b00000,0x0000004f55c00000)]
  0x000001e072482d10 JavaThread "Asynchronous log dispatcher for DefaultDaemonConnection: socket connection from /127.0.0.1:34149 to /127.0.0.1:34354" [_thread_blocked, id=52624, stack(0x0000004f55f00000,0x0000004f56000000)]
  0x000001e072485080 JavaThread "Daemon client event forwarder" [_thread_blocked, id=14904, stack(0x0000004f56100000,0x0000004f56200000)]
  0x000001e072482800 JavaThread "Cache worker for journal cache (C:\Users\karth\.gradle\caches\journal-1)" [_thread_blocked, id=3480, stack(0x0000004f56500000,0x0000004f56600000)]
  0x000001e072484b70 JavaThread "File lock request listener" [_thread_in_native, id=8340, stack(0x0000004f56600000,0x0000004f56700000)]
  0x000001e072481de0 JavaThread "Cache worker for file hash cache (C:\Users\karth\.gradle\caches\8.0.1\fileHashes)" [_thread_blocked, id=19332, stack(0x0000004f56800000,0x0000004f56900000)]
  0x000001e072483c40 JavaThread "File watcher server" daemon [_thread_in_native, id=56132, stack(0x0000004f56900000,0x0000004f56a00000)]
  0x000001e072483730 JavaThread "File watcher consumer" daemon [_thread_blocked, id=38052, stack(0x0000004f56a00000,0x0000004f56b00000)]
  0x000001e072484150 JavaThread "Cache worker for checksums cache (C:\Users\karth\CascadeProjects\MobileAppAndroid\android\.gradle\8.0.1\checksums)" [_thread_blocked, id=55776, stack(0x0000004f56b00000,0x0000004f56c00000)]
  0x000001e0727945a0 JavaThread "Cache worker for cache directory md-rule (C:\Users\karth\.gradle\caches\8.0.1\md-rule)" [_thread_blocked, id=33060, stack(0x0000004f56c00000,0x0000004f56d00000)]
  0x000001e072794ab0 JavaThread "Cache worker for file content cache (C:\Users\karth\.gradle\caches\8.0.1\fileContent)" [_thread_blocked, id=7136, stack(0x0000004f56d00000,0x0000004f56e00000)]
  0x000001e072794090 JavaThread "Cache worker for file hash cache (C:\Users\karth\CascadeProjects\MobileAppAndroid\android\.gradle\8.0.1\fileHashes)" [_thread_blocked, id=4444, stack(0x0000004f56000000,0x0000004f56100000)]
  0x000001e072797330 JavaThread "Cache worker for cache directory md-supplier (C:\Users\karth\.gradle\caches\8.0.1\md-supplier)" [_thread_blocked, id=20796, stack(0x0000004f57000000,0x0000004f57100000)]
  0x000001e072793b80 JavaThread "Cache worker for execution history cache (C:\Users\karth\.gradle\caches\8.0.1\executionHistory)" [_thread_blocked, id=23964, stack(0x0000004f57100000,0x0000004f57200000)]
  0x000001e072796400 JavaThread "jar transforms" [_thread_blocked, id=39304, stack(0x0000004f57200000,0x0000004f57300000)]
  0x000001e072795ef0 JavaThread "jar transforms Thread 2" [_thread_blocked, id=49248, stack(0x0000004f57300000,0x0000004f57400000)]
  0x000001e072796910 JavaThread "jar transforms Thread 3" [_thread_blocked, id=39552, stack(0x0000004f57400000,0x0000004f57500000)]
  0x000001e072796e20 JavaThread "jar transforms Thread 4" [_thread_blocked, id=45960, stack(0x0000004f57500000,0x0000004f57600000)]
  0x000001e072797d50 JavaThread "Cache worker for kotlin-dsl (C:\Users\karth\.gradle\caches\8.0.1\kotlin-dsl)" [_thread_blocked, id=33960, stack(0x0000004f56700000,0x0000004f56800000)]
  0x000001e072798770 JavaThread "File lock release action executor Thread 2" [_thread_blocked, id=46488, stack(0x0000004f57600000,0x0000004f57700000)]
  0x000001e072794fc0 JavaThread "jar transforms Thread 5" [_thread_blocked, id=23024, stack(0x0000004f57700000,0x0000004f57800000)]
  0x000001e072798c80 JavaThread "jar transforms Thread 6" [_thread_blocked, id=68668, stack(0x0000004f57900000,0x0000004f57a00000)]
  0x000001e0727954d0 JavaThread "Cache worker for dependencies-accessors (C:\Users\karth\CascadeProjects\MobileAppAndroid\android\.gradle\8.0.1\dependencies-accessors)" [_thread_blocked, id=68684, stack(0x0000004f57a00000,0x0000004f57b00000)]
  0x000001e072799190 JavaThread "Cache worker for Build Output Cleanup Cache (C:\Users\karth\CascadeProjects\MobileAppAndroid\node_modules\@react-native\gradle-plugin\.gradle\buildOutputCleanup)" [_thread_blocked, id=68984, stack(0x0000004f57b00000,0x0000004f57c00000)]
  0x000001e0727959e0 JavaThread "jar transforms Thread 7" [_thread_blocked, id=69008, stack(0x0000004f57c00000,0x0000004f57d00000)]
  0x000001e0727996a0 JavaThread "Unconstrained build operations" [_thread_blocked, id=49700, stack(0x0000004f57800000,0x0000004f57900000)]
  0x000001e072799bb0 JavaThread "Unconstrained build operations Thread 2" [_thread_blocked, id=69272, stack(0x0000004f57d00000,0x0000004f57e00000)]
  0x000001e07279a0c0 JavaThread "Unconstrained build operations Thread 3" [_thread_blocked, id=68744, stack(0x0000004f57e00000,0x0000004f57f00000)]
  0x000001e07279a5d0 JavaThread "Unconstrained build operations Thread 4" [_thread_blocked, id=29956, stack(0x0000004f57f00000,0x0000004f58000000)]
  0x000001e07279aae0 JavaThread "Unconstrained build operations Thread 5" [_thread_blocked, id=28644, stack(0x0000004f58000000,0x0000004f58100000)]
  0x000001e07279aff0 JavaThread "Unconstrained build operations Thread 6" [_thread_blocked, id=1800, stack(0x0000004f58100000,0x0000004f58200000)]
  0x000001e07279b500 JavaThread "Unconstrained build operations Thread 7" [_thread_blocked, id=12008, stack(0x0000004f58200000,0x0000004f58300000)]
  0x000001e072483220 JavaThread "Unconstrained build operations Thread 8" [_thread_blocked, id=34988, stack(0x0000004f58300000,0x0000004f58400000)]
  0x000001e0724818d0 JavaThread "Unconstrained build operations Thread 9" [_thread_blocked, id=37840, stack(0x0000004f58400000,0x0000004f58500000)]
  0x000001e071f32090 JavaThread "Unconstrained build operations Thread 10" [_thread_blocked, id=69484, stack(0x0000004f58500000,0x0000004f58600000)]
  0x000001e071f325a0 JavaThread "Unconstrained build operations Thread 11" [_thread_blocked, id=68988, stack(0x0000004f58600000,0x0000004f58700000)]
  0x000001e071f334d0 JavaThread "Unconstrained build operations Thread 12" [_thread_blocked, id=62204, stack(0x0000004f58700000,0x0000004f58800000)]
  0x000001e071f34e20 JavaThread "Unconstrained build operations Thread 13" [_thread_blocked, id=45456, stack(0x0000004f58800000,0x0000004f58900000)]
  0x000001e071f32ab0 JavaThread "Unconstrained build operations Thread 14" [_thread_blocked, id=64900, stack(0x0000004f58900000,0x0000004f58a00000)]
  0x000001e071f34910 JavaThread "Unconstrained build operations Thread 15" [_thread_blocked, id=68764, stack(0x0000004f58a00000,0x0000004f58b00000)]
  0x000001e071f32fc0 JavaThread "Unconstrained build operations Thread 16" [_thread_blocked, id=63848, stack(0x0000004f58b00000,0x0000004f58c00000)]
  0x000001e071f339e0 JavaThread "Unconstrained build operations Thread 17" [_thread_blocked, id=21004, stack(0x0000004f58c00000,0x0000004f58d00000)]
  0x000001e071f34400 JavaThread "Unconstrained build operations Thread 18" [_thread_blocked, id=46428, stack(0x0000004f58d00000,0x0000004f58e00000)]
  0x000001e071f31670 JavaThread "Unconstrained build operations Thread 19" [_thread_blocked, id=15284, stack(0x0000004f58e00000,0x0000004f58f00000)]
  0x000001e071f33ef0 JavaThread "Unconstrained build operations Thread 20" [_thread_blocked, id=59044, stack(0x0000004f58f00000,0x0000004f59000000)]
  0x000001e071f35330 JavaThread "Unconstrained build operations Thread 21" [_thread_blocked, id=44300, stack(0x0000004f59000000,0x0000004f59100000)]
  0x000001e071f31b80 JavaThread "Unconstrained build operations Thread 22" [_thread_blocked, id=66444, stack(0x0000004f59100000,0x0000004f59200000)]
  0x000001e071f376a0 JavaThread "Unconstrained build operations Thread 23" [_thread_blocked, id=68576, stack(0x0000004f59200000,0x0000004f59300000)]
  0x000001e071f37190 JavaThread "Unconstrained build operations Thread 24" [_thread_blocked, id=6012, stack(0x0000004f59300000,0x0000004f59400000)]
  0x000001e071f35d50 JavaThread "Unconstrained build operations Thread 25" [_thread_blocked, id=37576, stack(0x0000004f59400000,0x0000004f59500000)]
  0x000001e071f38ff0 JavaThread "Unconstrained build operations Thread 26" [_thread_blocked, id=53508, stack(0x0000004f59500000,0x0000004f59600000)]
  0x000001e071f35840 JavaThread "jar transforms Thread 8" [_thread_blocked, id=70544, stack(0x0000004f59600000,0x0000004f59700000)]
  0x000001e071f380c0 JavaThread "jar transforms Thread 9" [_thread_blocked, id=70552, stack(0x0000004f59700000,0x0000004f59800000)]
  0x000001e071f36260 JavaThread "jar transforms Thread 10" [_thread_blocked, id=70560, stack(0x0000004f59800000,0x0000004f59900000)]
  0x000001e071f38ae0 JavaThread "jar transforms Thread 11" [_thread_blocked, id=70556, stack(0x0000004f59900000,0x0000004f59a00000)]
  0x000001e071f36770 JavaThread "jar transforms Thread 12" [_thread_blocked, id=70564, stack(0x0000004f59a00000,0x0000004f59b00000)]
  0x000001e071f37bb0 JavaThread "jar transforms Thread 13" [_thread_blocked, id=69560, stack(0x0000004f59b00000,0x0000004f59c00000)]
  0x000001e071f385d0 JavaThread "jar transforms Thread 14" [_thread_blocked, id=56644, stack(0x0000004f59c00000,0x0000004f59d00000)]
  0x000001e071f36c80 JavaThread "jar transforms Thread 15" [_thread_blocked, id=46964, stack(0x0000004f59d00000,0x0000004f59e00000)]
  0x000001e07378dc60 JavaThread "jar transforms Thread 16" [_thread_blocked, id=65424, stack(0x0000004f59e00000,0x0000004f59f00000)]
  0x000001e07378d240 JavaThread "Memory manager" [_thread_blocked, id=55120, stack(0x0000004f5a300000,0x0000004f5a400000)]
  0x000001e07378c310 JavaThread "Cache worker for Build Output Cleanup Cache (C:\Users\karth\CascadeProjects\MobileAppAndroid\android\.gradle\buildOutputCleanup)" [_thread_blocked, id=69732, stack(0x0000004f5a200000,0x0000004f5a300000)]

Other Threads:
=>0x000001e06c601d10 VMThread "VM Thread" [stack: 0x0000004f54300000,0x0000004f54400000] [id=63476]
  0x000001e06c719e70 WatcherThread [stack: 0x0000004f54f00000,0x0000004f55000000] [id=65164]
  0x000001e04cdf0160 GCTaskThread "GC Thread#0" [stack: 0x0000004f53e00000,0x0000004f53f00000] [id=63784]
  0x000001e071f63cb0 GCTaskThread "GC Thread#1" [stack: 0x0000004f55000000,0x0000004f55100000] [id=62740]
  0x000001e071eb93c0 GCTaskThread "GC Thread#2" [stack: 0x0000004f55100000,0x0000004f55200000] [id=56428]
  0x000001e07195d1d0 GCTaskThread "GC Thread#3" [stack: 0x0000004f55200000,0x0000004f55300000] [id=22748]
  0x000001e07195d490 GCTaskThread "GC Thread#4" [stack: 0x0000004f55300000,0x0000004f55400000] [id=21292]
  0x000001e0715fb8c0 GCTaskThread "GC Thread#5" [stack: 0x0000004f55400000,0x0000004f55500000] [id=64680]
  0x000001e071f59210 GCTaskThread "GC Thread#6" [stack: 0x0000004f55600000,0x0000004f55700000] [id=50988]
  0x000001e07188e790 GCTaskThread "GC Thread#7" [stack: 0x0000004f55700000,0x0000004f55800000] [id=12200]
  0x000001e071753950 GCTaskThread "GC Thread#8" [stack: 0x0000004f55800000,0x0000004f55900000] [id=22992]
  0x000001e071753c10 GCTaskThread "GC Thread#9" [stack: 0x0000004f55900000,0x0000004f55a00000] [id=63776]
  0x000001e0716ccaf0 GCTaskThread "GC Thread#10" [stack: 0x0000004f56200000,0x0000004f56300000] [id=49400]
  0x000001e0716cc2b0 GCTaskThread "GC Thread#11" [stack: 0x0000004f56300000,0x0000004f56400000] [id=38708]
  0x000001e0716caf70 GCTaskThread "GC Thread#12" [stack: 0x0000004f56400000,0x0000004f56500000] [id=64144]
  0x000001e0695e2010 ConcurrentGCThread "G1 Main Marker" [stack: 0x0000004f53f00000,0x0000004f54000000] [id=45100]
  0x000001e0695e2940 ConcurrentGCThread "G1 Conc#0" [stack: 0x0000004f54000000,0x0000004f54100000] [id=61016]
  0x000001e0716cc830 ConcurrentGCThread "G1 Conc#1" [stack: 0x0000004f56e00000,0x0000004f56f00000] [id=54000]
  0x000001e0716cbd30 ConcurrentGCThread "G1 Conc#2" [stack: 0x0000004f56f00000,0x0000004f57000000] [id=62828]
  0x000001e04ce2e950 ConcurrentGCThread "G1 Refine#0" [stack: 0x0000004f54100000,0x0000004f54200000] [id=60016]
  0x000001e069676880 ConcurrentGCThread "G1 Service" [stack: 0x0000004f54200000,0x0000004f54300000] [id=47360]

Threads with active compile tasks:
C2 CompilerThread0  8361535 8279   !   4       org.gradle.internal.concurrent.ManagedExecutorImpl$1::run (57 bytes)

VM state: at safepoint (normal execution)

VM Mutex/Monitor currently owned by a thread:  ([mutex/lock_event])
[0x000001e04b32e840] Threads_lock - owner thread: 0x000001e06c601d10
[0x000001e04cd8beb0] Heap_lock - owner thread: 0x000001e071d5d320

Heap address: 0x0000000080000000, size: 2048 MB, Compressed Oops mode: 32-bit

CDS archive(s) mapped at: [0x000001e000000000-0x000001e000bb0000-0x000001e000bb0000), size 12255232, SharedBaseAddress: 0x000001e000000000, ArchiveRelocationMode: 1.
Compressed class space mapped at: 0x000001e001000000-0x000001e01b000000, reserved size: 436207616
Narrow klass base: 0x000001e000000000, Narrow klass shift: 0, Narrow klass range: 0x100000000

GC Precious Log:
 CPUs: 16 total, 16 available
 Memory: 16088M
 Large Page Support: Disabled
 NUMA Support: Disabled
 Compressed Oops: Enabled (32-bit)
 Heap Region Size: 1M
 Heap Min Capacity: 8M
 Heap Initial Capacity: 252M
 Heap Max Capacity: 2G
 Pre-touch: Disabled
 Parallel Workers: 13
 Concurrent Workers: 3
 Concurrent Refinement Workers: 13
 Periodic GC: Disabled

Heap:
 garbage-first heap   total 129024K, used 55122K [0x0000000080000000, 0x0000000100000000)
  region size 1024K, 1 young (1024K), 1 survivors (1024K)
 Metaspace       used 58606K, committed 59264K, reserved 491520K
  class space    used 8120K, committed 8384K, reserved 425984K

Heap Regions: E=young(eden), S=young(survivor), O=old, HS=humongous(starts), HC=humongous(continues), CS=collection set, F=free, OA=open archive, CA=closed archive, TAMS=top-at-mark-start (previous, next)
|   0|0x0000000080000000, 0x0000000080100000, 0x0000000080100000|100%|HS|  |TAMS 0x0000000080100000, 0x0000000080100000| Complete 
|   1|0x0000000080100000, 0x0000000080200000, 0x0000000080200000|100%|HC|  |TAMS 0x0000000080200000, 0x0000000080200000| Complete 
|   2|0x0000000080200000, 0x0000000080300000, 0x0000000080300000|100%|HC|  |TAMS 0x0000000080300000, 0x0000000080300000| Complete 
|   3|0x0000000080300000, 0x0000000080400000, 0x0000000080400000|100%|HC|  |TAMS 0x0000000080400000, 0x0000000080400000| Complete 
|   4|0x0000000080400000, 0x0000000080500000, 0x0000000080500000|100%| O|  |TAMS 0x0000000080500000, 0x0000000080500000| Untracked 
|   5|0x0000000080500000, 0x0000000080600000, 0x0000000080600000|100%| O|  |TAMS 0x0000000080600000, 0x0000000080600000| Untracked 
|   6|0x0000000080600000, 0x0000000080700000, 0x0000000080700000|100%| O|  |TAMS 0x0000000080700000, 0x0000000080700000| Untracked 
|   7|0x0000000080700000, 0x0000000080800000, 0x0000000080800000|100%| O|  |TAMS 0x0000000080800000, 0x0000000080800000| Untracked 
|   8|0x0000000080800000, 0x0000000080900000, 0x0000000080900000|100%| O|  |TAMS 0x0000000080900000, 0x0000000080900000| Untracked 
|   9|0x0000000080900000, 0x0000000080a00000, 0x0000000080a00000|100%| O|  |TAMS 0x0000000080a00000, 0x0000000080a00000| Untracked 
|  10|0x0000000080a00000, 0x0000000080b00000, 0x0000000080b00000|100%| O|  |TAMS 0x0000000080b00000, 0x0000000080b00000| Untracked 
|  11|0x0000000080b00000, 0x0000000080c00000, 0x0000000080c00000|100%| O|  |TAMS 0x0000000080c00000, 0x0000000080c00000| Untracked 
|  12|0x0000000080c00000, 0x0000000080d00000, 0x0000000080d00000|100%| O|  |TAMS 0x0000000080d00000, 0x0000000080d00000| Untracked 
|  13|0x0000000080d00000, 0x0000000080e00000, 0x0000000080e00000|100%| O|  |TAMS 0x0000000080e00000, 0x0000000080e00000| Untracked 
|  14|0x0000000080e00000, 0x0000000080f00000, 0x0000000080f00000|100%| O|  |TAMS 0x0000000080f00000, 0x0000000080f00000| Untracked 
|  15|0x0000000080f00000, 0x0000000081000000, 0x0000000081000000|100%| O|  |TAMS 0x0000000081000000, 0x0000000081000000| Untracked 
|  16|0x0000000081000000, 0x0000000081100000, 0x0000000081100000|100%| O|  |TAMS 0x0000000081100000, 0x0000000081100000| Untracked 
|  17|0x0000000081100000, 0x0000000081200000, 0x0000000081200000|100%| O|  |TAMS 0x0000000081200000, 0x0000000081200000| Untracked 
|  18|0x0000000081200000, 0x0000000081300000, 0x0000000081300000|100%| O|  |TAMS 0x0000000081300000, 0x0000000081300000| Untracked 
|  19|0x0000000081300000, 0x00000000813a4200, 0x0000000081400000| 64%| O|  |TAMS 0x0000000081300000, 0x0000000081358400| Untracked 
|  20|0x0000000081400000, 0x0000000081500000, 0x0000000081500000|100%| O|  |TAMS 0x0000000081454e00, 0x0000000081500000| Untracked 
|  21|0x0000000081500000, 0x0000000081600000, 0x0000000081600000|100%| O|  |TAMS 0x0000000081600000, 0x0000000081600000| Untracked 
|  22|0x0000000081600000, 0x0000000081700000, 0x0000000081700000|100%| O|  |TAMS 0x0000000081700000, 0x0000000081700000| Untracked 
|  23|0x0000000081700000, 0x0000000081800000, 0x0000000081800000|100%| O|  |TAMS 0x0000000081800000, 0x0000000081800000| Untracked 
|  24|0x0000000081800000, 0x0000000081800000, 0x0000000081900000|  0%| F|  |TAMS 0x0000000081800000, 0x0000000081800000| Untracked 
|  25|0x0000000081900000, 0x0000000081a00000, 0x0000000081a00000|100%| O|  |TAMS 0x0000000081a00000, 0x0000000081a00000| Untracked 
|  26|0x0000000081a00000, 0x0000000081b00000, 0x0000000081b00000|100%| O|  |TAMS 0x0000000081b00000, 0x0000000081b00000| Untracked 
|  27|0x0000000081b00000, 0x0000000081c00000, 0x0000000081c00000|100%| O|  |TAMS 0x0000000081c00000, 0x0000000081c00000| Untracked 
|  28|0x0000000081c00000, 0x0000000081d00000, 0x0000000081d00000|100%| O|  |TAMS 0x0000000081d00000, 0x0000000081d00000| Untracked 
|  29|0x0000000081d00000, 0x0000000081e00000, 0x0000000081e00000|100%| O|  |TAMS 0x0000000081e00000, 0x0000000081e00000| Untracked 
|  30|0x0000000081e00000, 0x0000000081f00000, 0x0000000081f00000|100%| O|  |TAMS 0x0000000081f00000, 0x0000000081f00000| Untracked 
|  31|0x0000000081f00000, 0x0000000082000000, 0x0000000082000000|100%| O|  |TAMS 0x0000000082000000, 0x0000000082000000| Untracked 
|  32|0x0000000082000000, 0x0000000082100000, 0x0000000082100000|100%| O|  |TAMS 0x0000000082100000, 0x0000000082100000| Untracked 
|  33|0x0000000082100000, 0x0000000082200000, 0x0000000082200000|100%| O|  |TAMS 0x0000000082200000, 0x0000000082200000| Untracked 
|  34|0x0000000082200000, 0x0000000082300000, 0x0000000082300000|100%| O|  |TAMS 0x0000000082300000, 0x0000000082300000| Untracked 
|  35|0x0000000082300000, 0x0000000082400000, 0x0000000082400000|100%| O|  |TAMS 0x0000000082400000, 0x0000000082400000| Untracked 
|  36|0x0000000082400000, 0x0000000082500000, 0x0000000082500000|100%| O|  |TAMS 0x0000000082500000, 0x0000000082500000| Untracked 
|  37|0x0000000082500000, 0x0000000082600000, 0x0000000082600000|100%|HS|  |TAMS 0x0000000082600000, 0x0000000082600000| Complete 
|  38|0x0000000082600000, 0x0000000082700000, 0x0000000082700000|100%|HC|  |TAMS 0x0000000082700000, 0x0000000082700000| Complete 
|  39|0x0000000082700000, 0x0000000082800000, 0x0000000082800000|100%|HS|  |TAMS 0x0000000082800000, 0x0000000082800000| Complete 
|  40|0x0000000082800000, 0x0000000082900000, 0x0000000082900000|100%|HC|  |TAMS 0x0000000082900000, 0x0000000082900000| Complete 
|  41|0x0000000082900000, 0x0000000082a00000, 0x0000000082a00000|100%|HC|  |TAMS 0x0000000082a00000, 0x0000000082a00000| Complete 
|  42|0x0000000082a00000, 0x0000000082b00000, 0x0000000082b00000|100%|HC|  |TAMS 0x0000000082b00000, 0x0000000082b00000| Complete 
|  43|0x0000000082b00000, 0x0000000082c00000, 0x0000000082c00000|100%| O|  |TAMS 0x0000000082c00000, 0x0000000082c00000| Untracked 
|  44|0x0000000082c00000, 0x0000000082d00000, 0x0000000082d00000|100%| O|  |TAMS 0x0000000082d00000, 0x0000000082d00000| Untracked 
|  45|0x0000000082d00000, 0x0000000082e00000, 0x0000000082e00000|100%| O|  |TAMS 0x0000000082e00000, 0x0000000082e00000| Untracked 
|  46|0x0000000082e00000, 0x0000000082f00000, 0x0000000082f00000|100%| O|  |TAMS 0x0000000082f00000, 0x0000000082f00000| Untracked 
|  47|0x0000000082f00000, 0x0000000083000000, 0x0000000083000000|100%| O|  |TAMS 0x0000000083000000, 0x0000000083000000| Untracked 
|  48|0x0000000083000000, 0x0000000083100000, 0x0000000083100000|100%| O|  |TAMS 0x0000000083100000, 0x0000000083100000| Untracked 
|  49|0x0000000083100000, 0x0000000083200000, 0x0000000083200000|100%| O|  |TAMS 0x0000000083200000, 0x0000000083200000| Untracked 
|  50|0x0000000083200000, 0x0000000083300000, 0x0000000083300000|100%| O|  |TAMS 0x0000000083300000, 0x0000000083300000| Untracked 
|  51|0x0000000083300000, 0x0000000083400000, 0x0000000083400000|100%| O|  |TAMS 0x0000000083400000, 0x0000000083400000| Untracked 
|  52|0x0000000083400000, 0x0000000083500000, 0x0000000083500000|100%| O|  |TAMS 0x0000000083500000, 0x0000000083500000| Untracked 
|  53|0x0000000083500000, 0x0000000083600000, 0x0000000083600000|100%| O|  |TAMS 0x0000000083600000, 0x0000000083600000| Untracked 
|  54|0x0000000083600000, 0x0000000083700000, 0x0000000083700000|100%| O|  |TAMS 0x0000000083700000, 0x0000000083700000| Untracked 
|  55|0x0000000083700000, 0x0000000083700000, 0x0000000083800000|  0%| F|  |TAMS 0x0000000083700000, 0x0000000083700000| Untracked 
|  56|0x0000000083800000, 0x0000000083800000, 0x0000000083900000|  0%| F|  |TAMS 0x0000000083800000, 0x0000000083800000| Untracked 
|  57|0x0000000083900000, 0x0000000083900000, 0x0000000083a00000|  0%| F|  |TAMS 0x0000000083900000, 0x0000000083900000| Untracked 
|  58|0x0000000083a00000, 0x0000000083a00000, 0x0000000083b00000|  0%| F|  |TAMS 0x0000000083a00000, 0x0000000083a00000| Untracked 
|  59|0x0000000083b00000, 0x0000000083b00000, 0x0000000083c00000|  0%| F|  |TAMS 0x0000000083b00000, 0x0000000083b00000| Untracked 
|  60|0x0000000083c00000, 0x0000000083c00000, 0x0000000083d00000|  0%| F|  |TAMS 0x0000000083c00000, 0x0000000083c00000| Untracked 
|  61|0x0000000083d00000, 0x0000000083d00000, 0x0000000083e00000|  0%| F|  |TAMS 0x0000000083d00000, 0x0000000083d00000| Untracked 
|  62|0x0000000083e00000, 0x0000000083e00000, 0x0000000083f00000|  0%| F|  |TAMS 0x0000000083e00000, 0x0000000083e00000| Untracked 
|  63|0x0000000083f00000, 0x0000000083f00000, 0x0000000084000000|  0%| F|  |TAMS 0x0000000083f00000, 0x0000000083f00000| Untracked 
|  64|0x0000000084000000, 0x0000000084000000, 0x0000000084100000|  0%| F|  |TAMS 0x0000000084000000, 0x0000000084000000| Untracked 
|  65|0x0000000084100000, 0x0000000084100000, 0x0000000084200000|  0%| F|  |TAMS 0x0000000084100000, 0x0000000084100000| Untracked 
|  66|0x0000000084200000, 0x0000000084200000, 0x0000000084300000|  0%| F|  |TAMS 0x0000000084200000, 0x0000000084200000| Untracked 
|  67|0x0000000084300000, 0x0000000084300000, 0x0000000084400000|  0%| F|  |TAMS 0x0000000084300000, 0x0000000084300000| Untracked 
|  68|0x0000000084400000, 0x0000000084400000, 0x0000000084500000|  0%| F|  |TAMS 0x0000000084400000, 0x0000000084400000| Untracked 
|  69|0x0000000084500000, 0x0000000084500000, 0x0000000084600000|  0%| F|  |TAMS 0x0000000084500000, 0x0000000084500000| Untracked 
|  70|0x0000000084600000, 0x0000000084600000, 0x0000000084700000|  0%| F|  |TAMS 0x0000000084600000, 0x0000000084600000| Untracked 
|  71|0x0000000084700000, 0x0000000084700000, 0x0000000084800000|  0%| F|  |TAMS 0x0000000084700000, 0x0000000084700000| Untracked 
|  72|0x0000000084800000, 0x0000000084800000, 0x0000000084900000|  0%| F|  |TAMS 0x0000000084800000, 0x0000000084800000| Untracked 
|  73|0x0000000084900000, 0x0000000084900000, 0x0000000084a00000|  0%| F|  |TAMS 0x0000000084900000, 0x0000000084900000| Untracked 
|  74|0x0000000084a00000, 0x0000000084a00000, 0x0000000084b00000|  0%| F|  |TAMS 0x0000000084a00000, 0x0000000084a00000| Untracked 
|  75|0x0000000084b00000, 0x0000000084b00000, 0x0000000084c00000|  0%| F|  |TAMS 0x0000000084b00000, 0x0000000084b00000| Untracked 
|  76|0x0000000084c00000, 0x0000000084c00000, 0x0000000084d00000|  0%| F|  |TAMS 0x0000000084c00000, 0x0000000084c00000| Untracked 
|  77|0x0000000084d00000, 0x0000000084d00000, 0x0000000084e00000|  0%| F|  |TAMS 0x0000000084d00000, 0x0000000084d00000| Untracked 
|  78|0x0000000084e00000, 0x0000000084e00000, 0x0000000084f00000|  0%| F|  |TAMS 0x0000000084e00000, 0x0000000084e00000| Untracked 
|  79|0x0000000084f00000, 0x0000000084f00000, 0x0000000085000000|  0%| F|  |TAMS 0x0000000084f00000, 0x0000000084f00000| Untracked 
|  80|0x0000000085000000, 0x0000000085000000, 0x0000000085100000|  0%| F|  |TAMS 0x0000000085000000, 0x0000000085000000| Untracked 
|  81|0x0000000085100000, 0x0000000085100000, 0x0000000085200000|  0%| F|  |TAMS 0x0000000085100000, 0x0000000085100000| Untracked 
|  82|0x0000000085200000, 0x0000000085200000, 0x0000000085300000|  0%| F|  |TAMS 0x0000000085200000, 0x0000000085200000| Untracked 
|  83|0x0000000085300000, 0x0000000085300000, 0x0000000085400000|  0%| F|  |TAMS 0x0000000085300000, 0x0000000085300000| Untracked 
|  84|0x0000000085400000, 0x0000000085400000, 0x0000000085500000|  0%| F|  |TAMS 0x0000000085400000, 0x0000000085400000| Untracked 
|  85|0x0000000085500000, 0x0000000085500000, 0x0000000085600000|  0%| F|  |TAMS 0x0000000085500000, 0x0000000085500000| Untracked 
|  86|0x0000000085600000, 0x0000000085600000, 0x0000000085700000|  0%| F|  |TAMS 0x0000000085600000, 0x0000000085600000| Untracked 
|  87|0x0000000085700000, 0x0000000085700000, 0x0000000085800000|  0%| F|  |TAMS 0x0000000085700000, 0x0000000085700000| Untracked 
|  88|0x0000000085800000, 0x0000000085800000, 0x0000000085900000|  0%| F|  |TAMS 0x0000000085800000, 0x0000000085800000| Untracked 
|  89|0x0000000085900000, 0x0000000085900000, 0x0000000085a00000|  0%| F|  |TAMS 0x0000000085900000, 0x0000000085900000| Untracked 
|  90|0x0000000085a00000, 0x0000000085a00000, 0x0000000085b00000|  0%| F|  |TAMS 0x0000000085a00000, 0x0000000085a00000| Untracked 
|  91|0x0000000085b00000, 0x0000000085b00000, 0x0000000085c00000|  0%| F|  |TAMS 0x0000000085b00000, 0x0000000085b00000| Untracked 
|  92|0x0000000085c00000, 0x0000000085c00000, 0x0000000085d00000|  0%| F|  |TAMS 0x0000000085c00000, 0x0000000085c00000| Untracked 
|  93|0x0000000085d00000, 0x0000000085d00000, 0x0000000085e00000|  0%| F|  |TAMS 0x0000000085d00000, 0x0000000085d00000| Untracked 
|  94|0x0000000085e00000, 0x0000000085e00000, 0x0000000085f00000|  0%| F|  |TAMS 0x0000000085e00000, 0x0000000085e00000| Untracked 
|  95|0x0000000085f00000, 0x0000000085f00000, 0x0000000086000000|  0%| F|  |TAMS 0x0000000085f00000, 0x0000000085f00000| Untracked 
|  96|0x0000000086000000, 0x0000000086000000, 0x0000000086100000|  0%| F|  |TAMS 0x0000000086000000, 0x0000000086000000| Untracked 
|  97|0x0000000086100000, 0x0000000086100000, 0x0000000086200000|  0%| F|  |TAMS 0x0000000086100000, 0x0000000086100000| Untracked 
|  98|0x0000000086200000, 0x0000000086200000, 0x0000000086300000|  0%| F|  |TAMS 0x0000000086200000, 0x0000000086200000| Untracked 
|  99|0x0000000086300000, 0x0000000086300000, 0x0000000086400000|  0%| F|  |TAMS 0x0000000086300000, 0x0000000086300000| Untracked 
| 100|0x0000000086400000, 0x0000000086400000, 0x0000000086500000|  0%| F|  |TAMS 0x0000000086400000, 0x0000000086400000| Untracked 
| 101|0x0000000086500000, 0x0000000086500000, 0x0000000086600000|  0%| F|  |TAMS 0x0000000086500000, 0x0000000086500000| Untracked 
| 102|0x0000000086600000, 0x0000000086600000, 0x0000000086700000|  0%| F|  |TAMS 0x0000000086600000, 0x0000000086600000| Untracked 
| 103|0x0000000086700000, 0x0000000086700000, 0x0000000086800000|  0%| F|  |TAMS 0x0000000086700000, 0x0000000086700000| Untracked 
| 104|0x0000000086800000, 0x0000000086800000, 0x0000000086900000|  0%| F|  |TAMS 0x0000000086800000, 0x0000000086800000| Untracked 
| 105|0x0000000086900000, 0x0000000086900000, 0x0000000086a00000|  0%| F|  |TAMS 0x0000000086900000, 0x0000000086900000| Untracked 
| 106|0x0000000086a00000, 0x0000000086a00000, 0x0000000086b00000|  0%| F|  |TAMS 0x0000000086a00000, 0x0000000086a00000| Untracked 
| 107|0x0000000086b00000, 0x0000000086b00000, 0x0000000086c00000|  0%| F|  |TAMS 0x0000000086b00000, 0x0000000086b00000| Untracked 
| 108|0x0000000086c00000, 0x0000000086c00000, 0x0000000086d00000|  0%| F|  |TAMS 0x0000000086c00000, 0x0000000086c00000| Untracked 
| 109|0x0000000086d00000, 0x0000000086d00000, 0x0000000086e00000|  0%| F|  |TAMS 0x0000000086d00000, 0x0000000086d00000| Untracked 
| 110|0x0000000086e00000, 0x0000000086e00000, 0x0000000086f00000|  0%| F|  |TAMS 0x0000000086e00000, 0x0000000086e00000| Untracked 
| 111|0x0000000086f00000, 0x0000000086f00000, 0x0000000087000000|  0%| F|  |TAMS 0x0000000086f00000, 0x0000000086f00000| Untracked 
| 112|0x0000000087000000, 0x0000000087000000, 0x0000000087100000|  0%| F|  |TAMS 0x0000000087000000, 0x0000000087000000| Untracked 
| 113|0x0000000087100000, 0x0000000087100000, 0x0000000087200000|  0%| F|  |TAMS 0x0000000087100000, 0x0000000087100000| Untracked 
| 114|0x0000000087200000, 0x0000000087200000, 0x0000000087300000|  0%| F|  |TAMS 0x0000000087200000, 0x0000000087200000| Untracked 
| 115|0x0000000087300000, 0x0000000087300000, 0x0000000087400000|  0%| F|  |TAMS 0x0000000087300000, 0x0000000087300000| Untracked 
| 116|0x0000000087400000, 0x0000000087400000, 0x0000000087500000|  0%| F|  |TAMS 0x0000000087400000, 0x0000000087400000| Untracked 
| 117|0x0000000087500000, 0x0000000087500000, 0x0000000087600000|  0%| F|  |TAMS 0x0000000087500000, 0x0000000087500000| Untracked 
| 118|0x0000000087600000, 0x0000000087600000, 0x0000000087700000|  0%| F|  |TAMS 0x0000000087600000, 0x0000000087600000| Untracked 
| 119|0x0000000087700000, 0x00000000877307e8, 0x0000000087800000| 18%| S|CS|TAMS 0x0000000087700000, 0x0000000087700000| Complete 
| 120|0x0000000087800000, 0x0000000087800000, 0x0000000087900000|  0%| F|  |TAMS 0x0000000087800000, 0x0000000087800000| Untracked 
| 121|0x0000000087900000, 0x0000000087900000, 0x0000000087a00000|  0%| F|  |TAMS 0x0000000087900000, 0x0000000087900000| Untracked 
| 237|0x000000008ed00000, 0x000000008ed00000, 0x000000008ee00000|  0%| F|  |TAMS 0x000000008ed00000, 0x000000008ed00000| Untracked 
| 238|0x000000008ee00000, 0x000000008ee00000, 0x000000008ef00000|  0%| F|  |TAMS 0x000000008ee00000, 0x000000008ee00000| Untracked 
| 239|0x000000008ef00000, 0x000000008ef00000, 0x000000008f000000|  0%| F|  |TAMS 0x000000008ef00000, 0x000000008ef00000| Untracked 
| 251|0x000000008fb00000, 0x000000008fb00000, 0x000000008fc00000|  0%| F|  |TAMS 0x000000008fb00000, 0x000000008fb00000| Untracked 

Card table byte_map: [0x000001e064cd0000,0x000001e0650d0000] _byte_map_base: 0x000001e0648d0000

Marking Bits (Prev, Next): (CMBitMap*) 0x000001e04cdf0690, (CMBitMap*) 0x000001e04cdf06d0
 Prev Bits: [0x000001e0654d0000, 0x000001e0674d0000)
 Next Bits: [0x000001e0674d0000, 0x000001e0694d0000)

Polling page: 0x000001e04b500000

Metaspace:

Usage:
  Non-class:     49.30 MB used.
      Class:      7.93 MB used.
       Both:     57.23 MB used.

Virtual space:
  Non-class space:       64.00 MB reserved,      49.69 MB ( 78%) committed,  1 nodes.
      Class space:      416.00 MB reserved,       8.19 MB (  2%) committed,  1 nodes.
             Both:      480.00 MB reserved,      57.88 MB ( 12%) committed. 

Chunk freelists:
   Non-Class:  13.53 MB
       Class:  7.77 MB
        Both:  21.30 MB

MaxMetaspaceSize: 512.00 MB
CompressedClassSpaceSize: 416.00 MB
Initial GC threshold: 21.00 MB
Current GC threshold: 96.19 MB
CDS: on
MetaspaceReclaimPolicy: balanced
 - commit_granule_bytes: 65536.
 - commit_granule_words: 8192.
 - virtual_space_node_default_size: 8388608.
 - enlarge_chunks_in_place: 1.
 - new_chunks_are_fully_committed: 0.
 - uncommit_free_chunks: 1.
 - use_allocation_guard: 0.
 - handle_deallocations: 1.


Internal statistics:

num_allocs_failed_limit: 6.
num_arena_births: 704.
num_arena_deaths: 0.
num_vsnodes_births: 2.
num_vsnodes_deaths: 0.
num_space_committed: 926.
num_space_uncommitted: 0.
num_chunks_returned_to_freelist: 6.
num_chunks_taken_from_freelist: 3015.
num_chunk_merges: 6.
num_chunk_splits: 2024.
num_chunks_enlarged: 1376.
num_inconsistent_stats: 0.

CodeHeap 'non-profiled nmethods': size=119168Kb used=4661Kb max_used=4661Kb free=114507Kb
 bounds [0x000001e05c490000, 0x000001e05c920000, 0x000001e0638f0000]
CodeHeap 'profiled nmethods': size=119104Kb used=14568Kb max_used=14568Kb free=104535Kb
 bounds [0x000001e0548f0000, 0x000001e055730000, 0x000001e05bd40000]
CodeHeap 'non-nmethods': size=7488Kb used=2354Kb max_used=4085Kb free=5133Kb
 bounds [0x000001e05bd40000, 0x000001e05c150000, 0x000001e05c490000]
 total_blobs=8318 nmethods=7437 adapters=793
 compilation: enabled
              stopped_count=0, restarted_count=0
 full_count=0

Compilation events (20 events):
Event: 8314.335 Thread 0x000001e06975b900 nmethod 8272 0x000001e05c91a610 code [0x000001e05c91a780, 0x000001e05c91a8f8]
Event: 8314.440 Thread 0x000001e06975b900 8273   !   4       java.util.concurrent.ThreadPoolExecutor::getTask (177 bytes)
Event: 8315.221 Thread 0x000001e06979e800 8275   !   3       org.gradle.launcher.daemon.registry.PersistentDaemonRegistry::getAll (73 bytes)
Event: 8315.878 Thread 0x000001e06979e800 nmethod 8275 0x000001e055727690 code [0x000001e055727920, 0x000001e0557286c8]
Event: 8316.307 Thread 0x000001e06975b900 nmethod 8273 0x000001e05c91a990 code [0x000001e05c91ac00, 0x000001e05c91bd80]
Event: 8316.307 Thread 0x000001e06975b900 8274       4       java.util.concurrent.ScheduledThreadPoolExecutor$DelayedWorkQueue::finishPoll (43 bytes)
Event: 8316.313 Thread 0x000001e06975b900 nmethod 8274 0x000001e05c91cb90 code [0x000001e05c91cd20, 0x000001e05c91ce98]
Event: 8319.320 Thread 0x000001e06979e800 8276       3       org.gradle.util.GradleVersion::current (4 bytes)
Event: 8319.324 Thread 0x000001e06979e800 nmethod 8276 0x000001e055728c10 code [0x000001e055728da0, 0x000001e055728ef8]
Event: 8319.324 Thread 0x000001e06979e800 8277       3       org.gradle.util.internal.DefaultGradleVersion::current (4 bytes)
Event: 8319.325 Thread 0x000001e06979e800 nmethod 8277 0x000001e055728f90 code [0x000001e055729120, 0x000001e055729218]
Event: 8320.649 Thread 0x000001e06975b900 8278       4       java.util.concurrent.locks.ReentrantLock$Sync::tryLock (63 bytes)
Event: 8321.049 Thread 0x000001e06975b900 nmethod 8278 0x000001e05c91d010 code [0x000001e05c91d180, 0x000001e05c91d358]
Event: 8324.744 Thread 0x000001e06975b900 8279   !   4       org.gradle.internal.concurrent.ManagedExecutorImpl$1::run (57 bytes)
Event: 8335.200 Thread 0x000001e06979e800 8287       3       java.util.LinkedHashMap$LinkedValues::toArray (18 bytes)
Event: 8349.310 Thread 0x000001e06979e800 nmethod 8287 0x000001e055729290 code [0x000001e055729440, 0x000001e055729628]
Event: 8349.314 Thread 0x000001e06979e800 8289       3       org.gradle.cache.internal.SimpleStateCache$1::<init> (10 bytes)
Event: 8349.360 Thread 0x000001e06979e800 nmethod 8289 0x000001e055729710 code [0x000001e0557298a0, 0x000001e055729a78]
Event: 8349.360 Thread 0x000001e06979e800 8288       3       org.gradle.cache.internal.SimpleStateCache::get (18 bytes)
Event: 8349.413 Thread 0x000001e06979e800 nmethod 8288 0x000001e055729b90 code [0x000001e055729d40, 0x000001e05572a088]

GC Heap History (20 events):
Event: 976.061 GC heap after
{Heap after GC invocations=35 (full 0):
 garbage-first heap   total 107520K, used 54999K [0x0000000080000000, 0x0000000100000000)
  region size 1024K, 1 young (1024K), 1 survivors (1024K)
 Metaspace       used 58414K, committed 59072K, reserved 491520K
  class space    used 8109K, committed 8384K, reserved 425984K
}
Event: 1062.364 GC heap before
{Heap before GC invocations=36 (full 0):
 garbage-first heap   total 107520K, used 86743K [0x0000000080000000, 0x0000000100000000)
  region size 1024K, 32 young (32768K), 1 survivors (1024K)
 Metaspace       used 58429K, committed 59072K, reserved 491520K
  class space    used 8109K, committed 8384K, reserved 425984K
}
Event: 1062.378 GC heap after
{Heap after GC invocations=37 (full 0):
 garbage-first heap   total 107520K, used 55140K [0x0000000080000000, 0x0000000100000000)
  region size 1024K, 1 young (1024K), 1 survivors (1024K)
 Metaspace       used 58429K, committed 59072K, reserved 491520K
  class space    used 8109K, committed 8384K, reserved 425984K
}
Event: 1073.945 GC heap before
{Heap before GC invocations=37 (full 0):
 garbage-first heap   total 107520K, used 59236K [0x0000000080000000, 0x0000000100000000)
  region size 1024K, 5 young (5120K), 1 survivors (1024K)
 Metaspace       used 58430K, committed 59072K, reserved 491520K
  class space    used 8109K, committed 8384K, reserved 425984K
}
Event: 1073.968 GC heap after
{Heap after GC invocations=38 (full 0):
 garbage-first heap   total 107520K, used 55112K [0x0000000080000000, 0x0000000100000000)
  region size 1024K, 1 young (1024K), 1 survivors (1024K)
 Metaspace       used 58430K, committed 59072K, reserved 491520K
  class space    used 8109K, committed 8384K, reserved 425984K
}
Event: 1161.089 GC heap before
{Heap before GC invocations=38 (full 0):
 garbage-first heap   total 107520K, used 88904K [0x0000000080000000, 0x0000000100000000)
  region size 1024K, 34 young (34816K), 1 survivors (1024K)
 Metaspace       used 58439K, committed 59072K, reserved 491520K
  class space    used 8109K, committed 8384K, reserved 425984K
}
Event: 1161.139 GC heap after
{Heap after GC invocations=39 (full 0):
 garbage-first heap   total 107520K, used 55403K [0x0000000080000000, 0x0000000100000000)
  region size 1024K, 1 young (1024K), 1 survivors (1024K)
 Metaspace       used 58439K, committed 59072K, reserved 491520K
  class space    used 8109K, committed 8384K, reserved 425984K
}
Event: 1698.090 GC heap before
{Heap before GC invocations=40 (full 0):
 garbage-first heap   total 107520K, used 90219K [0x0000000080000000, 0x0000000100000000)
  region size 1024K, 35 young (35840K), 1 survivors (1024K)
 Metaspace       used 58482K, committed 59136K, reserved 491520K
  class space    used 8112K, committed 8384K, reserved 425984K
}
Event: 1698.224 GC heap after
{Heap after GC invocations=41 (full 0):
 garbage-first heap   total 129024K, used 55605K [0x0000000080000000, 0x0000000100000000)
  region size 1024K, 1 young (1024K), 1 survivors (1024K)
 Metaspace       used 58482K, committed 59136K, reserved 491520K
  class space    used 8112K, committed 8384K, reserved 425984K
}
Event: 1700.252 GC heap before
{Heap before GC invocations=41 (full 0):
 garbage-first heap   total 129024K, used 60725K [0x0000000080000000, 0x0000000100000000)
  region size 1024K, 6 young (6144K), 1 survivors (1024K)
 Metaspace       used 58492K, committed 59136K, reserved 491520K
  class space    used 8113K, committed 8384K, reserved 425984K
}
Event: 1700.287 GC heap after
{Heap after GC invocations=42 (full 0):
 garbage-first heap   total 129024K, used 55147K [0x0000000080000000, 0x0000000100000000)
  region size 1024K, 1 young (1024K), 1 survivors (1024K)
 Metaspace       used 58492K, committed 59136K, reserved 491520K
  class space    used 8113K, committed 8384K, reserved 425984K
}
Event: 8325.078 GC heap before
{Heap before GC invocations=42 (full 0):
 garbage-first heap   total 129024K, used 107371K [0x0000000080000000, 0x0000000100000000)
  region size 1024K, 52 young (53248K), 1 survivors (1024K)
 Metaspace       used 58603K, committed 59264K, reserved 491520K
  class space    used 8120K, committed 8384K, reserved 425984K
}
Event: 8327.239 GC heap after
{Heap after GC invocations=43 (full 0):
 garbage-first heap   total 129024K, used 55232K [0x0000000080000000, 0x0000000100000000)
  region size 1024K, 1 young (1024K), 1 survivors (1024K)
 Metaspace       used 58603K, committed 59264K, reserved 491520K
  class space    used 8120K, committed 8384K, reserved 425984K
}
Event: 8328.901 GC heap before
{Heap before GC invocations=43 (full 0):
 garbage-first heap   total 129024K, used 60352K [0x0000000080000000, 0x0000000100000000)
  region size 1024K, 6 young (6144K), 1 survivors (1024K)
 Metaspace       used 58605K, committed 59264K, reserved 491520K
  class space    used 8120K, committed 8384K, reserved 425984K
}
Event: 8334.599 GC heap after
{Heap after GC invocations=44 (full 0):
 garbage-first heap   total 129024K, used 55142K [0x0000000080000000, 0x0000000100000000)
  region size 1024K, 1 young (1024K), 1 survivors (1024K)
 Metaspace       used 58605K, committed 59264K, reserved 491520K
  class space    used 8120K, committed 8384K, reserved 425984K
}
Event: 8348.018 GC heap before
{Heap before GC invocations=44 (full 0):
 garbage-first heap   total 129024K, used 60262K [0x0000000080000000, 0x0000000100000000)
  region size 1024K, 6 young (6144K), 1 survivors (1024K)
 Metaspace       used 58606K, committed 59264K, reserved 491520K
  class space    used 8120K, committed 8384K, reserved 425984K
}
Event: 8349.308 GC heap after
{Heap after GC invocations=45 (full 0):
 garbage-first heap   total 129024K, used 55154K [0x0000000080000000, 0x0000000100000000)
  region size 1024K, 1 young (1024K), 1 survivors (1024K)
 Metaspace       used 58606K, committed 59264K, reserved 491520K
  class space    used 8120K, committed 8384K, reserved 425984K
}
Event: 8350.781 GC heap before
{Heap before GC invocations=45 (full 0):
 garbage-first heap   total 129024K, used 60274K [0x0000000080000000, 0x0000000100000000)
  region size 1024K, 6 young (6144K), 1 survivors (1024K)
 Metaspace       used 58606K, committed 59264K, reserved 491520K
  class space    used 8120K, committed 8384K, reserved 425984K
}
Event: 8353.006 GC heap after
{Heap after GC invocations=46 (full 0):
 garbage-first heap   total 129024K, used 55126K [0x0000000080000000, 0x0000000100000000)
  region size 1024K, 1 young (1024K), 1 survivors (1024K)
 Metaspace       used 58606K, committed 59264K, reserved 491520K
  class space    used 8120K, committed 8384K, reserved 425984K
}
Event: 8354.725 GC heap before
{Heap before GC invocations=46 (full 0):
 garbage-first heap   total 129024K, used 60246K [0x0000000080000000, 0x0000000100000000)
  region size 1024K, 6 young (6144K), 1 survivors (1024K)
 Metaspace       used 58606K, committed 59264K, reserved 491520K
  class space    used 8120K, committed 8384K, reserved 425984K
}

Dll operation events (13 events):
Event: 0.185 Loaded shared library C:\Program Files\Eclipse Adoptium\jdk-17.0.15.6-hotspot\bin\java.dll
Event: 0.676 Loaded shared library C:\Program Files\Eclipse Adoptium\jdk-17.0.15.6-hotspot\bin\jsvml.dll
Event: 2.842 Loaded shared library C:\Program Files\Eclipse Adoptium\jdk-17.0.15.6-hotspot\bin\net.dll
Event: 3.398 Loaded shared library C:\Program Files\Eclipse Adoptium\jdk-17.0.15.6-hotspot\bin\nio.dll
Event: 3.410 Loaded shared library C:\Program Files\Eclipse Adoptium\jdk-17.0.15.6-hotspot\bin\zip.dll
Event: 7.689 Loaded shared library C:\Program Files\Eclipse Adoptium\jdk-17.0.15.6-hotspot\bin\jimage.dll
Event: 10.011 Loaded shared library C:\Program Files\Eclipse Adoptium\jdk-17.0.15.6-hotspot\bin\verify.dll
Event: 13.802 Loaded shared library C:\Users\karth\.gradle\native\68d5fa5c4cc2d200863cafc0d521ce42e7d3e7ee720ec0a83991735586a16f82\windows-amd64\native-platform.dll
Event: 13.885 Loaded shared library C:\Users\karth\.gradle\native\e376f236ea51e6404a007f0833ffe2c6e607c4080706a723a18a27aeea778392\windows-amd64\native-platform-file-events.dll
Event: 55.960 Loaded shared library C:\Program Files\Eclipse Adoptium\jdk-17.0.15.6-hotspot\bin\management.dll
Event: 56.495 Loaded shared library C:\Program Files\Eclipse Adoptium\jdk-17.0.15.6-hotspot\bin\management_ext.dll
Event: 70.664 Loaded shared library C:\Program Files\Eclipse Adoptium\jdk-17.0.15.6-hotspot\bin\extnet.dll
Event: 186.225 Loaded shared library C:\Program Files\Eclipse Adoptium\jdk-17.0.15.6-hotspot\bin\sunmscapi.dll

Deoptimization events (20 events):
Event: 896.094 Thread 0x000001e0723b42a0 Uncommon trap: trap_request=0xffffff45 fr.pc=0x000001e05c4cbef0 relative=0x0000000000000630
Event: 896.094 Thread 0x000001e0723b42a0 Uncommon trap: reason=unstable_if action=reinterpret pc=0x000001e05c4cbef0 method=java.lang.AbstractStringBuilder.append(Ljava/lang/String;)Ljava/lang/AbstractStringBuilder; @ 1 c2
Event: 896.094 Thread 0x000001e0723b42a0 DEOPT PACKING pc=0x000001e05c4cbef0 sp=0x0000004f55cfe2d0
Event: 896.095 Thread 0x000001e0723b42a0 DEOPT UNPACKING pc=0x000001e05bd969a3 sp=0x0000004f55cfe2b8 mode 2
Event: 1054.216 Thread 0x000001e0724822f0 DEOPT PACKING pc=0x000001e0549cadb0 sp=0x0000004f55bf7800
Event: 1054.218 Thread 0x000001e0724822f0 DEOPT UNPACKING pc=0x000001e05bd97143 sp=0x0000004f55bf6cc0 mode 0
Event: 1137.543 Thread 0x000001e0724822f0 DEOPT PACKING pc=0x000001e0549b1a9b sp=0x0000004f55bf7b20
Event: 1137.544 Thread 0x000001e0724822f0 DEOPT UNPACKING pc=0x000001e05bd97143 sp=0x0000004f55bf7040 mode 0
Event: 1137.544 Thread 0x000001e0724822f0 Uncommon trap: trap_request=0xffffff45 fr.pc=0x000001e05c4bc864 relative=0x0000000000000064
Event: 1137.544 Thread 0x000001e0724822f0 Uncommon trap: reason=unstable_if action=reinterpret pc=0x000001e05c4bc864 method=java.io.WinNTFileSystem.isSlash(C)Z @ 9 c2
Event: 1137.544 Thread 0x000001e0724822f0 DEOPT PACKING pc=0x000001e05c4bc864 sp=0x0000004f55bf7b40
Event: 1137.545 Thread 0x000001e0724822f0 DEOPT UNPACKING pc=0x000001e05bd969a3 sp=0x0000004f55bf7ac8 mode 2
Event: 1692.200 Thread 0x000001e0724822f0 Uncommon trap: trap_request=0xffffff45 fr.pc=0x000001e05c5e05c4 relative=0x0000000000000124
Event: 1692.200 Thread 0x000001e0724822f0 Uncommon trap: reason=unstable_if action=reinterpret pc=0x000001e05c5e05c4 method=org.gradle.internal.time.DefaultCountdownTimer.hasExpired()Z @ 6 c2
Event: 1692.201 Thread 0x000001e0724822f0 DEOPT PACKING pc=0x000001e05c5e05c4 sp=0x0000004f55bf7de0
Event: 1692.204 Thread 0x000001e0724822f0 DEOPT UNPACKING pc=0x000001e05bd969a3 sp=0x0000004f55bf7da8 mode 2
Event: 1692.205 Thread 0x000001e0724822f0 Uncommon trap: trap_request=0xffffff45 fr.pc=0x000001e05c5e8708 relative=0x0000000000006168
Event: 1692.205 Thread 0x000001e0724822f0 Uncommon trap: reason=unstable_if action=reinterpret pc=0x000001e05c5e8708 method=org.gradle.internal.io.ExponentialBackoff.retryUntil(Lorg/gradle/internal/io/IOQuery;)Ljava/lang/Object; @ 25 c2
Event: 1692.205 Thread 0x000001e0724822f0 DEOPT PACKING pc=0x000001e05c5e8708 sp=0x0000004f55bf7e40
Event: 1692.207 Thread 0x000001e0724822f0 DEOPT UNPACKING pc=0x000001e05bd969a3 sp=0x0000004f55bf7ec8 mode 2

Classes loaded (20 events):
Event: 866.445 Loading class java/util/regex/Pattern$SliceI
Event: 866.445 Loading class java/util/regex/Pattern$SliceI done
Event: 868.799 Loading class jdk/internal/loader/URLClassPath$FileLoader
Event: 868.800 Loading class jdk/internal/loader/URLClassPath$FileLoader done
Event: 868.812 Loading class jdk/internal/loader/URLClassPath$FileLoader$1
Event: 868.812 Loading class jdk/internal/loader/URLClassPath$FileLoader$1 done
Event: 869.341 Loading class java/lang/AbstractMethodError
Event: 869.341 Loading class java/lang/AbstractMethodError done
Event: 869.422 Loading class java/time/temporal/WeekFields
Event: 869.423 Loading class java/time/temporal/WeekFields done
Event: 869.424 Loading class java/time/temporal/WeekFields$ComputedDayOfField
Event: 869.426 Loading class java/time/temporal/WeekFields$ComputedDayOfField done
Event: 869.431 Loading class java/time/Month$1
Event: 869.431 Loading class java/time/Month$1 done
Event: 869.436 Loading class java/nio/channels/Channels
Event: 869.437 Loading class java/nio/channels/Channels done
Event: 869.437 Loading class java/nio/channels/Channels$1
Event: 869.437 Loading class java/nio/channels/Channels$1 done
Event: 8309.245 Loading class java/util/regex/Pattern$Pos
Event: 8309.510 Loading class java/util/regex/Pattern$Pos done

Classes unloaded (0 events):
No events

Classes redefined (0 events):
No events

Internal exceptions (20 events):
Event: 869.608 Thread 0x000001e0724822f0 Exception <a 'java/lang/ClassNotFoundException'{0x0000000085308490}: org/gradle/api/internal/initialization/DefaultScriptHandlerBeanInfo> (0x0000000085308490) 
thrown [s\src\hotspot\share\classfile\systemDictionary.cpp, line 256]
Event: 869.609 Thread 0x000001e0724822f0 Exception <a 'java/lang/ClassNotFoundException'{0x0000000085319df0}: org/gradle/api/internal/initialization/DefaultScriptHandlerCustomizer> (0x0000000085319df0) 
thrown [s\src\hotspot\share\classfile\systemDictionary.cpp, line 256]
Event: 869.634 Thread 0x000001e0724822f0 Exception <a 'java/lang/ClassNotFoundException'{0x0000000084f29320}: org/gradle/api/internal/artifacts/dsl/DefaultRepositoryHandler_DecoratedBeanInfo> (0x0000000084f29320) 
thrown [s\src\hotspot\share\classfile\systemDictionary.cpp, line 256]
Event: 869.634 Thread 0x000001e0724822f0 Exception <a 'java/lang/ClassNotFoundException'{0x0000000084f41500}: org/gradle/api/internal/artifacts/dsl/DefaultRepositoryHandlerBeanInfo> (0x0000000084f41500) 
thrown [s\src\hotspot\share\classfile\systemDictionary.cpp, line 256]
Event: 869.635 Thread 0x000001e0724822f0 Exception <a 'java/lang/ClassNotFoundException'{0x0000000084f59ed0}: org/gradle/api/internal/artifacts/DefaultArtifactRepositoryContainerBeanInfo> (0x0000000084f59ed0) 
thrown [s\src\hotspot\share\classfile\systemDictionary.cpp, line 256]
Event: 869.636 Thread 0x000001e0724822f0 Exception <a 'java/lang/ClassNotFoundException'{0x0000000084f6ea88}: org/gradle/api/internal/DefaultNamedDomainObjectListBeanInfo> (0x0000000084f6ea88) 
thrown [s\src\hotspot\share\classfile\systemDictionary.cpp, line 256]
Event: 869.636 Thread 0x000001e0724822f0 Exception <a 'java/lang/ClassNotFoundException'{0x0000000084f83d10}: org/gradle/api/internal/DefaultNamedDomainObjectCollectionBeanInfo> (0x0000000084f83d10) 
thrown [s\src\hotspot\share\classfile\systemDictionary.cpp, line 256]
Event: 869.637 Thread 0x000001e0724822f0 Exception <a 'java/lang/ClassNotFoundException'{0x0000000084f98b70}: org/gradle/api/internal/DefaultDomainObjectCollectionBeanInfo> (0x0000000084f98b70) 
thrown [s\src\hotspot\share\classfile\systemDictionary.cpp, line 256]
Event: 869.638 Thread 0x000001e0724822f0 Exception <a 'java/lang/ClassNotFoundException'{0x0000000084fadb08}: org/gradle/api/internal/DefaultDomainObjectCollectionCustomizer> (0x0000000084fadb08) 
thrown [s\src\hotspot\share\classfile\systemDictionary.cpp, line 256]
Event: 869.641 Thread 0x000001e0724822f0 Exception <a 'java/lang/ClassNotFoundException'{0x0000000084fead50}: org/gradle/api/internal/DefaultNamedDomainObjectCollectionCustomizer> (0x0000000084fead50) 
thrown [s\src\hotspot\share\classfile\systemDictionary.cpp, line 256]
Event: 869.643 Thread 0x000001e0724822f0 Exception <a 'java/lang/ClassNotFoundException'{0x0000000084e329f8}: org/gradle/api/internal/DefaultNamedDomainObjectListCustomizer> (0x0000000084e329f8) 
thrown [s\src\hotspot\share\classfile\systemDictionary.cpp, line 256]
Event: 869.645 Thread 0x000001e0724822f0 Exception <a 'java/lang/ClassNotFoundException'{0x0000000084e77060}: org/gradle/api/internal/artifacts/DefaultArtifactRepositoryContainerCustomizer> (0x0000000084e77060) 
thrown [s\src\hotspot\share\classfile\systemDictionary.cpp, line 256]
Event: 869.647 Thread 0x000001e0724822f0 Exception <a 'java/lang/ClassNotFoundException'{0x0000000084eb7958}: org/gradle/api/internal/artifacts/dsl/DefaultRepositoryHandlerCustomizer> (0x0000000084eb7958) 
thrown [s\src\hotspot\share\classfile\systemDictionary.cpp, line 256]
Event: 869.651 Thread 0x000001e0724822f0 Exception <a 'java/lang/ClassNotFoundException'{0x0000000084d06040}: org/gradle/api/internal/artifacts/dsl/DefaultRepositoryHandler_DecoratedCustomizer> (0x0000000084d06040) 
thrown [s\src\hotspot\share\classfile\systemDictionary.cpp, line 256]
Event: 869.661 Thread 0x000001e0724822f0 Exception <a 'java/lang/ClassNotFoundException'{0x0000000084d995a0}: org/gradle/api/internal/artifacts/dsl/dependencies/DefaultDependencyHandler_DecoratedBeanInfo> (0x0000000084d995a0) 
thrown [s\src\hotspot\share\classfile\systemDictionary.cpp, line 256]
Event: 869.662 Thread 0x000001e0724822f0 Exception <a 'java/lang/ClassNotFoundException'{0x0000000084db1468}: org/gradle/api/internal/artifacts/dsl/dependencies/DefaultDependencyHandlerBeanInfo> (0x0000000084db1468) 
thrown [s\src\hotspot\share\classfile\systemDictionary.cpp, line 256]
Event: 869.663 Thread 0x000001e0724822f0 Exception <a 'java/lang/ClassNotFoundException'{0x0000000084dc8da0}: org/gradle/api/internal/artifacts/dsl/dependencies/DefaultDependencyHandlerCustomizer> (0x0000000084dc8da0) 
thrown [s\src\hotspot\share\classfile\systemDictionary.cpp, line 256]
Event: 869.667 Thread 0x000001e0724822f0 Exception <a 'java/lang/ClassNotFoundException'{0x0000000084c12d10}: org/gradle/api/internal/artifacts/dsl/dependencies/DefaultDependencyHandler_DecoratedCustomizer> (0x0000000084c12d10) 
thrown [s\src\hotspot\share\classfile\systemDictionary.cpp, line 256]
Event: 896.093 Thread 0x000001e0723b42a0 Implicit null exception at 0x000001e05c4eccf2 to 0x000001e05c4ed2c8
Event: 896.094 Thread 0x000001e0723b42a0 Implicit null exception at 0x000001e05c4cb8f2 to 0x000001e05c4cbed8

VM Operations (20 events):
Event: 8309.161 Executing VM operation: Cleanup done
Event: 8310.164 Executing VM operation: Cleanup
Event: 8310.210 Executing VM operation: Cleanup done
Event: 8311.224 Executing VM operation: Cleanup
Event: 8311.358 Executing VM operation: Cleanup done
Event: 8312.361 Executing VM operation: Cleanup
Event: 8312.459 Executing VM operation: Cleanup done
Event: 8313.460 Executing VM operation: Cleanup
Event: 8313.534 Executing VM operation: Cleanup done
Event: 8324.986 Executing VM operation: G1CollectForAllocation
Event: 8325.026 Executing VM operation: G1CollectForAllocation done
Event: 8325.026 Executing VM operation: G1CollectForAllocation
Event: 8327.242 Executing VM operation: G1CollectForAllocation done
Event: 8327.510 Executing VM operation: G1CollectForAllocation
Event: 8334.606 Executing VM operation: G1CollectForAllocation done
Event: 8335.521 Executing VM operation: G1CollectForAllocation
Event: 8349.310 Executing VM operation: G1CollectForAllocation done
Event: 8349.559 Executing VM operation: G1CollectForAllocation
Event: 8353.020 Executing VM operation: G1CollectForAllocation done
Event: 8353.943 Executing VM operation: G1CollectForAllocation

Memory protections (0 events):
No events

Nmethod flushes (20 events):
Event: 706.396 Thread 0x000001e06c649fd0 flushing  nmethod 0x000001e05511d490
Event: 706.396 Thread 0x000001e06c649fd0 flushing  nmethod 0x000001e055122310
Event: 706.396 Thread 0x000001e06c649fd0 flushing  nmethod 0x000001e055138610
Event: 706.397 Thread 0x000001e06c649fd0 flushing  nmethod 0x000001e055154210
Event: 706.397 Thread 0x000001e06c649fd0 flushing  nmethod 0x000001e05515a210
Event: 706.397 Thread 0x000001e06c649fd0 flushing  nmethod 0x000001e05515aa90
Event: 706.397 Thread 0x000001e06c649fd0 flushing  nmethod 0x000001e055161a10
Event: 706.397 Thread 0x000001e06c649fd0 flushing  nmethod 0x000001e055162410
Event: 706.397 Thread 0x000001e06c649fd0 flushing  nmethod 0x000001e055162b10
Event: 706.397 Thread 0x000001e06c649fd0 flushing  nmethod 0x000001e055163010
Event: 706.397 Thread 0x000001e06c649fd0 flushing  nmethod 0x000001e055164190
Event: 706.397 Thread 0x000001e06c649fd0 flushing  nmethod 0x000001e055167590
Event: 706.397 Thread 0x000001e06c649fd0 flushing  nmethod 0x000001e05517fc90
Event: 706.397 Thread 0x000001e06c649fd0 flushing  nmethod 0x000001e0551b4a90
Event: 706.397 Thread 0x000001e06c649fd0 flushing  nmethod 0x000001e0551b9f90
Event: 706.397 Thread 0x000001e06c649fd0 flushing  nmethod 0x000001e0551c8610
Event: 706.397 Thread 0x000001e06c649fd0 flushing  nmethod 0x000001e055208a10
Event: 706.397 Thread 0x000001e06c649fd0 flushing  nmethod 0x000001e05528b410
Event: 869.180 Thread 0x000001e06c649fd0 flushing  nmethod 0x000001e054ec5b10
Event: 869.180 Thread 0x000001e06c649fd0 flushing  nmethod 0x000001e054eccd10

Events (20 events):
Event: 865.178 Thread 0x000001e06979e800 Thread added: 0x000001e0723482d0
Event: 865.851 Thread 0x000001e0717ee150 Thread added: 0x000001e073b849e0
Event: 866.343 Thread 0x000001e0724822f0 Thread added: 0x000001e07378d240
Event: 867.528 Thread 0x000001e073b849e0 Thread exited: 0x000001e073b849e0
Event: 869.236 Thread 0x000001e06979e800 Thread added: 0x000001e074e568c0
Event: 869.574 Thread 0x000001e074e568c0 Thread exited: 0x000001e074e568c0
Event: 869.696 Thread 0x000001e0724822f0 Thread added: 0x000001e07378c310
Event: 869.916 Thread 0x000001e0721e9850 Thread added: 0x000001e075410990
Event: 869.968 Thread 0x000001e06975b900 Thread added: 0x000001e075288ab0
Event: 871.091 Thread 0x000001e0723482d0 Thread exited: 0x000001e0723482d0
Event: 871.091 Thread 0x000001e075288ab0 Thread exited: 0x000001e075288ab0
Event: 871.091 Thread 0x000001e075410990 Thread exited: 0x000001e075410990
Event: 872.009 Thread 0x000001e0717ee150 Thread exited: 0x000001e0717ee150
Event: 872.310 Thread 0x000001e0721e9850 Thread exited: 0x000001e0721e9850
Event: 887.025 Thread 0x000001e06979e800 Thread added: 0x000001e0721e9850
Event: 887.949 Thread 0x000001e0721e9850 Thread exited: 0x000001e0721e9850
Event: 1693.238 Thread 0x000001e06979e800 Thread added: 0x000001e0726ad660
Event: 1693.239 Thread 0x000001e06979e800 Thread added: 0x000001e073ad76f0
Event: 1694.419 Thread 0x000001e073ad76f0 Thread exited: 0x000001e073ad76f0
Event: 1694.419 Thread 0x000001e0726ad660 Thread exited: 0x000001e0726ad660


Dynamic libraries:
0x00007ff687c40000 - 0x00007ff687c4e000 	C:\Program Files\Eclipse Adoptium\jdk-17.0.15.6-hotspot\bin\java.exe
0x00007fffc3680000 - 0x00007fffc38e6000 	C:\WINDOWS\SYSTEM32\ntdll.dll
0x00007fffc2160000 - 0x00007fffc2229000 	C:\WINDOWS\System32\KERNEL32.DLL
0x00007fffc0ae0000 - 0x00007fffc0eac000 	C:\WINDOWS\System32\KERNELBASE.dll
0x0000000070320000 - 0x00000000703bd000 	C:\ProgramData\Symantec\Symantec Endpoint Protection\14.3.9205.6000.105\Data\Sysfer\x64\sysfer.dll
0x00007fffc0810000 - 0x00007fffc095b000 	C:\WINDOWS\System32\ucrtbase.dll
0x00007fff9be20000 - 0x00007fff9be37000 	C:\Program Files\Eclipse Adoptium\jdk-17.0.15.6-hotspot\bin\jli.dll
0x00007fffc14c0000 - 0x00007fffc168a000 	C:\WINDOWS\System32\USER32.dll
0x00007fffc1360000 - 0x00007fffc1387000 	C:\WINDOWS\System32\win32u.dll
0x00007fffc1730000 - 0x00007fffc175b000 	C:\WINDOWS\System32\GDI32.dll
0x00007fffc0f70000 - 0x00007fffc10a2000 	C:\WINDOWS\System32\gdi32full.dll
0x00007fffc1390000 - 0x00007fffc1433000 	C:\WINDOWS\System32\msvcp_win.dll
0x00007fff99aa0000 - 0x00007fff99abe000 	C:\Program Files\Eclipse Adoptium\jdk-17.0.15.6-hotspot\bin\VCRUNTIME140.dll
0x00007fffa61a0000 - 0x00007fffa643a000 	C:\WINDOWS\WinSxS\amd64_microsoft.windows.common-controls_6595b64144ccf1df_6.0.26100.3912_none_3e07963ce335137e\COMCTL32.dll
0x00007fffc3590000 - 0x00007fffc3639000 	C:\WINDOWS\System32\msvcrt.dll
0x00007fffc2850000 - 0x00007fffc2880000 	C:\WINDOWS\System32\IMM32.DLL
0x00007fffa4250000 - 0x00007fffa425c000 	C:\Program Files\Eclipse Adoptium\jdk-17.0.15.6-hotspot\bin\vcruntime140_1.dll
0x00007fff7c670000 - 0x00007fff7c6fd000 	C:\Program Files\Eclipse Adoptium\jdk-17.0.15.6-hotspot\bin\msvcp140.dll
0x00007fff3e940000 - 0x00007fff3f5ab000 	C:\Program Files\Eclipse Adoptium\jdk-17.0.15.6-hotspot\bin\server\jvm.dll
0x00007fffc2e40000 - 0x00007fffc2ef2000 	C:\WINDOWS\System32\ADVAPI32.dll
0x00007fffc1760000 - 0x00007fffc1806000 	C:\WINDOWS\System32\sechost.dll
0x00007fffc2040000 - 0x00007fffc2156000 	C:\WINDOWS\System32\RPCRT4.dll
0x00007fffc3500000 - 0x00007fffc3574000 	C:\WINDOWS\System32\WS2_32.dll
0x00007fffc0680000 - 0x00007fffc06de000 	C:\WINDOWS\SYSTEM32\POWRPROF.dll
0x00007fffb52a0000 - 0x00007fffb52d6000 	C:\WINDOWS\SYSTEM32\WINMM.dll
0x00007fffa9820000 - 0x00007fffa982b000 	C:\WINDOWS\SYSTEM32\VERSION.dll
0x00007fffc0660000 - 0x00007fffc0674000 	C:\WINDOWS\SYSTEM32\UMPDC.dll
0x00007fffbf5d0000 - 0x00007fffbf5ea000 	C:\WINDOWS\SYSTEM32\kernel.appcore.dll
0x00007fffa41b0000 - 0x00007fffa41ba000 	C:\Program Files\Eclipse Adoptium\jdk-17.0.15.6-hotspot\bin\jimage.dll
0x00007fffbe100000 - 0x00007fffbe341000 	C:\WINDOWS\SYSTEM32\DBGHELP.DLL
0x00007fffc3000000 - 0x00007fffc3384000 	C:\WINDOWS\System32\combase.dll
0x00007fffc2b40000 - 0x00007fffc2c20000 	C:\WINDOWS\System32\OLEAUT32.dll
0x00007fff95100000 - 0x00007fff95139000 	C:\WINDOWS\SYSTEM32\dbgcore.DLL
0x00007fffc12c0000 - 0x00007fffc1359000 	C:\WINDOWS\System32\bcryptPrimitives.dll
0x00007fff988b0000 - 0x00007fff988d5000 	C:\Program Files\Eclipse Adoptium\jdk-17.0.15.6-hotspot\bin\java.dll
0x00007fff7c590000 - 0x00007fff7c667000 	C:\Program Files\Eclipse Adoptium\jdk-17.0.15.6-hotspot\bin\jsvml.dll
0x00007fffc1890000 - 0x00007fffc1fbd000 	C:\WINDOWS\System32\SHELL32.dll
0x00007fffc0960000 - 0x00007fffc0ad4000 	C:\WINDOWS\System32\wintypes.dll
0x00007fffbe450000 - 0x00007fffbeca6000 	C:\WINDOWS\SYSTEM32\windows.storage.dll
0x00007fffc2f00000 - 0x00007fffc2fef000 	C:\WINDOWS\System32\SHCORE.dll
0x00007fffc1820000 - 0x00007fffc1889000 	C:\WINDOWS\System32\shlwapi.dll
0x00007fffc0720000 - 0x00007fffc074f000 	C:\WINDOWS\SYSTEM32\profapi.dll
0x00007fff99a10000 - 0x00007fff99a29000 	C:\Program Files\Eclipse Adoptium\jdk-17.0.15.6-hotspot\bin\net.dll
0x00007fffaf2b0000 - 0x00007fffaf3ce000 	C:\WINDOWS\SYSTEM32\WINHTTP.dll
0x00007fffbfb40000 - 0x00007fffbfbaa000 	C:\WINDOWS\system32\mswsock.dll
0x00007fff98f80000 - 0x00007fff98f96000 	C:\Program Files\Eclipse Adoptium\jdk-17.0.15.6-hotspot\bin\nio.dll
0x00007fff98520000 - 0x00007fff98538000 	C:\Program Files\Eclipse Adoptium\jdk-17.0.15.6-hotspot\bin\zip.dll
0x00007fffa4150000 - 0x00007fffa4160000 	C:\Program Files\Eclipse Adoptium\jdk-17.0.15.6-hotspot\bin\verify.dll
0x00007fff98930000 - 0x00007fff98957000 	C:\Users\karth\.gradle\native\68d5fa5c4cc2d200863cafc0d521ce42e7d3e7ee720ec0a83991735586a16f82\windows-amd64\native-platform.dll
0x00007fff7c440000 - 0x00007fff7c584000 	C:\Users\karth\.gradle\native\e376f236ea51e6404a007f0833ffe2c6e607c4080706a723a18a27aeea778392\windows-amd64\native-platform-file-events.dll
0x00007fffa0910000 - 0x00007fffa091a000 	C:\Program Files\Eclipse Adoptium\jdk-17.0.15.6-hotspot\bin\management.dll
0x00007fffa0830000 - 0x00007fffa083b000 	C:\Program Files\Eclipse Adoptium\jdk-17.0.15.6-hotspot\bin\management_ext.dll
0x00007fffc3580000 - 0x00007fffc3588000 	C:\WINDOWS\System32\PSAPI.DLL
0x00007fffbfde0000 - 0x00007fffbfdfc000 	C:\WINDOWS\SYSTEM32\CRYPTSP.dll
0x00007fffbf530000 - 0x00007fffbf56a000 	C:\WINDOWS\system32\rsaenh.dll
0x00007fffbfbe0000 - 0x00007fffbfc0b000 	C:\WINDOWS\SYSTEM32\USERENV.dll
0x00007fffc06f0000 - 0x00007fffc0716000 	C:\WINDOWS\SYSTEM32\bcrypt.dll
0x00007fffbfe00000 - 0x00007fffbfe0c000 	C:\WINDOWS\SYSTEM32\CRYPTBASE.dll
0x00007fffbf070000 - 0x00007fffbf0a3000 	C:\WINDOWS\SYSTEM32\IPHLPAPI.DLL
0x00007fffc2740000 - 0x00007fffc274a000 	C:\WINDOWS\System32\NSI.dll
0x00007fffb72a0000 - 0x00007fffb72bf000 	C:\WINDOWS\SYSTEM32\dhcpcsvc6.DLL
0x00007fffb7030000 - 0x00007fffb7055000 	C:\WINDOWS\SYSTEM32\dhcpcsvc.DLL
0x00007fffbf140000 - 0x00007fffbf267000 	C:\WINDOWS\SYSTEM32\DNSAPI.dll
0x00007fff9c160000 - 0x00007fff9c169000 	C:\Program Files\Eclipse Adoptium\jdk-17.0.15.6-hotspot\bin\extnet.dll
0x00007fff9bf40000 - 0x00007fff9bf4e000 	C:\Program Files\Eclipse Adoptium\jdk-17.0.15.6-hotspot\bin\sunmscapi.dll
0x00007fffc10b0000 - 0x00007fffc1227000 	C:\WINDOWS\System32\CRYPT32.dll
0x00007fffbfff0000 - 0x00007fffc0020000 	C:\WINDOWS\SYSTEM32\ncrypt.dll
0x00007fffbffa0000 - 0x00007fffbffdf000 	C:\WINDOWS\SYSTEM32\NTASN1.dll
0x00007fffa3df0000 - 0x00007fffa3df8000 	C:\WINDOWS\system32\wshunix.dll

dbghelp: loaded successfully - version: 4.0.5 - missing functions: none
symbol engine: initialized successfully - sym options: 0x614 - pdb path: .;C:\Program Files\Eclipse Adoptium\jdk-17.0.15.6-hotspot\bin;C:\WINDOWS\SYSTEM32;C:\ProgramData\Symantec\Symantec Endpoint Protection\14.3.9205.6000.105\Data\Sysfer\x64;C:\WINDOWS\WinSxS\amd64_microsoft.windows.common-controls_6595b64144ccf1df_6.0.26100.3912_none_3e07963ce335137e;C:\Program Files\Eclipse Adoptium\jdk-17.0.15.6-hotspot\bin\server;C:\Users\karth\.gradle\native\68d5fa5c4cc2d200863cafc0d521ce42e7d3e7ee720ec0a83991735586a16f82\windows-amd64;C:\Users\karth\.gradle\native\e376f236ea51e6404a007f0833ffe2c6e607c4080706a723a18a27aeea778392\windows-amd64

VM Arguments:
jvm_args: -XX:MaxMetaspaceSize=512m --add-opens=java.base/java.util=ALL-UNNAMED --add-opens=java.base/java.lang=ALL-UNNAMED --add-opens=java.base/java.lang.invoke=ALL-UNNAMED --add-opens=java.prefs/java.util.prefs=ALL-UNNAMED --add-opens=java.base/java.nio.charset=ALL-UNNAMED --add-opens=java.base/java.net=ALL-UNNAMED --add-opens=java.base/java.util.concurrent.atomic=ALL-UNNAMED -Xmx2048m -Dfile.encoding=UTF-8 -Duser.country=CA -Duser.language=en -Duser.variant 
java_command: org.gradle.launcher.daemon.bootstrap.GradleDaemon 8.0.1
java_class_path (initial): C:\Users\karth\.gradle\wrapper\dists\gradle-8.0.1-all\aro4hu1c3oeioove7l0i4i14o\gradle-8.0.1\lib\gradle-launcher-8.0.1.jar
Launcher Type: SUN_STANDARD

[Global flags]
     intx CICompilerCount                          = 12                                        {product} {ergonomic}
   size_t CompressedClassSpaceSize                 = 436207616                                 {product} {ergonomic}
     uint ConcGCThreads                            = 3                                         {product} {ergonomic}
     uint G1ConcRefinementThreads                  = 13                                        {product} {ergonomic}
   size_t G1HeapRegionSize                         = 1048576                                   {product} {ergonomic}
    uintx GCDrainStackTargetSize                   = 64                                        {product} {ergonomic}
   size_t InitialHeapSize                          = 264241152                                 {product} {ergonomic}
   size_t MarkStackSize                            = 4194304                                   {product} {ergonomic}
   size_t MaxHeapSize                              = 2147483648                                {product} {command line}
   size_t MaxMetaspaceSize                         = 536870912                                 {product} {command line}
   size_t MaxNewSize                               = 1287651328                                {product} {ergonomic}
   size_t MinHeapDeltaBytes                        = 1048576                                   {product} {ergonomic}
   size_t MinHeapSize                              = 8388608                                   {product} {ergonomic}
    uintx NonNMethodCodeHeapSize                   = 7602480                                {pd product} {ergonomic}
    uintx NonProfiledCodeHeapSize                  = 122027880                              {pd product} {ergonomic}
    uintx ProfiledCodeHeapSize                     = 122027880                              {pd product} {ergonomic}
    uintx ReservedCodeCacheSize                    = 251658240                              {pd product} {ergonomic}
     bool SegmentedCodeCache                       = true                                      {product} {ergonomic}
   size_t SoftMaxHeapSize                          = 2147483648                             {manageable} {ergonomic}
     bool UseCompressedClassPointers               = true                           {product lp64_product} {ergonomic}
     bool UseCompressedOops                        = true                           {product lp64_product} {ergonomic}
     bool UseG1GC                                  = true                                      {product} {ergonomic}
     bool UseLargePagesIndividualAllocation        = false                                  {pd product} {ergonomic}

Logging:
Log output configuration:
 #0: stdout all=warning uptime,level,tags
 #1: stderr all=off uptime,level,tags

Environment Variables:
JAVA_HOME=C:\Program Files\Java\jdk-23
CLASSPATH=C:\Users\karth\CascadeProjects\MobileAppAndroid\android\\gradle\wrapper\gradle-wrapper.jar
PATH=C:\Users\karth\CascadeProjects\MobileAppAndroid\node_modules\.bin;C:\Users\karth\CascadeProjects\MobileAppAndroid\node_modules\.bin;C:\Users\karth\CascadeProjects\node_modules\.bin;C:\Users\karth\node_modules\.bin;C:\Users\node_modules\.bin;C:\node_modules\.bin;C:\Program Files\nodejs\node_modules\npm\node_modules\@npmcli\run-script\lib\node-gyp-bin;C:\Users\karth\CascadeProjects\MobileAppAndroid\node_modules\.bin;C:\Users\karth\CascadeProjects\MobileAppAndroid\node_modules\.bin;C:\Users\karth\CascadeProjects\node_modules\.bin;C:\Users\karth\node_modules\.bin;C:\Users\node_modules\.bin;C:\node_modules\.bin;C:\Program Files\nodejs\node_modules\npm\node_modules\@npmcli\run-script\lib\node-gyp-bin;C:\Program Files\Eclipse Adoptium\jdk-17.0.15.6-hotspot\bin;C:\Program Files\Common Files\Oracle\Java\javapath;C:\WINDOWS\system32;C:\WINDOWS;C:\WINDOWS\System32\Wbem;C:\WINDOWS\System32\WindowsPowerShell\v1.0\;C:\WINDOWS\System32\OpenSSH\;C:\Program Files\nodejs\;C:\Program Files (x86)\nikto\program;C:\Program Files (x86)\curl;D:\GoWorkspace\bin;C:\Program Files\Go\bin;C:\Program Files\Git\cmd;C:\Users\karth\AppData\Local\Android\Sdk;C:\Users\karth\AppData\Local\Android\Sdk\platform-tools;C:\Program Files\Eclipse Adoptium\jdk-17.0.15.6-hotspot\bin;C:\Program Files\Common Files\Oracle\Java\javapath;C:\WINDOWS\system32;C:\WINDOWS;C:\WINDOWS\System32\Wbem;C:\WINDOWS\System32\WindowsPowerShell\v1.0\;C:\WINDOWS\System32\OpenSSH\;C:\Program Files\nodejs\;C:\Program Files\Git\cmd;C:\Users\karth\AppData\Local\Microsoft\WindowsApps;C:\Users\karth\AppData\Local\Programs\Microsoft VS Code\bin;C:\Users\karth\AppData\Roaming\npm;C:\Users\karth\go\bin;C:\Users\karth\AppData\Local\Programs\Windsurf\bin
USERNAME=karth
OS=Windows_NT
PROCESSOR_IDENTIFIER=Intel64 Family 6 Model 154 Stepping 3, GenuineIntel
TMP=C:\Users\karth\AppData\Local\Temp
TEMP=C:\Users\karth\AppData\Local\Temp



Periodic native trim disabled


---------------  S Y S T E M  ---------------

OS:
 Windows 11 , 64 bit Build 26100 (10.0.26100.3912)
OS uptime: 10 days 15:58 hours
Hyper-V role detected

CPU: total 16 (initial active 16) (8 cores per cpu, 2 threads per core) family 6 model 154 stepping 3 microcode 0x416, cx8, cmov, fxsr, ht, mmx, 3dnowpref, sse, sse2, sse3, ssse3, sse4.1, sse4.2, popcnt, lzcnt, tsc, tscinvbit, avx, avx2, aes, erms, clmul, bmi1, bmi2, adx, sha, fma, vzeroupper, clflush, clflushopt, clwb, hv
Processor Information for processor 0
  Max Mhz: 2100, Current Mhz: 2100, Mhz Limit: 2100
Processor Information for processor 1
  Max Mhz: 2100, Current Mhz: 2100, Mhz Limit: 2100
Processor Information for processor 2
  Max Mhz: 2100, Current Mhz: 2100, Mhz Limit: 2100
Processor Information for processor 3
  Max Mhz: 2100, Current Mhz: 2100, Mhz Limit: 2100
Processor Information for processor 4
  Max Mhz: 2100, Current Mhz: 2100, Mhz Limit: 2100
Processor Information for processor 5
  Max Mhz: 2100, Current Mhz: 2100, Mhz Limit: 2100
Processor Information for processor 6
  Max Mhz: 2100, Current Mhz: 2100, Mhz Limit: 2100
Processor Information for processor 7
  Max Mhz: 2100, Current Mhz: 2100, Mhz Limit: 2100
Processor Information for processor 8
  Max Mhz: 2100, Current Mhz: 1500, Mhz Limit: 1491
Processor Information for processor 9
  Max Mhz: 2100, Current Mhz: 1500, Mhz Limit: 1491
Processor Information for processor 10
  Max Mhz: 2100, Current Mhz: 1500, Mhz Limit: 1491
Processor Information for processor 11
  Max Mhz: 2100, Current Mhz: 1500, Mhz Limit: 1491
Processor Information for processor 12
  Max Mhz: 2100, Current Mhz: 1500, Mhz Limit: 1491
Processor Information for processor 13
  Max Mhz: 2100, Current Mhz: 1500, Mhz Limit: 1491
Processor Information for processor 14
  Max Mhz: 2100, Current Mhz: 1500, Mhz Limit: 1491
Processor Information for processor 15
  Max Mhz: 2100, Current Mhz: 1500, Mhz Limit: 1491

Memory: 4k page, system-wide physical 16088M (0M free)
TotalPageFile size 64210M (AvailPageFile size 20M)
current process WorkingSet (physical memory assigned to process): 16M, peak: 253M
current process commit charge ("private bytes"): 366M, peak: 481M

vm_info: OpenJDK 64-Bit Server VM (17.0.15+6) for windows-amd64 JRE (17.0.15+6), built on Apr 15 2025 21:25:47 by "admin" with MS VC++ 17.7 (VS2022)

END.
