#
# There is insufficient memory for the Java Runtime Environment to continue.
# Native memory allocation (mmap) failed to map 30408704 bytes. Error detail: G1 virtual space
# Possible reasons:
#   The system is out of physical RAM or swap space
#   This process is running with CompressedOops enabled, and the Java Heap may be blocking the growth of the native heap
# Possible solutions:
#   Reduce memory load on the system
#   Increase physical memory or swap space
#   Check if swap backing store is full
#   Decrease Java heap size (-Xmx/-Xms)
#   Decrease number of Java threads
#   Decrease Java thread stack sizes (-Xss)
#   Set larger code cache with -XX:ReservedCodeCacheSize=
#   JVM is running with Unscaled Compressed Oops mode in which the Java heap is
#     placed in the first 4GB address space. The Java Heap base address is the
#     maximum limit for the native heap growth. Please use -XX:HeapBaseMinAddress
#     to set the Java Heap base and to place the Java Heap above 4GB virtual address.
# This output file may be truncated or incomplete.
#
#  Out of Memory Error (os_windows.cpp:3618), pid=14708, tid=55440
#
# JRE version: OpenJDK Runtime Environment Temurin-17.0.15+6 (17.0.15+6) (build 17.0.15+6)
# Java VM: OpenJDK 64-Bit Server VM Temurin-17.0.15+6 (17.0.15+6, mixed mode, sharing, tiered, compressed oops, compressed class ptrs, g1 gc, windows-amd64)
# No core dump will be written. Minidumps are not enabled by default on client versions of Windows
#

---------------  S U M M A R Y ------------

Command Line: -XX:MaxMetaspaceSize=512m --add-opens=java.base/java.util=ALL-UNNAMED --add-opens=java.base/java.lang=ALL-UNNAMED --add-opens=java.base/java.lang.invoke=ALL-UNNAMED --add-opens=java.prefs/java.util.prefs=ALL-UNNAMED --add-opens=java.base/java.nio.charset=ALL-UNNAMED --add-opens=java.base/java.net=ALL-UNNAMED --add-opens=java.base/java.util.concurrent.atomic=ALL-UNNAMED -Xmx2048m -Dfile.encoding=UTF-8 -Duser.country=CA -Duser.language=en -Duser.variant org.gradle.launcher.daemon.bootstrap.GradleDaemon 8.0.1

Host: 12th Gen Intel(R) Core(TM) i7-1260P, 16 cores, 15G,  Windows 11 , 64 bit Build 26100 (10.0.26100.3912)
Time: Mon May 26 02:11:47 2025 Eastern Daylight Time elapsed time: 8281.936903 seconds (0d 2h 18m 1s)

---------------  T H R E A D  ---------------

Current thread (0x000001b11ab21d10):  VMThread "VM Thread" [stack: 0x000000769c900000,0x000000769ca00000] [id=55440]

Stack: [0x000000769c900000,0x000000769ca00000]
Native frames: (J=compiled Java code, j=interpreted, Vv=VM code, C=native code)
V  [jvm.dll+0x682fc9]
V  [jvm.dll+0x839878]
V  [jvm.dll+0x83b323]
V  [jvm.dll+0x83b993]
V  [jvm.dll+0x24725f]
V  [jvm.dll+0x67fda9]
V  [jvm.dll+0x674c9a]
V  [jvm.dll+0x304d06]
V  [jvm.dll+0x30c1c6]
V  [jvm.dll+0x35dd4e]
V  [jvm.dll+0x35df8d]
V  [jvm.dll+0x2dc0cc]
V  [jvm.dll+0x2da46f]
V  [jvm.dll+0x2d9bdc]
V  [jvm.dll+0x31d3bb]
V  [jvm.dll+0x8401cd]
V  [jvm.dll+0x840f03]
V  [jvm.dll+0x84142f]
V  [jvm.dll+0x841814]
V  [jvm.dll+0x8418de]
V  [jvm.dll+0x7e94dc]
V  [jvm.dll+0x681ea7]
C  [ucrtbase.dll+0x37b0]
C  [KERNEL32.DLL+0x2e8d7]
C  [ntdll.dll+0x9c5dc]

VM_Operation (0x000000769dbfda90): G1CollectForAllocation, mode: safepoint, requested by thread 0x000001b13abfb3d0


---------------  P R O C E S S  ---------------

Threads class SMR info:
_java_thread_list=0x000001b13af31c50, length=80, elements={
0x000001b1790f1a00, 0x000001b17f8308c0, 0x000001b17f831390, 0x000001b17f83f0f0,
0x000001b17f83f9c0, 0x000001b17f8422a0, 0x000001b17f842b70, 0x000001b17f843770,
0x000001b17f846490, 0x000001b17f849920, 0x000001b11ac5bf30, 0x000001b11ac62840,
0x000001b13abfb3d0, 0x000001b13b7b6d60, 0x000001b13b8f7180, 0x000001b13b337590,
0x000001b13b83b110, 0x000001b13af918d0, 0x000001b13b4c3a90, 0x000001b13b4c49c0,
0x000001b13b4c4ed0, 0x000001b13b4c3fa0, 0x000001b13b4c44b0, 0x000001b13b4c6310,
0x000001b13b4c3580, 0x000001b13b4c6820, 0x000001b13b4c3070, 0x000001b13b1e7820,
0x000001b13b1e6e00, 0x000001b13b1e7310, 0x000001b13b1e68f0, 0x000001b13b1e4580,
0x000001b13b1e5ed0, 0x000001b13b1e63e0, 0x000001b13b1e7d30, 0x000001b13b1e8240,
0x000001b13b1e4a90, 0x000001b13b1e4fa0, 0x000001b13b1e9170, 0x000001b13b1e59c0,
0x000001b13b1eb9f0, 0x000001b13b1e8750, 0x000001b13b1e8c60, 0x000001b13b1e9680,
0x000001b13b1e9b90, 0x000001b13b1ea0a0, 0x000001b13b1eb4e0, 0x000001b13b1ea5b0,
0x000001b13b1eaac0, 0x000001b13b1eafd0, 0x000001b13b4c5e00, 0x000001b13b4c53e0,
0x000001b13bef28b0, 0x000001b13bef6570, 0x000001b13bef37e0, 0x000001b13bef3cf0,
0x000001b13bef5b50, 0x000001b13bef4c20, 0x000001b13bef6060, 0x000001b13bef4200,
0x000001b13bef5130, 0x000001b13bef4710, 0x000001b13bef5640, 0x000001b13bef2dc0,
0x000001b13bef6a80, 0x000001b13bef32d0, 0x000001b13bef8df0, 0x000001b13befa230,
0x000001b13bef6f90, 0x000001b13bef88e0, 0x000001b13bef9810, 0x000001b13bef79b0,
0x000001b13bef9300, 0x000001b13bef9d20, 0x000001b13bef83d0, 0x000001b13bef74a0,
0x000001b13bef7ec0, 0x000001b13d2c7f10, 0x000001b13d2c5690, 0x000001b13d2c8420
}

Java Threads: ( => current thread )
  0x000001b1790f1a00 JavaThread "main" [_thread_blocked, id=13468, stack(0x000000769c300000,0x000000769c400000)]
  0x000001b17f8308c0 JavaThread "Reference Handler" daemon [_thread_blocked, id=63340, stack(0x000000769ca00000,0x000000769cb00000)]
  0x000001b17f831390 JavaThread "Finalizer" daemon [_thread_blocked, id=60764, stack(0x000000769cb00000,0x000000769cc00000)]
  0x000001b17f83f0f0 JavaThread "Signal Dispatcher" daemon [_thread_blocked, id=26532, stack(0x000000769cc00000,0x000000769cd00000)]
  0x000001b17f83f9c0 JavaThread "Attach Listener" daemon [_thread_blocked, id=57768, stack(0x000000769cd00000,0x000000769ce00000)]
  0x000001b17f8422a0 JavaThread "Service Thread" daemon [_thread_blocked, id=66464, stack(0x000000769ce00000,0x000000769cf00000)]
  0x000001b17f842b70 JavaThread "Monitor Deflation Thread" daemon [_thread_blocked, id=20828, stack(0x000000769cf00000,0x000000769d000000)]
  0x000001b17f843770 JavaThread "C2 CompilerThread0" daemon [_thread_blocked, id=59464, stack(0x000000769d000000,0x000000769d100000)]
  0x000001b17f846490 JavaThread "C1 CompilerThread0" daemon [_thread_blocked, id=68024, stack(0x000000769d100000,0x000000769d200000)]
  0x000001b17f849920 JavaThread "Sweeper thread" daemon [_thread_blocked, id=68476, stack(0x000000769d200000,0x000000769d300000)]
  0x000001b11ac5bf30 JavaThread "Common-Cleaner" daemon [_thread_blocked, id=7812, stack(0x000000769d300000,0x000000769d400000)]
  0x000001b11ac62840 JavaThread "Notification Thread" daemon [_thread_blocked, id=44780, stack(0x000000769d400000,0x000000769d500000)]
  0x000001b13abfb3d0 JavaThread "Daemon health stats" [_thread_blocked, id=47252, stack(0x000000769db00000,0x000000769dc00000)]
  0x000001b13b7b6d60 JavaThread "Incoming local TCP Connector on port 34235" [_thread_in_native, id=64656, stack(0x000000769dc00000,0x000000769dd00000)]
  0x000001b13b8f7180 JavaThread "Daemon periodic checks" [_thread_blocked, id=44488, stack(0x000000769dd00000,0x000000769de00000)]
  0x000001b13b337590 JavaThread "Daemon" [_thread_blocked, id=30824, stack(0x000000769de00000,0x000000769df00000)]
  0x000001b13b83b110 JavaThread "Handler for socket connection from /127.0.0.1:34235 to /127.0.0.1:34247" [_thread_in_native, id=26180, stack(0x000000769df00000,0x000000769e000000)]
  0x000001b13af918d0 JavaThread "Cancel handler" [_thread_blocked, id=25180, stack(0x000000769e000000,0x000000769e100000)]
  0x000001b13b4c3a90 JavaThread "Daemon worker" [_thread_blocked, id=29408, stack(0x000000769e100000,0x000000769e200000)]
  0x000001b13b4c49c0 JavaThread "Asynchronous log dispatcher for DefaultDaemonConnection: socket connection from /127.0.0.1:34235 to /127.0.0.1:34247" [_thread_blocked, id=54164, stack(0x000000769e200000,0x000000769e300000)]
  0x000001b13b4c4ed0 JavaThread "Daemon client event forwarder" [_thread_blocked, id=52280, stack(0x000000769e400000,0x000000769e500000)]
  0x000001b13b4c3fa0 JavaThread "Cache worker for journal cache (C:\Users\karth\.gradle\caches\journal-1)" [_thread_blocked, id=45476, stack(0x000000769e500000,0x000000769e600000)]
  0x000001b13b4c44b0 JavaThread "File lock request listener" [_thread_in_native, id=58616, stack(0x000000769e600000,0x000000769e700000)]
  0x000001b13b4c6310 JavaThread "Cache worker for file hash cache (C:\Users\karth\.gradle\caches\8.0.1\fileHashes)" [_thread_blocked, id=48524, stack(0x000000769ea00000,0x000000769eb00000)]
  0x000001b13b4c3580 JavaThread "File watcher server" daemon [_thread_in_native, id=39444, stack(0x000000769c000000,0x000000769c100000)]
  0x000001b13b4c6820 JavaThread "File watcher consumer" daemon [_thread_blocked, id=60004, stack(0x000000769c100000,0x000000769c200000)]
  0x000001b13b4c3070 JavaThread "Cache worker for checksums cache (C:\Users\karth\CascadeProjects\MobileAppAndroid\android\.gradle\8.0.1\checksums)" [_thread_blocked, id=592, stack(0x000000769c200000,0x000000769c300000)]
  0x000001b13b1e7820 JavaThread "Cache worker for cache directory md-rule (C:\Users\karth\.gradle\caches\8.0.1\md-rule)" [_thread_blocked, id=30056, stack(0x000000769eb00000,0x000000769ec00000)]
  0x000001b13b1e6e00 JavaThread "Cache worker for file content cache (C:\Users\karth\.gradle\caches\8.0.1\fileContent)" [_thread_blocked, id=51532, stack(0x000000769ec00000,0x000000769ed00000)]
  0x000001b13b1e7310 JavaThread "Cache worker for file hash cache (C:\Users\karth\CascadeProjects\MobileAppAndroid\android\.gradle\8.0.1\fileHashes)" [_thread_blocked, id=14096, stack(0x000000769ed00000,0x000000769ee00000)]
  0x000001b13b1e68f0 JavaThread "Cache worker for cache directory md-supplier (C:\Users\karth\.gradle\caches\8.0.1\md-supplier)" [_thread_blocked, id=35608, stack(0x000000769f700000,0x000000769f800000)]
  0x000001b13b1e4580 JavaThread "Cache worker for execution history cache (C:\Users\karth\.gradle\caches\8.0.1\executionHistory)" [_thread_blocked, id=60036, stack(0x000000769f900000,0x000000769fa00000)]
  0x000001b13b1e5ed0 JavaThread "jar transforms" [_thread_blocked, id=64080, stack(0x000000769fa00000,0x000000769fb00000)]
  0x000001b13b1e63e0 JavaThread "jar transforms Thread 2" [_thread_blocked, id=21920, stack(0x000000769fb00000,0x000000769fc00000)]
  0x000001b13b1e7d30 JavaThread "jar transforms Thread 3" [_thread_blocked, id=27884, stack(0x000000769fc00000,0x000000769fd00000)]
  0x000001b13b1e8240 JavaThread "jar transforms Thread 4" [_thread_blocked, id=65668, stack(0x000000769fd00000,0x000000769fe00000)]
  0x000001b13b1e4a90 JavaThread "Cache worker for kotlin-dsl (C:\Users\karth\.gradle\caches\8.0.1\kotlin-dsl)" [_thread_blocked, id=55480, stack(0x000000769e300000,0x000000769e400000)]
  0x000001b13b1e4fa0 JavaThread "File lock release action executor Thread 2" [_thread_blocked, id=24344, stack(0x000000769e700000,0x000000769e800000)]
  0x000001b13b1e9170 JavaThread "jar transforms Thread 5" [_thread_blocked, id=48200, stack(0x000000769e800000,0x000000769e900000)]
  0x000001b13b1e59c0 JavaThread "jar transforms Thread 6" [_thread_blocked, id=52612, stack(0x000000769e900000,0x000000769ea00000)]
  0x000001b13b1eb9f0 JavaThread "Cache worker for dependencies-accessors (C:\Users\karth\CascadeProjects\MobileAppAndroid\android\.gradle\8.0.1\dependencies-accessors)" [_thread_blocked, id=66972, stack(0x000000769f800000,0x000000769f900000)]
  0x000001b13b1e8750 JavaThread "Cache worker for Build Output Cleanup Cache (C:\Users\karth\CascadeProjects\MobileAppAndroid\node_modules\@react-native\gradle-plugin\.gradle\buildOutputCleanup)" [_thread_blocked, id=26672, stack(0x000000769fe00000,0x000000769ff00000)]
  0x000001b13b1e8c60 JavaThread "jar transforms Thread 7" [_thread_blocked, id=27596, stack(0x000000769ff00000,0x00000076a0000000)]
  0x000001b13b1e9680 JavaThread "Unconstrained build operations" [_thread_blocked, id=69020, stack(0x00000076a0200000,0x00000076a0300000)]
  0x000001b13b1e9b90 JavaThread "Unconstrained build operations Thread 2" [_thread_blocked, id=69024, stack(0x00000076a0300000,0x00000076a0400000)]
  0x000001b13b1ea0a0 JavaThread "Unconstrained build operations Thread 3" [_thread_blocked, id=69028, stack(0x00000076a0400000,0x00000076a0500000)]
  0x000001b13b1eb4e0 JavaThread "Unconstrained build operations Thread 4" [_thread_blocked, id=69032, stack(0x00000076a0500000,0x00000076a0600000)]
  0x000001b13b1ea5b0 JavaThread "Unconstrained build operations Thread 5" [_thread_blocked, id=69036, stack(0x00000076a0600000,0x00000076a0700000)]
  0x000001b13b1eaac0 JavaThread "Unconstrained build operations Thread 6" [_thread_blocked, id=69040, stack(0x00000076a0700000,0x00000076a0800000)]
  0x000001b13b1eafd0 JavaThread "Unconstrained build operations Thread 7" [_thread_blocked, id=69044, stack(0x00000076a0800000,0x00000076a0900000)]
  0x000001b13b4c5e00 JavaThread "Unconstrained build operations Thread 8" [_thread_blocked, id=69048, stack(0x00000076a0900000,0x00000076a0a00000)]
  0x000001b13b4c53e0 JavaThread "Unconstrained build operations Thread 9" [_thread_blocked, id=69052, stack(0x00000076a0a00000,0x00000076a0b00000)]
  0x000001b13bef28b0 JavaThread "Unconstrained build operations Thread 10" [_thread_blocked, id=69056, stack(0x00000076a0b00000,0x00000076a0c00000)]
  0x000001b13bef6570 JavaThread "Unconstrained build operations Thread 11" [_thread_blocked, id=69060, stack(0x00000076a0c00000,0x00000076a0d00000)]
  0x000001b13bef37e0 JavaThread "Unconstrained build operations Thread 12" [_thread_blocked, id=69064, stack(0x00000076a0d00000,0x00000076a0e00000)]
  0x000001b13bef3cf0 JavaThread "Unconstrained build operations Thread 13" [_thread_blocked, id=69068, stack(0x00000076a0e00000,0x00000076a0f00000)]
  0x000001b13bef5b50 JavaThread "Unconstrained build operations Thread 14" [_thread_blocked, id=69072, stack(0x00000076a0f00000,0x00000076a1000000)]
  0x000001b13bef4c20 JavaThread "Unconstrained build operations Thread 15" [_thread_blocked, id=69076, stack(0x00000076a1000000,0x00000076a1100000)]
  0x000001b13bef6060 JavaThread "Unconstrained build operations Thread 16" [_thread_blocked, id=69080, stack(0x00000076a1100000,0x00000076a1200000)]
  0x000001b13bef4200 JavaThread "Unconstrained build operations Thread 17" [_thread_blocked, id=69084, stack(0x00000076a1200000,0x00000076a1300000)]
  0x000001b13bef5130 JavaThread "Unconstrained build operations Thread 18" [_thread_blocked, id=69088, stack(0x00000076a1300000,0x00000076a1400000)]
  0x000001b13bef4710 JavaThread "Unconstrained build operations Thread 19" [_thread_blocked, id=69092, stack(0x00000076a1400000,0x00000076a1500000)]
  0x000001b13bef5640 JavaThread "Unconstrained build operations Thread 20" [_thread_blocked, id=69096, stack(0x00000076a1500000,0x00000076a1600000)]
  0x000001b13bef2dc0 JavaThread "Unconstrained build operations Thread 21" [_thread_blocked, id=69100, stack(0x00000076a1600000,0x00000076a1700000)]
  0x000001b13bef6a80 JavaThread "Unconstrained build operations Thread 22" [_thread_blocked, id=69104, stack(0x00000076a1700000,0x00000076a1800000)]
  0x000001b13bef32d0 JavaThread "Unconstrained build operations Thread 23" [_thread_blocked, id=69108, stack(0x00000076a1800000,0x00000076a1900000)]
  0x000001b13bef8df0 JavaThread "Unconstrained build operations Thread 24" [_thread_blocked, id=69112, stack(0x00000076a1900000,0x00000076a1a00000)]
  0x000001b13befa230 JavaThread "Unconstrained build operations Thread 25" [_thread_blocked, id=69116, stack(0x00000076a1a00000,0x00000076a1b00000)]
  0x000001b13bef6f90 JavaThread "Unconstrained build operations Thread 26" [_thread_blocked, id=69120, stack(0x00000076a1b00000,0x00000076a1c00000)]
  0x000001b13bef88e0 JavaThread "jar transforms Thread 8" [_thread_blocked, id=18000, stack(0x00000076a0000000,0x00000076a0100000)]
  0x000001b13bef9810 JavaThread "jar transforms Thread 9" [_thread_blocked, id=35968, stack(0x00000076a0100000,0x00000076a0200000)]
  0x000001b13bef79b0 JavaThread "jar transforms Thread 10" [_thread_blocked, id=38836, stack(0x00000076a1c00000,0x00000076a1d00000)]
  0x000001b13bef9300 JavaThread "jar transforms Thread 11" [_thread_blocked, id=28852, stack(0x00000076a1d00000,0x00000076a1e00000)]
  0x000001b13bef9d20 JavaThread "jar transforms Thread 12" [_thread_blocked, id=51892, stack(0x00000076a1e00000,0x00000076a1f00000)]
  0x000001b13bef83d0 JavaThread "jar transforms Thread 13" [_thread_blocked, id=18036, stack(0x00000076a1f00000,0x00000076a2000000)]
  0x000001b13bef74a0 JavaThread "jar transforms Thread 14" [_thread_blocked, id=37372, stack(0x00000076a2000000,0x00000076a2100000)]
  0x000001b13bef7ec0 JavaThread "jar transforms Thread 15" [_thread_blocked, id=29520, stack(0x00000076a2100000,0x00000076a2200000)]
  0x000001b13d2c7f10 JavaThread "jar transforms Thread 16" [_thread_blocked, id=62544, stack(0x00000076a2200000,0x00000076a2300000)]
  0x000001b13d2c5690 JavaThread "Memory manager" [_thread_blocked, id=12160, stack(0x00000076a2600000,0x00000076a2700000)]
  0x000001b13d2c8420 JavaThread "Cache worker for Build Output Cleanup Cache (C:\Users\karth\CascadeProjects\MobileAppAndroid\android\.gradle\buildOutputCleanup)" [_thread_blocked, id=53116, stack(0x00000076a2400000,0x00000076a2500000)]

Other Threads:
=>0x000001b11ab21d10 VMThread "VM Thread" [stack: 0x000000769c900000,0x000000769ca00000] [id=55440]
  0x000001b11ac66d30 WatcherThread [stack: 0x000000769d500000,0x000000769d600000] [id=28080]
  0x000001b17b50e040 GCTaskThread "GC Thread#0" [stack: 0x000000769c400000,0x000000769c500000] [id=51816]
  0x000001b13a7e6d00 GCTaskThread "GC Thread#1" [stack: 0x000000769d600000,0x000000769d700000] [id=44148]
  0x000001b13a751c10 GCTaskThread "GC Thread#2" [stack: 0x000000769d700000,0x000000769d800000] [id=58840]
  0x000001b13a68b380 GCTaskThread "GC Thread#3" [stack: 0x000000769d800000,0x000000769d900000] [id=21996]
  0x000001b13a68b640 GCTaskThread "GC Thread#4" [stack: 0x000000769d900000,0x000000769da00000] [id=50284]
  0x000001b13a68b900 GCTaskThread "GC Thread#5" [stack: 0x000000769da00000,0x000000769db00000] [id=35224]
  0x000001b13b04d3b0 GCTaskThread "GC Thread#6" [stack: 0x000000769ee00000,0x000000769ef00000] [id=51600]
  0x000001b13b04c070 GCTaskThread "GC Thread#7" [stack: 0x000000769ef00000,0x000000769f000000] [id=21816]
  0x000001b13b04ce30 GCTaskThread "GC Thread#8" [stack: 0x000000769f000000,0x000000769f100000] [id=65988]
  0x000001b13b04c330 GCTaskThread "GC Thread#9" [stack: 0x000000769f100000,0x000000769f200000] [id=62112]
  0x000001b13b04d670 GCTaskThread "GC Thread#10" [stack: 0x000000769f200000,0x000000769f300000] [id=51540]
  0x000001b13b04d930 GCTaskThread "GC Thread#11" [stack: 0x000000769f300000,0x000000769f400000] [id=30080]
  0x000001b13cd54f20 GCTaskThread "GC Thread#12" [stack: 0x000000769f400000,0x000000769f500000] [id=28264]
  0x000001b17b5206e0 ConcurrentGCThread "G1 Main Marker" [stack: 0x000000769c500000,0x000000769c600000] [id=61024]
  0x000001b17b521010 ConcurrentGCThread "G1 Conc#0" [stack: 0x000000769c600000,0x000000769c700000] [id=63240]
  0x000001b13cd53920 ConcurrentGCThread "G1 Conc#1" [stack: 0x000000769f500000,0x000000769f600000] [id=61696]
  0x000001b13cd52060 ConcurrentGCThread "G1 Conc#2" [stack: 0x000000769f600000,0x000000769f700000] [id=15412]
  0x000001b17f7125f0 ConcurrentGCThread "G1 Refine#0" [stack: 0x000000769c700000,0x000000769c800000] [id=12752]
  0x000001b17f712f30 ConcurrentGCThread "G1 Service" [stack: 0x000000769c800000,0x000000769c900000] [id=65032]

Threads with active compile tasks:
C2 CompilerThread0  8283245 8421       4       java.util.concurrent.ScheduledThreadPoolExecutor$DelayedWorkQueue::add (9 bytes)

VM state: at safepoint (normal execution)

VM Mutex/Monitor currently owned by a thread:  ([mutex/lock_event])
[0x000001b17b4ab560] Threads_lock - owner thread: 0x000001b11ab21d10
[0x000001b17b4a9b80] Heap_lock - owner thread: 0x000001b13abfb3d0

Heap address: 0x0000000080000000, size: 2048 MB, Compressed Oops mode: 32-bit

CDS archive(s) mapped at: [0x000001b11b000000-0x000001b11bbb0000-0x000001b11bbb0000), size 12255232, SharedBaseAddress: 0x000001b11b000000, ArchiveRelocationMode: 1.
Compressed class space mapped at: 0x000001b11c000000-0x000001b136000000, reserved size: 436207616
Narrow klass base: 0x000001b11b000000, Narrow klass shift: 0, Narrow klass range: 0x100000000

GC Precious Log:
 CPUs: 16 total, 16 available
 Memory: 16088M
 Large Page Support: Disabled
 NUMA Support: Disabled
 Compressed Oops: Enabled (32-bit)
 Heap Region Size: 1M
 Heap Min Capacity: 8M
 Heap Initial Capacity: 252M
 Heap Max Capacity: 2G
 Pre-touch: Disabled
 Parallel Workers: 13
 Concurrent Workers: 3
 Concurrent Refinement Workers: 13
 Periodic GC: Disabled

Heap:
 garbage-first heap   total 119808K, used 53627K [0x0000000080000000, 0x0000000100000000)
  region size 1024K, 1 young (1024K), 1 survivors (1024K)
 Metaspace       used 58574K, committed 59136K, reserved 491520K
  class space    used 8106K, committed 8384K, reserved 425984K

Heap Regions: E=young(eden), S=young(survivor), O=old, HS=humongous(starts), HC=humongous(continues), CS=collection set, F=free, OA=open archive, CA=closed archive, TAMS=top-at-mark-start (previous, next)
|   0|0x0000000080000000, 0x0000000080100000, 0x0000000080100000|100%|HS|  |TAMS 0x0000000080100000, 0x0000000080100000| Complete 
|   1|0x0000000080100000, 0x0000000080200000, 0x0000000080200000|100%|HC|  |TAMS 0x0000000080200000, 0x0000000080200000| Complete 
|   2|0x0000000080200000, 0x0000000080300000, 0x0000000080300000|100%|HC|  |TAMS 0x0000000080300000, 0x0000000080300000| Complete 
|   3|0x0000000080300000, 0x0000000080400000, 0x0000000080400000|100%|HC|  |TAMS 0x0000000080400000, 0x0000000080400000| Complete 
|   4|0x0000000080400000, 0x0000000080500000, 0x0000000080500000|100%| O|  |TAMS 0x0000000080500000, 0x0000000080500000| Untracked 
|   5|0x0000000080500000, 0x0000000080600000, 0x0000000080600000|100%| O|  |TAMS 0x0000000080600000, 0x0000000080600000| Untracked 
|   6|0x0000000080600000, 0x0000000080700000, 0x0000000080700000|100%| O|  |TAMS 0x0000000080700000, 0x0000000080700000| Untracked 
|   7|0x0000000080700000, 0x0000000080800000, 0x0000000080800000|100%| O|  |TAMS 0x0000000080800000, 0x0000000080800000| Untracked 
|   8|0x0000000080800000, 0x0000000080900000, 0x0000000080900000|100%| O|  |TAMS 0x0000000080900000, 0x0000000080900000| Untracked 
|   9|0x0000000080900000, 0x0000000080a00000, 0x0000000080a00000|100%| O|  |TAMS 0x0000000080a00000, 0x0000000080a00000| Untracked 
|  10|0x0000000080a00000, 0x0000000080b00000, 0x0000000080b00000|100%| O|  |TAMS 0x0000000080b00000, 0x0000000080b00000| Untracked 
|  11|0x0000000080b00000, 0x0000000080c00000, 0x0000000080c00000|100%| O|  |TAMS 0x0000000080b00000, 0x0000000080c00000| Untracked 
|  12|0x0000000080c00000, 0x0000000080d00000, 0x0000000080d00000|100%| O|  |TAMS 0x0000000080d00000, 0x0000000080d00000| Untracked 
|  13|0x0000000080d00000, 0x0000000080e00000, 0x0000000080e00000|100%| O|  |TAMS 0x0000000080e00000, 0x0000000080e00000| Untracked 
|  14|0x0000000080e00000, 0x0000000080f00000, 0x0000000080f00000|100%| O|  |TAMS 0x0000000080f00000, 0x0000000080f00000| Untracked 
|  15|0x0000000080f00000, 0x0000000081000000, 0x0000000081000000|100%| O|  |TAMS 0x0000000081000000, 0x0000000081000000| Untracked 
|  16|0x0000000081000000, 0x0000000081100000, 0x0000000081100000|100%| O|  |TAMS 0x0000000081100000, 0x0000000081100000| Untracked 
|  17|0x0000000081100000, 0x0000000081200000, 0x0000000081200000|100%| O|  |TAMS 0x0000000081200000, 0x0000000081200000| Untracked 
|  18|0x0000000081200000, 0x0000000081300000, 0x0000000081300000|100%| O|  |TAMS 0x0000000081300000, 0x0000000081300000| Untracked 
|  19|0x0000000081300000, 0x0000000081400000, 0x0000000081400000|100%| O|  |TAMS 0x0000000081400000, 0x0000000081400000| Untracked 
|  20|0x0000000081400000, 0x0000000081500000, 0x0000000081500000|100%| O|  |TAMS 0x0000000081500000, 0x0000000081500000| Untracked 
|  21|0x0000000081500000, 0x0000000081600000, 0x0000000081600000|100%| O|  |TAMS 0x0000000081600000, 0x0000000081600000| Untracked 
|  22|0x0000000081600000, 0x0000000081700000, 0x0000000081700000|100%| O|  |TAMS 0x0000000081700000, 0x0000000081700000| Untracked 
|  23|0x0000000081700000, 0x0000000081800000, 0x0000000081800000|100%| O|  |TAMS 0x0000000081800000, 0x0000000081800000| Untracked 
|  24|0x0000000081800000, 0x0000000081900000, 0x0000000081900000|100%| O|  |TAMS 0x0000000081900000, 0x0000000081900000| Untracked 
|  25|0x0000000081900000, 0x0000000081a00000, 0x0000000081a00000|100%| O|  |TAMS 0x0000000081a00000, 0x0000000081a00000| Untracked 
|  26|0x0000000081a00000, 0x0000000081b00000, 0x0000000081b00000|100%| O|  |TAMS 0x0000000081b00000, 0x0000000081b00000| Untracked 
|  27|0x0000000081b00000, 0x0000000081c00000, 0x0000000081c00000|100%| O|  |TAMS 0x0000000081c00000, 0x0000000081c00000| Untracked 
|  28|0x0000000081c00000, 0x0000000081d00000, 0x0000000081d00000|100%| O|  |TAMS 0x0000000081d00000, 0x0000000081d00000| Untracked 
|  29|0x0000000081d00000, 0x0000000081e00000, 0x0000000081e00000|100%| O|  |TAMS 0x0000000081e00000, 0x0000000081e00000| Untracked 
|  30|0x0000000081e00000, 0x0000000081f00000, 0x0000000081f00000|100%| O|  |TAMS 0x0000000081f00000, 0x0000000081f00000| Untracked 
|  31|0x0000000081f00000, 0x0000000082000000, 0x0000000082000000|100%| O|  |TAMS 0x0000000082000000, 0x0000000082000000| Untracked 
|  32|0x0000000082000000, 0x0000000082100000, 0x0000000082100000|100%| O|  |TAMS 0x0000000082100000, 0x0000000082100000| Untracked 
|  33|0x0000000082100000, 0x0000000082200000, 0x0000000082200000|100%| O|  |TAMS 0x0000000082200000, 0x0000000082200000| Untracked 
|  34|0x0000000082200000, 0x0000000082300000, 0x0000000082300000|100%|HS|  |TAMS 0x0000000082300000, 0x0000000082300000| Complete 
|  35|0x0000000082300000, 0x0000000082400000, 0x0000000082400000|100%|HC|  |TAMS 0x0000000082400000, 0x0000000082400000| Complete 
|  36|0x0000000082400000, 0x0000000082500000, 0x0000000082500000|100%|HS|  |TAMS 0x0000000082500000, 0x0000000082500000| Complete 
|  37|0x0000000082500000, 0x0000000082600000, 0x0000000082600000|100%|HC|  |TAMS 0x0000000082600000, 0x0000000082600000| Complete 
|  38|0x0000000082600000, 0x0000000082700000, 0x0000000082700000|100%|HC|  |TAMS 0x0000000082700000, 0x0000000082700000| Complete 
|  39|0x0000000082700000, 0x0000000082800000, 0x0000000082800000|100%|HC|  |TAMS 0x0000000082800000, 0x0000000082800000| Complete 
|  40|0x0000000082800000, 0x0000000082900000, 0x0000000082900000|100%| O|  |TAMS 0x0000000082900000, 0x0000000082900000| Untracked 
|  41|0x0000000082900000, 0x0000000082a00000, 0x0000000082a00000|100%| O|  |TAMS 0x0000000082a00000, 0x0000000082a00000| Untracked 
|  42|0x0000000082a00000, 0x0000000082b00000, 0x0000000082b00000|100%| O|  |TAMS 0x0000000082b00000, 0x0000000082b00000| Untracked 
|  43|0x0000000082b00000, 0x0000000082c00000, 0x0000000082c00000|100%| O|  |TAMS 0x0000000082c00000, 0x0000000082c00000| Untracked 
|  44|0x0000000082c00000, 0x0000000082d00000, 0x0000000082d00000|100%| O|  |TAMS 0x0000000082d00000, 0x0000000082d00000| Untracked 
|  45|0x0000000082d00000, 0x0000000082e00000, 0x0000000082e00000|100%| O|  |TAMS 0x0000000082e00000, 0x0000000082e00000| Untracked 
|  46|0x0000000082e00000, 0x0000000082f00000, 0x0000000082f00000|100%| O|  |TAMS 0x0000000082f00000, 0x0000000082f00000| Untracked 
|  47|0x0000000082f00000, 0x0000000083000000, 0x0000000083000000|100%| O|  |TAMS 0x0000000083000000, 0x0000000083000000| Untracked 
|  48|0x0000000083000000, 0x0000000083100000, 0x0000000083100000|100%| O|  |TAMS 0x0000000083100000, 0x0000000083100000| Untracked 
|  49|0x0000000083100000, 0x0000000083200000, 0x0000000083200000|100%| O|  |TAMS 0x0000000083200000, 0x0000000083200000| Untracked 
|  50|0x0000000083200000, 0x0000000083300000, 0x0000000083300000|100%| O|  |TAMS 0x0000000083300000, 0x0000000083300000| Untracked 
|  51|0x0000000083300000, 0x0000000083400000, 0x0000000083400000|100%| O|  |TAMS 0x00000000833cfe00, 0x0000000083400000| Untracked 
|  52|0x0000000083400000, 0x0000000083403200, 0x0000000083500000|  1%| O|  |TAMS 0x0000000083400000, 0x0000000083403200| Untracked 
|  53|0x0000000083500000, 0x0000000083500000, 0x0000000083600000|  0%| F|  |TAMS 0x0000000083500000, 0x0000000083500000| Untracked 
|  54|0x0000000083600000, 0x0000000083600000, 0x0000000083700000|  0%| F|  |TAMS 0x0000000083600000, 0x0000000083600000| Untracked 
|  55|0x0000000083700000, 0x0000000083700000, 0x0000000083800000|  0%| F|  |TAMS 0x0000000083700000, 0x0000000083700000| Untracked 
|  56|0x0000000083800000, 0x0000000083800000, 0x0000000083900000|  0%| F|  |TAMS 0x0000000083800000, 0x0000000083800000| Untracked 
|  57|0x0000000083900000, 0x0000000083900000, 0x0000000083a00000|  0%| F|  |TAMS 0x0000000083900000, 0x0000000083900000| Untracked 
|  58|0x0000000083a00000, 0x0000000083a00000, 0x0000000083b00000|  0%| F|  |TAMS 0x0000000083a00000, 0x0000000083a00000| Untracked 
|  59|0x0000000083b00000, 0x0000000083b00000, 0x0000000083c00000|  0%| F|  |TAMS 0x0000000083b00000, 0x0000000083b00000| Untracked 
|  60|0x0000000083c00000, 0x0000000083c00000, 0x0000000083d00000|  0%| F|  |TAMS 0x0000000083c00000, 0x0000000083c00000| Untracked 
|  61|0x0000000083d00000, 0x0000000083d00000, 0x0000000083e00000|  0%| F|  |TAMS 0x0000000083d00000, 0x0000000083d00000| Untracked 
|  62|0x0000000083e00000, 0x0000000083e00000, 0x0000000083f00000|  0%| F|  |TAMS 0x0000000083e00000, 0x0000000083e00000| Untracked 
|  63|0x0000000083f00000, 0x0000000083f00000, 0x0000000084000000|  0%| F|  |TAMS 0x0000000083f00000, 0x0000000083f00000| Untracked 
|  64|0x0000000084000000, 0x0000000084000000, 0x0000000084100000|  0%| F|  |TAMS 0x0000000084000000, 0x0000000084000000| Untracked 
|  65|0x0000000084100000, 0x0000000084100000, 0x0000000084200000|  0%| F|  |TAMS 0x0000000084100000, 0x0000000084100000| Untracked 
|  66|0x0000000084200000, 0x0000000084200000, 0x0000000084300000|  0%| F|  |TAMS 0x0000000084200000, 0x0000000084200000| Untracked 
|  67|0x0000000084300000, 0x0000000084300000, 0x0000000084400000|  0%| F|  |TAMS 0x0000000084300000, 0x0000000084300000| Untracked 
|  68|0x0000000084400000, 0x0000000084400000, 0x0000000084500000|  0%| F|  |TAMS 0x0000000084400000, 0x0000000084400000| Untracked 
|  69|0x0000000084500000, 0x0000000084500000, 0x0000000084600000|  0%| F|  |TAMS 0x0000000084500000, 0x0000000084500000| Untracked 
|  70|0x0000000084600000, 0x0000000084600000, 0x0000000084700000|  0%| F|  |TAMS 0x0000000084600000, 0x0000000084600000| Untracked 
|  71|0x0000000084700000, 0x0000000084700000, 0x0000000084800000|  0%| F|  |TAMS 0x0000000084700000, 0x0000000084700000| Untracked 
|  72|0x0000000084800000, 0x0000000084800000, 0x0000000084900000|  0%| F|  |TAMS 0x0000000084800000, 0x0000000084800000| Untracked 
|  73|0x0000000084900000, 0x0000000084900000, 0x0000000084a00000|  0%| F|  |TAMS 0x0000000084900000, 0x0000000084900000| Untracked 
|  74|0x0000000084a00000, 0x0000000084a00000, 0x0000000084b00000|  0%| F|  |TAMS 0x0000000084a00000, 0x0000000084a00000| Untracked 
|  75|0x0000000084b00000, 0x0000000084b00000, 0x0000000084c00000|  0%| F|  |TAMS 0x0000000084b00000, 0x0000000084b00000| Untracked 
|  76|0x0000000084c00000, 0x0000000084c00000, 0x0000000084d00000|  0%| F|  |TAMS 0x0000000084c00000, 0x0000000084c00000| Untracked 
|  77|0x0000000084d00000, 0x0000000084d00000, 0x0000000084e00000|  0%| F|  |TAMS 0x0000000084d00000, 0x0000000084d00000| Untracked 
|  78|0x0000000084e00000, 0x0000000084e00000, 0x0000000084f00000|  0%| F|  |TAMS 0x0000000084e00000, 0x0000000084e00000| Untracked 
|  79|0x0000000084f00000, 0x0000000084f00000, 0x0000000085000000|  0%| F|  |TAMS 0x0000000084f00000, 0x0000000084f00000| Untracked 
|  80|0x0000000085000000, 0x0000000085000000, 0x0000000085100000|  0%| F|  |TAMS 0x0000000085000000, 0x0000000085000000| Untracked 
|  81|0x0000000085100000, 0x0000000085100000, 0x0000000085200000|  0%| F|  |TAMS 0x0000000085100000, 0x0000000085100000| Untracked 
|  82|0x0000000085200000, 0x0000000085200000, 0x0000000085300000|  0%| F|  |TAMS 0x0000000085200000, 0x0000000085200000| Untracked 
|  83|0x0000000085300000, 0x0000000085300000, 0x0000000085400000|  0%| F|  |TAMS 0x0000000085300000, 0x0000000085300000| Untracked 
|  84|0x0000000085400000, 0x0000000085400000, 0x0000000085500000|  0%| F|  |TAMS 0x0000000085400000, 0x0000000085400000| Untracked 
|  85|0x0000000085500000, 0x0000000085500000, 0x0000000085600000|  0%| F|  |TAMS 0x0000000085500000, 0x0000000085500000| Untracked 
|  86|0x0000000085600000, 0x0000000085600000, 0x0000000085700000|  0%| F|  |TAMS 0x0000000085600000, 0x0000000085600000| Untracked 
|  87|0x0000000085700000, 0x0000000085700000, 0x0000000085800000|  0%| F|  |TAMS 0x0000000085700000, 0x0000000085700000| Untracked 
|  88|0x0000000085800000, 0x0000000085800000, 0x0000000085900000|  0%| F|  |TAMS 0x0000000085800000, 0x0000000085800000| Untracked 
|  89|0x0000000085900000, 0x0000000085900000, 0x0000000085a00000|  0%| F|  |TAMS 0x0000000085900000, 0x0000000085900000| Untracked 
|  90|0x0000000085a00000, 0x0000000085a00000, 0x0000000085b00000|  0%| F|  |TAMS 0x0000000085a00000, 0x0000000085a00000| Untracked 
|  91|0x0000000085b00000, 0x0000000085b00000, 0x0000000085c00000|  0%| F|  |TAMS 0x0000000085b00000, 0x0000000085b00000| Untracked 
|  92|0x0000000085c00000, 0x0000000085c00000, 0x0000000085d00000|  0%| F|  |TAMS 0x0000000085c00000, 0x0000000085c00000| Untracked 
|  93|0x0000000085d00000, 0x0000000085d00000, 0x0000000085e00000|  0%| F|  |TAMS 0x0000000085d00000, 0x0000000085d00000| Untracked 
|  94|0x0000000085e00000, 0x0000000085e00000, 0x0000000085f00000|  0%| F|  |TAMS 0x0000000085e00000, 0x0000000085e00000| Untracked 
|  95|0x0000000085f00000, 0x0000000085f00000, 0x0000000086000000|  0%| F|  |TAMS 0x0000000085f00000, 0x0000000085f00000| Untracked 
|  96|0x0000000086000000, 0x0000000086000000, 0x0000000086100000|  0%| F|  |TAMS 0x0000000086000000, 0x0000000086000000| Untracked 
|  97|0x0000000086100000, 0x0000000086100000, 0x0000000086200000|  0%| F|  |TAMS 0x0000000086100000, 0x0000000086100000| Untracked 
|  98|0x0000000086200000, 0x0000000086200000, 0x0000000086300000|  0%| F|  |TAMS 0x0000000086200000, 0x0000000086200000| Untracked 
|  99|0x0000000086300000, 0x0000000086300000, 0x0000000086400000|  0%| F|  |TAMS 0x0000000086300000, 0x0000000086300000| Untracked 
| 100|0x0000000086400000, 0x0000000086400000, 0x0000000086500000|  0%| F|  |TAMS 0x0000000086400000, 0x0000000086400000| Untracked 
| 101|0x0000000086500000, 0x0000000086500000, 0x0000000086600000|  0%| F|  |TAMS 0x0000000086500000, 0x0000000086500000| Untracked 
| 102|0x0000000086600000, 0x0000000086600000, 0x0000000086700000|  0%| F|  |TAMS 0x0000000086600000, 0x0000000086600000| Untracked 
| 103|0x0000000086700000, 0x0000000086700000, 0x0000000086800000|  0%| F|  |TAMS 0x0000000086700000, 0x0000000086700000| Untracked 
| 133|0x0000000088500000, 0x0000000088500000, 0x0000000088600000|  0%| F|  |TAMS 0x0000000088500000, 0x0000000088500000| Untracked 
| 134|0x0000000088600000, 0x0000000088600000, 0x0000000088700000|  0%| F|  |TAMS 0x0000000088600000, 0x0000000088600000| Untracked 
| 135|0x0000000088700000, 0x0000000088700000, 0x0000000088800000|  0%| F|  |TAMS 0x0000000088700000, 0x0000000088700000| Untracked 
| 136|0x0000000088800000, 0x0000000088800000, 0x0000000088900000|  0%| F|  |TAMS 0x0000000088800000, 0x0000000088800000| Untracked 
| 137|0x0000000088900000, 0x0000000088900000, 0x0000000088a00000|  0%| F|  |TAMS 0x0000000088900000, 0x0000000088900000| Untracked 
| 138|0x0000000088a00000, 0x0000000088a00000, 0x0000000088b00000|  0%| F|  |TAMS 0x0000000088a00000, 0x0000000088a00000| Untracked 
| 139|0x0000000088b00000, 0x0000000088b00000, 0x0000000088c00000|  0%| F|  |TAMS 0x0000000088b00000, 0x0000000088b00000| Untracked 
| 140|0x0000000088c00000, 0x0000000088c5ba40, 0x0000000088d00000| 35%| S|CS|TAMS 0x0000000088c00000, 0x0000000088c00000| Complete 
| 141|0x0000000088d00000, 0x0000000088d00000, 0x0000000088e00000|  0%| F|  |TAMS 0x0000000088d00000, 0x0000000088d00000| Untracked 
| 142|0x0000000088e00000, 0x0000000088e00000, 0x0000000088f00000|  0%| F|  |TAMS 0x0000000088e00000, 0x0000000088e00000| Untracked 
| 143|0x0000000088f00000, 0x0000000088f00000, 0x0000000089000000|  0%| F|  |TAMS 0x0000000088f00000, 0x0000000088f00000| Untracked 
| 144|0x0000000089000000, 0x0000000089000000, 0x0000000089100000|  0%| F|  |TAMS 0x0000000089000000, 0x0000000089000000| Untracked 
| 251|0x000000008fb00000, 0x000000008fb00000, 0x000000008fc00000|  0%| F|  |TAMS 0x000000008fb00000, 0x000000008fb00000| Untracked 

Card table byte_map: [0x000001b17c1d0000,0x000001b17c5d0000] _byte_map_base: 0x000001b17bdd0000

Marking Bits (Prev, Next): (CMBitMap*) 0x000001b17b50e5b0, (CMBitMap*) 0x000001b17b50e570
 Prev Bits: [0x000001b116aa0000, 0x000001b118aa0000)
 Next Bits: [0x000001b17c9d0000, 0x000001b17e9d0000)

Polling page: 0x000001b179400000

Metaspace:

Usage:
  Non-class:     49.29 MB used.
      Class:      7.92 MB used.
       Both:     57.20 MB used.

Virtual space:
  Non-class space:       64.00 MB reserved,      49.56 MB ( 77%) committed,  1 nodes.
      Class space:      416.00 MB reserved,       8.19 MB (  2%) committed,  1 nodes.
             Both:      480.00 MB reserved,      57.75 MB ( 12%) committed. 

Chunk freelists:
   Non-Class:  13.56 MB
       Class:  7.78 MB
        Both:  21.35 MB

MaxMetaspaceSize: 512.00 MB
CompressedClassSpaceSize: 416.00 MB
Initial GC threshold: 21.00 MB
Current GC threshold: 96.06 MB
CDS: on
MetaspaceReclaimPolicy: balanced
 - commit_granule_bytes: 65536.
 - commit_granule_words: 8192.
 - virtual_space_node_default_size: 8388608.
 - enlarge_chunks_in_place: 1.
 - new_chunks_are_fully_committed: 0.
 - uncommit_free_chunks: 1.
 - use_allocation_guard: 0.
 - handle_deallocations: 1.


Internal statistics:

num_allocs_failed_limit: 6.
num_arena_births: 714.
num_arena_deaths: 0.
num_vsnodes_births: 2.
num_vsnodes_deaths: 0.
num_space_committed: 924.
num_space_uncommitted: 0.
num_chunks_returned_to_freelist: 6.
num_chunks_taken_from_freelist: 3063.
num_chunk_merges: 6.
num_chunk_splits: 2038.
num_chunks_enlarged: 1354.
num_inconsistent_stats: 0.

CodeHeap 'non-profiled nmethods': size=119168Kb used=4800Kb max_used=4800Kb free=114367Kb
 bounds [0x000001b10f640000, 0x000001b10fb00000, 0x000001b116aa0000]
CodeHeap 'profiled nmethods': size=119104Kb used=14765Kb max_used=14765Kb free=104338Kb
 bounds [0x000001b107aa0000, 0x000001b108910000, 0x000001b10eef0000]
CodeHeap 'non-nmethods': size=7488Kb used=2353Kb max_used=4062Kb free=5134Kb
 bounds [0x000001b10eef0000, 0x000001b10f380000, 0x000001b10f640000]
 total_blobs=8483 nmethods=7602 adapters=793
 compilation: enabled
              stopped_count=0, restarted_count=0
 full_count=0

Compilation events (20 events):
Event: 8254.047 Thread 0x000001b17f846490 8411       3       java.util.regex.Pattern::matches (16 bytes)
Event: 8254.047 Thread 0x000001b17f846490 nmethod 8411 0x000001b108907190 code [0x000001b108907360, 0x000001b108907648]
Event: 8254.050 Thread 0x000001b17f846490 8413       3       org.gradle.internal.jvm.Jvm::<init> (41 bytes)
Event: 8254.212 Thread 0x000001b17f846490 nmethod 8413 0x000001b108907790 code [0x000001b108907940, 0x000001b108907cc8]
Event: 8254.212 Thread 0x000001b17f846490 8414       3       org.gradle.internal.jvm.Jvm::findJavaHome (56 bytes)
Event: 8254.215 Thread 0x000001b17f846490 nmethod 8414 0x000001b108907d90 code [0x000001b108908020, 0x000001b108908928]
Event: 8254.217 Thread 0x000001b17f846490 8418       3       java.lang.AbstractStringBuilder::appendNull (83 bytes)
Event: 8254.218 Thread 0x000001b17f846490 nmethod 8418 0x000001b108908c90 code [0x000001b108908e60, 0x000001b1089091b8]
Event: 8256.825 Thread 0x000001b17f843770 8419       4       java.util.concurrent.locks.AbstractQueuedSynchronizer$ConditionObject::signal (34 bytes)
Event: 8256.833 Thread 0x000001b17f843770 nmethod 8419 0x000001b10faede10 code [0x000001b10faedfa0, 0x000001b10faee708]
Event: 8257.374 Thread 0x000001b17f846490 8420       3       com.google.common.collect.TransformedIterator::<init> (16 bytes)
Event: 8258.162 Thread 0x000001b17f846490 nmethod 8420 0x000001b108909390 code [0x000001b108909560, 0x000001b1089099a8]
Event: 8258.163 Thread 0x000001b17f843770 8421       4       java.util.concurrent.ScheduledThreadPoolExecutor$DelayedWorkQueue::add (9 bytes)
Event: 8262.295 Thread 0x000001b17f846490 8429       3       java.util.AbstractCollection::containsAll (38 bytes)
Event: 8264.780 Thread 0x000001b17f846490 nmethod 8429 0x000001b108909b10 code [0x000001b108909d00, 0x000001b10890a238]
Event: 8269.265 Thread 0x000001b17f846490 8430       3       org.gradle.util.internal.CollectionUtils::filter (18 bytes)
Event: 8279.304 Thread 0x000001b17f846490 nmethod 8430 0x000001b10890a390 code [0x000001b10890a580, 0x000001b10890a9b8]
Event: 8279.305 Thread 0x000001b17f846490 8431       3       org.gradle.util.internal.CollectionUtils::filter (49 bytes)
Event: 8279.315 Thread 0x000001b17f846490 nmethod 8431 0x000001b10890ab10 code [0x000001b10890ad00, 0x000001b10890b2c8]
Event: 8279.409 Thread 0x000001b17f843770 nmethod 8421 0x000001b10faee990 code [0x000001b10faeeb80, 0x000001b10faefaf0]

GC Heap History (20 events):
Event: 826.389 GC heap after
{Heap after GC invocations=28 (full 0):
 garbage-first heap   total 92160K, used 52887K [0x0000000080000000, 0x0000000100000000)
  region size 1024K, 2 young (2048K), 2 survivors (2048K)
 Metaspace       used 58380K, committed 59008K, reserved 491520K
  class space    used 8102K, committed 8384K, reserved 425984K
}
Event: 832.951 GC heap before
{Heap before GC invocations=28 (full 0):
 garbage-first heap   total 92160K, used 54935K [0x0000000080000000, 0x0000000100000000)
  region size 1024K, 4 young (4096K), 2 survivors (2048K)
 Metaspace       used 58382K, committed 59008K, reserved 491520K
  class space    used 8102K, committed 8384K, reserved 425984K
}
Event: 833.035 GC heap after
{Heap after GC invocations=29 (full 0):
 garbage-first heap   total 92160K, used 52667K [0x0000000080000000, 0x0000000100000000)
  region size 1024K, 1 young (1024K), 1 survivors (1024K)
 Metaspace       used 58382K, committed 59008K, reserved 491520K
  class space    used 8102K, committed 8384K, reserved 425984K
}
Event: 904.400 GC heap before
{Heap before GC invocations=29 (full 0):
 garbage-first heap   total 92160K, used 79291K [0x0000000080000000, 0x0000000100000000)
  region size 1024K, 27 young (27648K), 1 survivors (1024K)
 Metaspace       used 58389K, committed 59008K, reserved 491520K
  class space    used 8102K, committed 8384K, reserved 425984K
}
Event: 904.488 GC heap after
{Heap after GC invocations=30 (full 0):
 garbage-first heap   total 92160K, used 52719K [0x0000000080000000, 0x0000000100000000)
  region size 1024K, 1 young (1024K), 1 survivors (1024K)
 Metaspace       used 58389K, committed 59008K, reserved 491520K
  class space    used 8102K, committed 8384K, reserved 425984K
}
Event: 976.420 GC heap before
{Heap before GC invocations=31 (full 0):
 garbage-first heap   total 92160K, used 78319K [0x0000000080000000, 0x0000000100000000)
  region size 1024K, 27 young (27648K), 1 survivors (1024K)
 Metaspace       used 58399K, committed 59008K, reserved 491520K
  class space    used 8102K, committed 8384K, reserved 425984K
}
Event: 976.441 GC heap after
{Heap after GC invocations=32 (full 0):
 garbage-first heap   total 119808K, used 52901K [0x0000000080000000, 0x0000000100000000)
  region size 1024K, 1 young (1024K), 1 survivors (1024K)
 Metaspace       used 58399K, committed 59008K, reserved 491520K
  class space    used 8102K, committed 8384K, reserved 425984K
}
Event: 1111.540 GC heap before
{Heap before GC invocations=32 (full 0):
 garbage-first heap   total 119808K, used 102053K [0x0000000080000000, 0x0000000100000000)
  region size 1024K, 49 young (50176K), 1 survivors (1024K)
 Metaspace       used 58435K, committed 59072K, reserved 491520K
  class space    used 8102K, committed 8384K, reserved 425984K
}
Event: 1111.589 GC heap after
{Heap after GC invocations=33 (full 0):
 garbage-first heap   total 119808K, used 53313K [0x0000000080000000, 0x0000000100000000)
  region size 1024K, 2 young (2048K), 2 survivors (2048K)
 Metaspace       used 58435K, committed 59072K, reserved 491520K
  class space    used 8102K, committed 8384K, reserved 425984K
}
Event: 8226.622 GC heap before
{Heap before GC invocations=33 (full 0):
 garbage-first heap   total 119808K, used 102465K [0x0000000080000000, 0x0000000100000000)
  region size 1024K, 50 young (51200K), 2 survivors (2048K)
 Metaspace       used 58561K, committed 59136K, reserved 491520K
  class space    used 8106K, committed 8384K, reserved 425984K
}
Event: 8226.797 GC heap after
{Heap after GC invocations=34 (full 0):
 garbage-first heap   total 119808K, used 53645K [0x0000000080000000, 0x0000000100000000)
  region size 1024K, 2 young (2048K), 2 survivors (2048K)
 Metaspace       used 58561K, committed 59136K, reserved 491520K
  class space    used 8106K, committed 8384K, reserved 425984K
}
Event: 8258.948 GC heap before
{Heap before GC invocations=34 (full 0):
 garbage-first heap   total 119808K, used 102797K [0x0000000080000000, 0x0000000100000000)
  region size 1024K, 50 young (51200K), 2 survivors (2048K)
 Metaspace       used 58572K, committed 59136K, reserved 491520K
  class space    used 8106K, committed 8384K, reserved 425984K
}
Event: 8261.871 GC heap after
{Heap after GC invocations=35 (full 0):
 garbage-first heap   total 119808K, used 53638K [0x0000000080000000, 0x0000000100000000)
  region size 1024K, 2 young (2048K), 2 survivors (2048K)
 Metaspace       used 58572K, committed 59136K, reserved 491520K
  class space    used 8106K, committed 8384K, reserved 425984K
}
Event: 8262.666 GC heap before
{Heap before GC invocations=35 (full 0):
 garbage-first heap   total 119808K, used 56710K [0x0000000080000000, 0x0000000100000000)
  region size 1024K, 5 young (5120K), 2 survivors (2048K)
 Metaspace       used 58572K, committed 59136K, reserved 491520K
  class space    used 8106K, committed 8384K, reserved 425984K
}
Event: 8264.518 GC heap after
{Heap after GC invocations=36 (full 0):
 garbage-first heap   total 119808K, used 53661K [0x0000000080000000, 0x0000000100000000)
  region size 1024K, 1 young (1024K), 1 survivors (1024K)
 Metaspace       used 58572K, committed 59136K, reserved 491520K
  class space    used 8106K, committed 8384K, reserved 425984K
}
Event: 8265.087 GC heap before
{Heap before GC invocations=36 (full 0):
 garbage-first heap   total 119808K, used 57757K [0x0000000080000000, 0x0000000100000000)
  region size 1024K, 5 young (5120K), 1 survivors (1024K)
 Metaspace       used 58572K, committed 59136K, reserved 491520K
  class space    used 8106K, committed 8384K, reserved 425984K
}
Event: 8269.068 GC heap after
{Heap after GC invocations=37 (full 0):
 garbage-first heap   total 119808K, used 53557K [0x0000000080000000, 0x0000000100000000)
  region size 1024K, 1 young (1024K), 1 survivors (1024K)
 Metaspace       used 58572K, committed 59136K, reserved 491520K
  class space    used 8106K, committed 8384K, reserved 425984K
}
Event: 8278.936 GC heap before
{Heap before GC invocations=37 (full 0):
 garbage-first heap   total 119808K, used 57653K [0x0000000080000000, 0x0000000100000000)
  region size 1024K, 5 young (5120K), 1 survivors (1024K)
 Metaspace       used 58573K, committed 59136K, reserved 491520K
  class space    used 8106K, committed 8384K, reserved 425984K
}
Event: 8279.303 GC heap after
{Heap after GC invocations=38 (full 0):
 garbage-first heap   total 119808K, used 53520K [0x0000000080000000, 0x0000000100000000)
  region size 1024K, 1 young (1024K), 1 survivors (1024K)
 Metaspace       used 58573K, committed 59136K, reserved 491520K
  class space    used 8106K, committed 8384K, reserved 425984K
}
Event: 8279.465 GC heap before
{Heap before GC invocations=38 (full 0):
 garbage-first heap   total 119808K, used 57616K [0x0000000080000000, 0x0000000100000000)
  region size 1024K, 5 young (5120K), 1 survivors (1024K)
 Metaspace       used 58574K, committed 59136K, reserved 491520K
  class space    used 8106K, committed 8384K, reserved 425984K
}

Dll operation events (13 events):
Event: 0.976 Loaded shared library C:\Program Files\Eclipse Adoptium\jdk-17.0.15.6-hotspot\bin\java.dll
Event: 1.313 Loaded shared library C:\Program Files\Eclipse Adoptium\jdk-17.0.15.6-hotspot\bin\jsvml.dll
Event: 2.673 Loaded shared library C:\Program Files\Eclipse Adoptium\jdk-17.0.15.6-hotspot\bin\net.dll
Event: 2.816 Loaded shared library C:\Program Files\Eclipse Adoptium\jdk-17.0.15.6-hotspot\bin\nio.dll
Event: 2.959 Loaded shared library C:\Program Files\Eclipse Adoptium\jdk-17.0.15.6-hotspot\bin\zip.dll
Event: 8.169 Loaded shared library C:\Program Files\Eclipse Adoptium\jdk-17.0.15.6-hotspot\bin\jimage.dll
Event: 10.697 Loaded shared library C:\Program Files\Eclipse Adoptium\jdk-17.0.15.6-hotspot\bin\verify.dll
Event: 14.765 Loaded shared library C:\Users\karth\.gradle\native\68d5fa5c4cc2d200863cafc0d521ce42e7d3e7ee720ec0a83991735586a16f82\windows-amd64\native-platform.dll
Event: 15.135 Loaded shared library C:\Users\karth\.gradle\native\e376f236ea51e6404a007f0833ffe2c6e607c4080706a723a18a27aeea778392\windows-amd64\native-platform-file-events.dll
Event: 25.520 Loaded shared library C:\Program Files\Eclipse Adoptium\jdk-17.0.15.6-hotspot\bin\management.dll
Event: 25.528 Loaded shared library C:\Program Files\Eclipse Adoptium\jdk-17.0.15.6-hotspot\bin\management_ext.dll
Event: 26.969 Loaded shared library C:\Program Files\Eclipse Adoptium\jdk-17.0.15.6-hotspot\bin\extnet.dll
Event: 35.495 Loaded shared library C:\Program Files\Eclipse Adoptium\jdk-17.0.15.6-hotspot\bin\sunmscapi.dll

Deoptimization events (20 events):
Event: 812.946 Thread 0x000001b13b8f7180 Uncommon trap: trap_request=0xffffff45 fr.pc=0x000001b10f67c5f0 relative=0x0000000000000630
Event: 812.946 Thread 0x000001b13b8f7180 Uncommon trap: reason=unstable_if action=reinterpret pc=0x000001b10f67c5f0 method=java.lang.AbstractStringBuilder.append(Ljava/lang/String;)Ljava/lang/AbstractStringBuilder; @ 1 c2
Event: 812.946 Thread 0x000001b13b8f7180 DEOPT PACKING pc=0x000001b10f67c5f0 sp=0x000000769ddfe7c0
Event: 812.946 Thread 0x000001b13b8f7180 DEOPT UNPACKING pc=0x000001b10ef469a3 sp=0x000000769ddfe7a8 mode 2
Event: 911.361 Thread 0x000001b13b4c3a90 Uncommon trap: trap_request=0xffffff45 fr.pc=0x000001b10f80d5a0 relative=0x0000000000001160
Event: 911.361 Thread 0x000001b13b4c3a90 Uncommon trap: reason=unstable_if action=reinterpret pc=0x000001b10f80d5a0 method=java.util.concurrent.locks.ReentrantLock$NonfairSync.tryAcquire(I)Z @ 13 c2
Event: 911.361 Thread 0x000001b13b4c3a90 DEOPT PACKING pc=0x000001b10f80d5a0 sp=0x000000769e1f7a00
Event: 911.363 Thread 0x000001b13b4c3a90 DEOPT UNPACKING pc=0x000001b10ef469a3 sp=0x000000769e1f7948 mode 2
Event: 1109.279 Thread 0x000001b13b4c44b0 Uncommon trap: trap_request=0xfffffff4 fr.pc=0x000001b10fa993b8 relative=0x0000000000001798
Event: 1109.282 Thread 0x000001b13b4c44b0 Uncommon trap: reason=null_check action=make_not_entrant pc=0x000001b10fa993b8 method=org.gradle.cache.internal.locklistener.DefaultFileLockContentionHandler.acceptConfirmationAsLockRequester(Lorg/gradle/cache/internal/locklistener/FileLockPacketPayload;L
Event: 1109.282 Thread 0x000001b13b4c44b0 DEOPT PACKING pc=0x000001b10fa993b8 sp=0x000000769e6ff0f0
Event: 1109.286 Thread 0x000001b13b4c44b0 DEOPT UNPACKING pc=0x000001b10ef469a3 sp=0x000000769e6ff068 mode 2
Event: 1611.504 Thread 0x000001b13b4c3a90 Uncommon trap: trap_request=0xffffff45 fr.pc=0x000001b10f6bcd44 relative=0x0000000000000124
Event: 1611.505 Thread 0x000001b13b4c3a90 Uncommon trap: reason=unstable_if action=reinterpret pc=0x000001b10f6bcd44 method=org.gradle.internal.time.DefaultCountdownTimer.hasExpired()Z @ 6 c2
Event: 1611.505 Thread 0x000001b13b4c3a90 DEOPT PACKING pc=0x000001b10f6bcd44 sp=0x000000769e1f7b40
Event: 1611.506 Thread 0x000001b13b4c3a90 DEOPT UNPACKING pc=0x000001b10ef469a3 sp=0x000000769e1f7b08 mode 2
Event: 1611.507 Thread 0x000001b13b4c3a90 Uncommon trap: trap_request=0xffffff45 fr.pc=0x000001b10f770078 relative=0x0000000000006438
Event: 1611.509 Thread 0x000001b13b4c3a90 Uncommon trap: reason=unstable_if action=reinterpret pc=0x000001b10f770078 method=org.gradle.internal.io.ExponentialBackoff.retryUntil(Lorg/gradle/internal/io/IOQuery;)Ljava/lang/Object; @ 25 c2
Event: 1611.509 Thread 0x000001b13b4c3a90 DEOPT PACKING pc=0x000001b10f770078 sp=0x000000769e1f7ba0
Event: 1611.510 Thread 0x000001b13b4c3a90 DEOPT UNPACKING pc=0x000001b10ef469a3 sp=0x000000769e1f7c18 mode 2

Classes loaded (20 events):
Event: 697.376 Loading class java/lang/Byte$ByteCache
Event: 697.376 Loading class java/lang/Byte$ByteCache done
Event: 697.485 Loading class java/util/regex/Pattern$SliceI
Event: 697.485 Loading class java/util/regex/Pattern$SliceI done
Event: 707.124 Loading class jdk/internal/loader/URLClassPath$FileLoader
Event: 707.124 Loading class jdk/internal/loader/URLClassPath$FileLoader done
Event: 707.140 Loading class jdk/internal/loader/URLClassPath$FileLoader$1
Event: 707.140 Loading class jdk/internal/loader/URLClassPath$FileLoader$1 done
Event: 707.585 Loading class java/lang/AbstractMethodError
Event: 707.585 Loading class java/lang/AbstractMethodError done
Event: 707.637 Loading class java/time/temporal/WeekFields
Event: 707.637 Loading class java/time/temporal/WeekFields done
Event: 707.637 Loading class java/time/temporal/WeekFields$ComputedDayOfField
Event: 707.638 Loading class java/time/temporal/WeekFields$ComputedDayOfField done
Event: 707.642 Loading class java/time/Month$1
Event: 707.642 Loading class java/time/Month$1 done
Event: 707.648 Loading class java/nio/channels/Channels
Event: 707.648 Loading class java/nio/channels/Channels done
Event: 707.648 Loading class java/nio/channels/Channels$1
Event: 707.649 Loading class java/nio/channels/Channels$1 done

Classes unloaded (0 events):
No events

Classes redefined (0 events):
No events

Internal exceptions (20 events):
Event: 708.822 Thread 0x000001b13b4c3a90 Exception <a 'java/lang/ClassNotFoundException'{0x00000000885b7090}: org/gradle/api/internal/initialization/DefaultScriptHandlerCustomizer> (0x00000000885b7090) 
thrown [s\src\hotspot\share\classfile\systemDictionary.cpp, line 256]
Event: 708.842 Thread 0x000001b13b4c3a90 Exception <a 'java/lang/ClassNotFoundException'{0x00000000843c7be8}: org/gradle/api/internal/artifacts/dsl/DefaultRepositoryHandler_DecoratedBeanInfo> (0x00000000843c7be8) 
thrown [s\src\hotspot\share\classfile\systemDictionary.cpp, line 256]
Event: 708.843 Thread 0x000001b13b4c3a90 Exception <a 'java/lang/ClassNotFoundException'{0x00000000843dfd38}: org/gradle/api/internal/artifacts/dsl/DefaultRepositoryHandlerBeanInfo> (0x00000000843dfd38) 
thrown [s\src\hotspot\share\classfile\systemDictionary.cpp, line 256]
Event: 708.844 Thread 0x000001b13b4c3a90 Exception <a 'java/lang/ClassNotFoundException'{0x00000000843f88c0}: org/gradle/api/internal/artifacts/DefaultArtifactRepositoryContainerBeanInfo> (0x00000000843f88c0) 
thrown [s\src\hotspot\share\classfile\systemDictionary.cpp, line 256]
Event: 708.845 Thread 0x000001b13b4c3a90 Exception <a 'java/lang/ClassNotFoundException'{0x000000008420d648}: org/gradle/api/internal/DefaultNamedDomainObjectListBeanInfo> (0x000000008420d648) 
thrown [s\src\hotspot\share\classfile\systemDictionary.cpp, line 256]
Event: 708.846 Thread 0x000001b13b4c3a90 Exception <a 'java/lang/ClassNotFoundException'{0x00000000842225f0}: org/gradle/api/internal/DefaultNamedDomainObjectCollectionBeanInfo> (0x00000000842225f0) 
thrown [s\src\hotspot\share\classfile\systemDictionary.cpp, line 256]
Event: 708.846 Thread 0x000001b13b4c3a90 Exception <a 'java/lang/ClassNotFoundException'{0x00000000842373d8}: org/gradle/api/internal/DefaultDomainObjectCollectionBeanInfo> (0x00000000842373d8) 
thrown [s\src\hotspot\share\classfile\systemDictionary.cpp, line 256]
Event: 708.847 Thread 0x000001b13b4c3a90 Exception <a 'java/lang/ClassNotFoundException'{0x000000008424c2f8}: org/gradle/api/internal/DefaultDomainObjectCollectionCustomizer> (0x000000008424c2f8) 
thrown [s\src\hotspot\share\classfile\systemDictionary.cpp, line 256]
Event: 708.850 Thread 0x000001b13b4c3a90 Exception <a 'java/lang/ClassNotFoundException'{0x0000000084289710}: org/gradle/api/internal/DefaultNamedDomainObjectCollectionCustomizer> (0x0000000084289710) 
thrown [s\src\hotspot\share\classfile\systemDictionary.cpp, line 256]
Event: 708.853 Thread 0x000001b13b4c3a90 Exception <a 'java/lang/ClassNotFoundException'{0x00000000842d1418}: org/gradle/api/internal/DefaultNamedDomainObjectListCustomizer> (0x00000000842d1418) 
thrown [s\src\hotspot\share\classfile\systemDictionary.cpp, line 256]
Event: 708.856 Thread 0x000001b13b4c3a90 Exception <a 'java/lang/ClassNotFoundException'{0x0000000084015f38}: org/gradle/api/internal/artifacts/DefaultArtifactRepositoryContainerCustomizer> (0x0000000084015f38) 
thrown [s\src\hotspot\share\classfile\systemDictionary.cpp, line 256]
Event: 708.858 Thread 0x000001b13b4c3a90 Exception <a 'java/lang/ClassNotFoundException'{0x0000000084056740}: org/gradle/api/internal/artifacts/dsl/DefaultRepositoryHandlerCustomizer> (0x0000000084056740) 
thrown [s\src\hotspot\share\classfile\systemDictionary.cpp, line 256]
Event: 708.861 Thread 0x000001b13b4c3a90 Exception <a 'java/lang/ClassNotFoundException'{0x00000000840a4d50}: org/gradle/api/internal/artifacts/dsl/DefaultRepositoryHandler_DecoratedCustomizer> (0x00000000840a4d50) 
thrown [s\src\hotspot\share\classfile\systemDictionary.cpp, line 256]
Event: 708.873 Thread 0x000001b13b4c3a90 Exception <a 'java/lang/ClassNotFoundException'{0x0000000083f384f0}: org/gradle/api/internal/artifacts/dsl/dependencies/DefaultDependencyHandler_DecoratedBeanInfo> (0x0000000083f384f0) 
thrown [s\src\hotspot\share\classfile\systemDictionary.cpp, line 256]
Event: 708.874 Thread 0x000001b13b4c3a90 Exception <a 'java/lang/ClassNotFoundException'{0x0000000083f50328}: org/gradle/api/internal/artifacts/dsl/dependencies/DefaultDependencyHandlerBeanInfo> (0x0000000083f50328) 
thrown [s\src\hotspot\share\classfile\systemDictionary.cpp, line 256]
Event: 708.875 Thread 0x000001b13b4c3a90 Exception <a 'java/lang/ClassNotFoundException'{0x0000000083f67e98}: org/gradle/api/internal/artifacts/dsl/dependencies/DefaultDependencyHandlerCustomizer> (0x0000000083f67e98) 
thrown [s\src\hotspot\share\classfile\systemDictionary.cpp, line 256]
Event: 708.878 Thread 0x000001b13b4c3a90 Exception <a 'java/lang/ClassNotFoundException'{0x0000000083fb1db0}: org/gradle/api/internal/artifacts/dsl/dependencies/DefaultDependencyHandler_DecoratedCustomizer> (0x0000000083fb1db0) 
thrown [s\src\hotspot\share\classfile\systemDictionary.cpp, line 256]
Event: 812.945 Thread 0x000001b13b8f7180 Implicit null exception at 0x000001b10f6977f2 to 0x000001b10f697dc8
Event: 812.946 Thread 0x000001b13b8f7180 Implicit null exception at 0x000001b10f67bff2 to 0x000001b10f67c5d8
Event: 1109.279 Thread 0x000001b13b4c44b0 Implicit null exception at 0x000001b10fa97d91 to 0x000001b10fa993ab

VM Operations (20 events):
Event: 8226.523 Executing VM operation: Cleanup done
Event: 8226.580 Executing VM operation: G1CollectForAllocation
Event: 8226.798 Executing VM operation: G1CollectForAllocation done
Event: 8238.090 Executing VM operation: Cleanup
Event: 8238.127 Executing VM operation: Cleanup done
Event: 8239.137 Executing VM operation: Cleanup
Event: 8239.232 Executing VM operation: Cleanup done
Event: 8244.262 Executing VM operation: Cleanup
Event: 8244.755 Executing VM operation: Cleanup done
Event: 8245.768 Executing VM operation: Cleanup
Event: 8245.989 Executing VM operation: Cleanup done
Event: 8258.534 Executing VM operation: G1CollectForAllocation
Event: 8261.872 Executing VM operation: G1CollectForAllocation done
Event: 8262.304 Executing VM operation: G1CollectForAllocation
Event: 8264.518 Executing VM operation: G1CollectForAllocation done
Event: 8264.862 Executing VM operation: G1CollectForAllocation
Event: 8269.069 Executing VM operation: G1CollectForAllocation done
Event: 8269.819 Executing VM operation: G1CollectForAllocation
Event: 8279.303 Executing VM operation: G1CollectForAllocation done
Event: 8279.376 Executing VM operation: G1CollectForAllocation

Memory protections (0 events):
No events

Nmethod flushes (20 events):
Event: 583.110 Thread 0x000001b17f849920 flushing  nmethod 0x000001b108263810
Event: 583.110 Thread 0x000001b17f849920 flushing  nmethod 0x000001b108266410
Event: 583.110 Thread 0x000001b17f849920 flushing  nmethod 0x000001b108276e90
Event: 583.110 Thread 0x000001b17f849920 flushing  nmethod 0x000001b108299090
Event: 583.110 Thread 0x000001b17f849920 flushing  nmethod 0x000001b10829f790
Event: 583.110 Thread 0x000001b17f849920 flushing  nmethod 0x000001b1082a4b10
Event: 583.110 Thread 0x000001b17f849920 flushing  nmethod 0x000001b1082a5410
Event: 583.110 Thread 0x000001b17f849920 flushing  nmethod 0x000001b1082a5c10
Event: 583.110 Thread 0x000001b17f849920 flushing  nmethod 0x000001b1082abd90
Event: 583.110 Thread 0x000001b17f849920 flushing  nmethod 0x000001b1082c8890
Event: 583.110 Thread 0x000001b17f849920 flushing  nmethod 0x000001b108303e90
Event: 583.110 Thread 0x000001b17f849920 flushing  nmethod 0x000001b10830ae90
Event: 583.110 Thread 0x000001b17f849920 flushing  nmethod 0x000001b10831a510
Event: 583.110 Thread 0x000001b17f849920 flushing  nmethod 0x000001b10834ea90
Event: 583.111 Thread 0x000001b17f849920 flushing  nmethod 0x000001b10835b090
Event: 583.111 Thread 0x000001b17f849920 flushing  nmethod 0x000001b1083f6590
Event: 583.111 Thread 0x000001b17f849920 flushing  nmethod 0x000001b10841af90
Event: 583.111 Thread 0x000001b17f849920 flushing  nmethod 0x000001b108439110
Event: 583.111 Thread 0x000001b17f849920 flushing  nmethod 0x000001b10845d010
Event: 707.437 Thread 0x000001b17f849920 flushing  nmethod 0x000001b107b12e90

Events (20 events):
Event: 1062.068 Thread 0x000001b17f846490 Thread added: 0x000001b17f7cf550
Event: 1062.919 Thread 0x000001b17f7cf550 Thread exited: 0x000001b17f7cf550
Event: 1067.930 Thread 0x000001b13dcbc800 Thread exited: 0x000001b13dcbc800
Event: 1077.929 Thread 0x000001b13dace820 Thread exited: 0x000001b13dace820
Event: 1080.576 Thread 0x000001b17f846490 Thread added: 0x000001b13dcbc800
Event: 1085.600 Thread 0x000001b13dcbc800 Thread exited: 0x000001b13dcbc800
Event: 1151.984 Thread 0x000001b17f846490 Thread added: 0x000001b13af2fac0
Event: 1151.985 Thread 0x000001b17f846490 Thread added: 0x000001b13af2ffe0
Event: 1151.991 Thread 0x000001b13af2fac0 Thread added: 0x000001b13af30d10
Event: 1152.930 Thread 0x000001b13af30d10 Thread exited: 0x000001b13af30d10
Event: 1152.930 Thread 0x000001b13af2ffe0 Thread exited: 0x000001b13af2ffe0
Event: 1152.930 Thread 0x000001b13af2fac0 Thread exited: 0x000001b13af2fac0
Event: 1166.113 Thread 0x000001b17f846490 Thread added: 0x000001b13af2fac0
Event: 1612.440 Thread 0x000001b13af2fac0 Thread exited: 0x000001b13af2fac0
Event: 8223.024 Thread 0x000001b17f846490 Thread added: 0x000001b13b5af840
Event: 8223.028 Thread 0x000001b17f846490 Thread added: 0x000001b13af30d10
Event: 8223.028 Thread 0x000001b17f846490 Thread added: 0x000001b13af31230
Event: 8224.675 Thread 0x000001b13af31230 Thread exited: 0x000001b13af31230
Event: 8225.637 Thread 0x000001b13af30d10 Thread exited: 0x000001b13af30d10
Event: 8225.642 Thread 0x000001b13b5af840 Thread exited: 0x000001b13b5af840


Dynamic libraries:
0x00007ff687c40000 - 0x00007ff687c4e000 	C:\Program Files\Eclipse Adoptium\jdk-17.0.15.6-hotspot\bin\java.exe
0x00007fffc3680000 - 0x00007fffc38e6000 	C:\WINDOWS\SYSTEM32\ntdll.dll
0x00007fffc2160000 - 0x00007fffc2229000 	C:\WINDOWS\System32\KERNEL32.DLL
0x00007fffc0ae0000 - 0x00007fffc0eac000 	C:\WINDOWS\System32\KERNELBASE.dll
0x0000000070320000 - 0x00000000703bd000 	C:\ProgramData\Symantec\Symantec Endpoint Protection\14.3.9205.6000.105\Data\Sysfer\x64\sysfer.dll
0x00007fffc0810000 - 0x00007fffc095b000 	C:\WINDOWS\System32\ucrtbase.dll
0x00007fff9be20000 - 0x00007fff9be37000 	C:\Program Files\Eclipse Adoptium\jdk-17.0.15.6-hotspot\bin\jli.dll
0x00007fffc14c0000 - 0x00007fffc168a000 	C:\WINDOWS\System32\USER32.dll
0x00007fff99aa0000 - 0x00007fff99abe000 	C:\Program Files\Eclipse Adoptium\jdk-17.0.15.6-hotspot\bin\VCRUNTIME140.dll
0x00007fffc1360000 - 0x00007fffc1387000 	C:\WINDOWS\System32\win32u.dll
0x00007fffc1730000 - 0x00007fffc175b000 	C:\WINDOWS\System32\GDI32.dll
0x00007fffc0f70000 - 0x00007fffc10a2000 	C:\WINDOWS\System32\gdi32full.dll
0x00007fffa61a0000 - 0x00007fffa643a000 	C:\WINDOWS\WinSxS\amd64_microsoft.windows.common-controls_6595b64144ccf1df_6.0.26100.3912_none_3e07963ce335137e\COMCTL32.dll
0x00007fffc3590000 - 0x00007fffc3639000 	C:\WINDOWS\System32\msvcrt.dll
0x00007fffc1390000 - 0x00007fffc1433000 	C:\WINDOWS\System32\msvcp_win.dll
0x00007fffc2850000 - 0x00007fffc2880000 	C:\WINDOWS\System32\IMM32.DLL
0x00007fffa4250000 - 0x00007fffa425c000 	C:\Program Files\Eclipse Adoptium\jdk-17.0.15.6-hotspot\bin\vcruntime140_1.dll
0x00007fff7c670000 - 0x00007fff7c6fd000 	C:\Program Files\Eclipse Adoptium\jdk-17.0.15.6-hotspot\bin\msvcp140.dll
0x00007fff3e940000 - 0x00007fff3f5ab000 	C:\Program Files\Eclipse Adoptium\jdk-17.0.15.6-hotspot\bin\server\jvm.dll
0x00007fffc2e40000 - 0x00007fffc2ef2000 	C:\WINDOWS\System32\ADVAPI32.dll
0x00007fffc1760000 - 0x00007fffc1806000 	C:\WINDOWS\System32\sechost.dll
0x00007fffc2040000 - 0x00007fffc2156000 	C:\WINDOWS\System32\RPCRT4.dll
0x00007fffc3500000 - 0x00007fffc3574000 	C:\WINDOWS\System32\WS2_32.dll
0x00007fffc0680000 - 0x00007fffc06de000 	C:\WINDOWS\SYSTEM32\POWRPROF.dll
0x00007fffb52a0000 - 0x00007fffb52d6000 	C:\WINDOWS\SYSTEM32\WINMM.dll
0x00007fffa9820000 - 0x00007fffa982b000 	C:\WINDOWS\SYSTEM32\VERSION.dll
0x00007fffc0660000 - 0x00007fffc0674000 	C:\WINDOWS\SYSTEM32\UMPDC.dll
0x00007fffbf5d0000 - 0x00007fffbf5ea000 	C:\WINDOWS\SYSTEM32\kernel.appcore.dll
0x00007fffa41b0000 - 0x00007fffa41ba000 	C:\Program Files\Eclipse Adoptium\jdk-17.0.15.6-hotspot\bin\jimage.dll
0x00007fffbe100000 - 0x00007fffbe341000 	C:\WINDOWS\SYSTEM32\DBGHELP.DLL
0x00007fffc3000000 - 0x00007fffc3384000 	C:\WINDOWS\System32\combase.dll
0x00007fffc2b40000 - 0x00007fffc2c20000 	C:\WINDOWS\System32\OLEAUT32.dll
0x00007fff95100000 - 0x00007fff95139000 	C:\WINDOWS\SYSTEM32\dbgcore.DLL
0x00007fffc12c0000 - 0x00007fffc1359000 	C:\WINDOWS\System32\bcryptPrimitives.dll
0x00007fff988b0000 - 0x00007fff988d5000 	C:\Program Files\Eclipse Adoptium\jdk-17.0.15.6-hotspot\bin\java.dll
0x00007fff7c590000 - 0x00007fff7c667000 	C:\Program Files\Eclipse Adoptium\jdk-17.0.15.6-hotspot\bin\jsvml.dll
0x00007fffc1890000 - 0x00007fffc1fbd000 	C:\WINDOWS\System32\SHELL32.dll
0x00007fffc0960000 - 0x00007fffc0ad4000 	C:\WINDOWS\System32\wintypes.dll
0x00007fffbe450000 - 0x00007fffbeca6000 	C:\WINDOWS\SYSTEM32\windows.storage.dll
0x00007fffc2f00000 - 0x00007fffc2fef000 	C:\WINDOWS\System32\SHCORE.dll
0x00007fffc1820000 - 0x00007fffc1889000 	C:\WINDOWS\System32\shlwapi.dll
0x00007fffc0720000 - 0x00007fffc074f000 	C:\WINDOWS\SYSTEM32\profapi.dll
0x00007fff99a10000 - 0x00007fff99a29000 	C:\Program Files\Eclipse Adoptium\jdk-17.0.15.6-hotspot\bin\net.dll
0x00007fffaf2b0000 - 0x00007fffaf3ce000 	C:\WINDOWS\SYSTEM32\WINHTTP.dll
0x00007fffbfb40000 - 0x00007fffbfbaa000 	C:\WINDOWS\system32\mswsock.dll
0x00007fff98f80000 - 0x00007fff98f96000 	C:\Program Files\Eclipse Adoptium\jdk-17.0.15.6-hotspot\bin\nio.dll
0x00007fff98520000 - 0x00007fff98538000 	C:\Program Files\Eclipse Adoptium\jdk-17.0.15.6-hotspot\bin\zip.dll
0x00007fffa4150000 - 0x00007fffa4160000 	C:\Program Files\Eclipse Adoptium\jdk-17.0.15.6-hotspot\bin\verify.dll
0x00007fff98930000 - 0x00007fff98957000 	C:\Users\karth\.gradle\native\68d5fa5c4cc2d200863cafc0d521ce42e7d3e7ee720ec0a83991735586a16f82\windows-amd64\native-platform.dll
0x00007fff7c440000 - 0x00007fff7c584000 	C:\Users\karth\.gradle\native\e376f236ea51e6404a007f0833ffe2c6e607c4080706a723a18a27aeea778392\windows-amd64\native-platform-file-events.dll
0x00007fffa0910000 - 0x00007fffa091a000 	C:\Program Files\Eclipse Adoptium\jdk-17.0.15.6-hotspot\bin\management.dll
0x00007fffa0830000 - 0x00007fffa083b000 	C:\Program Files\Eclipse Adoptium\jdk-17.0.15.6-hotspot\bin\management_ext.dll
0x00007fffc3580000 - 0x00007fffc3588000 	C:\WINDOWS\System32\PSAPI.DLL
0x00007fffbfde0000 - 0x00007fffbfdfc000 	C:\WINDOWS\SYSTEM32\CRYPTSP.dll
0x00007fffbf530000 - 0x00007fffbf56a000 	C:\WINDOWS\system32\rsaenh.dll
0x00007fffbfbe0000 - 0x00007fffbfc0b000 	C:\WINDOWS\SYSTEM32\USERENV.dll
0x00007fffc06f0000 - 0x00007fffc0716000 	C:\WINDOWS\SYSTEM32\bcrypt.dll
0x00007fffbfe00000 - 0x00007fffbfe0c000 	C:\WINDOWS\SYSTEM32\CRYPTBASE.dll
0x00007fffbf070000 - 0x00007fffbf0a3000 	C:\WINDOWS\SYSTEM32\IPHLPAPI.DLL
0x00007fffc2740000 - 0x00007fffc274a000 	C:\WINDOWS\System32\NSI.dll
0x00007fffb72a0000 - 0x00007fffb72bf000 	C:\WINDOWS\SYSTEM32\dhcpcsvc6.DLL
0x00007fffb7030000 - 0x00007fffb7055000 	C:\WINDOWS\SYSTEM32\dhcpcsvc.DLL
0x00007fffbf140000 - 0x00007fffbf267000 	C:\WINDOWS\SYSTEM32\DNSAPI.dll
0x00007fff9c160000 - 0x00007fff9c169000 	C:\Program Files\Eclipse Adoptium\jdk-17.0.15.6-hotspot\bin\extnet.dll
0x00007fff9bf40000 - 0x00007fff9bf4e000 	C:\Program Files\Eclipse Adoptium\jdk-17.0.15.6-hotspot\bin\sunmscapi.dll
0x00007fffc10b0000 - 0x00007fffc1227000 	C:\WINDOWS\System32\CRYPT32.dll
0x00007fffbfff0000 - 0x00007fffc0020000 	C:\WINDOWS\SYSTEM32\ncrypt.dll
0x00007fffbffa0000 - 0x00007fffbffdf000 	C:\WINDOWS\SYSTEM32\NTASN1.dll
0x00007fffa3df0000 - 0x00007fffa3df8000 	C:\WINDOWS\system32\wshunix.dll

dbghelp: loaded successfully - version: 4.0.5 - missing functions: none
symbol engine: initialized successfully - sym options: 0x614 - pdb path: .;C:\Program Files\Eclipse Adoptium\jdk-17.0.15.6-hotspot\bin;C:\WINDOWS\SYSTEM32;C:\ProgramData\Symantec\Symantec Endpoint Protection\14.3.9205.6000.105\Data\Sysfer\x64;C:\WINDOWS\WinSxS\amd64_microsoft.windows.common-controls_6595b64144ccf1df_6.0.26100.3912_none_3e07963ce335137e;C:\Program Files\Eclipse Adoptium\jdk-17.0.15.6-hotspot\bin\server;C:\Users\karth\.gradle\native\68d5fa5c4cc2d200863cafc0d521ce42e7d3e7ee720ec0a83991735586a16f82\windows-amd64;C:\Users\karth\.gradle\native\e376f236ea51e6404a007f0833ffe2c6e607c4080706a723a18a27aeea778392\windows-amd64

VM Arguments:
jvm_args: -XX:MaxMetaspaceSize=512m --add-opens=java.base/java.util=ALL-UNNAMED --add-opens=java.base/java.lang=ALL-UNNAMED --add-opens=java.base/java.lang.invoke=ALL-UNNAMED --add-opens=java.prefs/java.util.prefs=ALL-UNNAMED --add-opens=java.base/java.nio.charset=ALL-UNNAMED --add-opens=java.base/java.net=ALL-UNNAMED --add-opens=java.base/java.util.concurrent.atomic=ALL-UNNAMED -Xmx2048m -Dfile.encoding=UTF-8 -Duser.country=CA -Duser.language=en -Duser.variant 
java_command: org.gradle.launcher.daemon.bootstrap.GradleDaemon 8.0.1
java_class_path (initial): C:\Users\karth\.gradle\wrapper\dists\gradle-8.0.1-all\aro4hu1c3oeioove7l0i4i14o\gradle-8.0.1\lib\gradle-launcher-8.0.1.jar
Launcher Type: SUN_STANDARD

[Global flags]
     intx CICompilerCount                          = 12                                        {product} {ergonomic}
   size_t CompressedClassSpaceSize                 = 436207616                                 {product} {ergonomic}
     uint ConcGCThreads                            = 3                                         {product} {ergonomic}
     uint G1ConcRefinementThreads                  = 13                                        {product} {ergonomic}
   size_t G1HeapRegionSize                         = 1048576                                   {product} {ergonomic}
    uintx GCDrainStackTargetSize                   = 64                                        {product} {ergonomic}
   size_t InitialHeapSize                          = 264241152                                 {product} {ergonomic}
   size_t MarkStackSize                            = 4194304                                   {product} {ergonomic}
   size_t MaxHeapSize                              = 2147483648                                {product} {command line}
   size_t MaxMetaspaceSize                         = 536870912                                 {product} {command line}
   size_t MaxNewSize                               = 1287651328                                {product} {ergonomic}
   size_t MinHeapDeltaBytes                        = 1048576                                   {product} {ergonomic}
   size_t MinHeapSize                              = 8388608                                   {product} {ergonomic}
    uintx NonNMethodCodeHeapSize                   = 7602480                                {pd product} {ergonomic}
    uintx NonProfiledCodeHeapSize                  = 122027880                              {pd product} {ergonomic}
    uintx ProfiledCodeHeapSize                     = 122027880                              {pd product} {ergonomic}
    uintx ReservedCodeCacheSize                    = 251658240                              {pd product} {ergonomic}
     bool SegmentedCodeCache                       = true                                      {product} {ergonomic}
   size_t SoftMaxHeapSize                          = 2147483648                             {manageable} {ergonomic}
     bool UseCompressedClassPointers               = true                           {product lp64_product} {ergonomic}
     bool UseCompressedOops                        = true                           {product lp64_product} {ergonomic}
     bool UseG1GC                                  = true                                      {product} {ergonomic}
     bool UseLargePagesIndividualAllocation        = false                                  {pd product} {ergonomic}

Logging:
Log output configuration:
 #0: stdout all=warning uptime,level,tags
 #1: stderr all=off uptime,level,tags

Environment Variables:
JAVA_HOME=C:\Program Files\Java\jdk-23
CLASSPATH=C:\Users\karth\CascadeProjects\MobileAppAndroid\android\\gradle\wrapper\gradle-wrapper.jar
PATH=C:\Users\karth\CascadeProjects\MobileAppAndroid\node_modules\.bin;C:\Users\karth\CascadeProjects\MobileAppAndroid\node_modules\.bin;C:\Users\karth\CascadeProjects\node_modules\.bin;C:\Users\karth\node_modules\.bin;C:\Users\node_modules\.bin;C:\node_modules\.bin;C:\Program Files\nodejs\node_modules\npm\node_modules\@npmcli\run-script\lib\node-gyp-bin;C:\Users\karth\CascadeProjects\MobileAppAndroid\node_modules\.bin;C:\Users\karth\CascadeProjects\MobileAppAndroid\node_modules\.bin;C:\Users\karth\CascadeProjects\node_modules\.bin;C:\Users\karth\node_modules\.bin;C:\Users\node_modules\.bin;C:\node_modules\.bin;C:\Program Files\nodejs\node_modules\npm\node_modules\@npmcli\run-script\lib\node-gyp-bin;C:\Program Files\Eclipse Adoptium\jdk-17.0.15.6-hotspot\bin;C:\Program Files\Common Files\Oracle\Java\javapath;C:\WINDOWS\system32;C:\WINDOWS;C:\WINDOWS\System32\Wbem;C:\WINDOWS\System32\WindowsPowerShell\v1.0\;C:\WINDOWS\System32\OpenSSH\;C:\Program Files\nodejs\;C:\Program Files (x86)\nikto\program;C:\Program Files (x86)\curl;D:\GoWorkspace\bin;C:\Program Files\Go\bin;C:\Program Files\Git\cmd;C:\Users\karth\AppData\Local\Android\Sdk;C:\Users\karth\AppData\Local\Android\Sdk\platform-tools;C:\Program Files\Eclipse Adoptium\jdk-17.0.15.6-hotspot\bin;C:\Program Files\Common Files\Oracle\Java\javapath;C:\WINDOWS\system32;C:\WINDOWS;C:\WINDOWS\System32\Wbem;C:\WINDOWS\System32\WindowsPowerShell\v1.0\;C:\WINDOWS\System32\OpenSSH\;C:\Program Files\nodejs\;C:\Program Files\Git\cmd;C:\Users\karth\AppData\Local\Microsoft\WindowsApps;C:\Users\karth\AppData\Local\Programs\Microsoft VS Code\bin;C:\Users\karth\AppData\Roaming\npm;C:\Users\karth\go\bin;C:\Users\karth\AppData\Local\Programs\Windsurf\bin
USERNAME=karth
OS=Windows_NT
PROCESSOR_IDENTIFIER=Intel64 Family 6 Model 154 Stepping 3, GenuineIntel
TMP=C:\Users\karth\AppData\Local\Temp
TEMP=C:\Users\karth\AppData\Local\Temp



Periodic native trim disabled


---------------  S Y S T E M  ---------------

OS:
 Windows 11 , 64 bit Build 26100 (10.0.26100.3912)
OS uptime: 10 days 15:58 hours
Hyper-V role detected

CPU: total 16 (initial active 16) (8 cores per cpu, 2 threads per core) family 6 model 154 stepping 3 microcode 0x416, cx8, cmov, fxsr, ht, mmx, 3dnowpref, sse, sse2, sse3, ssse3, sse4.1, sse4.2, popcnt, lzcnt, tsc, tscinvbit, avx, avx2, aes, erms, clmul, bmi1, bmi2, adx, sha, fma, vzeroupper, clflush, clflushopt, clwb, hv
Processor Information for processor 0
  Max Mhz: 2100, Current Mhz: 2100, Mhz Limit: 2100
Processor Information for processor 1
  Max Mhz: 2100, Current Mhz: 2100, Mhz Limit: 2100
Processor Information for processor 2
  Max Mhz: 2100, Current Mhz: 2100, Mhz Limit: 2100
Processor Information for processor 3
  Max Mhz: 2100, Current Mhz: 2100, Mhz Limit: 2100
Processor Information for processor 4
  Max Mhz: 2100, Current Mhz: 2100, Mhz Limit: 2100
Processor Information for processor 5
  Max Mhz: 2100, Current Mhz: 2100, Mhz Limit: 2100
Processor Information for processor 6
  Max Mhz: 2100, Current Mhz: 2100, Mhz Limit: 2100
Processor Information for processor 7
  Max Mhz: 2100, Current Mhz: 2100, Mhz Limit: 2100
Processor Information for processor 8
  Max Mhz: 2100, Current Mhz: 1500, Mhz Limit: 1491
Processor Information for processor 9
  Max Mhz: 2100, Current Mhz: 1500, Mhz Limit: 1491
Processor Information for processor 10
  Max Mhz: 2100, Current Mhz: 1500, Mhz Limit: 1491
Processor Information for processor 11
  Max Mhz: 2100, Current Mhz: 1500, Mhz Limit: 1491
Processor Information for processor 12
  Max Mhz: 2100, Current Mhz: 1500, Mhz Limit: 1491
Processor Information for processor 13
  Max Mhz: 2100, Current Mhz: 1500, Mhz Limit: 1491
Processor Information for processor 14
  Max Mhz: 2100, Current Mhz: 1500, Mhz Limit: 1491
Processor Information for processor 15
  Max Mhz: 2100, Current Mhz: 1500, Mhz Limit: 1491

Memory: 4k page, system-wide physical 16088M (7M free)
TotalPageFile size 64210M (AvailPageFile size 30M)
current process WorkingSet (physical memory assigned to process): 6M, peak: 249M
current process commit charge ("private bytes"): 365M, peak: 418M

vm_info: OpenJDK 64-Bit Server VM (17.0.15+6) for windows-amd64 JRE (17.0.15+6), built on Apr 15 2025 21:25:47 by "admin" with MS VC++ 17.7 (VS2022)

END.
