#
# There is insufficient memory for the Java Runtime Environment to continue.
# Native memory allocation (mmap) failed to map 101711872 bytes. Error detail: G1 virtual space
# Possible reasons:
#   The system is out of physical RAM or swap space
#   This process is running with CompressedOops enabled, and the Java Heap may be blocking the growth of the native heap
# Possible solutions:
#   Reduce memory load on the system
#   Increase physical memory or swap space
#   Check if swap backing store is full
#   Decrease Java heap size (-Xmx/-Xms)
#   Decrease number of Java threads
#   Decrease Java thread stack sizes (-Xss)
#   Set larger code cache with -XX:ReservedCodeCacheSize=
#   JVM is running with Unscaled Compressed Oops mode in which the Java heap is
#     placed in the first 4GB address space. The Java Heap base address is the
#     maximum limit for the native heap growth. Please use -XX:HeapBaseMinAddress
#     to set the Java Heap base and to place the Java Heap above 4GB virtual address.
# This output file may be truncated or incomplete.
#
#  Out of Memory Error (os_windows.cpp:3618), pid=68224, tid=53688
#
# JRE version: OpenJDK Runtime Environment Temurin-17.0.15+6 (17.0.15+6) (build 17.0.15+6)
# Java VM: OpenJDK 64-Bit Server VM Temurin-17.0.15+6 (17.0.15+6, mixed mode, sharing, tiered, compressed oops, compressed class ptrs, g1 gc, windows-amd64)
# No core dump will be written. Minidumps are not enabled by default on client versions of Windows
#

---------------  S U M M A R Y ------------

Command Line: -XX:MaxMetaspaceSize=512m --add-opens=java.base/java.util=ALL-UNNAMED --add-opens=java.base/java.lang=ALL-UNNAMED --add-opens=java.base/java.lang.invoke=ALL-UNNAMED --add-opens=java.prefs/java.util.prefs=ALL-UNNAMED --add-opens=java.base/java.nio.charset=ALL-UNNAMED --add-opens=java.base/java.net=ALL-UNNAMED --add-opens=java.base/java.util.concurrent.atomic=ALL-UNNAMED -Xmx2048m -Dfile.encoding=UTF-8 -Duser.country=CA -Duser.language=en -Duser.variant org.gradle.launcher.daemon.bootstrap.GradleDaemon 8.0.1

Host: 12th Gen Intel(R) Core(TM) i7-1260P, 16 cores, 15G,  Windows 11 , 64 bit Build 26100 (10.0.26100.3912)
Time: Mon May 26 02:11:46 2025 Eastern Daylight Time elapsed time: 8219.139266 seconds (0d 2h 16m 59s)

---------------  T H R E A D  ---------------

Current thread (0x000001b3ff02f010):  VMThread "VM Thread" [stack: 0x0000002117600000,0x0000002117700000] [id=53688]

Stack: [0x0000002117600000,0x0000002117700000]
Native frames: (J=compiled Java code, j=interpreted, Vv=VM code, C=native code)
V  [jvm.dll+0x682fc9]
V  [jvm.dll+0x839878]
V  [jvm.dll+0x83b323]
V  [jvm.dll+0x83b993]
V  [jvm.dll+0x24725f]
V  [jvm.dll+0x67fda9]
V  [jvm.dll+0x674c9a]
V  [jvm.dll+0x304d06]
V  [jvm.dll+0x30c1c6]
V  [jvm.dll+0x35dd4e]
V  [jvm.dll+0x35df8d]
V  [jvm.dll+0x2dc0cc]
V  [jvm.dll+0x2da46f]
V  [jvm.dll+0x2d9bdc]
V  [jvm.dll+0x31d3bb]
V  [jvm.dll+0x8401cd]
V  [jvm.dll+0x840f03]
V  [jvm.dll+0x84142f]
V  [jvm.dll+0x841814]
V  [jvm.dll+0x8418de]
V  [jvm.dll+0x7e94dc]
V  [jvm.dll+0x681ea7]
C  [ucrtbase.dll+0x37b0]
C  [KERNEL32.DLL+0x2e8d7]
C  [ntdll.dll+0x9c5dc]

VM_Operation (0x00000021189fced0): G1CollectForAllocation, mode: safepoint, requested by thread 0x000001b3afd34070


---------------  P R O C E S S  ---------------

Threads class SMR info:
_java_thread_list=0x000001b3b1b7b290, length=79, elements={
0x000001b3ef3d29b0, 0x000001b3ff031ff0, 0x000001b3ff034ad0, 0x000001b3ff042b80,
0x000001b3ff043550, 0x000001b3ff045f30, 0x000001b3ff046800, 0x000001b3ff047400,
0x000001b3ff04dd30, 0x000001b3ff4806b0, 0x000001b3ff5524e0, 0x000001b3ff556df0,
0x000001b3afb7f820, 0x000001b3af7362e0, 0x000001b3afd34070, 0x000001b3af732910,
0x000001b3af515760, 0x000001b3af3e7920, 0x000001b3af4f1e40, 0x000001b3af4f0a00,
0x000001b3af4efad0, 0x000001b3af4f2350, 0x000001b3af4f1420, 0x000001b3af4f2860,
0x000001b3af4ef5c0, 0x000001b3af4f1930, 0x000001b3af4effe0, 0x000001b3b099c800,
0x000001b3b099a490, 0x000001b3b0999f80, 0x000001b3b0999050, 0x000001b3b099b3c0,
0x000001b3b0999a70, 0x000001b3b099a9a0, 0x000001b3b099aeb0, 0x000001b3b099b8d0,
0x000001b3b099bde0, 0x000001b3af4ef0b0, 0x000001b3b05aadc0, 0x000001b3b05a8540,
0x000001b3b05a8a50, 0x000001b3b05ab2d0, 0x000001b3b05a8030, 0x000001b3b05a8f60,
0x000001b3b05acc20, 0x000001b3b05a9470, 0x000001b3b05ab7e0, 0x000001b3b05abcf0,
0x000001b3b05ac200, 0x000001b3b05ac710, 0x000001b3b05ad130, 0x000001b3b05a9980,
0x000001b3b05aa8b0, 0x000001b3b05ad640, 0x000001b3b05a9e90, 0x000001b3b05adb50,
0x000001b3b05aa3a0, 0x000001b3b05af4a0, 0x000001b3b05af9b0, 0x000001b3b05ae060,
0x000001b3b05ae570, 0x000001b3b05aea80, 0x000001b3b05aef90, 0x000001b3af672ee0,
0x000001b3af674320, 0x000001b3af674830, 0x000001b3af6733f0, 0x000001b3af671080,
0x000001b3af6724c0, 0x000001b3af673900, 0x000001b3af671590, 0x000001b3af671aa0,
0x000001b3af675250, 0x000001b3af6729d0, 0x000001b3af675760, 0x000001b3af673e10,
0x000001b3af671fb0, 0x000001b3af677ad0, 0x000001b3af675c70
}

Java Threads: ( => current thread )
  0x000001b3ef3d29b0 JavaThread "main" [_thread_blocked, id=29992, stack(0x0000002117000000,0x0000002117100000)]
  0x000001b3ff031ff0 JavaThread "Reference Handler" daemon [_thread_blocked, id=60048, stack(0x0000002117700000,0x0000002117800000)]
  0x000001b3ff034ad0 JavaThread "Finalizer" daemon [_thread_blocked, id=31236, stack(0x0000002117800000,0x0000002117900000)]
  0x000001b3ff042b80 JavaThread "Signal Dispatcher" daemon [_thread_blocked, id=38388, stack(0x0000002117900000,0x0000002117a00000)]
  0x000001b3ff043550 JavaThread "Attach Listener" daemon [_thread_blocked, id=29188, stack(0x0000002117a00000,0x0000002117b00000)]
  0x000001b3ff045f30 JavaThread "Service Thread" daemon [_thread_blocked, id=36980, stack(0x0000002117b00000,0x0000002117c00000)]
  0x000001b3ff046800 JavaThread "Monitor Deflation Thread" daemon [_thread_blocked, id=33108, stack(0x0000002117c00000,0x0000002117d00000)]
  0x000001b3ff047400 JavaThread "C2 CompilerThread0" daemon [_thread_blocked, id=23856, stack(0x0000002117d00000,0x0000002117e00000)]
  0x000001b3ff04dd30 JavaThread "C1 CompilerThread0" daemon [_thread_blocked, id=54116, stack(0x0000002117e00000,0x0000002117f00000)]
  0x000001b3ff4806b0 JavaThread "Sweeper thread" daemon [_thread_blocked, id=36736, stack(0x0000002117f00000,0x0000002118000000)]
  0x000001b3ff5524e0 JavaThread "Common-Cleaner" daemon [_thread_blocked, id=14368, stack(0x0000002118000000,0x0000002118100000)]
  0x000001b3ff556df0 JavaThread "Notification Thread" daemon [_thread_blocked, id=10416, stack(0x0000002118100000,0x0000002118200000)]
  0x000001b3afb7f820 JavaThread "Daemon health stats" [_thread_blocked, id=19844, stack(0x0000002118a00000,0x0000002118b00000)]
  0x000001b3af7362e0 JavaThread "Incoming local TCP Connector on port 34331" [_thread_in_native, id=29028, stack(0x0000002118800000,0x0000002118900000)]
  0x000001b3afd34070 JavaThread "Daemon periodic checks" [_thread_blocked, id=13612, stack(0x0000002118900000,0x0000002118a00000)]
  0x000001b3af732910 JavaThread "Daemon" [_thread_blocked, id=35104, stack(0x0000002118b00000,0x0000002118c00000)]
  0x000001b3af515760 JavaThread "Handler for socket connection from /127.0.0.1:34331 to /127.0.0.1:34356" [_thread_in_native, id=55356, stack(0x0000002118c00000,0x0000002118d00000)]
  0x000001b3af3e7920 JavaThread "Cancel handler" [_thread_blocked, id=51676, stack(0x0000002118d00000,0x0000002118e00000)]
  0x000001b3af4f1e40 JavaThread "Daemon worker" [_thread_blocked, id=64404, stack(0x0000002118e00000,0x0000002118f00000)]
  0x000001b3af4f0a00 JavaThread "Asynchronous log dispatcher for DefaultDaemonConnection: socket connection from /127.0.0.1:34331 to /127.0.0.1:34356" [_thread_blocked, id=52844, stack(0x0000002118f00000,0x0000002119000000)]
  0x000001b3af4efad0 JavaThread "Daemon client event forwarder" [_thread_blocked, id=33396, stack(0x0000002119100000,0x0000002119200000)]
  0x000001b3af4f2350 JavaThread "Cache worker for journal cache (C:\Users\karth\.gradle\caches\journal-1)" [_thread_blocked, id=36156, stack(0x0000002119200000,0x0000002119300000)]
  0x000001b3af4f1420 JavaThread "File lock request listener" [_thread_in_native, id=59460, stack(0x0000002119300000,0x0000002119400000)]
  0x000001b3af4f2860 JavaThread "Cache worker for file hash cache (C:\Users\karth\.gradle\caches\8.0.1\fileHashes)" [_thread_blocked, id=19372, stack(0x0000002119400000,0x0000002119500000)]
  0x000001b3af4ef5c0 JavaThread "File watcher server" daemon [_thread_in_native, id=11260, stack(0x0000002116d00000,0x0000002116e00000)]
  0x000001b3af4f1930 JavaThread "File watcher consumer" daemon [_thread_blocked, id=54448, stack(0x0000002116e00000,0x0000002116f00000)]
  0x000001b3af4effe0 JavaThread "Cache worker for checksums cache (C:\Users\karth\CascadeProjects\MobileAppAndroid\android\.gradle\8.0.1\checksums)" [_thread_blocked, id=28096, stack(0x0000002116f00000,0x0000002117000000)]
  0x000001b3b099c800 JavaThread "Cache worker for cache directory md-rule (C:\Users\karth\.gradle\caches\8.0.1\md-rule)" [_thread_blocked, id=62352, stack(0x0000002119800000,0x0000002119900000)]
  0x000001b3b099a490 JavaThread "Cache worker for file content cache (C:\Users\karth\.gradle\caches\8.0.1\fileContent)" [_thread_blocked, id=56140, stack(0x0000002119900000,0x0000002119a00000)]
  0x000001b3b0999f80 JavaThread "Cache worker for file hash cache (C:\Users\karth\CascadeProjects\MobileAppAndroid\android\.gradle\8.0.1\fileHashes)" [_thread_blocked, id=51176, stack(0x000000211a300000,0x000000211a400000)]
  0x000001b3b0999050 JavaThread "Cache worker for cache directory md-supplier (C:\Users\karth\.gradle\caches\8.0.1\md-supplier)" [_thread_blocked, id=68008, stack(0x000000211a400000,0x000000211a500000)]
  0x000001b3b099b3c0 JavaThread "Cache worker for execution history cache (C:\Users\karth\.gradle\caches\8.0.1\executionHistory)" [_thread_blocked, id=29784, stack(0x000000211a600000,0x000000211a700000)]
  0x000001b3b0999a70 JavaThread "jar transforms" [_thread_blocked, id=29976, stack(0x000000211a500000,0x000000211a600000)]
  0x000001b3b099a9a0 JavaThread "jar transforms Thread 2" [_thread_blocked, id=18872, stack(0x000000211a800000,0x000000211a900000)]
  0x000001b3b099aeb0 JavaThread "jar transforms Thread 3" [_thread_blocked, id=21224, stack(0x000000211a900000,0x000000211aa00000)]
  0x000001b3b099b8d0 JavaThread "jar transforms Thread 4" [_thread_blocked, id=37704, stack(0x000000211aa00000,0x000000211ab00000)]
  0x000001b3b099bde0 JavaThread "Cache worker for kotlin-dsl (C:\Users\karth\.gradle\caches\8.0.1\kotlin-dsl)" [_thread_blocked, id=59956, stack(0x0000002119000000,0x0000002119100000)]
  0x000001b3af4ef0b0 JavaThread "jar transforms Thread 5" [_thread_blocked, id=39516, stack(0x0000002119600000,0x0000002119700000)]
  0x000001b3b05aadc0 JavaThread "jar transforms Thread 6" [_thread_blocked, id=23744, stack(0x0000002119700000,0x0000002119800000)]
  0x000001b3b05a8540 JavaThread "Cache worker for dependencies-accessors (C:\Users\karth\CascadeProjects\MobileAppAndroid\android\.gradle\8.0.1\dependencies-accessors)" [_thread_blocked, id=58468, stack(0x000000211ab00000,0x000000211ac00000)]
  0x000001b3b05a8a50 JavaThread "Cache worker for Build Output Cleanup Cache (C:\Users\karth\CascadeProjects\MobileAppAndroid\node_modules\@react-native\gradle-plugin\.gradle\buildOutputCleanup)" [_thread_blocked, id=60060, stack(0x000000211ac00000,0x000000211ad00000)]
  0x000001b3b05ab2d0 JavaThread "jar transforms Thread 7" [_thread_blocked, id=48564, stack(0x000000211ad00000,0x000000211ae00000)]
  0x000001b3b05a8030 JavaThread "Unconstrained build operations" [_thread_blocked, id=49976, stack(0x000000211b200000,0x000000211b300000)]
  0x000001b3b05a8f60 JavaThread "Unconstrained build operations Thread 2" [_thread_blocked, id=19716, stack(0x000000211b300000,0x000000211b400000)]
  0x000001b3b05acc20 JavaThread "Unconstrained build operations Thread 3" [_thread_blocked, id=53548, stack(0x000000211b400000,0x000000211b500000)]
  0x000001b3b05a9470 JavaThread "Unconstrained build operations Thread 4" [_thread_blocked, id=67648, stack(0x000000211b500000,0x000000211b600000)]
  0x000001b3b05ab7e0 JavaThread "Unconstrained build operations Thread 5" [_thread_blocked, id=41356, stack(0x000000211b600000,0x000000211b700000)]
  0x000001b3b05abcf0 JavaThread "Unconstrained build operations Thread 6" [_thread_blocked, id=61952, stack(0x000000211b700000,0x000000211b800000)]
  0x000001b3b05ac200 JavaThread "Unconstrained build operations Thread 7" [_thread_blocked, id=48372, stack(0x000000211b800000,0x000000211b900000)]
  0x000001b3b05ac710 JavaThread "Unconstrained build operations Thread 8" [_thread_blocked, id=49120, stack(0x000000211b900000,0x000000211ba00000)]
  0x000001b3b05ad130 JavaThread "Unconstrained build operations Thread 9" [_thread_blocked, id=34176, stack(0x000000211ba00000,0x000000211bb00000)]
  0x000001b3b05a9980 JavaThread "Unconstrained build operations Thread 10" [_thread_blocked, id=32660, stack(0x000000211bb00000,0x000000211bc00000)]
  0x000001b3b05aa8b0 JavaThread "Unconstrained build operations Thread 11" [_thread_blocked, id=69444, stack(0x000000211bc00000,0x000000211bd00000)]
  0x000001b3b05ad640 JavaThread "Unconstrained build operations Thread 12" [_thread_blocked, id=68676, stack(0x000000211bd00000,0x000000211be00000)]
  0x000001b3b05a9e90 JavaThread "Unconstrained build operations Thread 13" [_thread_blocked, id=69424, stack(0x000000211be00000,0x000000211bf00000)]
  0x000001b3b05adb50 JavaThread "Unconstrained build operations Thread 14" [_thread_blocked, id=68648, stack(0x000000211bf00000,0x000000211c000000)]
  0x000001b3b05aa3a0 JavaThread "Unconstrained build operations Thread 15" [_thread_blocked, id=69568, stack(0x000000211c000000,0x000000211c100000)]
  0x000001b3b05af4a0 JavaThread "Unconstrained build operations Thread 16" [_thread_blocked, id=7088, stack(0x000000211c100000,0x000000211c200000)]
  0x000001b3b05af9b0 JavaThread "Unconstrained build operations Thread 17" [_thread_blocked, id=69596, stack(0x000000211c200000,0x000000211c300000)]
  0x000001b3b05ae060 JavaThread "Unconstrained build operations Thread 18" [_thread_blocked, id=33240, stack(0x000000211c300000,0x000000211c400000)]
  0x000001b3b05ae570 JavaThread "Unconstrained build operations Thread 19" [_thread_blocked, id=65832, stack(0x000000211c400000,0x000000211c500000)]
  0x000001b3b05aea80 JavaThread "Unconstrained build operations Thread 20" [_thread_blocked, id=24556, stack(0x000000211c500000,0x000000211c600000)]
  0x000001b3b05aef90 JavaThread "Unconstrained build operations Thread 21" [_thread_blocked, id=56676, stack(0x000000211c600000,0x000000211c700000)]
  0x000001b3af672ee0 JavaThread "Unconstrained build operations Thread 22" [_thread_blocked, id=33560, stack(0x000000211c700000,0x000000211c800000)]
  0x000001b3af674320 JavaThread "Unconstrained build operations Thread 23" [_thread_blocked, id=69244, stack(0x000000211c800000,0x000000211c900000)]
  0x000001b3af674830 JavaThread "Unconstrained build operations Thread 24" [_thread_blocked, id=63676, stack(0x000000211c900000,0x000000211ca00000)]
  0x000001b3af6733f0 JavaThread "Unconstrained build operations Thread 25" [_thread_blocked, id=51656, stack(0x000000211ca00000,0x000000211cb00000)]
  0x000001b3af671080 JavaThread "Unconstrained build operations Thread 26" [_thread_blocked, id=59788, stack(0x000000211cb00000,0x000000211cc00000)]
  0x000001b3af6724c0 JavaThread "jar transforms Thread 8" [_thread_blocked, id=9944, stack(0x000000211b100000,0x000000211b200000)]
  0x000001b3af673900 JavaThread "jar transforms Thread 9" [_thread_blocked, id=25952, stack(0x000000211cc00000,0x000000211cd00000)]
  0x000001b3af671590 JavaThread "jar transforms Thread 10" [_thread_blocked, id=66468, stack(0x000000211cd00000,0x000000211ce00000)]
  0x000001b3af671aa0 JavaThread "jar transforms Thread 11" [_thread_blocked, id=68620, stack(0x000000211ce00000,0x000000211cf00000)]
  0x000001b3af675250 JavaThread "jar transforms Thread 12" [_thread_blocked, id=68728, stack(0x000000211cf00000,0x000000211d000000)]
  0x000001b3af6729d0 JavaThread "jar transforms Thread 13" [_thread_blocked, id=68688, stack(0x000000211d000000,0x000000211d100000)]
  0x000001b3af675760 JavaThread "jar transforms Thread 14" [_thread_blocked, id=24172, stack(0x000000211d100000,0x000000211d200000)]
  0x000001b3af673e10 JavaThread "jar transforms Thread 15" [_thread_blocked, id=40704, stack(0x000000211d200000,0x000000211d300000)]
  0x000001b3af671fb0 JavaThread "jar transforms Thread 16" [_thread_blocked, id=24820, stack(0x000000211d300000,0x000000211d400000)]
  0x000001b3af677ad0 JavaThread "Memory manager" [_thread_blocked, id=66236, stack(0x000000211d600000,0x000000211d700000)]
  0x000001b3af675c70 JavaThread "Cache worker for Build Output Cleanup Cache (C:\Users\karth\CascadeProjects\MobileAppAndroid\android\.gradle\buildOutputCleanup)" [_thread_blocked, id=29596, stack(0x000000211d400000,0x000000211d500000)]

Other Threads:
=>0x000001b3ff02f010 VMThread "VM Thread" [stack: 0x0000002117600000,0x0000002117700000] [id=53688]
  0x000001b3ff5572d0 WatcherThread [stack: 0x0000002118200000,0x0000002118300000] [id=17352]
  0x000001b3ef42f020 GCTaskThread "GC Thread#0" [stack: 0x0000002117100000,0x0000002117200000] [id=56032]
  0x000001b3ae997800 GCTaskThread "GC Thread#1" [stack: 0x0000002118300000,0x0000002118400000] [id=56256]
  0x000001b3ae997ac0 GCTaskThread "GC Thread#2" [stack: 0x0000002118400000,0x0000002118500000] [id=54724]
  0x000001b3ae997d80 GCTaskThread "GC Thread#3" [stack: 0x0000002118500000,0x0000002118600000] [id=33300]
  0x000001b3af048530 GCTaskThread "GC Thread#4" [stack: 0x0000002118600000,0x0000002118700000] [id=61032]
  0x000001b3af0487f0 GCTaskThread "GC Thread#5" [stack: 0x0000002118700000,0x0000002118800000] [id=56960]
  0x000001b3af5ee260 GCTaskThread "GC Thread#6" [stack: 0x0000002119a00000,0x0000002119b00000] [id=51576]
  0x000001b3af5edfa0 GCTaskThread "GC Thread#7" [stack: 0x0000002119b00000,0x0000002119c00000] [id=46892]
  0x000001b3af5ee520 GCTaskThread "GC Thread#8" [stack: 0x0000002119c00000,0x0000002119d00000] [id=12884]
  0x000001b3af5eeaa0 GCTaskThread "GC Thread#9" [stack: 0x0000002119d00000,0x0000002119e00000] [id=8388]
  0x000001b3af5eed60 GCTaskThread "GC Thread#10" [stack: 0x0000002119e00000,0x0000002119f00000] [id=54248]
  0x000001b3af5ef2e0 GCTaskThread "GC Thread#11" [stack: 0x0000002119f00000,0x000000211a000000] [id=47508]
  0x000001b3ae6b6ab0 GCTaskThread "GC Thread#12" [stack: 0x000000211a000000,0x000000211a100000] [id=52292]
  0x000001b3ef43fe80 ConcurrentGCThread "G1 Main Marker" [stack: 0x0000002117200000,0x0000002117300000] [id=42428]
  0x000001b3ef442330 ConcurrentGCThread "G1 Conc#0" [stack: 0x0000002117300000,0x0000002117400000] [id=25380]
  0x000001b3ae6b72f0 ConcurrentGCThread "G1 Conc#1" [stack: 0x000000211a100000,0x000000211a200000] [id=42972]
  0x000001b3ae6b51f0 ConcurrentGCThread "G1 Conc#2" [stack: 0x000000211a200000,0x000000211a300000] [id=56616]
  0x000001b3fef1aef0 ConcurrentGCThread "G1 Refine#0" [stack: 0x0000002117400000,0x0000002117500000] [id=35668]
  0x000001b3af5b9200 ConcurrentGCThread "G1 Refine#1" [stack: 0x000000211a700000,0x000000211a800000] [id=65420]
  0x000001b3fef1b6d0 ConcurrentGCThread "G1 Service" [stack: 0x0000002117500000,0x0000002117600000] [id=38924]

Threads with active compile tasks:
C2 CompilerThread0  8220773 8215       4       org.gradle.launcher.daemon.server.health.gc.GarbageCollectionCheck::run (198 bytes)
C1 CompilerThread0  8220773 8248   !   3       org.gradle.launcher.daemon.registry.PersistentDaemonRegistry::getAll (73 bytes)

VM state: at safepoint (normal execution)

VM Mutex/Monitor currently owned by a thread:  ([mutex/lock_event])
[0x000001b3ed160290] Threads_lock - owner thread: 0x000001b3ff02f010
[0x000001b3ef3cdda0] Heap_lock - owner thread: 0x000001b3afd34070

Heap address: 0x0000000080000000, size: 2048 MB, Compressed Oops mode: 32-bit

CDS archive(s) mapped at: [0x000001b38f000000-0x000001b38fbb0000-0x000001b38fbb0000), size 12255232, SharedBaseAddress: 0x000001b38f000000, ArchiveRelocationMode: 1.
Compressed class space mapped at: 0x000001b390000000-0x000001b3aa000000, reserved size: 436207616
Narrow klass base: 0x000001b38f000000, Narrow klass shift: 0, Narrow klass range: 0x100000000

GC Precious Log:
 CPUs: 16 total, 16 available
 Memory: 16088M
 Large Page Support: Disabled
 NUMA Support: Disabled
 Compressed Oops: Enabled (32-bit)
 Heap Region Size: 1M
 Heap Min Capacity: 8M
 Heap Initial Capacity: 252M
 Heap Max Capacity: 2G
 Pre-touch: Disabled
 Parallel Workers: 13
 Concurrent Workers: 3
 Concurrent Refinement Workers: 13
 Periodic GC: Disabled

Heap:
 garbage-first heap   total 158720K, used 54595K [0x0000000080000000, 0x0000000100000000)
  region size 1024K, 1 young (1024K), 1 survivors (1024K)
 Metaspace       used 58542K, committed 59136K, reserved 491520K
  class space    used 8104K, committed 8384K, reserved 425984K

Heap Regions: E=young(eden), S=young(survivor), O=old, HS=humongous(starts), HC=humongous(continues), CS=collection set, F=free, OA=open archive, CA=closed archive, TAMS=top-at-mark-start (previous, next)
|   0|0x0000000080000000, 0x0000000080100000, 0x0000000080100000|100%|HS|  |TAMS 0x0000000080100000, 0x0000000080000000| Complete 
|   1|0x0000000080100000, 0x0000000080200000, 0x0000000080200000|100%|HC|  |TAMS 0x0000000080200000, 0x0000000080100000| Complete 
|   2|0x0000000080200000, 0x0000000080300000, 0x0000000080300000|100%|HC|  |TAMS 0x0000000080300000, 0x0000000080200000| Complete 
|   3|0x0000000080300000, 0x0000000080400000, 0x0000000080400000|100%|HC|  |TAMS 0x0000000080400000, 0x0000000080300000| Complete 
|   4|0x0000000080400000, 0x0000000080500000, 0x0000000080500000|100%| O|  |TAMS 0x0000000080500000, 0x0000000080400000| Untracked 
|   5|0x0000000080500000, 0x0000000080600000, 0x0000000080600000|100%| O|  |TAMS 0x0000000080600000, 0x0000000080500000| Untracked 
|   6|0x0000000080600000, 0x0000000080700000, 0x0000000080700000|100%| O|  |TAMS 0x0000000080700000, 0x0000000080600000| Untracked 
|   7|0x0000000080700000, 0x0000000080800000, 0x0000000080800000|100%| O|  |TAMS 0x0000000080800000, 0x0000000080700000| Untracked 
|   8|0x0000000080800000, 0x0000000080900000, 0x0000000080900000|100%| O|  |TAMS 0x0000000080900000, 0x0000000080800000| Untracked 
|   9|0x0000000080900000, 0x0000000080a00000, 0x0000000080a00000|100%| O|  |TAMS 0x0000000080a00000, 0x0000000080900000| Untracked 
|  10|0x0000000080a00000, 0x0000000080b00000, 0x0000000080b00000|100%| O|  |TAMS 0x0000000080a00000, 0x0000000080a00000| Untracked 
|  11|0x0000000080b00000, 0x0000000080c00000, 0x0000000080c00000|100%| O|  |TAMS 0x0000000080c00000, 0x0000000080b00000| Untracked 
|  12|0x0000000080c00000, 0x0000000080d00000, 0x0000000080d00000|100%| O|  |TAMS 0x0000000080d00000, 0x0000000080c00000| Untracked 
|  13|0x0000000080d00000, 0x0000000080e00000, 0x0000000080e00000|100%| O|  |TAMS 0x0000000080e00000, 0x0000000080d00000| Untracked 
|  14|0x0000000080e00000, 0x0000000080f00000, 0x0000000080f00000|100%| O|  |TAMS 0x0000000080f00000, 0x0000000080e00000| Untracked 
|  15|0x0000000080f00000, 0x0000000081000000, 0x0000000081000000|100%| O|  |TAMS 0x0000000081000000, 0x0000000080f00000| Untracked 
|  16|0x0000000081000000, 0x0000000081100000, 0x0000000081100000|100%| O|  |TAMS 0x0000000081100000, 0x0000000081000000| Untracked 
|  17|0x0000000081100000, 0x0000000081200000, 0x0000000081200000|100%| O|  |TAMS 0x0000000081200000, 0x0000000081100000| Untracked 
|  18|0x0000000081200000, 0x0000000081300000, 0x0000000081300000|100%| O|  |TAMS 0x0000000081300000, 0x0000000081200000| Untracked 
|  19|0x0000000081300000, 0x0000000081400000, 0x0000000081400000|100%| O|  |TAMS 0x0000000081400000, 0x0000000081300000| Untracked 
|  20|0x0000000081400000, 0x0000000081500000, 0x0000000081500000|100%| O|  |TAMS 0x0000000081500000, 0x0000000081400000| Untracked 
|  21|0x0000000081500000, 0x0000000081600000, 0x0000000081600000|100%| O|  |TAMS 0x0000000081600000, 0x0000000081500000| Untracked 
|  22|0x0000000081600000, 0x0000000081700000, 0x0000000081700000|100%| O|  |TAMS 0x0000000081700000, 0x0000000081600000| Untracked 
|  23|0x0000000081700000, 0x0000000081800000, 0x0000000081800000|100%| O|  |TAMS 0x0000000081800000, 0x0000000081700000| Untracked 
|  24|0x0000000081800000, 0x0000000081900000, 0x0000000081900000|100%| O|  |TAMS 0x0000000081900000, 0x0000000081800000| Untracked 
|  25|0x0000000081900000, 0x0000000081a00000, 0x0000000081a00000|100%| O|  |TAMS 0x0000000081a00000, 0x0000000081900000| Untracked 
|  26|0x0000000081a00000, 0x0000000081b00000, 0x0000000081b00000|100%| O|  |TAMS 0x0000000081b00000, 0x0000000081a00000| Untracked 
|  27|0x0000000081b00000, 0x0000000081c00000, 0x0000000081c00000|100%| O|  |TAMS 0x0000000081b40c00, 0x0000000081b00000| Untracked 
|  28|0x0000000081c00000, 0x0000000081d00000, 0x0000000081d00000|100%| O|  |TAMS 0x0000000081d00000, 0x0000000081c00000| Untracked 
|  29|0x0000000081d00000, 0x0000000081e00000, 0x0000000081e00000|100%| O|  |TAMS 0x0000000081e00000, 0x0000000081d00000| Untracked 
|  30|0x0000000081e00000, 0x0000000081f00000, 0x0000000081f00000|100%| O|  |TAMS 0x0000000081f00000, 0x0000000081e00000| Untracked 
|  31|0x0000000081f00000, 0x0000000082000000, 0x0000000082000000|100%| O|  |TAMS 0x0000000082000000, 0x0000000081f00000| Untracked 
|  32|0x0000000082000000, 0x0000000082100000, 0x0000000082100000|100%|HS|  |TAMS 0x0000000082000000, 0x0000000082000000| Complete 
|  33|0x0000000082100000, 0x0000000082200000, 0x0000000082200000|100%|HC|  |TAMS 0x0000000082100000, 0x0000000082100000| Complete 
|  34|0x0000000082200000, 0x0000000082300000, 0x0000000082300000|100%|HS|  |TAMS 0x0000000082200000, 0x0000000082200000| Complete 
|  35|0x0000000082300000, 0x0000000082400000, 0x0000000082400000|100%|HC|  |TAMS 0x0000000082300000, 0x0000000082300000| Complete 
|  36|0x0000000082400000, 0x0000000082500000, 0x0000000082500000|100%|HC|  |TAMS 0x0000000082400000, 0x0000000082400000| Complete 
|  37|0x0000000082500000, 0x0000000082600000, 0x0000000082600000|100%|HC|  |TAMS 0x0000000082500000, 0x0000000082500000| Complete 
|  38|0x0000000082600000, 0x0000000082700000, 0x0000000082700000|100%| O|  |TAMS 0x0000000082600000, 0x0000000082600000| Untracked 
|  39|0x0000000082700000, 0x0000000082800000, 0x0000000082800000|100%| O|  |TAMS 0x0000000082700000, 0x0000000082700000| Untracked 
|  40|0x0000000082800000, 0x0000000082900000, 0x0000000082900000|100%| O|  |TAMS 0x0000000082800000, 0x0000000082800000| Untracked 
|  41|0x0000000082900000, 0x0000000082a00000, 0x0000000082a00000|100%| O|  |TAMS 0x0000000082900000, 0x0000000082900000| Untracked 
|  42|0x0000000082a00000, 0x0000000082b00000, 0x0000000082b00000|100%| O|  |TAMS 0x0000000082a00000, 0x0000000082a00000| Untracked 
|  43|0x0000000082b00000, 0x0000000082c00000, 0x0000000082c00000|100%| O|  |TAMS 0x0000000082b00000, 0x0000000082b00000| Untracked 
|  44|0x0000000082c00000, 0x0000000082d00000, 0x0000000082d00000|100%| O|  |TAMS 0x0000000082c00000, 0x0000000082c00000| Untracked 
|  45|0x0000000082d00000, 0x0000000082e00000, 0x0000000082e00000|100%| O|  |TAMS 0x0000000082d00000, 0x0000000082d00000| Untracked 
|  46|0x0000000082e00000, 0x0000000082f00000, 0x0000000082f00000|100%| O|  |TAMS 0x0000000082e00000, 0x0000000082e00000| Untracked 
|  47|0x0000000082f00000, 0x0000000083000000, 0x0000000083000000|100%| O|  |TAMS 0x0000000082f00000, 0x0000000082f00000| Untracked 
|  48|0x0000000083000000, 0x0000000083100000, 0x0000000083100000|100%| O|  |TAMS 0x0000000083000000, 0x0000000083000000| Untracked 
|  49|0x0000000083100000, 0x0000000083200000, 0x0000000083200000|100%| O|  |TAMS 0x0000000083100000, 0x0000000083100000| Untracked 
|  50|0x0000000083200000, 0x0000000083300000, 0x0000000083300000|100%| O|  |TAMS 0x0000000083200000, 0x0000000083200000| Untracked 
|  51|0x0000000083300000, 0x0000000083400000, 0x0000000083400000|100%| O|  |TAMS 0x0000000083300000, 0x0000000083300000| Untracked 
|  52|0x0000000083400000, 0x0000000083500000, 0x0000000083500000|100%| O|  |TAMS 0x0000000083400000, 0x0000000083400000| Untracked 
|  53|0x0000000083500000, 0x000000008351c000, 0x0000000083600000| 10%| O|  |TAMS 0x0000000083500000, 0x0000000083500000| Untracked 
|  54|0x0000000083600000, 0x0000000083600000, 0x0000000083700000|  0%| F|  |TAMS 0x0000000083600000, 0x0000000083600000| Untracked 
|  55|0x0000000083700000, 0x0000000083700000, 0x0000000083800000|  0%| F|  |TAMS 0x0000000083700000, 0x0000000083700000| Untracked 
|  56|0x0000000083800000, 0x0000000083800000, 0x0000000083900000|  0%| F|  |TAMS 0x0000000083800000, 0x0000000083800000| Untracked 
|  57|0x0000000083900000, 0x0000000083900000, 0x0000000083a00000|  0%| F|  |TAMS 0x0000000083900000, 0x0000000083900000| Untracked 
|  58|0x0000000083a00000, 0x0000000083a00000, 0x0000000083b00000|  0%| F|  |TAMS 0x0000000083a00000, 0x0000000083a00000| Untracked 
|  59|0x0000000083b00000, 0x0000000083b00000, 0x0000000083c00000|  0%| F|  |TAMS 0x0000000083b00000, 0x0000000083b00000| Untracked 
|  60|0x0000000083c00000, 0x0000000083c00000, 0x0000000083d00000|  0%| F|  |TAMS 0x0000000083c00000, 0x0000000083c00000| Untracked 
|  61|0x0000000083d00000, 0x0000000083d00000, 0x0000000083e00000|  0%| F|  |TAMS 0x0000000083d00000, 0x0000000083d00000| Untracked 
|  62|0x0000000083e00000, 0x0000000083e00000, 0x0000000083f00000|  0%| F|  |TAMS 0x0000000083e00000, 0x0000000083e00000| Untracked 
|  63|0x0000000083f00000, 0x0000000083f00000, 0x0000000084000000|  0%| F|  |TAMS 0x0000000083f00000, 0x0000000083f00000| Untracked 
|  64|0x0000000084000000, 0x0000000084000000, 0x0000000084100000|  0%| F|  |TAMS 0x0000000084000000, 0x0000000084000000| Untracked 
|  65|0x0000000084100000, 0x0000000084100000, 0x0000000084200000|  0%| F|  |TAMS 0x0000000084100000, 0x0000000084100000| Untracked 
|  66|0x0000000084200000, 0x0000000084200000, 0x0000000084300000|  0%| F|  |TAMS 0x0000000084200000, 0x0000000084200000| Untracked 
|  67|0x0000000084300000, 0x0000000084300000, 0x0000000084400000|  0%| F|  |TAMS 0x0000000084300000, 0x0000000084300000| Untracked 
|  68|0x0000000084400000, 0x0000000084400000, 0x0000000084500000|  0%| F|  |TAMS 0x0000000084400000, 0x0000000084400000| Untracked 
|  69|0x0000000084500000, 0x0000000084500000, 0x0000000084600000|  0%| F|  |TAMS 0x0000000084500000, 0x0000000084500000| Untracked 
|  70|0x0000000084600000, 0x0000000084600000, 0x0000000084700000|  0%| F|  |TAMS 0x0000000084600000, 0x0000000084600000| Untracked 
|  71|0x0000000084700000, 0x0000000084700000, 0x0000000084800000|  0%| F|  |TAMS 0x0000000084700000, 0x0000000084700000| Untracked 
|  72|0x0000000084800000, 0x0000000084800000, 0x0000000084900000|  0%| F|  |TAMS 0x0000000084800000, 0x0000000084800000| Untracked 
|  73|0x0000000084900000, 0x0000000084900000, 0x0000000084a00000|  0%| F|  |TAMS 0x0000000084900000, 0x0000000084900000| Untracked 
|  74|0x0000000084a00000, 0x0000000084a00000, 0x0000000084b00000|  0%| F|  |TAMS 0x0000000084a00000, 0x0000000084a00000| Untracked 
|  75|0x0000000084b00000, 0x0000000084b00000, 0x0000000084c00000|  0%| F|  |TAMS 0x0000000084b00000, 0x0000000084b00000| Untracked 
|  76|0x0000000084c00000, 0x0000000084c00000, 0x0000000084d00000|  0%| F|  |TAMS 0x0000000084c00000, 0x0000000084c00000| Untracked 
|  77|0x0000000084d00000, 0x0000000084d00000, 0x0000000084e00000|  0%| F|  |TAMS 0x0000000084d00000, 0x0000000084d00000| Untracked 
|  78|0x0000000084e00000, 0x0000000084e00000, 0x0000000084f00000|  0%| F|  |TAMS 0x0000000084e00000, 0x0000000084e00000| Untracked 
|  79|0x0000000084f00000, 0x0000000084f00000, 0x0000000085000000|  0%| F|  |TAMS 0x0000000084f00000, 0x0000000084f00000| Untracked 
|  80|0x0000000085000000, 0x0000000085000000, 0x0000000085100000|  0%| F|  |TAMS 0x0000000085000000, 0x0000000085000000| Untracked 
|  81|0x0000000085100000, 0x0000000085100000, 0x0000000085200000|  0%| F|  |TAMS 0x0000000085100000, 0x0000000085100000| Untracked 
|  82|0x0000000085200000, 0x0000000085200000, 0x0000000085300000|  0%| F|  |TAMS 0x0000000085200000, 0x0000000085200000| Untracked 
|  83|0x0000000085300000, 0x0000000085300000, 0x0000000085400000|  0%| F|  |TAMS 0x0000000085300000, 0x0000000085300000| Untracked 
|  84|0x0000000085400000, 0x0000000085400000, 0x0000000085500000|  0%| F|  |TAMS 0x0000000085400000, 0x0000000085400000| Untracked 
|  85|0x0000000085500000, 0x0000000085500000, 0x0000000085600000|  0%| F|  |TAMS 0x0000000085500000, 0x0000000085500000| Untracked 
|  86|0x0000000085600000, 0x0000000085600000, 0x0000000085700000|  0%| F|  |TAMS 0x0000000085600000, 0x0000000085600000| Untracked 
|  87|0x0000000085700000, 0x0000000085700000, 0x0000000085800000|  0%| F|  |TAMS 0x0000000085700000, 0x0000000085700000| Untracked 
|  88|0x0000000085800000, 0x0000000085800000, 0x0000000085900000|  0%| F|  |TAMS 0x0000000085800000, 0x0000000085800000| Untracked 
|  89|0x0000000085900000, 0x0000000085900000, 0x0000000085a00000|  0%| F|  |TAMS 0x0000000085900000, 0x0000000085900000| Untracked 
|  90|0x0000000085a00000, 0x0000000085a00000, 0x0000000085b00000|  0%| F|  |TAMS 0x0000000085a00000, 0x0000000085a00000| Untracked 
|  91|0x0000000085b00000, 0x0000000085b00000, 0x0000000085c00000|  0%| F|  |TAMS 0x0000000085b00000, 0x0000000085b00000| Untracked 
|  92|0x0000000085c00000, 0x0000000085c00000, 0x0000000085d00000|  0%| F|  |TAMS 0x0000000085c00000, 0x0000000085c00000| Untracked 
|  93|0x0000000085d00000, 0x0000000085d00000, 0x0000000085e00000|  0%| F|  |TAMS 0x0000000085d00000, 0x0000000085d00000| Untracked 
|  94|0x0000000085e00000, 0x0000000085e00000, 0x0000000085f00000|  0%| F|  |TAMS 0x0000000085e00000, 0x0000000085e00000| Untracked 
|  95|0x0000000085f00000, 0x0000000085f00000, 0x0000000086000000|  0%| F|  |TAMS 0x0000000085f00000, 0x0000000085f00000| Untracked 
|  96|0x0000000086000000, 0x0000000086000000, 0x0000000086100000|  0%| F|  |TAMS 0x0000000086000000, 0x0000000086000000| Untracked 
|  97|0x0000000086100000, 0x0000000086100000, 0x0000000086200000|  0%| F|  |TAMS 0x0000000086100000, 0x0000000086100000| Untracked 
|  98|0x0000000086200000, 0x0000000086200000, 0x0000000086300000|  0%| F|  |TAMS 0x0000000086200000, 0x0000000086200000| Untracked 
|  99|0x0000000086300000, 0x0000000086300000, 0x0000000086400000|  0%| F|  |TAMS 0x0000000086300000, 0x0000000086300000| Untracked 
| 100|0x0000000086400000, 0x0000000086400000, 0x0000000086500000|  0%| F|  |TAMS 0x0000000086400000, 0x0000000086400000| Untracked 
| 101|0x0000000086500000, 0x0000000086500000, 0x0000000086600000|  0%| F|  |TAMS 0x0000000086500000, 0x0000000086500000| Untracked 
| 102|0x0000000086600000, 0x0000000086600000, 0x0000000086700000|  0%| F|  |TAMS 0x0000000086600000, 0x0000000086600000| Untracked 
| 103|0x0000000086700000, 0x0000000086700000, 0x0000000086800000|  0%| F|  |TAMS 0x0000000086700000, 0x0000000086700000| Untracked 
| 104|0x0000000086800000, 0x0000000086800000, 0x0000000086900000|  0%| F|  |TAMS 0x0000000086800000, 0x0000000086800000| Untracked 
| 105|0x0000000086900000, 0x0000000086900000, 0x0000000086a00000|  0%| F|  |TAMS 0x0000000086900000, 0x0000000086900000| Untracked 
| 106|0x0000000086a00000, 0x0000000086a00000, 0x0000000086b00000|  0%| F|  |TAMS 0x0000000086a00000, 0x0000000086a00000| Untracked 
| 107|0x0000000086b00000, 0x0000000086b00000, 0x0000000086c00000|  0%| F|  |TAMS 0x0000000086b00000, 0x0000000086b00000| Untracked 
| 108|0x0000000086c00000, 0x0000000086c00000, 0x0000000086d00000|  0%| F|  |TAMS 0x0000000086c00000, 0x0000000086c00000| Untracked 
| 109|0x0000000086d00000, 0x0000000086d00000, 0x0000000086e00000|  0%| F|  |TAMS 0x0000000086d00000, 0x0000000086d00000| Untracked 
| 110|0x0000000086e00000, 0x0000000086e00000, 0x0000000086f00000|  0%| F|  |TAMS 0x0000000086e00000, 0x0000000086e00000| Untracked 
| 111|0x0000000086f00000, 0x0000000086f00000, 0x0000000087000000|  0%| F|  |TAMS 0x0000000086f00000, 0x0000000086f00000| Untracked 
| 112|0x0000000087000000, 0x0000000087000000, 0x0000000087100000|  0%| F|  |TAMS 0x0000000087000000, 0x0000000087000000| Untracked 
| 113|0x0000000087100000, 0x0000000087100000, 0x0000000087200000|  0%| F|  |TAMS 0x0000000087100000, 0x0000000087100000| Untracked 
| 114|0x0000000087200000, 0x0000000087200000, 0x0000000087300000|  0%| F|  |TAMS 0x0000000087200000, 0x0000000087200000| Untracked 
| 115|0x0000000087300000, 0x0000000087300000, 0x0000000087400000|  0%| F|  |TAMS 0x0000000087300000, 0x0000000087300000| Untracked 
| 116|0x0000000087400000, 0x0000000087400000, 0x0000000087500000|  0%| F|  |TAMS 0x0000000087400000, 0x0000000087400000| Untracked 
| 117|0x0000000087500000, 0x0000000087500000, 0x0000000087600000|  0%| F|  |TAMS 0x0000000087500000, 0x0000000087500000| Untracked 
| 118|0x0000000087600000, 0x0000000087600000, 0x0000000087700000|  0%| F|  |TAMS 0x0000000087600000, 0x0000000087600000| Untracked 
| 119|0x0000000087700000, 0x0000000087700000, 0x0000000087800000|  0%| F|  |TAMS 0x0000000087700000, 0x0000000087700000| Untracked 
| 120|0x0000000087800000, 0x0000000087800000, 0x0000000087900000|  0%| F|  |TAMS 0x0000000087800000, 0x0000000087800000| Untracked 
| 121|0x0000000087900000, 0x0000000087900000, 0x0000000087a00000|  0%| F|  |TAMS 0x0000000087900000, 0x0000000087900000| Untracked 
| 122|0x0000000087a00000, 0x0000000087a00000, 0x0000000087b00000|  0%| F|  |TAMS 0x0000000087a00000, 0x0000000087a00000| Untracked 
| 123|0x0000000087b00000, 0x0000000087b00000, 0x0000000087c00000|  0%| F|  |TAMS 0x0000000087b00000, 0x0000000087b00000| Untracked 
| 124|0x0000000087c00000, 0x0000000087c00000, 0x0000000087d00000|  0%| F|  |TAMS 0x0000000087c00000, 0x0000000087c00000| Untracked 
| 125|0x0000000087d00000, 0x0000000087d00000, 0x0000000087e00000|  0%| F|  |TAMS 0x0000000087d00000, 0x0000000087d00000| Untracked 
| 126|0x0000000087e00000, 0x0000000087e00000, 0x0000000087f00000|  0%| F|  |TAMS 0x0000000087e00000, 0x0000000087e00000| Untracked 
| 127|0x0000000087f00000, 0x0000000087f00000, 0x0000000088000000|  0%| F|  |TAMS 0x0000000087f00000, 0x0000000087f00000| Untracked 
| 128|0x0000000088000000, 0x0000000088000000, 0x0000000088100000|  0%| F|  |TAMS 0x0000000088000000, 0x0000000088000000| Untracked 
| 129|0x0000000088100000, 0x0000000088100000, 0x0000000088200000|  0%| F|  |TAMS 0x0000000088100000, 0x0000000088100000| Untracked 
| 130|0x0000000088200000, 0x0000000088200000, 0x0000000088300000|  0%| F|  |TAMS 0x0000000088200000, 0x0000000088200000| Untracked 
| 131|0x0000000088300000, 0x0000000088300000, 0x0000000088400000|  0%| F|  |TAMS 0x0000000088300000, 0x0000000088300000| Untracked 
| 132|0x0000000088400000, 0x0000000088400000, 0x0000000088500000|  0%| F|  |TAMS 0x0000000088400000, 0x0000000088400000| Untracked 
| 133|0x0000000088500000, 0x0000000088500000, 0x0000000088600000|  0%| F|  |TAMS 0x0000000088500000, 0x0000000088500000| Untracked 
| 134|0x0000000088600000, 0x0000000088600000, 0x0000000088700000|  0%| F|  |TAMS 0x0000000088600000, 0x0000000088600000| Untracked 
| 135|0x0000000088700000, 0x0000000088700000, 0x0000000088800000|  0%| F|  |TAMS 0x0000000088700000, 0x0000000088700000| Untracked 
| 136|0x0000000088800000, 0x0000000088800000, 0x0000000088900000|  0%| F|  |TAMS 0x0000000088800000, 0x0000000088800000| Untracked 
| 137|0x0000000088900000, 0x0000000088900000, 0x0000000088a00000|  0%| F|  |TAMS 0x0000000088900000, 0x0000000088900000| Untracked 
| 138|0x0000000088a00000, 0x0000000088a00000, 0x0000000088b00000|  0%| F|  |TAMS 0x0000000088a00000, 0x0000000088a00000| Untracked 
| 139|0x0000000088b00000, 0x0000000088b00000, 0x0000000088c00000|  0%| F|  |TAMS 0x0000000088b00000, 0x0000000088b00000| Untracked 
| 140|0x0000000088c00000, 0x0000000088c00000, 0x0000000088d00000|  0%| F|  |TAMS 0x0000000088c00000, 0x0000000088c00000| Untracked 
| 141|0x0000000088d00000, 0x0000000088d00000, 0x0000000088e00000|  0%| F|  |TAMS 0x0000000088d00000, 0x0000000088d00000| Untracked 
| 142|0x0000000088e00000, 0x0000000088e00000, 0x0000000088f00000|  0%| F|  |TAMS 0x0000000088e00000, 0x0000000088e00000| Untracked 
| 143|0x0000000088f00000, 0x0000000088f00000, 0x0000000089000000|  0%| F|  |TAMS 0x0000000088f00000, 0x0000000088f00000| Untracked 
| 144|0x0000000089000000, 0x0000000089000000, 0x0000000089100000|  0%| F|  |TAMS 0x0000000089000000, 0x0000000089000000| Untracked 
| 145|0x0000000089100000, 0x0000000089100000, 0x0000000089200000|  0%| F|  |TAMS 0x0000000089100000, 0x0000000089100000| Untracked 
| 146|0x0000000089200000, 0x0000000089200000, 0x0000000089300000|  0%| F|  |TAMS 0x0000000089200000, 0x0000000089200000| Untracked 
| 147|0x0000000089300000, 0x0000000089300000, 0x0000000089400000|  0%| F|  |TAMS 0x0000000089300000, 0x0000000089300000| Untracked 
| 148|0x0000000089400000, 0x0000000089434e28, 0x0000000089500000| 20%| S|CS|TAMS 0x0000000089400000, 0x0000000089400000| Complete 
| 149|0x0000000089500000, 0x0000000089500000, 0x0000000089600000|  0%| F|  |TAMS 0x0000000089500000, 0x0000000089500000| Untracked 
| 150|0x0000000089600000, 0x0000000089600000, 0x0000000089700000|  0%| F|  |TAMS 0x0000000089600000, 0x0000000089600000| Untracked 
| 151|0x0000000089700000, 0x0000000089700000, 0x0000000089800000|  0%| F|  |TAMS 0x0000000089700000, 0x0000000089700000| Untracked 
| 152|0x0000000089800000, 0x0000000089800000, 0x0000000089900000|  0%| F|  |TAMS 0x0000000089800000, 0x0000000089800000| Untracked 
| 153|0x0000000089900000, 0x0000000089900000, 0x0000000089a00000|  0%| F|  |TAMS 0x0000000089900000, 0x0000000089900000| Untracked 
| 251|0x000000008fb00000, 0x000000008fb00000, 0x000000008fc00000|  0%| F|  |TAMS 0x000000008fb00000, 0x000000008fb00000| Untracked 

Card table byte_map: [0x000001b3f7bb0000,0x000001b3f7fb0000] _byte_map_base: 0x000001b3f77b0000

Marking Bits (Prev, Next): (CMBitMap*) 0x000001b3ef42f550, (CMBitMap*) 0x000001b3ef42f590
 Prev Bits: [0x000001b3f83b0000, 0x000001b3fa3b0000)
 Next Bits: [0x000001b3fa3b0000, 0x000001b3fc3b0000)

Polling page: 0x000001b3ed320000

Metaspace:

Usage:
  Non-class:     49.26 MB used.
      Class:      7.91 MB used.
       Both:     57.17 MB used.

Virtual space:
  Non-class space:       64.00 MB reserved,      49.56 MB ( 77%) committed,  1 nodes.
      Class space:      416.00 MB reserved,       8.19 MB (  2%) committed,  1 nodes.
             Both:      480.00 MB reserved,      57.75 MB ( 12%) committed. 

Chunk freelists:
   Non-Class:  13.58 MB
       Class:  7.79 MB
        Both:  21.36 MB

MaxMetaspaceSize: 512.00 MB
CompressedClassSpaceSize: 416.00 MB
Initial GC threshold: 21.00 MB
Current GC threshold: 58.69 MB
CDS: on
MetaspaceReclaimPolicy: balanced
 - commit_granule_bytes: 65536.
 - commit_granule_words: 8192.
 - virtual_space_node_default_size: 8388608.
 - enlarge_chunks_in_place: 1.
 - new_chunks_are_fully_committed: 0.
 - uncommit_free_chunks: 1.
 - use_allocation_guard: 0.
 - handle_deallocations: 1.


Internal statistics:

num_allocs_failed_limit: 6.
num_arena_births: 714.
num_arena_deaths: 0.
num_vsnodes_births: 2.
num_vsnodes_deaths: 0.
num_space_committed: 924.
num_space_uncommitted: 0.
num_chunks_returned_to_freelist: 6.
num_chunks_taken_from_freelist: 3008.
num_chunk_merges: 6.
num_chunk_splits: 2025.
num_chunks_enlarged: 1379.
num_inconsistent_stats: 0.

CodeHeap 'non-profiled nmethods': size=119168Kb used=4662Kb max_used=4662Kb free=114505Kb
 bounds [0x000001b387ba0000, 0x000001b388030000, 0x000001b38f000000]
CodeHeap 'profiled nmethods': size=119104Kb used=14393Kb max_used=14393Kb free=104710Kb
 bounds [0x000001b380000000, 0x000001b380e10000, 0x000001b387450000]
CodeHeap 'non-nmethods': size=7488Kb used=2355Kb max_used=4057Kb free=5132Kb
 bounds [0x000001b387450000, 0x000001b387860000, 0x000001b387ba0000]
 total_blobs=8269 nmethods=7388 adapters=793
 compilation: enabled
              stopped_count=0, restarted_count=0
 full_count=0

Compilation events (20 events):
Event: 8172.149 Thread 0x000001b3ff04dd30 nmethod 8222 0x000001b380e07690 code [0x000001b380e07a60, 0x000001b380e09978]
Event: 8172.160 Thread 0x000001b3ff04dd30 8227       3       org.gradle.launcher.daemon.registry.DaemonRegistryContent$Serializer::readStopEvents (52 bytes)
Event: 8172.557 Thread 0x000001b3ff047400 nmethod 8213 0x000001b38802c510 code [0x000001b38802c6c0, 0x000001b38802d438]
Event: 8172.557 Thread 0x000001b3ff047400 8215       4       org.gradle.launcher.daemon.server.health.gc.GarbageCollectionCheck::run (198 bytes)
Event: 8172.590 Thread 0x000001b3ff04dd30 nmethod 8227 0x000001b380e0a510 code [0x000001b380e0a720, 0x000001b380e0af38]
Event: 8172.590 Thread 0x000001b3ff04dd30 8223       3       org.gradle.internal.serialize.InputStreamBackedDecoder::<init> (13 bytes)
Event: 8172.594 Thread 0x000001b3ff04dd30 nmethod 8223 0x000001b380e0b290 code [0x000001b380e0b480, 0x000001b380e0bc58]
Event: 8172.594 Thread 0x000001b3ff04dd30 8224       3       org.gradle.internal.serialize.InputStreamBackedDecoder::<init> (10 bytes)
Event: 8172.681 Thread 0x000001b3ff04dd30 nmethod 8224 0x000001b380e0be90 code [0x000001b380e0c040, 0x000001b380e0c258]
Event: 8175.499 Thread 0x000001b3ff04dd30 8232       1       org.gradle.launcher.daemon.context.DefaultDaemonContext::getJavaHome (5 bytes)
Event: 8175.829 Thread 0x000001b3ff04dd30 nmethod 8232 0x000001b38802d890 code [0x000001b38802da20, 0x000001b38802daf8]
Event: 8175.850 Thread 0x000001b3ff04dd30 8235       3       org.gradle.internal.io.ExponentialBackoff::retryUntil (65 bytes)
Event: 8176.729 Thread 0x000001b3ff04dd30 nmethod 8235 0x000001b380e0c390 code [0x000001b380e0c5e0, 0x000001b380e0d018]
Event: 8176.729 Thread 0x000001b3ff04dd30 8233       3       org.gradle.internal.jvm.Jvm::getJavaExecutable (27 bytes)
Event: 8177.025 Thread 0x000001b3ff04dd30 nmethod 8233 0x000001b380e0d410 code [0x000001b380e0d5c0, 0x000001b380e0d7c8]
Event: 8195.869 Thread 0x000001b3ff04dd30 8241       3       org.gradle.internal.os.OperatingSystem::current (21 bytes)
Event: 8202.086 Thread 0x000001b3ff04dd30 nmethod 8241 0x000001b380e0d890 code [0x000001b380e0daa0, 0x000001b380e0dfd8]
Event: 8208.326 Thread 0x000001b3ff04dd30 8243       3       java.io.FileInputStream::available (5 bytes)
Event: 8208.435 Thread 0x000001b3ff04dd30 nmethod 8243 0x000001b380e0e190 code [0x000001b380e0e320, 0x000001b380e0e468]
Event: 8215.260 Thread 0x000001b3ff04dd30 8248   !   3       org.gradle.launcher.daemon.registry.PersistentDaemonRegistry::getAll (73 bytes)

GC Heap History (20 events):
Event: 623.007 GC heap after
{Heap after GC invocations=14 (full 0):
 garbage-first heap   total 158720K, used 36376K [0x0000000080000000, 0x0000000100000000)
  region size 1024K, 5 young (5120K), 5 survivors (5120K)
 Metaspace       used 42606K, committed 43136K, reserved 491520K
  class space    used 5897K, committed 6144K, reserved 425984K
}
Event: 639.449 GC heap before
{Heap before GC invocations=14 (full 0):
 garbage-first heap   total 158720K, used 124440K [0x0000000080000000, 0x0000000100000000)
  region size 1024K, 85 young (87040K), 5 survivors (5120K)
 Metaspace       used 50767K, committed 51328K, reserved 491520K
  class space    used 7047K, committed 7296K, reserved 425984K
}
Event: 639.459 GC heap after
{Heap after GC invocations=15 (full 0):
 garbage-first heap   total 158720K, used 48393K [0x0000000080000000, 0x0000000100000000)
  region size 1024K, 11 young (11264K), 11 survivors (11264K)
 Metaspace       used 50767K, committed 51328K, reserved 491520K
  class space    used 7047K, committed 7296K, reserved 425984K
}
Event: 651.845 GC heap before
{Heap before GC invocations=15 (full 0):
 garbage-first heap   total 158720K, used 121097K [0x0000000080000000, 0x0000000100000000)
  region size 1024K, 82 young (83968K), 11 survivors (11264K)
 Metaspace       used 57197K, committed 57792K, reserved 491520K
  class space    used 7907K, committed 8192K, reserved 425984K
}
Event: 651.871 GC heap after
{Heap after GC invocations=16 (full 0):
 garbage-first heap   total 158720K, used 52700K [0x0000000080000000, 0x0000000100000000)
  region size 1024K, 11 young (11264K), 11 survivors (11264K)
 Metaspace       used 57197K, committed 57792K, reserved 491520K
  class space    used 7907K, committed 8192K, reserved 425984K
}
Event: 791.280 GC heap before
{Heap before GC invocations=16 (full 0):
 garbage-first heap   total 158720K, used 123356K [0x0000000080000000, 0x0000000100000000)
  region size 1024K, 80 young (81920K), 11 survivors (11264K)
 Metaspace       used 58434K, committed 59072K, reserved 491520K
  class space    used 8100K, committed 8384K, reserved 425984K
}
Event: 791.355 GC heap after
{Heap after GC invocations=17 (full 0):
 garbage-first heap   total 158720K, used 54286K [0x0000000080000000, 0x0000000100000000)
  region size 1024K, 7 young (7168K), 7 survivors (7168K)
 Metaspace       used 58434K, committed 59072K, reserved 491520K
  class space    used 8100K, committed 8384K, reserved 425984K
}
Event: 991.720 GC heap before
{Heap before GC invocations=17 (full 0):
 garbage-first heap   total 158720K, used 126990K [0x0000000080000000, 0x0000000100000000)
  region size 1024K, 78 young (79872K), 7 survivors (7168K)
 Metaspace       used 58446K, committed 59072K, reserved 491520K
  class space    used 8100K, committed 8384K, reserved 425984K
}
Event: 991.819 GC heap after
{Heap after GC invocations=18 (full 0):
 garbage-first heap   total 158720K, used 54796K [0x0000000080000000, 0x0000000100000000)
  region size 1024K, 3 young (3072K), 3 survivors (3072K)
 Metaspace       used 58446K, committed 59072K, reserved 491520K
  class space    used 8100K, committed 8384K, reserved 425984K
}
Event: 8183.599 GC heap before
{Heap before GC invocations=18 (full 0):
 garbage-first heap   total 158720K, used 128524K [0x0000000080000000, 0x0000000100000000)
  region size 1024K, 75 young (76800K), 3 survivors (3072K)
 Metaspace       used 58541K, committed 59136K, reserved 491520K
  class space    used 8104K, committed 8384K, reserved 425984K
}
Event: 8190.161 GC heap after
{Heap after GC invocations=19 (full 0):
 garbage-first heap   total 158720K, used 54786K [0x0000000080000000, 0x0000000100000000)
  region size 1024K, 3 young (3072K), 3 survivors (3072K)
 Metaspace       used 58541K, committed 59136K, reserved 491520K
  class space    used 8104K, committed 8384K, reserved 425984K
}
Event: 8197.284 GC heap before
{Heap before GC invocations=19 (full 0):
 garbage-first heap   total 158720K, used 58882K [0x0000000080000000, 0x0000000100000000)
  region size 1024K, 7 young (7168K), 3 survivors (3072K)
 Metaspace       used 58541K, committed 59136K, reserved 491520K
  class space    used 8104K, committed 8384K, reserved 425984K
}
Event: 8201.224 GC heap after
{Heap after GC invocations=20 (full 0):
 garbage-first heap   total 158720K, used 54877K [0x0000000080000000, 0x0000000100000000)
  region size 1024K, 1 young (1024K), 1 survivors (1024K)
 Metaspace       used 58541K, committed 59136K, reserved 491520K
  class space    used 8104K, committed 8384K, reserved 425984K
}
Event: 8205.774 GC heap before
{Heap before GC invocations=20 (full 0):
 garbage-first heap   total 158720K, used 61021K [0x0000000080000000, 0x0000000100000000)
  region size 1024K, 7 young (7168K), 1 survivors (1024K)
 Metaspace       used 58542K, committed 59136K, reserved 491520K
  class space    used 8104K, committed 8384K, reserved 425984K
}
Event: 8207.249 GC heap after
{Heap after GC invocations=21 (full 0):
 garbage-first heap   total 158720K, used 54663K [0x0000000080000000, 0x0000000100000000)
  region size 1024K, 1 young (1024K), 1 survivors (1024K)
 Metaspace       used 58542K, committed 59136K, reserved 491520K
  class space    used 8104K, committed 8384K, reserved 425984K
}
Event: 8208.555 GC heap before
{Heap before GC invocations=21 (full 0):
 garbage-first heap   total 158720K, used 60807K [0x0000000080000000, 0x0000000100000000)
  region size 1024K, 7 young (7168K), 1 survivors (1024K)
 Metaspace       used 58542K, committed 59136K, reserved 491520K
  class space    used 8104K, committed 8384K, reserved 425984K
}
Event: 8211.888 GC heap after
{Heap after GC invocations=22 (full 0):
 garbage-first heap   total 158720K, used 54590K [0x0000000080000000, 0x0000000100000000)
  region size 1024K, 1 young (1024K), 1 survivors (1024K)
 Metaspace       used 58542K, committed 59136K, reserved 491520K
  class space    used 8104K, committed 8384K, reserved 425984K
}
Event: 8212.652 GC heap before
{Heap before GC invocations=22 (full 0):
 garbage-first heap   total 158720K, used 60734K [0x0000000080000000, 0x0000000100000000)
  region size 1024K, 7 young (7168K), 1 survivors (1024K)
 Metaspace       used 58542K, committed 59136K, reserved 491520K
  class space    used 8104K, committed 8384K, reserved 425984K
}
Event: 8214.872 GC heap after
{Heap after GC invocations=23 (full 0):
 garbage-first heap   total 158720K, used 54573K [0x0000000080000000, 0x0000000100000000)
  region size 1024K, 1 young (1024K), 1 survivors (1024K)
 Metaspace       used 58542K, committed 59136K, reserved 491520K
  class space    used 8104K, committed 8384K, reserved 425984K
}
Event: 8215.884 GC heap before
{Heap before GC invocations=23 (full 0):
 garbage-first heap   total 158720K, used 60717K [0x0000000080000000, 0x0000000100000000)
  region size 1024K, 7 young (7168K), 1 survivors (1024K)
 Metaspace       used 58542K, committed 59136K, reserved 491520K
  class space    used 8104K, committed 8384K, reserved 425984K
}

Dll operation events (13 events):
Event: 0.120 Loaded shared library C:\Program Files\Eclipse Adoptium\jdk-17.0.15.6-hotspot\bin\java.dll
Event: 0.314 Loaded shared library C:\Program Files\Eclipse Adoptium\jdk-17.0.15.6-hotspot\bin\jsvml.dll
Event: 0.874 Loaded shared library C:\Program Files\Eclipse Adoptium\jdk-17.0.15.6-hotspot\bin\net.dll
Event: 0.889 Loaded shared library C:\Program Files\Eclipse Adoptium\jdk-17.0.15.6-hotspot\bin\nio.dll
Event: 0.940 Loaded shared library C:\Program Files\Eclipse Adoptium\jdk-17.0.15.6-hotspot\bin\zip.dll
Event: 2.634 Loaded shared library C:\Program Files\Eclipse Adoptium\jdk-17.0.15.6-hotspot\bin\jimage.dll
Event: 4.312 Loaded shared library C:\Program Files\Eclipse Adoptium\jdk-17.0.15.6-hotspot\bin\verify.dll
Event: 10.513 Loaded shared library C:\Users\karth\.gradle\native\68d5fa5c4cc2d200863cafc0d521ce42e7d3e7ee720ec0a83991735586a16f82\windows-amd64\native-platform.dll
Event: 10.632 Loaded shared library C:\Users\karth\.gradle\native\e376f236ea51e6404a007f0833ffe2c6e607c4080706a723a18a27aeea778392\windows-amd64\native-platform-file-events.dll
Event: 20.595 Loaded shared library C:\Program Files\Eclipse Adoptium\jdk-17.0.15.6-hotspot\bin\management.dll
Event: 20.608 Loaded shared library C:\Program Files\Eclipse Adoptium\jdk-17.0.15.6-hotspot\bin\management_ext.dll
Event: 24.052 Loaded shared library C:\Program Files\Eclipse Adoptium\jdk-17.0.15.6-hotspot\bin\extnet.dll
Event: 39.812 Loaded shared library C:\Program Files\Eclipse Adoptium\jdk-17.0.15.6-hotspot\bin\sunmscapi.dll

Deoptimization events (20 events):
Event: 738.781 Thread 0x000001b3af4f1e40 Uncommon trap: trap_request=0xffffff45 fr.pc=0x000001b387bcbce4 relative=0x0000000000000064
Event: 738.781 Thread 0x000001b3af4f1e40 Uncommon trap: reason=unstable_if action=reinterpret pc=0x000001b387bcbce4 method=java.io.WinNTFileSystem.isSlash(C)Z @ 9 c2
Event: 738.781 Thread 0x000001b3af4f1e40 DEOPT PACKING pc=0x000001b387bcbce4 sp=0x0000002118ef7c00
Event: 738.781 Thread 0x000001b3af4f1e40 DEOPT UNPACKING pc=0x000001b3874a69a3 sp=0x0000002118ef7b88 mode 2
Event: 758.209 Thread 0x000001b3afd34070 Uncommon trap: trap_request=0xffffff45 fr.pc=0x000001b387bfd1e0 relative=0x0000000000000620
Event: 758.209 Thread 0x000001b3afd34070 Uncommon trap: reason=unstable_if action=reinterpret pc=0x000001b387bfd1e0 method=java.lang.AbstractStringBuilder.append(Ljava/lang/String;)Ljava/lang/AbstractStringBuilder; @ 1 c2
Event: 758.209 Thread 0x000001b3afd34070 DEOPT PACKING pc=0x000001b387bfd1e0 sp=0x00000021189fe470
Event: 758.209 Thread 0x000001b3afd34070 DEOPT UNPACKING pc=0x000001b3874a69a3 sp=0x00000021189fe3f0 mode 2
Event: 758.218 Thread 0x000001b3afd34070 Uncommon trap: trap_request=0xffffff45 fr.pc=0x000001b387bdbff0 relative=0x0000000000000630
Event: 758.218 Thread 0x000001b3afd34070 Uncommon trap: reason=unstable_if action=reinterpret pc=0x000001b387bdbff0 method=java.lang.AbstractStringBuilder.append(Ljava/lang/String;)Ljava/lang/AbstractStringBuilder; @ 1 c2
Event: 758.218 Thread 0x000001b3afd34070 DEOPT PACKING pc=0x000001b387bdbff0 sp=0x00000021189fe410
Event: 758.219 Thread 0x000001b3afd34070 DEOPT UNPACKING pc=0x000001b3874a69a3 sp=0x00000021189fe3f8 mode 2
Event: 1550.126 Thread 0x000001b3af4f1e40 Uncommon trap: trap_request=0xffffff45 fr.pc=0x000001b387c5b84c relative=0x000000000000012c
Event: 1550.126 Thread 0x000001b3af4f1e40 Uncommon trap: reason=unstable_if action=reinterpret pc=0x000001b387c5b84c method=org.gradle.internal.time.DefaultCountdownTimer.hasExpired()Z @ 6 c2
Event: 1550.126 Thread 0x000001b3af4f1e40 DEOPT PACKING pc=0x000001b387c5b84c sp=0x0000002118ef7d00
Event: 1550.128 Thread 0x000001b3af4f1e40 DEOPT UNPACKING pc=0x000001b3874a69a3 sp=0x0000002118ef7cc8 mode 2
Event: 1550.129 Thread 0x000001b3af4f1e40 Uncommon trap: trap_request=0xffffff45 fr.pc=0x000001b387fd8e68 relative=0x0000000000006468
Event: 1550.130 Thread 0x000001b3af4f1e40 Uncommon trap: reason=unstable_if action=reinterpret pc=0x000001b387fd8e68 method=org.gradle.internal.io.ExponentialBackoff.retryUntil(Lorg/gradle/internal/io/IOQuery;)Ljava/lang/Object; @ 25 c2
Event: 1550.130 Thread 0x000001b3af4f1e40 DEOPT PACKING pc=0x000001b387fd8e68 sp=0x0000002118ef7d60
Event: 1550.130 Thread 0x000001b3af4f1e40 DEOPT UNPACKING pc=0x000001b3874a69a3 sp=0x0000002118ef7dd8 mode 2

Classes loaded (20 events):
Event: 638.352 Loading class java/lang/Byte$ByteCache
Event: 638.352 Loading class java/lang/Byte$ByteCache done
Event: 638.444 Loading class java/util/regex/Pattern$SliceI
Event: 638.444 Loading class java/util/regex/Pattern$SliceI done
Event: 650.283 Loading class jdk/internal/loader/URLClassPath$FileLoader
Event: 650.283 Loading class jdk/internal/loader/URLClassPath$FileLoader done
Event: 650.294 Loading class jdk/internal/loader/URLClassPath$FileLoader$1
Event: 650.295 Loading class jdk/internal/loader/URLClassPath$FileLoader$1 done
Event: 650.776 Loading class java/lang/AbstractMethodError
Event: 650.776 Loading class java/lang/AbstractMethodError done
Event: 650.840 Loading class java/time/temporal/WeekFields
Event: 650.840 Loading class java/time/temporal/WeekFields done
Event: 650.841 Loading class java/time/temporal/WeekFields$ComputedDayOfField
Event: 650.841 Loading class java/time/temporal/WeekFields$ComputedDayOfField done
Event: 650.844 Loading class java/time/Month$1
Event: 650.844 Loading class java/time/Month$1 done
Event: 650.848 Loading class java/nio/channels/Channels
Event: 650.848 Loading class java/nio/channels/Channels done
Event: 650.848 Loading class java/nio/channels/Channels$1
Event: 650.848 Loading class java/nio/channels/Channels$1 done

Classes unloaded (0 events):
No events

Classes redefined (0 events):
No events

Internal exceptions (20 events):
Event: 651.626 Thread 0x000001b3af4f1e40 Exception <a 'java/lang/ClassNotFoundException'{0x0000000085faabc0}: org/gradle/api/internal/initialization/DefaultScriptHandlerBeanInfo> (0x0000000085faabc0) 
thrown [s\src\hotspot\share\classfile\systemDictionary.cpp, line 256]
Event: 651.627 Thread 0x000001b3af4f1e40 Exception <a 'java/lang/ClassNotFoundException'{0x0000000085fbc520}: org/gradle/api/internal/initialization/DefaultScriptHandlerCustomizer> (0x0000000085fbc520) 
thrown [s\src\hotspot\share\classfile\systemDictionary.cpp, line 256]
Event: 651.654 Thread 0x000001b3af4f1e40 Exception <a 'java/lang/ClassNotFoundException'{0x0000000085bcc508}: org/gradle/api/internal/artifacts/dsl/DefaultRepositoryHandler_DecoratedBeanInfo> (0x0000000085bcc508) 
thrown [s\src\hotspot\share\classfile\systemDictionary.cpp, line 256]
Event: 651.655 Thread 0x000001b3af4f1e40 Exception <a 'java/lang/ClassNotFoundException'{0x0000000085be46e8}: org/gradle/api/internal/artifacts/dsl/DefaultRepositoryHandlerBeanInfo> (0x0000000085be46e8) 
thrown [s\src\hotspot\share\classfile\systemDictionary.cpp, line 256]
Event: 651.657 Thread 0x000001b3af4f1e40 Exception <a 'java/lang/ClassNotFoundException'{0x0000000085bfd0b8}: org/gradle/api/internal/artifacts/DefaultArtifactRepositoryContainerBeanInfo> (0x0000000085bfd0b8) 
thrown [s\src\hotspot\share\classfile\systemDictionary.cpp, line 256]
Event: 651.657 Thread 0x000001b3af4f1e40 Exception <a 'java/lang/ClassNotFoundException'{0x0000000085a11f28}: org/gradle/api/internal/DefaultNamedDomainObjectListBeanInfo> (0x0000000085a11f28) 
thrown [s\src\hotspot\share\classfile\systemDictionary.cpp, line 256]
Event: 651.658 Thread 0x000001b3af4f1e40 Exception <a 'java/lang/ClassNotFoundException'{0x0000000085a26f48}: org/gradle/api/internal/DefaultNamedDomainObjectCollectionBeanInfo> (0x0000000085a26f48) 
thrown [s\src\hotspot\share\classfile\systemDictionary.cpp, line 256]
Event: 651.659 Thread 0x000001b3af4f1e40 Exception <a 'java/lang/ClassNotFoundException'{0x0000000085a3bda8}: org/gradle/api/internal/DefaultDomainObjectCollectionBeanInfo> (0x0000000085a3bda8) 
thrown [s\src\hotspot\share\classfile\systemDictionary.cpp, line 256]
Event: 651.662 Thread 0x000001b3af4f1e40 Exception <a 'java/lang/ClassNotFoundException'{0x0000000085a50d40}: org/gradle/api/internal/DefaultDomainObjectCollectionCustomizer> (0x0000000085a50d40) 
thrown [s\src\hotspot\share\classfile\systemDictionary.cpp, line 256]
Event: 651.667 Thread 0x000001b3af4f1e40 Exception <a 'java/lang/ClassNotFoundException'{0x0000000085a8e258}: org/gradle/api/internal/DefaultNamedDomainObjectCollectionCustomizer> (0x0000000085a8e258) 
thrown [s\src\hotspot\share\classfile\systemDictionary.cpp, line 256]
Event: 651.670 Thread 0x000001b3af4f1e40 Exception <a 'java/lang/ClassNotFoundException'{0x0000000085ad5cb0}: org/gradle/api/internal/DefaultNamedDomainObjectListCustomizer> (0x0000000085ad5cb0) 
thrown [s\src\hotspot\share\classfile\systemDictionary.cpp, line 256]
Event: 651.673 Thread 0x000001b3af4f1e40 Exception <a 'java/lang/ClassNotFoundException'{0x000000008591a578}: org/gradle/api/internal/artifacts/DefaultArtifactRepositoryContainerCustomizer> (0x000000008591a578) 
thrown [s\src\hotspot\share\classfile\systemDictionary.cpp, line 256]
Event: 651.677 Thread 0x000001b3af4f1e40 Exception <a 'java/lang/ClassNotFoundException'{0x000000008595ac88}: org/gradle/api/internal/artifacts/dsl/DefaultRepositoryHandlerCustomizer> (0x000000008595ac88) 
thrown [s\src\hotspot\share\classfile\systemDictionary.cpp, line 256]
Event: 651.681 Thread 0x000001b3af4f1e40 Exception <a 'java/lang/ClassNotFoundException'{0x00000000859a9328}: org/gradle/api/internal/artifacts/dsl/DefaultRepositoryHandler_DecoratedCustomizer> (0x00000000859a9328) 
thrown [s\src\hotspot\share\classfile\systemDictionary.cpp, line 256]
Event: 651.694 Thread 0x000001b3af4f1e40 Exception <a 'java/lang/ClassNotFoundException'{0x000000008583c878}: org/gradle/api/internal/artifacts/dsl/dependencies/DefaultDependencyHandler_DecoratedBeanInfo> (0x000000008583c878) 
thrown [s\src\hotspot\share\classfile\systemDictionary.cpp, line 256]
Event: 651.696 Thread 0x000001b3af4f1e40 Exception <a 'java/lang/ClassNotFoundException'{0x0000000085854740}: org/gradle/api/internal/artifacts/dsl/dependencies/DefaultDependencyHandlerBeanInfo> (0x0000000085854740) 
thrown [s\src\hotspot\share\classfile\systemDictionary.cpp, line 256]
Event: 651.697 Thread 0x000001b3af4f1e40 Exception <a 'java/lang/ClassNotFoundException'{0x000000008586c078}: org/gradle/api/internal/artifacts/dsl/dependencies/DefaultDependencyHandlerCustomizer> (0x000000008586c078) 
thrown [s\src\hotspot\share\classfile\systemDictionary.cpp, line 256]
Event: 651.702 Thread 0x000001b3af4f1e40 Exception <a 'java/lang/ClassNotFoundException'{0x00000000858b6018}: org/gradle/api/internal/artifacts/dsl/dependencies/DefaultDependencyHandler_DecoratedCustomizer> (0x00000000858b6018) 
thrown [s\src\hotspot\share\classfile\systemDictionary.cpp, line 256]
Event: 758.209 Thread 0x000001b3afd34070 Implicit null exception at 0x000001b387bfcbf2 to 0x000001b387bfd1c8
Event: 758.218 Thread 0x000001b3afd34070 Implicit null exception at 0x000001b387bdb9f2 to 0x000001b387bdbfd8

VM Operations (20 events):
Event: 8168.524 Executing VM operation: Cleanup done
Event: 8171.536 Executing VM operation: Cleanup
Event: 8171.632 Executing VM operation: Cleanup done
Event: 8173.647 Executing VM operation: Cleanup
Event: 8173.781 Executing VM operation: Cleanup done
Event: 8177.830 Executing VM operation: Cleanup
Event: 8177.976 Executing VM operation: Cleanup done
Event: 8183.418 Executing VM operation: G1CollectForAllocation
Event: 8190.162 Executing VM operation: G1CollectForAllocation done
Event: 8197.088 Executing VM operation: G1CollectForAllocation
Event: 8201.303 Executing VM operation: G1CollectForAllocation done
Event: 8202.312 Executing VM operation: Cleanup
Event: 8202.425 Executing VM operation: Cleanup done
Event: 8205.763 Executing VM operation: G1CollectForAllocation
Event: 8207.249 Executing VM operation: G1CollectForAllocation done
Event: 8208.495 Executing VM operation: G1CollectForAllocation
Event: 8211.889 Executing VM operation: G1CollectForAllocation done
Event: 8212.650 Executing VM operation: G1CollectForAllocation
Event: 8214.872 Executing VM operation: G1CollectForAllocation done
Event: 8215.368 Executing VM operation: G1CollectForAllocation

Memory protections (0 events):
No events

Nmethod flushes (20 events):
Event: 546.975 Thread 0x000001b3ff4806b0 flushing  nmethod 0x000001b3807fda90
Event: 546.975 Thread 0x000001b3ff4806b0 flushing  nmethod 0x000001b380801710
Event: 546.975 Thread 0x000001b3ff4806b0 flushing  nmethod 0x000001b380801a90
Event: 546.975 Thread 0x000001b3ff4806b0 flushing  nmethod 0x000001b380803510
Event: 546.975 Thread 0x000001b3ff4806b0 flushing  nmethod 0x000001b380809110
Event: 546.975 Thread 0x000001b3ff4806b0 flushing  nmethod 0x000001b380811d10
Event: 546.975 Thread 0x000001b3ff4806b0 flushing  nmethod 0x000001b380813e90
Event: 546.975 Thread 0x000001b3ff4806b0 flushing  nmethod 0x000001b380814390
Event: 546.975 Thread 0x000001b3ff4806b0 flushing  nmethod 0x000001b380815510
Event: 546.975 Thread 0x000001b3ff4806b0 flushing  nmethod 0x000001b380819210
Event: 546.975 Thread 0x000001b3ff4806b0 flushing  nmethod 0x000001b38082f090
Event: 546.975 Thread 0x000001b3ff4806b0 flushing  nmethod 0x000001b380872210
Event: 546.975 Thread 0x000001b3ff4806b0 flushing  nmethod 0x000001b380894f10
Event: 546.976 Thread 0x000001b3ff4806b0 flushing  nmethod 0x000001b3808d2710
Event: 546.976 Thread 0x000001b3ff4806b0 flushing  nmethod 0x000001b380952f10
Event: 546.976 Thread 0x000001b3ff4806b0 flushing  nmethod 0x000001b380994210
Event: 546.976 Thread 0x000001b3ff4806b0 flushing  nmethod 0x000001b3809ab590
Event: 650.619 Thread 0x000001b3ff4806b0 flushing  nmethod 0x000001b38037a610
Event: 650.623 Thread 0x000001b3ff4806b0 flushing  nmethod 0x000001b3804ee110
Event: 650.625 Thread 0x000001b3ff4806b0 flushing  nmethod 0x000001b380664a10

Events (20 events):
Event: 639.974 Thread 0x000001b3ff04dd30 Thread added: 0x000001b3b08be910
Event: 643.353 Thread 0x000001b3b08be910 Thread exited: 0x000001b3b08be910
Event: 645.848 Thread 0x000001b3ae1556a0 Thread exited: 0x000001b3ae1556a0
Event: 645.903 Thread 0x000001b3ff04dd30 Thread added: 0x000001b3aee700c0
Event: 646.086 Thread 0x000001b3ff047400 Thread added: 0x000001b3b12fb060
Event: 646.291 Thread 0x000001b3b12fb060 Thread exited: 0x000001b3b12fb060
Event: 647.571 Thread 0x000001b3ae09a2e0 Thread exited: 0x000001b3ae09a2e0
Event: 647.571 Thread 0x000001b3aee700c0 Thread exited: 0x000001b3aee700c0
Event: 650.260 Thread 0x000001b3ff04dd30 Thread added: 0x000001b3aee700c0
Event: 650.618 Thread 0x000001b3ff04dd30 Thread added: 0x000001b3b2358280
Event: 651.579 Thread 0x000001b3b2358280 Thread exited: 0x000001b3b2358280
Event: 651.588 Thread 0x000001b3aee700c0 Thread exited: 0x000001b3aee700c0
Event: 651.738 Thread 0x000001b3af4f1e40 Thread added: 0x000001b3af675c70
Event: 651.813 Thread 0x000001b3ff047400 Thread added: 0x000001b3b2358280
Event: 652.156 Thread 0x000001b3ff04dd30 Thread added: 0x000001b3b1725390
Event: 653.070 Thread 0x000001b3b1725390 Thread exited: 0x000001b3b1725390
Event: 654.914 Thread 0x000001b3b2358280 Thread exited: 0x000001b3b2358280
Event: 668.696 Thread 0x000001b3ff04dd30 Thread added: 0x000001b3b173edf0
Event: 669.542 Thread 0x000001b3b173edf0 Thread exited: 0x000001b3b173edf0
Event: 8203.555 Thread 0x000001b3af4f0f10 Thread exited: 0x000001b3af4f0f10


Dynamic libraries:
0x00007ff687c40000 - 0x00007ff687c4e000 	C:\Program Files\Eclipse Adoptium\jdk-17.0.15.6-hotspot\bin\java.exe
0x00007fffc3680000 - 0x00007fffc38e6000 	C:\WINDOWS\SYSTEM32\ntdll.dll
0x00007fffc2160000 - 0x00007fffc2229000 	C:\WINDOWS\System32\KERNEL32.DLL
0x00007fffc0ae0000 - 0x00007fffc0eac000 	C:\WINDOWS\System32\KERNELBASE.dll
0x0000000070320000 - 0x00000000703bd000 	C:\ProgramData\Symantec\Symantec Endpoint Protection\14.3.9205.6000.105\Data\Sysfer\x64\sysfer.dll
0x00007fffc0810000 - 0x00007fffc095b000 	C:\WINDOWS\System32\ucrtbase.dll
0x00007fff9be20000 - 0x00007fff9be37000 	C:\Program Files\Eclipse Adoptium\jdk-17.0.15.6-hotspot\bin\jli.dll
0x00007fffc14c0000 - 0x00007fffc168a000 	C:\WINDOWS\System32\USER32.dll
0x00007fffc1360000 - 0x00007fffc1387000 	C:\WINDOWS\System32\win32u.dll
0x00007fffc1730000 - 0x00007fffc175b000 	C:\WINDOWS\System32\GDI32.dll
0x00007fffc0f70000 - 0x00007fffc10a2000 	C:\WINDOWS\System32\gdi32full.dll
0x00007fffc1390000 - 0x00007fffc1433000 	C:\WINDOWS\System32\msvcp_win.dll
0x00007fff99aa0000 - 0x00007fff99abe000 	C:\Program Files\Eclipse Adoptium\jdk-17.0.15.6-hotspot\bin\VCRUNTIME140.dll
0x00007fffa61a0000 - 0x00007fffa643a000 	C:\WINDOWS\WinSxS\amd64_microsoft.windows.common-controls_6595b64144ccf1df_6.0.26100.3912_none_3e07963ce335137e\COMCTL32.dll
0x00007fffc3590000 - 0x00007fffc3639000 	C:\WINDOWS\System32\msvcrt.dll
0x00007fffc2850000 - 0x00007fffc2880000 	C:\WINDOWS\System32\IMM32.DLL
0x00007fffa4250000 - 0x00007fffa425c000 	C:\Program Files\Eclipse Adoptium\jdk-17.0.15.6-hotspot\bin\vcruntime140_1.dll
0x00007fff7c670000 - 0x00007fff7c6fd000 	C:\Program Files\Eclipse Adoptium\jdk-17.0.15.6-hotspot\bin\msvcp140.dll
0x00007fff3e940000 - 0x00007fff3f5ab000 	C:\Program Files\Eclipse Adoptium\jdk-17.0.15.6-hotspot\bin\server\jvm.dll
0x00007fffc2e40000 - 0x00007fffc2ef2000 	C:\WINDOWS\System32\ADVAPI32.dll
0x00007fffc1760000 - 0x00007fffc1806000 	C:\WINDOWS\System32\sechost.dll
0x00007fffc2040000 - 0x00007fffc2156000 	C:\WINDOWS\System32\RPCRT4.dll
0x00007fffc3500000 - 0x00007fffc3574000 	C:\WINDOWS\System32\WS2_32.dll
0x00007fffc0680000 - 0x00007fffc06de000 	C:\WINDOWS\SYSTEM32\POWRPROF.dll
0x00007fffb52a0000 - 0x00007fffb52d6000 	C:\WINDOWS\SYSTEM32\WINMM.dll
0x00007fffa9820000 - 0x00007fffa982b000 	C:\WINDOWS\SYSTEM32\VERSION.dll
0x00007fffc0660000 - 0x00007fffc0674000 	C:\WINDOWS\SYSTEM32\UMPDC.dll
0x00007fffbf5d0000 - 0x00007fffbf5ea000 	C:\WINDOWS\SYSTEM32\kernel.appcore.dll
0x00007fffa41b0000 - 0x00007fffa41ba000 	C:\Program Files\Eclipse Adoptium\jdk-17.0.15.6-hotspot\bin\jimage.dll
0x00007fffbe100000 - 0x00007fffbe341000 	C:\WINDOWS\SYSTEM32\DBGHELP.DLL
0x00007fffc3000000 - 0x00007fffc3384000 	C:\WINDOWS\System32\combase.dll
0x00007fffc2b40000 - 0x00007fffc2c20000 	C:\WINDOWS\System32\OLEAUT32.dll
0x00007fff95100000 - 0x00007fff95139000 	C:\WINDOWS\SYSTEM32\dbgcore.DLL
0x00007fffc12c0000 - 0x00007fffc1359000 	C:\WINDOWS\System32\bcryptPrimitives.dll
0x00007fff988b0000 - 0x00007fff988d5000 	C:\Program Files\Eclipse Adoptium\jdk-17.0.15.6-hotspot\bin\java.dll
0x00007fff7c590000 - 0x00007fff7c667000 	C:\Program Files\Eclipse Adoptium\jdk-17.0.15.6-hotspot\bin\jsvml.dll
0x00007fffc1890000 - 0x00007fffc1fbd000 	C:\WINDOWS\System32\SHELL32.dll
0x00007fffc0960000 - 0x00007fffc0ad4000 	C:\WINDOWS\System32\wintypes.dll
0x00007fffbe450000 - 0x00007fffbeca6000 	C:\WINDOWS\SYSTEM32\windows.storage.dll
0x00007fffc2f00000 - 0x00007fffc2fef000 	C:\WINDOWS\System32\SHCORE.dll
0x00007fffc1820000 - 0x00007fffc1889000 	C:\WINDOWS\System32\shlwapi.dll
0x00007fffc0720000 - 0x00007fffc074f000 	C:\WINDOWS\SYSTEM32\profapi.dll
0x00007fff99a10000 - 0x00007fff99a29000 	C:\Program Files\Eclipse Adoptium\jdk-17.0.15.6-hotspot\bin\net.dll
0x00007fffaf2b0000 - 0x00007fffaf3ce000 	C:\WINDOWS\SYSTEM32\WINHTTP.dll
0x00007fffbfb40000 - 0x00007fffbfbaa000 	C:\WINDOWS\system32\mswsock.dll
0x00007fff98f80000 - 0x00007fff98f96000 	C:\Program Files\Eclipse Adoptium\jdk-17.0.15.6-hotspot\bin\nio.dll
0x00007fff98520000 - 0x00007fff98538000 	C:\Program Files\Eclipse Adoptium\jdk-17.0.15.6-hotspot\bin\zip.dll
0x00007fffa4150000 - 0x00007fffa4160000 	C:\Program Files\Eclipse Adoptium\jdk-17.0.15.6-hotspot\bin\verify.dll
0x00007fff98930000 - 0x00007fff98957000 	C:\Users\karth\.gradle\native\68d5fa5c4cc2d200863cafc0d521ce42e7d3e7ee720ec0a83991735586a16f82\windows-amd64\native-platform.dll
0x00007fff7c440000 - 0x00007fff7c584000 	C:\Users\karth\.gradle\native\e376f236ea51e6404a007f0833ffe2c6e607c4080706a723a18a27aeea778392\windows-amd64\native-platform-file-events.dll
0x00007fffa0910000 - 0x00007fffa091a000 	C:\Program Files\Eclipse Adoptium\jdk-17.0.15.6-hotspot\bin\management.dll
0x00007fffa0830000 - 0x00007fffa083b000 	C:\Program Files\Eclipse Adoptium\jdk-17.0.15.6-hotspot\bin\management_ext.dll
0x00007fffc3580000 - 0x00007fffc3588000 	C:\WINDOWS\System32\PSAPI.DLL
0x00007fffbfde0000 - 0x00007fffbfdfc000 	C:\WINDOWS\SYSTEM32\CRYPTSP.dll
0x00007fffbf530000 - 0x00007fffbf56a000 	C:\WINDOWS\system32\rsaenh.dll
0x00007fffbfbe0000 - 0x00007fffbfc0b000 	C:\WINDOWS\SYSTEM32\USERENV.dll
0x00007fffc06f0000 - 0x00007fffc0716000 	C:\WINDOWS\SYSTEM32\bcrypt.dll
0x00007fffbfe00000 - 0x00007fffbfe0c000 	C:\WINDOWS\SYSTEM32\CRYPTBASE.dll
0x00007fffbf070000 - 0x00007fffbf0a3000 	C:\WINDOWS\SYSTEM32\IPHLPAPI.DLL
0x00007fffc2740000 - 0x00007fffc274a000 	C:\WINDOWS\System32\NSI.dll
0x00007fffb72a0000 - 0x00007fffb72bf000 	C:\WINDOWS\SYSTEM32\dhcpcsvc6.DLL
0x00007fffb7030000 - 0x00007fffb7055000 	C:\WINDOWS\SYSTEM32\dhcpcsvc.DLL
0x00007fffbf140000 - 0x00007fffbf267000 	C:\WINDOWS\SYSTEM32\DNSAPI.dll
0x00007fff9c160000 - 0x00007fff9c169000 	C:\Program Files\Eclipse Adoptium\jdk-17.0.15.6-hotspot\bin\extnet.dll
0x00007fff9bf40000 - 0x00007fff9bf4e000 	C:\Program Files\Eclipse Adoptium\jdk-17.0.15.6-hotspot\bin\sunmscapi.dll
0x00007fffc10b0000 - 0x00007fffc1227000 	C:\WINDOWS\System32\CRYPT32.dll
0x00007fffbfff0000 - 0x00007fffc0020000 	C:\WINDOWS\SYSTEM32\ncrypt.dll
0x00007fffbffa0000 - 0x00007fffbffdf000 	C:\WINDOWS\SYSTEM32\NTASN1.dll
0x00007fffa3df0000 - 0x00007fffa3df8000 	C:\WINDOWS\system32\wshunix.dll

dbghelp: loaded successfully - version: 4.0.5 - missing functions: none
symbol engine: initialized successfully - sym options: 0x614 - pdb path: .;C:\Program Files\Eclipse Adoptium\jdk-17.0.15.6-hotspot\bin;C:\WINDOWS\SYSTEM32;C:\ProgramData\Symantec\Symantec Endpoint Protection\14.3.9205.6000.105\Data\Sysfer\x64;C:\WINDOWS\WinSxS\amd64_microsoft.windows.common-controls_6595b64144ccf1df_6.0.26100.3912_none_3e07963ce335137e;C:\Program Files\Eclipse Adoptium\jdk-17.0.15.6-hotspot\bin\server;C:\Users\karth\.gradle\native\68d5fa5c4cc2d200863cafc0d521ce42e7d3e7ee720ec0a83991735586a16f82\windows-amd64;C:\Users\karth\.gradle\native\e376f236ea51e6404a007f0833ffe2c6e607c4080706a723a18a27aeea778392\windows-amd64

VM Arguments:
jvm_args: -XX:MaxMetaspaceSize=512m --add-opens=java.base/java.util=ALL-UNNAMED --add-opens=java.base/java.lang=ALL-UNNAMED --add-opens=java.base/java.lang.invoke=ALL-UNNAMED --add-opens=java.prefs/java.util.prefs=ALL-UNNAMED --add-opens=java.base/java.nio.charset=ALL-UNNAMED --add-opens=java.base/java.net=ALL-UNNAMED --add-opens=java.base/java.util.concurrent.atomic=ALL-UNNAMED -Xmx2048m -Dfile.encoding=UTF-8 -Duser.country=CA -Duser.language=en -Duser.variant 
java_command: org.gradle.launcher.daemon.bootstrap.GradleDaemon 8.0.1
java_class_path (initial): C:\Users\karth\.gradle\wrapper\dists\gradle-8.0.1-all\aro4hu1c3oeioove7l0i4i14o\gradle-8.0.1\lib\gradle-launcher-8.0.1.jar
Launcher Type: SUN_STANDARD

[Global flags]
     intx CICompilerCount                          = 12                                        {product} {ergonomic}
   size_t CompressedClassSpaceSize                 = 436207616                                 {product} {ergonomic}
     uint ConcGCThreads                            = 3                                         {product} {ergonomic}
     uint G1ConcRefinementThreads                  = 13                                        {product} {ergonomic}
   size_t G1HeapRegionSize                         = 1048576                                   {product} {ergonomic}
    uintx GCDrainStackTargetSize                   = 64                                        {product} {ergonomic}
   size_t InitialHeapSize                          = 264241152                                 {product} {ergonomic}
   size_t MarkStackSize                            = 4194304                                   {product} {ergonomic}
   size_t MaxHeapSize                              = 2147483648                                {product} {command line}
   size_t MaxMetaspaceSize                         = 536870912                                 {product} {command line}
   size_t MaxNewSize                               = 1287651328                                {product} {ergonomic}
   size_t MinHeapDeltaBytes                        = 1048576                                   {product} {ergonomic}
   size_t MinHeapSize                              = 8388608                                   {product} {ergonomic}
    uintx NonNMethodCodeHeapSize                   = 7602480                                {pd product} {ergonomic}
    uintx NonProfiledCodeHeapSize                  = 122027880                              {pd product} {ergonomic}
    uintx ProfiledCodeHeapSize                     = 122027880                              {pd product} {ergonomic}
    uintx ReservedCodeCacheSize                    = 251658240                              {pd product} {ergonomic}
     bool SegmentedCodeCache                       = true                                      {product} {ergonomic}
   size_t SoftMaxHeapSize                          = 2147483648                             {manageable} {ergonomic}
     bool UseCompressedClassPointers               = true                           {product lp64_product} {ergonomic}
     bool UseCompressedOops                        = true                           {product lp64_product} {ergonomic}
     bool UseG1GC                                  = true                                      {product} {ergonomic}
     bool UseLargePagesIndividualAllocation        = false                                  {pd product} {ergonomic}

Logging:
Log output configuration:
 #0: stdout all=warning uptime,level,tags
 #1: stderr all=off uptime,level,tags

Environment Variables:
JAVA_HOME=C:\Program Files\Java\jdk-23
CLASSPATH=C:\Users\karth\CascadeProjects\MobileAppAndroid\android\\gradle\wrapper\gradle-wrapper.jar
PATH=C:\Users\karth\CascadeProjects\MobileAppAndroid\node_modules\.bin;C:\Users\karth\CascadeProjects\MobileAppAndroid\node_modules\.bin;C:\Users\karth\CascadeProjects\node_modules\.bin;C:\Users\karth\node_modules\.bin;C:\Users\node_modules\.bin;C:\node_modules\.bin;C:\Program Files\nodejs\node_modules\npm\node_modules\@npmcli\run-script\lib\node-gyp-bin;C:\Users\karth\CascadeProjects\MobileAppAndroid\node_modules\.bin;C:\Users\karth\CascadeProjects\MobileAppAndroid\node_modules\.bin;C:\Users\karth\CascadeProjects\node_modules\.bin;C:\Users\karth\node_modules\.bin;C:\Users\node_modules\.bin;C:\node_modules\.bin;C:\Program Files\nodejs\node_modules\npm\node_modules\@npmcli\run-script\lib\node-gyp-bin;C:\Program Files\Eclipse Adoptium\jdk-17.0.15.6-hotspot\bin;C:\Program Files\Common Files\Oracle\Java\javapath;C:\WINDOWS\system32;C:\WINDOWS;C:\WINDOWS\System32\Wbem;C:\WINDOWS\System32\WindowsPowerShell\v1.0\;C:\WINDOWS\System32\OpenSSH\;C:\Program Files\nodejs\;C:\Program Files (x86)\nikto\program;C:\Program Files (x86)\curl;D:\GoWorkspace\bin;C:\Program Files\Go\bin;C:\Program Files\Git\cmd;C:\Users\karth\AppData\Local\Android\Sdk;C:\Users\karth\AppData\Local\Android\Sdk\platform-tools;C:\Program Files\Eclipse Adoptium\jdk-17.0.15.6-hotspot\bin;C:\Program Files\Common Files\Oracle\Java\javapath;C:\WINDOWS\system32;C:\WINDOWS;C:\WINDOWS\System32\Wbem;C:\WINDOWS\System32\WindowsPowerShell\v1.0\;C:\WINDOWS\System32\OpenSSH\;C:\Program Files\nodejs\;C:\Program Files\Git\cmd;C:\Users\karth\AppData\Local\Microsoft\WindowsApps;C:\Users\karth\AppData\Local\Programs\Microsoft VS Code\bin;C:\Users\karth\AppData\Roaming\npm;C:\Users\karth\go\bin;C:\Users\karth\AppData\Local\Programs\Windsurf\bin
USERNAME=karth
OS=Windows_NT
PROCESSOR_IDENTIFIER=Intel64 Family 6 Model 154 Stepping 3, GenuineIntel
TMP=C:\Users\karth\AppData\Local\Temp
TEMP=C:\Users\karth\AppData\Local\Temp



Periodic native trim disabled


---------------  S Y S T E M  ---------------

OS:
 Windows 11 , 64 bit Build 26100 (10.0.26100.3912)
OS uptime: 10 days 15:58 hours
Hyper-V role detected

CPU: total 16 (initial active 16) (8 cores per cpu, 2 threads per core) family 6 model 154 stepping 3 microcode 0x416, cx8, cmov, fxsr, ht, mmx, 3dnowpref, sse, sse2, sse3, ssse3, sse4.1, sse4.2, popcnt, lzcnt, tsc, tscinvbit, avx, avx2, aes, erms, clmul, bmi1, bmi2, adx, sha, fma, vzeroupper, clflush, clflushopt, clwb, hv
Processor Information for processor 0
  Max Mhz: 2100, Current Mhz: 2100, Mhz Limit: 2100
Processor Information for processor 1
  Max Mhz: 2100, Current Mhz: 2100, Mhz Limit: 2100
Processor Information for processor 2
  Max Mhz: 2100, Current Mhz: 2100, Mhz Limit: 2100
Processor Information for processor 3
  Max Mhz: 2100, Current Mhz: 2100, Mhz Limit: 2100
Processor Information for processor 4
  Max Mhz: 2100, Current Mhz: 2100, Mhz Limit: 2100
Processor Information for processor 5
  Max Mhz: 2100, Current Mhz: 2100, Mhz Limit: 2100
Processor Information for processor 6
  Max Mhz: 2100, Current Mhz: 2100, Mhz Limit: 2100
Processor Information for processor 7
  Max Mhz: 2100, Current Mhz: 2100, Mhz Limit: 2100
Processor Information for processor 8
  Max Mhz: 2100, Current Mhz: 1500, Mhz Limit: 1491
Processor Information for processor 9
  Max Mhz: 2100, Current Mhz: 1500, Mhz Limit: 1491
Processor Information for processor 10
  Max Mhz: 2100, Current Mhz: 1500, Mhz Limit: 1491
Processor Information for processor 11
  Max Mhz: 2100, Current Mhz: 1500, Mhz Limit: 1491
Processor Information for processor 12
  Max Mhz: 2100, Current Mhz: 1500, Mhz Limit: 1491
Processor Information for processor 13
  Max Mhz: 2100, Current Mhz: 1500, Mhz Limit: 1491
Processor Information for processor 14
  Max Mhz: 2100, Current Mhz: 1500, Mhz Limit: 1491
Processor Information for processor 15
  Max Mhz: 2100, Current Mhz: 1500, Mhz Limit: 1491

Memory: 4k page, system-wide physical 16088M (2M free)
TotalPageFile size 64210M (AvailPageFile size 10M)
current process WorkingSet (physical memory assigned to process): 26M, peak: 285M
current process commit charge ("private bytes"): 405M, peak: 502M

vm_info: OpenJDK 64-Bit Server VM (17.0.15+6) for windows-amd64 JRE (17.0.15+6), built on Apr 15 2025 21:25:47 by "admin" with MS VC++ 17.7 (VS2022)

END.
