#
# There is insufficient memory for the Java Runtime Environment to continue.
# Native memory allocation (mmap) failed to map 44040192 bytes. Error detail: G1 virtual space
# Possible reasons:
#   The system is out of physical RAM or swap space
#   This process is running with CompressedOops enabled, and the Java Heap may be blocking the growth of the native heap
# Possible solutions:
#   Reduce memory load on the system
#   Increase physical memory or swap space
#   Check if swap backing store is full
#   Decrease Java heap size (-Xmx/-Xms)
#   Decrease number of Java threads
#   Decrease Java thread stack sizes (-Xss)
#   Set larger code cache with -XX:ReservedCodeCacheSize=
#   JVM is running with Unscaled Compressed Oops mode in which the Java heap is
#     placed in the first 4GB address space. The Java Heap base address is the
#     maximum limit for the native heap growth. Please use -XX:HeapBaseMinAddress
#     to set the Java Heap base and to place the Java Heap above 4GB virtual address.
# This output file may be truncated or incomplete.
#
#  Out of Memory Error (os_windows.cpp:3618), pid=5604, tid=68152
#
# JRE version: OpenJDK Runtime Environment Temurin-17.0.15+6 (17.0.15+6) (build 17.0.15+6)
# Java VM: OpenJDK 64-Bit Server VM Temurin-17.0.15+6 (17.0.15+6, mixed mode, sharing, tiered, compressed oops, compressed class ptrs, g1 gc, windows-amd64)
# No core dump will be written. Minidumps are not enabled by default on client versions of Windows
#

---------------  S U M M A R Y ------------

Command Line: -XX:MaxMetaspaceSize=512m --add-opens=java.base/java.util=ALL-UNNAMED --add-opens=java.base/java.lang=ALL-UNNAMED --add-opens=java.base/java.lang.invoke=ALL-UNNAMED --add-opens=java.prefs/java.util.prefs=ALL-UNNAMED --add-opens=java.base/java.nio.charset=ALL-UNNAMED --add-opens=java.base/java.net=ALL-UNNAMED --add-opens=java.base/java.util.concurrent.atomic=ALL-UNNAMED -Xmx2048m -Dfile.encoding=UTF-8 -Duser.country=CA -Duser.language=en -Duser.variant org.gradle.launcher.daemon.bootstrap.GradleDaemon 8.0.1

Host: 12th Gen Intel(R) Core(TM) i7-1260P, 16 cores, 15G,  Windows 11 , 64 bit Build 26100 (10.0.26100.3912)
Time: Mon May 26 02:11:38 2025 Eastern Daylight Time elapsed time: 8395.272571 seconds (0d 2h 19m 55s)

---------------  T H R E A D  ---------------

Current thread (0x00000182a6474010):  VMThread "VM Thread" [stack: 0x0000003af0e00000,0x0000003af0f00000] [id=68152]

Stack: [0x0000003af0e00000,0x0000003af0f00000]
Native frames: (J=compiled Java code, j=interpreted, Vv=VM code, C=native code)
V  [jvm.dll+0x682fc9]
V  [jvm.dll+0x839878]
V  [jvm.dll+0x83b323]
V  [jvm.dll+0x83b993]
V  [jvm.dll+0x24725f]
V  [jvm.dll+0x67fda9]
V  [jvm.dll+0x674c9a]
V  [jvm.dll+0x304d06]
V  [jvm.dll+0x30c1c6]
V  [jvm.dll+0x35dd4e]
V  [jvm.dll+0x35df8d]
V  [jvm.dll+0x2dc0cc]
V  [jvm.dll+0x2da46f]
V  [jvm.dll+0x2d9bdc]
V  [jvm.dll+0x31d3bb]
V  [jvm.dll+0x8401cd]
V  [jvm.dll+0x840f03]
V  [jvm.dll+0x84142f]
V  [jvm.dll+0x841814]
V  [jvm.dll+0x8418de]
V  [jvm.dll+0x7e94dc]
V  [jvm.dll+0x681ea7]
C  [ucrtbase.dll+0x37b0]
C  [KERNEL32.DLL+0x2e8d7]
C  [ntdll.dll+0x9c5dc]

VM_Operation (0x0000003af21fe7b0): G1CollectForAllocation, mode: safepoint, requested by thread 0x00000182a6ac1ea0


---------------  P R O C E S S  ---------------

Threads class SMR info:
_java_thread_list=0x00000182c7273a20, length=80, elements={
0x000001828544d7a0, 0x00000182a6477ed0, 0x00000182a647a320, 0x00000182a648a860,
0x00000182a648d140, 0x00000182a6490590, 0x00000182a6491de0, 0x00000182a6759fe0,
0x00000182a675a8f0, 0x00000182a6495950, 0x00000182a6898f20, 0x00000182a689f450,
0x00000182a6ac1ea0, 0x00000182c75fe630, 0x00000182c75feb10, 0x00000182c8434660,
0x00000182c6a8be90, 0x00000182c77ef080, 0x00000182c6d529a0, 0x00000182c6d55220,
0x00000182c6d54d10, 0x00000182c6d51f80, 0x00000182c6d51a70, 0x00000182c6d542f0,
0x00000182c6d53de0, 0x00000182c6d52490, 0x00000182c6d538d0, 0x00000182c7c1d4a0,
0x00000182c7c1e3d0, 0x00000182c7c1edf0, 0x00000182c7c1ca80, 0x00000182c7c1f810,
0x00000182c7c1cf90, 0x00000182c7c1c570, 0x00000182c7c1d9b0, 0x00000182c7c1fd20,
0x00000182c7c1e8e0, 0x00000182c7c21670, 0x00000182c7c1f300, 0x00000182c7c20230,
0x00000182c7c20740, 0x00000182c7c1dec0, 0x00000182c7c21b80, 0x00000182c7c20c50,
0x00000182c7c225a0, 0x00000182c7c22090, 0x00000182c7c234d0, 0x00000182c7c239e0,
0x00000182c7c22ab0, 0x00000182c7c22fc0, 0x00000182c6d533c0, 0x00000182c6d52eb0,
0x00000182c7e62450, 0x00000182c7e61520, 0x00000182c7e63380, 0x00000182c7e5fbd0,
0x00000182c7e61a30, 0x00000182c7e61f40, 0x00000182c7e62960, 0x00000182c7e600e0,
0x00000182c7e605f0, 0x00000182c7e60b00, 0x00000182c7e62e70, 0x00000182c7e61010,
0x00000182a6a80cc0, 0x00000182a6a83030, 0x00000182a6a83a50, 0x00000182a6a82100,
0x00000182a6a811d0, 0x00000182a6a83540, 0x00000182a6a82b20, 0x00000182a6a802a0,
0x00000182a6a81bf0, 0x00000182a6a82610, 0x00000182a6a83f60, 0x00000182a6a807b0,
0x00000182a6a84470, 0x00000182a6a84980, 0x00000182a6a84e90, 0x00000182a6a87710
}

Java Threads: ( => current thread )
  0x000001828544d7a0 JavaThread "main" [_thread_blocked, id=42048, stack(0x0000003af0800000,0x0000003af0900000)]
  0x00000182a6477ed0 JavaThread "Reference Handler" daemon [_thread_blocked, id=63984, stack(0x0000003af0f00000,0x0000003af1000000)]
  0x00000182a647a320 JavaThread "Finalizer" daemon [_thread_blocked, id=57760, stack(0x0000003af1000000,0x0000003af1100000)]
  0x00000182a648a860 JavaThread "Signal Dispatcher" daemon [_thread_blocked, id=20580, stack(0x0000003af1100000,0x0000003af1200000)]
  0x00000182a648d140 JavaThread "Attach Listener" daemon [_thread_blocked, id=64396, stack(0x0000003af1200000,0x0000003af1300000)]
  0x00000182a6490590 JavaThread "Service Thread" daemon [_thread_blocked, id=61352, stack(0x0000003af1300000,0x0000003af1400000)]
  0x00000182a6491de0 JavaThread "Monitor Deflation Thread" daemon [_thread_blocked, id=40588, stack(0x0000003af1400000,0x0000003af1500000)]
  0x00000182a6759fe0 JavaThread "C2 CompilerThread0" daemon [_thread_blocked, id=9960, stack(0x0000003af1500000,0x0000003af1600000)]
  0x00000182a675a8f0 JavaThread "C1 CompilerThread0" daemon [_thread_blocked, id=35316, stack(0x0000003af1600000,0x0000003af1700000)]
  0x00000182a6495950 JavaThread "Sweeper thread" daemon [_thread_blocked, id=25632, stack(0x0000003af1700000,0x0000003af1800000)]
  0x00000182a6898f20 JavaThread "Common-Cleaner" daemon [_thread_blocked, id=10320, stack(0x0000003af1800000,0x0000003af1900000)]
  0x00000182a689f450 JavaThread "Notification Thread" daemon [_thread_blocked, id=33736, stack(0x0000003af1900000,0x0000003af1a00000)]
  0x00000182a6ac1ea0 JavaThread "Daemon health stats" [_thread_blocked, id=32404, stack(0x0000003af2100000,0x0000003af2200000)]
  0x00000182c75fe630 JavaThread "Incoming local TCP Connector on port 33942" [_thread_in_native, id=38544, stack(0x0000003af1b00000,0x0000003af1c00000)]
  0x00000182c75feb10 JavaThread "Daemon periodic checks" [_thread_blocked, id=34832, stack(0x0000003af2200000,0x0000003af2300000)]
  0x00000182c8434660 JavaThread "Daemon" [_thread_blocked, id=24880, stack(0x0000003af2300000,0x0000003af2400000)]
  0x00000182c6a8be90 JavaThread "Handler for socket connection from /127.0.0.1:33942 to /127.0.0.1:33972" [_thread_in_native, id=24476, stack(0x0000003af2400000,0x0000003af2500000)]
  0x00000182c77ef080 JavaThread "Cancel handler" [_thread_blocked, id=36584, stack(0x0000003af0700000,0x0000003af0800000)]
  0x00000182c6d529a0 JavaThread "Daemon worker" [_thread_blocked, id=14244, stack(0x0000003af0500000,0x0000003af0600000)]
  0x00000182c6d55220 JavaThread "Asynchronous log dispatcher for DefaultDaemonConnection: socket connection from /127.0.0.1:33942 to /127.0.0.1:33972" [_thread_blocked, id=32488, stack(0x0000003af0600000,0x0000003af0700000)]
  0x00000182c6d54d10 JavaThread "Daemon client event forwarder" [_thread_blocked, id=61384, stack(0x0000003af2600000,0x0000003af2700000)]
  0x00000182c6d51f80 JavaThread "Cache worker for journal cache (C:\Users\karth\.gradle\caches\journal-1)" [_thread_blocked, id=59164, stack(0x0000003af2700000,0x0000003af2800000)]
  0x00000182c6d51a70 JavaThread "File lock request listener" [_thread_in_native, id=28344, stack(0x0000003af2800000,0x0000003af2900000)]
  0x00000182c6d542f0 JavaThread "Cache worker for file hash cache (C:\Users\karth\.gradle\caches\8.0.1\fileHashes)" [_thread_blocked, id=44352, stack(0x0000003af2a00000,0x0000003af2b00000)]
  0x00000182c6d53de0 JavaThread "File watcher server" daemon [_thread_in_native, id=29796, stack(0x0000003af2c00000,0x0000003af2d00000)]
  0x00000182c6d52490 JavaThread "File watcher consumer" daemon [_thread_blocked, id=64980, stack(0x0000003af2e00000,0x0000003af2f00000)]
  0x00000182c6d538d0 JavaThread "Cache worker for checksums cache (C:\Users\karth\CascadeProjects\MobileAppAndroid\android\.gradle\8.0.1\checksums)" [_thread_blocked, id=52520, stack(0x0000003af2f00000,0x0000003af3000000)]
  0x00000182c7c1d4a0 JavaThread "Cache worker for cache directory md-rule (C:\Users\karth\.gradle\caches\8.0.1\md-rule)" [_thread_blocked, id=62976, stack(0x0000003af3000000,0x0000003af3100000)]
  0x00000182c7c1e3d0 JavaThread "Cache worker for file content cache (C:\Users\karth\.gradle\caches\8.0.1\fileContent)" [_thread_blocked, id=57860, stack(0x0000003af3100000,0x0000003af3200000)]
  0x00000182c7c1edf0 JavaThread "Cache worker for file hash cache (C:\Users\karth\CascadeProjects\MobileAppAndroid\android\.gradle\8.0.1\fileHashes)" [_thread_blocked, id=48040, stack(0x0000003af3200000,0x0000003af3300000)]
  0x00000182c7c1ca80 JavaThread "Cache worker for cache directory md-supplier (C:\Users\karth\.gradle\caches\8.0.1\md-supplier)" [_thread_blocked, id=1260, stack(0x0000003af3c00000,0x0000003af3d00000)]
  0x00000182c7c1f810 JavaThread "Cache worker for execution history cache (C:\Users\karth\.gradle\caches\8.0.1\executionHistory)" [_thread_blocked, id=13920, stack(0x0000003af3d00000,0x0000003af3e00000)]
  0x00000182c7c1cf90 JavaThread "jar transforms" [_thread_blocked, id=28276, stack(0x0000003af3e00000,0x0000003af3f00000)]
  0x00000182c7c1c570 JavaThread "jar transforms Thread 2" [_thread_blocked, id=59976, stack(0x0000003af3f00000,0x0000003af4000000)]
  0x00000182c7c1d9b0 JavaThread "jar transforms Thread 3" [_thread_blocked, id=22104, stack(0x0000003af4000000,0x0000003af4100000)]
  0x00000182c7c1fd20 JavaThread "jar transforms Thread 4" [_thread_blocked, id=65108, stack(0x0000003af4100000,0x0000003af4200000)]
  0x00000182c7c1e8e0 JavaThread "Cache worker for kotlin-dsl (C:\Users\karth\.gradle\caches\8.0.1\kotlin-dsl)" [_thread_blocked, id=27356, stack(0x0000003af2500000,0x0000003af2600000)]
  0x00000182c7c21670 JavaThread "File lock release action executor Thread 2" [_thread_blocked, id=65744, stack(0x0000003af2900000,0x0000003af2a00000)]
  0x00000182c7c1f300 JavaThread "jar transforms Thread 5" [_thread_blocked, id=16588, stack(0x0000003af2d00000,0x0000003af2e00000)]
  0x00000182c7c20230 JavaThread "jar transforms Thread 6" [_thread_blocked, id=59732, stack(0x0000003af2b00000,0x0000003af2c00000)]
  0x00000182c7c20740 JavaThread "Cache worker for dependencies-accessors (C:\Users\karth\CascadeProjects\MobileAppAndroid\android\.gradle\8.0.1\dependencies-accessors)" [_thread_blocked, id=60572, stack(0x0000003af4300000,0x0000003af4400000)]
  0x00000182c7c1dec0 JavaThread "Cache worker for Build Output Cleanup Cache (C:\Users\karth\CascadeProjects\MobileAppAndroid\node_modules\@react-native\gradle-plugin\.gradle\buildOutputCleanup)" [_thread_blocked, id=35144, stack(0x0000003af4200000,0x0000003af4300000)]
  0x00000182c7c21b80 JavaThread "jar transforms Thread 7" [_thread_blocked, id=29532, stack(0x0000003af4400000,0x0000003af4500000)]
  0x00000182c7c20c50 JavaThread "Unconstrained build operations" [_thread_blocked, id=38300, stack(0x0000003af4500000,0x0000003af4600000)]
  0x00000182c7c225a0 JavaThread "Unconstrained build operations Thread 2" [_thread_blocked, id=43720, stack(0x0000003af4700000,0x0000003af4800000)]
  0x00000182c7c22090 JavaThread "Unconstrained build operations Thread 3" [_thread_blocked, id=39856, stack(0x0000003af4800000,0x0000003af4900000)]
  0x00000182c7c234d0 JavaThread "Unconstrained build operations Thread 4" [_thread_blocked, id=40600, stack(0x0000003af4900000,0x0000003af4a00000)]
  0x00000182c7c239e0 JavaThread "Unconstrained build operations Thread 5" [_thread_blocked, id=54344, stack(0x0000003af4a00000,0x0000003af4b00000)]
  0x00000182c7c22ab0 JavaThread "Unconstrained build operations Thread 6" [_thread_blocked, id=28484, stack(0x0000003af4b00000,0x0000003af4c00000)]
  0x00000182c7c22fc0 JavaThread "Unconstrained build operations Thread 7" [_thread_blocked, id=39576, stack(0x0000003af4c00000,0x0000003af4d00000)]
  0x00000182c6d533c0 JavaThread "Unconstrained build operations Thread 8" [_thread_blocked, id=25524, stack(0x0000003af4d00000,0x0000003af4e00000)]
  0x00000182c6d52eb0 JavaThread "Unconstrained build operations Thread 9" [_thread_blocked, id=52172, stack(0x0000003af4e00000,0x0000003af4f00000)]
  0x00000182c7e62450 JavaThread "Unconstrained build operations Thread 10" [_thread_blocked, id=21744, stack(0x0000003af4f00000,0x0000003af5000000)]
  0x00000182c7e61520 JavaThread "Unconstrained build operations Thread 11" [_thread_blocked, id=67380, stack(0x0000003af5000000,0x0000003af5100000)]
  0x00000182c7e63380 JavaThread "Unconstrained build operations Thread 12" [_thread_blocked, id=40156, stack(0x0000003af5100000,0x0000003af5200000)]
  0x00000182c7e5fbd0 JavaThread "Unconstrained build operations Thread 13" [_thread_blocked, id=15328, stack(0x0000003af5200000,0x0000003af5300000)]
  0x00000182c7e61a30 JavaThread "Unconstrained build operations Thread 14" [_thread_blocked, id=48284, stack(0x0000003af5300000,0x0000003af5400000)]
  0x00000182c7e61f40 JavaThread "Unconstrained build operations Thread 15" [_thread_blocked, id=4776, stack(0x0000003af5400000,0x0000003af5500000)]
  0x00000182c7e62960 JavaThread "Unconstrained build operations Thread 16" [_thread_blocked, id=11056, stack(0x0000003af5500000,0x0000003af5600000)]
  0x00000182c7e600e0 JavaThread "Unconstrained build operations Thread 17" [_thread_blocked, id=38892, stack(0x0000003af5600000,0x0000003af5700000)]
  0x00000182c7e605f0 JavaThread "Unconstrained build operations Thread 18" [_thread_blocked, id=8816, stack(0x0000003af5700000,0x0000003af5800000)]
  0x00000182c7e60b00 JavaThread "Unconstrained build operations Thread 19" [_thread_blocked, id=4824, stack(0x0000003af5800000,0x0000003af5900000)]
  0x00000182c7e62e70 JavaThread "Unconstrained build operations Thread 20" [_thread_blocked, id=67676, stack(0x0000003af5900000,0x0000003af5a00000)]
  0x00000182c7e61010 JavaThread "Unconstrained build operations Thread 21" [_thread_blocked, id=51236, stack(0x0000003af5a00000,0x0000003af5b00000)]
  0x00000182a6a80cc0 JavaThread "Unconstrained build operations Thread 22" [_thread_blocked, id=17072, stack(0x0000003af5b00000,0x0000003af5c00000)]
  0x00000182a6a83030 JavaThread "Unconstrained build operations Thread 23" [_thread_blocked, id=27696, stack(0x0000003af5c00000,0x0000003af5d00000)]
  0x00000182a6a83a50 JavaThread "Unconstrained build operations Thread 24" [_thread_blocked, id=67344, stack(0x0000003af5d00000,0x0000003af5e00000)]
  0x00000182a6a82100 JavaThread "Unconstrained build operations Thread 25" [_thread_blocked, id=41292, stack(0x0000003af5e00000,0x0000003af5f00000)]
  0x00000182a6a811d0 JavaThread "Unconstrained build operations Thread 26" [_thread_blocked, id=50124, stack(0x0000003af5f00000,0x0000003af6000000)]
  0x00000182a6a83540 JavaThread "jar transforms Thread 8" [_thread_blocked, id=40852, stack(0x0000003af6000000,0x0000003af6100000)]
  0x00000182a6a82b20 JavaThread "jar transforms Thread 9" [_thread_blocked, id=44672, stack(0x0000003af6100000,0x0000003af6200000)]
  0x00000182a6a802a0 JavaThread "jar transforms Thread 10" [_thread_blocked, id=47332, stack(0x0000003af6200000,0x0000003af6300000)]
  0x00000182a6a81bf0 JavaThread "jar transforms Thread 11" [_thread_blocked, id=50440, stack(0x0000003af6300000,0x0000003af6400000)]
  0x00000182a6a82610 JavaThread "jar transforms Thread 12" [_thread_blocked, id=13224, stack(0x0000003af6400000,0x0000003af6500000)]
  0x00000182a6a83f60 JavaThread "jar transforms Thread 13" [_thread_blocked, id=63148, stack(0x0000003af6500000,0x0000003af6600000)]
  0x00000182a6a807b0 JavaThread "jar transforms Thread 14" [_thread_blocked, id=53132, stack(0x0000003af6600000,0x0000003af6700000)]
  0x00000182a6a84470 JavaThread "jar transforms Thread 15" [_thread_blocked, id=43536, stack(0x0000003af6700000,0x0000003af6800000)]
  0x00000182a6a84980 JavaThread "jar transforms Thread 16" [_thread_blocked, id=14484, stack(0x0000003af6800000,0x0000003af6900000)]
  0x00000182a6a84e90 JavaThread "Memory manager" [_thread_blocked, id=45536, stack(0x0000003af6b00000,0x0000003af6c00000)]
  0x00000182a6a87710 JavaThread "Cache worker for Build Output Cleanup Cache (C:\Users\karth\CascadeProjects\MobileAppAndroid\android\.gradle\buildOutputCleanup)" [_thread_blocked, id=21624, stack(0x0000003af6900000,0x0000003af6a00000)]

Other Threads:
=>0x00000182a6474010 VMThread "VM Thread" [stack: 0x0000003af0e00000,0x0000003af0f00000] [id=68152]
  0x00000182a68a1940 WatcherThread [stack: 0x0000003af1a00000,0x0000003af1b00000] [id=62020]
  0x000001828776dec0 GCTaskThread "GC Thread#0" [stack: 0x0000003af0900000,0x0000003af0a00000] [id=49644]
  0x00000182c6932700 GCTaskThread "GC Thread#1" [stack: 0x0000003af1c00000,0x0000003af1d00000] [id=39612]
  0x00000182c69329c0 GCTaskThread "GC Thread#2" [stack: 0x0000003af1d00000,0x0000003af1e00000] [id=9784]
  0x00000182c6932c80 GCTaskThread "GC Thread#3" [stack: 0x0000003af1e00000,0x0000003af1f00000] [id=23168]
  0x00000182c6254b60 GCTaskThread "GC Thread#4" [stack: 0x0000003af1f00000,0x0000003af2000000] [id=48080]
  0x00000182c6254e20 GCTaskThread "GC Thread#5" [stack: 0x0000003af2000000,0x0000003af2100000] [id=64860]
  0x00000182c6a85900 GCTaskThread "GC Thread#6" [stack: 0x0000003af3300000,0x0000003af3400000] [id=24032]
  0x00000182c6a85e80 GCTaskThread "GC Thread#7" [stack: 0x0000003af3400000,0x0000003af3500000] [id=62340]
  0x00000182c6a84b40 GCTaskThread "GC Thread#8" [stack: 0x0000003af3500000,0x0000003af3600000] [id=42160]
  0x00000182c6a86140 GCTaskThread "GC Thread#9" [stack: 0x0000003af3600000,0x0000003af3700000] [id=51188]
  0x00000182c6a86400 GCTaskThread "GC Thread#10" [stack: 0x0000003af3700000,0x0000003af3800000] [id=65144]
  0x00000182c6a84880 GCTaskThread "GC Thread#11" [stack: 0x0000003af3800000,0x0000003af3900000] [id=67264]
  0x00000182c6a84e00 GCTaskThread "GC Thread#12" [stack: 0x0000003af3900000,0x0000003af3a00000] [id=34932]
  0x000001828777ed20 ConcurrentGCThread "G1 Main Marker" [stack: 0x0000003af0a00000,0x0000003af0b00000] [id=56208]
  0x000001828777f650 ConcurrentGCThread "G1 Conc#0" [stack: 0x0000003af0b00000,0x0000003af0c00000] [id=63000]
  0x00000182c7b40c80 ConcurrentGCThread "G1 Conc#1" [stack: 0x0000003af3a00000,0x0000003af3b00000] [id=47664]
  0x00000182c7b3fc00 ConcurrentGCThread "G1 Conc#2" [stack: 0x0000003af3b00000,0x0000003af3c00000] [id=12644]
  0x00000182a635f740 ConcurrentGCThread "G1 Refine#0" [stack: 0x0000003af0c00000,0x0000003af0d00000] [id=63076]
  0x00000182a635fe20 ConcurrentGCThread "G1 Service" [stack: 0x0000003af0d00000,0x0000003af0e00000] [id=39596]

Threads with active compile tasks:
C2 CompilerThread0  8398813 8645       4       java.util.regex.Pattern::escape (1327 bytes)

VM state: at safepoint (normal execution)

VM Mutex/Monitor currently owned by a thread:  ([mutex/lock_event])
[0x00000182853a0120] Threads_lock - owner thread: 0x00000182a6474010
[0x000001828544c510] Heap_lock - owner thread: 0x00000182a6ac1ea0

Heap address: 0x0000000080000000, size: 2048 MB, Compressed Oops mode: 32-bit

CDS archive(s) mapped at: [0x00000182a7000000-0x00000182a7bb0000-0x00000182a7bb0000), size 12255232, SharedBaseAddress: 0x00000182a7000000, ArchiveRelocationMode: 1.
Compressed class space mapped at: 0x00000182a8000000-0x00000182c2000000, reserved size: 436207616
Narrow klass base: 0x00000182a7000000, Narrow klass shift: 0, Narrow klass range: 0x100000000

GC Precious Log:
 CPUs: 16 total, 16 available
 Memory: 16088M
 Large Page Support: Disabled
 NUMA Support: Disabled
 Compressed Oops: Enabled (32-bit)
 Heap Region Size: 1M
 Heap Min Capacity: 8M
 Heap Initial Capacity: 252M
 Heap Max Capacity: 2G
 Pre-touch: Disabled
 Parallel Workers: 13
 Concurrent Workers: 3
 Concurrent Refinement Workers: 13
 Periodic GC: Disabled

Heap:
 garbage-first heap   total 110592K, used 54592K [0x0000000080000000, 0x0000000100000000)
  region size 1024K, 1 young (1024K), 1 survivors (1024K)
 Metaspace       used 58759K, committed 59392K, reserved 491520K
  class space    used 8101K, committed 8384K, reserved 425984K

Heap Regions: E=young(eden), S=young(survivor), O=old, HS=humongous(starts), HC=humongous(continues), CS=collection set, F=free, OA=open archive, CA=closed archive, TAMS=top-at-mark-start (previous, next)
|   0|0x0000000080000000, 0x0000000080100000, 0x0000000080100000|100%|HS|  |TAMS 0x0000000080100000, 0x0000000080100000| Complete 
|   1|0x0000000080100000, 0x0000000080200000, 0x0000000080200000|100%|HC|  |TAMS 0x0000000080200000, 0x0000000080200000| Complete 
|   2|0x0000000080200000, 0x0000000080300000, 0x0000000080300000|100%|HC|  |TAMS 0x0000000080300000, 0x0000000080300000| Complete 
|   3|0x0000000080300000, 0x0000000080400000, 0x0000000080400000|100%|HC|  |TAMS 0x0000000080400000, 0x0000000080400000| Complete 
|   4|0x0000000080400000, 0x0000000080500000, 0x0000000080500000|100%| O|  |TAMS 0x0000000080500000, 0x0000000080500000| Untracked 
|   5|0x0000000080500000, 0x0000000080600000, 0x0000000080600000|100%| O|  |TAMS 0x0000000080600000, 0x0000000080600000| Untracked 
|   6|0x0000000080600000, 0x0000000080700000, 0x0000000080700000|100%| O|  |TAMS 0x0000000080700000, 0x0000000080700000| Untracked 
|   7|0x0000000080700000, 0x0000000080800000, 0x0000000080800000|100%| O|  |TAMS 0x0000000080800000, 0x0000000080800000| Untracked 
|   8|0x0000000080800000, 0x0000000080900000, 0x0000000080900000|100%| O|  |TAMS 0x0000000080900000, 0x0000000080900000| Untracked 
|   9|0x0000000080900000, 0x0000000080a00000, 0x0000000080a00000|100%| O|  |TAMS 0x0000000080a00000, 0x0000000080a00000| Untracked 
|  10|0x0000000080a00000, 0x0000000080b00000, 0x0000000080b00000|100%| O|  |TAMS 0x0000000080b00000, 0x0000000080b00000| Untracked 
|  11|0x0000000080b00000, 0x0000000080b15a00, 0x0000000080c00000|  8%| O|  |TAMS 0x0000000080b15a00, 0x0000000080b15a00| Untracked 
|  12|0x0000000080c00000, 0x0000000080d00000, 0x0000000080d00000|100%| O|  |TAMS 0x0000000080d00000, 0x0000000080d00000| Untracked 
|  13|0x0000000080d00000, 0x0000000080e00000, 0x0000000080e00000|100%| O|  |TAMS 0x0000000080e00000, 0x0000000080e00000| Untracked 
|  14|0x0000000080e00000, 0x0000000080f00000, 0x0000000080f00000|100%| O|  |TAMS 0x0000000080f00000, 0x0000000080f00000| Untracked 
|  15|0x0000000080f00000, 0x0000000081000000, 0x0000000081000000|100%| O|  |TAMS 0x0000000081000000, 0x0000000081000000| Untracked 
|  16|0x0000000081000000, 0x0000000081100000, 0x0000000081100000|100%| O|  |TAMS 0x0000000081100000, 0x0000000081100000| Untracked 
|  17|0x0000000081100000, 0x0000000081200000, 0x0000000081200000|100%| O|  |TAMS 0x0000000081200000, 0x0000000081200000| Untracked 
|  18|0x0000000081200000, 0x0000000081300000, 0x0000000081300000|100%| O|  |TAMS 0x0000000081300000, 0x0000000081300000| Untracked 
|  19|0x0000000081300000, 0x0000000081400000, 0x0000000081400000|100%| O|  |TAMS 0x0000000081400000, 0x0000000081400000| Untracked 
|  20|0x0000000081400000, 0x0000000081500000, 0x0000000081500000|100%| O|  |TAMS 0x0000000081500000, 0x0000000081500000| Untracked 
|  21|0x0000000081500000, 0x0000000081600000, 0x0000000081600000|100%| O|  |TAMS 0x0000000081600000, 0x0000000081600000| Untracked 
|  22|0x0000000081600000, 0x0000000081700000, 0x0000000081700000|100%| O|  |TAMS 0x0000000081700000, 0x0000000081700000| Untracked 
|  23|0x0000000081700000, 0x0000000081800000, 0x0000000081800000|100%| O|  |TAMS 0x0000000081800000, 0x0000000081800000| Untracked 
|  24|0x0000000081800000, 0x0000000081900000, 0x0000000081900000|100%| O|  |TAMS 0x0000000081900000, 0x0000000081900000| Untracked 
|  25|0x0000000081900000, 0x0000000081a00000, 0x0000000081a00000|100%| O|  |TAMS 0x0000000081a00000, 0x0000000081a00000| Untracked 
|  26|0x0000000081a00000, 0x0000000081b00000, 0x0000000081b00000|100%| O|  |TAMS 0x0000000081b00000, 0x0000000081b00000| Untracked 
|  27|0x0000000081b00000, 0x0000000081c00000, 0x0000000081c00000|100%| O|  |TAMS 0x0000000081c00000, 0x0000000081c00000| Untracked 
|  28|0x0000000081c00000, 0x0000000081d00000, 0x0000000081d00000|100%| O|  |TAMS 0x0000000081d00000, 0x0000000081d00000| Untracked 
|  29|0x0000000081d00000, 0x0000000081e00000, 0x0000000081e00000|100%| O|  |TAMS 0x0000000081e00000, 0x0000000081e00000| Untracked 
|  30|0x0000000081e00000, 0x0000000081f00000, 0x0000000081f00000|100%|HS|  |TAMS 0x0000000081f00000, 0x0000000081f00000| Complete 
|  31|0x0000000081f00000, 0x0000000082000000, 0x0000000082000000|100%|HC|  |TAMS 0x0000000082000000, 0x0000000082000000| Complete 
|  32|0x0000000082000000, 0x0000000082100000, 0x0000000082100000|100%|HS|  |TAMS 0x0000000082100000, 0x0000000082100000| Complete 
|  33|0x0000000082100000, 0x0000000082200000, 0x0000000082200000|100%|HC|  |TAMS 0x0000000082200000, 0x0000000082200000| Complete 
|  34|0x0000000082200000, 0x0000000082300000, 0x0000000082300000|100%|HC|  |TAMS 0x0000000082300000, 0x0000000082300000| Complete 
|  35|0x0000000082300000, 0x0000000082400000, 0x0000000082400000|100%|HC|  |TAMS 0x0000000082400000, 0x0000000082400000| Complete 
|  36|0x0000000082400000, 0x0000000082500000, 0x0000000082500000|100%| O|  |TAMS 0x0000000082500000, 0x0000000082500000| Untracked 
|  37|0x0000000082500000, 0x0000000082600000, 0x0000000082600000|100%| O|  |TAMS 0x0000000082600000, 0x0000000082600000| Untracked 
|  38|0x0000000082600000, 0x0000000082700000, 0x0000000082700000|100%| O|  |TAMS 0x0000000082700000, 0x0000000082700000| Untracked 
|  39|0x0000000082700000, 0x0000000082800000, 0x0000000082800000|100%| O|  |TAMS 0x0000000082800000, 0x0000000082800000| Untracked 
|  40|0x0000000082800000, 0x0000000082900000, 0x0000000082900000|100%| O|  |TAMS 0x0000000082900000, 0x0000000082900000| Untracked 
|  41|0x0000000082900000, 0x0000000082a00000, 0x0000000082a00000|100%| O|  |TAMS 0x0000000082a00000, 0x0000000082a00000| Untracked 
|  42|0x0000000082a00000, 0x0000000082b00000, 0x0000000082b00000|100%| O|  |TAMS 0x0000000082b00000, 0x0000000082b00000| Untracked 
|  43|0x0000000082b00000, 0x0000000082c00000, 0x0000000082c00000|100%| O|  |TAMS 0x0000000082c00000, 0x0000000082c00000| Untracked 
|  44|0x0000000082c00000, 0x0000000082d00000, 0x0000000082d00000|100%| O|  |TAMS 0x0000000082d00000, 0x0000000082d00000| Untracked 
|  45|0x0000000082d00000, 0x0000000082e00000, 0x0000000082e00000|100%| O|  |TAMS 0x0000000082e00000, 0x0000000082e00000| Untracked 
|  46|0x0000000082e00000, 0x0000000082f00000, 0x0000000082f00000|100%| O|  |TAMS 0x0000000082f00000, 0x0000000082f00000| Untracked 
|  47|0x0000000082f00000, 0x0000000083000000, 0x0000000083000000|100%| O|  |TAMS 0x0000000083000000, 0x0000000083000000| Untracked 
|  48|0x0000000083000000, 0x0000000083100000, 0x0000000083100000|100%| O|  |TAMS 0x0000000083100000, 0x0000000083100000| Untracked 
|  49|0x0000000083100000, 0x0000000083200000, 0x0000000083200000|100%| O|  |TAMS 0x0000000083200000, 0x0000000083200000| Untracked 
|  50|0x0000000083200000, 0x0000000083300000, 0x0000000083300000|100%| O|  |TAMS 0x0000000083300000, 0x0000000083300000| Untracked 
|  51|0x0000000083300000, 0x0000000083400000, 0x0000000083400000|100%| O|  |TAMS 0x00000000833fb000, 0x00000000833fb000| Untracked 
|  52|0x0000000083400000, 0x0000000083500000, 0x0000000083500000|100%| O|  |TAMS 0x0000000083400000, 0x0000000083400000| Untracked 
|  53|0x0000000083500000, 0x00000000835ecc00, 0x0000000083600000| 92%| O|  |TAMS 0x0000000083500000, 0x0000000083500000| Untracked 
|  54|0x0000000083600000, 0x0000000083600000, 0x0000000083700000|  0%| F|  |TAMS 0x0000000083600000, 0x0000000083600000| Untracked 
|  55|0x0000000083700000, 0x0000000083700000, 0x0000000083800000|  0%| F|  |TAMS 0x0000000083700000, 0x0000000083700000| Untracked 
|  56|0x0000000083800000, 0x0000000083800000, 0x0000000083900000|  0%| F|  |TAMS 0x0000000083800000, 0x0000000083800000| Untracked 
|  57|0x0000000083900000, 0x0000000083900000, 0x0000000083a00000|  0%| F|  |TAMS 0x0000000083900000, 0x0000000083900000| Untracked 
|  58|0x0000000083a00000, 0x0000000083a00000, 0x0000000083b00000|  0%| F|  |TAMS 0x0000000083a00000, 0x0000000083a00000| Untracked 
|  59|0x0000000083b00000, 0x0000000083b00000, 0x0000000083c00000|  0%| F|  |TAMS 0x0000000083b00000, 0x0000000083b00000| Untracked 
|  60|0x0000000083c00000, 0x0000000083c00000, 0x0000000083d00000|  0%| F|  |TAMS 0x0000000083c00000, 0x0000000083c00000| Untracked 
|  61|0x0000000083d00000, 0x0000000083d00000, 0x0000000083e00000|  0%| F|  |TAMS 0x0000000083d00000, 0x0000000083d00000| Untracked 
|  62|0x0000000083e00000, 0x0000000083e00000, 0x0000000083f00000|  0%| F|  |TAMS 0x0000000083e00000, 0x0000000083e00000| Untracked 
|  63|0x0000000083f00000, 0x0000000083f00000, 0x0000000084000000|  0%| F|  |TAMS 0x0000000083f00000, 0x0000000083f00000| Untracked 
|  64|0x0000000084000000, 0x0000000084000000, 0x0000000084100000|  0%| F|  |TAMS 0x0000000084000000, 0x0000000084000000| Untracked 
|  65|0x0000000084100000, 0x0000000084100000, 0x0000000084200000|  0%| F|  |TAMS 0x0000000084100000, 0x0000000084100000| Untracked 
|  66|0x0000000084200000, 0x0000000084200000, 0x0000000084300000|  0%| F|  |TAMS 0x0000000084200000, 0x0000000084200000| Untracked 
|  67|0x0000000084300000, 0x0000000084300000, 0x0000000084400000|  0%| F|  |TAMS 0x0000000084300000, 0x0000000084300000| Untracked 
|  68|0x0000000084400000, 0x0000000084400000, 0x0000000084500000|  0%| F|  |TAMS 0x0000000084400000, 0x0000000084400000| Untracked 
|  69|0x0000000084500000, 0x0000000084500000, 0x0000000084600000|  0%| F|  |TAMS 0x0000000084500000, 0x0000000084500000| Untracked 
|  70|0x0000000084600000, 0x0000000084600000, 0x0000000084700000|  0%| F|  |TAMS 0x0000000084600000, 0x0000000084600000| Untracked 
|  71|0x0000000084700000, 0x0000000084700000, 0x0000000084800000|  0%| F|  |TAMS 0x0000000084700000, 0x0000000084700000| Untracked 
|  72|0x0000000084800000, 0x0000000084800000, 0x0000000084900000|  0%| F|  |TAMS 0x0000000084800000, 0x0000000084800000| Untracked 
|  73|0x0000000084900000, 0x0000000084900000, 0x0000000084a00000|  0%| F|  |TAMS 0x0000000084900000, 0x0000000084900000| Untracked 
|  74|0x0000000084a00000, 0x0000000084a00000, 0x0000000084b00000|  0%| F|  |TAMS 0x0000000084a00000, 0x0000000084a00000| Untracked 
|  75|0x0000000084b00000, 0x0000000084b00000, 0x0000000084c00000|  0%| F|  |TAMS 0x0000000084b00000, 0x0000000084b00000| Untracked 
|  76|0x0000000084c00000, 0x0000000084c00000, 0x0000000084d00000|  0%| F|  |TAMS 0x0000000084c00000, 0x0000000084c00000| Untracked 
|  77|0x0000000084d00000, 0x0000000084d00000, 0x0000000084e00000|  0%| F|  |TAMS 0x0000000084d00000, 0x0000000084d00000| Untracked 
|  78|0x0000000084e00000, 0x0000000084e00000, 0x0000000084f00000|  0%| F|  |TAMS 0x0000000084e00000, 0x0000000084e00000| Untracked 
|  79|0x0000000084f00000, 0x0000000084f00000, 0x0000000085000000|  0%| F|  |TAMS 0x0000000084f00000, 0x0000000084f00000| Untracked 
|  80|0x0000000085000000, 0x0000000085000000, 0x0000000085100000|  0%| F|  |TAMS 0x0000000085000000, 0x0000000085000000| Untracked 
|  81|0x0000000085100000, 0x0000000085100000, 0x0000000085200000|  0%| F|  |TAMS 0x0000000085100000, 0x0000000085100000| Untracked 
|  82|0x0000000085200000, 0x0000000085200000, 0x0000000085300000|  0%| F|  |TAMS 0x0000000085200000, 0x0000000085200000| Untracked 
|  83|0x0000000085300000, 0x0000000085300000, 0x0000000085400000|  0%| F|  |TAMS 0x0000000085300000, 0x0000000085300000| Untracked 
|  84|0x0000000085400000, 0x0000000085400000, 0x0000000085500000|  0%| F|  |TAMS 0x0000000085400000, 0x0000000085400000| Untracked 
|  85|0x0000000085500000, 0x0000000085500000, 0x0000000085600000|  0%| F|  |TAMS 0x0000000085500000, 0x0000000085500000| Untracked 
|  86|0x0000000085600000, 0x0000000085600000, 0x0000000085700000|  0%| F|  |TAMS 0x0000000085600000, 0x0000000085600000| Untracked 
|  87|0x0000000085700000, 0x0000000085700000, 0x0000000085800000|  0%| F|  |TAMS 0x0000000085700000, 0x0000000085700000| Untracked 
|  88|0x0000000085800000, 0x0000000085800000, 0x0000000085900000|  0%| F|  |TAMS 0x0000000085800000, 0x0000000085800000| Untracked 
|  89|0x0000000085900000, 0x0000000085900000, 0x0000000085a00000|  0%| F|  |TAMS 0x0000000085900000, 0x0000000085900000| Untracked 
|  90|0x0000000085a00000, 0x0000000085a00000, 0x0000000085b00000|  0%| F|  |TAMS 0x0000000085a00000, 0x0000000085a00000| Untracked 
|  91|0x0000000085b00000, 0x0000000085b00000, 0x0000000085c00000|  0%| F|  |TAMS 0x0000000085b00000, 0x0000000085b00000| Untracked 
| 134|0x0000000088600000, 0x0000000088600000, 0x0000000088700000|  0%| F|  |TAMS 0x0000000088600000, 0x0000000088600000| Untracked 
| 135|0x0000000088700000, 0x0000000088700000, 0x0000000088800000|  0%| F|  |TAMS 0x0000000088700000, 0x0000000088700000| Untracked 
| 136|0x0000000088800000, 0x0000000088800000, 0x0000000088900000|  0%| F|  |TAMS 0x0000000088800000, 0x0000000088800000| Untracked 
| 137|0x0000000088900000, 0x0000000088900000, 0x0000000088a00000|  0%| F|  |TAMS 0x0000000088900000, 0x0000000088900000| Untracked 
| 138|0x0000000088a00000, 0x0000000088a00000, 0x0000000088b00000|  0%| F|  |TAMS 0x0000000088a00000, 0x0000000088a00000| Untracked 
| 139|0x0000000088b00000, 0x0000000088b00000, 0x0000000088c00000|  0%| F|  |TAMS 0x0000000088b00000, 0x0000000088b00000| Untracked 
| 140|0x0000000088c00000, 0x0000000088c00000, 0x0000000088d00000|  0%| F|  |TAMS 0x0000000088c00000, 0x0000000088c00000| Untracked 
| 141|0x0000000088d00000, 0x0000000088d00000, 0x0000000088e00000|  0%| F|  |TAMS 0x0000000088d00000, 0x0000000088d00000| Untracked 
| 142|0x0000000088e00000, 0x0000000088e00000, 0x0000000088f00000|  0%| F|  |TAMS 0x0000000088e00000, 0x0000000088e00000| Untracked 
| 143|0x0000000088f00000, 0x0000000088f00000, 0x0000000089000000|  0%| F|  |TAMS 0x0000000088f00000, 0x0000000088f00000| Untracked 
| 144|0x0000000089000000, 0x000000008904dad0, 0x0000000089100000| 30%| S|CS|TAMS 0x0000000089000000, 0x0000000089000000| Complete 
| 145|0x0000000089100000, 0x0000000089100000, 0x0000000089200000|  0%| F|  |TAMS 0x0000000089100000, 0x0000000089100000| Untracked 
| 248|0x000000008f800000, 0x000000008f800000, 0x000000008f900000|  0%| F|  |TAMS 0x000000008f800000, 0x000000008f800000| Untracked 
| 249|0x000000008f900000, 0x000000008f900000, 0x000000008fa00000|  0%| F|  |TAMS 0x000000008f900000, 0x000000008f900000| Untracked 
| 250|0x000000008fa00000, 0x000000008fa00000, 0x000000008fb00000|  0%| F|  |TAMS 0x000000008fa00000, 0x000000008fa00000| Untracked 
| 251|0x000000008fb00000, 0x000000008fb00000, 0x000000008fc00000|  0%| F|  |TAMS 0x000000008fb00000, 0x000000008fb00000| Untracked 

Card table byte_map: [0x000001829eee0000,0x000001829f2e0000] _byte_map_base: 0x000001829eae0000

Marking Bits (Prev, Next): (CMBitMap*) 0x000001828776e3f0, (CMBitMap*) 0x000001828776e430
 Prev Bits: [0x000001829f6e0000, 0x00000182a16e0000)
 Next Bits: [0x00000182a16e0000, 0x00000182a36e0000)

Polling page: 0x0000018285610000

Metaspace:

Usage:
  Non-class:     49.47 MB used.
      Class:      7.91 MB used.
       Both:     57.38 MB used.

Virtual space:
  Non-class space:       64.00 MB reserved,      49.81 MB ( 78%) committed,  1 nodes.
      Class space:      416.00 MB reserved,       8.19 MB (  2%) committed,  1 nodes.
             Both:      480.00 MB reserved,      58.00 MB ( 12%) committed. 

Chunk freelists:
   Non-Class:  13.39 MB
       Class:  7.79 MB
        Both:  21.18 MB

MaxMetaspaceSize: 512.00 MB
CompressedClassSpaceSize: 416.00 MB
Initial GC threshold: 21.00 MB
Current GC threshold: 96.50 MB
CDS: on
MetaspaceReclaimPolicy: balanced
 - commit_granule_bytes: 65536.
 - commit_granule_words: 8192.
 - virtual_space_node_default_size: 8388608.
 - enlarge_chunks_in_place: 1.
 - new_chunks_are_fully_committed: 0.
 - uncommit_free_chunks: 1.
 - use_allocation_guard: 0.
 - handle_deallocations: 1.


Internal statistics:

num_allocs_failed_limit: 9.
num_arena_births: 714.
num_arena_deaths: 0.
num_vsnodes_births: 2.
num_vsnodes_deaths: 0.
num_space_committed: 928.
num_space_uncommitted: 0.
num_chunks_returned_to_freelist: 9.
num_chunks_taken_from_freelist: 3037.
num_chunk_merges: 9.
num_chunk_splits: 2033.
num_chunks_enlarged: 1372.
num_inconsistent_stats: 0.

CodeHeap 'non-profiled nmethods': size=119168Kb used=4817Kb max_used=4817Kb free=114350Kb
 bounds [0x0000018296df0000, 0x00000182972b0000, 0x000001829e250000]
CodeHeap 'profiled nmethods': size=119104Kb used=15121Kb max_used=15121Kb free=103982Kb
 bounds [0x000001828f250000, 0x0000018290120000, 0x00000182966a0000]
CodeHeap 'non-nmethods': size=7488Kb used=2355Kb max_used=4046Kb free=5132Kb
 bounds [0x00000182966a0000, 0x0000018296aa0000, 0x0000018296df0000]
 total_blobs=8683 nmethods=7802 adapters=793
 compilation: enabled
              stopped_count=0, restarted_count=0
 full_count=0

Compilation events (20 events):
Event: 8354.979 Thread 0x00000182a6759fe0 nmethod 8638 0x00000182972a0690 code [0x00000182972a0820, 0x00000182972a0998]
Event: 8354.979 Thread 0x00000182a6759fe0 8639       4       java.util.AbstractSequentialList::<init> (5 bytes)
Event: 8354.992 Thread 0x00000182a6759fe0 nmethod 8639 0x00000182972a0b10 code [0x00000182972a0c80, 0x00000182972a0cf8]
Event: 8355.106 Thread 0x00000182a6759fe0 8640       4       java.util.stream.Collectors$$Lambda$58/0x00000182a806e8c0::get (8 bytes)
Event: 8355.123 Thread 0x00000182a6759fe0 nmethod 8640 0x00000182972a0e10 code [0x00000182972a0fa0, 0x00000182972a1078]
Event: 8356.622 Thread 0x00000182a6759fe0 8641       4       sun.util.logging.internal.LoggingProviderImpl$JULWrapper::toJUL (40 bytes)
Event: 8356.699 Thread 0x00000182a6759fe0 nmethod 8641 0x00000182972a1110 code [0x00000182972a1280, 0x00000182972a1318]
Event: 8356.704 Thread 0x00000182a6759fe0 8642       4       java.util.concurrent.locks.AbstractQueuedSynchronizer::acquire (20 bytes)
Event: 8357.023 Thread 0x00000182a6759fe0 nmethod 8642 0x00000182972a1410 code [0x00000182972a15a0, 0x00000182972a1788]
Event: 8357.023 Thread 0x00000182a6759fe0 8643       4       org.gradle.internal.logging.slf4j.BuildOperationAwareLogger::debug (18 bytes)
Event: 8388.307 Thread 0x00000182a6759fe0 nmethod 8643 0x00000182972a1890 code [0x00000182972a1a20, 0x00000182972a1b58]
Event: 8388.385 Thread 0x00000182a6759fe0 8644       4       java.util.stream.ReferencePipeline$3::opWrapSink (10 bytes)
Event: 8388.672 Thread 0x00000182a6759fe0 nmethod 8644 0x00000182972a1d90 code [0x00000182972a1f20, 0x00000182972a20f8]
Event: 8388.672 Thread 0x00000182a6759fe0 8646       4       java.util.concurrent.LinkedBlockingDeque::linkLast (69 bytes)
Event: 8389.628 Thread 0x00000182a6759fe0 nmethod 8646 0x00000182972a2210 code [0x00000182972a23c0, 0x00000182972a3158]
Event: 8389.631 Thread 0x00000182a6759fe0 8647   !   4       java.util.concurrent.LinkedBlockingDeque::offerLast (53 bytes)
Event: 8389.788 Thread 0x00000182a6759fe0 nmethod 8647 0x00000182972a3490 code [0x00000182972a3660, 0x00000182972a3c30]
Event: 8389.788 Thread 0x00000182a6759fe0 8648       4       java.util.concurrent.ThreadPoolExecutor$Worker::unlock (7 bytes)
Event: 8389.794 Thread 0x00000182a6759fe0 nmethod 8648 0x00000182972a4090 code [0x00000182972a4220, 0x00000182972a4388]
Event: 8389.872 Thread 0x00000182a6759fe0 8645       4       java.util.regex.Pattern::escape (1327 bytes)

GC Heap History (20 events):
Event: 672.175 GC heap after
{Heap after GC invocations=16 (full 0):
 garbage-first heap   total 110592K, used 52391K [0x0000000080000000, 0x0000000100000000)
  region size 1024K, 5 young (5120K), 5 survivors (5120K)
 Metaspace       used 58326K, committed 58944K, reserved 491520K
  class space    used 8089K, committed 8384K, reserved 425984K
}
Event: 740.703 GC heap before
{Heap before GC invocations=16 (full 0):
 garbage-first heap   total 110592K, used 89255K [0x0000000080000000, 0x0000000100000000)
  region size 1024K, 41 young (41984K), 5 survivors (5120K)
 Metaspace       used 58386K, committed 59072K, reserved 491520K
  class space    used 8090K, committed 8384K, reserved 425984K
}
Event: 740.748 GC heap after
{Heap after GC invocations=17 (full 0):
 garbage-first heap   total 110592K, used 52841K [0x0000000080000000, 0x0000000100000000)
  region size 1024K, 3 young (3072K), 3 survivors (3072K)
 Metaspace       used 58386K, committed 59072K, reserved 491520K
  class space    used 8090K, committed 8384K, reserved 425984K
}
Event: 808.384 GC heap before
{Heap before GC invocations=17 (full 0):
 garbage-first heap   total 110592K, used 90729K [0x0000000080000000, 0x0000000100000000)
  region size 1024K, 40 young (40960K), 3 survivors (3072K)
 Metaspace       used 58420K, committed 59072K, reserved 491520K
  class space    used 8090K, committed 8384K, reserved 425984K
}
Event: 808.429 GC heap after
{Heap after GC invocations=18 (full 0):
 garbage-first heap   total 110592K, used 53448K [0x0000000080000000, 0x0000000100000000)
  region size 1024K, 2 young (2048K), 2 survivors (2048K)
 Metaspace       used 58420K, committed 59072K, reserved 491520K
  class space    used 8090K, committed 8384K, reserved 425984K
}
Event: 891.235 GC heap before
{Heap before GC invocations=19 (full 0):
 garbage-first heap   total 110592K, used 91336K [0x0000000080000000, 0x0000000100000000)
  region size 1024K, 39 young (39936K), 2 survivors (2048K)
 Metaspace       used 58465K, committed 59136K, reserved 491520K
  class space    used 8090K, committed 8384K, reserved 425984K
}
Event: 891.265 GC heap after
{Heap after GC invocations=20 (full 0):
 garbage-first heap   total 110592K, used 53533K [0x0000000080000000, 0x0000000100000000)
  region size 1024K, 2 young (2048K), 2 survivors (2048K)
 Metaspace       used 58465K, committed 59136K, reserved 491520K
  class space    used 8090K, committed 8384K, reserved 425984K
}
Event: 986.512 GC heap before
{Heap before GC invocations=20 (full 0):
 garbage-first heap   total 110592K, used 92445K [0x0000000080000000, 0x0000000100000000)
  region size 1024K, 40 young (40960K), 2 survivors (2048K)
 Metaspace       used 58517K, committed 59136K, reserved 491520K
  class space    used 8090K, committed 8384K, reserved 425984K
}
Event: 986.563 GC heap after
{Heap after GC invocations=21 (full 0):
 garbage-first heap   total 110592K, used 53875K [0x0000000080000000, 0x0000000100000000)
  region size 1024K, 2 young (2048K), 2 survivors (2048K)
 Metaspace       used 58517K, committed 59136K, reserved 491520K
  class space    used 8090K, committed 8384K, reserved 425984K
}
Event: 1096.307 GC heap before
{Heap before GC invocations=22 (full 0):
 garbage-first heap   total 110592K, used 93811K [0x0000000080000000, 0x0000000100000000)
  region size 1024K, 41 young (41984K), 2 survivors (2048K)
 Metaspace       used 58569K, committed 59200K, reserved 491520K
  class space    used 8090K, committed 8384K, reserved 425984K
}
Event: 1096.355 GC heap after
{Heap after GC invocations=23 (full 0):
 garbage-first heap   total 110592K, used 54143K [0x0000000080000000, 0x0000000100000000)
  region size 1024K, 2 young (2048K), 2 survivors (2048K)
 Metaspace       used 58569K, committed 59200K, reserved 491520K
  class space    used 8090K, committed 8384K, reserved 425984K
}
Event: 1196.759 GC heap before
{Heap before GC invocations=23 (full 0):
 garbage-first heap   total 110592K, used 94079K [0x0000000080000000, 0x0000000100000000)
  region size 1024K, 41 young (41984K), 2 survivors (2048K)
 Metaspace       used 58624K, committed 59264K, reserved 491520K
  class space    used 8090K, committed 8384K, reserved 425984K
}
Event: 1196.817 GC heap after
{Heap after GC invocations=24 (full 0):
 garbage-first heap   total 110592K, used 54407K [0x0000000080000000, 0x0000000100000000)
  region size 1024K, 3 young (3072K), 3 survivors (3072K)
 Metaspace       used 58624K, committed 59264K, reserved 491520K
  class space    used 8090K, committed 8384K, reserved 425984K
}
Event: 1740.301 GC heap before
{Heap before GC invocations=25 (full 0):
 garbage-first heap   total 110592K, used 94343K [0x0000000080000000, 0x0000000100000000)
  region size 1024K, 42 young (43008K), 3 survivors (3072K)
 Metaspace       used 58691K, committed 59328K, reserved 491520K
  class space    used 8095K, committed 8384K, reserved 425984K
}
Event: 1740.347 GC heap after
{Heap after GC invocations=26 (full 0):
 garbage-first heap   total 110592K, used 54771K [0x0000000080000000, 0x0000000100000000)
  region size 1024K, 3 young (3072K), 3 survivors (3072K)
 Metaspace       used 58691K, committed 59328K, reserved 491520K
  class space    used 8095K, committed 8384K, reserved 425984K
}
Event: 8360.228 GC heap before
{Heap before GC invocations=26 (full 0):
 garbage-first heap   total 110592K, used 94707K [0x0000000080000000, 0x0000000100000000)
  region size 1024K, 42 young (43008K), 3 survivors (3072K)
 Metaspace       used 58759K, committed 59392K, reserved 491520K
  class space    used 8101K, committed 8384K, reserved 425984K
}
Event: 8367.509 GC heap after
{Heap after GC invocations=27 (full 0):
 garbage-first heap   total 110592K, used 54781K [0x0000000080000000, 0x0000000100000000)
  region size 1024K, 3 young (3072K), 3 survivors (3072K)
 Metaspace       used 58759K, committed 59392K, reserved 491520K
  class space    used 8101K, committed 8384K, reserved 425984K
}
Event: 8384.970 GC heap before
{Heap before GC invocations=27 (full 0):
 garbage-first heap   total 110592K, used 56829K [0x0000000080000000, 0x0000000100000000)
  region size 1024K, 5 young (5120K), 3 survivors (3072K)
 Metaspace       used 58759K, committed 59392K, reserved 491520K
  class space    used 8101K, committed 8384K, reserved 425984K
}
Event: 8387.913 GC heap after
{Heap after GC invocations=28 (full 0):
 garbage-first heap   total 110592K, used 54724K [0x0000000080000000, 0x0000000100000000)
  region size 1024K, 1 young (1024K), 1 survivors (1024K)
 Metaspace       used 58759K, committed 59392K, reserved 491520K
  class space    used 8101K, committed 8384K, reserved 425984K
}
Event: 8389.957 GC heap before
{Heap before GC invocations=28 (full 0):
 garbage-first heap   total 110592K, used 58820K [0x0000000080000000, 0x0000000100000000)
  region size 1024K, 5 young (5120K), 1 survivors (1024K)
 Metaspace       used 58759K, committed 59392K, reserved 491520K
  class space    used 8101K, committed 8384K, reserved 425984K
}

Dll operation events (13 events):
Event: 0.175 Loaded shared library C:\Program Files\Eclipse Adoptium\jdk-17.0.15.6-hotspot\bin\java.dll
Event: 1.117 Loaded shared library C:\Program Files\Eclipse Adoptium\jdk-17.0.15.6-hotspot\bin\jsvml.dll
Event: 1.622 Loaded shared library C:\Program Files\Eclipse Adoptium\jdk-17.0.15.6-hotspot\bin\net.dll
Event: 1.637 Loaded shared library C:\Program Files\Eclipse Adoptium\jdk-17.0.15.6-hotspot\bin\nio.dll
Event: 1.801 Loaded shared library C:\Program Files\Eclipse Adoptium\jdk-17.0.15.6-hotspot\bin\zip.dll
Event: 3.760 Loaded shared library C:\Program Files\Eclipse Adoptium\jdk-17.0.15.6-hotspot\bin\jimage.dll
Event: 4.147 Loaded shared library C:\Program Files\Eclipse Adoptium\jdk-17.0.15.6-hotspot\bin\verify.dll
Event: 5.611 Loaded shared library C:\Users\karth\.gradle\native\68d5fa5c4cc2d200863cafc0d521ce42e7d3e7ee720ec0a83991735586a16f82\windows-amd64\native-platform.dll
Event: 5.638 Loaded shared library C:\Users\karth\.gradle\native\e376f236ea51e6404a007f0833ffe2c6e607c4080706a723a18a27aeea778392\windows-amd64\native-platform-file-events.dll
Event: 11.513 Loaded shared library C:\Program Files\Eclipse Adoptium\jdk-17.0.15.6-hotspot\bin\management.dll
Event: 11.525 Loaded shared library C:\Program Files\Eclipse Adoptium\jdk-17.0.15.6-hotspot\bin\management_ext.dll
Event: 16.549 Loaded shared library C:\Program Files\Eclipse Adoptium\jdk-17.0.15.6-hotspot\bin\extnet.dll
Event: 28.710 Loaded shared library C:\Program Files\Eclipse Adoptium\jdk-17.0.15.6-hotspot\bin\sunmscapi.dll

Deoptimization events (20 events):
Event: 1024.489 Thread 0x00000182c6d51a70 Uncommon trap: trap_request=0xffffff45 fr.pc=0x0000018297256fe4 relative=0x00000000000017c4
Event: 1024.490 Thread 0x00000182c6d51a70 Uncommon trap: reason=unstable_if action=reinterpret pc=0x0000018297256fe4 method=java.util.concurrent.locks.AbstractQueuedSynchronizer$ConditionObject.doSignal(Ljava/util/concurrent/locks/AbstractQueuedSynchronizer$ConditionNode;Z)V @ 38 c2
Event: 1024.490 Thread 0x00000182c6d51a70 DEOPT PACKING pc=0x0000018297256fe4 sp=0x0000003af28fedc0
Event: 1024.491 Thread 0x00000182c6d51a70 DEOPT UNPACKING pc=0x00000182966f69a3 sp=0x0000003af28febf0 mode 2
Event: 1024.491 Thread 0x00000182c6d529a0 Uncommon trap: trap_request=0xffffff45 fr.pc=0x0000018297060b04 relative=0x00000000000001e4
Event: 1024.491 Thread 0x00000182c6d529a0 Uncommon trap: reason=unstable_if action=reinterpret pc=0x0000018297060b04 method=java.util.concurrent.locks.AbstractQueuedSynchronizer$ConditionObject.unlinkCancelledWaiters(Ljava/util/concurrent/locks/AbstractQueuedSynchronizer$ConditionNode;)V @ 16 c2
Event: 1024.491 Thread 0x00000182c6d529a0 DEOPT PACKING pc=0x0000018297060b04 sp=0x0000003af05f7c50
Event: 1024.491 Thread 0x00000182c6d529a0 DEOPT UNPACKING pc=0x00000182966f69a3 sp=0x0000003af05f7be0 mode 2
Event: 1733.316 Thread 0x00000182c6d529a0 Uncommon trap: trap_request=0xffffff45 fr.pc=0x0000018297254d4c relative=0x000000000000012c
Event: 1733.316 Thread 0x00000182c6d529a0 Uncommon trap: reason=unstable_if action=reinterpret pc=0x0000018297254d4c method=org.gradle.internal.time.DefaultCountdownTimer.hasExpired()Z @ 6 c2
Event: 1733.317 Thread 0x00000182c6d529a0 DEOPT PACKING pc=0x0000018297254d4c sp=0x0000003af05f7d40
Event: 1733.318 Thread 0x00000182c6d529a0 DEOPT UNPACKING pc=0x00000182966f69a3 sp=0x0000003af05f7d08 mode 2
Event: 1733.319 Thread 0x00000182c6d529a0 Uncommon trap: trap_request=0xffffff45 fr.pc=0x000001829723a2d0 relative=0x00000000000065b0
Event: 1733.319 Thread 0x00000182c6d529a0 Uncommon trap: reason=unstable_if action=reinterpret pc=0x000001829723a2d0 method=org.gradle.internal.io.ExponentialBackoff.retryUntil(Lorg/gradle/internal/io/IOQuery;)Ljava/lang/Object; @ 25 c2
Event: 1733.319 Thread 0x00000182c6d529a0 DEOPT PACKING pc=0x000001829723a2d0 sp=0x0000003af05f7da0
Event: 1733.320 Thread 0x00000182c6d529a0 DEOPT UNPACKING pc=0x00000182966f69a3 sp=0x0000003af05f7e08 mode 2
Event: 8349.000 Thread 0x00000182c6d529a0 Uncommon trap: trap_request=0xffffffde fr.pc=0x000001829702ccf8 relative=0x0000000000000258
Event: 8349.000 Thread 0x00000182c6d529a0 Uncommon trap: reason=class_check action=maybe_recompile pc=0x000001829702ccf8 method=java.util.stream.StreamOpFlag.fromCharacteristics(Ljava/util/Spliterator;)I @ 14 c2
Event: 8349.000 Thread 0x00000182c6d529a0 DEOPT PACKING pc=0x000001829702ccf8 sp=0x0000003af05f9b80
Event: 8349.001 Thread 0x00000182c6d529a0 DEOPT UNPACKING pc=0x00000182966f69a3 sp=0x0000003af05f9a68 mode 2

Classes loaded (20 events):
Event: 637.397 Loading class java/util/regex/Pattern$SliceI
Event: 637.397 Loading class java/util/regex/Pattern$SliceI done
Event: 651.343 Loading class jdk/internal/loader/URLClassPath$FileLoader
Event: 651.343 Loading class jdk/internal/loader/URLClassPath$FileLoader done
Event: 651.504 Loading class jdk/internal/loader/URLClassPath$FileLoader$1
Event: 651.504 Loading class jdk/internal/loader/URLClassPath$FileLoader$1 done
Event: 653.309 Loading class java/lang/AbstractMethodError
Event: 653.309 Loading class java/lang/AbstractMethodError done
Event: 653.684 Loading class java/time/temporal/WeekFields
Event: 653.684 Loading class java/time/temporal/WeekFields done
Event: 653.684 Loading class java/time/temporal/WeekFields$ComputedDayOfField
Event: 653.685 Loading class java/time/temporal/WeekFields$ComputedDayOfField done
Event: 653.694 Loading class java/time/Month$1
Event: 653.694 Loading class java/time/Month$1 done
Event: 653.717 Loading class java/nio/channels/Channels
Event: 653.717 Loading class java/nio/channels/Channels done
Event: 653.718 Loading class java/nio/channels/Channels$1
Event: 653.718 Loading class java/nio/channels/Channels$1 done
Event: 8347.554 Loading class java/util/regex/Pattern$Pos
Event: 8347.642 Loading class java/util/regex/Pattern$Pos done

Classes unloaded (0 events):
No events

Classes redefined (0 events):
No events

Internal exceptions (20 events):
Event: 654.399 Thread 0x00000182c6d529a0 Exception <a 'java/lang/ClassNotFoundException'{0x000000008f962c18}: org/gradle/api/internal/initialization/DefaultScriptHandlerCustomizer> (0x000000008f962c18) 
thrown [s\src\hotspot\share\classfile\systemDictionary.cpp, line 256]
Event: 654.467 Thread 0x00000182c6d529a0 Exception <a 'java/lang/ClassNotFoundException'{0x0000000088f78158}: org/gradle/api/internal/artifacts/dsl/DefaultRepositoryHandler_DecoratedBeanInfo> (0x0000000088f78158) 
thrown [s\src\hotspot\share\classfile\systemDictionary.cpp, line 256]
Event: 654.469 Thread 0x00000182c6d529a0 Exception <a 'java/lang/ClassNotFoundException'{0x0000000088f905c0}: org/gradle/api/internal/artifacts/dsl/DefaultRepositoryHandlerBeanInfo> (0x0000000088f905c0) 
thrown [s\src\hotspot\share\classfile\systemDictionary.cpp, line 256]
Event: 654.474 Thread 0x00000182c6d529a0 Exception <a 'java/lang/ClassNotFoundException'{0x0000000088fa8f90}: org/gradle/api/internal/artifacts/DefaultArtifactRepositoryContainerBeanInfo> (0x0000000088fa8f90) 
thrown [s\src\hotspot\share\classfile\systemDictionary.cpp, line 256]
Event: 654.474 Thread 0x00000182c6d529a0 Exception <a 'java/lang/ClassNotFoundException'{0x0000000088fbdb48}: org/gradle/api/internal/DefaultNamedDomainObjectListBeanInfo> (0x0000000088fbdb48) 
thrown [s\src\hotspot\share\classfile\systemDictionary.cpp, line 256]
Event: 654.481 Thread 0x00000182c6d529a0 Exception <a 'java/lang/ClassNotFoundException'{0x0000000088fd2b68}: org/gradle/api/internal/DefaultNamedDomainObjectCollectionBeanInfo> (0x0000000088fd2b68) 
thrown [s\src\hotspot\share\classfile\systemDictionary.cpp, line 256]
Event: 654.486 Thread 0x00000182c6d529a0 Exception <a 'java/lang/ClassNotFoundException'{0x0000000088fe79c8}: org/gradle/api/internal/DefaultDomainObjectCollectionBeanInfo> (0x0000000088fe79c8) 
thrown [s\src\hotspot\share\classfile\systemDictionary.cpp, line 256]
Event: 654.487 Thread 0x00000182c6d529a0 Exception <a 'java/lang/ClassNotFoundException'{0x0000000088ffc960}: org/gradle/api/internal/DefaultDomainObjectCollectionCustomizer> (0x0000000088ffc960) 
thrown [s\src\hotspot\share\classfile\systemDictionary.cpp, line 256]
Event: 654.492 Thread 0x00000182c6d529a0 Exception <a 'java/lang/ClassNotFoundException'{0x0000000088e39e70}: org/gradle/api/internal/DefaultNamedDomainObjectCollectionCustomizer> (0x0000000088e39e70) 
thrown [s\src\hotspot\share\classfile\systemDictionary.cpp, line 256]
Event: 654.499 Thread 0x00000182c6d529a0 Exception <a 'java/lang/ClassNotFoundException'{0x0000000088e81c70}: org/gradle/api/internal/DefaultNamedDomainObjectListCustomizer> (0x0000000088e81c70) 
thrown [s\src\hotspot\share\classfile\systemDictionary.cpp, line 256]
Event: 654.505 Thread 0x00000182c6d529a0 Exception <a 'java/lang/ClassNotFoundException'{0x0000000088ec6368}: org/gradle/api/internal/artifacts/DefaultArtifactRepositoryContainerCustomizer> (0x0000000088ec6368) 
thrown [s\src\hotspot\share\classfile\systemDictionary.cpp, line 256]
Event: 654.516 Thread 0x00000182c6d529a0 Exception <a 'java/lang/ClassNotFoundException'{0x0000000088d06c10}: org/gradle/api/internal/artifacts/dsl/DefaultRepositoryHandlerCustomizer> (0x0000000088d06c10) 
thrown [s\src\hotspot\share\classfile\systemDictionary.cpp, line 256]
Event: 654.532 Thread 0x00000182c6d529a0 Exception <a 'java/lang/ClassNotFoundException'{0x0000000088d55030}: org/gradle/api/internal/artifacts/dsl/DefaultRepositoryHandler_DecoratedCustomizer> (0x0000000088d55030) 
thrown [s\src\hotspot\share\classfile\systemDictionary.cpp, line 256]
Event: 654.587 Thread 0x00000182c6d529a0 Exception <a 'java/lang/ClassNotFoundException'{0x0000000088de85d8}: org/gradle/api/internal/artifacts/dsl/dependencies/DefaultDependencyHandler_DecoratedBeanInfo> (0x0000000088de85d8) 
thrown [s\src\hotspot\share\classfile\systemDictionary.cpp, line 256]
Event: 654.600 Thread 0x00000182c6d529a0 Exception <a 'java/lang/ClassNotFoundException'{0x0000000088c00720}: org/gradle/api/internal/artifacts/dsl/dependencies/DefaultDependencyHandlerBeanInfo> (0x0000000088c00720) 
thrown [s\src\hotspot\share\classfile\systemDictionary.cpp, line 256]
Event: 654.601 Thread 0x00000182c6d529a0 Exception <a 'java/lang/ClassNotFoundException'{0x0000000088c18058}: org/gradle/api/internal/artifacts/dsl/dependencies/DefaultDependencyHandlerCustomizer> (0x0000000088c18058) 
thrown [s\src\hotspot\share\classfile\systemDictionary.cpp, line 256]
Event: 654.625 Thread 0x00000182c6d529a0 Exception <a 'java/lang/ClassNotFoundException'{0x0000000088c61d88}: org/gradle/api/internal/artifacts/dsl/dependencies/DefaultDependencyHandler_DecoratedCustomizer> (0x0000000088c61d88) 
thrown [s\src\hotspot\share\classfile\systemDictionary.cpp, line 256]
Event: 937.396 Thread 0x00000182c75feb10 Implicit null exception at 0x0000018296e4cdf2 to 0x0000018296e4d3c8
Event: 937.398 Thread 0x00000182c75feb10 Implicit null exception at 0x0000018296e2be72 to 0x0000018296e2c458
Event: 8343.860 Thread 0x00000182c6d529a0 Exception <a 'java/lang/reflect/InvocationTargetException'{0x000000008fb32e18}> (0x000000008fb32e18) 
thrown [s\src\hotspot\share\runtime\reflection.cpp, line 1128]

VM Operations (20 events):
Event: 8343.995 Executing VM operation: Cleanup done
Event: 8346.009 Executing VM operation: Cleanup
Event: 8346.057 Executing VM operation: Cleanup done
Event: 8347.059 Executing VM operation: Cleanup
Event: 8347.407 Executing VM operation: Cleanup done
Event: 8348.422 Executing VM operation: Cleanup
Event: 8348.487 Executing VM operation: Cleanup done
Event: 8349.491 Executing VM operation: Cleanup
Event: 8349.776 Executing VM operation: Cleanup done
Event: 8350.778 Executing VM operation: Cleanup
Event: 8352.635 Executing VM operation: Cleanup done
Event: 8353.642 Executing VM operation: Cleanup
Event: 8353.689 Executing VM operation: Cleanup done
Event: 8355.707 Executing VM operation: Cleanup
Event: 8355.732 Executing VM operation: Cleanup done
Event: 8357.445 Executing VM operation: G1CollectForAllocation
Event: 8367.574 Executing VM operation: G1CollectForAllocation done
Event: 8368.085 Executing VM operation: G1CollectForAllocation
Event: 8387.927 Executing VM operation: G1CollectForAllocation done
Event: 8388.646 Executing VM operation: G1CollectForAllocation

Memory protections (0 events):
No events

Nmethod flushes (20 events):
Event: 598.994 Thread 0x00000182a6495950 flushing  nmethod 0x000001828faad410
Event: 598.994 Thread 0x00000182a6495950 flushing  nmethod 0x000001828faad810
Event: 598.994 Thread 0x00000182a6495950 flushing  nmethod 0x000001828fab1e10
Event: 598.994 Thread 0x00000182a6495950 flushing  nmethod 0x000001828fac1d90
Event: 598.994 Thread 0x00000182a6495950 flushing  nmethod 0x000001828fb01e10
Event: 598.994 Thread 0x00000182a6495950 flushing  nmethod 0x000001828fb23390
Event: 598.994 Thread 0x00000182a6495950 flushing  nmethod 0x000001828fb26090
Event: 598.994 Thread 0x00000182a6495950 flushing  nmethod 0x000001828fb39110
Event: 598.994 Thread 0x00000182a6495950 flushing  nmethod 0x000001828fb39790
Event: 598.994 Thread 0x00000182a6495950 flushing  nmethod 0x000001828fb3a410
Event: 598.994 Thread 0x00000182a6495950 flushing  nmethod 0x000001828fbba510
Event: 598.994 Thread 0x00000182a6495950 flushing  nmethod 0x000001828fbba890
Event: 598.994 Thread 0x00000182a6495950 flushing  nmethod 0x000001828fbec610
Event: 598.994 Thread 0x00000182a6495950 flushing  nmethod 0x000001828fbf7d10
Event: 598.994 Thread 0x00000182a6495950 flushing  nmethod 0x000001828fc0e090
Event: 598.995 Thread 0x00000182a6495950 flushing  nmethod 0x000001828fd08c10
Event: 598.995 Thread 0x00000182a6495950 flushing  nmethod 0x000001828fd0ce90
Event: 598.995 Thread 0x00000182a6495950 flushing  nmethod 0x000001828fd11b90
Event: 652.867 Thread 0x00000182a6495950 flushing  nmethod 0x000001828f323210
Event: 652.867 Thread 0x00000182a6495950 flushing  nmethod 0x000001828f381510

Events (20 events):
Event: 984.341 Thread 0x00000182a675a8f0 Thread added: 0x00000182c7ed8850
Event: 989.643 Thread 0x00000182c7ed8850 Thread exited: 0x00000182c7ed8850
Event: 1117.749 Thread 0x00000182a675a8f0 Thread added: 0x00000182c83f1320
Event: 1122.776 Thread 0x00000182c83f1320 Thread exited: 0x00000182c83f1320
Event: 1130.277 Thread 0x00000182a675a8f0 Thread added: 0x00000182c83f1320
Event: 1130.277 Thread 0x00000182a675a8f0 Thread added: 0x00000182c7ed8850
Event: 1135.291 Thread 0x00000182c7ed8850 Thread exited: 0x00000182c7ed8850
Event: 1135.292 Thread 0x00000182c83f1320 Thread exited: 0x00000182c83f1320
Event: 1140.828 Thread 0x00000182a675a8f0 Thread added: 0x00000182c83f1320
Event: 1140.830 Thread 0x00000182a675a8f0 Thread added: 0x00000182c7ed8850
Event: 1140.831 Thread 0x00000182a675a8f0 Thread added: 0x00000182c6b5ba00
Event: 1146.503 Thread 0x00000182c6b5ba00 Thread exited: 0x00000182c6b5ba00
Event: 1147.370 Thread 0x00000182c7ed8850 Thread exited: 0x00000182c7ed8850
Event: 1147.370 Thread 0x00000182c83f1320 Thread exited: 0x00000182c83f1320
Event: 1249.376 Thread 0x00000182a675a8f0 Thread added: 0x00000182c6b5ba00
Event: 1254.396 Thread 0x00000182c6b5ba00 Thread exited: 0x00000182c6b5ba00
Event: 1734.005 Thread 0x00000182a675a8f0 Thread added: 0x00000182c7a314e0
Event: 1734.005 Thread 0x00000182a675a8f0 Thread added: 0x00000182c6b5ba00
Event: 1735.322 Thread 0x00000182c6b5ba00 Thread exited: 0x00000182c6b5ba00
Event: 1735.591 Thread 0x00000182c7a314e0 Thread exited: 0x00000182c7a314e0


Dynamic libraries:
0x00007ff687c40000 - 0x00007ff687c4e000 	C:\Program Files\Eclipse Adoptium\jdk-17.0.15.6-hotspot\bin\java.exe
0x00007fffc3680000 - 0x00007fffc38e6000 	C:\WINDOWS\SYSTEM32\ntdll.dll
0x00007fffc2160000 - 0x00007fffc2229000 	C:\WINDOWS\System32\KERNEL32.DLL
0x00007fffc0ae0000 - 0x00007fffc0eac000 	C:\WINDOWS\System32\KERNELBASE.dll
0x0000000070320000 - 0x00000000703bd000 	C:\ProgramData\Symantec\Symantec Endpoint Protection\14.3.9205.6000.105\Data\Sysfer\x64\sysfer.dll
0x00007fffc0810000 - 0x00007fffc095b000 	C:\WINDOWS\System32\ucrtbase.dll
0x00007fff9be20000 - 0x00007fff9be37000 	C:\Program Files\Eclipse Adoptium\jdk-17.0.15.6-hotspot\bin\jli.dll
0x00007fffc14c0000 - 0x00007fffc168a000 	C:\WINDOWS\System32\USER32.dll
0x00007fff99aa0000 - 0x00007fff99abe000 	C:\Program Files\Eclipse Adoptium\jdk-17.0.15.6-hotspot\bin\VCRUNTIME140.dll
0x00007fffc1360000 - 0x00007fffc1387000 	C:\WINDOWS\System32\win32u.dll
0x00007fffa61a0000 - 0x00007fffa643a000 	C:\WINDOWS\WinSxS\amd64_microsoft.windows.common-controls_6595b64144ccf1df_6.0.26100.3912_none_3e07963ce335137e\COMCTL32.dll
0x00007fffc1730000 - 0x00007fffc175b000 	C:\WINDOWS\System32\GDI32.dll
0x00007fffc3590000 - 0x00007fffc3639000 	C:\WINDOWS\System32\msvcrt.dll
0x00007fffc0f70000 - 0x00007fffc10a2000 	C:\WINDOWS\System32\gdi32full.dll
0x00007fffc1390000 - 0x00007fffc1433000 	C:\WINDOWS\System32\msvcp_win.dll
0x00007fffc2850000 - 0x00007fffc2880000 	C:\WINDOWS\System32\IMM32.DLL
0x00007fffa4250000 - 0x00007fffa425c000 	C:\Program Files\Eclipse Adoptium\jdk-17.0.15.6-hotspot\bin\vcruntime140_1.dll
0x00007fff7c670000 - 0x00007fff7c6fd000 	C:\Program Files\Eclipse Adoptium\jdk-17.0.15.6-hotspot\bin\msvcp140.dll
0x00007fff3e940000 - 0x00007fff3f5ab000 	C:\Program Files\Eclipse Adoptium\jdk-17.0.15.6-hotspot\bin\server\jvm.dll
0x00007fffc2e40000 - 0x00007fffc2ef2000 	C:\WINDOWS\System32\ADVAPI32.dll
0x00007fffc1760000 - 0x00007fffc1806000 	C:\WINDOWS\System32\sechost.dll
0x00007fffc2040000 - 0x00007fffc2156000 	C:\WINDOWS\System32\RPCRT4.dll
0x00007fffc3500000 - 0x00007fffc3574000 	C:\WINDOWS\System32\WS2_32.dll
0x00007fffc0680000 - 0x00007fffc06de000 	C:\WINDOWS\SYSTEM32\POWRPROF.dll
0x00007fffb52a0000 - 0x00007fffb52d6000 	C:\WINDOWS\SYSTEM32\WINMM.dll
0x00007fffa9820000 - 0x00007fffa982b000 	C:\WINDOWS\SYSTEM32\VERSION.dll
0x00007fffc0660000 - 0x00007fffc0674000 	C:\WINDOWS\SYSTEM32\UMPDC.dll
0x00007fffbf5d0000 - 0x00007fffbf5ea000 	C:\WINDOWS\SYSTEM32\kernel.appcore.dll
0x00007fffa41b0000 - 0x00007fffa41ba000 	C:\Program Files\Eclipse Adoptium\jdk-17.0.15.6-hotspot\bin\jimage.dll
0x00007fffbe100000 - 0x00007fffbe341000 	C:\WINDOWS\SYSTEM32\DBGHELP.DLL
0x00007fffc3000000 - 0x00007fffc3384000 	C:\WINDOWS\System32\combase.dll
0x00007fffc2b40000 - 0x00007fffc2c20000 	C:\WINDOWS\System32\OLEAUT32.dll
0x00007fff95100000 - 0x00007fff95139000 	C:\WINDOWS\SYSTEM32\dbgcore.DLL
0x00007fffc12c0000 - 0x00007fffc1359000 	C:\WINDOWS\System32\bcryptPrimitives.dll
0x00007fff988b0000 - 0x00007fff988d5000 	C:\Program Files\Eclipse Adoptium\jdk-17.0.15.6-hotspot\bin\java.dll
0x00007fff7c590000 - 0x00007fff7c667000 	C:\Program Files\Eclipse Adoptium\jdk-17.0.15.6-hotspot\bin\jsvml.dll
0x00007fffc1890000 - 0x00007fffc1fbd000 	C:\WINDOWS\System32\SHELL32.dll
0x00007fffc0960000 - 0x00007fffc0ad4000 	C:\WINDOWS\System32\wintypes.dll
0x00007fffbe450000 - 0x00007fffbeca6000 	C:\WINDOWS\SYSTEM32\windows.storage.dll
0x00007fffc2f00000 - 0x00007fffc2fef000 	C:\WINDOWS\System32\SHCORE.dll
0x00007fffc1820000 - 0x00007fffc1889000 	C:\WINDOWS\System32\shlwapi.dll
0x00007fffc0720000 - 0x00007fffc074f000 	C:\WINDOWS\SYSTEM32\profapi.dll
0x00007fff99a10000 - 0x00007fff99a29000 	C:\Program Files\Eclipse Adoptium\jdk-17.0.15.6-hotspot\bin\net.dll
0x00007fffaf2b0000 - 0x00007fffaf3ce000 	C:\WINDOWS\SYSTEM32\WINHTTP.dll
0x00007fffbfb40000 - 0x00007fffbfbaa000 	C:\WINDOWS\system32\mswsock.dll
0x00007fff98f80000 - 0x00007fff98f96000 	C:\Program Files\Eclipse Adoptium\jdk-17.0.15.6-hotspot\bin\nio.dll
0x00007fff98520000 - 0x00007fff98538000 	C:\Program Files\Eclipse Adoptium\jdk-17.0.15.6-hotspot\bin\zip.dll
0x00007fffa4150000 - 0x00007fffa4160000 	C:\Program Files\Eclipse Adoptium\jdk-17.0.15.6-hotspot\bin\verify.dll
0x00007fff98930000 - 0x00007fff98957000 	C:\Users\karth\.gradle\native\68d5fa5c4cc2d200863cafc0d521ce42e7d3e7ee720ec0a83991735586a16f82\windows-amd64\native-platform.dll
0x00007fff7c440000 - 0x00007fff7c584000 	C:\Users\karth\.gradle\native\e376f236ea51e6404a007f0833ffe2c6e607c4080706a723a18a27aeea778392\windows-amd64\native-platform-file-events.dll
0x00007fffa0910000 - 0x00007fffa091a000 	C:\Program Files\Eclipse Adoptium\jdk-17.0.15.6-hotspot\bin\management.dll
0x00007fffa0830000 - 0x00007fffa083b000 	C:\Program Files\Eclipse Adoptium\jdk-17.0.15.6-hotspot\bin\management_ext.dll
0x00007fffc3580000 - 0x00007fffc3588000 	C:\WINDOWS\System32\PSAPI.DLL
0x00007fffbfde0000 - 0x00007fffbfdfc000 	C:\WINDOWS\SYSTEM32\CRYPTSP.dll
0x00007fffbf530000 - 0x00007fffbf56a000 	C:\WINDOWS\system32\rsaenh.dll
0x00007fffbfbe0000 - 0x00007fffbfc0b000 	C:\WINDOWS\SYSTEM32\USERENV.dll
0x00007fffc06f0000 - 0x00007fffc0716000 	C:\WINDOWS\SYSTEM32\bcrypt.dll
0x00007fffbfe00000 - 0x00007fffbfe0c000 	C:\WINDOWS\SYSTEM32\CRYPTBASE.dll
0x00007fffbf070000 - 0x00007fffbf0a3000 	C:\WINDOWS\SYSTEM32\IPHLPAPI.DLL
0x00007fffc2740000 - 0x00007fffc274a000 	C:\WINDOWS\System32\NSI.dll
0x00007fffb72a0000 - 0x00007fffb72bf000 	C:\WINDOWS\SYSTEM32\dhcpcsvc6.DLL
0x00007fffb7030000 - 0x00007fffb7055000 	C:\WINDOWS\SYSTEM32\dhcpcsvc.DLL
0x00007fffbf140000 - 0x00007fffbf267000 	C:\WINDOWS\SYSTEM32\DNSAPI.dll
0x00007fff9c160000 - 0x00007fff9c169000 	C:\Program Files\Eclipse Adoptium\jdk-17.0.15.6-hotspot\bin\extnet.dll
0x00007fff9bf40000 - 0x00007fff9bf4e000 	C:\Program Files\Eclipse Adoptium\jdk-17.0.15.6-hotspot\bin\sunmscapi.dll
0x00007fffc10b0000 - 0x00007fffc1227000 	C:\WINDOWS\System32\CRYPT32.dll
0x00007fffbfff0000 - 0x00007fffc0020000 	C:\WINDOWS\SYSTEM32\ncrypt.dll
0x00007fffbffa0000 - 0x00007fffbffdf000 	C:\WINDOWS\SYSTEM32\NTASN1.dll
0x00007fffa3df0000 - 0x00007fffa3df8000 	C:\WINDOWS\system32\wshunix.dll

dbghelp: loaded successfully - version: 4.0.5 - missing functions: none
symbol engine: initialized successfully - sym options: 0x614 - pdb path: .;C:\Program Files\Eclipse Adoptium\jdk-17.0.15.6-hotspot\bin;C:\WINDOWS\SYSTEM32;C:\ProgramData\Symantec\Symantec Endpoint Protection\14.3.9205.6000.105\Data\Sysfer\x64;C:\WINDOWS\WinSxS\amd64_microsoft.windows.common-controls_6595b64144ccf1df_6.0.26100.3912_none_3e07963ce335137e;C:\Program Files\Eclipse Adoptium\jdk-17.0.15.6-hotspot\bin\server;C:\Users\karth\.gradle\native\68d5fa5c4cc2d200863cafc0d521ce42e7d3e7ee720ec0a83991735586a16f82\windows-amd64;C:\Users\karth\.gradle\native\e376f236ea51e6404a007f0833ffe2c6e607c4080706a723a18a27aeea778392\windows-amd64

VM Arguments:
jvm_args: -XX:MaxMetaspaceSize=512m --add-opens=java.base/java.util=ALL-UNNAMED --add-opens=java.base/java.lang=ALL-UNNAMED --add-opens=java.base/java.lang.invoke=ALL-UNNAMED --add-opens=java.prefs/java.util.prefs=ALL-UNNAMED --add-opens=java.base/java.nio.charset=ALL-UNNAMED --add-opens=java.base/java.net=ALL-UNNAMED --add-opens=java.base/java.util.concurrent.atomic=ALL-UNNAMED -Xmx2048m -Dfile.encoding=UTF-8 -Duser.country=CA -Duser.language=en -Duser.variant 
java_command: org.gradle.launcher.daemon.bootstrap.GradleDaemon 8.0.1
java_class_path (initial): C:\Users\karth\.gradle\wrapper\dists\gradle-8.0.1-all\aro4hu1c3oeioove7l0i4i14o\gradle-8.0.1\lib\gradle-launcher-8.0.1.jar
Launcher Type: SUN_STANDARD

[Global flags]
     intx CICompilerCount                          = 12                                        {product} {ergonomic}
   size_t CompressedClassSpaceSize                 = 436207616                                 {product} {ergonomic}
     uint ConcGCThreads                            = 3                                         {product} {ergonomic}
     uint G1ConcRefinementThreads                  = 13                                        {product} {ergonomic}
   size_t G1HeapRegionSize                         = 1048576                                   {product} {ergonomic}
    uintx GCDrainStackTargetSize                   = 64                                        {product} {ergonomic}
   size_t InitialHeapSize                          = 264241152                                 {product} {ergonomic}
   size_t MarkStackSize                            = 4194304                                   {product} {ergonomic}
   size_t MaxHeapSize                              = 2147483648                                {product} {command line}
   size_t MaxMetaspaceSize                         = 536870912                                 {product} {command line}
   size_t MaxNewSize                               = 1287651328                                {product} {ergonomic}
   size_t MinHeapDeltaBytes                        = 1048576                                   {product} {ergonomic}
   size_t MinHeapSize                              = 8388608                                   {product} {ergonomic}
    uintx NonNMethodCodeHeapSize                   = 7602480                                {pd product} {ergonomic}
    uintx NonProfiledCodeHeapSize                  = 122027880                              {pd product} {ergonomic}
    uintx ProfiledCodeHeapSize                     = 122027880                              {pd product} {ergonomic}
    uintx ReservedCodeCacheSize                    = 251658240                              {pd product} {ergonomic}
     bool SegmentedCodeCache                       = true                                      {product} {ergonomic}
   size_t SoftMaxHeapSize                          = 2147483648                             {manageable} {ergonomic}
     bool UseCompressedClassPointers               = true                           {product lp64_product} {ergonomic}
     bool UseCompressedOops                        = true                           {product lp64_product} {ergonomic}
     bool UseG1GC                                  = true                                      {product} {ergonomic}
     bool UseLargePagesIndividualAllocation        = false                                  {pd product} {ergonomic}

Logging:
Log output configuration:
 #0: stdout all=warning uptime,level,tags
 #1: stderr all=off uptime,level,tags

Environment Variables:
JAVA_HOME=C:\Program Files\Java\jdk-23
CLASSPATH=C:\Users\karth\CascadeProjects\MobileAppAndroid\android\\gradle\wrapper\gradle-wrapper.jar
PATH=C:\Users\karth\CascadeProjects\MobileAppAndroid\node_modules\.bin;C:\Users\karth\CascadeProjects\MobileAppAndroid\node_modules\.bin;C:\Users\karth\CascadeProjects\node_modules\.bin;C:\Users\karth\node_modules\.bin;C:\Users\node_modules\.bin;C:\node_modules\.bin;C:\Program Files\nodejs\node_modules\npm\node_modules\@npmcli\run-script\lib\node-gyp-bin;C:\Users\karth\CascadeProjects\MobileAppAndroid\node_modules\.bin;C:\Users\karth\CascadeProjects\MobileAppAndroid\node_modules\.bin;C:\Users\karth\CascadeProjects\node_modules\.bin;C:\Users\karth\node_modules\.bin;C:\Users\node_modules\.bin;C:\node_modules\.bin;C:\Program Files\nodejs\node_modules\npm\node_modules\@npmcli\run-script\lib\node-gyp-bin;C:\Program Files\Eclipse Adoptium\jdk-17.0.15.6-hotspot\bin;C:\Program Files\Common Files\Oracle\Java\javapath;C:\WINDOWS\system32;C:\WINDOWS;C:\WINDOWS\System32\Wbem;C:\WINDOWS\System32\WindowsPowerShell\v1.0\;C:\WINDOWS\System32\OpenSSH\;C:\Program Files\nodejs\;C:\Program Files (x86)\nikto\program;C:\Program Files (x86)\curl;D:\GoWorkspace\bin;C:\Program Files\Go\bin;C:\Program Files\Git\cmd;C:\Users\karth\AppData\Local\Android\Sdk;C:\Users\karth\AppData\Local\Android\Sdk\platform-tools;C:\Program Files\Eclipse Adoptium\jdk-17.0.15.6-hotspot\bin;C:\Program Files\Common Files\Oracle\Java\javapath;C:\WINDOWS\system32;C:\WINDOWS;C:\WINDOWS\System32\Wbem;C:\WINDOWS\System32\WindowsPowerShell\v1.0\;C:\WINDOWS\System32\OpenSSH\;C:\Program Files\nodejs\;C:\Program Files\Git\cmd;C:\Users\karth\AppData\Local\Microsoft\WindowsApps;C:\Users\karth\AppData\Local\Programs\Microsoft VS Code\bin;C:\Users\karth\AppData\Roaming\npm;C:\Users\karth\go\bin;C:\Users\karth\AppData\Local\Programs\Windsurf\bin
USERNAME=karth
OS=Windows_NT
PROCESSOR_IDENTIFIER=Intel64 Family 6 Model 154 Stepping 3, GenuineIntel
TMP=C:\Users\karth\AppData\Local\Temp
TEMP=C:\Users\karth\AppData\Local\Temp



Periodic native trim disabled


---------------  S Y S T E M  ---------------

OS:
 Windows 11 , 64 bit Build 26100 (10.0.26100.3912)
OS uptime: 10 days 15:58 hours
Hyper-V role detected

CPU: total 16 (initial active 16) (8 cores per cpu, 2 threads per core) family 6 model 154 stepping 3 microcode 0x416, cx8, cmov, fxsr, ht, mmx, 3dnowpref, sse, sse2, sse3, ssse3, sse4.1, sse4.2, popcnt, lzcnt, tsc, tscinvbit, avx, avx2, aes, erms, clmul, bmi1, bmi2, adx, sha, fma, vzeroupper, clflush, clflushopt, clwb, hv
Processor Information for processor 0
  Max Mhz: 2100, Current Mhz: 2100, Mhz Limit: 2100
Processor Information for processor 1
  Max Mhz: 2100, Current Mhz: 2100, Mhz Limit: 2100
Processor Information for processor 2
  Max Mhz: 2100, Current Mhz: 2100, Mhz Limit: 2100
Processor Information for processor 3
  Max Mhz: 2100, Current Mhz: 2100, Mhz Limit: 2100
Processor Information for processor 4
  Max Mhz: 2100, Current Mhz: 2100, Mhz Limit: 2100
Processor Information for processor 5
  Max Mhz: 2100, Current Mhz: 2100, Mhz Limit: 2100
Processor Information for processor 6
  Max Mhz: 2100, Current Mhz: 2100, Mhz Limit: 2100
Processor Information for processor 7
  Max Mhz: 2100, Current Mhz: 2100, Mhz Limit: 2100
Processor Information for processor 8
  Max Mhz: 2100, Current Mhz: 1500, Mhz Limit: 1491
Processor Information for processor 9
  Max Mhz: 2100, Current Mhz: 1500, Mhz Limit: 1491
Processor Information for processor 10
  Max Mhz: 2100, Current Mhz: 1500, Mhz Limit: 1491
Processor Information for processor 11
  Max Mhz: 2100, Current Mhz: 1500, Mhz Limit: 1491
Processor Information for processor 12
  Max Mhz: 2100, Current Mhz: 1500, Mhz Limit: 1491
Processor Information for processor 13
  Max Mhz: 2100, Current Mhz: 1500, Mhz Limit: 1491
Processor Information for processor 14
  Max Mhz: 2100, Current Mhz: 1500, Mhz Limit: 1491
Processor Information for processor 15
  Max Mhz: 2100, Current Mhz: 1500, Mhz Limit: 1491

Memory: 4k page, system-wide physical 16088M (4M free)
TotalPageFile size 64210M (AvailPageFile size 18M)
current process WorkingSet (physical memory assigned to process): 5M, peak: 251M
current process commit charge ("private bytes"): 343M, peak: 427M

vm_info: OpenJDK 64-Bit Server VM (17.0.15+6) for windows-amd64 JRE (17.0.15+6), built on Apr 15 2025 21:25:47 by "admin" with MS VC++ 17.7 (VS2022)

END.
