#
# There is insufficient memory for the Java Runtime Environment to continue.
# Native memory allocation (mmap) failed to map 85983232 bytes. Error detail: G1 virtual space
# Possible reasons:
#   The system is out of physical RAM or swap space
#   This process is running with CompressedOops enabled, and the Java Heap may be blocking the growth of the native heap
# Possible solutions:
#   Reduce memory load on the system
#   Increase physical memory or swap space
#   Check if swap backing store is full
#   Decrease Java heap size (-Xmx/-Xms)
#   Decrease number of Java threads
#   Decrease Java thread stack sizes (-Xss)
#   Set larger code cache with -XX:ReservedCodeCacheSize=
#   JVM is running with Unscaled Compressed Oops mode in which the Java heap is
#     placed in the first 4GB address space. The Java Heap base address is the
#     maximum limit for the native heap growth. Please use -XX:HeapBaseMinAddress
#     to set the Java Heap base and to place the Java Heap above 4GB virtual address.
# This output file may be truncated or incomplete.
#
#  Out of Memory Error (os_windows.cpp:3618), pid=31468, tid=66740
#
# JRE version: OpenJDK Runtime Environment Temurin-17.0.15+6 (17.0.15+6) (build 17.0.15+6)
# Java VM: OpenJDK 64-Bit Server VM Temurin-17.0.15+6 (17.0.15+6, mixed mode, sharing, tiered, compressed oops, compressed class ptrs, g1 gc, windows-amd64)
# No core dump will be written. Minidumps are not enabled by default on client versions of Windows
#

---------------  S U M M A R Y ------------

Command Line: -XX:MaxMetaspaceSize=512m --add-opens=java.base/java.util=ALL-UNNAMED --add-opens=java.base/java.lang=ALL-UNNAMED --add-opens=java.base/java.lang.invoke=ALL-UNNAMED --add-opens=java.prefs/java.util.prefs=ALL-UNNAMED --add-opens=java.base/java.nio.charset=ALL-UNNAMED --add-opens=java.base/java.net=ALL-UNNAMED --add-opens=java.base/java.util.concurrent.atomic=ALL-UNNAMED -Xmx2048m -Dfile.encoding=UTF-8 -Duser.country=CA -Duser.language=en -Duser.variant org.gradle.launcher.daemon.bootstrap.GradleDaemon 8.0.1

Host: 12th Gen Intel(R) Core(TM) i7-1260P, 16 cores, 15G,  Windows 11 , 64 bit Build 26100 (10.0.26100.3912)
Time: Mon May 26 02:11:50 2025 Eastern Daylight Time elapsed time: 8677.826925 seconds (0d 2h 24m 37s)

---------------  T H R E A D  ---------------

Current thread (0x000001e635165410):  VMThread "VM Thread" [stack: 0x000000df5fe00000,0x000000df5ff00000] [id=66740]

Stack: [0x000000df5fe00000,0x000000df5ff00000]
Native frames: (J=compiled Java code, j=interpreted, Vv=VM code, C=native code)
V  [jvm.dll+0x682fc9]
V  [jvm.dll+0x839878]
V  [jvm.dll+0x83b323]
V  [jvm.dll+0x83b993]
V  [jvm.dll+0x24725f]
V  [jvm.dll+0x67fda9]
V  [jvm.dll+0x674c9a]
V  [jvm.dll+0x304d06]
V  [jvm.dll+0x30c1c6]
V  [jvm.dll+0x35dd4e]
V  [jvm.dll+0x35df8d]
V  [jvm.dll+0x2dc0cc]
V  [jvm.dll+0x2da46f]
V  [jvm.dll+0x2d9bdc]
V  [jvm.dll+0x31d3bb]
V  [jvm.dll+0x8401cd]
V  [jvm.dll+0x840f03]
V  [jvm.dll+0x84142f]
V  [jvm.dll+0x841814]
V  [jvm.dll+0x8418de]
V  [jvm.dll+0x7e94dc]
V  [jvm.dll+0x681ea7]
C  [ucrtbase.dll+0x37b0]
C  [KERNEL32.DLL+0x2e8d7]
C  [ntdll.dll+0x9c5dc]

VM_Operation (0x000000df5f5fda10): G1CollectForAllocation, mode: safepoint, requested by thread 0x000001e656d6cc10


---------------  P R O C E S S  ---------------

Threads class SMR info:
_java_thread_list=0x000001e6588c9a50, length=80, elements={
0x000001e6163526e0, 0x000001e635170ba0, 0x000001e635171670, 0x000001e6351822f0,
0x000001e635184bd0, 0x000001e6351854a0, 0x000001e635185d70, 0x000001e635186970,
0x000001e635189290, 0x000001e635473ee0, 0x000001e635564c30, 0x000001e63556f780,
0x000001e656d6cc10, 0x000001e656083800, 0x000001e65596e4a0, 0x000001e6560d8fb0,
0x000001e6560d9490, 0x000001e65570a180, 0x000001e65570b5c0, 0x000001e655707e10,
0x000001e655709250, 0x000001e655709760, 0x000001e65570a690, 0x000001e655709c70,
0x000001e655708d40, 0x000001e65570b0b0, 0x000001e655fea330, 0x000001e655fe84d0,
0x000001e655fe7ab0, 0x000001e655fe7fc0, 0x000001e655fe9910, 0x000001e655fe6b80,
0x000001e655fe75a0, 0x000001e655fe89e0, 0x000001e655fe9400, 0x000001e655fe9e20,
0x000001e65570aba0, 0x000001e655708320, 0x000001e6570d03e0, 0x000001e6570d1310,
0x000001e6570d1820, 0x000001e6570ce070, 0x000001e6570cefa0, 0x000001e6570d0e00,
0x000001e6570d08f0, 0x000001e6570d1d30, 0x000001e6570ce580, 0x000001e6570cf4b0,
0x000001e6570d2240, 0x000001e6570cea90, 0x000001e6570d2750, 0x000001e6570cf9c0,
0x000001e6570d3170, 0x000001e6570d2c60, 0x000001e6570d3680, 0x000001e6570cfed0,
0x000001e6570d3b90, 0x000001e6570d4fd0, 0x000001e6570d40a0, 0x000001e6570d54e0,
0x000001e6570d45b0, 0x000001e6570d4ac0, 0x000001e6570d59f0, 0x000001e656f4bee0,
0x000001e656f4a080, 0x000001e656f4b9d0, 0x000001e656f4c900, 0x000001e656f4a590,
0x000001e656f4ce10, 0x000001e656f4aaa0, 0x000001e656f4c3f0, 0x000001e656f4afb0,
0x000001e656f4d830, 0x000001e656f4d320, 0x000001e656f4b4c0, 0x000001e657b307f0,
0x000001e657b31720, 0x000001e657b32140, 0x000001e657b30d00, 0x000001e657b32650
}

Java Threads: ( => current thread )
  0x000001e6163526e0 JavaThread "main" [_thread_blocked, id=44772, stack(0x000000df5f800000,0x000000df5f900000)]
  0x000001e635170ba0 JavaThread "Reference Handler" daemon [_thread_blocked, id=66764, stack(0x000000df5ff00000,0x000000df60000000)]
  0x000001e635171670 JavaThread "Finalizer" daemon [_thread_blocked, id=66780, stack(0x000000df60000000,0x000000df60100000)]
  0x000001e6351822f0 JavaThread "Signal Dispatcher" daemon [_thread_blocked, id=66884, stack(0x000000df60100000,0x000000df60200000)]
  0x000001e635184bd0 JavaThread "Attach Listener" daemon [_thread_blocked, id=66888, stack(0x000000df60200000,0x000000df60300000)]
  0x000001e6351854a0 JavaThread "Service Thread" daemon [_thread_blocked, id=66892, stack(0x000000df60300000,0x000000df60400000)]
  0x000001e635185d70 JavaThread "Monitor Deflation Thread" daemon [_thread_blocked, id=66896, stack(0x000000df60400000,0x000000df60500000)]
  0x000001e635186970 JavaThread "C2 CompilerThread0" daemon [_thread_blocked, id=66900, stack(0x000000df60500000,0x000000df60600000)]
  0x000001e635189290 JavaThread "C1 CompilerThread0" daemon [_thread_blocked, id=66904, stack(0x000000df60600000,0x000000df60700000)]
  0x000001e635473ee0 JavaThread "Sweeper thread" daemon [_thread_blocked, id=66908, stack(0x000000df60700000,0x000000df60800000)]
  0x000001e635564c30 JavaThread "Common-Cleaner" daemon [_thread_blocked, id=67540, stack(0x000000df60800000,0x000000df60900000)]
  0x000001e63556f780 JavaThread "Notification Thread" daemon [_thread_blocked, id=67556, stack(0x000000df60900000,0x000000df60a00000)]
  0x000001e656d6cc10 JavaThread "Daemon health stats" [_thread_blocked, id=62492, stack(0x000000df5f500000,0x000000df5f600000)]
  0x000001e656083800 JavaThread "Incoming local TCP Connector on port 33525" [_thread_in_native, id=66772, stack(0x000000df5f600000,0x000000df5f700000)]
  0x000001e65596e4a0 JavaThread "Daemon periodic checks" [_thread_blocked, id=58016, stack(0x000000df5f700000,0x000000df5f800000)]
  0x000001e6560d8fb0 JavaThread "Daemon" [_thread_blocked, id=44740, stack(0x000000df61000000,0x000000df61100000)]
  0x000001e6560d9490 JavaThread "Handler for socket connection from /127.0.0.1:33525 to /127.0.0.1:33559" [_thread_in_native, id=14364, stack(0x000000df61100000,0x000000df61200000)]
  0x000001e65570a180 JavaThread "Cancel handler" [_thread_blocked, id=36596, stack(0x000000df61200000,0x000000df61300000)]
  0x000001e65570b5c0 JavaThread "Daemon worker" [_thread_blocked, id=57168, stack(0x000000df61a00000,0x000000df61b00000)]
  0x000001e655707e10 JavaThread "Asynchronous log dispatcher for DefaultDaemonConnection: socket connection from /127.0.0.1:33525 to /127.0.0.1:33559" [_thread_blocked, id=38352, stack(0x000000df61b00000,0x000000df61c00000)]
  0x000001e655709250 JavaThread "Daemon client event forwarder" [_thread_blocked, id=68120, stack(0x000000df61d00000,0x000000df61e00000)]
  0x000001e655709760 JavaThread "Cache worker for journal cache (C:\Users\karth\.gradle\caches\journal-1)" [_thread_blocked, id=66792, stack(0x000000df62000000,0x000000df62100000)]
  0x000001e65570a690 JavaThread "File lock request listener" [_thread_in_native, id=9540, stack(0x000000df62100000,0x000000df62200000)]
  0x000001e655709c70 JavaThread "Cache worker for file hash cache (C:\Users\karth\.gradle\caches\8.0.1\fileHashes)" [_thread_blocked, id=32848, stack(0x000000df62300000,0x000000df62400000)]
  0x000001e655708d40 JavaThread "File watcher server" daemon [_thread_in_native, id=57840, stack(0x000000df62400000,0x000000df62500000)]
  0x000001e65570b0b0 JavaThread "File watcher consumer" daemon [_thread_blocked, id=5936, stack(0x000000df62500000,0x000000df62600000)]
  0x000001e655fea330 JavaThread "Cache worker for checksums cache (C:\Users\karth\CascadeProjects\MobileAppAndroid\android\.gradle\8.0.1\checksums)" [_thread_blocked, id=56480, stack(0x000000df62600000,0x000000df62700000)]
  0x000001e655fe84d0 JavaThread "Cache worker for cache directory md-rule (C:\Users\karth\.gradle\caches\8.0.1\md-rule)" [_thread_blocked, id=53276, stack(0x000000df62700000,0x000000df62800000)]
  0x000001e655fe7ab0 JavaThread "Cache worker for file content cache (C:\Users\karth\.gradle\caches\8.0.1\fileContent)" [_thread_blocked, id=58948, stack(0x000000df61c00000,0x000000df61d00000)]
  0x000001e655fe7fc0 JavaThread "Cache worker for file hash cache (C:\Users\karth\CascadeProjects\MobileAppAndroid\android\.gradle\8.0.1\fileHashes)" [_thread_blocked, id=46320, stack(0x000000df62a00000,0x000000df62b00000)]
  0x000001e655fe9910 JavaThread "Cache worker for cache directory md-supplier (C:\Users\karth\.gradle\caches\8.0.1\md-supplier)" [_thread_blocked, id=23068, stack(0x000000df62b00000,0x000000df62c00000)]
  0x000001e655fe6b80 JavaThread "Cache worker for execution history cache (C:\Users\karth\.gradle\caches\8.0.1\executionHistory)" [_thread_blocked, id=6584, stack(0x000000df62c00000,0x000000df62d00000)]
  0x000001e655fe75a0 JavaThread "jar transforms" [_thread_blocked, id=68376, stack(0x000000df61e00000,0x000000df61f00000)]
  0x000001e655fe89e0 JavaThread "jar transforms Thread 2" [_thread_blocked, id=43148, stack(0x000000df62d00000,0x000000df62e00000)]
  0x000001e655fe9400 JavaThread "jar transforms Thread 3" [_thread_blocked, id=50976, stack(0x000000df62e00000,0x000000df62f00000)]
  0x000001e655fe9e20 JavaThread "jar transforms Thread 4" [_thread_blocked, id=24568, stack(0x000000df62f00000,0x000000df63000000)]
  0x000001e65570aba0 JavaThread "Cache worker for kotlin-dsl (C:\Users\karth\.gradle\caches\8.0.1\kotlin-dsl)" [_thread_blocked, id=52600, stack(0x000000df61f00000,0x000000df62000000)]
  0x000001e655708320 JavaThread "File lock release action executor Thread 2" [_thread_blocked, id=9836, stack(0x000000df62200000,0x000000df62300000)]
  0x000001e6570d03e0 JavaThread "jar transforms Thread 5" [_thread_blocked, id=44056, stack(0x000000df63100000,0x000000df63200000)]
  0x000001e6570d1310 JavaThread "jar transforms Thread 6" [_thread_blocked, id=54072, stack(0x000000df63200000,0x000000df63300000)]
  0x000001e6570d1820 JavaThread "Cache worker for dependencies-accessors (C:\Users\karth\CascadeProjects\MobileAppAndroid\android\.gradle\8.0.1\dependencies-accessors)" [_thread_blocked, id=48568, stack(0x000000df63400000,0x000000df63500000)]
  0x000001e6570ce070 JavaThread "Cache worker for Build Output Cleanup Cache (C:\Users\karth\CascadeProjects\MobileAppAndroid\node_modules\@react-native\gradle-plugin\.gradle\buildOutputCleanup)" [_thread_blocked, id=42604, stack(0x000000df63300000,0x000000df63400000)]
  0x000001e6570cefa0 JavaThread "jar transforms Thread 7" [_thread_blocked, id=68144, stack(0x000000df63500000,0x000000df63600000)]
  0x000001e6570d0e00 JavaThread "Unconstrained build operations" [_thread_blocked, id=19620, stack(0x000000df63600000,0x000000df63700000)]
  0x000001e6570d08f0 JavaThread "Unconstrained build operations Thread 2" [_thread_blocked, id=20136, stack(0x000000df63700000,0x000000df63800000)]
  0x000001e6570d1d30 JavaThread "Unconstrained build operations Thread 3" [_thread_blocked, id=34784, stack(0x000000df63800000,0x000000df63900000)]
  0x000001e6570ce580 JavaThread "Unconstrained build operations Thread 4" [_thread_blocked, id=20564, stack(0x000000df63900000,0x000000df63a00000)]
  0x000001e6570cf4b0 JavaThread "Unconstrained build operations Thread 5" [_thread_blocked, id=48452, stack(0x000000df63a00000,0x000000df63b00000)]
  0x000001e6570d2240 JavaThread "Unconstrained build operations Thread 6" [_thread_blocked, id=51044, stack(0x000000df63b00000,0x000000df63c00000)]
  0x000001e6570cea90 JavaThread "Unconstrained build operations Thread 7" [_thread_blocked, id=68568, stack(0x000000df63c00000,0x000000df63d00000)]
  0x000001e6570d2750 JavaThread "Unconstrained build operations Thread 8" [_thread_blocked, id=16156, stack(0x000000df63d00000,0x000000df63e00000)]
  0x000001e6570cf9c0 JavaThread "Unconstrained build operations Thread 9" [_thread_blocked, id=46440, stack(0x000000df63e00000,0x000000df63f00000)]
  0x000001e6570d3170 JavaThread "Unconstrained build operations Thread 10" [_thread_blocked, id=60752, stack(0x000000df63f00000,0x000000df64000000)]
  0x000001e6570d2c60 JavaThread "Unconstrained build operations Thread 11" [_thread_blocked, id=14284, stack(0x000000df64000000,0x000000df64100000)]
  0x000001e6570d3680 JavaThread "Unconstrained build operations Thread 12" [_thread_blocked, id=50252, stack(0x000000df64100000,0x000000df64200000)]
  0x000001e6570cfed0 JavaThread "Unconstrained build operations Thread 13" [_thread_blocked, id=64948, stack(0x000000df64200000,0x000000df64300000)]
  0x000001e6570d3b90 JavaThread "Unconstrained build operations Thread 14" [_thread_blocked, id=64688, stack(0x000000df64300000,0x000000df64400000)]
  0x000001e6570d4fd0 JavaThread "Unconstrained build operations Thread 15" [_thread_blocked, id=12872, stack(0x000000df64400000,0x000000df64500000)]
  0x000001e6570d40a0 JavaThread "Unconstrained build operations Thread 16" [_thread_blocked, id=17068, stack(0x000000df64500000,0x000000df64600000)]
  0x000001e6570d54e0 JavaThread "Unconstrained build operations Thread 17" [_thread_blocked, id=47688, stack(0x000000df64600000,0x000000df64700000)]
  0x000001e6570d45b0 JavaThread "Unconstrained build operations Thread 18" [_thread_blocked, id=63792, stack(0x000000df64700000,0x000000df64800000)]
  0x000001e6570d4ac0 JavaThread "Unconstrained build operations Thread 19" [_thread_blocked, id=52152, stack(0x000000df64800000,0x000000df64900000)]
  0x000001e6570d59f0 JavaThread "Unconstrained build operations Thread 20" [_thread_blocked, id=64640, stack(0x000000df64900000,0x000000df64a00000)]
  0x000001e656f4bee0 JavaThread "Unconstrained build operations Thread 21" [_thread_blocked, id=19772, stack(0x000000df64a00000,0x000000df64b00000)]
  0x000001e656f4a080 JavaThread "Unconstrained build operations Thread 22" [_thread_blocked, id=42800, stack(0x000000df64b00000,0x000000df64c00000)]
  0x000001e656f4b9d0 JavaThread "Unconstrained build operations Thread 23" [_thread_blocked, id=12388, stack(0x000000df64c00000,0x000000df64d00000)]
  0x000001e656f4c900 JavaThread "Unconstrained build operations Thread 24" [_thread_blocked, id=41388, stack(0x000000df64d00000,0x000000df64e00000)]
  0x000001e656f4a590 JavaThread "Unconstrained build operations Thread 25" [_thread_blocked, id=56560, stack(0x000000df64e00000,0x000000df64f00000)]
  0x000001e656f4ce10 JavaThread "Unconstrained build operations Thread 26" [_thread_blocked, id=63464, stack(0x000000df64f00000,0x000000df65000000)]
  0x000001e656f4aaa0 JavaThread "jar transforms Thread 8" [_thread_blocked, id=43028, stack(0x000000df65000000,0x000000df65100000)]
  0x000001e656f4c3f0 JavaThread "jar transforms Thread 9" [_thread_blocked, id=40344, stack(0x000000df65100000,0x000000df65200000)]
  0x000001e656f4afb0 JavaThread "jar transforms Thread 10" [_thread_blocked, id=49960, stack(0x000000df65200000,0x000000df65300000)]
  0x000001e656f4d830 JavaThread "jar transforms Thread 11" [_thread_blocked, id=12868, stack(0x000000df65300000,0x000000df65400000)]
  0x000001e656f4d320 JavaThread "jar transforms Thread 12" [_thread_blocked, id=61428, stack(0x000000df65400000,0x000000df65500000)]
  0x000001e656f4b4c0 JavaThread "jar transforms Thread 13" [_thread_blocked, id=65248, stack(0x000000df65500000,0x000000df65600000)]
  0x000001e657b307f0 JavaThread "jar transforms Thread 14" [_thread_blocked, id=43656, stack(0x000000df65600000,0x000000df65700000)]
  0x000001e657b31720 JavaThread "jar transforms Thread 15" [_thread_blocked, id=67668, stack(0x000000df65700000,0x000000df65800000)]
  0x000001e657b32140 JavaThread "jar transforms Thread 16" [_thread_blocked, id=612, stack(0x000000df65800000,0x000000df65900000)]
  0x000001e657b30d00 JavaThread "Memory manager" [_thread_blocked, id=18612, stack(0x000000df65a00000,0x000000df65b00000)]
  0x000001e657b32650 JavaThread "Cache worker for Build Output Cleanup Cache (C:\Users\karth\CascadeProjects\MobileAppAndroid\android\.gradle\buildOutputCleanup)" [_thread_blocked, id=18404, stack(0x000000df63000000,0x000000df63100000)]

Other Threads:
=>0x000001e635165410 VMThread "VM Thread" [stack: 0x000000df5fe00000,0x000000df5ff00000] [id=66740]
  0x000001e63556fc60 WatcherThread [stack: 0x000000df60a00000,0x000000df60b00000] [id=67564]
  0x000001e6163aef90 GCTaskThread "GC Thread#0" [stack: 0x000000df5f900000,0x000000df5fa00000] [id=64928]
  0x000001e655880c10 GCTaskThread "GC Thread#1" [stack: 0x000000df60b00000,0x000000df60c00000] [id=53888]
  0x000001e655880ed0 GCTaskThread "GC Thread#2" [stack: 0x000000df60c00000,0x000000df60d00000] [id=56832]
  0x000001e655881190 GCTaskThread "GC Thread#3" [stack: 0x000000df60d00000,0x000000df60e00000] [id=22368]
  0x000001e655056be0 GCTaskThread "GC Thread#4" [stack: 0x000000df60e00000,0x000000df60f00000] [id=58716]
  0x000001e655056ea0 GCTaskThread "GC Thread#5" [stack: 0x000000df60f00000,0x000000df61000000] [id=56640]
  0x000001e6558f00c0 GCTaskThread "GC Thread#6" [stack: 0x000000df61300000,0x000000df61400000] [id=49288]
  0x000001e63565d960 GCTaskThread "GC Thread#7" [stack: 0x000000df61400000,0x000000df61500000] [id=27960]
  0x000001e6557d4fe0 GCTaskThread "GC Thread#8" [stack: 0x000000df61500000,0x000000df61600000] [id=24564]
  0x000001e6557d65e0 GCTaskThread "GC Thread#9" [stack: 0x000000df61600000,0x000000df61700000] [id=53436]
  0x000001e6557d6b60 GCTaskThread "GC Thread#10" [stack: 0x000000df61700000,0x000000df61800000] [id=44800]
  0x000001e6557d52a0 GCTaskThread "GC Thread#11" [stack: 0x000000df61800000,0x000000df61900000] [id=44876]
  0x000001e6557d5ae0 GCTaskThread "GC Thread#12" [stack: 0x000000df61900000,0x000000df61a00000] [id=55224]
  0x000001e6163bfdf0 ConcurrentGCThread "G1 Main Marker" [stack: 0x000000df5fa00000,0x000000df5fb00000] [id=57272]
  0x000001e6163c0720 ConcurrentGCThread "G1 Conc#0" [stack: 0x000000df5fb00000,0x000000df5fc00000] [id=11904]
  0x000001e655acf220 ConcurrentGCThread "G1 Conc#1" [stack: 0x000000df62800000,0x000000df62900000] [id=62780]
  0x000001e655acef60 ConcurrentGCThread "G1 Conc#2" [stack: 0x000000df62900000,0x000000df62a00000] [id=52116]
  0x000001e635054530 ConcurrentGCThread "G1 Refine#0" [stack: 0x000000df5fc00000,0x000000df5fd00000] [id=61216]
  0x000001e635055c20 ConcurrentGCThread "G1 Service" [stack: 0x000000df5fd00000,0x000000df5fe00000] [id=38676]

Threads with active compile tasks:
C2 CompilerThread0  8679431 8458       4       java.util.concurrent.ThreadPoolExecutor$Worker::unlock (7 bytes)

VM state: at safepoint (normal execution)

VM Mutex/Monitor currently owned by a thread:  ([mutex/lock_event])
[0x000001e61403f5d0] Threads_lock - owner thread: 0x000001e635165410
[0x000001e61634dec0] Heap_lock - owner thread: 0x000001e656d6cc10

Heap address: 0x0000000080000000, size: 2048 MB, Compressed Oops mode: 32-bit

CDS archive(s) mapped at: [0x000001e636000000-0x000001e636bb0000-0x000001e636bb0000), size 12255232, SharedBaseAddress: 0x000001e636000000, ArchiveRelocationMode: 1.
Compressed class space mapped at: 0x000001e637000000-0x000001e651000000, reserved size: 436207616
Narrow klass base: 0x000001e636000000, Narrow klass shift: 0, Narrow klass range: 0x100000000

GC Precious Log:
 CPUs: 16 total, 16 available
 Memory: 16088M
 Large Page Support: Disabled
 NUMA Support: Disabled
 Compressed Oops: Enabled (32-bit)
 Heap Region Size: 1M
 Heap Min Capacity: 8M
 Heap Initial Capacity: 252M
 Heap Max Capacity: 2G
 Pre-touch: Disabled
 Parallel Workers: 13
 Concurrent Workers: 3
 Concurrent Refinement Workers: 13
 Periodic GC: Disabled

Heap:
 garbage-first heap   total 110592K, used 53039K [0x0000000080000000, 0x0000000100000000)
  region size 1024K, 1 young (1024K), 1 survivors (1024K)
 Metaspace       used 58644K, committed 59264K, reserved 491520K
  class space    used 8104K, committed 8384K, reserved 425984K

Heap Regions: E=young(eden), S=young(survivor), O=old, HS=humongous(starts), HC=humongous(continues), CS=collection set, F=free, OA=open archive, CA=closed archive, TAMS=top-at-mark-start (previous, next)
|   0|0x0000000080000000, 0x0000000080100000, 0x0000000080100000|100%|HS|  |TAMS 0x0000000080100000, 0x0000000080100000| Complete 
|   1|0x0000000080100000, 0x0000000080200000, 0x0000000080200000|100%|HC|  |TAMS 0x0000000080200000, 0x0000000080200000| Complete 
|   2|0x0000000080200000, 0x0000000080300000, 0x0000000080300000|100%|HC|  |TAMS 0x0000000080300000, 0x0000000080300000| Complete 
|   3|0x0000000080300000, 0x0000000080400000, 0x0000000080400000|100%|HC|  |TAMS 0x0000000080400000, 0x0000000080400000| Complete 
|   4|0x0000000080400000, 0x0000000080500000, 0x0000000080500000|100%| O|  |TAMS 0x0000000080500000, 0x0000000080500000| Untracked 
|   5|0x0000000080500000, 0x0000000080600000, 0x0000000080600000|100%| O|  |TAMS 0x0000000080600000, 0x0000000080600000| Untracked 
|   6|0x0000000080600000, 0x0000000080700000, 0x0000000080700000|100%| O|  |TAMS 0x0000000080700000, 0x0000000080700000| Untracked 
|   7|0x0000000080700000, 0x0000000080800000, 0x0000000080800000|100%| O|  |TAMS 0x0000000080800000, 0x0000000080800000| Untracked 
|   8|0x0000000080800000, 0x0000000080900000, 0x0000000080900000|100%| O|  |TAMS 0x0000000080900000, 0x0000000080900000| Untracked 
|   9|0x0000000080900000, 0x0000000080a00000, 0x0000000080a00000|100%| O|  |TAMS 0x0000000080a00000, 0x0000000080a00000| Untracked 
|  10|0x0000000080a00000, 0x0000000080b00000, 0x0000000080b00000|100%| O|  |TAMS 0x0000000080b00000, 0x0000000080b00000| Untracked 
|  11|0x0000000080b00000, 0x0000000080c00000, 0x0000000080c00000|100%| O|  |TAMS 0x0000000080c00000, 0x0000000080c00000| Untracked 
|  12|0x0000000080c00000, 0x0000000080d00000, 0x0000000080d00000|100%| O|  |TAMS 0x0000000080d00000, 0x0000000080d00000| Untracked 
|  13|0x0000000080d00000, 0x0000000080e00000, 0x0000000080e00000|100%| O|  |TAMS 0x0000000080e00000, 0x0000000080e00000| Untracked 
|  14|0x0000000080e00000, 0x0000000080f00000, 0x0000000080f00000|100%| O|  |TAMS 0x0000000080f00000, 0x0000000080f00000| Untracked 
|  15|0x0000000080f00000, 0x0000000081000000, 0x0000000081000000|100%| O|  |TAMS 0x0000000081000000, 0x0000000081000000| Untracked 
|  16|0x0000000081000000, 0x0000000081100000, 0x0000000081100000|100%| O|  |TAMS 0x0000000081100000, 0x0000000081100000| Untracked 
|  17|0x0000000081100000, 0x000000008110de00, 0x0000000081200000|  5%| O|  |TAMS 0x000000008110de00, 0x000000008110de00| Untracked 
|  18|0x0000000081200000, 0x0000000081300000, 0x0000000081300000|100%| O|  |TAMS 0x0000000081300000, 0x0000000081300000| Untracked 
|  19|0x0000000081300000, 0x0000000081400000, 0x0000000081400000|100%| O|  |TAMS 0x0000000081400000, 0x0000000081400000| Untracked 
|  20|0x0000000081400000, 0x0000000081500000, 0x0000000081500000|100%| O|  |TAMS 0x0000000081500000, 0x0000000081500000| Untracked 
|  21|0x0000000081500000, 0x0000000081600000, 0x0000000081600000|100%| O|  |TAMS 0x0000000081600000, 0x0000000081600000| Untracked 
|  22|0x0000000081600000, 0x0000000081700000, 0x0000000081700000|100%| O|  |TAMS 0x0000000081700000, 0x0000000081700000| Untracked 
|  23|0x0000000081700000, 0x0000000081800000, 0x0000000081800000|100%| O|  |TAMS 0x0000000081800000, 0x0000000081800000| Untracked 
|  24|0x0000000081800000, 0x0000000081900000, 0x0000000081900000|100%| O|  |TAMS 0x0000000081900000, 0x0000000081900000| Untracked 
|  25|0x0000000081900000, 0x0000000081a00000, 0x0000000081a00000|100%| O|  |TAMS 0x0000000081a00000, 0x0000000081a00000| Untracked 
|  26|0x0000000081a00000, 0x0000000081b00000, 0x0000000081b00000|100%| O|  |TAMS 0x0000000081b00000, 0x0000000081b00000| Untracked 
|  27|0x0000000081b00000, 0x0000000081c00000, 0x0000000081c00000|100%| O|  |TAMS 0x0000000081c00000, 0x0000000081c00000| Untracked 
|  28|0x0000000081c00000, 0x0000000081d00000, 0x0000000081d00000|100%| O|  |TAMS 0x0000000081d00000, 0x0000000081d00000| Untracked 
|  29|0x0000000081d00000, 0x0000000081e00000, 0x0000000081e00000|100%| O|  |TAMS 0x0000000081e00000, 0x0000000081e00000| Untracked 
|  30|0x0000000081e00000, 0x0000000081f00000, 0x0000000081f00000|100%| O|  |TAMS 0x0000000081f00000, 0x0000000081f00000| Untracked 
|  31|0x0000000081f00000, 0x0000000082000000, 0x0000000082000000|100%| O|  |TAMS 0x0000000082000000, 0x0000000082000000| Untracked 
|  32|0x0000000082000000, 0x0000000082100000, 0x0000000082100000|100%| O|  |TAMS 0x0000000082100000, 0x0000000082100000| Untracked 
|  33|0x0000000082100000, 0x0000000082200000, 0x0000000082200000|100%| O|  |TAMS 0x0000000082200000, 0x0000000082200000| Untracked 
|  34|0x0000000082200000, 0x0000000082300000, 0x0000000082300000|100%|HS|  |TAMS 0x0000000082300000, 0x0000000082300000| Complete 
|  35|0x0000000082300000, 0x0000000082400000, 0x0000000082400000|100%|HC|  |TAMS 0x0000000082400000, 0x0000000082400000| Complete 
|  36|0x0000000082400000, 0x0000000082500000, 0x0000000082500000|100%|HS|  |TAMS 0x0000000082500000, 0x0000000082500000| Complete 
|  37|0x0000000082500000, 0x0000000082600000, 0x0000000082600000|100%|HC|  |TAMS 0x0000000082600000, 0x0000000082600000| Complete 
|  38|0x0000000082600000, 0x0000000082700000, 0x0000000082700000|100%|HC|  |TAMS 0x0000000082700000, 0x0000000082700000| Complete 
|  39|0x0000000082700000, 0x0000000082800000, 0x0000000082800000|100%|HC|  |TAMS 0x0000000082800000, 0x0000000082800000| Complete 
|  40|0x0000000082800000, 0x0000000082900000, 0x0000000082900000|100%| O|  |TAMS 0x0000000082900000, 0x0000000082900000| Untracked 
|  41|0x0000000082900000, 0x0000000082a00000, 0x0000000082a00000|100%| O|  |TAMS 0x0000000082a00000, 0x0000000082a00000| Untracked 
|  42|0x0000000082a00000, 0x0000000082b00000, 0x0000000082b00000|100%| O|  |TAMS 0x0000000082b00000, 0x0000000082b00000| Untracked 
|  43|0x0000000082b00000, 0x0000000082c00000, 0x0000000082c00000|100%| O|  |TAMS 0x0000000082c00000, 0x0000000082c00000| Untracked 
|  44|0x0000000082c00000, 0x0000000082d00000, 0x0000000082d00000|100%| O|  |TAMS 0x0000000082d00000, 0x0000000082d00000| Untracked 
|  45|0x0000000082d00000, 0x0000000082e00000, 0x0000000082e00000|100%| O|  |TAMS 0x0000000082e00000, 0x0000000082e00000| Untracked 
|  46|0x0000000082e00000, 0x0000000082f00000, 0x0000000082f00000|100%| O|  |TAMS 0x0000000082f00000, 0x0000000082f00000| Untracked 
|  47|0x0000000082f00000, 0x0000000083000000, 0x0000000083000000|100%| O|  |TAMS 0x0000000083000000, 0x0000000083000000| Untracked 
|  48|0x0000000083000000, 0x0000000083100000, 0x0000000083100000|100%| O|  |TAMS 0x0000000083100000, 0x0000000083100000| Untracked 
|  49|0x0000000083100000, 0x0000000083200000, 0x0000000083200000|100%| O|  |TAMS 0x0000000083200000, 0x0000000083200000| Untracked 
|  50|0x0000000083200000, 0x0000000083300000, 0x0000000083300000|100%| O|  |TAMS 0x000000008329a000, 0x000000008329a000| Untracked 
|  51|0x0000000083300000, 0x0000000083400000, 0x0000000083400000|100%| O|  |TAMS 0x0000000083300000, 0x0000000083300000| Untracked 
|  52|0x0000000083400000, 0x0000000083474000, 0x0000000083500000| 45%| O|  |TAMS 0x0000000083400000, 0x0000000083400000| Untracked 
|  53|0x0000000083500000, 0x0000000083500000, 0x0000000083600000|  0%| F|  |TAMS 0x0000000083500000, 0x0000000083500000| Untracked 
|  54|0x0000000083600000, 0x0000000083600000, 0x0000000083700000|  0%| F|  |TAMS 0x0000000083600000, 0x0000000083600000| Untracked 
|  55|0x0000000083700000, 0x0000000083700000, 0x0000000083800000|  0%| F|  |TAMS 0x0000000083700000, 0x0000000083700000| Untracked 
|  56|0x0000000083800000, 0x0000000083800000, 0x0000000083900000|  0%| F|  |TAMS 0x0000000083800000, 0x0000000083800000| Untracked 
|  57|0x0000000083900000, 0x0000000083900000, 0x0000000083a00000|  0%| F|  |TAMS 0x0000000083900000, 0x0000000083900000| Untracked 
|  58|0x0000000083a00000, 0x0000000083a00000, 0x0000000083b00000|  0%| F|  |TAMS 0x0000000083a00000, 0x0000000083a00000| Untracked 
|  59|0x0000000083b00000, 0x0000000083b00000, 0x0000000083c00000|  0%| F|  |TAMS 0x0000000083b00000, 0x0000000083b00000| Untracked 
|  60|0x0000000083c00000, 0x0000000083c00000, 0x0000000083d00000|  0%| F|  |TAMS 0x0000000083c00000, 0x0000000083c00000| Untracked 
|  61|0x0000000083d00000, 0x0000000083d00000, 0x0000000083e00000|  0%| F|  |TAMS 0x0000000083d00000, 0x0000000083d00000| Untracked 
|  62|0x0000000083e00000, 0x0000000083e00000, 0x0000000083f00000|  0%| F|  |TAMS 0x0000000083e00000, 0x0000000083e00000| Untracked 
|  63|0x0000000083f00000, 0x0000000083f00000, 0x0000000084000000|  0%| F|  |TAMS 0x0000000083f00000, 0x0000000083f00000| Untracked 
|  64|0x0000000084000000, 0x0000000084000000, 0x0000000084100000|  0%| F|  |TAMS 0x0000000084000000, 0x0000000084000000| Untracked 
|  65|0x0000000084100000, 0x0000000084100000, 0x0000000084200000|  0%| F|  |TAMS 0x0000000084100000, 0x0000000084100000| Untracked 
|  66|0x0000000084200000, 0x0000000084200000, 0x0000000084300000|  0%| F|  |TAMS 0x0000000084200000, 0x0000000084200000| Untracked 
|  67|0x0000000084300000, 0x0000000084300000, 0x0000000084400000|  0%| F|  |TAMS 0x0000000084300000, 0x0000000084300000| Untracked 
|  68|0x0000000084400000, 0x0000000084400000, 0x0000000084500000|  0%| F|  |TAMS 0x0000000084400000, 0x0000000084400000| Untracked 
|  69|0x0000000084500000, 0x0000000084500000, 0x0000000084600000|  0%| F|  |TAMS 0x0000000084500000, 0x0000000084500000| Untracked 
|  70|0x0000000084600000, 0x0000000084600000, 0x0000000084700000|  0%| F|  |TAMS 0x0000000084600000, 0x0000000084600000| Untracked 
|  71|0x0000000084700000, 0x0000000084700000, 0x0000000084800000|  0%| F|  |TAMS 0x0000000084700000, 0x0000000084700000| Untracked 
|  72|0x0000000084800000, 0x0000000084800000, 0x0000000084900000|  0%| F|  |TAMS 0x0000000084800000, 0x0000000084800000| Untracked 
|  73|0x0000000084900000, 0x0000000084900000, 0x0000000084a00000|  0%| F|  |TAMS 0x0000000084900000, 0x0000000084900000| Untracked 
|  74|0x0000000084a00000, 0x0000000084a00000, 0x0000000084b00000|  0%| F|  |TAMS 0x0000000084a00000, 0x0000000084a00000| Untracked 
|  75|0x0000000084b00000, 0x0000000084b00000, 0x0000000084c00000|  0%| F|  |TAMS 0x0000000084b00000, 0x0000000084b00000| Untracked 
|  76|0x0000000084c00000, 0x0000000084c00000, 0x0000000084d00000|  0%| F|  |TAMS 0x0000000084c00000, 0x0000000084c00000| Untracked 
|  77|0x0000000084d00000, 0x0000000084d00000, 0x0000000084e00000|  0%| F|  |TAMS 0x0000000084d00000, 0x0000000084d00000| Untracked 
|  78|0x0000000084e00000, 0x0000000084e00000, 0x0000000084f00000|  0%| F|  |TAMS 0x0000000084e00000, 0x0000000084e00000| Untracked 
|  79|0x0000000084f00000, 0x0000000084f00000, 0x0000000085000000|  0%| F|  |TAMS 0x0000000084f00000, 0x0000000084f00000| Untracked 
|  80|0x0000000085000000, 0x0000000085000000, 0x0000000085100000|  0%| F|  |TAMS 0x0000000085000000, 0x0000000085000000| Untracked 
|  81|0x0000000085100000, 0x0000000085100000, 0x0000000085200000|  0%| F|  |TAMS 0x0000000085100000, 0x0000000085100000| Untracked 
|  82|0x0000000085200000, 0x0000000085200000, 0x0000000085300000|  0%| F|  |TAMS 0x0000000085200000, 0x0000000085200000| Untracked 
|  83|0x0000000085300000, 0x0000000085300000, 0x0000000085400000|  0%| F|  |TAMS 0x0000000085300000, 0x0000000085300000| Untracked 
|  84|0x0000000085400000, 0x0000000085400000, 0x0000000085500000|  0%| F|  |TAMS 0x0000000085400000, 0x0000000085400000| Untracked 
|  85|0x0000000085500000, 0x0000000085500000, 0x0000000085600000|  0%| F|  |TAMS 0x0000000085500000, 0x0000000085500000| Untracked 
|  86|0x0000000085600000, 0x0000000085600000, 0x0000000085700000|  0%| F|  |TAMS 0x0000000085600000, 0x0000000085600000| Untracked 
|  87|0x0000000085700000, 0x0000000085700000, 0x0000000085800000|  0%| F|  |TAMS 0x0000000085700000, 0x0000000085700000| Untracked 
|  88|0x0000000085800000, 0x0000000085800000, 0x0000000085900000|  0%| F|  |TAMS 0x0000000085800000, 0x0000000085800000| Untracked 
|  89|0x0000000085900000, 0x0000000085900000, 0x0000000085a00000|  0%| F|  |TAMS 0x0000000085900000, 0x0000000085900000| Untracked 
|  90|0x0000000085a00000, 0x0000000085a00000, 0x0000000085b00000|  0%| F|  |TAMS 0x0000000085a00000, 0x0000000085a00000| Untracked 
|  91|0x0000000085b00000, 0x0000000085b00000, 0x0000000085c00000|  0%| F|  |TAMS 0x0000000085b00000, 0x0000000085b00000| Untracked 
|  92|0x0000000085c00000, 0x0000000085c00000, 0x0000000085d00000|  0%| F|  |TAMS 0x0000000085c00000, 0x0000000085c00000| Untracked 
|  93|0x0000000085d00000, 0x0000000085d00000, 0x0000000085e00000|  0%| F|  |TAMS 0x0000000085d00000, 0x0000000085d00000| Untracked 
|  94|0x0000000085e00000, 0x0000000085e00000, 0x0000000085f00000|  0%| F|  |TAMS 0x0000000085e00000, 0x0000000085e00000| Untracked 
|  95|0x0000000085f00000, 0x0000000085f00000, 0x0000000086000000|  0%| F|  |TAMS 0x0000000085f00000, 0x0000000085f00000| Untracked 
|  96|0x0000000086000000, 0x0000000086000000, 0x0000000086100000|  0%| F|  |TAMS 0x0000000086000000, 0x0000000086000000| Untracked 
|  97|0x0000000086100000, 0x0000000086100000, 0x0000000086200000|  0%| F|  |TAMS 0x0000000086100000, 0x0000000086100000| Untracked 
|  98|0x0000000086200000, 0x0000000086200000, 0x0000000086300000|  0%| F|  |TAMS 0x0000000086200000, 0x0000000086200000| Untracked 
|  99|0x0000000086300000, 0x0000000086300000, 0x0000000086400000|  0%| F|  |TAMS 0x0000000086300000, 0x0000000086300000| Untracked 
| 100|0x0000000086400000, 0x0000000086400000, 0x0000000086500000|  0%| F|  |TAMS 0x0000000086400000, 0x0000000086400000| Untracked 
| 101|0x0000000086500000, 0x0000000086500000, 0x0000000086600000|  0%| F|  |TAMS 0x0000000086500000, 0x0000000086500000| Untracked 
| 184|0x000000008b800000, 0x000000008b84a130, 0x000000008b900000| 28%| S|CS|TAMS 0x000000008b800000, 0x000000008b800000| Complete 
| 185|0x000000008b900000, 0x000000008b900000, 0x000000008ba00000|  0%| F|  |TAMS 0x000000008b900000, 0x000000008b900000| Untracked 
| 186|0x000000008ba00000, 0x000000008ba00000, 0x000000008bb00000|  0%| F|  |TAMS 0x000000008ba00000, 0x000000008ba00000| Untracked 
| 187|0x000000008bb00000, 0x000000008bb00000, 0x000000008bc00000|  0%| F|  |TAMS 0x000000008bb00000, 0x000000008bb00000| Untracked 
| 188|0x000000008bc00000, 0x000000008bc00000, 0x000000008bd00000|  0%| F|  |TAMS 0x000000008bc00000, 0x000000008bc00000| Untracked 
| 251|0x000000008fb00000, 0x000000008fb00000, 0x000000008fc00000|  0%| F|  |TAMS 0x000000008fb00000, 0x000000008fb00000| Untracked 

Card table byte_map: [0x000001e62db10000,0x000001e62df10000] _byte_map_base: 0x000001e62d710000

Marking Bits (Prev, Next): (CMBitMap*) 0x000001e6163af4c0, (CMBitMap*) 0x000001e6163af500
 Prev Bits: [0x000001e62e310000, 0x000001e630310000)
 Next Bits: [0x000001e630310000, 0x000001e632310000)

Polling page: 0x000001e614320000

Metaspace:

Usage:
  Non-class:     49.36 MB used.
      Class:      7.91 MB used.
       Both:     57.27 MB used.

Virtual space:
  Non-class space:       64.00 MB reserved,      49.69 MB ( 78%) committed,  1 nodes.
      Class space:      416.00 MB reserved,       8.19 MB (  2%) committed,  1 nodes.
             Both:      480.00 MB reserved,      57.88 MB ( 12%) committed. 

Chunk freelists:
   Non-Class:  13.77 MB
       Class:  7.79 MB
        Both:  21.55 MB

MaxMetaspaceSize: 512.00 MB
CompressedClassSpaceSize: 416.00 MB
Initial GC threshold: 21.00 MB
Current GC threshold: 96.06 MB
CDS: on
MetaspaceReclaimPolicy: balanced
 - commit_granule_bytes: 65536.
 - commit_granule_words: 8192.
 - virtual_space_node_default_size: 8388608.
 - enlarge_chunks_in_place: 1.
 - new_chunks_are_fully_committed: 0.
 - uncommit_free_chunks: 1.
 - use_allocation_guard: 0.
 - handle_deallocations: 1.


Internal statistics:

num_allocs_failed_limit: 6.
num_arena_births: 714.
num_arena_deaths: 0.
num_vsnodes_births: 2.
num_vsnodes_deaths: 0.
num_space_committed: 926.
num_space_uncommitted: 0.
num_chunks_returned_to_freelist: 6.
num_chunks_taken_from_freelist: 3008.
num_chunk_merges: 6.
num_chunk_splits: 2030.
num_chunks_enlarged: 1394.
num_inconsistent_stats: 0.

CodeHeap 'non-profiled nmethods': size=119168Kb used=4519Kb max_used=4519Kb free=114648Kb
 bounds [0x000001e625a30000, 0x000001e625ea0000, 0x000001e62ce90000]
CodeHeap 'profiled nmethods': size=119104Kb used=15030Kb max_used=15030Kb free=104073Kb
 bounds [0x000001e61de90000, 0x000001e61ed40000, 0x000001e6252e0000]
CodeHeap 'non-nmethods': size=7488Kb used=2355Kb max_used=4059Kb free=5132Kb
 bounds [0x000001e6252e0000, 0x000001e6256f0000, 0x000001e625a30000]
 total_blobs=8455 nmethods=7574 adapters=793
 compilation: enabled
              stopped_count=0, restarted_count=0
 full_count=0

Compilation events (20 events):
Event: 8627.272 Thread 0x000001e635189290 nmethod 8448 0x000001e61ed39f90 code [0x000001e61ed3a1e0, 0x000001e61ed3aca8]
Event: 8627.273 Thread 0x000001e635186970 8449       4       java.io.WinNTFileSystem::prefixLength (91 bytes)
Event: 8627.587 Thread 0x000001e635186970 nmethod 8449 0x000001e625e94a10 code [0x000001e625e94bc0, 0x000001e625e94f68]
Event: 8629.435 Thread 0x000001e635186970 8450       4       java.util.concurrent.locks.AbstractQueuedSynchronizer::acquire (20 bytes)
Event: 8629.439 Thread 0x000001e635186970 nmethod 8450 0x000001e625e95390 code [0x000001e625e95520, 0x000001e625e95708]
Event: 8630.814 Thread 0x000001e635186970 8451       4       java.lang.ThreadLocal$ThreadLocalMap::expungeStaleEntry (146 bytes)
Event: 8640.587 Thread 0x000001e635186970 nmethod 8451 0x000001e625e95810 code [0x000001e625e959a0, 0x000001e625e95ed8]
Event: 8640.634 Thread 0x000001e635186970 8452       4       java.lang.ThreadLocal$ThreadLocalMap::remove (68 bytes)
Event: 8661.246 Thread 0x000001e635186970 nmethod 8452 0x000001e625e96190 code [0x000001e625e96340, 0x000001e625e96988]
Event: 8661.295 Thread 0x000001e635186970 8453       4       java.lang.ThreadLocal::remove (18 bytes)
Event: 8661.586 Thread 0x000001e635186970 nmethod 8453 0x000001e625e96d90 code [0x000001e625e96f40, 0x000001e625e97628]
Event: 8661.587 Thread 0x000001e635186970 8454       4       java.util.stream.ReferencePipeline$3::opWrapSink (10 bytes)
Event: 8662.367 Thread 0x000001e635189290 8455       3       org.gradle.launcher.daemon.server.expiry.AnyDaemonExpirationStrategy::checkExpiration (114 bytes)
Event: 8662.607 Thread 0x000001e635186970 nmethod 8454 0x000001e625e97a90 code [0x000001e625e97c20, 0x000001e625e97df8]
Event: 8664.937 Thread 0x000001e635189290 nmethod 8455 0x000001e61ed3b010 code [0x000001e61ed3b3a0, 0x000001e61ed3cf58]
Event: 8672.883 Thread 0x000001e635186970 8456   !   4       java.util.concurrent.ScheduledThreadPoolExecutor$DelayedWorkQueue::offer (123 bytes)
Event: 8673.570 Thread 0x000001e635186970 nmethod 8456 0x000001e625e97f10 code [0x000001e625e98120, 0x000001e625e990f0]
Event: 8673.584 Thread 0x000001e635186970 8457       4       java.util.concurrent.ScheduledThreadPoolExecutor::reExecutePeriodic (49 bytes)
Event: 8673.717 Thread 0x000001e635186970 nmethod 8457 0x000001e625e99890 code [0x000001e625e99a40, 0x000001e625e99c38]
Event: 8674.417 Thread 0x000001e635186970 8458       4       java.util.concurrent.ThreadPoolExecutor$Worker::unlock (7 bytes)

GC Heap History (20 events):
Event: 1149.824 GC heap after
{Heap after GC invocations=30 (full 0):
 garbage-first heap   total 91136K, used 52547K [0x0000000080000000, 0x0000000100000000)
  region size 1024K, 2 young (2048K), 2 survivors (2048K)
 Metaspace       used 58420K, committed 59008K, reserved 491520K
  class space    used 8094K, committed 8384K, reserved 425984K
}
Event: 1204.025 GC heap before
{Heap before GC invocations=31 (full 0):
 garbage-first heap   total 92160K, used 76099K [0x0000000080000000, 0x0000000100000000)
  region size 1024K, 25 young (25600K), 2 survivors (2048K)
 Metaspace       used 58432K, committed 59072K, reserved 491520K
  class space    used 8094K, committed 8384K, reserved 425984K
}
Event: 1204.028 GC heap after
{Heap after GC invocations=32 (full 0):
 garbage-first heap   total 92160K, used 52492K [0x0000000080000000, 0x0000000100000000)
  region size 1024K, 2 young (2048K), 2 survivors (2048K)
 Metaspace       used 58432K, committed 59072K, reserved 491520K
  class space    used 8094K, committed 8384K, reserved 425984K
}
Event: 1265.668 GC heap before
{Heap before GC invocations=32 (full 0):
 garbage-first heap   total 92160K, used 77068K [0x0000000080000000, 0x0000000100000000)
  region size 1024K, 26 young (26624K), 2 survivors (2048K)
 Metaspace       used 58436K, committed 59072K, reserved 491520K
  class space    used 8094K, committed 8384K, reserved 425984K
}
Event: 1265.692 GC heap after
{Heap after GC invocations=33 (full 0):
 garbage-first heap   total 92160K, used 52680K [0x0000000080000000, 0x0000000100000000)
  region size 1024K, 2 young (2048K), 2 survivors (2048K)
 Metaspace       used 58436K, committed 59072K, reserved 491520K
  class space    used 8094K, committed 8384K, reserved 425984K
}
Event: 1337.802 GC heap before
{Heap before GC invocations=34 (full 0):
 garbage-first heap   total 92160K, used 78280K [0x0000000080000000, 0x0000000100000000)
  region size 1024K, 27 young (27648K), 2 survivors (2048K)
 Metaspace       used 58447K, committed 59072K, reserved 491520K
  class space    used 8094K, committed 8384K, reserved 425984K
}
Event: 1337.825 GC heap after
{Heap after GC invocations=35 (full 0):
 garbage-first heap   total 110592K, used 52858K [0x0000000080000000, 0x0000000100000000)
  region size 1024K, 2 young (2048K), 2 survivors (2048K)
 Metaspace       used 58447K, committed 59072K, reserved 491520K
  class space    used 8094K, committed 8384K, reserved 425984K
}
Event: 1440.613 GC heap before
{Heap before GC invocations=35 (full 0):
 garbage-first heap   total 110592K, used 91770K [0x0000000080000000, 0x0000000100000000)
  region size 1024K, 41 young (41984K), 2 survivors (2048K)
 Metaspace       used 58465K, committed 59072K, reserved 491520K
  class space    used 8094K, committed 8384K, reserved 425984K
}
Event: 1440.645 GC heap after
{Heap after GC invocations=36 (full 0):
 garbage-first heap   total 110592K, used 52995K [0x0000000080000000, 0x0000000100000000)
  region size 1024K, 3 young (3072K), 3 survivors (3072K)
 Metaspace       used 58465K, committed 59072K, reserved 491520K
  class space    used 8094K, committed 8384K, reserved 425984K
}
Event: 1562.360 GC heap before
{Heap before GC invocations=37 (full 0):
 garbage-first heap   total 110592K, used 92931K [0x0000000080000000, 0x0000000100000000)
  region size 1024K, 42 young (43008K), 3 survivors (3072K)
 Metaspace       used 58517K, committed 59200K, reserved 491520K
  class space    used 8094K, committed 8384K, reserved 425984K
}
Event: 1562.452 GC heap after
{Heap after GC invocations=38 (full 0):
 garbage-first heap   total 110592K, used 53429K [0x0000000080000000, 0x0000000100000000)
  region size 1024K, 3 young (3072K), 3 survivors (3072K)
 Metaspace       used 58517K, committed 59200K, reserved 491520K
  class space    used 8094K, committed 8384K, reserved 425984K
}
Event: 8632.438 GC heap before
{Heap before GC invocations=38 (full 0):
 garbage-first heap   total 110592K, used 93365K [0x0000000080000000, 0x0000000100000000)
  region size 1024K, 42 young (43008K), 3 survivors (3072K)
 Metaspace       used 58630K, committed 59264K, reserved 491520K
  class space    used 8102K, committed 8384K, reserved 425984K
}
Event: 8639.215 GC heap after
{Heap after GC invocations=39 (full 0):
 garbage-first heap   total 110592K, used 53283K [0x0000000080000000, 0x0000000100000000)
  region size 1024K, 3 young (3072K), 3 survivors (3072K)
 Metaspace       used 58630K, committed 59264K, reserved 491520K
  class space    used 8102K, committed 8384K, reserved 425984K
}
Event: 8658.345 GC heap before
{Heap before GC invocations=39 (full 0):
 garbage-first heap   total 110592K, used 55331K [0x0000000080000000, 0x0000000100000000)
  region size 1024K, 5 young (5120K), 3 survivors (3072K)
 Metaspace       used 58631K, committed 59264K, reserved 491520K
  class space    used 8102K, committed 8384K, reserved 425984K
}
Event: 8660.944 GC heap after
{Heap after GC invocations=40 (full 0):
 garbage-first heap   total 110592K, used 53346K [0x0000000080000000, 0x0000000100000000)
  region size 1024K, 1 young (1024K), 1 survivors (1024K)
 Metaspace       used 58631K, committed 59264K, reserved 491520K
  class space    used 8102K, committed 8384K, reserved 425984K
}
Event: 8672.214 GC heap before
{Heap before GC invocations=40 (full 0):
 garbage-first heap   total 110592K, used 57442K [0x0000000080000000, 0x0000000100000000)
  region size 1024K, 5 young (5120K), 1 survivors (1024K)
 Metaspace       used 58640K, committed 59264K, reserved 491520K
  class space    used 8103K, committed 8384K, reserved 425984K
}
Event: 8672.825 GC heap after
{Heap after GC invocations=41 (full 0):
 garbage-first heap   total 110592K, used 53227K [0x0000000080000000, 0x0000000100000000)
  region size 1024K, 1 young (1024K), 1 survivors (1024K)
 Metaspace       used 58640K, committed 59264K, reserved 491520K
  class space    used 8103K, committed 8384K, reserved 425984K
}
Event: 8673.852 GC heap before
{Heap before GC invocations=41 (full 0):
 garbage-first heap   total 110592K, used 57323K [0x0000000080000000, 0x0000000100000000)
  region size 1024K, 5 young (5120K), 1 survivors (1024K)
 Metaspace       used 58642K, committed 59264K, reserved 491520K
  class space    used 8103K, committed 8384K, reserved 425984K
}
Event: 8674.185 GC heap after
{Heap after GC invocations=42 (full 0):
 garbage-first heap   total 110592K, used 53178K [0x0000000080000000, 0x0000000100000000)
  region size 1024K, 1 young (1024K), 1 survivors (1024K)
 Metaspace       used 58642K, committed 59264K, reserved 491520K
  class space    used 8103K, committed 8384K, reserved 425984K
}
Event: 8675.092 GC heap before
{Heap before GC invocations=42 (full 0):
 garbage-first heap   total 110592K, used 57274K [0x0000000080000000, 0x0000000100000000)
  region size 1024K, 5 young (5120K), 1 survivors (1024K)
 Metaspace       used 58644K, committed 59264K, reserved 491520K
  class space    used 8104K, committed 8384K, reserved 425984K
}

Dll operation events (13 events):
Event: 0.156 Loaded shared library C:\Program Files\Eclipse Adoptium\jdk-17.0.15.6-hotspot\bin\java.dll
Event: 3.767 Loaded shared library C:\Program Files\Eclipse Adoptium\jdk-17.0.15.6-hotspot\bin\jsvml.dll
Event: 7.726 Loaded shared library C:\Program Files\Eclipse Adoptium\jdk-17.0.15.6-hotspot\bin\net.dll
Event: 7.739 Loaded shared library C:\Program Files\Eclipse Adoptium\jdk-17.0.15.6-hotspot\bin\nio.dll
Event: 8.459 Loaded shared library C:\Program Files\Eclipse Adoptium\jdk-17.0.15.6-hotspot\bin\zip.dll
Event: 14.577 Loaded shared library C:\Program Files\Eclipse Adoptium\jdk-17.0.15.6-hotspot\bin\jimage.dll
Event: 16.454 Loaded shared library C:\Program Files\Eclipse Adoptium\jdk-17.0.15.6-hotspot\bin\verify.dll
Event: 23.671 Loaded shared library C:\Users\karth\.gradle\native\68d5fa5c4cc2d200863cafc0d521ce42e7d3e7ee720ec0a83991735586a16f82\windows-amd64\native-platform.dll
Event: 24.027 Loaded shared library C:\Users\karth\.gradle\native\e376f236ea51e6404a007f0833ffe2c6e607c4080706a723a18a27aeea778392\windows-amd64\native-platform-file-events.dll
Event: 52.767 Loaded shared library C:\Program Files\Eclipse Adoptium\jdk-17.0.15.6-hotspot\bin\management.dll
Event: 52.782 Loaded shared library C:\Program Files\Eclipse Adoptium\jdk-17.0.15.6-hotspot\bin\management_ext.dll
Event: 57.448 Loaded shared library C:\Program Files\Eclipse Adoptium\jdk-17.0.15.6-hotspot\bin\extnet.dll
Event: 71.798 Loaded shared library C:\Program Files\Eclipse Adoptium\jdk-17.0.15.6-hotspot\bin\sunmscapi.dll

Deoptimization events (20 events):
Event: 1098.386 Thread 0x000001e65570b5c0 DEOPT PACKING pc=0x000001e625d86104 sp=0x000000df61af5c50
Event: 1098.386 Thread 0x000001e65570b5c0 DEOPT UNPACKING pc=0x000001e6253369a3 sp=0x000000df61af5b08 mode 2
Event: 1098.386 Thread 0x000001e65570b5c0 Uncommon trap: trap_request=0xffffff45 fr.pc=0x000001e625bba000 relative=0x0000000000000700
Event: 1098.386 Thread 0x000001e65570b5c0 Uncommon trap: reason=unstable_if action=reinterpret pc=0x000001e625bba000 method=org.objectweb.asm.Frame.getAbstractTypeFromDescriptor(Lorg/objectweb/asm/SymbolTable;Ljava/lang/String;I)I @ 5 c2
Event: 1098.386 Thread 0x000001e65570b5c0 DEOPT PACKING pc=0x000001e625bba000 sp=0x000000df61af5ad0
Event: 1098.386 Thread 0x000001e65570b5c0 DEOPT UNPACKING pc=0x000001e6253369a3 sp=0x000000df61af5a90 mode 2
Event: 1333.500 Thread 0x000001e65570b5c0 DEOPT PACKING pc=0x000001e61df55e9b sp=0x000000df61af7d30
Event: 1333.501 Thread 0x000001e65570b5c0 DEOPT UNPACKING pc=0x000001e625337143 sp=0x000000df61af7250 mode 0
Event: 1333.502 Thread 0x000001e65570b5c0 Uncommon trap: trap_request=0xffffff45 fr.pc=0x000001e625a5ade4 relative=0x0000000000000064
Event: 1333.502 Thread 0x000001e65570b5c0 Uncommon trap: reason=unstable_if action=reinterpret pc=0x000001e625a5ade4 method=java.io.WinNTFileSystem.isSlash(C)Z @ 9 c2
Event: 1333.502 Thread 0x000001e65570b5c0 DEOPT PACKING pc=0x000001e625a5ade4 sp=0x000000df61af7d50
Event: 1333.503 Thread 0x000001e65570b5c0 DEOPT UNPACKING pc=0x000001e6253369a3 sp=0x000000df61af7cd8 mode 2
Event: 1435.269 Thread 0x000001e65570a690 Uncommon trap: trap_request=0xffffff45 fr.pc=0x000001e625e49764 relative=0x00000000000017c4
Event: 1435.270 Thread 0x000001e65570a690 Uncommon trap: reason=unstable_if action=reinterpret pc=0x000001e625e49764 method=jdk.internal.misc.Unsafe.getAndBitwiseAndInt(Ljava/lang/Object;JI)I @ 21 c2
Event: 1435.270 Thread 0x000001e65570a690 DEOPT PACKING pc=0x000001e625e49764 sp=0x000000df621fed10
Event: 1435.271 Thread 0x000001e65570a690 DEOPT UNPACKING pc=0x000001e6253369a3 sp=0x000000df621fea50 mode 2
Event: 2004.208 Thread 0x000001e65570b5c0 Uncommon trap: trap_request=0xffffff45 fr.pc=0x000001e625e4ca9c relative=0x000000000000157c
Event: 2004.209 Thread 0x000001e65570b5c0 Uncommon trap: reason=unstable_if action=reinterpret pc=0x000001e625e4ca9c method=org.gradle.internal.time.DefaultCountdownTimer.hasExpired()Z @ 6 c2
Event: 2004.210 Thread 0x000001e65570b5c0 DEOPT PACKING pc=0x000001e625e4ca9c sp=0x000000df61af7fe0
Event: 2004.211 Thread 0x000001e65570b5c0 DEOPT UNPACKING pc=0x000001e6253369a3 sp=0x000000df61af7f78 mode 2

Classes loaded (20 events):
Event: 1060.800 Loading class java/util/regex/Pattern$SliceI
Event: 1060.800 Loading class java/util/regex/Pattern$SliceI done
Event: 1093.535 Loading class jdk/internal/loader/URLClassPath$FileLoader
Event: 1093.536 Loading class jdk/internal/loader/URLClassPath$FileLoader done
Event: 1093.565 Loading class jdk/internal/loader/URLClassPath$FileLoader$1
Event: 1093.565 Loading class jdk/internal/loader/URLClassPath$FileLoader$1 done
Event: 1094.126 Loading class java/lang/AbstractMethodError
Event: 1094.126 Loading class java/lang/AbstractMethodError done
Event: 1094.204 Loading class java/time/temporal/WeekFields
Event: 1094.205 Loading class java/time/temporal/WeekFields done
Event: 1094.206 Loading class java/time/temporal/WeekFields$ComputedDayOfField
Event: 1094.207 Loading class java/time/temporal/WeekFields$ComputedDayOfField done
Event: 1094.211 Loading class java/time/Month$1
Event: 1094.212 Loading class java/time/Month$1 done
Event: 1094.220 Loading class java/nio/channels/Channels
Event: 1094.221 Loading class java/nio/channels/Channels done
Event: 1094.221 Loading class java/nio/channels/Channels$1
Event: 1094.221 Loading class java/nio/channels/Channels$1 done
Event: 8622.160 Loading class java/util/regex/Pattern$Pos
Event: 8622.362 Loading class java/util/regex/Pattern$Pos done

Classes unloaded (0 events):
No events

Classes redefined (0 events):
No events

Internal exceptions (20 events):
Event: 1097.357 Thread 0x000001e65570b5c0 Exception <a 'java/lang/ClassNotFoundException'{0x00000000846ca3b0}: org/gradle/internal/metaobject/ConfigureDelegateBeanInfo> (0x00000000846ca3b0) 
thrown [s\src\hotspot\share\classfile\systemDictionary.cpp, line 256]
Event: 1097.358 Thread 0x000001e65570b5c0 Exception <a 'java/lang/ClassNotFoundException'{0x00000000846db8b8}: org/gradle/internal/metaobject/ConfigureDelegateCustomizer> (0x00000000846db8b8) 
thrown [s\src\hotspot\share\classfile\systemDictionary.cpp, line 256]
Event: 1097.364 Thread 0x000001e65570b5c0 Exception <a 'java/lang/ClassNotFoundException'{0x000000008451e1a8}: org/gradle/api/internal/initialization/DefaultScriptHandlerBeanInfo> (0x000000008451e1a8) 
thrown [s\src\hotspot\share\classfile\systemDictionary.cpp, line 256]
Event: 1097.365 Thread 0x000001e65570b5c0 Exception <a 'java/lang/ClassNotFoundException'{0x000000008452faa8}: org/gradle/api/internal/initialization/DefaultScriptHandlerCustomizer> (0x000000008452faa8) 
thrown [s\src\hotspot\share\classfile\systemDictionary.cpp, line 256]
Event: 1097.390 Thread 0x000001e65570b5c0 Exception <a 'java/lang/ClassNotFoundException'{0x0000000084141280}: org/gradle/api/internal/artifacts/dsl/DefaultRepositoryHandler_DecoratedBeanInfo> (0x0000000084141280) 
thrown [s\src\hotspot\share\classfile\systemDictionary.cpp, line 256]
Event: 1097.392 Thread 0x000001e65570b5c0 Exception <a 'java/lang/ClassNotFoundException'{0x00000000841596f8}: org/gradle/api/internal/artifacts/dsl/DefaultRepositoryHandlerBeanInfo> (0x00000000841596f8) 
thrown [s\src\hotspot\share\classfile\systemDictionary.cpp, line 256]
Event: 1097.393 Thread 0x000001e65570b5c0 Exception <a 'java/lang/ClassNotFoundException'{0x0000000084172068}: org/gradle/api/internal/artifacts/DefaultArtifactRepositoryContainerBeanInfo> (0x0000000084172068) 
thrown [s\src\hotspot\share\classfile\systemDictionary.cpp, line 256]
Event: 1097.394 Thread 0x000001e65570b5c0 Exception <a 'java/lang/ClassNotFoundException'{0x0000000084186bc0}: org/gradle/api/internal/DefaultNamedDomainObjectListBeanInfo> (0x0000000084186bc0) 
thrown [s\src\hotspot\share\classfile\systemDictionary.cpp, line 256]
Event: 1097.395 Thread 0x000001e65570b5c0 Exception <a 'java/lang/ClassNotFoundException'{0x000000008419bb80}: org/gradle/api/internal/DefaultNamedDomainObjectCollectionBeanInfo> (0x000000008419bb80) 
thrown [s\src\hotspot\share\classfile\systemDictionary.cpp, line 256]
Event: 1097.397 Thread 0x000001e65570b5c0 Exception <a 'java/lang/ClassNotFoundException'{0x00000000841b0c28}: org/gradle/api/internal/DefaultDomainObjectCollectionBeanInfo> (0x00000000841b0c28) 
thrown [s\src\hotspot\share\classfile\systemDictionary.cpp, line 256]
Event: 1097.400 Thread 0x000001e65570b5c0 Exception <a 'java/lang/ClassNotFoundException'{0x00000000841c5b60}: org/gradle/api/internal/DefaultDomainObjectCollectionCustomizer> (0x00000000841c5b60) 
thrown [s\src\hotspot\share\classfile\systemDictionary.cpp, line 256]
Event: 1097.411 Thread 0x000001e65570b5c0 Exception <a 'java/lang/ClassNotFoundException'{0x0000000084003270}: org/gradle/api/internal/DefaultNamedDomainObjectCollectionCustomizer> (0x0000000084003270) 
thrown [s\src\hotspot\share\classfile\systemDictionary.cpp, line 256]
Event: 1097.423 Thread 0x000001e65570b5c0 Exception <a 'java/lang/ClassNotFoundException'{0x000000008404ac98}: org/gradle/api/internal/DefaultNamedDomainObjectListCustomizer> (0x000000008404ac98) 
thrown [s\src\hotspot\share\classfile\systemDictionary.cpp, line 256]
Event: 1097.429 Thread 0x000001e65570b5c0 Exception <a 'java/lang/ClassNotFoundException'{0x000000008408f558}: org/gradle/api/internal/artifacts/DefaultArtifactRepositoryContainerCustomizer> (0x000000008408f558) 
thrown [s\src\hotspot\share\classfile\systemDictionary.cpp, line 256]
Event: 1097.438 Thread 0x000001e65570b5c0 Exception <a 'java/lang/ClassNotFoundException'{0x00000000840cfd60}: org/gradle/api/internal/artifacts/dsl/DefaultRepositoryHandlerCustomizer> (0x00000000840cfd60) 
thrown [s\src\hotspot\share\classfile\systemDictionary.cpp, line 256]
Event: 1097.446 Thread 0x000001e65570b5c0 Exception <a 'java/lang/ClassNotFoundException'{0x0000000083f1e5a0}: org/gradle/api/internal/artifacts/dsl/DefaultRepositoryHandler_DecoratedCustomizer> (0x0000000083f1e5a0) 
thrown [s\src\hotspot\share\classfile\systemDictionary.cpp, line 256]
Event: 1097.477 Thread 0x000001e65570b5c0 Exception <a 'java/lang/ClassNotFoundException'{0x0000000083fb3d60}: org/gradle/api/internal/artifacts/dsl/dependencies/DefaultDependencyHandler_DecoratedBeanInfo> (0x0000000083fb3d60) 
thrown [s\src\hotspot\share\classfile\systemDictionary.cpp, line 256]
Event: 1097.478 Thread 0x000001e65570b5c0 Exception <a 'java/lang/ClassNotFoundException'{0x0000000083fcbbc8}: org/gradle/api/internal/artifacts/dsl/dependencies/DefaultDependencyHandlerBeanInfo> (0x0000000083fcbbc8) 
thrown [s\src\hotspot\share\classfile\systemDictionary.cpp, line 256]
Event: 1097.479 Thread 0x000001e65570b5c0 Exception <a 'java/lang/ClassNotFoundException'{0x0000000083fe34a0}: org/gradle/api/internal/artifacts/dsl/dependencies/DefaultDependencyHandlerCustomizer> (0x0000000083fe34a0) 
thrown [s\src\hotspot\share\classfile\systemDictionary.cpp, line 256]
Event: 1097.489 Thread 0x000001e65570b5c0 Exception <a 'java/lang/ClassNotFoundException'{0x000000008fb2d708}: org/gradle/api/internal/artifacts/dsl/dependencies/DefaultDependencyHandler_DecoratedCustomizer> (0x000000008fb2d708) 
thrown [s\src\hotspot\share\classfile\systemDictionary.cpp, line 256]

VM Operations (20 events):
Event: 8623.402 Executing VM operation: Cleanup done
Event: 8624.407 Executing VM operation: Cleanup
Event: 8624.460 Executing VM operation: Cleanup done
Event: 8625.467 Executing VM operation: Cleanup
Event: 8625.498 Executing VM operation: Cleanup done
Event: 8626.508 Executing VM operation: Cleanup
Event: 8626.539 Executing VM operation: Cleanup done
Event: 8630.966 Executing VM operation: G1CollectForAllocation
Event: 8639.281 Executing VM operation: G1CollectForAllocation done
Event: 8641.768 Executing VM operation: G1CollectForAllocation
Event: 8661.152 Executing VM operation: G1CollectForAllocation done
Event: 8662.165 Executing VM operation: Cleanup
Event: 8663.414 Executing VM operation: Cleanup done
Event: 8665.429 Executing VM operation: Cleanup
Event: 8665.991 Executing VM operation: Cleanup done
Event: 8667.141 Executing VM operation: G1CollectForAllocation
Event: 8672.826 Executing VM operation: G1CollectForAllocation done
Event: 8673.732 Executing VM operation: G1CollectForAllocation
Event: 8674.185 Executing VM operation: G1CollectForAllocation done
Event: 8674.446 Executing VM operation: G1CollectForAllocation

Memory protections (0 events):
No events

Nmethod flushes (20 events):
Event: 912.160 Thread 0x000001e635473ee0 flushing  nmethod 0x000001e61e6de810
Event: 912.160 Thread 0x000001e635473ee0 flushing  nmethod 0x000001e61e6e8590
Event: 912.160 Thread 0x000001e635473ee0 flushing  nmethod 0x000001e61e6e9d10
Event: 912.160 Thread 0x000001e635473ee0 flushing  nmethod 0x000001e61e6ea510
Event: 912.160 Thread 0x000001e635473ee0 flushing  nmethod 0x000001e61e6eaf90
Event: 912.160 Thread 0x000001e635473ee0 flushing  nmethod 0x000001e61e6ec490
Event: 912.160 Thread 0x000001e635473ee0 flushing  nmethod 0x000001e61e6f2990
Event: 912.160 Thread 0x000001e635473ee0 flushing  nmethod 0x000001e61e6fcf90
Event: 912.160 Thread 0x000001e635473ee0 flushing  nmethod 0x000001e61e702610
Event: 912.160 Thread 0x000001e635473ee0 flushing  nmethod 0x000001e61e717410
Event: 912.160 Thread 0x000001e635473ee0 flushing  nmethod 0x000001e61e730a90
Event: 912.160 Thread 0x000001e635473ee0 flushing  nmethod 0x000001e61e743390
Event: 912.160 Thread 0x000001e635473ee0 flushing  nmethod 0x000001e61e743890
Event: 912.160 Thread 0x000001e635473ee0 flushing  nmethod 0x000001e61e744a10
Event: 912.160 Thread 0x000001e635473ee0 flushing  nmethod 0x000001e61e745210
Event: 912.160 Thread 0x000001e635473ee0 flushing  nmethod 0x000001e61e7aa210
Event: 912.160 Thread 0x000001e635473ee0 flushing  nmethod 0x000001e61e7ea010
Event: 912.160 Thread 0x000001e635473ee0 flushing  nmethod 0x000001e61e869310
Event: 912.160 Thread 0x000001e635473ee0 flushing  nmethod 0x000001e61e869690
Event: 1093.992 Thread 0x000001e635473ee0 flushing  nmethod 0x000001e61e182a90

Events (20 events):
Event: 1098.326 Thread 0x000001e635189290 Thread added: 0x000001e657841a80
Event: 1098.383 Thread 0x000001e635189290 Thread added: 0x000001e657843510
Event: 1100.628 Thread 0x000001e657843510 Thread exited: 0x000001e657843510
Event: 1100.628 Thread 0x000001e657841a80 Thread exited: 0x000001e657841a80
Event: 1109.958 Thread 0x000001e635189290 Thread added: 0x000001e657840fe0
Event: 1113.904 Thread 0x000001e657840fe0 Thread exited: 0x000001e657840fe0
Event: 1445.950 Thread 0x000001e635189290 Thread added: 0x000001e657843fb0
Event: 1451.106 Thread 0x000001e657843fb0 Thread added: 0x000001e657842a70
Event: 1451.111 Thread 0x000001e635189290 Thread added: 0x000001e657841530
Event: 1456.138 Thread 0x000001e657841530 Thread exited: 0x000001e657841530
Event: 1459.878 Thread 0x000001e657842a70 Thread exited: 0x000001e657842a70
Event: 1464.879 Thread 0x000001e657843fb0 Thread exited: 0x000001e657843fb0
Event: 1478.983 Thread 0x000001e635189290 Thread added: 0x000001e657843fb0
Event: 1483.286 Thread 0x000001e657843fb0 Thread exited: 0x000001e657843fb0
Event: 2010.650 Thread 0x000001e635189290 Thread added: 0x000001e657842a70
Event: 2010.651 Thread 0x000001e635189290 Thread added: 0x000001e657843fb0
Event: 8615.978 Thread 0x000001e657843fb0 Thread exited: 0x000001e657843fb0
Event: 8617.302 Thread 0x000001e635189290 Thread added: 0x000001e657841a80
Event: 8617.841 Thread 0x000001e657841a80 Thread exited: 0x000001e657841a80
Event: 8617.841 Thread 0x000001e657842a70 Thread exited: 0x000001e657842a70


Dynamic libraries:
0x00007ff687c40000 - 0x00007ff687c4e000 	C:\Program Files\Eclipse Adoptium\jdk-17.0.15.6-hotspot\bin\java.exe
0x00007fffc3680000 - 0x00007fffc38e6000 	C:\WINDOWS\SYSTEM32\ntdll.dll
0x00007fffc2160000 - 0x00007fffc2229000 	C:\WINDOWS\System32\KERNEL32.DLL
0x00007fffc0ae0000 - 0x00007fffc0eac000 	C:\WINDOWS\System32\KERNELBASE.dll
0x0000000070320000 - 0x00000000703bd000 	C:\ProgramData\Symantec\Symantec Endpoint Protection\14.3.9205.6000.105\Data\Sysfer\x64\sysfer.dll
0x00007fffc0810000 - 0x00007fffc095b000 	C:\WINDOWS\System32\ucrtbase.dll
0x00007fff99aa0000 - 0x00007fff99abe000 	C:\Program Files\Eclipse Adoptium\jdk-17.0.15.6-hotspot\bin\VCRUNTIME140.dll
0x00007fff9be20000 - 0x00007fff9be37000 	C:\Program Files\Eclipse Adoptium\jdk-17.0.15.6-hotspot\bin\jli.dll
0x00007fffc14c0000 - 0x00007fffc168a000 	C:\WINDOWS\System32\USER32.dll
0x00007fffc1360000 - 0x00007fffc1387000 	C:\WINDOWS\System32\win32u.dll
0x00007fffc1730000 - 0x00007fffc175b000 	C:\WINDOWS\System32\GDI32.dll
0x00007fffc0f70000 - 0x00007fffc10a2000 	C:\WINDOWS\System32\gdi32full.dll
0x00007fffc1390000 - 0x00007fffc1433000 	C:\WINDOWS\System32\msvcp_win.dll
0x00007fffa61a0000 - 0x00007fffa643a000 	C:\WINDOWS\WinSxS\amd64_microsoft.windows.common-controls_6595b64144ccf1df_6.0.26100.3912_none_3e07963ce335137e\COMCTL32.dll
0x00007fffc3590000 - 0x00007fffc3639000 	C:\WINDOWS\System32\msvcrt.dll
0x00007fffc2850000 - 0x00007fffc2880000 	C:\WINDOWS\System32\IMM32.DLL
0x00007fffa4250000 - 0x00007fffa425c000 	C:\Program Files\Eclipse Adoptium\jdk-17.0.15.6-hotspot\bin\vcruntime140_1.dll
0x00007fff7c670000 - 0x00007fff7c6fd000 	C:\Program Files\Eclipse Adoptium\jdk-17.0.15.6-hotspot\bin\msvcp140.dll
0x00007fff3e940000 - 0x00007fff3f5ab000 	C:\Program Files\Eclipse Adoptium\jdk-17.0.15.6-hotspot\bin\server\jvm.dll
0x00007fffc2e40000 - 0x00007fffc2ef2000 	C:\WINDOWS\System32\ADVAPI32.dll
0x00007fffc1760000 - 0x00007fffc1806000 	C:\WINDOWS\System32\sechost.dll
0x00007fffc2040000 - 0x00007fffc2156000 	C:\WINDOWS\System32\RPCRT4.dll
0x00007fffc3500000 - 0x00007fffc3574000 	C:\WINDOWS\System32\WS2_32.dll
0x00007fffc0680000 - 0x00007fffc06de000 	C:\WINDOWS\SYSTEM32\POWRPROF.dll
0x00007fffb52a0000 - 0x00007fffb52d6000 	C:\WINDOWS\SYSTEM32\WINMM.dll
0x00007fffa9820000 - 0x00007fffa982b000 	C:\WINDOWS\SYSTEM32\VERSION.dll
0x00007fffc0660000 - 0x00007fffc0674000 	C:\WINDOWS\SYSTEM32\UMPDC.dll
0x00007fffbf5d0000 - 0x00007fffbf5ea000 	C:\WINDOWS\SYSTEM32\kernel.appcore.dll
0x00007fffa41b0000 - 0x00007fffa41ba000 	C:\Program Files\Eclipse Adoptium\jdk-17.0.15.6-hotspot\bin\jimage.dll
0x00007fffbe100000 - 0x00007fffbe341000 	C:\WINDOWS\SYSTEM32\DBGHELP.DLL
0x00007fffc3000000 - 0x00007fffc3384000 	C:\WINDOWS\System32\combase.dll
0x00007fffc2b40000 - 0x00007fffc2c20000 	C:\WINDOWS\System32\OLEAUT32.dll
0x00007fff95100000 - 0x00007fff95139000 	C:\WINDOWS\SYSTEM32\dbgcore.DLL
0x00007fffc12c0000 - 0x00007fffc1359000 	C:\WINDOWS\System32\bcryptPrimitives.dll
0x00007fff988b0000 - 0x00007fff988d5000 	C:\Program Files\Eclipse Adoptium\jdk-17.0.15.6-hotspot\bin\java.dll
0x00007fff7c590000 - 0x00007fff7c667000 	C:\Program Files\Eclipse Adoptium\jdk-17.0.15.6-hotspot\bin\jsvml.dll
0x00007fffc1890000 - 0x00007fffc1fbd000 	C:\WINDOWS\System32\SHELL32.dll
0x00007fffc0960000 - 0x00007fffc0ad4000 	C:\WINDOWS\System32\wintypes.dll
0x00007fffbe450000 - 0x00007fffbeca6000 	C:\WINDOWS\SYSTEM32\windows.storage.dll
0x00007fffc2f00000 - 0x00007fffc2fef000 	C:\WINDOWS\System32\SHCORE.dll
0x00007fffc1820000 - 0x00007fffc1889000 	C:\WINDOWS\System32\shlwapi.dll
0x00007fffc0720000 - 0x00007fffc074f000 	C:\WINDOWS\SYSTEM32\profapi.dll
0x00007fff99a10000 - 0x00007fff99a29000 	C:\Program Files\Eclipse Adoptium\jdk-17.0.15.6-hotspot\bin\net.dll
0x00007fffaf2b0000 - 0x00007fffaf3ce000 	C:\WINDOWS\SYSTEM32\WINHTTP.dll
0x00007fffbfb40000 - 0x00007fffbfbaa000 	C:\WINDOWS\system32\mswsock.dll
0x00007fff98f80000 - 0x00007fff98f96000 	C:\Program Files\Eclipse Adoptium\jdk-17.0.15.6-hotspot\bin\nio.dll
0x00007fff98520000 - 0x00007fff98538000 	C:\Program Files\Eclipse Adoptium\jdk-17.0.15.6-hotspot\bin\zip.dll
0x00007fffa4150000 - 0x00007fffa4160000 	C:\Program Files\Eclipse Adoptium\jdk-17.0.15.6-hotspot\bin\verify.dll
0x00007fff98930000 - 0x00007fff98957000 	C:\Users\karth\.gradle\native\68d5fa5c4cc2d200863cafc0d521ce42e7d3e7ee720ec0a83991735586a16f82\windows-amd64\native-platform.dll
0x00007fff7c440000 - 0x00007fff7c584000 	C:\Users\karth\.gradle\native\e376f236ea51e6404a007f0833ffe2c6e607c4080706a723a18a27aeea778392\windows-amd64\native-platform-file-events.dll
0x00007fffa0910000 - 0x00007fffa091a000 	C:\Program Files\Eclipse Adoptium\jdk-17.0.15.6-hotspot\bin\management.dll
0x00007fffa0830000 - 0x00007fffa083b000 	C:\Program Files\Eclipse Adoptium\jdk-17.0.15.6-hotspot\bin\management_ext.dll
0x00007fffc3580000 - 0x00007fffc3588000 	C:\WINDOWS\System32\PSAPI.DLL
0x00007fffbfde0000 - 0x00007fffbfdfc000 	C:\WINDOWS\SYSTEM32\CRYPTSP.dll
0x00007fffbf530000 - 0x00007fffbf56a000 	C:\WINDOWS\system32\rsaenh.dll
0x00007fffbfbe0000 - 0x00007fffbfc0b000 	C:\WINDOWS\SYSTEM32\USERENV.dll
0x00007fffc06f0000 - 0x00007fffc0716000 	C:\WINDOWS\SYSTEM32\bcrypt.dll
0x00007fffbfe00000 - 0x00007fffbfe0c000 	C:\WINDOWS\SYSTEM32\CRYPTBASE.dll
0x00007fffbf070000 - 0x00007fffbf0a3000 	C:\WINDOWS\SYSTEM32\IPHLPAPI.DLL
0x00007fffc2740000 - 0x00007fffc274a000 	C:\WINDOWS\System32\NSI.dll
0x00007fffb72a0000 - 0x00007fffb72bf000 	C:\WINDOWS\SYSTEM32\dhcpcsvc6.DLL
0x00007fffb7030000 - 0x00007fffb7055000 	C:\WINDOWS\SYSTEM32\dhcpcsvc.DLL
0x00007fffbf140000 - 0x00007fffbf267000 	C:\WINDOWS\SYSTEM32\DNSAPI.dll
0x00007fff9c160000 - 0x00007fff9c169000 	C:\Program Files\Eclipse Adoptium\jdk-17.0.15.6-hotspot\bin\extnet.dll
0x00007fff9bf40000 - 0x00007fff9bf4e000 	C:\Program Files\Eclipse Adoptium\jdk-17.0.15.6-hotspot\bin\sunmscapi.dll
0x00007fffc10b0000 - 0x00007fffc1227000 	C:\WINDOWS\System32\CRYPT32.dll
0x00007fffbfff0000 - 0x00007fffc0020000 	C:\WINDOWS\SYSTEM32\ncrypt.dll
0x00007fffbffa0000 - 0x00007fffbffdf000 	C:\WINDOWS\SYSTEM32\NTASN1.dll
0x00007fffa3df0000 - 0x00007fffa3df8000 	C:\WINDOWS\system32\wshunix.dll

dbghelp: loaded successfully - version: 4.0.5 - missing functions: none
symbol engine: initialized successfully - sym options: 0x614 - pdb path: .;C:\Program Files\Eclipse Adoptium\jdk-17.0.15.6-hotspot\bin;C:\WINDOWS\SYSTEM32;C:\ProgramData\Symantec\Symantec Endpoint Protection\14.3.9205.6000.105\Data\Sysfer\x64;C:\WINDOWS\WinSxS\amd64_microsoft.windows.common-controls_6595b64144ccf1df_6.0.26100.3912_none_3e07963ce335137e;C:\Program Files\Eclipse Adoptium\jdk-17.0.15.6-hotspot\bin\server;C:\Users\karth\.gradle\native\68d5fa5c4cc2d200863cafc0d521ce42e7d3e7ee720ec0a83991735586a16f82\windows-amd64;C:\Users\karth\.gradle\native\e376f236ea51e6404a007f0833ffe2c6e607c4080706a723a18a27aeea778392\windows-amd64

VM Arguments:
jvm_args: -XX:MaxMetaspaceSize=512m --add-opens=java.base/java.util=ALL-UNNAMED --add-opens=java.base/java.lang=ALL-UNNAMED --add-opens=java.base/java.lang.invoke=ALL-UNNAMED --add-opens=java.prefs/java.util.prefs=ALL-UNNAMED --add-opens=java.base/java.nio.charset=ALL-UNNAMED --add-opens=java.base/java.net=ALL-UNNAMED --add-opens=java.base/java.util.concurrent.atomic=ALL-UNNAMED -Xmx2048m -Dfile.encoding=UTF-8 -Duser.country=CA -Duser.language=en -Duser.variant 
java_command: org.gradle.launcher.daemon.bootstrap.GradleDaemon 8.0.1
java_class_path (initial): C:\Users\karth\.gradle\wrapper\dists\gradle-8.0.1-all\aro4hu1c3oeioove7l0i4i14o\gradle-8.0.1\lib\gradle-launcher-8.0.1.jar
Launcher Type: SUN_STANDARD

[Global flags]
     intx CICompilerCount                          = 12                                        {product} {ergonomic}
   size_t CompressedClassSpaceSize                 = 436207616                                 {product} {ergonomic}
     uint ConcGCThreads                            = 3                                         {product} {ergonomic}
     uint G1ConcRefinementThreads                  = 13                                        {product} {ergonomic}
   size_t G1HeapRegionSize                         = 1048576                                   {product} {ergonomic}
    uintx GCDrainStackTargetSize                   = 64                                        {product} {ergonomic}
   size_t InitialHeapSize                          = 264241152                                 {product} {ergonomic}
   size_t MarkStackSize                            = 4194304                                   {product} {ergonomic}
   size_t MaxHeapSize                              = 2147483648                                {product} {command line}
   size_t MaxMetaspaceSize                         = 536870912                                 {product} {command line}
   size_t MaxNewSize                               = 1287651328                                {product} {ergonomic}
   size_t MinHeapDeltaBytes                        = 1048576                                   {product} {ergonomic}
   size_t MinHeapSize                              = 8388608                                   {product} {ergonomic}
    uintx NonNMethodCodeHeapSize                   = 7602480                                {pd product} {ergonomic}
    uintx NonProfiledCodeHeapSize                  = 122027880                              {pd product} {ergonomic}
    uintx ProfiledCodeHeapSize                     = 122027880                              {pd product} {ergonomic}
    uintx ReservedCodeCacheSize                    = 251658240                              {pd product} {ergonomic}
     bool SegmentedCodeCache                       = true                                      {product} {ergonomic}
   size_t SoftMaxHeapSize                          = 2147483648                             {manageable} {ergonomic}
     bool UseCompressedClassPointers               = true                           {product lp64_product} {ergonomic}
     bool UseCompressedOops                        = true                           {product lp64_product} {ergonomic}
     bool UseG1GC                                  = true                                      {product} {ergonomic}
     bool UseLargePagesIndividualAllocation        = false                                  {pd product} {ergonomic}

Logging:
Log output configuration:
 #0: stdout all=warning uptime,level,tags
 #1: stderr all=off uptime,level,tags

Environment Variables:
JAVA_HOME=C:\Program Files\Java\jdk-23
CLASSPATH=C:\Users\karth\CascadeProjects\MobileAppAndroid\android\\gradle\wrapper\gradle-wrapper.jar
PATH=C:\Users\karth\CascadeProjects\MobileAppAndroid\node_modules\.bin;C:\Users\karth\CascadeProjects\MobileAppAndroid\node_modules\.bin;C:\Users\karth\CascadeProjects\node_modules\.bin;C:\Users\karth\node_modules\.bin;C:\Users\node_modules\.bin;C:\node_modules\.bin;C:\Program Files\nodejs\node_modules\npm\node_modules\@npmcli\run-script\lib\node-gyp-bin;C:\Users\karth\CascadeProjects\MobileAppAndroid\node_modules\.bin;C:\Users\karth\CascadeProjects\MobileAppAndroid\node_modules\.bin;C:\Users\karth\CascadeProjects\node_modules\.bin;C:\Users\karth\node_modules\.bin;C:\Users\node_modules\.bin;C:\node_modules\.bin;C:\Program Files\nodejs\node_modules\npm\node_modules\@npmcli\run-script\lib\node-gyp-bin;C:\Program Files\Eclipse Adoptium\jdk-17.0.15.6-hotspot\bin;C:\Program Files\Common Files\Oracle\Java\javapath;C:\WINDOWS\system32;C:\WINDOWS;C:\WINDOWS\System32\Wbem;C:\WINDOWS\System32\WindowsPowerShell\v1.0\;C:\WINDOWS\System32\OpenSSH\;C:\Program Files\nodejs\;C:\Program Files (x86)\nikto\program;C:\Program Files (x86)\curl;D:\GoWorkspace\bin;C:\Program Files\Go\bin;C:\Program Files\Git\cmd;C:\Users\karth\AppData\Local\Android\Sdk;C:\Users\karth\AppData\Local\Android\Sdk\platform-tools;C:\Program Files\Eclipse Adoptium\jdk-17.0.15.6-hotspot\bin;C:\Program Files\Common Files\Oracle\Java\javapath;C:\WINDOWS\system32;C:\WINDOWS;C:\WINDOWS\System32\Wbem;C:\WINDOWS\System32\WindowsPowerShell\v1.0\;C:\WINDOWS\System32\OpenSSH\;C:\Program Files\nodejs\;C:\Program Files\Git\cmd;C:\Users\karth\AppData\Local\Microsoft\WindowsApps;C:\Users\karth\AppData\Local\Programs\Microsoft VS Code\bin;C:\Users\karth\AppData\Roaming\npm;C:\Users\karth\go\bin;C:\Users\karth\AppData\Local\Programs\Windsurf\bin
USERNAME=karth
OS=Windows_NT
PROCESSOR_IDENTIFIER=Intel64 Family 6 Model 154 Stepping 3, GenuineIntel
TMP=C:\Users\karth\AppData\Local\Temp
TEMP=C:\Users\karth\AppData\Local\Temp



Periodic native trim disabled


---------------  S Y S T E M  ---------------

OS:
 Windows 11 , 64 bit Build 26100 (10.0.26100.3912)
OS uptime: 10 days 15:58 hours
Hyper-V role detected

CPU: total 16 (initial active 16) (8 cores per cpu, 2 threads per core) family 6 model 154 stepping 3 microcode 0x416, cx8, cmov, fxsr, ht, mmx, 3dnowpref, sse, sse2, sse3, ssse3, sse4.1, sse4.2, popcnt, lzcnt, tsc, tscinvbit, avx, avx2, aes, erms, clmul, bmi1, bmi2, adx, sha, fma, vzeroupper, clflush, clflushopt, clwb, hv
Processor Information for processor 0
  Max Mhz: 2100, Current Mhz: 2100, Mhz Limit: 2100
Processor Information for processor 1
  Max Mhz: 2100, Current Mhz: 2100, Mhz Limit: 2100
Processor Information for processor 2
  Max Mhz: 2100, Current Mhz: 2100, Mhz Limit: 2100
Processor Information for processor 3
  Max Mhz: 2100, Current Mhz: 2100, Mhz Limit: 2100
Processor Information for processor 4
  Max Mhz: 2100, Current Mhz: 2100, Mhz Limit: 2100
Processor Information for processor 5
  Max Mhz: 2100, Current Mhz: 2100, Mhz Limit: 2100
Processor Information for processor 6
  Max Mhz: 2100, Current Mhz: 2100, Mhz Limit: 2100
Processor Information for processor 7
  Max Mhz: 2100, Current Mhz: 2100, Mhz Limit: 2100
Processor Information for processor 8
  Max Mhz: 2100, Current Mhz: 1500, Mhz Limit: 1491
Processor Information for processor 9
  Max Mhz: 2100, Current Mhz: 1500, Mhz Limit: 1491
Processor Information for processor 10
  Max Mhz: 2100, Current Mhz: 1500, Mhz Limit: 1491
Processor Information for processor 11
  Max Mhz: 2100, Current Mhz: 1500, Mhz Limit: 1491
Processor Information for processor 12
  Max Mhz: 2100, Current Mhz: 1500, Mhz Limit: 1491
Processor Information for processor 13
  Max Mhz: 2100, Current Mhz: 1500, Mhz Limit: 1491
Processor Information for processor 14
  Max Mhz: 2100, Current Mhz: 1500, Mhz Limit: 1491
Processor Information for processor 15
  Max Mhz: 2100, Current Mhz: 1500, Mhz Limit: 1491

Memory: 4k page, system-wide physical 16088M (0M free)
TotalPageFile size 64210M (AvailPageFile size 19M)
current process WorkingSet (physical memory assigned to process): 20M, peak: 219M
current process commit charge ("private bytes"): 345M, peak: 427M

vm_info: OpenJDK 64-Bit Server VM (17.0.15+6) for windows-amd64 JRE (17.0.15+6), built on Apr 15 2025 21:25:47 by "admin" with MS VC++ 17.7 (VS2022)

END.
