#
# There is insufficient memory for the Java Runtime Environment to continue.
# Native memory allocation (mmap) failed to map 62914560 bytes. Error detail: G1 virtual space
# Possible reasons:
#   The system is out of physical RAM or swap space
#   This process is running with CompressedOops enabled, and the Java Heap may be blocking the growth of the native heap
# Possible solutions:
#   Reduce memory load on the system
#   Increase physical memory or swap space
#   Check if swap backing store is full
#   Decrease Java heap size (-Xmx/-Xms)
#   Decrease number of Java threads
#   Decrease Java thread stack sizes (-Xss)
#   Set larger code cache with -XX:ReservedCodeCacheSize=
#   JVM is running with Unscaled Compressed Oops mode in which the Java heap is
#     placed in the first 4GB address space. The Java Heap base address is the
#     maximum limit for the native heap growth. Please use -XX:HeapBaseMinAddress
#     to set the Java Heap base and to place the Java Heap above 4GB virtual address.
# This output file may be truncated or incomplete.
#
#  Out of Memory Error (os_windows.cpp:3618), pid=51244, tid=32348
#
# JRE version: OpenJDK Runtime Environment Temurin-17.0.15+6 (17.0.15+6) (build 17.0.15+6)
# Java VM: OpenJDK 64-Bit Server VM Temurin-17.0.15+6 (17.0.15+6, mixed mode, sharing, tiered, compressed oops, compressed class ptrs, g1 gc, windows-amd64)
# No core dump will be written. Minidumps are not enabled by default on client versions of Windows
#

---------------  S U M M A R Y ------------

Command Line: -XX:MaxMetaspaceSize=512m --add-opens=java.base/java.util=ALL-UNNAMED --add-opens=java.base/java.lang=ALL-UNNAMED --add-opens=java.base/java.lang.invoke=ALL-UNNAMED --add-opens=java.prefs/java.util.prefs=ALL-UNNAMED --add-opens=java.base/java.nio.charset=ALL-UNNAMED --add-opens=java.base/java.net=ALL-UNNAMED --add-opens=java.base/java.util.concurrent.atomic=ALL-UNNAMED -Xmx2048m -Dfile.encoding=UTF-8 -Duser.country=CA -Duser.language=en -Duser.variant org.gradle.launcher.daemon.bootstrap.GradleDaemon 8.0.1

Host: 12th Gen Intel(R) Core(TM) i7-1260P, 16 cores, 15G,  Windows 11 , 64 bit Build 26100 (10.0.26100.3912)
Time: Mon May 26 02:12:10 2025 Eastern Daylight Time elapsed time: 8181.535499 seconds (0d 2h 16m 21s)

---------------  T H R E A D  ---------------

Current thread (0x0000020a7a157010):  VMThread "VM Thread" [stack: 0x0000004688b00000,0x0000004688c00000] [id=32348]

Stack: [0x0000004688b00000,0x0000004688c00000]
Native frames: (J=compiled Java code, j=interpreted, Vv=VM code, C=native code)
V  [jvm.dll+0x682fc9]
V  [jvm.dll+0x839878]
V  [jvm.dll+0x83b323]
V  [jvm.dll+0x83b993]
V  [jvm.dll+0x24725f]
V  [jvm.dll+0x67fda9]
V  [jvm.dll+0x674c9a]
V  [jvm.dll+0x304d06]
V  [jvm.dll+0x30c1c6]
V  [jvm.dll+0x35dd4e]
V  [jvm.dll+0x35df8d]
V  [jvm.dll+0x2dc0cc]
V  [jvm.dll+0x2da46f]
V  [jvm.dll+0x2d9bdc]
V  [jvm.dll+0x31d3bb]
V  [jvm.dll+0x8401cd]
V  [jvm.dll+0x840f03]
V  [jvm.dll+0x84142f]
V  [jvm.dll+0x841814]
V  [jvm.dll+0x8418de]
V  [jvm.dll+0x7e94dc]
V  [jvm.dll+0x681ea7]
C  [ucrtbase.dll+0x37b0]
C  [KERNEL32.DLL+0x2e8d7]
C  [ntdll.dll+0x9c5dc]

VM_Operation (0x00000046884fcf40): G1CollectForAllocation, mode: safepoint, requested by thread 0x0000020a1b470eb0


---------------  P R O C E S S  ---------------

Threads class SMR info:
_java_thread_list=0x0000020a1d1f6910, length=80, elements={
0x0000020a5abc26e0, 0x0000020a7a15b080, 0x0000020a7a15c6c0, 0x0000020a7a16d370,
0x0000020a7a16fd50, 0x0000020a7a170620, 0x0000020a7a170ef0, 0x0000020a7a171af0,
0x0000020a7a174f80, 0x0000020a7a17bf80, 0x0000020a7a5550e0, 0x0000020a7a563e00,
0x0000020a1bfbf660, 0x0000020a1b6c7d70, 0x0000020a1b470eb0, 0x0000020a1c259120,
0x0000020a1c259600, 0x0000020a1bfcc650, 0x0000020a7a5101d0, 0x0000020a7a50ca20,
0x0000020a7a50cf30, 0x0000020a7a50e370, 0x0000020a7a50f2a0, 0x0000020a7a50de60,
0x0000020a7a50ed90, 0x0000020a7a50e880, 0x0000020a7a50fcc0, 0x0000020a1c5bf100,
0x0000020a1c5bf610, 0x0000020a1c5bfb20, 0x0000020a1c5c1470, 0x0000020a1c5c0030,
0x0000020a1c5be6e0, 0x0000020a1c5c0a50, 0x0000020a1c5c1980, 0x0000020a1c5c0f60,
0x0000020a1c5be1d0, 0x0000020a7a50d950, 0x0000020a7a50f7b0, 0x0000020a7f3a5640,
0x0000020a7f3a6f90, 0x0000020a7f3a6060, 0x0000020a7f3a6570, 0x0000020a7f3a7ec0,
0x0000020a7f3a79b0, 0x0000020a7f3a4710, 0x0000020a7f3a5b50, 0x0000020a7f3a6a80,
0x0000020a7f3a74a0, 0x0000020a7f3a83d0, 0x0000020a7f3a4c20, 0x0000020a7f3a88e0,
0x0000020a7f3a5130, 0x0000020a7f3a9300, 0x0000020a7f3ac090, 0x0000020a7f3ab670,
0x0000020a7f3a9810, 0x0000020a7f3a9d20, 0x0000020a7f3aa230, 0x0000020a7f3abb80,
0x0000020a7f3ab160, 0x0000020a7f3aa740, 0x0000020a7f3aac50, 0x0000020a7f3a8df0,
0x0000020a1c193cb0, 0x0000020a1c196530, 0x0000020a1c196020, 0x0000020a1c194be0,
0x0000020a1c196a40, 0x0000020a1c196f50, 0x0000020a1c197460, 0x0000020a1c1941c0,
0x0000020a1c195600, 0x0000020a1c1946d0, 0x0000020a1c1950f0, 0x0000020a1c195b10,
0x0000020a1c19cf80, 0x0000020a1c19deb0, 0x0000020a1c19bb40, 0x0000020a1c19c050
}

Java Threads: ( => current thread )
  0x0000020a5abc26e0 JavaThread "main" [_thread_blocked, id=21772, stack(0x0000004688500000,0x0000004688600000)]
  0x0000020a7a15b080 JavaThread "Reference Handler" daemon [_thread_blocked, id=30200, stack(0x0000004688c00000,0x0000004688d00000)]
  0x0000020a7a15c6c0 JavaThread "Finalizer" daemon [_thread_blocked, id=31996, stack(0x0000004688d00000,0x0000004688e00000)]
  0x0000020a7a16d370 JavaThread "Signal Dispatcher" daemon [_thread_blocked, id=38312, stack(0x0000004688e00000,0x0000004688f00000)]
  0x0000020a7a16fd50 JavaThread "Attach Listener" daemon [_thread_blocked, id=51512, stack(0x0000004688f00000,0x0000004689000000)]
  0x0000020a7a170620 JavaThread "Service Thread" daemon [_thread_blocked, id=51624, stack(0x0000004689000000,0x0000004689100000)]
  0x0000020a7a170ef0 JavaThread "Monitor Deflation Thread" daemon [_thread_blocked, id=59384, stack(0x0000004689100000,0x0000004689200000)]
  0x0000020a7a171af0 JavaThread "C2 CompilerThread0" daemon [_thread_blocked, id=8104, stack(0x0000004689200000,0x0000004689300000)]
  0x0000020a7a174f80 JavaThread "C1 CompilerThread0" daemon [_thread_blocked, id=10628, stack(0x0000004689300000,0x0000004689400000)]
  0x0000020a7a17bf80 JavaThread "Sweeper thread" daemon [_thread_blocked, id=33084, stack(0x0000004689400000,0x0000004689500000)]
  0x0000020a7a5550e0 JavaThread "Common-Cleaner" daemon [_thread_blocked, id=52924, stack(0x0000004689500000,0x0000004689600000)]
  0x0000020a7a563e00 JavaThread "Notification Thread" daemon [_thread_blocked, id=52264, stack(0x0000004689600000,0x0000004689700000)]
  0x0000020a1bfbf660 JavaThread "Daemon health stats" [_thread_blocked, id=56276, stack(0x0000004689d00000,0x0000004689e00000)]
  0x0000020a1b6c7d70 JavaThread "Incoming local TCP Connector on port 34445" [_thread_in_native, id=57752, stack(0x0000004689e00000,0x0000004689f00000)]
  0x0000020a1b470eb0 JavaThread "Daemon periodic checks" [_thread_blocked, id=13196, stack(0x0000004688400000,0x0000004688500000)]
  0x0000020a1c259120 JavaThread "Daemon" [_thread_blocked, id=68440, stack(0x0000004689f00000,0x000000468a000000)]
  0x0000020a1c259600 JavaThread "Handler for socket connection from /127.0.0.1:34445 to /127.0.0.1:34526" [_thread_in_native, id=32284, stack(0x000000468a000000,0x000000468a100000)]
  0x0000020a1bfcc650 JavaThread "Cancel handler" [_thread_blocked, id=7904, stack(0x000000468a100000,0x000000468a200000)]
  0x0000020a7a5101d0 JavaThread "Daemon worker" [_thread_blocked, id=29920, stack(0x000000468a300000,0x000000468a400000)]
  0x0000020a7a50ca20 JavaThread "Asynchronous log dispatcher for DefaultDaemonConnection: socket connection from /127.0.0.1:34445 to /127.0.0.1:34526" [_thread_blocked, id=57060, stack(0x000000468a400000,0x000000468a500000)]
  0x0000020a7a50cf30 JavaThread "Daemon client event forwarder" [_thread_blocked, id=28200, stack(0x000000468ad00000,0x000000468ae00000)]
  0x0000020a7a50e370 JavaThread "Cache worker for journal cache (C:\Users\karth\.gradle\caches\journal-1)" [_thread_blocked, id=38992, stack(0x000000468ae00000,0x000000468af00000)]
  0x0000020a7a50f2a0 JavaThread "File lock request listener" [_thread_blocked, id=66596, stack(0x000000468af00000,0x000000468b000000)]
  0x0000020a7a50de60 JavaThread "Cache worker for file hash cache (C:\Users\karth\.gradle\caches\8.0.1\fileHashes)" [_thread_blocked, id=67388, stack(0x0000004688200000,0x0000004688300000)]
  0x0000020a7a50ed90 JavaThread "File watcher server" daemon [_thread_in_native, id=64600, stack(0x000000468b200000,0x000000468b300000)]
  0x0000020a7a50e880 JavaThread "File watcher consumer" daemon [_thread_blocked, id=33992, stack(0x000000468b300000,0x000000468b400000)]
  0x0000020a7a50fcc0 JavaThread "Cache worker for checksums cache (C:\Users\karth\CascadeProjects\MobileAppAndroid\android\.gradle\8.0.1\checksums)" [_thread_blocked, id=55404, stack(0x000000468b400000,0x000000468b500000)]
  0x0000020a1c5bf100 JavaThread "Cache worker for cache directory md-rule (C:\Users\karth\.gradle\caches\8.0.1\md-rule)" [_thread_blocked, id=29500, stack(0x000000468b500000,0x000000468b600000)]
  0x0000020a1c5bf610 JavaThread "Cache worker for file content cache (C:\Users\karth\.gradle\caches\8.0.1\fileContent)" [_thread_blocked, id=51148, stack(0x000000468b600000,0x000000468b700000)]
  0x0000020a1c5bfb20 JavaThread "Cache worker for file hash cache (C:\Users\karth\CascadeProjects\MobileAppAndroid\android\.gradle\8.0.1\fileHashes)" [_thread_blocked, id=59984, stack(0x000000468b900000,0x000000468ba00000)]
  0x0000020a1c5c1470 JavaThread "Cache worker for cache directory md-supplier (C:\Users\karth\.gradle\caches\8.0.1\md-supplier)" [_thread_blocked, id=14116, stack(0x000000468ba00000,0x000000468bb00000)]
  0x0000020a1c5c0030 JavaThread "Cache worker for execution history cache (C:\Users\karth\.gradle\caches\8.0.1\executionHistory)" [_thread_blocked, id=64592, stack(0x000000468bb00000,0x000000468bc00000)]
  0x0000020a1c5be6e0 JavaThread "jar transforms" [_thread_blocked, id=59336, stack(0x000000468b100000,0x000000468b200000)]
  0x0000020a1c5c0a50 JavaThread "jar transforms Thread 2" [_thread_blocked, id=39288, stack(0x000000468b000000,0x000000468b100000)]
  0x0000020a1c5c1980 JavaThread "jar transforms Thread 3" [_thread_blocked, id=53776, stack(0x000000468bc00000,0x000000468bd00000)]
  0x0000020a1c5c0f60 JavaThread "jar transforms Thread 4" [_thread_blocked, id=13628, stack(0x000000468bd00000,0x000000468be00000)]
  0x0000020a1c5be1d0 JavaThread "Cache worker for kotlin-dsl (C:\Users\karth\.gradle\caches\8.0.1\kotlin-dsl)" [_thread_blocked, id=7780, stack(0x0000004688300000,0x0000004688400000)]
  0x0000020a7a50d950 JavaThread "File lock release action executor Thread 2" [_thread_blocked, id=63820, stack(0x000000468a200000,0x000000468a300000)]
  0x0000020a7a50f7b0 JavaThread "jar transforms Thread 5" [_thread_blocked, id=31756, stack(0x000000468a500000,0x000000468a600000)]
  0x0000020a7f3a5640 JavaThread "jar transforms Thread 6" [_thread_blocked, id=15076, stack(0x000000468be00000,0x000000468bf00000)]
  0x0000020a7f3a6f90 JavaThread "Cache worker for dependencies-accessors (C:\Users\karth\CascadeProjects\MobileAppAndroid\android\.gradle\8.0.1\dependencies-accessors)" [_thread_blocked, id=53660, stack(0x000000468bf00000,0x000000468c000000)]
  0x0000020a7f3a6060 JavaThread "Cache worker for Build Output Cleanup Cache (C:\Users\karth\CascadeProjects\MobileAppAndroid\node_modules\@react-native\gradle-plugin\.gradle\buildOutputCleanup)" [_thread_blocked, id=69592, stack(0x000000468c000000,0x000000468c100000)]
  0x0000020a7f3a6570 JavaThread "jar transforms Thread 7" [_thread_blocked, id=28616, stack(0x000000468c100000,0x000000468c200000)]
  0x0000020a7f3a7ec0 JavaThread "Unconstrained build operations" [_thread_blocked, id=43472, stack(0x000000468c300000,0x000000468c400000)]
  0x0000020a7f3a79b0 JavaThread "Unconstrained build operations Thread 2" [_thread_blocked, id=2756, stack(0x000000468c400000,0x000000468c500000)]
  0x0000020a7f3a4710 JavaThread "Unconstrained build operations Thread 3" [_thread_blocked, id=39656, stack(0x000000468c500000,0x000000468c600000)]
  0x0000020a7f3a5b50 JavaThread "Unconstrained build operations Thread 4" [_thread_blocked, id=28056, stack(0x000000468c600000,0x000000468c700000)]
  0x0000020a7f3a6a80 JavaThread "Unconstrained build operations Thread 5" [_thread_blocked, id=70540, stack(0x000000468c700000,0x000000468c800000)]
  0x0000020a7f3a74a0 JavaThread "Unconstrained build operations Thread 6" [_thread_blocked, id=53136, stack(0x000000468c800000,0x000000468c900000)]
  0x0000020a7f3a83d0 JavaThread "Unconstrained build operations Thread 7" [_thread_blocked, id=70400, stack(0x000000468c900000,0x000000468ca00000)]
  0x0000020a7f3a4c20 JavaThread "Unconstrained build operations Thread 8" [_thread_blocked, id=47336, stack(0x000000468ca00000,0x000000468cb00000)]
  0x0000020a7f3a88e0 JavaThread "Unconstrained build operations Thread 9" [_thread_blocked, id=55972, stack(0x000000468cb00000,0x000000468cc00000)]
  0x0000020a7f3a5130 JavaThread "Unconstrained build operations Thread 10" [_thread_blocked, id=28332, stack(0x000000468cc00000,0x000000468cd00000)]
  0x0000020a7f3a9300 JavaThread "Unconstrained build operations Thread 11" [_thread_blocked, id=70108, stack(0x000000468cd00000,0x000000468ce00000)]
  0x0000020a7f3ac090 JavaThread "Unconstrained build operations Thread 12" [_thread_blocked, id=45472, stack(0x000000468ce00000,0x000000468cf00000)]
  0x0000020a7f3ab670 JavaThread "Unconstrained build operations Thread 13" [_thread_blocked, id=30304, stack(0x000000468cf00000,0x000000468d000000)]
  0x0000020a7f3a9810 JavaThread "Unconstrained build operations Thread 14" [_thread_blocked, id=70124, stack(0x000000468d000000,0x000000468d100000)]
  0x0000020a7f3a9d20 JavaThread "Unconstrained build operations Thread 15" [_thread_blocked, id=69544, stack(0x000000468d100000,0x000000468d200000)]
  0x0000020a7f3aa230 JavaThread "Unconstrained build operations Thread 16" [_thread_blocked, id=67092, stack(0x000000468d200000,0x000000468d300000)]
  0x0000020a7f3abb80 JavaThread "Unconstrained build operations Thread 17" [_thread_blocked, id=69656, stack(0x000000468d300000,0x000000468d400000)]
  0x0000020a7f3ab160 JavaThread "Unconstrained build operations Thread 18" [_thread_blocked, id=37068, stack(0x000000468d400000,0x000000468d500000)]
  0x0000020a7f3aa740 JavaThread "Unconstrained build operations Thread 19" [_thread_blocked, id=28768, stack(0x000000468d500000,0x000000468d600000)]
  0x0000020a7f3aac50 JavaThread "Unconstrained build operations Thread 20" [_thread_blocked, id=50396, stack(0x000000468d600000,0x000000468d700000)]
  0x0000020a7f3a8df0 JavaThread "Unconstrained build operations Thread 21" [_thread_blocked, id=68540, stack(0x000000468d700000,0x000000468d800000)]
  0x0000020a1c193cb0 JavaThread "Unconstrained build operations Thread 22" [_thread_blocked, id=23564, stack(0x000000468d800000,0x000000468d900000)]
  0x0000020a1c196530 JavaThread "Unconstrained build operations Thread 23" [_thread_blocked, id=70416, stack(0x000000468d900000,0x000000468da00000)]
  0x0000020a1c196020 JavaThread "Unconstrained build operations Thread 24" [_thread_blocked, id=50228, stack(0x000000468da00000,0x000000468db00000)]
  0x0000020a1c194be0 JavaThread "Unconstrained build operations Thread 25" [_thread_blocked, id=36480, stack(0x000000468db00000,0x000000468dc00000)]
  0x0000020a1c196a40 JavaThread "Unconstrained build operations Thread 26" [_thread_blocked, id=13216, stack(0x000000468dc00000,0x000000468dd00000)]
  0x0000020a1c196f50 JavaThread "jar transforms Thread 8" [_thread_blocked, id=69556, stack(0x000000468c200000,0x000000468c300000)]
  0x0000020a1c197460 JavaThread "jar transforms Thread 9" [_thread_blocked, id=3760, stack(0x000000468dd00000,0x000000468de00000)]
  0x0000020a1c1941c0 JavaThread "jar transforms Thread 10" [_thread_blocked, id=1696, stack(0x000000468de00000,0x000000468df00000)]
  0x0000020a1c195600 JavaThread "jar transforms Thread 11" [_thread_blocked, id=32676, stack(0x000000468df00000,0x000000468e000000)]
  0x0000020a1c1946d0 JavaThread "jar transforms Thread 12" [_thread_blocked, id=69528, stack(0x000000468e000000,0x000000468e100000)]
  0x0000020a1c1950f0 JavaThread "jar transforms Thread 13" [_thread_blocked, id=70772, stack(0x000000468e100000,0x000000468e200000)]
  0x0000020a1c195b10 JavaThread "jar transforms Thread 14" [_thread_blocked, id=70864, stack(0x000000468e200000,0x000000468e300000)]
  0x0000020a1c19cf80 JavaThread "jar transforms Thread 15" [_thread_blocked, id=42568, stack(0x000000468e300000,0x000000468e400000)]
  0x0000020a1c19deb0 JavaThread "jar transforms Thread 16" [_thread_blocked, id=69296, stack(0x000000468e400000,0x000000468e500000)]
  0x0000020a1c19bb40 JavaThread "Memory manager" [_thread_blocked, id=70296, stack(0x000000468e700000,0x000000468e800000)]
  0x0000020a1c19c050 JavaThread "Cache worker for Build Output Cleanup Cache (C:\Users\karth\CascadeProjects\MobileAppAndroid\android\.gradle\buildOutputCleanup)" [_thread_blocked, id=71700, stack(0x000000468ea00000,0x000000468eb00000)]

Other Threads:
=>0x0000020a7a157010 VMThread "VM Thread" [stack: 0x0000004688b00000,0x0000004688c00000] [id=32348]
  0x0000020a7a5642e0 WatcherThread [stack: 0x0000004689700000,0x0000004689800000] [id=23624]
  0x0000020a5ac1ef90 GCTaskThread "GC Thread#0" [stack: 0x0000004688600000,0x0000004688700000] [id=30688]
  0x0000020a7a7690c0 GCTaskThread "GC Thread#1" [stack: 0x0000004689800000,0x0000004689900000] [id=60700]
  0x0000020a7a769380 GCTaskThread "GC Thread#2" [stack: 0x0000004689900000,0x0000004689a00000] [id=54460]
  0x0000020a7f0a1830 GCTaskThread "GC Thread#3" [stack: 0x0000004689a00000,0x0000004689b00000] [id=51436]
  0x0000020a7f0a1af0 GCTaskThread "GC Thread#4" [stack: 0x0000004689b00000,0x0000004689c00000] [id=64076]
  0x0000020a7f0a1db0 GCTaskThread "GC Thread#5" [stack: 0x0000004689c00000,0x0000004689d00000] [id=33452]
  0x0000020a7f340f10 GCTaskThread "GC Thread#6" [stack: 0x000000468a600000,0x000000468a700000] [id=45088]
  0x0000020a1b58eb70 GCTaskThread "GC Thread#7" [stack: 0x000000468a700000,0x000000468a800000] [id=50432]
  0x0000020a1b44eaa0 GCTaskThread "GC Thread#8" [stack: 0x000000468a800000,0x000000468a900000] [id=31320]
  0x0000020a1b44d760 GCTaskThread "GC Thread#9" [stack: 0x000000468a900000,0x000000468aa00000] [id=25312]
  0x0000020a1b44da20 GCTaskThread "GC Thread#10" [stack: 0x000000468aa00000,0x000000468ab00000] [id=47620]
  0x0000020a1b44dce0 GCTaskThread "GC Thread#11" [stack: 0x000000468ab00000,0x000000468ac00000] [id=62152]
  0x0000020a1b44ed60 GCTaskThread "GC Thread#12" [stack: 0x000000468ac00000,0x000000468ad00000] [id=67156]
  0x0000020a5ac2fdf0 ConcurrentGCThread "G1 Main Marker" [stack: 0x0000004688700000,0x0000004688800000] [id=13148]
  0x0000020a5ac30720 ConcurrentGCThread "G1 Conc#0" [stack: 0x0000004688800000,0x0000004688900000] [id=29664]
  0x0000020a1b44d4a0 ConcurrentGCThread "G1 Conc#1" [stack: 0x000000468b700000,0x000000468b800000] [id=57892]
  0x0000020a1d304910 ConcurrentGCThread "G1 Conc#2" [stack: 0x000000468b800000,0x000000468b900000] [id=53528]
  0x0000020a7a044560 ConcurrentGCThread "G1 Refine#0" [stack: 0x0000004688900000,0x0000004688a00000] [id=47028]
  0x0000020a1e70bb40 ConcurrentGCThread "G1 Refine#1" [stack: 0x000000468e500000,0x000000468e600000] [id=79040]
  0x0000020a1e708660 ConcurrentGCThread "G1 Refine#2" [stack: 0x000000468e600000,0x000000468e700000] [id=79044]
  0x0000020a7a045d50 ConcurrentGCThread "G1 Service" [stack: 0x0000004688a00000,0x0000004688b00000] [id=22076]

Threads with active compile tasks:

VM state: at safepoint (normal execution)

VM Mutex/Monitor currently owned by a thread:  ([mutex/lock_event])
[0x0000020a5917f3d0] Threads_lock - owner thread: 0x0000020a7a157010
[0x0000020a5abbef10] Heap_lock - owner thread: 0x0000020a1b470eb0

Heap address: 0x0000000080000000, size: 2048 MB, Compressed Oops mode: 32-bit

CDS archive(s) mapped at: [0x0000020a00000000-0x0000020a00bb0000-0x0000020a00bb0000), size 12255232, SharedBaseAddress: 0x0000020a00000000, ArchiveRelocationMode: 1.
Compressed class space mapped at: 0x0000020a01000000-0x0000020a1b000000, reserved size: 436207616
Narrow klass base: 0x0000020a00000000, Narrow klass shift: 0, Narrow klass range: 0x100000000

GC Precious Log:
 CPUs: 16 total, 16 available
 Memory: 16088M
 Large Page Support: Disabled
 NUMA Support: Disabled
 Compressed Oops: Enabled (32-bit)
 Heap Region Size: 1M
 Heap Min Capacity: 8M
 Heap Initial Capacity: 252M
 Heap Max Capacity: 2G
 Pre-touch: Disabled
 Parallel Workers: 13
 Concurrent Workers: 3
 Concurrent Refinement Workers: 13
 Periodic GC: Disabled

Heap:
 garbage-first heap   total 114688K, used 52426K [0x0000000080000000, 0x0000000100000000)
  region size 1024K, 2 young (2048K), 2 survivors (2048K)
 Metaspace       used 58226K, committed 59136K, reserved 491520K
  class space    used 8021K, committed 8384K, reserved 425984K

Heap Regions: E=young(eden), S=young(survivor), O=old, HS=humongous(starts), HC=humongous(continues), CS=collection set, F=free, OA=open archive, CA=closed archive, TAMS=top-at-mark-start (previous, next)
|   0|0x0000000080000000, 0x0000000080100000, 0x0000000080100000|100%|HS|  |TAMS 0x0000000080100000, 0x0000000080000000| Complete 
|   1|0x0000000080100000, 0x0000000080200000, 0x0000000080200000|100%|HC|  |TAMS 0x0000000080200000, 0x0000000080100000| Complete 
|   2|0x0000000080200000, 0x0000000080300000, 0x0000000080300000|100%|HC|  |TAMS 0x0000000080300000, 0x0000000080200000| Complete 
|   3|0x0000000080300000, 0x0000000080400000, 0x0000000080400000|100%|HC|  |TAMS 0x0000000080400000, 0x0000000080300000| Complete 
|   4|0x0000000080400000, 0x0000000080500000, 0x0000000080500000|100%| O|  |TAMS 0x0000000080500000, 0x0000000080400000| Untracked 
|   5|0x0000000080500000, 0x0000000080600000, 0x0000000080600000|100%| O|  |TAMS 0x0000000080600000, 0x0000000080500000| Untracked 
|   6|0x0000000080600000, 0x0000000080700000, 0x0000000080700000|100%| O|  |TAMS 0x0000000080700000, 0x0000000080600000| Untracked 
|   7|0x0000000080700000, 0x0000000080800000, 0x0000000080800000|100%| O|  |TAMS 0x0000000080800000, 0x0000000080700000| Untracked 
|   8|0x0000000080800000, 0x0000000080900000, 0x0000000080900000|100%| O|  |TAMS 0x0000000080900000, 0x0000000080800000| Untracked 
|   9|0x0000000080900000, 0x0000000080a00000, 0x0000000080a00000|100%| O|  |TAMS 0x0000000080a00000, 0x0000000080900000| Updating 
|  10|0x0000000080a00000, 0x0000000080b00000, 0x0000000080b00000|100%| O|  |TAMS 0x0000000080b00000, 0x0000000080a00000| Untracked 
|  11|0x0000000080b00000, 0x0000000080c00000, 0x0000000080c00000|100%| O|  |TAMS 0x0000000080c00000, 0x0000000080b00000| Untracked 
|  12|0x0000000080c00000, 0x0000000080d00000, 0x0000000080d00000|100%| O|  |TAMS 0x0000000080d00000, 0x0000000080c00000| Untracked 
|  13|0x0000000080d00000, 0x0000000080d43800, 0x0000000080e00000| 26%| O|  |TAMS 0x0000000080d43800, 0x0000000080d00000| Updating 
|  14|0x0000000080e00000, 0x0000000080f00000, 0x0000000080f00000|100%| O|  |TAMS 0x0000000080f00000, 0x0000000080e00000| Untracked 
|  15|0x0000000080f00000, 0x0000000081000000, 0x0000000081000000|100%| O|  |TAMS 0x0000000081000000, 0x0000000080f00000| Untracked 
|  16|0x0000000081000000, 0x0000000081100000, 0x0000000081100000|100%| O|  |TAMS 0x0000000081100000, 0x0000000081000000| Untracked 
|  17|0x0000000081100000, 0x0000000081200000, 0x0000000081200000|100%| O|  |TAMS 0x0000000081200000, 0x0000000081100000| Untracked 
|  18|0x0000000081200000, 0x0000000081300000, 0x0000000081300000|100%| O|  |TAMS 0x0000000081300000, 0x0000000081200000| Updating 
|  19|0x0000000081300000, 0x0000000081400000, 0x0000000081400000|100%| O|  |TAMS 0x0000000081400000, 0x0000000081300000| Untracked 
|  20|0x0000000081400000, 0x0000000081500000, 0x0000000081500000|100%| O|  |TAMS 0x0000000081500000, 0x0000000081400000| Untracked 
|  21|0x0000000081500000, 0x0000000081600000, 0x0000000081600000|100%| O|  |TAMS 0x0000000081600000, 0x0000000081500000| Untracked 
|  22|0x0000000081600000, 0x0000000081700000, 0x0000000081700000|100%| O|  |TAMS 0x0000000081700000, 0x0000000081600000| Updating 
|  23|0x0000000081700000, 0x0000000081800000, 0x0000000081800000|100%| O|  |TAMS 0x0000000081800000, 0x0000000081700000| Updating 
|  24|0x0000000081800000, 0x0000000081900000, 0x0000000081900000|100%| O|  |TAMS 0x0000000081900000, 0x0000000081800000| Updating 
|  25|0x0000000081900000, 0x0000000081a00000, 0x0000000081a00000|100%| O|  |TAMS 0x0000000081a00000, 0x0000000081900000| Updating 
|  26|0x0000000081a00000, 0x0000000081b00000, 0x0000000081b00000|100%| O|  |TAMS 0x0000000081b00000, 0x0000000081a00000| Updating 
|  27|0x0000000081b00000, 0x0000000081c00000, 0x0000000081c00000|100%| O|  |TAMS 0x0000000081c00000, 0x0000000081b00000| Updating 
|  28|0x0000000081c00000, 0x0000000081d00000, 0x0000000081d00000|100%| O|  |TAMS 0x0000000081d00000, 0x0000000081c00000| Updating 
|  29|0x0000000081d00000, 0x0000000081e00000, 0x0000000081e00000|100%| O|  |TAMS 0x0000000081e00000, 0x0000000081d00000| Updating 
|  30|0x0000000081e00000, 0x0000000081f00000, 0x0000000081f00000|100%| O|  |TAMS 0x0000000081f00000, 0x0000000081e00000| Updating 
|  31|0x0000000081f00000, 0x0000000082000000, 0x0000000082000000|100%| O|  |TAMS 0x0000000082000000, 0x0000000081f00000| Updating 
|  32|0x0000000082000000, 0x0000000082100000, 0x0000000082100000|100%| O|  |TAMS 0x0000000082100000, 0x0000000082000000| Updating 
|  33|0x0000000082100000, 0x0000000082200000, 0x0000000082200000|100%| O|  |TAMS 0x0000000082200000, 0x0000000082100000| Updating 
|  34|0x0000000082200000, 0x0000000082300000, 0x0000000082300000|100%|HS|  |TAMS 0x0000000082300000, 0x0000000082200000| Complete 
|  35|0x0000000082300000, 0x0000000082400000, 0x0000000082400000|100%|HC|  |TAMS 0x0000000082400000, 0x0000000082300000| Complete 
|  36|0x0000000082400000, 0x0000000082500000, 0x0000000082500000|100%|HS|  |TAMS 0x0000000082500000, 0x0000000082400000| Complete 
|  37|0x0000000082500000, 0x0000000082600000, 0x0000000082600000|100%|HC|  |TAMS 0x0000000082600000, 0x0000000082500000| Complete 
|  38|0x0000000082600000, 0x0000000082700000, 0x0000000082700000|100%|HC|  |TAMS 0x0000000082700000, 0x0000000082600000| Complete 
|  39|0x0000000082700000, 0x0000000082800000, 0x0000000082800000|100%|HC|  |TAMS 0x0000000082800000, 0x0000000082700000| Complete 
|  40|0x0000000082800000, 0x0000000082900000, 0x0000000082900000|100%| O|  |TAMS 0x0000000082900000, 0x0000000082800000| Updating 
|  41|0x0000000082900000, 0x0000000082a00000, 0x0000000082a00000|100%| O|  |TAMS 0x0000000082a00000, 0x0000000082900000| Untracked 
|  42|0x0000000082a00000, 0x0000000082b00000, 0x0000000082b00000|100%| O|  |TAMS 0x0000000082b00000, 0x0000000082a00000| Untracked 
|  43|0x0000000082b00000, 0x0000000082c00000, 0x0000000082c00000|100%| O|  |TAMS 0x0000000082c00000, 0x0000000082b00000| Untracked 
|  44|0x0000000082c00000, 0x0000000082d00000, 0x0000000082d00000|100%| O|  |TAMS 0x0000000082d00000, 0x0000000082c00000| Updating 
|  45|0x0000000082d00000, 0x0000000082e00000, 0x0000000082e00000|100%| O|  |TAMS 0x0000000082e00000, 0x0000000082d00000| Untracked 
|  46|0x0000000082e00000, 0x0000000082f00000, 0x0000000082f00000|100%| O|  |TAMS 0x0000000082f00000, 0x0000000082e00000| Updating 
|  47|0x0000000082f00000, 0x0000000083000000, 0x0000000083000000|100%| O|  |TAMS 0x0000000083000000, 0x0000000082f00000| Untracked 
|  48|0x0000000083000000, 0x0000000083100000, 0x0000000083100000|100%| O|  |TAMS 0x0000000083100000, 0x0000000083000000| Updating 
|  49|0x0000000083100000, 0x0000000083200000, 0x0000000083200000|100%| O|  |TAMS 0x0000000083200000, 0x0000000083100000| Updating 
|  50|0x0000000083200000, 0x0000000083234400, 0x0000000083300000| 20%| O|  |TAMS 0x0000000083234400, 0x0000000083200000| Updating 
|  51|0x0000000083300000, 0x0000000083300000, 0x0000000083400000|  0%| F|  |TAMS 0x0000000083300000, 0x0000000083300000| Untracked 
|  52|0x0000000083400000, 0x0000000083400000, 0x0000000083500000|  0%| F|  |TAMS 0x0000000083400000, 0x0000000083400000| Untracked 
|  53|0x0000000083500000, 0x0000000083500000, 0x0000000083600000|  0%| F|  |TAMS 0x0000000083500000, 0x0000000083500000| Untracked 
|  54|0x0000000083600000, 0x0000000083600000, 0x0000000083700000|  0%| F|  |TAMS 0x0000000083600000, 0x0000000083600000| Untracked 
|  55|0x0000000083700000, 0x0000000083700000, 0x0000000083800000|  0%| F|  |TAMS 0x0000000083700000, 0x0000000083700000| Untracked 
|  56|0x0000000083800000, 0x0000000083800000, 0x0000000083900000|  0%| F|  |TAMS 0x0000000083800000, 0x0000000083800000| Untracked 
|  57|0x0000000083900000, 0x0000000083900000, 0x0000000083a00000|  0%| F|  |TAMS 0x0000000083900000, 0x0000000083900000| Untracked 
|  58|0x0000000083a00000, 0x0000000083a00000, 0x0000000083b00000|  0%| F|  |TAMS 0x0000000083a00000, 0x0000000083a00000| Untracked 
|  59|0x0000000083b00000, 0x0000000083b00000, 0x0000000083c00000|  0%| F|  |TAMS 0x0000000083b00000, 0x0000000083b00000| Untracked 
|  60|0x0000000083c00000, 0x0000000083c00000, 0x0000000083d00000|  0%| F|  |TAMS 0x0000000083c00000, 0x0000000083c00000| Untracked 
|  61|0x0000000083d00000, 0x0000000083d00000, 0x0000000083e00000|  0%| F|  |TAMS 0x0000000083d00000, 0x0000000083d00000| Untracked 
|  62|0x0000000083e00000, 0x0000000083e00000, 0x0000000083f00000|  0%| F|  |TAMS 0x0000000083e00000, 0x0000000083e00000| Untracked 
|  63|0x0000000083f00000, 0x0000000083f00000, 0x0000000084000000|  0%| F|  |TAMS 0x0000000083f00000, 0x0000000083f00000| Untracked 
|  64|0x0000000084000000, 0x0000000084000000, 0x0000000084100000|  0%| F|  |TAMS 0x0000000084000000, 0x0000000084000000| Untracked 
|  65|0x0000000084100000, 0x0000000084100000, 0x0000000084200000|  0%| F|  |TAMS 0x0000000084100000, 0x0000000084100000| Untracked 
|  66|0x0000000084200000, 0x0000000084200000, 0x0000000084300000|  0%| F|  |TAMS 0x0000000084200000, 0x0000000084200000| Untracked 
|  67|0x0000000084300000, 0x0000000084300000, 0x0000000084400000|  0%| F|  |TAMS 0x0000000084300000, 0x0000000084300000| Untracked 
|  68|0x0000000084400000, 0x0000000084400000, 0x0000000084500000|  0%| F|  |TAMS 0x0000000084400000, 0x0000000084400000| Untracked 
|  69|0x0000000084500000, 0x0000000084500000, 0x0000000084600000|  0%| F|  |TAMS 0x0000000084500000, 0x0000000084500000| Untracked 
|  70|0x0000000084600000, 0x0000000084600000, 0x0000000084700000|  0%| F|  |TAMS 0x0000000084600000, 0x0000000084600000| Untracked 
|  71|0x0000000084700000, 0x0000000084700000, 0x0000000084800000|  0%| F|  |TAMS 0x0000000084700000, 0x0000000084700000| Untracked 
|  72|0x0000000084800000, 0x0000000084800000, 0x0000000084900000|  0%| F|  |TAMS 0x0000000084800000, 0x0000000084800000| Untracked 
|  73|0x0000000084900000, 0x0000000084900000, 0x0000000084a00000|  0%| F|  |TAMS 0x0000000084900000, 0x0000000084900000| Untracked 
|  74|0x0000000084a00000, 0x0000000084a00000, 0x0000000084b00000|  0%| F|  |TAMS 0x0000000084a00000, 0x0000000084a00000| Untracked 
|  75|0x0000000084b00000, 0x0000000084b00000, 0x0000000084c00000|  0%| F|  |TAMS 0x0000000084b00000, 0x0000000084b00000| Untracked 
|  76|0x0000000084c00000, 0x0000000084c00000, 0x0000000084d00000|  0%| F|  |TAMS 0x0000000084c00000, 0x0000000084c00000| Untracked 
|  77|0x0000000084d00000, 0x0000000084d00000, 0x0000000084e00000|  0%| F|  |TAMS 0x0000000084d00000, 0x0000000084d00000| Untracked 
|  78|0x0000000084e00000, 0x0000000084e00000, 0x0000000084f00000|  0%| F|  |TAMS 0x0000000084e00000, 0x0000000084e00000| Untracked 
|  79|0x0000000084f00000, 0x0000000084f00000, 0x0000000085000000|  0%| F|  |TAMS 0x0000000084f00000, 0x0000000084f00000| Untracked 
|  80|0x0000000085000000, 0x0000000085000000, 0x0000000085100000|  0%| F|  |TAMS 0x0000000085000000, 0x0000000085000000| Untracked 
|  81|0x0000000085100000, 0x0000000085100000, 0x0000000085200000|  0%| F|  |TAMS 0x0000000085100000, 0x0000000085100000| Untracked 
|  82|0x0000000085200000, 0x0000000085200000, 0x0000000085300000|  0%| F|  |TAMS 0x0000000085200000, 0x0000000085200000| Untracked 
|  83|0x0000000085300000, 0x00000000853baf30, 0x0000000085400000| 73%| S|CS|TAMS 0x0000000085300000, 0x0000000085300000| Complete 
|  84|0x0000000085400000, 0x0000000085500000, 0x0000000085500000|100%| S|CS|TAMS 0x0000000085400000, 0x0000000085400000| Complete 
|  85|0x0000000085500000, 0x0000000085500000, 0x0000000085600000|  0%| F|  |TAMS 0x0000000085500000, 0x0000000085500000| Untracked 
|  86|0x0000000085600000, 0x0000000085600000, 0x0000000085700000|  0%| F|  |TAMS 0x0000000085600000, 0x0000000085600000| Untracked 
|  87|0x0000000085700000, 0x0000000085700000, 0x0000000085800000|  0%| F|  |TAMS 0x0000000085700000, 0x0000000085700000| Untracked 
|  88|0x0000000085800000, 0x0000000085800000, 0x0000000085900000|  0%| F|  |TAMS 0x0000000085800000, 0x0000000085800000| Untracked 
|  89|0x0000000085900000, 0x0000000085900000, 0x0000000085a00000|  0%| F|  |TAMS 0x0000000085900000, 0x0000000085900000| Untracked 
|  90|0x0000000085a00000, 0x0000000085a00000, 0x0000000085b00000|  0%| F|  |TAMS 0x0000000085a00000, 0x0000000085a00000| Untracked 
|  91|0x0000000085b00000, 0x0000000085b00000, 0x0000000085c00000|  0%| F|  |TAMS 0x0000000085b00000, 0x0000000085b00000| Untracked 
|  92|0x0000000085c00000, 0x0000000085c00000, 0x0000000085d00000|  0%| F|  |TAMS 0x0000000085c00000, 0x0000000085c00000| Untracked 
|  93|0x0000000085d00000, 0x0000000085d00000, 0x0000000085e00000|  0%| F|  |TAMS 0x0000000085d00000, 0x0000000085d00000| Untracked 
|  94|0x0000000085e00000, 0x0000000085e00000, 0x0000000085f00000|  0%| F|  |TAMS 0x0000000085e00000, 0x0000000085e00000| Untracked 
|  95|0x0000000085f00000, 0x0000000085f00000, 0x0000000086000000|  0%| F|  |TAMS 0x0000000085f00000, 0x0000000085f00000| Untracked 
|  96|0x0000000086000000, 0x0000000086000000, 0x0000000086100000|  0%| F|  |TAMS 0x0000000086000000, 0x0000000086000000| Untracked 
|  97|0x0000000086100000, 0x0000000086100000, 0x0000000086200000|  0%| F|  |TAMS 0x0000000086100000, 0x0000000086100000| Untracked 
| 158|0x0000000089e00000, 0x0000000089e00000, 0x0000000089f00000|  0%| F|  |TAMS 0x0000000089e00000, 0x0000000089e00000| Untracked 
| 159|0x0000000089f00000, 0x0000000089f00000, 0x000000008a000000|  0%| F|  |TAMS 0x0000000089f00000, 0x0000000089f00000| Untracked 
| 160|0x000000008a000000, 0x000000008a000000, 0x000000008a100000|  0%| F|  |TAMS 0x000000008a000000, 0x000000008a000000| Untracked 
| 161|0x000000008a100000, 0x000000008a100000, 0x000000008a200000|  0%| F|  |TAMS 0x000000008a100000, 0x000000008a100000| Untracked 
| 162|0x000000008a200000, 0x000000008a200000, 0x000000008a300000|  0%| F|  |TAMS 0x000000008a200000, 0x000000008a200000| Untracked 
| 163|0x000000008a300000, 0x000000008a300000, 0x000000008a400000|  0%| F|  |TAMS 0x000000008a300000, 0x000000008a300000| Untracked 
| 164|0x000000008a400000, 0x000000008a400000, 0x000000008a500000|  0%| F|  |TAMS 0x000000008a400000, 0x000000008a400000| Untracked 
| 165|0x000000008a500000, 0x000000008a500000, 0x000000008a600000|  0%| F|  |TAMS 0x000000008a500000, 0x000000008a500000| Untracked 
| 166|0x000000008a600000, 0x000000008a600000, 0x000000008a700000|  0%| F|  |TAMS 0x000000008a600000, 0x000000008a600000| Untracked 
| 247|0x000000008f700000, 0x000000008f700000, 0x000000008f800000|  0%| F|  |TAMS 0x000000008f700000, 0x000000008f700000| Untracked 
| 248|0x000000008f800000, 0x000000008f800000, 0x000000008f900000|  0%| F|  |TAMS 0x000000008f800000, 0x000000008f800000| Untracked 
| 249|0x000000008f900000, 0x000000008f900000, 0x000000008fa00000|  0%| F|  |TAMS 0x000000008f900000, 0x000000008f900000| Untracked 
| 250|0x000000008fa00000, 0x000000008fa00000, 0x000000008fb00000|  0%| F|  |TAMS 0x000000008fa00000, 0x000000008fa00000| Untracked 
| 251|0x000000008fb00000, 0x000000008fb00000, 0x000000008fc00000|  0%| F|  |TAMS 0x000000008fb00000, 0x000000008fb00000| Untracked 

Card table byte_map: [0x0000020a72b00000,0x0000020a72f00000] _byte_map_base: 0x0000020a72700000

Marking Bits (Prev, Next): (CMBitMap*) 0x0000020a5ac1f4c0, (CMBitMap*) 0x0000020a5ac1f500
 Prev Bits: [0x0000020a73300000, 0x0000020a75300000)
 Next Bits: [0x0000020a75300000, 0x0000020a77300000)

Polling page: 0x0000020a5ac60000

Metaspace:

Usage:
  Non-class:     49.03 MB used.
      Class:      7.83 MB used.
       Both:     56.86 MB used.

Virtual space:
  Non-class space:       64.00 MB reserved,      49.56 MB ( 77%) committed,  1 nodes.
      Class space:      416.00 MB reserved,       8.19 MB (  2%) committed,  1 nodes.
             Both:      480.00 MB reserved,      57.75 MB ( 12%) committed. 

Chunk freelists:
   Non-Class:  14.21 MB
       Class:  7.94 MB
        Both:  22.14 MB

MaxMetaspaceSize: 512.00 MB
CompressedClassSpaceSize: 416.00 MB
Initial GC threshold: 21.00 MB
Current GC threshold: 96.25 MB
CDS: on
MetaspaceReclaimPolicy: balanced
 - commit_granule_bytes: 65536.
 - commit_granule_words: 8192.
 - virtual_space_node_default_size: 8388608.
 - enlarge_chunks_in_place: 1.
 - new_chunks_are_fully_committed: 0.
 - uncommit_free_chunks: 1.
 - use_allocation_guard: 0.
 - handle_deallocations: 1.


Internal statistics:

num_allocs_failed_limit: 9.
num_arena_births: 710.
num_arena_deaths: 274.
num_vsnodes_births: 2.
num_vsnodes_deaths: 0.
num_space_committed: 924.
num_space_uncommitted: 0.
num_chunks_returned_to_freelist: 328.
num_chunks_taken_from_freelist: 2983.
num_chunk_merges: 114.
num_chunk_splits: 2030.
num_chunks_enlarged: 1391.
num_inconsistent_stats: 0.

CodeHeap 'non-profiled nmethods': size=119168Kb used=4746Kb max_used=4746Kb free=114421Kb
 bounds [0x0000020a6a2e0000, 0x0000020a6a790000, 0x0000020a71740000]
CodeHeap 'profiled nmethods': size=119104Kb used=14695Kb max_used=14695Kb free=104408Kb
 bounds [0x0000020a62740000, 0x0000020a635a0000, 0x0000020a69b90000]
CodeHeap 'non-nmethods': size=7488Kb used=2357Kb max_used=4106Kb free=5130Kb
 bounds [0x0000020a69b90000, 0x0000020a6a080000, 0x0000020a6a2e0000]
 total_blobs=8404 nmethods=7521 adapters=793
 compilation: enabled
              stopped_count=0, restarted_count=0
 full_count=0

Compilation events (20 events):
Event: 8105.258 Thread 0x0000020a7a171af0 8347       4       java.util.concurrent.ScheduledThreadPoolExecutor$ScheduledFutureTask::run (57 bytes)
Event: 8105.418 Thread 0x0000020a7a171af0 nmethod 8347 0x0000020a6a77f490 code [0x0000020a6a77f680, 0x0000020a6a77fc00]
Event: 8105.418 Thread 0x0000020a7a171af0 8348       4       java.util.concurrent.ScheduledThreadPoolExecutor::reExecutePeriodic (49 bytes)
Event: 8105.420 Thread 0x0000020a7a171af0 nmethod 8348 0x0000020a6a780210 code [0x0000020a6a7803c0, 0x0000020a6a780578]
Event: 8105.421 Thread 0x0000020a7a171af0 8349   !   4       java.util.concurrent.FutureTask::runAndReset (125 bytes)
Event: 8105.425 Thread 0x0000020a7a171af0 nmethod 8349 0x0000020a6a780810 code [0x0000020a6a7809c0, 0x0000020a6a780d28]
Event: 8105.425 Thread 0x0000020a7a171af0 8350       4       java.util.concurrent.Executors$RunnableAdapter::call (14 bytes)
Event: 8105.427 Thread 0x0000020a7a171af0 nmethod 8350 0x0000020a6a781010 code [0x0000020a6a7811a0, 0x0000020a6a781268]
Event: 8106.246 Thread 0x0000020a7a171af0 8351       4       java.util.stream.ReferencePipeline$7::opWrapSink (10 bytes)
Event: 8106.272 Thread 0x0000020a7a171af0 nmethod 8351 0x0000020a6a781390 code [0x0000020a6a781520, 0x0000020a6a7816f8]
Event: 8106.272 Thread 0x0000020a7a171af0 8352       4       java.util.stream.ReferencePipeline$7$1::begin (13 bytes)
Event: 8106.275 Thread 0x0000020a7a171af0 nmethod 8352 0x0000020a6a781810 code [0x0000020a6a7819a0, 0x0000020a6a781b38]
Event: 8106.317 Thread 0x0000020a7a171af0 8353       4       java.util.stream.FindOps$FindSink::accept (18 bytes)
Event: 8106.318 Thread 0x0000020a7a171af0 nmethod 8353 0x0000020a6a781c90 code [0x0000020a6a781e00, 0x0000020a6a781f58]
Event: 8106.413 Thread 0x0000020a7a171af0 8354       4       jdk.management.jfr.internal.FlightRecorderMXBeanProvider$SingleMBeanComponent::mbeanInterfaceNames (11 bytes)
Event: 8106.500 Thread 0x0000020a7a171af0 nmethod 8354 0x0000020a6a782010 code [0x0000020a6a7821a0, 0x0000020a6a7822a8]
Event: 8106.500 Thread 0x0000020a7a171af0 8355       4       java.lang.management.MemoryUsage::<init> (170 bytes)
Event: 8106.502 Thread 0x0000020a7a171af0 nmethod 8355 0x0000020a6a782410 code [0x0000020a6a7825a0, 0x0000020a6a7827d8]
Event: 8108.863 Thread 0x0000020a7a174f80 8356       3       org.gradle.internal.time.DefaultCountdownTimer::hasExpired (15 bytes)
Event: 8108.866 Thread 0x0000020a7a174f80 nmethod 8356 0x0000020a63599990 code [0x0000020a63599b40, 0x0000020a63599e88]

GC Heap History (20 events):
Event: 775.222 GC heap after
{Heap after GC invocations=18 (full 0):
 garbage-first heap   total 92160K, used 47254K [0x0000000080000000, 0x0000000100000000)
  region size 1024K, 3 young (3072K), 3 survivors (3072K)
 Metaspace       used 52235K, committed 52800K, reserved 491520K
  class space    used 7253K, committed 7488K, reserved 425984K
}
Event: 776.122 GC heap before
{Heap before GC invocations=18 (full 0):
 garbage-first heap   total 92160K, used 74902K [0x0000000080000000, 0x0000000100000000)
  region size 1024K, 31 young (31744K), 3 survivors (3072K)
 Metaspace       used 54820K, committed 55424K, reserved 491520K
  class space    used 7548K, committed 7808K, reserved 425984K
}
Event: 776.130 GC heap after
{Heap after GC invocations=19 (full 0):
 garbage-first heap   total 92160K, used 50573K [0x0000000080000000, 0x0000000100000000)
  region size 1024K, 4 young (4096K), 4 survivors (4096K)
 Metaspace       used 54820K, committed 55424K, reserved 491520K
  class space    used 7548K, committed 7808K, reserved 425984K
}
Event: 777.290 GC heap before
{Heap before GC invocations=20 (full 0):
 garbage-first heap   total 92160K, used 74125K [0x0000000080000000, 0x0000000100000000)
  region size 1024K, 27 young (27648K), 4 survivors (4096K)
 Metaspace       used 56892K, committed 57536K, reserved 491520K
  class space    used 7846K, committed 8128K, reserved 425984K
}
Event: 777.295 GC heap after
{Heap after GC invocations=21 (full 0):
 garbage-first heap   total 92160K, used 51035K [0x0000000080000000, 0x0000000100000000)
  region size 1024K, 2 young (2048K), 2 survivors (2048K)
 Metaspace       used 56892K, committed 57536K, reserved 491520K
  class space    used 7846K, committed 8128K, reserved 425984K
}
Event: 787.545 GC heap before
{Heap before GC invocations=21 (full 0):
 garbage-first heap   total 92160K, used 75611K [0x0000000080000000, 0x0000000100000000)
  region size 1024K, 26 young (26624K), 2 survivors (2048K)
 Metaspace       used 58355K, committed 58944K, reserved 491520K
  class space    used 8090K, committed 8384K, reserved 425984K
}
Event: 787.551 GC heap after
{Heap after GC invocations=22 (full 0):
 garbage-first heap   total 92160K, used 52326K [0x0000000080000000, 0x0000000100000000)
  region size 1024K, 3 young (3072K), 3 survivors (3072K)
 Metaspace       used 58355K, committed 58944K, reserved 491520K
  class space    used 8090K, committed 8384K, reserved 425984K
}
Event: 851.517 GC heap before
{Heap before GC invocations=23 (full 0):
 garbage-first heap   total 92160K, used 75878K [0x0000000080000000, 0x0000000100000000)
  region size 1024K, 26 young (26624K), 3 survivors (3072K)
 Metaspace       used 58418K, committed 59008K, reserved 491520K
  class space    used 8098K, committed 8384K, reserved 425984K
}
Event: 851.533 GC heap after
{Heap after GC invocations=24 (full 0):
 garbage-first heap   total 92160K, used 52522K [0x0000000080000000, 0x0000000100000000)
  region size 1024K, 2 young (2048K), 2 survivors (2048K)
 Metaspace       used 58418K, committed 59008K, reserved 491520K
  class space    used 8098K, committed 8384K, reserved 425984K
}
Event: 910.286 GC heap before
{Heap before GC invocations=24 (full 0):
 garbage-first heap   total 92160K, used 75050K [0x0000000080000000, 0x0000000100000000)
  region size 1024K, 25 young (25600K), 2 survivors (2048K)
 Metaspace       used 58454K, committed 59072K, reserved 491520K
  class space    used 8100K, committed 8384K, reserved 425984K
}
Event: 910.307 GC heap after
{Heap after GC invocations=25 (full 0):
 garbage-first heap   total 92160K, used 52666K [0x0000000080000000, 0x0000000100000000)
  region size 1024K, 2 young (2048K), 2 survivors (2048K)
 Metaspace       used 58454K, committed 59072K, reserved 491520K
  class space    used 8100K, committed 8384K, reserved 425984K
}
Event: 983.838 GC heap before
{Heap before GC invocations=26 (full 0):
 garbage-first heap   total 92160K, used 77242K [0x0000000080000000, 0x0000000100000000)
  region size 1024K, 26 young (26624K), 2 survivors (2048K)
 Metaspace       used 58462K, committed 59136K, reserved 491520K
  class space    used 8100K, committed 8384K, reserved 425984K
}
Event: 983.915 GC heap after
{Heap after GC invocations=27 (full 0):
 garbage-first heap   total 92160K, used 52871K [0x0000000080000000, 0x0000000100000000)
  region size 1024K, 3 young (3072K), 3 survivors (3072K)
 Metaspace       used 58462K, committed 59136K, reserved 491520K
  class space    used 8100K, committed 8384K, reserved 425984K
}
Event: 1490.313 GC heap before
{Heap before GC invocations=27 (full 0):
 garbage-first heap   total 92160K, used 77447K [0x0000000080000000, 0x0000000100000000)
  region size 1024K, 27 young (27648K), 3 survivors (3072K)
 Metaspace       used 58472K, committed 59136K, reserved 491520K
  class space    used 8102K, committed 8384K, reserved 425984K
}
Event: 1490.480 GC heap after
{Heap after GC invocations=28 (full 0):
 garbage-first heap   total 92160K, used 52964K [0x0000000080000000, 0x0000000100000000)
  region size 1024K, 3 young (3072K), 3 survivors (3072K)
 Metaspace       used 58472K, committed 59136K, reserved 491520K
  class space    used 8102K, committed 8384K, reserved 425984K
}
Event: 8100.651 GC heap before
{Heap before GC invocations=29 (full 0):
 garbage-first heap   total 96256K, used 76516K [0x0000000080000000, 0x0000000100000000)
  region size 1024K, 26 young (26624K), 3 survivors (3072K)
 Metaspace       used 58550K, committed 59136K, reserved 491520K
  class space    used 8104K, committed 8384K, reserved 425984K
}
Event: 8100.671 GC heap after
{Heap after GC invocations=30 (full 0):
 garbage-first heap   total 96256K, used 52847K [0x0000000080000000, 0x0000000100000000)
  region size 1024K, 3 young (3072K), 3 survivors (3072K)
 Metaspace       used 58550K, committed 59136K, reserved 491520K
  class space    used 8104K, committed 8384K, reserved 425984K
}
Event: 8102.681 GC heap before
{Heap before GC invocations=30 (full 0):
 garbage-first heap   total 96256K, used 80495K [0x0000000080000000, 0x0000000100000000)
  region size 1024K, 30 young (30720K), 3 survivors (3072K)
 Metaspace       used 58557K, committed 59136K, reserved 491520K
  class space    used 8104K, committed 8384K, reserved 425984K
}
Event: 8102.735 GC heap after
{Heap after GC invocations=31 (full 0):
 garbage-first heap   total 96256K, used 52449K [0x0000000080000000, 0x0000000100000000)
  region size 1024K, 2 young (2048K), 2 survivors (2048K)
 Metaspace       used 58557K, committed 59136K, reserved 491520K
  class space    used 8104K, committed 8384K, reserved 425984K
}
Event: 8178.938 GC heap before
{Heap before GC invocations=31 (full 0):
 garbage-first heap   total 114688K, used 80097K [0x0000000080000000, 0x0000000100000000)
  region size 1024K, 29 young (29696K), 2 survivors (2048K)
 Metaspace       used 58226K, committed 59136K, reserved 491520K
  class space    used 8021K, committed 8384K, reserved 425984K
}

Dll operation events (13 events):
Event: 0.891 Loaded shared library C:\Program Files\Eclipse Adoptium\jdk-17.0.15.6-hotspot\bin\java.dll
Event: 3.167 Loaded shared library C:\Program Files\Eclipse Adoptium\jdk-17.0.15.6-hotspot\bin\jsvml.dll
Event: 5.625 Loaded shared library C:\Program Files\Eclipse Adoptium\jdk-17.0.15.6-hotspot\bin\net.dll
Event: 5.636 Loaded shared library C:\Program Files\Eclipse Adoptium\jdk-17.0.15.6-hotspot\bin\nio.dll
Event: 5.661 Loaded shared library C:\Program Files\Eclipse Adoptium\jdk-17.0.15.6-hotspot\bin\zip.dll
Event: 10.205 Loaded shared library C:\Program Files\Eclipse Adoptium\jdk-17.0.15.6-hotspot\bin\jimage.dll
Event: 10.772 Loaded shared library C:\Program Files\Eclipse Adoptium\jdk-17.0.15.6-hotspot\bin\verify.dll
Event: 13.055 Loaded shared library C:\Users\karth\.gradle\native\68d5fa5c4cc2d200863cafc0d521ce42e7d3e7ee720ec0a83991735586a16f82\windows-amd64\native-platform.dll
Event: 13.136 Loaded shared library C:\Users\karth\.gradle\native\e376f236ea51e6404a007f0833ffe2c6e607c4080706a723a18a27aeea778392\windows-amd64\native-platform-file-events.dll
Event: 27.053 Loaded shared library C:\Program Files\Eclipse Adoptium\jdk-17.0.15.6-hotspot\bin\management.dll
Event: 27.582 Loaded shared library C:\Program Files\Eclipse Adoptium\jdk-17.0.15.6-hotspot\bin\management_ext.dll
Event: 33.400 Loaded shared library C:\Program Files\Eclipse Adoptium\jdk-17.0.15.6-hotspot\bin\extnet.dll
Event: 87.821 Loaded shared library C:\Program Files\Eclipse Adoptium\jdk-17.0.15.6-hotspot\bin\sunmscapi.dll

Deoptimization events (20 events):
Event: 778.930 Thread 0x0000020a1c19bb40 Uncommon trap: trap_request=0xffffffbe fr.pc=0x0000020a6a709944 relative=0x00000000000001a4
Event: 778.930 Thread 0x0000020a1c19bb40 Uncommon trap: reason=profile_predicate action=maybe_recompile pc=0x0000020a6a709944 method=java.util.LinkedHashMap.keysToArray([Ljava/lang/Object;)[Ljava/lang/Object; @ 12 c2
Event: 778.930 Thread 0x0000020a1c19bb40 DEOPT PACKING pc=0x0000020a6a709944 sp=0x000000468e7fcbf0
Event: 778.930 Thread 0x0000020a1c19bb40 DEOPT UNPACKING pc=0x0000020a69be69a3 sp=0x000000468e7fcba8 mode 2
Event: 811.967 Thread 0x0000020a7a5101d0 Uncommon trap: trap_request=0xffffffde fr.pc=0x0000020a6a6a3e4c relative=0x000000000000138c
Event: 811.967 Thread 0x0000020a7a5101d0 Uncommon trap: reason=class_check action=maybe_recompile pc=0x0000020a6a6a3e4c method=java.util.concurrent.ConcurrentHashMap.putVal(Ljava/lang/Object;Ljava/lang/Object;Z)Ljava/lang/Object; @ 242 c2
Event: 811.967 Thread 0x0000020a7a5101d0 DEOPT PACKING pc=0x0000020a6a6a3e4c sp=0x000000468a3f8010
Event: 811.967 Thread 0x0000020a7a5101d0 DEOPT UNPACKING pc=0x0000020a69be69a3 sp=0x000000468a3f7f90 mode 2
Event: 819.433 Thread 0x0000020a7a5101d0 Uncommon trap: trap_request=0xffffffde fr.pc=0x0000020a6a6a3e4c relative=0x000000000000138c
Event: 819.433 Thread 0x0000020a7a5101d0 Uncommon trap: reason=class_check action=maybe_recompile pc=0x0000020a6a6a3e4c method=java.util.concurrent.ConcurrentHashMap.putVal(Ljava/lang/Object;Ljava/lang/Object;Z)Ljava/lang/Object; @ 242 c2
Event: 819.433 Thread 0x0000020a7a5101d0 DEOPT PACKING pc=0x0000020a6a6a3e4c sp=0x000000468a3f8010
Event: 819.433 Thread 0x0000020a7a5101d0 DEOPT UNPACKING pc=0x0000020a69be69a3 sp=0x000000468a3f7f90 mode 2
Event: 1487.907 Thread 0x0000020a7a5101d0 Uncommon trap: trap_request=0xffffff45 fr.pc=0x0000020a6a45514c relative=0x000000000000012c
Event: 1487.907 Thread 0x0000020a7a5101d0 Uncommon trap: reason=unstable_if action=reinterpret pc=0x0000020a6a45514c method=org.gradle.internal.time.DefaultCountdownTimer.hasExpired()Z @ 6 c2
Event: 1487.907 Thread 0x0000020a7a5101d0 DEOPT PACKING pc=0x0000020a6a45514c sp=0x000000468a3f7e30
Event: 1487.909 Thread 0x0000020a7a5101d0 DEOPT UNPACKING pc=0x0000020a69be69a3 sp=0x000000468a3f7df8 mode 2
Event: 1487.910 Thread 0x0000020a7a5101d0 Uncommon trap: trap_request=0xffffff45 fr.pc=0x0000020a6a4cc384 relative=0x0000000000005724
Event: 1487.910 Thread 0x0000020a7a5101d0 Uncommon trap: reason=unstable_if action=reinterpret pc=0x0000020a6a4cc384 method=org.gradle.internal.io.ExponentialBackoff.retryUntil(Lorg/gradle/internal/io/IOQuery;)Ljava/lang/Object; @ 25 c2
Event: 1487.910 Thread 0x0000020a7a5101d0 DEOPT PACKING pc=0x0000020a6a4cc384 sp=0x000000468a3f7e90
Event: 1487.910 Thread 0x0000020a7a5101d0 DEOPT UNPACKING pc=0x0000020a69be69a3 sp=0x000000468a3f7f18 mode 2

Classes loaded (20 events):
Event: 773.922 Loading class java/lang/Byte$ByteCache
Event: 773.923 Loading class java/lang/Byte$ByteCache done
Event: 774.024 Loading class java/util/regex/Pattern$SliceI
Event: 774.024 Loading class java/util/regex/Pattern$SliceI done
Event: 776.144 Loading class jdk/internal/loader/URLClassPath$FileLoader
Event: 776.144 Loading class jdk/internal/loader/URLClassPath$FileLoader done
Event: 776.162 Loading class jdk/internal/loader/URLClassPath$FileLoader$1
Event: 776.163 Loading class jdk/internal/loader/URLClassPath$FileLoader$1 done
Event: 776.601 Loading class java/lang/AbstractMethodError
Event: 776.601 Loading class java/lang/AbstractMethodError done
Event: 776.663 Loading class java/time/temporal/WeekFields
Event: 776.664 Loading class java/time/temporal/WeekFields done
Event: 776.664 Loading class java/time/temporal/WeekFields$ComputedDayOfField
Event: 776.665 Loading class java/time/temporal/WeekFields$ComputedDayOfField done
Event: 776.670 Loading class java/time/Month$1
Event: 776.670 Loading class java/time/Month$1 done
Event: 776.674 Loading class java/nio/channels/Channels
Event: 776.674 Loading class java/nio/channels/Channels done
Event: 776.674 Loading class java/nio/channels/Channels$1
Event: 776.675 Loading class java/nio/channels/Channels$1 done

Classes unloaded (20 events):
Event: 8103.355 Thread 0x0000020a7a157010 Unloading class 0x0000020a011c4400 'java/lang/invoke/LambdaForm$BMH+0x0000020a011c4400'
Event: 8103.355 Thread 0x0000020a7a157010 Unloading class 0x0000020a01140000 'java/lang/invoke/LambdaForm$DMH+0x0000020a01140000'
Event: 8103.355 Thread 0x0000020a7a157010 Unloading class 0x0000020a010f4000 'java/lang/invoke/LambdaForm$DMH+0x0000020a010f4000'
Event: 8103.356 Thread 0x0000020a7a157010 Unloading class 0x0000020a010ed800 'java/lang/invoke/LambdaForm$MH+0x0000020a010ed800'
Event: 8103.356 Thread 0x0000020a7a157010 Unloading class 0x0000020a010ed400 'java/lang/invoke/LambdaForm$MH+0x0000020a010ed400'
Event: 8103.356 Thread 0x0000020a7a157010 Unloading class 0x0000020a010ed000 'java/lang/invoke/LambdaForm$MH+0x0000020a010ed000'
Event: 8103.356 Thread 0x0000020a7a157010 Unloading class 0x0000020a010ecc00 'java/lang/invoke/LambdaForm$MH+0x0000020a010ecc00'
Event: 8103.356 Thread 0x0000020a7a157010 Unloading class 0x0000020a010ec800 'java/lang/invoke/LambdaForm$MH+0x0000020a010ec800'
Event: 8103.356 Thread 0x0000020a7a157010 Unloading class 0x0000020a010ec400 'java/lang/invoke/LambdaForm$MH+0x0000020a010ec400'
Event: 8103.356 Thread 0x0000020a7a157010 Unloading class 0x0000020a010ec000 'java/lang/invoke/LambdaForm$MH+0x0000020a010ec000'
Event: 8103.356 Thread 0x0000020a7a157010 Unloading class 0x0000020a010cb000 'java/lang/invoke/LambdaForm$MH+0x0000020a010cb000'
Event: 8103.356 Thread 0x0000020a7a157010 Unloading class 0x0000020a010ca800 'java/lang/invoke/LambdaForm$MH+0x0000020a010ca800'
Event: 8103.357 Thread 0x0000020a7a157010 Unloading class 0x0000020a010ca400 'java/lang/invoke/LambdaForm$MH+0x0000020a010ca400'
Event: 8103.357 Thread 0x0000020a7a157010 Unloading class 0x0000020a010ca000 'java/lang/invoke/LambdaForm$MH+0x0000020a010ca000'
Event: 8103.357 Thread 0x0000020a7a157010 Unloading class 0x0000020a010c9c00 'java/lang/invoke/LambdaForm$MH+0x0000020a010c9c00'
Event: 8103.357 Thread 0x0000020a7a157010 Unloading class 0x0000020a010c9400 'java/lang/invoke/LambdaForm$MH+0x0000020a010c9400'
Event: 8103.357 Thread 0x0000020a7a157010 Unloading class 0x0000020a0102ac00 'java/lang/invoke/LambdaForm$MH+0x0000020a0102ac00'
Event: 8103.357 Thread 0x0000020a7a157010 Unloading class 0x0000020a0102a800 'java/lang/invoke/LambdaForm$MH+0x0000020a0102a800'
Event: 8103.358 Thread 0x0000020a7a157010 Unloading class 0x0000020a0102a000 'java/lang/invoke/LambdaForm$MH+0x0000020a0102a000'
Event: 8103.358 Thread 0x0000020a7a157010 Unloading class 0x0000020a01028400 'java/lang/invoke/LambdaForm$MH+0x0000020a01028400'

Classes redefined (0 events):
No events

Internal exceptions (20 events):
Event: 777.265 Thread 0x0000020a7a5101d0 Exception <a 'java/lang/ClassNotFoundException'{0x000000008472e8d0}: org/gradle/internal/metaobject/ConfigureDelegateBeanInfo> (0x000000008472e8d0) 
thrown [s\src\hotspot\share\classfile\systemDictionary.cpp, line 256]
Event: 777.266 Thread 0x0000020a7a5101d0 Exception <a 'java/lang/ClassNotFoundException'{0x000000008473fdc0}: org/gradle/internal/metaobject/ConfigureDelegateCustomizer> (0x000000008473fdc0) 
thrown [s\src\hotspot\share\classfile\systemDictionary.cpp, line 256]
Event: 777.271 Thread 0x0000020a7a5101d0 Exception <a 'java/lang/ClassNotFoundException'{0x00000000847826d8}: org/gradle/api/internal/initialization/DefaultScriptHandlerBeanInfo> (0x00000000847826d8) 
thrown [s\src\hotspot\share\classfile\systemDictionary.cpp, line 256]
Event: 777.272 Thread 0x0000020a7a5101d0 Exception <a 'java/lang/ClassNotFoundException'{0x0000000084793fc0}: org/gradle/api/internal/initialization/DefaultScriptHandlerCustomizer> (0x0000000084793fc0) 
thrown [s\src\hotspot\share\classfile\systemDictionary.cpp, line 256]
Event: 777.287 Thread 0x0000020a7a5101d0 Exception <a 'java/lang/ClassNotFoundException'{0x00000000843a3848}: org/gradle/api/internal/artifacts/dsl/DefaultRepositoryHandler_DecoratedBeanInfo> (0x00000000843a3848) 
thrown [s\src\hotspot\share\classfile\systemDictionary.cpp, line 256]
Event: 777.288 Thread 0x0000020a7a5101d0 Exception <a 'java/lang/ClassNotFoundException'{0x00000000843bbc40}: org/gradle/api/internal/artifacts/dsl/DefaultRepositoryHandlerBeanInfo> (0x00000000843bbc40) 
thrown [s\src\hotspot\share\classfile\systemDictionary.cpp, line 256]
Event: 777.289 Thread 0x0000020a7a5101d0 Exception <a 'java/lang/ClassNotFoundException'{0x00000000843d4580}: org/gradle/api/internal/artifacts/DefaultArtifactRepositoryContainerBeanInfo> (0x00000000843d4580) 
thrown [s\src\hotspot\share\classfile\systemDictionary.cpp, line 256]
Event: 777.289 Thread 0x0000020a7a5101d0 Exception <a 'java/lang/ClassNotFoundException'{0x00000000843e90c0}: org/gradle/api/internal/DefaultNamedDomainObjectListBeanInfo> (0x00000000843e90c0) 
thrown [s\src\hotspot\share\classfile\systemDictionary.cpp, line 256]
Event: 777.290 Thread 0x0000020a7a5101d0 Exception <a 'java/lang/ClassNotFoundException'{0x00000000843fe068}: org/gradle/api/internal/DefaultNamedDomainObjectCollectionBeanInfo> (0x00000000843fe068) 
thrown [s\src\hotspot\share\classfile\systemDictionary.cpp, line 256]
Event: 777.296 Thread 0x0000020a7a5101d0 Exception <a 'java/lang/ClassNotFoundException'{0x000000008fb13148}: org/gradle/api/internal/DefaultDomainObjectCollectionBeanInfo> (0x000000008fb13148) 
thrown [s\src\hotspot\share\classfile\systemDictionary.cpp, line 256]
Event: 777.297 Thread 0x0000020a7a5101d0 Exception <a 'java/lang/ClassNotFoundException'{0x000000008fb28068}: org/gradle/api/internal/DefaultDomainObjectCollectionCustomizer> (0x000000008fb28068) 
thrown [s\src\hotspot\share\classfile\systemDictionary.cpp, line 256]
Event: 777.300 Thread 0x0000020a7a5101d0 Exception <a 'java/lang/ClassNotFoundException'{0x000000008fb65f50}: org/gradle/api/internal/DefaultNamedDomainObjectCollectionCustomizer> (0x000000008fb65f50) 
thrown [s\src\hotspot\share\classfile\systemDictionary.cpp, line 256]
Event: 777.302 Thread 0x0000020a7a5101d0 Exception <a 'java/lang/ClassNotFoundException'{0x000000008fbad9f0}: org/gradle/api/internal/DefaultNamedDomainObjectListCustomizer> (0x000000008fbad9f0) 
thrown [s\src\hotspot\share\classfile\systemDictionary.cpp, line 256]
Event: 777.305 Thread 0x0000020a7a5101d0 Exception <a 'java/lang/ClassNotFoundException'{0x000000008fbf2240}: org/gradle/api/internal/artifacts/DefaultArtifactRepositoryContainerCustomizer> (0x000000008fbf2240) 
thrown [s\src\hotspot\share\classfile\systemDictionary.cpp, line 256]
Event: 777.307 Thread 0x0000020a7a5101d0 Exception <a 'java/lang/ClassNotFoundException'{0x000000008fa32a48}: org/gradle/api/internal/artifacts/dsl/DefaultRepositoryHandlerCustomizer> (0x000000008fa32a48) 
thrown [s\src\hotspot\share\classfile\systemDictionary.cpp, line 256]
Event: 777.311 Thread 0x0000020a7a5101d0 Exception <a 'java/lang/ClassNotFoundException'{0x000000008fa81000}: org/gradle/api/internal/artifacts/dsl/DefaultRepositoryHandler_DecoratedCustomizer> (0x000000008fa81000) 
thrown [s\src\hotspot\share\classfile\systemDictionary.cpp, line 256]
Event: 777.321 Thread 0x0000020a7a5101d0 Exception <a 'java/lang/ClassNotFoundException'{0x000000008f9146c8}: org/gradle/api/internal/artifacts/dsl/dependencies/DefaultDependencyHandler_DecoratedBeanInfo> (0x000000008f9146c8) 
thrown [s\src\hotspot\share\classfile\systemDictionary.cpp, line 256]
Event: 777.321 Thread 0x0000020a7a5101d0 Exception <a 'java/lang/ClassNotFoundException'{0x000000008f92c500}: org/gradle/api/internal/artifacts/dsl/dependencies/DefaultDependencyHandlerBeanInfo> (0x000000008f92c500) 
thrown [s\src\hotspot\share\classfile\systemDictionary.cpp, line 256]
Event: 777.322 Thread 0x0000020a7a5101d0 Exception <a 'java/lang/ClassNotFoundException'{0x000000008f943da8}: org/gradle/api/internal/artifacts/dsl/dependencies/DefaultDependencyHandlerCustomizer> (0x000000008f943da8) 
thrown [s\src\hotspot\share\classfile\systemDictionary.cpp, line 256]
Event: 777.325 Thread 0x0000020a7a5101d0 Exception <a 'java/lang/ClassNotFoundException'{0x000000008f98dcb8}: org/gradle/api/internal/artifacts/dsl/dependencies/DefaultDependencyHandler_DecoratedCustomizer> (0x000000008f98dcb8) 
thrown [s\src\hotspot\share\classfile\systemDictionary.cpp, line 256]

VM Operations (20 events):
Event: 1491.226 Executing VM operation: G1PauseCleanup done
Event: 1492.237 Executing VM operation: Cleanup
Event: 1492.253 Executing VM operation: Cleanup done
Event: 1495.279 Executing VM operation: Cleanup
Event: 1495.279 Executing VM operation: Cleanup done
Event: 8098.898 Executing VM operation: Cleanup
Event: 8098.992 Executing VM operation: Cleanup done
Event: 8100.000 Executing VM operation: Cleanup
Event: 8100.080 Executing VM operation: Cleanup done
Event: 8100.636 Executing VM operation: G1CollectForAllocation
Event: 8100.671 Executing VM operation: G1CollectForAllocation done
Event: 8101.683 Executing VM operation: Cleanup
Event: 8101.701 Executing VM operation: Cleanup done
Event: 8102.681 Executing VM operation: G1CollectForAllocation
Event: 8102.736 Executing VM operation: G1CollectForAllocation done
Event: 8103.277 Executing VM operation: G1PauseRemark
Event: 8104.856 Executing VM operation: G1PauseRemark done
Event: 8105.869 Executing VM operation: Cleanup
Event: 8167.090 Executing VM operation: Cleanup done
Event: 8167.090 Executing VM operation: G1CollectForAllocation

Memory protections (0 events):
No events

Nmethod flushes (20 events):
Event: 565.098 Thread 0x0000020a7a17bf80 flushing  nmethod 0x0000020a62f6db90
Event: 565.098 Thread 0x0000020a7a17bf80 flushing  nmethod 0x0000020a62f6e390
Event: 565.098 Thread 0x0000020a7a17bf80 flushing  nmethod 0x0000020a62f6ee10
Event: 565.098 Thread 0x0000020a7a17bf80 flushing  nmethod 0x0000020a62f6f390
Event: 565.098 Thread 0x0000020a7a17bf80 flushing  nmethod 0x0000020a62f77590
Event: 565.098 Thread 0x0000020a7a17bf80 flushing  nmethod 0x0000020a62f7a190
Event: 565.098 Thread 0x0000020a7a17bf80 flushing  nmethod 0x0000020a62f88f10
Event: 565.098 Thread 0x0000020a7a17bf80 flushing  nmethod 0x0000020a62fa3490
Event: 565.098 Thread 0x0000020a7a17bf80 flushing  nmethod 0x0000020a62fab190
Event: 565.098 Thread 0x0000020a7a17bf80 flushing  nmethod 0x0000020a62facd10
Event: 565.098 Thread 0x0000020a7a17bf80 flushing  nmethod 0x0000020a62fbfa10
Event: 565.098 Thread 0x0000020a7a17bf80 flushing  nmethod 0x0000020a62fbff10
Event: 565.098 Thread 0x0000020a7a17bf80 flushing  nmethod 0x0000020a62fc1090
Event: 565.098 Thread 0x0000020a7a17bf80 flushing  nmethod 0x0000020a62fc3110
Event: 565.098 Thread 0x0000020a7a17bf80 flushing  nmethod 0x0000020a63032390
Event: 565.098 Thread 0x0000020a7a17bf80 flushing  nmethod 0x0000020a63036d90
Event: 565.098 Thread 0x0000020a7a17bf80 flushing  nmethod 0x0000020a63055a10
Event: 565.098 Thread 0x0000020a7a17bf80 flushing  nmethod 0x0000020a6308c790
Event: 565.099 Thread 0x0000020a7a17bf80 flushing  nmethod 0x0000020a63104310
Event: 776.199 Thread 0x0000020a7a17bf80 flushing  nmethod 0x0000020a62831290

Events (20 events):
Event: 774.588 Thread 0x0000020a1c35ba70 Thread exited: 0x0000020a1c35ba70
Event: 775.333 Thread 0x0000020a1b602040 Thread added: 0x0000020a1e77a970
Event: 776.423 Thread 0x0000020a7a174f80 Thread added: 0x0000020a1e372300
Event: 776.536 Thread 0x0000020a7a171af0 Thread added: 0x0000020a1e6e98d0
Event: 777.198 Thread 0x0000020a1e6e98d0 Thread exited: 0x0000020a1e6e98d0
Event: 777.354 Thread 0x0000020a7a5101d0 Thread added: 0x0000020a1c19c050
Event: 777.679 Thread 0x0000020a1b602040 Thread added: 0x0000020a1df579c0
Event: 778.468 Thread 0x0000020a1e77a970 Thread exited: 0x0000020a1e77a970
Event: 778.551 Thread 0x0000020a1b602040 Thread exited: 0x0000020a1b602040
Event: 778.551 Thread 0x0000020a1d6ed860 Thread exited: 0x0000020a1d6ed860
Event: 781.250 Thread 0x0000020a1df579c0 Thread exited: 0x0000020a1df579c0
Event: 782.826 Thread 0x0000020a1e372300 Thread exited: 0x0000020a1e372300
Event: 840.611 Thread 0x0000020a7a174f80 Thread added: 0x0000020a1eb3c920
Event: 842.824 Thread 0x0000020a1eb3c920 Thread exited: 0x0000020a1eb3c920
Event: 8099.914 Thread 0x0000020a7a174f80 Thread added: 0x0000020a1c257c20
Event: 8099.914 Thread 0x0000020a7a174f80 Thread added: 0x0000020a1c258140
Event: 8099.916 Thread 0x0000020a7a174f80 Thread added: 0x0000020a1c258660
Event: 8100.772 Thread 0x0000020a1c258660 Thread exited: 0x0000020a1c258660
Event: 8101.426 Thread 0x0000020a1c258140 Thread exited: 0x0000020a1c258140
Event: 8101.426 Thread 0x0000020a1c257c20 Thread exited: 0x0000020a1c257c20


Dynamic libraries:
0x00007ff687c40000 - 0x00007ff687c4e000 	C:\Program Files\Eclipse Adoptium\jdk-17.0.15.6-hotspot\bin\java.exe
0x00007fffc3680000 - 0x00007fffc38e6000 	C:\WINDOWS\SYSTEM32\ntdll.dll
0x00007fffc2160000 - 0x00007fffc2229000 	C:\WINDOWS\System32\KERNEL32.DLL
0x00007fffc0ae0000 - 0x00007fffc0eac000 	C:\WINDOWS\System32\KERNELBASE.dll
0x0000000070320000 - 0x00000000703bd000 	C:\ProgramData\Symantec\Symantec Endpoint Protection\14.3.9205.6000.105\Data\Sysfer\x64\sysfer.dll
0x00007fffc0810000 - 0x00007fffc095b000 	C:\WINDOWS\System32\ucrtbase.dll
0x00007fff9be20000 - 0x00007fff9be37000 	C:\Program Files\Eclipse Adoptium\jdk-17.0.15.6-hotspot\bin\jli.dll
0x00007fffc14c0000 - 0x00007fffc168a000 	C:\WINDOWS\System32\USER32.dll
0x00007fffc1360000 - 0x00007fffc1387000 	C:\WINDOWS\System32\win32u.dll
0x00007fffc1730000 - 0x00007fffc175b000 	C:\WINDOWS\System32\GDI32.dll
0x00007fffc0f70000 - 0x00007fffc10a2000 	C:\WINDOWS\System32\gdi32full.dll
0x00007fff99aa0000 - 0x00007fff99abe000 	C:\Program Files\Eclipse Adoptium\jdk-17.0.15.6-hotspot\bin\VCRUNTIME140.dll
0x00007fffa61a0000 - 0x00007fffa643a000 	C:\WINDOWS\WinSxS\amd64_microsoft.windows.common-controls_6595b64144ccf1df_6.0.26100.3912_none_3e07963ce335137e\COMCTL32.dll
0x00007fffc1390000 - 0x00007fffc1433000 	C:\WINDOWS\System32\msvcp_win.dll
0x00007fffc3590000 - 0x00007fffc3639000 	C:\WINDOWS\System32\msvcrt.dll
0x00007fffc2850000 - 0x00007fffc2880000 	C:\WINDOWS\System32\IMM32.DLL
0x00007fffa4250000 - 0x00007fffa425c000 	C:\Program Files\Eclipse Adoptium\jdk-17.0.15.6-hotspot\bin\vcruntime140_1.dll
0x00007fff7c670000 - 0x00007fff7c6fd000 	C:\Program Files\Eclipse Adoptium\jdk-17.0.15.6-hotspot\bin\msvcp140.dll
0x00007fff3e940000 - 0x00007fff3f5ab000 	C:\Program Files\Eclipse Adoptium\jdk-17.0.15.6-hotspot\bin\server\jvm.dll
0x00007fffc2e40000 - 0x00007fffc2ef2000 	C:\WINDOWS\System32\ADVAPI32.dll
0x00007fffc1760000 - 0x00007fffc1806000 	C:\WINDOWS\System32\sechost.dll
0x00007fffc2040000 - 0x00007fffc2156000 	C:\WINDOWS\System32\RPCRT4.dll
0x00007fffc3500000 - 0x00007fffc3574000 	C:\WINDOWS\System32\WS2_32.dll
0x00007fffc0680000 - 0x00007fffc06de000 	C:\WINDOWS\SYSTEM32\POWRPROF.dll
0x00007fffb52a0000 - 0x00007fffb52d6000 	C:\WINDOWS\SYSTEM32\WINMM.dll
0x00007fffa9820000 - 0x00007fffa982b000 	C:\WINDOWS\SYSTEM32\VERSION.dll
0x00007fffc0660000 - 0x00007fffc0674000 	C:\WINDOWS\SYSTEM32\UMPDC.dll
0x00007fffbf5d0000 - 0x00007fffbf5ea000 	C:\WINDOWS\SYSTEM32\kernel.appcore.dll
0x00007fffa41b0000 - 0x00007fffa41ba000 	C:\Program Files\Eclipse Adoptium\jdk-17.0.15.6-hotspot\bin\jimage.dll
0x00007fffbe100000 - 0x00007fffbe341000 	C:\WINDOWS\SYSTEM32\DBGHELP.DLL
0x00007fffc3000000 - 0x00007fffc3384000 	C:\WINDOWS\System32\combase.dll
0x00007fffc2b40000 - 0x00007fffc2c20000 	C:\WINDOWS\System32\OLEAUT32.dll
0x00007fff95100000 - 0x00007fff95139000 	C:\WINDOWS\SYSTEM32\dbgcore.DLL
0x00007fffc12c0000 - 0x00007fffc1359000 	C:\WINDOWS\System32\bcryptPrimitives.dll
0x00007fff988b0000 - 0x00007fff988d5000 	C:\Program Files\Eclipse Adoptium\jdk-17.0.15.6-hotspot\bin\java.dll
0x00007fff7c590000 - 0x00007fff7c667000 	C:\Program Files\Eclipse Adoptium\jdk-17.0.15.6-hotspot\bin\jsvml.dll
0x00007fffc1890000 - 0x00007fffc1fbd000 	C:\WINDOWS\System32\SHELL32.dll
0x00007fffc0960000 - 0x00007fffc0ad4000 	C:\WINDOWS\System32\wintypes.dll
0x00007fffbe450000 - 0x00007fffbeca6000 	C:\WINDOWS\SYSTEM32\windows.storage.dll
0x00007fffc2f00000 - 0x00007fffc2fef000 	C:\WINDOWS\System32\SHCORE.dll
0x00007fffc1820000 - 0x00007fffc1889000 	C:\WINDOWS\System32\shlwapi.dll
0x00007fffc0720000 - 0x00007fffc074f000 	C:\WINDOWS\SYSTEM32\profapi.dll
0x00007fff99a10000 - 0x00007fff99a29000 	C:\Program Files\Eclipse Adoptium\jdk-17.0.15.6-hotspot\bin\net.dll
0x00007fffaf2b0000 - 0x00007fffaf3ce000 	C:\WINDOWS\SYSTEM32\WINHTTP.dll
0x00007fffbfb40000 - 0x00007fffbfbaa000 	C:\WINDOWS\system32\mswsock.dll
0x00007fff98f80000 - 0x00007fff98f96000 	C:\Program Files\Eclipse Adoptium\jdk-17.0.15.6-hotspot\bin\nio.dll
0x00007fff98520000 - 0x00007fff98538000 	C:\Program Files\Eclipse Adoptium\jdk-17.0.15.6-hotspot\bin\zip.dll
0x00007fffa4150000 - 0x00007fffa4160000 	C:\Program Files\Eclipse Adoptium\jdk-17.0.15.6-hotspot\bin\verify.dll
0x00007fff98930000 - 0x00007fff98957000 	C:\Users\karth\.gradle\native\68d5fa5c4cc2d200863cafc0d521ce42e7d3e7ee720ec0a83991735586a16f82\windows-amd64\native-platform.dll
0x00007fff7c440000 - 0x00007fff7c584000 	C:\Users\karth\.gradle\native\e376f236ea51e6404a007f0833ffe2c6e607c4080706a723a18a27aeea778392\windows-amd64\native-platform-file-events.dll
0x00007fffa0910000 - 0x00007fffa091a000 	C:\Program Files\Eclipse Adoptium\jdk-17.0.15.6-hotspot\bin\management.dll
0x00007fffa0830000 - 0x00007fffa083b000 	C:\Program Files\Eclipse Adoptium\jdk-17.0.15.6-hotspot\bin\management_ext.dll
0x00007fffc3580000 - 0x00007fffc3588000 	C:\WINDOWS\System32\PSAPI.DLL
0x00007fffbfde0000 - 0x00007fffbfdfc000 	C:\WINDOWS\SYSTEM32\CRYPTSP.dll
0x00007fffbf530000 - 0x00007fffbf56a000 	C:\WINDOWS\system32\rsaenh.dll
0x00007fffbfbe0000 - 0x00007fffbfc0b000 	C:\WINDOWS\SYSTEM32\USERENV.dll
0x00007fffc06f0000 - 0x00007fffc0716000 	C:\WINDOWS\SYSTEM32\bcrypt.dll
0x00007fffbfe00000 - 0x00007fffbfe0c000 	C:\WINDOWS\SYSTEM32\CRYPTBASE.dll
0x00007fffbf070000 - 0x00007fffbf0a3000 	C:\WINDOWS\SYSTEM32\IPHLPAPI.DLL
0x00007fffc2740000 - 0x00007fffc274a000 	C:\WINDOWS\System32\NSI.dll
0x00007fffb72a0000 - 0x00007fffb72bf000 	C:\WINDOWS\SYSTEM32\dhcpcsvc6.DLL
0x00007fffb7030000 - 0x00007fffb7055000 	C:\WINDOWS\SYSTEM32\dhcpcsvc.DLL
0x00007fffbf140000 - 0x00007fffbf267000 	C:\WINDOWS\SYSTEM32\DNSAPI.dll
0x00007fff9c160000 - 0x00007fff9c169000 	C:\Program Files\Eclipse Adoptium\jdk-17.0.15.6-hotspot\bin\extnet.dll
0x00007fff9bf40000 - 0x00007fff9bf4e000 	C:\Program Files\Eclipse Adoptium\jdk-17.0.15.6-hotspot\bin\sunmscapi.dll
0x00007fffc10b0000 - 0x00007fffc1227000 	C:\WINDOWS\System32\CRYPT32.dll
0x00007fffbfff0000 - 0x00007fffc0020000 	C:\WINDOWS\SYSTEM32\ncrypt.dll
0x00007fffbffa0000 - 0x00007fffbffdf000 	C:\WINDOWS\SYSTEM32\NTASN1.dll
0x00007fffa3df0000 - 0x00007fffa3df8000 	C:\WINDOWS\system32\wshunix.dll

dbghelp: loaded successfully - version: 4.0.5 - missing functions: none
symbol engine: initialized successfully - sym options: 0x614 - pdb path: .;C:\Program Files\Eclipse Adoptium\jdk-17.0.15.6-hotspot\bin;C:\WINDOWS\SYSTEM32;C:\ProgramData\Symantec\Symantec Endpoint Protection\14.3.9205.6000.105\Data\Sysfer\x64;C:\WINDOWS\WinSxS\amd64_microsoft.windows.common-controls_6595b64144ccf1df_6.0.26100.3912_none_3e07963ce335137e;C:\Program Files\Eclipse Adoptium\jdk-17.0.15.6-hotspot\bin\server;C:\Users\karth\.gradle\native\68d5fa5c4cc2d200863cafc0d521ce42e7d3e7ee720ec0a83991735586a16f82\windows-amd64;C:\Users\karth\.gradle\native\e376f236ea51e6404a007f0833ffe2c6e607c4080706a723a18a27aeea778392\windows-amd64

VM Arguments:
jvm_args: -XX:MaxMetaspaceSize=512m --add-opens=java.base/java.util=ALL-UNNAMED --add-opens=java.base/java.lang=ALL-UNNAMED --add-opens=java.base/java.lang.invoke=ALL-UNNAMED --add-opens=java.prefs/java.util.prefs=ALL-UNNAMED --add-opens=java.base/java.nio.charset=ALL-UNNAMED --add-opens=java.base/java.net=ALL-UNNAMED --add-opens=java.base/java.util.concurrent.atomic=ALL-UNNAMED -Xmx2048m -Dfile.encoding=UTF-8 -Duser.country=CA -Duser.language=en -Duser.variant 
java_command: org.gradle.launcher.daemon.bootstrap.GradleDaemon 8.0.1
java_class_path (initial): C:\Users\karth\.gradle\wrapper\dists\gradle-8.0.1-all\aro4hu1c3oeioove7l0i4i14o\gradle-8.0.1\lib\gradle-launcher-8.0.1.jar
Launcher Type: SUN_STANDARD

[Global flags]
     intx CICompilerCount                          = 12                                        {product} {ergonomic}
   size_t CompressedClassSpaceSize                 = 436207616                                 {product} {ergonomic}
     uint ConcGCThreads                            = 3                                         {product} {ergonomic}
     uint G1ConcRefinementThreads                  = 13                                        {product} {ergonomic}
   size_t G1HeapRegionSize                         = 1048576                                   {product} {ergonomic}
    uintx GCDrainStackTargetSize                   = 64                                        {product} {ergonomic}
   size_t InitialHeapSize                          = 264241152                                 {product} {ergonomic}
   size_t MarkStackSize                            = 4194304                                   {product} {ergonomic}
   size_t MaxHeapSize                              = 2147483648                                {product} {command line}
   size_t MaxMetaspaceSize                         = 536870912                                 {product} {command line}
   size_t MaxNewSize                               = 1287651328                                {product} {ergonomic}
   size_t MinHeapDeltaBytes                        = 1048576                                   {product} {ergonomic}
   size_t MinHeapSize                              = 8388608                                   {product} {ergonomic}
    uintx NonNMethodCodeHeapSize                   = 7602480                                {pd product} {ergonomic}
    uintx NonProfiledCodeHeapSize                  = 122027880                              {pd product} {ergonomic}
    uintx ProfiledCodeHeapSize                     = 122027880                              {pd product} {ergonomic}
    uintx ReservedCodeCacheSize                    = 251658240                              {pd product} {ergonomic}
     bool SegmentedCodeCache                       = true                                      {product} {ergonomic}
   size_t SoftMaxHeapSize                          = 2147483648                             {manageable} {ergonomic}
     bool UseCompressedClassPointers               = true                           {product lp64_product} {ergonomic}
     bool UseCompressedOops                        = true                           {product lp64_product} {ergonomic}
     bool UseG1GC                                  = true                                      {product} {ergonomic}
     bool UseLargePagesIndividualAllocation        = false                                  {pd product} {ergonomic}

Logging:
Log output configuration:
 #0: stdout all=warning uptime,level,tags
 #1: stderr all=off uptime,level,tags

Environment Variables:
JAVA_HOME=C:\Program Files\Java\jdk-23
CLASSPATH=C:\Users\karth\CascadeProjects\MobileAppAndroid\android\\gradle\wrapper\gradle-wrapper.jar
PATH=C:\Users\karth\CascadeProjects\MobileAppAndroid\node_modules\.bin;C:\Users\karth\CascadeProjects\MobileAppAndroid\node_modules\.bin;C:\Users\karth\CascadeProjects\node_modules\.bin;C:\Users\karth\node_modules\.bin;C:\Users\node_modules\.bin;C:\node_modules\.bin;C:\Program Files\nodejs\node_modules\npm\node_modules\@npmcli\run-script\lib\node-gyp-bin;C:\Users\karth\CascadeProjects\MobileAppAndroid\node_modules\.bin;C:\Users\karth\CascadeProjects\MobileAppAndroid\node_modules\.bin;C:\Users\karth\CascadeProjects\node_modules\.bin;C:\Users\karth\node_modules\.bin;C:\Users\node_modules\.bin;C:\node_modules\.bin;C:\Program Files\nodejs\node_modules\npm\node_modules\@npmcli\run-script\lib\node-gyp-bin;C:\Program Files\Eclipse Adoptium\jdk-17.0.15.6-hotspot\bin;C:\Program Files\Common Files\Oracle\Java\javapath;C:\WINDOWS\system32;C:\WINDOWS;C:\WINDOWS\System32\Wbem;C:\WINDOWS\System32\WindowsPowerShell\v1.0\;C:\WINDOWS\System32\OpenSSH\;C:\Program Files\nodejs\;C:\Program Files (x86)\nikto\program;C:\Program Files (x86)\curl;D:\GoWorkspace\bin;C:\Program Files\Go\bin;C:\Program Files\Git\cmd;C:\Users\karth\AppData\Local\Android\Sdk;C:\Users\karth\AppData\Local\Android\Sdk\platform-tools;C:\Program Files\Eclipse Adoptium\jdk-17.0.15.6-hotspot\bin;C:\Program Files\Common Files\Oracle\Java\javapath;C:\WINDOWS\system32;C:\WINDOWS;C:\WINDOWS\System32\Wbem;C:\WINDOWS\System32\WindowsPowerShell\v1.0\;C:\WINDOWS\System32\OpenSSH\;C:\Program Files\nodejs\;C:\Program Files\Git\cmd;C:\Users\karth\AppData\Local\Microsoft\WindowsApps;C:\Users\karth\AppData\Local\Programs\Microsoft VS Code\bin;C:\Users\karth\AppData\Roaming\npm;C:\Users\karth\go\bin;C:\Users\karth\AppData\Local\Programs\Windsurf\bin
USERNAME=karth
OS=Windows_NT
PROCESSOR_IDENTIFIER=Intel64 Family 6 Model 154 Stepping 3, GenuineIntel
TMP=C:\Users\karth\AppData\Local\Temp
TEMP=C:\Users\karth\AppData\Local\Temp



Periodic native trim disabled


---------------  S Y S T E M  ---------------

OS:
 Windows 11 , 64 bit Build 26100 (10.0.26100.3912)
OS uptime: 10 days 15:59 hours
Hyper-V role detected

CPU: total 16 (initial active 16) (8 cores per cpu, 2 threads per core) family 6 model 154 stepping 3 microcode 0x416, cx8, cmov, fxsr, ht, mmx, 3dnowpref, sse, sse2, sse3, ssse3, sse4.1, sse4.2, popcnt, lzcnt, tsc, tscinvbit, avx, avx2, aes, erms, clmul, bmi1, bmi2, adx, sha, fma, vzeroupper, clflush, clflushopt, clwb, hv
Processor Information for processor 0
  Max Mhz: 2100, Current Mhz: 2100, Mhz Limit: 2100
Processor Information for processor 1
  Max Mhz: 2100, Current Mhz: 2100, Mhz Limit: 2100
Processor Information for processor 2
  Max Mhz: 2100, Current Mhz: 2100, Mhz Limit: 2100
Processor Information for processor 3
  Max Mhz: 2100, Current Mhz: 2100, Mhz Limit: 2100
Processor Information for processor 4
  Max Mhz: 2100, Current Mhz: 2100, Mhz Limit: 2100
Processor Information for processor 5
  Max Mhz: 2100, Current Mhz: 2100, Mhz Limit: 2100
Processor Information for processor 6
  Max Mhz: 2100, Current Mhz: 2100, Mhz Limit: 2100
Processor Information for processor 7
  Max Mhz: 2100, Current Mhz: 2100, Mhz Limit: 2100
Processor Information for processor 8
  Max Mhz: 2100, Current Mhz: 1500, Mhz Limit: 1491
Processor Information for processor 9
  Max Mhz: 2100, Current Mhz: 1500, Mhz Limit: 1491
Processor Information for processor 10
  Max Mhz: 2100, Current Mhz: 1500, Mhz Limit: 1491
Processor Information for processor 11
  Max Mhz: 2100, Current Mhz: 1500, Mhz Limit: 1491
Processor Information for processor 12
  Max Mhz: 2100, Current Mhz: 1500, Mhz Limit: 1491
Processor Information for processor 13
  Max Mhz: 2100, Current Mhz: 1500, Mhz Limit: 1491
Processor Information for processor 14
  Max Mhz: 2100, Current Mhz: 1500, Mhz Limit: 1491
Processor Information for processor 15
  Max Mhz: 2100, Current Mhz: 1500, Mhz Limit: 1491

Memory: 4k page, system-wide physical 16088M (0M free)
TotalPageFile size 64210M (AvailPageFile size 74M)
current process WorkingSet (physical memory assigned to process): 24M, peak: 245M
current process commit charge ("private bytes"): 359M, peak: 433M

vm_info: OpenJDK 64-Bit Server VM (17.0.15+6) for windows-amd64 JRE (17.0.15+6), built on Apr 15 2025 21:25:47 by "admin" with MS VC++ 17.7 (VS2022)

END.
