#
# There is insufficient memory for the Java Runtime Environment to continue.
# Native memory allocation (mmap) failed to map 75497472 bytes. Error detail: G1 virtual space
# Possible reasons:
#   The system is out of physical RAM or swap space
#   This process is running with CompressedOops enabled, and the Java Heap may be blocking the growth of the native heap
# Possible solutions:
#   Reduce memory load on the system
#   Increase physical memory or swap space
#   Check if swap backing store is full
#   Decrease Java heap size (-Xmx/-Xms)
#   Decrease number of Java threads
#   Decrease Java thread stack sizes (-Xss)
#   Set larger code cache with -XX:ReservedCodeCacheSize=
#   JVM is running with Unscaled Compressed Oops mode in which the Java heap is
#     placed in the first 4GB address space. The Java Heap base address is the
#     maximum limit for the native heap growth. Please use -XX:HeapBaseMinAddress
#     to set the Java Heap base and to place the Java Heap above 4GB virtual address.
# This output file may be truncated or incomplete.
#
#  Out of Memory Error (os_windows.cpp:3618), pid=13100, tid=35836
#
# JRE version: OpenJDK Runtime Environment Temurin-17.0.15+6 (17.0.15+6) (build 17.0.15+6)
# Java VM: OpenJDK 64-Bit Server VM Temurin-17.0.15+6 (17.0.15+6, mixed mode, sharing, tiered, compressed oops, compressed class ptrs, g1 gc, windows-amd64)
# No core dump will be written. Minidumps are not enabled by default on client versions of Windows
#

---------------  S U M M A R Y ------------

Command Line: -XX:MaxMetaspaceSize=512m --add-opens=java.base/java.util=ALL-UNNAMED --add-opens=java.base/java.lang=ALL-UNNAMED --add-opens=java.base/java.lang.invoke=ALL-UNNAMED --add-opens=java.prefs/java.util.prefs=ALL-UNNAMED --add-opens=java.base/java.nio.charset=ALL-UNNAMED --add-opens=java.base/java.net=ALL-UNNAMED --add-opens=java.base/java.util.concurrent.atomic=ALL-UNNAMED -Xmx2048m -Dfile.encoding=UTF-8 -Duser.country=CA -Duser.language=en -Duser.variant org.gradle.launcher.daemon.bootstrap.GradleDaemon 8.0.1

Host: 12th Gen Intel(R) Core(TM) i7-1260P, 16 cores, 15G,  Windows 11 , 64 bit Build 26100 (10.0.26100.3912)
Time: Mon May 26 02:11:37 2025 Eastern Daylight Time elapsed time: 8513.477305 seconds (0d 2h 21m 53s)

---------------  T H R E A D  ---------------

Current thread (0x000002ae87761990):  VMThread "VM Thread" [stack: 0x000000d00ad00000,0x000000d00ae00000] [id=35836]

Stack: [0x000000d00ad00000,0x000000d00ae00000]
Native frames: (J=compiled Java code, j=interpreted, Vv=VM code, C=native code)
V  [jvm.dll+0x682fc9]
V  [jvm.dll+0x839878]
V  [jvm.dll+0x83b323]
V  [jvm.dll+0x83b993]
V  [jvm.dll+0x24725f]
V  [jvm.dll+0x67fda9]
V  [jvm.dll+0x674c9a]
V  [jvm.dll+0x304d06]
V  [jvm.dll+0x30c1c6]
V  [jvm.dll+0x35dd4e]
V  [jvm.dll+0x35df8d]
V  [jvm.dll+0x2dc0cc]
V  [jvm.dll+0x2da46f]
V  [jvm.dll+0x2d9bdc]
V  [jvm.dll+0x31d3bb]
V  [jvm.dll+0x8401cd]
V  [jvm.dll+0x840f03]
V  [jvm.dll+0x84142f]
V  [jvm.dll+0x841814]
V  [jvm.dll+0x8418de]
V  [jvm.dll+0x7e94dc]
V  [jvm.dll+0x681ea7]
C  [ucrtbase.dll+0x37b0]
C  [KERNEL32.DLL+0x2e8d7]
C  [ntdll.dll+0x9c5dc]

VM_Operation (0x000000d00bffd770): G1CollectForAllocation, mode: safepoint, requested by thread 0x000002aea8f38780


---------------  P R O C E S S  ---------------

Threads class SMR info:
_java_thread_list=0x000002aea8623bc0, length=80, elements={
0x000002aee7de3f40, 0x000002ae874891a0, 0x000002ae8748a6e0, 0x000002ae8749bca0,
0x000002ae8749e580, 0x000002ae874a1260, 0x000002ae874a1b30, 0x000002ae874a32a0,
0x000002ae87769fe0, 0x000002ae877e74a0, 0x000002ae878bcad0, 0x000002ae878c3bf0,
0x000002aea8f38780, 0x000002aea7112260, 0x000002aea795eaf0, 0x000002aea70a1290,
0x000002aea710c920, 0x000002ae87966fa0, 0x000002aea7173520, 0x000002aea71720e0,
0x000002aea7173f40, 0x000002aea7172b00, 0x000002aea7173010, 0x000002aea7173a30,
0x000002aea7174e70, 0x000002aea7174450, 0x000002aea7171bd0, 0x000002aea92f49c0,
0x000002aea92f58f0, 0x000002aea92f5e00, 0x000002aea92f6310, 0x000002aea92f3fa0,
0x000002aea92f3070, 0x000002aea92f3580, 0x000002aea92f4ed0, 0x000002aea92f53e0,
0x000002aea7174960, 0x000002aea895dc30, 0x000002aea895e650, 0x000002aea895d720,
0x000002aea895f580, 0x000002aea895fa90, 0x000002aea895f070, 0x000002aea8960ed0,
0x000002aea895eb60, 0x000002aea895ffa0, 0x000002aea895e140, 0x000002aea8963240,
0x000002aea8963c60, 0x000002aea8963750, 0x000002aea8962820, 0x000002aea8962d30,
0x000002aea89609c0, 0x000002aea89613e0, 0x000002aea89618f0, 0x000002aea89604b0,
0x000002aea8964170, 0x000002aea8964680, 0x000002aea8964b90, 0x000002aea89650a0,
0x000002aea8962310, 0x000002aea8961e00, 0x000002aea7b06ff0, 0x000002aea7b07f20,
0x000002aea7b05bb0, 0x000002aea7b06ae0, 0x000002aea7b060c0, 0x000002aea7b07500,
0x000002aea7b07a10, 0x000002aea7b065d0, 0x000002aea7b056a0, 0x000002aea7b08430,
0x000002aea7b04c80, 0x000002aea7b08940, 0x000002aea7b05190, 0x000002aea7b0c0f0,
0x000002aea7b08e50, 0x000002aea7b0c600, 0x000002aea7b09360, 0x000002aea7b0b6d0
}

Java Threads: ( => current thread )
  0x000002aee7de3f40 JavaThread "main" [_thread_blocked, id=67452, stack(0x000000d00a700000,0x000000d00a800000)]
  0x000002ae874891a0 JavaThread "Reference Handler" daemon [_thread_blocked, id=15688, stack(0x000000d00ae00000,0x000000d00af00000)]
  0x000002ae8748a6e0 JavaThread "Finalizer" daemon [_thread_blocked, id=38104, stack(0x000000d00af00000,0x000000d00b000000)]
  0x000002ae8749bca0 JavaThread "Signal Dispatcher" daemon [_thread_blocked, id=12096, stack(0x000000d00b000000,0x000000d00b100000)]
  0x000002ae8749e580 JavaThread "Attach Listener" daemon [_thread_blocked, id=60680, stack(0x000000d00b100000,0x000000d00b200000)]
  0x000002ae874a1260 JavaThread "Service Thread" daemon [_thread_blocked, id=3556, stack(0x000000d00b200000,0x000000d00b300000)]
  0x000002ae874a1b30 JavaThread "Monitor Deflation Thread" daemon [_thread_blocked, id=54472, stack(0x000000d00b300000,0x000000d00b400000)]
  0x000002ae874a32a0 JavaThread "C2 CompilerThread0" daemon [_thread_blocked, id=67580, stack(0x000000d00b400000,0x000000d00b500000)]
  0x000002ae87769fe0 JavaThread "C1 CompilerThread0" daemon [_thread_blocked, id=44124, stack(0x000000d00b500000,0x000000d00b600000)]
  0x000002ae877e74a0 JavaThread "Sweeper thread" daemon [_thread_blocked, id=12760, stack(0x000000d00b600000,0x000000d00b700000)]
  0x000002ae878bcad0 JavaThread "Common-Cleaner" daemon [_thread_blocked, id=56628, stack(0x000000d00b700000,0x000000d00b800000)]
  0x000002ae878c3bf0 JavaThread "Notification Thread" daemon [_thread_blocked, id=2004, stack(0x000000d00b800000,0x000000d00b900000)]
  0x000002aea8f38780 JavaThread "Daemon health stats" [_thread_blocked, id=57036, stack(0x000000d00bf00000,0x000000d00c000000)]
  0x000002aea7112260 JavaThread "Incoming local TCP Connector on port 33745" [_thread_in_native, id=45920, stack(0x000000d00a400000,0x000000d00a500000)]
  0x000002aea795eaf0 JavaThread "Daemon periodic checks" [_thread_blocked, id=2844, stack(0x000000d00a500000,0x000000d00a600000)]
  0x000002aea70a1290 JavaThread "Daemon" [_thread_blocked, id=43696, stack(0x000000d00a600000,0x000000d00a700000)]
  0x000002aea710c920 JavaThread "Handler for socket connection from /127.0.0.1:33745 to /127.0.0.1:33771" [_thread_in_native, id=19020, stack(0x000000d00c000000,0x000000d00c100000)]
  0x000002ae87966fa0 JavaThread "Cancel handler" [_thread_blocked, id=61968, stack(0x000000d00c900000,0x000000d00ca00000)]
  0x000002aea7173520 JavaThread "Daemon worker" [_thread_blocked, id=18800, stack(0x000000d00ca00000,0x000000d00cb00000)]
  0x000002aea71720e0 JavaThread "Asynchronous log dispatcher for DefaultDaemonConnection: socket connection from /127.0.0.1:33745 to /127.0.0.1:33771" [_thread_blocked, id=32052, stack(0x000000d00cb00000,0x000000d00cc00000)]
  0x000002aea7173f40 JavaThread "Daemon client event forwarder" [_thread_blocked, id=32932, stack(0x000000d00cd00000,0x000000d00ce00000)]
  0x000002aea7172b00 JavaThread "Cache worker for journal cache (C:\Users\karth\.gradle\caches\journal-1)" [_thread_blocked, id=48120, stack(0x000000d00cf00000,0x000000d00d000000)]
  0x000002aea7173010 JavaThread "File lock request listener" [_thread_in_native, id=65500, stack(0x000000d00d000000,0x000000d00d100000)]
  0x000002aea7173a30 JavaThread "Cache worker for file hash cache (C:\Users\karth\.gradle\caches\8.0.1\fileHashes)" [_thread_blocked, id=55884, stack(0x000000d00d100000,0x000000d00d200000)]
  0x000002aea7174e70 JavaThread "File watcher server" daemon [_thread_in_native, id=42220, stack(0x000000d00d200000,0x000000d00d300000)]
  0x000002aea7174450 JavaThread "File watcher consumer" daemon [_thread_blocked, id=65252, stack(0x000000d00d300000,0x000000d00d400000)]
  0x000002aea7171bd0 JavaThread "Cache worker for checksums cache (C:\Users\karth\CascadeProjects\MobileAppAndroid\android\.gradle\8.0.1\checksums)" [_thread_blocked, id=62000, stack(0x000000d00d500000,0x000000d00d600000)]
  0x000002aea92f49c0 JavaThread "Cache worker for cache directory md-rule (C:\Users\karth\.gradle\caches\8.0.1\md-rule)" [_thread_blocked, id=63072, stack(0x000000d00d600000,0x000000d00d700000)]
  0x000002aea92f58f0 JavaThread "Cache worker for file content cache (C:\Users\karth\.gradle\caches\8.0.1\fileContent)" [_thread_blocked, id=45320, stack(0x000000d00d700000,0x000000d00d800000)]
  0x000002aea92f5e00 JavaThread "Cache worker for file hash cache (C:\Users\karth\CascadeProjects\MobileAppAndroid\android\.gradle\8.0.1\fileHashes)" [_thread_blocked, id=25828, stack(0x000000d00da00000,0x000000d00db00000)]
  0x000002aea92f6310 JavaThread "Cache worker for cache directory md-supplier (C:\Users\karth\.gradle\caches\8.0.1\md-supplier)" [_thread_blocked, id=64280, stack(0x000000d00db00000,0x000000d00dc00000)]
  0x000002aea92f3fa0 JavaThread "Cache worker for execution history cache (C:\Users\karth\.gradle\caches\8.0.1\executionHistory)" [_thread_blocked, id=24480, stack(0x000000d00dc00000,0x000000d00dd00000)]
  0x000002aea92f3070 JavaThread "jar transforms" [_thread_blocked, id=40592, stack(0x000000d00dd00000,0x000000d00de00000)]
  0x000002aea92f3580 JavaThread "jar transforms Thread 2" [_thread_blocked, id=18948, stack(0x000000d00de00000,0x000000d00df00000)]
  0x000002aea92f4ed0 JavaThread "jar transforms Thread 3" [_thread_blocked, id=48604, stack(0x000000d00e000000,0x000000d00e100000)]
  0x000002aea92f53e0 JavaThread "jar transforms Thread 4" [_thread_blocked, id=61572, stack(0x000000d00e100000,0x000000d00e200000)]
  0x000002aea7174960 JavaThread "Cache worker for kotlin-dsl (C:\Users\karth\.gradle\caches\8.0.1\kotlin-dsl)" [_thread_blocked, id=24868, stack(0x000000d00c200000,0x000000d00c300000)]
  0x000002aea895dc30 JavaThread "jar transforms Thread 5" [_thread_blocked, id=41208, stack(0x000000d00d400000,0x000000d00d500000)]
  0x000002aea895e650 JavaThread "jar transforms Thread 6" [_thread_blocked, id=45772, stack(0x000000d00df00000,0x000000d00e000000)]
  0x000002aea895d720 JavaThread "Cache worker for dependencies-accessors (C:\Users\karth\CascadeProjects\MobileAppAndroid\android\.gradle\8.0.1\dependencies-accessors)" [_thread_blocked, id=45556, stack(0x000000d00e200000,0x000000d00e300000)]
  0x000002aea895f580 JavaThread "Cache worker for Build Output Cleanup Cache (C:\Users\karth\CascadeProjects\MobileAppAndroid\node_modules\@react-native\gradle-plugin\.gradle\buildOutputCleanup)" [_thread_blocked, id=38240, stack(0x000000d00e300000,0x000000d00e400000)]
  0x000002aea895fa90 JavaThread "jar transforms Thread 7" [_thread_blocked, id=48512, stack(0x000000d00e400000,0x000000d00e500000)]
  0x000002aea895f070 JavaThread "Unconstrained build operations" [_thread_blocked, id=68268, stack(0x000000d00c100000,0x000000d00c200000)]
  0x000002aea8960ed0 JavaThread "Unconstrained build operations Thread 2" [_thread_blocked, id=33424, stack(0x000000d00e600000,0x000000d00e700000)]
  0x000002aea895eb60 JavaThread "Unconstrained build operations Thread 3" [_thread_blocked, id=42944, stack(0x000000d00e700000,0x000000d00e800000)]
  0x000002aea895ffa0 JavaThread "Unconstrained build operations Thread 4" [_thread_blocked, id=12216, stack(0x000000d00e800000,0x000000d00e900000)]
  0x000002aea895e140 JavaThread "Unconstrained build operations Thread 5" [_thread_blocked, id=20420, stack(0x000000d00e900000,0x000000d00ea00000)]
  0x000002aea8963240 JavaThread "Unconstrained build operations Thread 6" [_thread_blocked, id=57136, stack(0x000000d00ea00000,0x000000d00eb00000)]
  0x000002aea8963c60 JavaThread "Unconstrained build operations Thread 7" [_thread_blocked, id=64016, stack(0x000000d00eb00000,0x000000d00ec00000)]
  0x000002aea8963750 JavaThread "Unconstrained build operations Thread 8" [_thread_blocked, id=28084, stack(0x000000d00ec00000,0x000000d00ed00000)]
  0x000002aea8962820 JavaThread "Unconstrained build operations Thread 9" [_thread_blocked, id=28760, stack(0x000000d00ed00000,0x000000d00ee00000)]
  0x000002aea8962d30 JavaThread "Unconstrained build operations Thread 10" [_thread_blocked, id=58328, stack(0x000000d00ee00000,0x000000d00ef00000)]
  0x000002aea89609c0 JavaThread "Unconstrained build operations Thread 11" [_thread_blocked, id=46648, stack(0x000000d00ef00000,0x000000d00f000000)]
  0x000002aea89613e0 JavaThread "Unconstrained build operations Thread 12" [_thread_blocked, id=48352, stack(0x000000d00f000000,0x000000d00f100000)]
  0x000002aea89618f0 JavaThread "Unconstrained build operations Thread 13" [_thread_blocked, id=2104, stack(0x000000d00f100000,0x000000d00f200000)]
  0x000002aea89604b0 JavaThread "Unconstrained build operations Thread 14" [_thread_blocked, id=49688, stack(0x000000d00f200000,0x000000d00f300000)]
  0x000002aea8964170 JavaThread "Unconstrained build operations Thread 15" [_thread_blocked, id=59656, stack(0x000000d00f300000,0x000000d00f400000)]
  0x000002aea8964680 JavaThread "Unconstrained build operations Thread 16" [_thread_blocked, id=19976, stack(0x000000d00f400000,0x000000d00f500000)]
  0x000002aea8964b90 JavaThread "Unconstrained build operations Thread 17" [_thread_blocked, id=51172, stack(0x000000d00f500000,0x000000d00f600000)]
  0x000002aea89650a0 JavaThread "Unconstrained build operations Thread 18" [_thread_blocked, id=65544, stack(0x000000d00f600000,0x000000d00f700000)]
  0x000002aea8962310 JavaThread "Unconstrained build operations Thread 19" [_thread_blocked, id=30624, stack(0x000000d00f700000,0x000000d00f800000)]
  0x000002aea8961e00 JavaThread "Unconstrained build operations Thread 20" [_thread_blocked, id=63484, stack(0x000000d00f800000,0x000000d00f900000)]
  0x000002aea7b06ff0 JavaThread "Unconstrained build operations Thread 21" [_thread_blocked, id=26380, stack(0x000000d00f900000,0x000000d00fa00000)]
  0x000002aea7b07f20 JavaThread "Unconstrained build operations Thread 22" [_thread_blocked, id=60464, stack(0x000000d00fa00000,0x000000d00fb00000)]
  0x000002aea7b05bb0 JavaThread "Unconstrained build operations Thread 23" [_thread_blocked, id=59268, stack(0x000000d00fb00000,0x000000d00fc00000)]
  0x000002aea7b06ae0 JavaThread "Unconstrained build operations Thread 24" [_thread_blocked, id=23756, stack(0x000000d00fc00000,0x000000d00fd00000)]
  0x000002aea7b060c0 JavaThread "Unconstrained build operations Thread 25" [_thread_blocked, id=47552, stack(0x000000d00fd00000,0x000000d00fe00000)]
  0x000002aea7b07500 JavaThread "Unconstrained build operations Thread 26" [_thread_blocked, id=9564, stack(0x000000d00fe00000,0x000000d00ff00000)]
  0x000002aea7b07a10 JavaThread "jar transforms Thread 8" [_thread_blocked, id=36208, stack(0x000000d00e500000,0x000000d00e600000)]
  0x000002aea7b065d0 JavaThread "jar transforms Thread 9" [_thread_blocked, id=65492, stack(0x000000d00ff00000,0x000000d010000000)]
  0x000002aea7b056a0 JavaThread "jar transforms Thread 10" [_thread_blocked, id=16524, stack(0x000000d010000000,0x000000d010100000)]
  0x000002aea7b08430 JavaThread "jar transforms Thread 11" [_thread_blocked, id=52932, stack(0x000000d010100000,0x000000d010200000)]
  0x000002aea7b04c80 JavaThread "jar transforms Thread 12" [_thread_blocked, id=68456, stack(0x000000d010200000,0x000000d010300000)]
  0x000002aea7b08940 JavaThread "jar transforms Thread 13" [_thread_blocked, id=23780, stack(0x000000d010300000,0x000000d010400000)]
  0x000002aea7b05190 JavaThread "jar transforms Thread 14" [_thread_blocked, id=36448, stack(0x000000d010400000,0x000000d010500000)]
  0x000002aea7b0c0f0 JavaThread "jar transforms Thread 15" [_thread_blocked, id=44784, stack(0x000000d010500000,0x000000d010600000)]
  0x000002aea7b08e50 JavaThread "jar transforms Thread 16" [_thread_blocked, id=15212, stack(0x000000d010600000,0x000000d010700000)]
  0x000002aea7b0c600 JavaThread "Memory manager" [_thread_blocked, id=51484, stack(0x000000d010900000,0x000000d010a00000)]
  0x000002aea7b09360 JavaThread "Cache worker for Build Output Cleanup Cache (C:\Users\karth\CascadeProjects\MobileAppAndroid\android\.gradle\buildOutputCleanup)" [_thread_blocked, id=41464, stack(0x000000d010700000,0x000000d010800000)]
  0x000002aea7b0b6d0 JavaThread "File lock release action executor Thread 3" [_thread_blocked, id=75632, stack(0x000000d00cc00000,0x000000d00cd00000)]

Other Threads:
=>0x000002ae87761990 VMThread "VM Thread" [stack: 0x000000d00ad00000,0x000000d00ae00000] [id=35836]
  0x000002ae878c40d0 WatcherThread [stack: 0x000000d00b900000,0x000000d00ba00000] [id=48448]
  0x000002aee7e40640 GCTaskThread "GC Thread#0" [stack: 0x000000d00a800000,0x000000d00a900000] [id=26348]
  0x000002aea71607d0 GCTaskThread "GC Thread#1" [stack: 0x000000d00ba00000,0x000000d00bb00000] [id=36188]
  0x000002aea7160a90 GCTaskThread "GC Thread#2" [stack: 0x000000d00bb00000,0x000000d00bc00000] [id=56808]
  0x000002aea7160510 GCTaskThread "GC Thread#3" [stack: 0x000000d00bc00000,0x000000d00bd00000] [id=38800]
  0x000002aea7160d50 GCTaskThread "GC Thread#4" [stack: 0x000000d00bd00000,0x000000d00be00000] [id=46780]
  0x000002aea715f1d0 GCTaskThread "GC Thread#5" [stack: 0x000000d00be00000,0x000000d00bf00000] [id=54764]
  0x000002aea7160250 GCTaskThread "GC Thread#6" [stack: 0x000000d00c300000,0x000000d00c400000] [id=57488]
  0x000002aea715fa10 GCTaskThread "GC Thread#7" [stack: 0x000000d00c400000,0x000000d00c500000] [id=12680]
  0x000002aea715ff90 GCTaskThread "GC Thread#8" [stack: 0x000000d00c500000,0x000000d00c600000] [id=9016]
  0x000002aea715f750 GCTaskThread "GC Thread#9" [stack: 0x000000d00c600000,0x000000d00c700000] [id=49740]
  0x000002aea715fcd0 GCTaskThread "GC Thread#10" [stack: 0x000000d00c700000,0x000000d00c800000] [id=57812]
  0x000002aea7cd9e10 GCTaskThread "GC Thread#11" [stack: 0x000000d00c800000,0x000000d00c900000] [id=14272]
  0x000002aea7cd8ad0 GCTaskThread "GC Thread#12" [stack: 0x000000d00ce00000,0x000000d00cf00000] [id=67696]
  0x000002aee7e514a0 ConcurrentGCThread "G1 Main Marker" [stack: 0x000000d00a900000,0x000000d00aa00000] [id=38848]
  0x000002aee7e52aa0 ConcurrentGCThread "G1 Conc#0" [stack: 0x000000d00aa00000,0x000000d00ab00000] [id=20008]
  0x000002aea7cda910 ConcurrentGCThread "G1 Conc#1" [stack: 0x000000d00d800000,0x000000d00d900000] [id=68316]
  0x000002aea7cdb150 ConcurrentGCThread "G1 Conc#2" [stack: 0x000000d00d900000,0x000000d00da00000] [id=68360]
  0x000002ae87370f50 ConcurrentGCThread "G1 Refine#0" [stack: 0x000000d00ab00000,0x000000d00ac00000] [id=60492]
  0x000002ae87371890 ConcurrentGCThread "G1 Service" [stack: 0x000000d00ac00000,0x000000d00ad00000] [id=64492]

Threads with active compile tasks:
C2 CompilerThread0  8516865 8557       4       java.util.concurrent.ScheduledThreadPoolExecutor$DelayedWorkQueue::add (9 bytes)
C1 CompilerThread0  8516891 8565       1       org.gradle.launcher.daemon.registry.DaemonInfo::getContext (5 bytes)

VM state: at safepoint (normal execution)

VM Mutex/Monitor currently owned by a thread:  ([mutex/lock_event])
[0x000002aee6373a10] Threads_lock - owner thread: 0x000002ae87761990
[0x000002aee7ddf570] Heap_lock - owner thread: 0x000002aea8f38780

Heap address: 0x0000000080000000, size: 2048 MB, Compressed Oops mode: 32-bit

CDS archive(s) mapped at: [0x000002ae88000000-0x000002ae88bb0000-0x000002ae88bb0000), size 12255232, SharedBaseAddress: 0x000002ae88000000, ArchiveRelocationMode: 1.
Compressed class space mapped at: 0x000002ae89000000-0x000002aea3000000, reserved size: 436207616
Narrow klass base: 0x000002ae88000000, Narrow klass shift: 0, Narrow klass range: 0x100000000

GC Precious Log:
 CPUs: 16 total, 16 available
 Memory: 16088M
 Large Page Support: Disabled
 NUMA Support: Disabled
 Compressed Oops: Enabled (32-bit)
 Heap Region Size: 1M
 Heap Min Capacity: 8M
 Heap Initial Capacity: 252M
 Heap Max Capacity: 2G
 Pre-touch: Disabled
 Parallel Workers: 13
 Concurrent Workers: 3
 Concurrent Refinement Workers: 13
 Periodic GC: Disabled

Heap:
 garbage-first heap   total 171008K, used 54258K [0x0000000080000000, 0x0000000100000000)
  region size 1024K, 1 young (1024K), 1 survivors (1024K)
 Metaspace       used 58751K, committed 59392K, reserved 491520K
  class space    used 8103K, committed 8384K, reserved 425984K

Heap Regions: E=young(eden), S=young(survivor), O=old, HS=humongous(starts), HC=humongous(continues), CS=collection set, F=free, OA=open archive, CA=closed archive, TAMS=top-at-mark-start (previous, next)
|   0|0x0000000080000000, 0x0000000080100000, 0x0000000080100000|100%|HS|  |TAMS 0x0000000080100000, 0x0000000080000000| Complete 
|   1|0x0000000080100000, 0x0000000080200000, 0x0000000080200000|100%|HC|  |TAMS 0x0000000080200000, 0x0000000080100000| Complete 
|   2|0x0000000080200000, 0x0000000080300000, 0x0000000080300000|100%|HC|  |TAMS 0x0000000080300000, 0x0000000080200000| Complete 
|   3|0x0000000080300000, 0x0000000080400000, 0x0000000080400000|100%|HC|  |TAMS 0x0000000080400000, 0x0000000080300000| Complete 
|   4|0x0000000080400000, 0x0000000080500000, 0x0000000080500000|100%| O|  |TAMS 0x0000000080500000, 0x0000000080400000| Untracked 
|   5|0x0000000080500000, 0x0000000080600000, 0x0000000080600000|100%| O|  |TAMS 0x0000000080600000, 0x0000000080500000| Untracked 
|   6|0x0000000080600000, 0x0000000080700000, 0x0000000080700000|100%| O|  |TAMS 0x0000000080700000, 0x0000000080600000| Untracked 
|   7|0x0000000080700000, 0x0000000080800000, 0x0000000080800000|100%| O|  |TAMS 0x0000000080800000, 0x0000000080700000| Untracked 
|   8|0x0000000080800000, 0x0000000080900000, 0x0000000080900000|100%| O|  |TAMS 0x0000000080900000, 0x0000000080800000| Untracked 
|   9|0x0000000080900000, 0x0000000080a00000, 0x0000000080a00000|100%| O|  |TAMS 0x0000000080a00000, 0x0000000080900000| Untracked 
|  10|0x0000000080a00000, 0x0000000080b00000, 0x0000000080b00000|100%| O|  |TAMS 0x0000000080b00000, 0x0000000080a00000| Untracked 
|  11|0x0000000080b00000, 0x0000000080c00000, 0x0000000080c00000|100%| O|  |TAMS 0x0000000080c00000, 0x0000000080b00000| Untracked 
|  12|0x0000000080c00000, 0x0000000080d00000, 0x0000000080d00000|100%| O|  |TAMS 0x0000000080d00000, 0x0000000080c00000| Untracked 
|  13|0x0000000080d00000, 0x0000000080e00000, 0x0000000080e00000|100%| O|  |TAMS 0x0000000080e00000, 0x0000000080d00000| Untracked 
|  14|0x0000000080e00000, 0x0000000080f00000, 0x0000000080f00000|100%| O|  |TAMS 0x0000000080f00000, 0x0000000080e00000| Untracked 
|  15|0x0000000080f00000, 0x0000000081000000, 0x0000000081000000|100%| O|  |TAMS 0x0000000081000000, 0x0000000080f00000| Untracked 
|  16|0x0000000081000000, 0x0000000081100000, 0x0000000081100000|100%| O|  |TAMS 0x0000000081100000, 0x0000000081000000| Untracked 
|  17|0x0000000081100000, 0x0000000081200000, 0x0000000081200000|100%| O|  |TAMS 0x0000000081200000, 0x0000000081100000| Untracked 
|  18|0x0000000081200000, 0x0000000081300000, 0x0000000081300000|100%| O|  |TAMS 0x0000000081300000, 0x0000000081200000| Untracked 
|  19|0x0000000081300000, 0x0000000081400000, 0x0000000081400000|100%| O|  |TAMS 0x0000000081400000, 0x0000000081300000| Untracked 
|  20|0x0000000081400000, 0x0000000081500000, 0x0000000081500000|100%| O|  |TAMS 0x0000000081500000, 0x0000000081400000| Untracked 
|  21|0x0000000081500000, 0x0000000081600000, 0x0000000081600000|100%| O|  |TAMS 0x0000000081600000, 0x0000000081500000| Untracked 
|  22|0x0000000081600000, 0x0000000081700000, 0x0000000081700000|100%| O|  |TAMS 0x0000000081700000, 0x0000000081600000| Untracked 
|  23|0x0000000081700000, 0x0000000081800000, 0x0000000081800000|100%| O|  |TAMS 0x0000000081800000, 0x0000000081700000| Untracked 
|  24|0x0000000081800000, 0x0000000081900000, 0x0000000081900000|100%| O|  |TAMS 0x0000000081900000, 0x0000000081800000| Untracked 
|  25|0x0000000081900000, 0x0000000081a00000, 0x0000000081a00000|100%| O|  |TAMS 0x0000000081a00000, 0x0000000081900000| Untracked 
|  26|0x0000000081a00000, 0x0000000081b00000, 0x0000000081b00000|100%| O|  |TAMS 0x0000000081b00000, 0x0000000081a00000| Untracked 
|  27|0x0000000081b00000, 0x0000000081c00000, 0x0000000081c00000|100%| O|  |TAMS 0x0000000081bd6400, 0x0000000081b00000| Untracked 
|  28|0x0000000081c00000, 0x0000000081d00000, 0x0000000081d00000|100%| O|  |TAMS 0x0000000081c00000, 0x0000000081c00000| Untracked 
|  29|0x0000000081d00000, 0x0000000081e00000, 0x0000000081e00000|100%| O|  |TAMS 0x0000000081d00000, 0x0000000081d00000| Untracked 
|  30|0x0000000081e00000, 0x0000000081f00000, 0x0000000081f00000|100%| O|  |TAMS 0x0000000081e00000, 0x0000000081e00000| Untracked 
|  31|0x0000000081f00000, 0x0000000082000000, 0x0000000082000000|100%| O|  |TAMS 0x0000000081f00000, 0x0000000081f00000| Untracked 
|  32|0x0000000082000000, 0x0000000082100000, 0x0000000082100000|100%| O|  |TAMS 0x0000000082100000, 0x0000000082000000| Untracked 
|  33|0x0000000082100000, 0x0000000082200000, 0x0000000082200000|100%|HS|  |TAMS 0x0000000082100000, 0x0000000082100000| Complete 
|  34|0x0000000082200000, 0x0000000082300000, 0x0000000082300000|100%|HC|  |TAMS 0x0000000082200000, 0x0000000082200000| Complete 
|  35|0x0000000082300000, 0x0000000082400000, 0x0000000082400000|100%|HS|  |TAMS 0x0000000082300000, 0x0000000082300000| Complete 
|  36|0x0000000082400000, 0x0000000082500000, 0x0000000082500000|100%|HC|  |TAMS 0x0000000082400000, 0x0000000082400000| Complete 
|  37|0x0000000082500000, 0x0000000082600000, 0x0000000082600000|100%|HC|  |TAMS 0x0000000082500000, 0x0000000082500000| Complete 
|  38|0x0000000082600000, 0x0000000082700000, 0x0000000082700000|100%|HC|  |TAMS 0x0000000082600000, 0x0000000082600000| Complete 
|  39|0x0000000082700000, 0x0000000082800000, 0x0000000082800000|100%| O|  |TAMS 0x0000000082700000, 0x0000000082700000| Untracked 
|  40|0x0000000082800000, 0x0000000082900000, 0x0000000082900000|100%| O|  |TAMS 0x0000000082800000, 0x0000000082800000| Untracked 
|  41|0x0000000082900000, 0x0000000082a00000, 0x0000000082a00000|100%| O|  |TAMS 0x0000000082900000, 0x0000000082900000| Untracked 
|  42|0x0000000082a00000, 0x0000000082b00000, 0x0000000082b00000|100%| O|  |TAMS 0x0000000082a00000, 0x0000000082a00000| Untracked 
|  43|0x0000000082b00000, 0x0000000082c00000, 0x0000000082c00000|100%| O|  |TAMS 0x0000000082b00000, 0x0000000082b00000| Untracked 
|  44|0x0000000082c00000, 0x0000000082d00000, 0x0000000082d00000|100%| O|  |TAMS 0x0000000082c00000, 0x0000000082c00000| Untracked 
|  45|0x0000000082d00000, 0x0000000082e00000, 0x0000000082e00000|100%| O|  |TAMS 0x0000000082d00000, 0x0000000082d00000| Untracked 
|  46|0x0000000082e00000, 0x0000000082f00000, 0x0000000082f00000|100%| O|  |TAMS 0x0000000082e00000, 0x0000000082e00000| Untracked 
|  47|0x0000000082f00000, 0x0000000083000000, 0x0000000083000000|100%| O|  |TAMS 0x0000000082f00000, 0x0000000082f00000| Untracked 
|  48|0x0000000083000000, 0x0000000083100000, 0x0000000083100000|100%| O|  |TAMS 0x0000000083000000, 0x0000000083000000| Untracked 
|  49|0x0000000083100000, 0x0000000083200000, 0x0000000083200000|100%| O|  |TAMS 0x0000000083100000, 0x0000000083100000| Untracked 
|  50|0x0000000083200000, 0x0000000083300000, 0x0000000083300000|100%| O|  |TAMS 0x0000000083200000, 0x0000000083200000| Untracked 
|  51|0x0000000083300000, 0x0000000083400000, 0x0000000083400000|100%| O|  |TAMS 0x0000000083300000, 0x0000000083300000| Untracked 
|  52|0x0000000083400000, 0x00000000834cac00, 0x0000000083500000| 79%| O|  |TAMS 0x0000000083400000, 0x0000000083400000| Untracked 
|  53|0x0000000083500000, 0x0000000083500000, 0x0000000083600000|  0%| F|  |TAMS 0x0000000083500000, 0x0000000083500000| Untracked 
|  54|0x0000000083600000, 0x0000000083600000, 0x0000000083700000|  0%| F|  |TAMS 0x0000000083600000, 0x0000000083600000| Untracked 
|  55|0x0000000083700000, 0x0000000083700000, 0x0000000083800000|  0%| F|  |TAMS 0x0000000083700000, 0x0000000083700000| Untracked 
|  56|0x0000000083800000, 0x0000000083800000, 0x0000000083900000|  0%| F|  |TAMS 0x0000000083800000, 0x0000000083800000| Untracked 
|  57|0x0000000083900000, 0x0000000083900000, 0x0000000083a00000|  0%| F|  |TAMS 0x0000000083900000, 0x0000000083900000| Untracked 
|  58|0x0000000083a00000, 0x0000000083a00000, 0x0000000083b00000|  0%| F|  |TAMS 0x0000000083a00000, 0x0000000083a00000| Untracked 
|  59|0x0000000083b00000, 0x0000000083b00000, 0x0000000083c00000|  0%| F|  |TAMS 0x0000000083b00000, 0x0000000083b00000| Untracked 
|  60|0x0000000083c00000, 0x0000000083c00000, 0x0000000083d00000|  0%| F|  |TAMS 0x0000000083c00000, 0x0000000083c00000| Untracked 
|  61|0x0000000083d00000, 0x0000000083d00000, 0x0000000083e00000|  0%| F|  |TAMS 0x0000000083d00000, 0x0000000083d00000| Untracked 
|  62|0x0000000083e00000, 0x0000000083e00000, 0x0000000083f00000|  0%| F|  |TAMS 0x0000000083e00000, 0x0000000083e00000| Untracked 
|  63|0x0000000083f00000, 0x0000000083f00000, 0x0000000084000000|  0%| F|  |TAMS 0x0000000083f00000, 0x0000000083f00000| Untracked 
|  64|0x0000000084000000, 0x0000000084000000, 0x0000000084100000|  0%| F|  |TAMS 0x0000000084000000, 0x0000000084000000| Untracked 
|  65|0x0000000084100000, 0x0000000084100000, 0x0000000084200000|  0%| F|  |TAMS 0x0000000084100000, 0x0000000084100000| Untracked 
|  66|0x0000000084200000, 0x0000000084200000, 0x0000000084300000|  0%| F|  |TAMS 0x0000000084200000, 0x0000000084200000| Untracked 
|  67|0x0000000084300000, 0x0000000084300000, 0x0000000084400000|  0%| F|  |TAMS 0x0000000084300000, 0x0000000084300000| Untracked 
|  68|0x0000000084400000, 0x0000000084400000, 0x0000000084500000|  0%| F|  |TAMS 0x0000000084400000, 0x0000000084400000| Untracked 
|  69|0x0000000084500000, 0x0000000084500000, 0x0000000084600000|  0%| F|  |TAMS 0x0000000084500000, 0x0000000084500000| Untracked 
|  70|0x0000000084600000, 0x0000000084600000, 0x0000000084700000|  0%| F|  |TAMS 0x0000000084600000, 0x0000000084600000| Untracked 
|  71|0x0000000084700000, 0x0000000084700000, 0x0000000084800000|  0%| F|  |TAMS 0x0000000084700000, 0x0000000084700000| Untracked 
|  72|0x0000000084800000, 0x0000000084800000, 0x0000000084900000|  0%| F|  |TAMS 0x0000000084800000, 0x0000000084800000| Untracked 
|  73|0x0000000084900000, 0x0000000084900000, 0x0000000084a00000|  0%| F|  |TAMS 0x0000000084900000, 0x0000000084900000| Untracked 
|  74|0x0000000084a00000, 0x0000000084a00000, 0x0000000084b00000|  0%| F|  |TAMS 0x0000000084a00000, 0x0000000084a00000| Untracked 
|  75|0x0000000084b00000, 0x0000000084b00000, 0x0000000084c00000|  0%| F|  |TAMS 0x0000000084b00000, 0x0000000084b00000| Untracked 
|  76|0x0000000084c00000, 0x0000000084c00000, 0x0000000084d00000|  0%| F|  |TAMS 0x0000000084c00000, 0x0000000084c00000| Untracked 
|  77|0x0000000084d00000, 0x0000000084d00000, 0x0000000084e00000|  0%| F|  |TAMS 0x0000000084d00000, 0x0000000084d00000| Untracked 
|  78|0x0000000084e00000, 0x0000000084e00000, 0x0000000084f00000|  0%| F|  |TAMS 0x0000000084e00000, 0x0000000084e00000| Untracked 
|  79|0x0000000084f00000, 0x0000000084f00000, 0x0000000085000000|  0%| F|  |TAMS 0x0000000084f00000, 0x0000000084f00000| Untracked 
|  80|0x0000000085000000, 0x0000000085000000, 0x0000000085100000|  0%| F|  |TAMS 0x0000000085000000, 0x0000000085000000| Untracked 
|  81|0x0000000085100000, 0x0000000085100000, 0x0000000085200000|  0%| F|  |TAMS 0x0000000085100000, 0x0000000085100000| Untracked 
|  82|0x0000000085200000, 0x0000000085200000, 0x0000000085300000|  0%| F|  |TAMS 0x0000000085200000, 0x0000000085200000| Untracked 
|  83|0x0000000085300000, 0x0000000085300000, 0x0000000085400000|  0%| F|  |TAMS 0x0000000085300000, 0x0000000085300000| Untracked 
|  84|0x0000000085400000, 0x0000000085400000, 0x0000000085500000|  0%| F|  |TAMS 0x0000000085400000, 0x0000000085400000| Untracked 
|  85|0x0000000085500000, 0x0000000085500000, 0x0000000085600000|  0%| F|  |TAMS 0x0000000085500000, 0x0000000085500000| Untracked 
|  86|0x0000000085600000, 0x0000000085600000, 0x0000000085700000|  0%| F|  |TAMS 0x0000000085600000, 0x0000000085600000| Untracked 
|  87|0x0000000085700000, 0x0000000085700000, 0x0000000085800000|  0%| F|  |TAMS 0x0000000085700000, 0x0000000085700000| Untracked 
|  88|0x0000000085800000, 0x0000000085800000, 0x0000000085900000|  0%| F|  |TAMS 0x0000000085800000, 0x0000000085800000| Untracked 
|  89|0x0000000085900000, 0x0000000085900000, 0x0000000085a00000|  0%| F|  |TAMS 0x0000000085900000, 0x0000000085900000| Untracked 
|  90|0x0000000085a00000, 0x0000000085a00000, 0x0000000085b00000|  0%| F|  |TAMS 0x0000000085a00000, 0x0000000085a00000| Untracked 
|  91|0x0000000085b00000, 0x0000000085b00000, 0x0000000085c00000|  0%| F|  |TAMS 0x0000000085b00000, 0x0000000085b00000| Untracked 
|  92|0x0000000085c00000, 0x0000000085c00000, 0x0000000085d00000|  0%| F|  |TAMS 0x0000000085c00000, 0x0000000085c00000| Untracked 
|  93|0x0000000085d00000, 0x0000000085d00000, 0x0000000085e00000|  0%| F|  |TAMS 0x0000000085d00000, 0x0000000085d00000| Untracked 
|  94|0x0000000085e00000, 0x0000000085e00000, 0x0000000085f00000|  0%| F|  |TAMS 0x0000000085e00000, 0x0000000085e00000| Untracked 
|  95|0x0000000085f00000, 0x0000000085f00000, 0x0000000086000000|  0%| F|  |TAMS 0x0000000085f00000, 0x0000000085f00000| Untracked 
|  96|0x0000000086000000, 0x0000000086000000, 0x0000000086100000|  0%| F|  |TAMS 0x0000000086000000, 0x0000000086000000| Untracked 
|  97|0x0000000086100000, 0x0000000086100000, 0x0000000086200000|  0%| F|  |TAMS 0x0000000086100000, 0x0000000086100000| Untracked 
|  98|0x0000000086200000, 0x0000000086200000, 0x0000000086300000|  0%| F|  |TAMS 0x0000000086200000, 0x0000000086200000| Untracked 
|  99|0x0000000086300000, 0x0000000086300000, 0x0000000086400000|  0%| F|  |TAMS 0x0000000086300000, 0x0000000086300000| Untracked 
| 100|0x0000000086400000, 0x0000000086400000, 0x0000000086500000|  0%| F|  |TAMS 0x0000000086400000, 0x0000000086400000| Untracked 
| 101|0x0000000086500000, 0x0000000086500000, 0x0000000086600000|  0%| F|  |TAMS 0x0000000086500000, 0x0000000086500000| Untracked 
| 102|0x0000000086600000, 0x0000000086600000, 0x0000000086700000|  0%| F|  |TAMS 0x0000000086600000, 0x0000000086600000| Untracked 
| 103|0x0000000086700000, 0x0000000086700000, 0x0000000086800000|  0%| F|  |TAMS 0x0000000086700000, 0x0000000086700000| Untracked 
| 104|0x0000000086800000, 0x0000000086800000, 0x0000000086900000|  0%| F|  |TAMS 0x0000000086800000, 0x0000000086800000| Untracked 
| 105|0x0000000086900000, 0x0000000086900000, 0x0000000086a00000|  0%| F|  |TAMS 0x0000000086900000, 0x0000000086900000| Untracked 
| 106|0x0000000086a00000, 0x0000000086a00000, 0x0000000086b00000|  0%| F|  |TAMS 0x0000000086a00000, 0x0000000086a00000| Untracked 
| 107|0x0000000086b00000, 0x0000000086b00000, 0x0000000086c00000|  0%| F|  |TAMS 0x0000000086b00000, 0x0000000086b00000| Untracked 
| 108|0x0000000086c00000, 0x0000000086c00000, 0x0000000086d00000|  0%| F|  |TAMS 0x0000000086c00000, 0x0000000086c00000| Untracked 
| 109|0x0000000086d00000, 0x0000000086d00000, 0x0000000086e00000|  0%| F|  |TAMS 0x0000000086d00000, 0x0000000086d00000| Untracked 
| 110|0x0000000086e00000, 0x0000000086e00000, 0x0000000086f00000|  0%| F|  |TAMS 0x0000000086e00000, 0x0000000086e00000| Untracked 
| 111|0x0000000086f00000, 0x0000000086f00000, 0x0000000087000000|  0%| F|  |TAMS 0x0000000086f00000, 0x0000000086f00000| Untracked 
| 112|0x0000000087000000, 0x0000000087000000, 0x0000000087100000|  0%| F|  |TAMS 0x0000000087000000, 0x0000000087000000| Untracked 
| 113|0x0000000087100000, 0x0000000087100000, 0x0000000087200000|  0%| F|  |TAMS 0x0000000087100000, 0x0000000087100000| Untracked 
| 114|0x0000000087200000, 0x0000000087200000, 0x0000000087300000|  0%| F|  |TAMS 0x0000000087200000, 0x0000000087200000| Untracked 
| 115|0x0000000087300000, 0x0000000087300000, 0x0000000087400000|  0%| F|  |TAMS 0x0000000087300000, 0x0000000087300000| Untracked 
| 116|0x0000000087400000, 0x0000000087400000, 0x0000000087500000|  0%| F|  |TAMS 0x0000000087400000, 0x0000000087400000| Untracked 
| 117|0x0000000087500000, 0x0000000087500000, 0x0000000087600000|  0%| F|  |TAMS 0x0000000087500000, 0x0000000087500000| Untracked 
| 118|0x0000000087600000, 0x0000000087600000, 0x0000000087700000|  0%| F|  |TAMS 0x0000000087600000, 0x0000000087600000| Untracked 
| 119|0x0000000087700000, 0x0000000087700000, 0x0000000087800000|  0%| F|  |TAMS 0x0000000087700000, 0x0000000087700000| Untracked 
| 120|0x0000000087800000, 0x0000000087800000, 0x0000000087900000|  0%| F|  |TAMS 0x0000000087800000, 0x0000000087800000| Untracked 
| 121|0x0000000087900000, 0x0000000087900000, 0x0000000087a00000|  0%| F|  |TAMS 0x0000000087900000, 0x0000000087900000| Untracked 
| 122|0x0000000087a00000, 0x0000000087a00000, 0x0000000087b00000|  0%| F|  |TAMS 0x0000000087a00000, 0x0000000087a00000| Untracked 
| 123|0x0000000087b00000, 0x0000000087b00000, 0x0000000087c00000|  0%| F|  |TAMS 0x0000000087b00000, 0x0000000087b00000| Untracked 
| 124|0x0000000087c00000, 0x0000000087c00000, 0x0000000087d00000|  0%| F|  |TAMS 0x0000000087c00000, 0x0000000087c00000| Untracked 
| 125|0x0000000087d00000, 0x0000000087d00000, 0x0000000087e00000|  0%| F|  |TAMS 0x0000000087d00000, 0x0000000087d00000| Untracked 
| 126|0x0000000087e00000, 0x0000000087e00000, 0x0000000087f00000|  0%| F|  |TAMS 0x0000000087e00000, 0x0000000087e00000| Untracked 
| 127|0x0000000087f00000, 0x0000000087f00000, 0x0000000088000000|  0%| F|  |TAMS 0x0000000087f00000, 0x0000000087f00000| Untracked 
| 128|0x0000000088000000, 0x0000000088000000, 0x0000000088100000|  0%| F|  |TAMS 0x0000000088000000, 0x0000000088000000| Untracked 
| 129|0x0000000088100000, 0x0000000088100000, 0x0000000088200000|  0%| F|  |TAMS 0x0000000088100000, 0x0000000088100000| Untracked 
| 130|0x0000000088200000, 0x0000000088200000, 0x0000000088300000|  0%| F|  |TAMS 0x0000000088200000, 0x0000000088200000| Untracked 
| 131|0x0000000088300000, 0x0000000088300000, 0x0000000088400000|  0%| F|  |TAMS 0x0000000088300000, 0x0000000088300000| Untracked 
| 132|0x0000000088400000, 0x0000000088400000, 0x0000000088500000|  0%| F|  |TAMS 0x0000000088400000, 0x0000000088400000| Untracked 
| 133|0x0000000088500000, 0x0000000088500000, 0x0000000088600000|  0%| F|  |TAMS 0x0000000088500000, 0x0000000088500000| Untracked 
| 134|0x0000000088600000, 0x0000000088600000, 0x0000000088700000|  0%| F|  |TAMS 0x0000000088600000, 0x0000000088600000| Untracked 
| 135|0x0000000088700000, 0x0000000088700000, 0x0000000088800000|  0%| F|  |TAMS 0x0000000088700000, 0x0000000088700000| Untracked 
| 136|0x0000000088800000, 0x0000000088800000, 0x0000000088900000|  0%| F|  |TAMS 0x0000000088800000, 0x0000000088800000| Untracked 
| 137|0x0000000088900000, 0x0000000088900000, 0x0000000088a00000|  0%| F|  |TAMS 0x0000000088900000, 0x0000000088900000| Untracked 
| 138|0x0000000088a00000, 0x0000000088a00000, 0x0000000088b00000|  0%| F|  |TAMS 0x0000000088a00000, 0x0000000088a00000| Untracked 
| 139|0x0000000088b00000, 0x0000000088b00000, 0x0000000088c00000|  0%| F|  |TAMS 0x0000000088b00000, 0x0000000088b00000| Untracked 
| 140|0x0000000088c00000, 0x0000000088c00000, 0x0000000088d00000|  0%| F|  |TAMS 0x0000000088c00000, 0x0000000088c00000| Untracked 
| 141|0x0000000088d00000, 0x0000000088d00000, 0x0000000088e00000|  0%| F|  |TAMS 0x0000000088d00000, 0x0000000088d00000| Untracked 
| 142|0x0000000088e00000, 0x0000000088e00000, 0x0000000088f00000|  0%| F|  |TAMS 0x0000000088e00000, 0x0000000088e00000| Untracked 
| 143|0x0000000088f00000, 0x0000000088f00000, 0x0000000089000000|  0%| F|  |TAMS 0x0000000088f00000, 0x0000000088f00000| Untracked 
| 144|0x0000000089000000, 0x0000000089000000, 0x0000000089100000|  0%| F|  |TAMS 0x0000000089000000, 0x0000000089000000| Untracked 
| 145|0x0000000089100000, 0x0000000089100000, 0x0000000089200000|  0%| F|  |TAMS 0x0000000089100000, 0x0000000089100000| Untracked 
| 146|0x0000000089200000, 0x0000000089200000, 0x0000000089300000|  0%| F|  |TAMS 0x0000000089200000, 0x0000000089200000| Untracked 
| 147|0x0000000089300000, 0x0000000089300000, 0x0000000089400000|  0%| F|  |TAMS 0x0000000089300000, 0x0000000089300000| Untracked 
| 148|0x0000000089400000, 0x0000000089400000, 0x0000000089500000|  0%| F|  |TAMS 0x0000000089400000, 0x0000000089400000| Untracked 
| 149|0x0000000089500000, 0x0000000089500000, 0x0000000089600000|  0%| F|  |TAMS 0x0000000089500000, 0x0000000089500000| Untracked 
| 150|0x0000000089600000, 0x0000000089600000, 0x0000000089700000|  0%| F|  |TAMS 0x0000000089600000, 0x0000000089600000| Untracked 
| 151|0x0000000089700000, 0x0000000089700000, 0x0000000089800000|  0%| F|  |TAMS 0x0000000089700000, 0x0000000089700000| Untracked 
| 152|0x0000000089800000, 0x0000000089800000, 0x0000000089900000|  0%| F|  |TAMS 0x0000000089800000, 0x0000000089800000| Untracked 
| 153|0x0000000089900000, 0x0000000089900000, 0x0000000089a00000|  0%| F|  |TAMS 0x0000000089900000, 0x0000000089900000| Untracked 
| 154|0x0000000089a00000, 0x0000000089a00000, 0x0000000089b00000|  0%| F|  |TAMS 0x0000000089a00000, 0x0000000089a00000| Untracked 
| 155|0x0000000089b00000, 0x0000000089b00000, 0x0000000089c00000|  0%| F|  |TAMS 0x0000000089b00000, 0x0000000089b00000| Untracked 
| 156|0x0000000089c00000, 0x0000000089c00000, 0x0000000089d00000|  0%| F|  |TAMS 0x0000000089c00000, 0x0000000089c00000| Untracked 
| 157|0x0000000089d00000, 0x0000000089d00000, 0x0000000089e00000|  0%| F|  |TAMS 0x0000000089d00000, 0x0000000089d00000| Untracked 
| 158|0x0000000089e00000, 0x0000000089e00000, 0x0000000089f00000|  0%| F|  |TAMS 0x0000000089e00000, 0x0000000089e00000| Untracked 
| 159|0x0000000089f00000, 0x0000000089f31ef0, 0x000000008a000000| 19%| S|CS|TAMS 0x0000000089f00000, 0x0000000089f00000| Complete 
| 160|0x000000008a000000, 0x000000008a000000, 0x000000008a100000|  0%| F|  |TAMS 0x000000008a000000, 0x000000008a000000| Untracked 
| 233|0x000000008e900000, 0x000000008e900000, 0x000000008ea00000|  0%| F|  |TAMS 0x000000008e900000, 0x000000008e900000| Untracked 
| 234|0x000000008ea00000, 0x000000008ea00000, 0x000000008eb00000|  0%| F|  |TAMS 0x000000008ea00000, 0x000000008ea00000| Untracked 
| 235|0x000000008eb00000, 0x000000008eb00000, 0x000000008ec00000|  0%| F|  |TAMS 0x000000008eb00000, 0x000000008eb00000| Untracked 
| 236|0x000000008ec00000, 0x000000008ec00000, 0x000000008ed00000|  0%| F|  |TAMS 0x000000008ec00000, 0x000000008ec00000| Untracked 
| 237|0x000000008ed00000, 0x000000008ed00000, 0x000000008ee00000|  0%| F|  |TAMS 0x000000008ed00000, 0x000000008ed00000| Untracked 
| 251|0x000000008fb00000, 0x000000008fb00000, 0x000000008fc00000|  0%| F|  |TAMS 0x000000008fb00000, 0x000000008fb00000| Untracked 

Card table byte_map: [0x000002ae80000000,0x000002ae80400000] _byte_map_base: 0x000002ae7fc00000

Marking Bits (Prev, Next): (CMBitMap*) 0x000002aee7e40b70, (CMBitMap*) 0x000002aee7e40bb0
 Prev Bits: [0x000002ae80800000, 0x000002ae82800000)
 Next Bits: [0x000002ae82800000, 0x000002ae84800000)

Polling page: 0x000002aee6550000

Metaspace:

Usage:
  Non-class:     49.46 MB used.
      Class:      7.91 MB used.
       Both:     57.37 MB used.

Virtual space:
  Non-class space:       64.00 MB reserved,      49.81 MB ( 78%) committed,  1 nodes.
      Class space:      416.00 MB reserved,       8.19 MB (  2%) committed,  1 nodes.
             Both:      480.00 MB reserved,      58.00 MB ( 12%) committed. 

Chunk freelists:
   Non-Class:  13.42 MB
       Class:  7.78 MB
        Both:  21.20 MB

MaxMetaspaceSize: 512.00 MB
CompressedClassSpaceSize: 416.00 MB
Initial GC threshold: 21.00 MB
Current GC threshold: 58.88 MB
CDS: on
MetaspaceReclaimPolicy: balanced
 - commit_granule_bytes: 65536.
 - commit_granule_words: 8192.
 - virtual_space_node_default_size: 8388608.
 - enlarge_chunks_in_place: 1.
 - new_chunks_are_fully_committed: 0.
 - uncommit_free_chunks: 1.
 - use_allocation_guard: 0.
 - handle_deallocations: 1.


Internal statistics:

num_allocs_failed_limit: 6.
num_arena_births: 716.
num_arena_deaths: 0.
num_vsnodes_births: 2.
num_vsnodes_deaths: 0.
num_space_committed: 928.
num_space_uncommitted: 0.
num_chunks_returned_to_freelist: 6.
num_chunks_taken_from_freelist: 3054.
num_chunk_merges: 3.
num_chunk_splits: 2049.
num_chunks_enlarged: 1367.
num_inconsistent_stats: 0.

CodeHeap 'non-profiled nmethods': size=119168Kb used=4896Kb max_used=4896Kb free=114271Kb
 bounds [0x000002aef7500000, 0x000002aef79d0000, 0x000002aefe960000]
CodeHeap 'profiled nmethods': size=119104Kb used=14941Kb max_used=14941Kb free=104162Kb
 bounds [0x000002aeef960000, 0x000002aef0800000, 0x000002aef6db0000]
CodeHeap 'non-nmethods': size=7488Kb used=2354Kb max_used=4059Kb free=5133Kb
 bounds [0x000002aef6db0000, 0x000002aef7240000, 0x000002aef7500000]
 total_blobs=8536 nmethods=7655 adapters=793
 compilation: enabled
              stopped_count=0, restarted_count=0
 full_count=0

Compilation events (20 events):
Event: 8473.936 Thread 0x000002ae87769fe0 nmethod 8543 0x000002aef07f3b10 code [0x000002aef07f3ca0, 0x000002aef07f3db8]
Event: 8476.136 Thread 0x000002ae874a32a0 nmethod 8546 0x000002aef79c0c10 code [0x000002aef79c0e40, 0x000002aef79c1ef0]
Event: 8476.137 Thread 0x000002ae874a32a0 8547   !   4       java.util.concurrent.ThreadPoolExecutor::getTask (177 bytes)
Event: 8479.233 Thread 0x000002ae874a32a0 nmethod 8547 0x000002aef79c2990 code [0x000002aef79c2c20, 0x000002aef79c3dd0]
Event: 8479.551 Thread 0x000002ae87769fe0 8552       3       org.gradle.launcher.daemon.server.expiry.AnyDaemonExpirationStrategy::checkExpiration (114 bytes)
Event: 8479.608 Thread 0x000002ae874a32a0 8551       4       org.gradle.internal.serialize.InputStreamBackedDecoder::readBoolean (8 bytes)
Event: 8486.563 Thread 0x000002ae874a32a0 nmethod 8551 0x000002aef79c4d90 code [0x000002aef79c4f20, 0x000002aef79c4ff8]
Event: 8486.626 Thread 0x000002ae874a32a0 8549       4       java.util.stream.ReferencePipeline$3::opWrapSink (10 bytes)
Event: 8487.527 Thread 0x000002ae874a32a0 nmethod 8549 0x000002aef79c5110 code [0x000002aef79c52a0, 0x000002aef79c5478]
Event: 8487.529 Thread 0x000002ae874a32a0 8553   !   4       java.util.concurrent.LinkedBlockingDeque::offerLast (53 bytes)
Event: 8494.646 Thread 0x000002ae87769fe0 nmethod 8552 0x000002aef07f3e90 code [0x000002aef07f4220, 0x000002aef07f5dd8]
Event: 8496.722 Thread 0x000002ae874a32a0 nmethod 8553 0x000002aef79c5590 code [0x000002aef79c5780, 0x000002aef79c6988]
Event: 8496.838 Thread 0x000002ae87769fe0 8555       3       com.google.common.collect.TransformedIterator::<init> (16 bytes)
Event: 8497.224 Thread 0x000002ae874a32a0 8554       4       java.util.concurrent.LinkedBlockingDeque::linkLast (69 bytes)
Event: 8497.665 Thread 0x000002ae87769fe0 nmethod 8555 0x000002aef07f6710 code [0x000002aef07f68e0, 0x000002aef07f6d28]
Event: 8497.665 Thread 0x000002ae87769fe0 8556       3       org.gradle.internal.time.DefaultCountdownTimer::hasExpired (15 bytes)
Event: 8497.669 Thread 0x000002ae87769fe0 nmethod 8556 0x000002aef07f6e90 code [0x000002aef07f7040, 0x000002aef07f7388]
Event: 8504.225 Thread 0x000002ae874a32a0 nmethod 8554 0x000002aef79c7090 code [0x000002aef79c7240, 0x000002aef79c7fd8]
Event: 8505.138 Thread 0x000002ae874a32a0 8557       4       java.util.concurrent.ScheduledThreadPoolExecutor$DelayedWorkQueue::add (9 bytes)
Event: 8506.672 Thread 0x000002ae87769fe0 8565       1       org.gradle.launcher.daemon.registry.DaemonInfo::getContext (5 bytes)

GC Heap History (20 events):
Event: 754.640 GC heap after
{Heap after GC invocations=18 (full 0):
 garbage-first heap   total 171008K, used 45668K [0x0000000080000000, 0x0000000100000000)
  region size 1024K, 9 young (9216K), 9 survivors (9216K)
 Metaspace       used 47290K, committed 47872K, reserved 491520K
  class space    used 6536K, committed 6784K, reserved 425984K
}
Event: 771.360 GC heap before
{Heap before GC invocations=18 (full 0):
 garbage-first heap   total 171008K, used 136804K [0x0000000080000000, 0x0000000100000000)
  region size 1024K, 99 young (101376K), 9 survivors (9216K)
 Metaspace       used 56689K, committed 57280K, reserved 491520K
  class space    used 7821K, committed 8128K, reserved 425984K
}
Event: 771.374 GC heap after
{Heap after GC invocations=19 (full 0):
 garbage-first heap   total 171008K, used 50493K [0x0000000080000000, 0x0000000100000000)
  region size 1024K, 12 young (12288K), 12 survivors (12288K)
 Metaspace       used 56689K, committed 57280K, reserved 491520K
  class space    used 7821K, committed 8128K, reserved 425984K
}
Event: 887.414 GC heap before
{Heap before GC invocations=19 (full 0):
 garbage-first heap   total 171008K, used 138557K [0x0000000080000000, 0x0000000100000000)
  region size 1024K, 98 young (100352K), 12 survivors (12288K)
 Metaspace       used 58504K, committed 59136K, reserved 491520K
  class space    used 8099K, committed 8384K, reserved 425984K
}
Event: 888.240 GC heap after
{Heap after GC invocations=20 (full 0):
 garbage-first heap   total 171008K, used 53725K [0x0000000080000000, 0x0000000100000000)
  region size 1024K, 9 young (9216K), 9 survivors (9216K)
 Metaspace       used 58504K, committed 59136K, reserved 491520K
  class space    used 8099K, committed 8384K, reserved 425984K
}
Event: 1046.402 GC heap before
{Heap before GC invocations=20 (full 0):
 garbage-first heap   total 171008K, used 125405K [0x0000000080000000, 0x0000000100000000)
  region size 1024K, 79 young (80896K), 9 survivors (9216K)
 Metaspace       used 58577K, committed 59200K, reserved 491520K
  class space    used 8099K, committed 8384K, reserved 425984K
}
Event: 1046.477 GC heap after
{Heap after GC invocations=21 (full 0):
 garbage-first heap   total 171008K, used 54682K [0x0000000080000000, 0x0000000100000000)
  region size 1024K, 4 young (4096K), 4 survivors (4096K)
 Metaspace       used 58577K, committed 59200K, reserved 491520K
  class space    used 8099K, committed 8384K, reserved 425984K
}
Event: 1289.398 GC heap before
{Heap before GC invocations=21 (full 0):
 garbage-first heap   total 171008K, used 142746K [0x0000000080000000, 0x0000000100000000)
  region size 1024K, 90 young (92160K), 4 survivors (4096K)
 Metaspace       used 58643K, committed 59264K, reserved 491520K
  class space    used 8099K, committed 8384K, reserved 425984K
}
Event: 1289.476 GC heap after
{Heap after GC invocations=22 (full 0):
 garbage-first heap   total 171008K, used 54960K [0x0000000080000000, 0x0000000100000000)
  region size 1024K, 5 young (5120K), 5 survivors (5120K)
 Metaspace       used 58643K, committed 59264K, reserved 491520K
  class space    used 8099K, committed 8384K, reserved 425984K
}
Event: 8479.713 GC heap before
{Heap before GC invocations=22 (full 0):
 garbage-first heap   total 171008K, used 142000K [0x0000000080000000, 0x0000000100000000)
  region size 1024K, 91 young (93184K), 5 survivors (5120K)
 Metaspace       used 58750K, committed 59392K, reserved 491520K
  class space    used 8103K, committed 8384K, reserved 425984K
}
Event: 8486.173 GC heap after
{Heap after GC invocations=23 (full 0):
 garbage-first heap   total 171008K, used 54587K [0x0000000080000000, 0x0000000100000000)
  region size 1024K, 4 young (4096K), 4 survivors (4096K)
 Metaspace       used 58750K, committed 59392K, reserved 491520K
  class space    used 8103K, committed 8384K, reserved 425984K
}
Event: 8490.046 GC heap before
{Heap before GC invocations=23 (full 0):
 garbage-first heap   total 171008K, used 58683K [0x0000000080000000, 0x0000000100000000)
  region size 1024K, 8 young (8192K), 4 survivors (4096K)
 Metaspace       used 58750K, committed 59392K, reserved 491520K
  class space    used 8103K, committed 8384K, reserved 425984K
}
Event: 8494.350 GC heap after
{Heap after GC invocations=24 (full 0):
 garbage-first heap   total 171008K, used 54791K [0x0000000080000000, 0x0000000100000000)
  region size 1024K, 1 young (1024K), 1 survivors (1024K)
 Metaspace       used 58750K, committed 59392K, reserved 491520K
  class space    used 8103K, committed 8384K, reserved 425984K
}
Event: 8498.170 GC heap before
{Heap before GC invocations=24 (full 0):
 garbage-first heap   total 171008K, used 61959K [0x0000000080000000, 0x0000000100000000)
  region size 1024K, 8 young (8192K), 1 survivors (1024K)
 Metaspace       used 58751K, committed 59392K, reserved 491520K
  class space    used 8103K, committed 8384K, reserved 425984K
}
Event: 8500.424 GC heap after
{Heap after GC invocations=25 (full 0):
 garbage-first heap   total 171008K, used 54497K [0x0000000080000000, 0x0000000100000000)
  region size 1024K, 1 young (1024K), 1 survivors (1024K)
 Metaspace       used 58751K, committed 59392K, reserved 491520K
  class space    used 8103K, committed 8384K, reserved 425984K
}
Event: 8502.229 GC heap before
{Heap before GC invocations=25 (full 0):
 garbage-first heap   total 171008K, used 61665K [0x0000000080000000, 0x0000000100000000)
  region size 1024K, 8 young (8192K), 1 survivors (1024K)
 Metaspace       used 58751K, committed 59392K, reserved 491520K
  class space    used 8103K, committed 8384K, reserved 425984K
}
Event: 8504.224 GC heap after
{Heap after GC invocations=26 (full 0):
 garbage-first heap   total 171008K, used 54279K [0x0000000080000000, 0x0000000100000000)
  region size 1024K, 1 young (1024K), 1 survivors (1024K)
 Metaspace       used 58751K, committed 59392K, reserved 491520K
  class space    used 8103K, committed 8384K, reserved 425984K
}
Event: 8505.562 GC heap before
{Heap before GC invocations=26 (full 0):
 garbage-first heap   total 171008K, used 61447K [0x0000000080000000, 0x0000000100000000)
  region size 1024K, 8 young (8192K), 1 survivors (1024K)
 Metaspace       used 58751K, committed 59392K, reserved 491520K
  class space    used 8103K, committed 8384K, reserved 425984K
}
Event: 8506.335 GC heap after
{Heap after GC invocations=27 (full 0):
 garbage-first heap   total 171008K, used 54334K [0x0000000080000000, 0x0000000100000000)
  region size 1024K, 1 young (1024K), 1 survivors (1024K)
 Metaspace       used 58751K, committed 59392K, reserved 491520K
  class space    used 8103K, committed 8384K, reserved 425984K
}
Event: 8506.865 GC heap before
{Heap before GC invocations=27 (full 0):
 garbage-first heap   total 171008K, used 61502K [0x0000000080000000, 0x0000000100000000)
  region size 1024K, 8 young (8192K), 1 survivors (1024K)
 Metaspace       used 58751K, committed 59392K, reserved 491520K
  class space    used 8103K, committed 8384K, reserved 425984K
}

Dll operation events (13 events):
Event: 1.125 Loaded shared library C:\Program Files\Eclipse Adoptium\jdk-17.0.15.6-hotspot\bin\java.dll
Event: 4.683 Loaded shared library C:\Program Files\Eclipse Adoptium\jdk-17.0.15.6-hotspot\bin\jsvml.dll
Event: 7.921 Loaded shared library C:\Program Files\Eclipse Adoptium\jdk-17.0.15.6-hotspot\bin\net.dll
Event: 8.184 Loaded shared library C:\Program Files\Eclipse Adoptium\jdk-17.0.15.6-hotspot\bin\nio.dll
Event: 8.525 Loaded shared library C:\Program Files\Eclipse Adoptium\jdk-17.0.15.6-hotspot\bin\zip.dll
Event: 14.015 Loaded shared library C:\Program Files\Eclipse Adoptium\jdk-17.0.15.6-hotspot\bin\jimage.dll
Event: 20.091 Loaded shared library C:\Program Files\Eclipse Adoptium\jdk-17.0.15.6-hotspot\bin\verify.dll
Event: 26.798 Loaded shared library C:\Users\karth\.gradle\native\68d5fa5c4cc2d200863cafc0d521ce42e7d3e7ee720ec0a83991735586a16f82\windows-amd64\native-platform.dll
Event: 27.170 Loaded shared library C:\Users\karth\.gradle\native\e376f236ea51e6404a007f0833ffe2c6e607c4080706a723a18a27aeea778392\windows-amd64\native-platform-file-events.dll
Event: 46.100 Loaded shared library C:\Program Files\Eclipse Adoptium\jdk-17.0.15.6-hotspot\bin\management.dll
Event: 46.442 Loaded shared library C:\Program Files\Eclipse Adoptium\jdk-17.0.15.6-hotspot\bin\management_ext.dll
Event: 59.110 Loaded shared library C:\Program Files\Eclipse Adoptium\jdk-17.0.15.6-hotspot\bin\extnet.dll
Event: 81.067 Loaded shared library C:\Program Files\Eclipse Adoptium\jdk-17.0.15.6-hotspot\bin\sunmscapi.dll

Deoptimization events (20 events):
Event: 917.817 Thread 0x000002aea7173010 Uncommon trap: trap_request=0xffffff45 fr.pc=0x000002aef796bc1c relative=0x00000000000017fc
Event: 917.817 Thread 0x000002aea7173010 Uncommon trap: reason=unstable_if action=reinterpret pc=0x000002aef796bc1c method=java.util.concurrent.locks.AbstractQueuedSynchronizer$ConditionObject.doSignal(Ljava/util/concurrent/locks/AbstractQueuedSynchronizer$ConditionNode;Z)V @ 38 c2
Event: 917.817 Thread 0x000002aea7173010 DEOPT PACKING pc=0x000002aef796bc1c sp=0x000000d00d0ff230
Event: 917.817 Thread 0x000002aea7173010 DEOPT UNPACKING pc=0x000002aef6e069a3 sp=0x000000d00d0ff060 mode 2
Event: 917.817 Thread 0x000002aea7173520 Uncommon trap: trap_request=0xffffff45 fr.pc=0x000002aef7941d18 relative=0x00000000000010d8
Event: 917.817 Thread 0x000002aea7173520 Uncommon trap: reason=unstable_if action=reinterpret pc=0x000002aef7941d18 method=java.util.concurrent.locks.AbstractQueuedSynchronizer$ConditionObject.unlinkCancelledWaiters(Ljava/util/concurrent/locks/AbstractQueuedSynchronizer$ConditionNode;)V @ 16 c2
Event: 917.817 Thread 0x000002aea7173520 DEOPT PACKING pc=0x000002aef7941d18 sp=0x000000d00caf7e30
Event: 917.818 Thread 0x000002aea7173520 DEOPT UNPACKING pc=0x000002aef6e069a3 sp=0x000000d00caf7cb8 mode 2
Event: 969.270 Thread 0x000002aea7173010 Uncommon trap: trap_request=0xffffff45 fr.pc=0x000002aef7936714 relative=0x0000000000002494
Event: 969.271 Thread 0x000002aea7173010 Uncommon trap: reason=unstable_if action=reinterpret pc=0x000002aef7936714 method=sun.nio.ch.NativeSocketAddress.mismatch(Lsun/nio/ch/NativeSocketAddress;)I @ 21 c2
Event: 969.272 Thread 0x000002aea7173010 DEOPT PACKING pc=0x000002aef7936714 sp=0x000000d00d0ff190
Event: 969.272 Thread 0x000002aea7173010 DEOPT UNPACKING pc=0x000002aef6e069a3 sp=0x000000d00d0fee98 mode 2
Event: 1852.450 Thread 0x000002aea7173520 Uncommon trap: trap_request=0xffffff45 fr.pc=0x000002aef7967bc4 relative=0x0000000000000124
Event: 1852.451 Thread 0x000002aea7173520 Uncommon trap: reason=unstable_if action=reinterpret pc=0x000002aef7967bc4 method=org.gradle.internal.time.DefaultCountdownTimer.hasExpired()Z @ 6 c2
Event: 1852.451 Thread 0x000002aea7173520 DEOPT PACKING pc=0x000002aef7967bc4 sp=0x000000d00caf7d50
Event: 1852.454 Thread 0x000002aea7173520 DEOPT UNPACKING pc=0x000002aef6e069a3 sp=0x000000d00caf7d18 mode 2
Event: 1852.455 Thread 0x000002aea7173520 Uncommon trap: trap_request=0xffffff45 fr.pc=0x000002aef794e0c8 relative=0x0000000000005f28
Event: 1852.457 Thread 0x000002aea7173520 Uncommon trap: reason=unstable_if action=reinterpret pc=0x000002aef794e0c8 method=org.gradle.internal.io.ExponentialBackoff.retryUntil(Lorg/gradle/internal/io/IOQuery;)Ljava/lang/Object; @ 25 c2
Event: 1852.457 Thread 0x000002aea7173520 DEOPT PACKING pc=0x000002aef794e0c8 sp=0x000000d00caf7db0
Event: 1852.458 Thread 0x000002aea7173520 DEOPT UNPACKING pc=0x000002aef6e069a3 sp=0x000000d00caf7e28 mode 2

Classes loaded (20 events):
Event: 754.296 Loading class java/lang/Byte$ByteCache
Event: 754.296 Loading class java/lang/Byte$ByteCache done
Event: 754.665 Loading class java/util/regex/Pattern$SliceI
Event: 754.665 Loading class java/util/regex/Pattern$SliceI done
Event: 769.374 Loading class jdk/internal/loader/URLClassPath$FileLoader
Event: 769.374 Loading class jdk/internal/loader/URLClassPath$FileLoader done
Event: 769.437 Loading class jdk/internal/loader/URLClassPath$FileLoader$1
Event: 769.438 Loading class jdk/internal/loader/URLClassPath$FileLoader$1 done
Event: 771.401 Loading class java/lang/AbstractMethodError
Event: 771.401 Loading class java/lang/AbstractMethodError done
Event: 771.721 Loading class java/time/temporal/WeekFields
Event: 771.722 Loading class java/time/temporal/WeekFields done
Event: 771.722 Loading class java/time/temporal/WeekFields$ComputedDayOfField
Event: 771.722 Loading class java/time/temporal/WeekFields$ComputedDayOfField done
Event: 771.733 Loading class java/time/Month$1
Event: 771.733 Loading class java/time/Month$1 done
Event: 771.758 Loading class java/nio/channels/Channels
Event: 771.758 Loading class java/nio/channels/Channels done
Event: 771.758 Loading class java/nio/channels/Channels$1
Event: 771.759 Loading class java/nio/channels/Channels$1 done

Classes unloaded (0 events):
No events

Classes redefined (0 events):
No events

Internal exceptions (20 events):
Event: 772.985 Thread 0x000002aea7173520 Exception <a 'java/lang/ClassNotFoundException'{0x000000008eca8840}: org/gradle/internal/metaobject/ConfigureDelegateBeanInfo> (0x000000008eca8840) 
thrown [s\src\hotspot\share\classfile\systemDictionary.cpp, line 256]
Event: 772.986 Thread 0x000002aea7173520 Exception <a 'java/lang/ClassNotFoundException'{0x000000008ecb9da8}: org/gradle/internal/metaobject/ConfigureDelegateCustomizer> (0x000000008ecb9da8) 
thrown [s\src\hotspot\share\classfile\systemDictionary.cpp, line 256]
Event: 773.017 Thread 0x000002aea7173520 Exception <a 'java/lang/ClassNotFoundException'{0x000000008ecfc568}: org/gradle/api/internal/initialization/DefaultScriptHandlerBeanInfo> (0x000000008ecfc568) 
thrown [s\src\hotspot\share\classfile\systemDictionary.cpp, line 256]
Event: 773.018 Thread 0x000002aea7173520 Exception <a 'java/lang/ClassNotFoundException'{0x000000008eb0e120}: org/gradle/api/internal/initialization/DefaultScriptHandlerCustomizer> (0x000000008eb0e120) 
thrown [s\src\hotspot\share\classfile\systemDictionary.cpp, line 256]
Event: 773.103 Thread 0x000002aea7173520 Exception <a 'java/lang/ClassNotFoundException'{0x0000000089f2a870}: org/gradle/api/internal/artifacts/dsl/DefaultRepositoryHandler_DecoratedBeanInfo> (0x0000000089f2a870) 
thrown [s\src\hotspot\share\classfile\systemDictionary.cpp, line 256]
Event: 773.114 Thread 0x000002aea7173520 Exception <a 'java/lang/ClassNotFoundException'{0x0000000089f42a50}: org/gradle/api/internal/artifacts/dsl/DefaultRepositoryHandlerBeanInfo> (0x0000000089f42a50) 
thrown [s\src\hotspot\share\classfile\systemDictionary.cpp, line 256]
Event: 773.115 Thread 0x000002aea7173520 Exception <a 'java/lang/ClassNotFoundException'{0x0000000089f5b420}: org/gradle/api/internal/artifacts/DefaultArtifactRepositoryContainerBeanInfo> (0x0000000089f5b420) 
thrown [s\src\hotspot\share\classfile\systemDictionary.cpp, line 256]
Event: 773.123 Thread 0x000002aea7173520 Exception <a 'java/lang/ClassNotFoundException'{0x0000000089f6ffd8}: org/gradle/api/internal/DefaultNamedDomainObjectListBeanInfo> (0x0000000089f6ffd8) 
thrown [s\src\hotspot\share\classfile\systemDictionary.cpp, line 256]
Event: 773.124 Thread 0x000002aea7173520 Exception <a 'java/lang/ClassNotFoundException'{0x0000000089f85240}: org/gradle/api/internal/DefaultNamedDomainObjectCollectionBeanInfo> (0x0000000089f85240) 
thrown [s\src\hotspot\share\classfile\systemDictionary.cpp, line 256]
Event: 773.135 Thread 0x000002aea7173520 Exception <a 'java/lang/ClassNotFoundException'{0x0000000089f9a0a0}: org/gradle/api/internal/DefaultDomainObjectCollectionBeanInfo> (0x0000000089f9a0a0) 
thrown [s\src\hotspot\share\classfile\systemDictionary.cpp, line 256]
Event: 773.136 Thread 0x000002aea7173520 Exception <a 'java/lang/ClassNotFoundException'{0x0000000089faf038}: org/gradle/api/internal/DefaultDomainObjectCollectionCustomizer> (0x0000000089faf038) 
thrown [s\src\hotspot\share\classfile\systemDictionary.cpp, line 256]
Event: 773.154 Thread 0x000002aea7173520 Exception <a 'java/lang/ClassNotFoundException'{0x0000000089fec2e0}: org/gradle/api/internal/DefaultNamedDomainObjectCollectionCustomizer> (0x0000000089fec2e0) 
thrown [s\src\hotspot\share\classfile\systemDictionary.cpp, line 256]
Event: 773.170 Thread 0x000002aea7173520 Exception <a 'java/lang/ClassNotFoundException'{0x0000000089e33f78}: org/gradle/api/internal/DefaultNamedDomainObjectListCustomizer> (0x0000000089e33f78) 
thrown [s\src\hotspot\share\classfile\systemDictionary.cpp, line 256]
Event: 773.181 Thread 0x000002aea7173520 Exception <a 'java/lang/ClassNotFoundException'{0x0000000089e785b0}: org/gradle/api/internal/artifacts/DefaultArtifactRepositoryContainerCustomizer> (0x0000000089e785b0) 
thrown [s\src\hotspot\share\classfile\systemDictionary.cpp, line 256]
Event: 773.201 Thread 0x000002aea7173520 Exception <a 'java/lang/ClassNotFoundException'{0x0000000089eb8f28}: org/gradle/api/internal/artifacts/dsl/DefaultRepositoryHandlerCustomizer> (0x0000000089eb8f28) 
thrown [s\src\hotspot\share\classfile\systemDictionary.cpp, line 256]
Event: 773.209 Thread 0x000002aea7173520 Exception <a 'java/lang/ClassNotFoundException'{0x0000000089d07640}: org/gradle/api/internal/artifacts/dsl/DefaultRepositoryHandler_DecoratedCustomizer> (0x0000000089d07640) 
thrown [s\src\hotspot\share\classfile\systemDictionary.cpp, line 256]
Event: 773.242 Thread 0x000002aea7173520 Exception <a 'java/lang/ClassNotFoundException'{0x0000000089d9b040}: org/gradle/api/internal/artifacts/dsl/dependencies/DefaultDependencyHandler_DecoratedBeanInfo> (0x0000000089d9b040) 
thrown [s\src\hotspot\share\classfile\systemDictionary.cpp, line 256]
Event: 773.247 Thread 0x000002aea7173520 Exception <a 'java/lang/ClassNotFoundException'{0x0000000089db2f08}: org/gradle/api/internal/artifacts/dsl/dependencies/DefaultDependencyHandlerBeanInfo> (0x0000000089db2f08) 
thrown [s\src\hotspot\share\classfile\systemDictionary.cpp, line 256]
Event: 773.249 Thread 0x000002aea7173520 Exception <a 'java/lang/ClassNotFoundException'{0x0000000089dca840}: org/gradle/api/internal/artifacts/dsl/dependencies/DefaultDependencyHandlerCustomizer> (0x0000000089dca840) 
thrown [s\src\hotspot\share\classfile\systemDictionary.cpp, line 256]
Event: 773.255 Thread 0x000002aea7173520 Exception <a 'java/lang/ClassNotFoundException'{0x0000000089c14788}: org/gradle/api/internal/artifacts/dsl/dependencies/DefaultDependencyHandler_DecoratedCustomizer> (0x0000000089c14788) 
thrown [s\src\hotspot\share\classfile\systemDictionary.cpp, line 256]

VM Operations (20 events):
Event: 8473.990 Executing VM operation: Cleanup done
Event: 8474.995 Executing VM operation: Cleanup
Event: 8475.026 Executing VM operation: Cleanup done
Event: 8477.045 Executing VM operation: Cleanup
Event: 8477.396 Executing VM operation: Cleanup done
Event: 8479.622 Executing VM operation: G1CollectForAllocation
Event: 8486.190 Executing VM operation: G1CollectForAllocation done
Event: 8487.193 Executing VM operation: Cleanup
Event: 8487.384 Executing VM operation: Cleanup done
Event: 8489.356 Executing VM operation: G1CollectForAllocation
Event: 8494.350 Executing VM operation: G1CollectForAllocation done
Event: 8496.372 Executing VM operation: Cleanup
Event: 8496.473 Executing VM operation: Cleanup done
Event: 8498.030 Executing VM operation: G1CollectForAllocation
Event: 8500.425 Executing VM operation: G1CollectForAllocation done
Event: 8501.920 Executing VM operation: G1CollectForAllocation
Event: 8504.225 Executing VM operation: G1CollectForAllocation done
Event: 8505.471 Executing VM operation: G1CollectForAllocation
Event: 8506.335 Executing VM operation: G1CollectForAllocation done
Event: 8506.672 Executing VM operation: G1CollectForAllocation

Memory protections (0 events):
No events

Nmethod flushes (20 events):
Event: 705.971 Thread 0x000002ae877e74a0 flushing  nmethod 0x000002aef017f690
Event: 705.971 Thread 0x000002ae877e74a0 flushing  nmethod 0x000002aef017fc90
Event: 705.971 Thread 0x000002ae877e74a0 flushing  nmethod 0x000002aef0186c10
Event: 705.971 Thread 0x000002ae877e74a0 flushing  nmethod 0x000002aef0187110
Event: 705.971 Thread 0x000002ae877e74a0 flushing  nmethod 0x000002aef0188290
Event: 705.971 Thread 0x000002ae877e74a0 flushing  nmethod 0x000002aef018b290
Event: 705.971 Thread 0x000002ae877e74a0 flushing  nmethod 0x000002aef01a0b10
Event: 705.971 Thread 0x000002ae877e74a0 flushing  nmethod 0x000002aef01dbb10
Event: 705.971 Thread 0x000002ae877e74a0 flushing  nmethod 0x000002aef01dc210
Event: 705.971 Thread 0x000002ae877e74a0 flushing  nmethod 0x000002aef01e0810
Event: 705.971 Thread 0x000002ae877e74a0 flushing  nmethod 0x000002aef01f0f90
Event: 705.971 Thread 0x000002ae877e74a0 flushing  nmethod 0x000002aef022c210
Event: 705.972 Thread 0x000002ae877e74a0 flushing  nmethod 0x000002aef0274f90
Event: 705.972 Thread 0x000002ae877e74a0 flushing  nmethod 0x000002aef02e6010
Event: 705.972 Thread 0x000002ae877e74a0 flushing  nmethod 0x000002aef030ad10
Event: 705.972 Thread 0x000002ae877e74a0 flushing  nmethod 0x000002aef0320f90
Event: 705.972 Thread 0x000002ae877e74a0 flushing  nmethod 0x000002aef033e290
Event: 705.973 Thread 0x000002ae877e74a0 flushing  nmethod 0x000002aef043aa10
Event: 705.973 Thread 0x000002ae877e74a0 flushing  nmethod 0x000002aef0440e90
Event: 771.712 Thread 0x000002ae877e74a0 flushing  nmethod 0x000002aeefe21d10

Events (20 events):
Event: 1004.780 Thread 0x000002ae87769fe0 Thread added: 0x000002aea854b880
Event: 1006.876 Thread 0x000002aea854b880 Thread exited: 0x000002aea854b880
Event: 1011.888 Thread 0x000002aea8e4d430 Thread exited: 0x000002aea8e4d430
Event: 1016.894 Thread 0x000002aeaa1e5850 Thread exited: 0x000002aeaa1e5850
Event: 1029.785 Thread 0x000002ae87769fe0 Thread added: 0x000002aeaa1e5850
Event: 1034.798 Thread 0x000002aeaa1e5850 Thread exited: 0x000002aeaa1e5850
Event: 1173.890 Thread 0x000002ae87769fe0 Thread added: 0x000002aea854b880
Event: 1178.950 Thread 0x000002aea854b880 Thread exited: 0x000002aea854b880
Event: 1245.696 Thread 0x000002ae874a32a0 Thread added: 0x000002aea920a420
Event: 1245.701 Thread 0x000002ae87769fe0 Thread added: 0x000002aea9270610
Event: 1250.723 Thread 0x000002aea9270610 Thread exited: 0x000002aea9270610
Event: 1250.724 Thread 0x000002aea920a420 Thread exited: 0x000002aea920a420
Event: 1345.046 Thread 0x000002ae87769fe0 Thread added: 0x000002aeaa344870
Event: 1348.879 Thread 0x000002aeaa344870 Thread exited: 0x000002aeaa344870
Event: 1383.284 Thread 0x000002aea71716c0 Thread exited: 0x000002aea71716c0
Event: 1398.481 Thread 0x000002aea7173010 Thread added: 0x000002aea7b0b6d0
Event: 8465.576 Thread 0x000002ae87769fe0 Thread added: 0x000002aeaa344870
Event: 8465.611 Thread 0x000002ae87769fe0 Thread added: 0x000002aea8ee53e0
Event: 8466.325 Thread 0x000002aea8ee53e0 Thread exited: 0x000002aea8ee53e0
Event: 8466.332 Thread 0x000002aeaa344870 Thread exited: 0x000002aeaa344870


Dynamic libraries:
0x00007ff687c40000 - 0x00007ff687c4e000 	C:\Program Files\Eclipse Adoptium\jdk-17.0.15.6-hotspot\bin\java.exe
0x00007fffc3680000 - 0x00007fffc38e6000 	C:\WINDOWS\SYSTEM32\ntdll.dll
0x00007fffc2160000 - 0x00007fffc2229000 	C:\WINDOWS\System32\KERNEL32.DLL
0x00007fffc0ae0000 - 0x00007fffc0eac000 	C:\WINDOWS\System32\KERNELBASE.dll
0x0000000070320000 - 0x00000000703bd000 	C:\ProgramData\Symantec\Symantec Endpoint Protection\14.3.9205.6000.105\Data\Sysfer\x64\sysfer.dll
0x00007fffc0810000 - 0x00007fffc095b000 	C:\WINDOWS\System32\ucrtbase.dll
0x00007fff99aa0000 - 0x00007fff99abe000 	C:\Program Files\Eclipse Adoptium\jdk-17.0.15.6-hotspot\bin\VCRUNTIME140.dll
0x00007fff9be20000 - 0x00007fff9be37000 	C:\Program Files\Eclipse Adoptium\jdk-17.0.15.6-hotspot\bin\jli.dll
0x00007fffc14c0000 - 0x00007fffc168a000 	C:\WINDOWS\System32\USER32.dll
0x00007fffc1360000 - 0x00007fffc1387000 	C:\WINDOWS\System32\win32u.dll
0x00007fffa61a0000 - 0x00007fffa643a000 	C:\WINDOWS\WinSxS\amd64_microsoft.windows.common-controls_6595b64144ccf1df_6.0.26100.3912_none_3e07963ce335137e\COMCTL32.dll
0x00007fffc1730000 - 0x00007fffc175b000 	C:\WINDOWS\System32\GDI32.dll
0x00007fffc0f70000 - 0x00007fffc10a2000 	C:\WINDOWS\System32\gdi32full.dll
0x00007fffc1390000 - 0x00007fffc1433000 	C:\WINDOWS\System32\msvcp_win.dll
0x00007fffc3590000 - 0x00007fffc3639000 	C:\WINDOWS\System32\msvcrt.dll
0x00007fffc2850000 - 0x00007fffc2880000 	C:\WINDOWS\System32\IMM32.DLL
0x00007fffa4250000 - 0x00007fffa425c000 	C:\Program Files\Eclipse Adoptium\jdk-17.0.15.6-hotspot\bin\vcruntime140_1.dll
0x00007fff7c670000 - 0x00007fff7c6fd000 	C:\Program Files\Eclipse Adoptium\jdk-17.0.15.6-hotspot\bin\msvcp140.dll
0x00007fff3e940000 - 0x00007fff3f5ab000 	C:\Program Files\Eclipse Adoptium\jdk-17.0.15.6-hotspot\bin\server\jvm.dll
0x00007fffc2e40000 - 0x00007fffc2ef2000 	C:\WINDOWS\System32\ADVAPI32.dll
0x00007fffc1760000 - 0x00007fffc1806000 	C:\WINDOWS\System32\sechost.dll
0x00007fffc2040000 - 0x00007fffc2156000 	C:\WINDOWS\System32\RPCRT4.dll
0x00007fffc3500000 - 0x00007fffc3574000 	C:\WINDOWS\System32\WS2_32.dll
0x00007fffc0680000 - 0x00007fffc06de000 	C:\WINDOWS\SYSTEM32\POWRPROF.dll
0x00007fffb52a0000 - 0x00007fffb52d6000 	C:\WINDOWS\SYSTEM32\WINMM.dll
0x00007fffa9820000 - 0x00007fffa982b000 	C:\WINDOWS\SYSTEM32\VERSION.dll
0x00007fffc0660000 - 0x00007fffc0674000 	C:\WINDOWS\SYSTEM32\UMPDC.dll
0x00007fffbf5d0000 - 0x00007fffbf5ea000 	C:\WINDOWS\SYSTEM32\kernel.appcore.dll
0x00007fffa41b0000 - 0x00007fffa41ba000 	C:\Program Files\Eclipse Adoptium\jdk-17.0.15.6-hotspot\bin\jimage.dll
0x00007fffbe100000 - 0x00007fffbe341000 	C:\WINDOWS\SYSTEM32\DBGHELP.DLL
0x00007fffc3000000 - 0x00007fffc3384000 	C:\WINDOWS\System32\combase.dll
0x00007fffc2b40000 - 0x00007fffc2c20000 	C:\WINDOWS\System32\OLEAUT32.dll
0x00007fff95100000 - 0x00007fff95139000 	C:\WINDOWS\SYSTEM32\dbgcore.DLL
0x00007fffc12c0000 - 0x00007fffc1359000 	C:\WINDOWS\System32\bcryptPrimitives.dll
0x00007fff988b0000 - 0x00007fff988d5000 	C:\Program Files\Eclipse Adoptium\jdk-17.0.15.6-hotspot\bin\java.dll
0x00007fff7c590000 - 0x00007fff7c667000 	C:\Program Files\Eclipse Adoptium\jdk-17.0.15.6-hotspot\bin\jsvml.dll
0x00007fffc1890000 - 0x00007fffc1fbd000 	C:\WINDOWS\System32\SHELL32.dll
0x00007fffc0960000 - 0x00007fffc0ad4000 	C:\WINDOWS\System32\wintypes.dll
0x00007fffbe450000 - 0x00007fffbeca6000 	C:\WINDOWS\SYSTEM32\windows.storage.dll
0x00007fffc2f00000 - 0x00007fffc2fef000 	C:\WINDOWS\System32\SHCORE.dll
0x00007fffc1820000 - 0x00007fffc1889000 	C:\WINDOWS\System32\shlwapi.dll
0x00007fffc0720000 - 0x00007fffc074f000 	C:\WINDOWS\SYSTEM32\profapi.dll
0x00007fff99a10000 - 0x00007fff99a29000 	C:\Program Files\Eclipse Adoptium\jdk-17.0.15.6-hotspot\bin\net.dll
0x00007fffaf2b0000 - 0x00007fffaf3ce000 	C:\WINDOWS\SYSTEM32\WINHTTP.dll
0x00007fffbfb40000 - 0x00007fffbfbaa000 	C:\WINDOWS\system32\mswsock.dll
0x00007fff98f80000 - 0x00007fff98f96000 	C:\Program Files\Eclipse Adoptium\jdk-17.0.15.6-hotspot\bin\nio.dll
0x00007fff98520000 - 0x00007fff98538000 	C:\Program Files\Eclipse Adoptium\jdk-17.0.15.6-hotspot\bin\zip.dll
0x00007fffa4150000 - 0x00007fffa4160000 	C:\Program Files\Eclipse Adoptium\jdk-17.0.15.6-hotspot\bin\verify.dll
0x00007fff98930000 - 0x00007fff98957000 	C:\Users\karth\.gradle\native\68d5fa5c4cc2d200863cafc0d521ce42e7d3e7ee720ec0a83991735586a16f82\windows-amd64\native-platform.dll
0x00007fff7c440000 - 0x00007fff7c584000 	C:\Users\karth\.gradle\native\e376f236ea51e6404a007f0833ffe2c6e607c4080706a723a18a27aeea778392\windows-amd64\native-platform-file-events.dll
0x00007fffa0910000 - 0x00007fffa091a000 	C:\Program Files\Eclipse Adoptium\jdk-17.0.15.6-hotspot\bin\management.dll
0x00007fffa0830000 - 0x00007fffa083b000 	C:\Program Files\Eclipse Adoptium\jdk-17.0.15.6-hotspot\bin\management_ext.dll
0x00007fffc3580000 - 0x00007fffc3588000 	C:\WINDOWS\System32\PSAPI.DLL
0x00007fffbfde0000 - 0x00007fffbfdfc000 	C:\WINDOWS\SYSTEM32\CRYPTSP.dll
0x00007fffbf530000 - 0x00007fffbf56a000 	C:\WINDOWS\system32\rsaenh.dll
0x00007fffbfbe0000 - 0x00007fffbfc0b000 	C:\WINDOWS\SYSTEM32\USERENV.dll
0x00007fffc06f0000 - 0x00007fffc0716000 	C:\WINDOWS\SYSTEM32\bcrypt.dll
0x00007fffbfe00000 - 0x00007fffbfe0c000 	C:\WINDOWS\SYSTEM32\CRYPTBASE.dll
0x00007fffbf070000 - 0x00007fffbf0a3000 	C:\WINDOWS\SYSTEM32\IPHLPAPI.DLL
0x00007fffc2740000 - 0x00007fffc274a000 	C:\WINDOWS\System32\NSI.dll
0x00007fffb72a0000 - 0x00007fffb72bf000 	C:\WINDOWS\SYSTEM32\dhcpcsvc6.DLL
0x00007fffb7030000 - 0x00007fffb7055000 	C:\WINDOWS\SYSTEM32\dhcpcsvc.DLL
0x00007fffbf140000 - 0x00007fffbf267000 	C:\WINDOWS\SYSTEM32\DNSAPI.dll
0x00007fff9c160000 - 0x00007fff9c169000 	C:\Program Files\Eclipse Adoptium\jdk-17.0.15.6-hotspot\bin\extnet.dll
0x00007fff9bf40000 - 0x00007fff9bf4e000 	C:\Program Files\Eclipse Adoptium\jdk-17.0.15.6-hotspot\bin\sunmscapi.dll
0x00007fffc10b0000 - 0x00007fffc1227000 	C:\WINDOWS\System32\CRYPT32.dll
0x00007fffbfff0000 - 0x00007fffc0020000 	C:\WINDOWS\SYSTEM32\ncrypt.dll
0x00007fffbffa0000 - 0x00007fffbffdf000 	C:\WINDOWS\SYSTEM32\NTASN1.dll
0x00007fffa3df0000 - 0x00007fffa3df8000 	C:\WINDOWS\system32\wshunix.dll

dbghelp: loaded successfully - version: 4.0.5 - missing functions: none
symbol engine: initialized successfully - sym options: 0x614 - pdb path: .;C:\Program Files\Eclipse Adoptium\jdk-17.0.15.6-hotspot\bin;C:\WINDOWS\SYSTEM32;C:\ProgramData\Symantec\Symantec Endpoint Protection\14.3.9205.6000.105\Data\Sysfer\x64;C:\WINDOWS\WinSxS\amd64_microsoft.windows.common-controls_6595b64144ccf1df_6.0.26100.3912_none_3e07963ce335137e;C:\Program Files\Eclipse Adoptium\jdk-17.0.15.6-hotspot\bin\server;C:\Users\karth\.gradle\native\68d5fa5c4cc2d200863cafc0d521ce42e7d3e7ee720ec0a83991735586a16f82\windows-amd64;C:\Users\karth\.gradle\native\e376f236ea51e6404a007f0833ffe2c6e607c4080706a723a18a27aeea778392\windows-amd64

VM Arguments:
jvm_args: -XX:MaxMetaspaceSize=512m --add-opens=java.base/java.util=ALL-UNNAMED --add-opens=java.base/java.lang=ALL-UNNAMED --add-opens=java.base/java.lang.invoke=ALL-UNNAMED --add-opens=java.prefs/java.util.prefs=ALL-UNNAMED --add-opens=java.base/java.nio.charset=ALL-UNNAMED --add-opens=java.base/java.net=ALL-UNNAMED --add-opens=java.base/java.util.concurrent.atomic=ALL-UNNAMED -Xmx2048m -Dfile.encoding=UTF-8 -Duser.country=CA -Duser.language=en -Duser.variant 
java_command: org.gradle.launcher.daemon.bootstrap.GradleDaemon 8.0.1
java_class_path (initial): C:\Users\karth\.gradle\wrapper\dists\gradle-8.0.1-all\aro4hu1c3oeioove7l0i4i14o\gradle-8.0.1\lib\gradle-launcher-8.0.1.jar
Launcher Type: SUN_STANDARD

[Global flags]
     intx CICompilerCount                          = 12                                        {product} {ergonomic}
   size_t CompressedClassSpaceSize                 = 436207616                                 {product} {ergonomic}
     uint ConcGCThreads                            = 3                                         {product} {ergonomic}
     uint G1ConcRefinementThreads                  = 13                                        {product} {ergonomic}
   size_t G1HeapRegionSize                         = 1048576                                   {product} {ergonomic}
    uintx GCDrainStackTargetSize                   = 64                                        {product} {ergonomic}
   size_t InitialHeapSize                          = 264241152                                 {product} {ergonomic}
   size_t MarkStackSize                            = 4194304                                   {product} {ergonomic}
   size_t MaxHeapSize                              = 2147483648                                {product} {command line}
   size_t MaxMetaspaceSize                         = 536870912                                 {product} {command line}
   size_t MaxNewSize                               = 1287651328                                {product} {ergonomic}
   size_t MinHeapDeltaBytes                        = 1048576                                   {product} {ergonomic}
   size_t MinHeapSize                              = 8388608                                   {product} {ergonomic}
    uintx NonNMethodCodeHeapSize                   = 7602480                                {pd product} {ergonomic}
    uintx NonProfiledCodeHeapSize                  = 122027880                              {pd product} {ergonomic}
    uintx ProfiledCodeHeapSize                     = 122027880                              {pd product} {ergonomic}
    uintx ReservedCodeCacheSize                    = 251658240                              {pd product} {ergonomic}
     bool SegmentedCodeCache                       = true                                      {product} {ergonomic}
   size_t SoftMaxHeapSize                          = 2147483648                             {manageable} {ergonomic}
     bool UseCompressedClassPointers               = true                           {product lp64_product} {ergonomic}
     bool UseCompressedOops                        = true                           {product lp64_product} {ergonomic}
     bool UseG1GC                                  = true                                      {product} {ergonomic}
     bool UseLargePagesIndividualAllocation        = false                                  {pd product} {ergonomic}

Logging:
Log output configuration:
 #0: stdout all=warning uptime,level,tags
 #1: stderr all=off uptime,level,tags

Environment Variables:
JAVA_HOME=C:\Program Files\Java\jdk-23
CLASSPATH=C:\Users\karth\CascadeProjects\MobileAppAndroid\android\\gradle\wrapper\gradle-wrapper.jar
PATH=C:\Users\karth\CascadeProjects\MobileAppAndroid\node_modules\.bin;C:\Users\karth\CascadeProjects\MobileAppAndroid\node_modules\.bin;C:\Users\karth\CascadeProjects\node_modules\.bin;C:\Users\karth\node_modules\.bin;C:\Users\node_modules\.bin;C:\node_modules\.bin;C:\Program Files\nodejs\node_modules\npm\node_modules\@npmcli\run-script\lib\node-gyp-bin;C:\Users\karth\CascadeProjects\MobileAppAndroid\node_modules\.bin;C:\Users\karth\CascadeProjects\MobileAppAndroid\node_modules\.bin;C:\Users\karth\CascadeProjects\node_modules\.bin;C:\Users\karth\node_modules\.bin;C:\Users\node_modules\.bin;C:\node_modules\.bin;C:\Program Files\nodejs\node_modules\npm\node_modules\@npmcli\run-script\lib\node-gyp-bin;C:\Program Files\Eclipse Adoptium\jdk-17.0.15.6-hotspot\bin;C:\Program Files\Common Files\Oracle\Java\javapath;C:\WINDOWS\system32;C:\WINDOWS;C:\WINDOWS\System32\Wbem;C:\WINDOWS\System32\WindowsPowerShell\v1.0\;C:\WINDOWS\System32\OpenSSH\;C:\Program Files\nodejs\;C:\Program Files (x86)\nikto\program;C:\Program Files (x86)\curl;D:\GoWorkspace\bin;C:\Program Files\Go\bin;C:\Program Files\Git\cmd;C:\Users\karth\AppData\Local\Android\Sdk;C:\Users\karth\AppData\Local\Android\Sdk\platform-tools;C:\Program Files\Eclipse Adoptium\jdk-17.0.15.6-hotspot\bin;C:\Program Files\Common Files\Oracle\Java\javapath;C:\WINDOWS\system32;C:\WINDOWS;C:\WINDOWS\System32\Wbem;C:\WINDOWS\System32\WindowsPowerShell\v1.0\;C:\WINDOWS\System32\OpenSSH\;C:\Program Files\nodejs\;C:\Program Files\Git\cmd;C:\Users\karth\AppData\Local\Microsoft\WindowsApps;C:\Users\karth\AppData\Local\Programs\Microsoft VS Code\bin;C:\Users\karth\AppData\Roaming\npm;C:\Users\karth\go\bin;C:\Users\karth\AppData\Local\Programs\Windsurf\bin
USERNAME=karth
OS=Windows_NT
PROCESSOR_IDENTIFIER=Intel64 Family 6 Model 154 Stepping 3, GenuineIntel
TMP=C:\Users\karth\AppData\Local\Temp
TEMP=C:\Users\karth\AppData\Local\Temp



Periodic native trim disabled


---------------  S Y S T E M  ---------------

OS:
 Windows 11 , 64 bit Build 26100 (10.0.26100.3912)
OS uptime: 10 days 15:58 hours
Hyper-V role detected

CPU: total 16 (initial active 16) (8 cores per cpu, 2 threads per core) family 6 model 154 stepping 3 microcode 0x416, cx8, cmov, fxsr, ht, mmx, 3dnowpref, sse, sse2, sse3, ssse3, sse4.1, sse4.2, popcnt, lzcnt, tsc, tscinvbit, avx, avx2, aes, erms, clmul, bmi1, bmi2, adx, sha, fma, vzeroupper, clflush, clflushopt, clwb, hv
Processor Information for processor 0
  Max Mhz: 2100, Current Mhz: 2100, Mhz Limit: 2100
Processor Information for processor 1
  Max Mhz: 2100, Current Mhz: 2100, Mhz Limit: 2100
Processor Information for processor 2
  Max Mhz: 2100, Current Mhz: 2100, Mhz Limit: 2100
Processor Information for processor 3
  Max Mhz: 2100, Current Mhz: 2100, Mhz Limit: 2100
Processor Information for processor 4
  Max Mhz: 2100, Current Mhz: 2100, Mhz Limit: 2100
Processor Information for processor 5
  Max Mhz: 2100, Current Mhz: 2100, Mhz Limit: 2100
Processor Information for processor 6
  Max Mhz: 2100, Current Mhz: 2100, Mhz Limit: 2100
Processor Information for processor 7
  Max Mhz: 2100, Current Mhz: 2100, Mhz Limit: 2100
Processor Information for processor 8
  Max Mhz: 2100, Current Mhz: 1500, Mhz Limit: 1491
Processor Information for processor 9
  Max Mhz: 2100, Current Mhz: 1500, Mhz Limit: 1491
Processor Information for processor 10
  Max Mhz: 2100, Current Mhz: 1500, Mhz Limit: 1491
Processor Information for processor 11
  Max Mhz: 2100, Current Mhz: 1500, Mhz Limit: 1491
Processor Information for processor 12
  Max Mhz: 2100, Current Mhz: 1500, Mhz Limit: 1491
Processor Information for processor 13
  Max Mhz: 2100, Current Mhz: 1500, Mhz Limit: 1491
Processor Information for processor 14
  Max Mhz: 2100, Current Mhz: 1500, Mhz Limit: 1491
Processor Information for processor 15
  Max Mhz: 2100, Current Mhz: 1500, Mhz Limit: 1491

Memory: 4k page, system-wide physical 16088M (1M free)
TotalPageFile size 64210M (AvailPageFile size 9M)
current process WorkingSet (physical memory assigned to process): 9M, peak: 300M
current process commit charge ("private bytes"): 397M, peak: 469M

vm_info: OpenJDK 64-Bit Server VM (17.0.15+6) for windows-amd64 JRE (17.0.15+6), built on Apr 15 2025 21:25:47 by "admin" with MS VC++ 17.7 (VS2022)

END.
