#
# There is insufficient memory for the Java Runtime Environment to continue.
# Native memory allocation (mmap) failed to map 111149056 bytes. Error detail: G1 virtual space
# Possible reasons:
#   The system is out of physical RAM or swap space
#   This process is running with CompressedOops enabled, and the Java Heap may be blocking the growth of the native heap
# Possible solutions:
#   Reduce memory load on the system
#   Increase physical memory or swap space
#   Check if swap backing store is full
#   Decrease Java heap size (-Xmx/-Xms)
#   Decrease number of Java threads
#   Decrease Java thread stack sizes (-Xss)
#   Set larger code cache with -XX:ReservedCodeCacheSize=
#   JVM is running with Unscaled Compressed Oops mode in which the Java heap is
#     placed in the first 4GB address space. The Java Heap base address is the
#     maximum limit for the native heap growth. Please use -XX:HeapBaseMinAddress
#     to set the Java Heap base and to place the Java Heap above 4GB virtual address.
# This output file may be truncated or incomplete.
#
#  Out of Memory Error (os_windows.cpp:3618), pid=29392, tid=15072
#
# JRE version: OpenJDK Runtime Environment Temurin-17.0.15+6 (17.0.15+6) (build 17.0.15+6)
# Java VM: OpenJDK 64-Bit Server VM Temurin-17.0.15+6 (17.0.15+6, mixed mode, sharing, tiered, compressed oops, compressed class ptrs, g1 gc, windows-amd64)
# No core dump will be written. Minidumps are not enabled by default on client versions of Windows
#

---------------  S U M M A R Y ------------

Command Line: -XX:MaxMetaspaceSize=512m --add-opens=java.base/java.util=ALL-UNNAMED --add-opens=java.base/java.lang=ALL-UNNAMED --add-opens=java.base/java.lang.invoke=ALL-UNNAMED --add-opens=java.prefs/java.util.prefs=ALL-UNNAMED --add-opens=java.base/java.nio.charset=ALL-UNNAMED --add-opens=java.base/java.net=ALL-UNNAMED --add-opens=java.base/java.util.concurrent.atomic=ALL-UNNAMED -Xmx2048m -Dfile.encoding=UTF-8 -Duser.country=CA -Duser.language=en -Duser.variant org.gradle.launcher.daemon.bootstrap.GradleDaemon 8.0.1

Host: 12th Gen Intel(R) Core(TM) i7-1260P, 16 cores, 15G,  Windows 11 , 64 bit Build 26100 (10.0.26100.3912)
Time: Mon May 26 02:11:40 2025 Eastern Daylight Time elapsed time: 8239.152123 seconds (0d 2h 17m 19s)

---------------  T H R E A D  ---------------

Current thread (0x000001ff243e0410):  VMThread "VM Thread" [stack: 0x000000c637d00000,0x000000c637e00000] [id=15072]

Stack: [0x000000c637d00000,0x000000c637e00000]
Native frames: (J=compiled Java code, j=interpreted, Vv=VM code, C=native code)
V  [jvm.dll+0x682fc9]
V  [jvm.dll+0x839878]
V  [jvm.dll+0x83b323]
V  [jvm.dll+0x83b993]
V  [jvm.dll+0x24725f]
V  [jvm.dll+0x67fda9]
V  [jvm.dll+0x674c9a]
V  [jvm.dll+0x304d06]
V  [jvm.dll+0x30c1c6]
V  [jvm.dll+0x35dd4e]
V  [jvm.dll+0x35df8d]
V  [jvm.dll+0x2dc0cc]
V  [jvm.dll+0x2da46f]
V  [jvm.dll+0x2d9bdc]
V  [jvm.dll+0x31d3bb]
V  [jvm.dll+0x8401cd]
V  [jvm.dll+0x840f03]
V  [jvm.dll+0x84142f]
V  [jvm.dll+0x841814]
V  [jvm.dll+0x8418de]
V  [jvm.dll+0x7e94dc]
V  [jvm.dll+0x681ea7]
C  [ucrtbase.dll+0x37b0]
C  [KERNEL32.DLL+0x2e8d7]
C  [ntdll.dll+0x9c5dc]

VM_Operation (0x000000c6376fe580): G1CollectForAllocation, mode: safepoint, requested by thread 0x000001ff44a5f4c0


---------------  P R O C E S S  ---------------

Threads class SMR info:
_java_thread_list=0x000001ff46bf8d70, length=79, elements={
0x000001ff04e2e610, 0x000001ff243e4ad0, 0x000001ff243e5f10, 0x000001ff243fa200,
0x000001ff243faad0, 0x000001ff243fb5a0, 0x000001ff243fde80, 0x000001ff24401840,
0x000001ff24405840, 0x000001ff2472da90, 0x000001ff247e7d10, 0x000001ff247f4e30,
0x000001ff450c48d0, 0x000001ff450e0ab0, 0x000001ff44a5f4c0, 0x000001ff44b1c130,
0x000001ff44dce550, 0x000001ff249805f0, 0x000001ff449ee5d0, 0x000001ff449eeae0,
0x000001ff449ed6a0, 0x000001ff449efa10, 0x000001ff449eff20, 0x000001ff449ec770,
0x000001ff449ee0c0, 0x000001ff449ed190, 0x000001ff456141c0, 0x000001ff45613cb0,
0x000001ff456146d0, 0x000001ff45612d80, 0x000001ff45616020, 0x000001ff45615600,
0x000001ff45613290, 0x000001ff456137a0, 0x000001ff44e9ebc0, 0x000001ff44e9d270,
0x000001ff44e9f0d0, 0x000001ff44e9f5e0, 0x000001ff44e9faf0, 0x000001ff44e9d780,
0x000001ff44ea0000, 0x000001ff44e9c850, 0x000001ff44ea0510, 0x000001ff44e9cd60,
0x000001ff44ea2880, 0x000001ff44ea0a20, 0x000001ff44ea1e60, 0x000001ff44ea2370,
0x000001ff44ea37b0, 0x000001ff44ea2d90, 0x000001ff44ea0f30, 0x000001ff44ea32a0,
0x000001ff44ea1950, 0x000001ff44ea3cc0, 0x000001ff44ea41d0, 0x000001ff44ea1440,
0x000001ff449edbb0, 0x000001ff449eeff0, 0x000001ff45b2a700, 0x000001ff45b29ce0,
0x000001ff45b27970, 0x000001ff45b27e80, 0x000001ff45b28390, 0x000001ff45b2a1f0,
0x000001ff45b288a0, 0x000001ff45b2ac10, 0x000001ff45b28db0, 0x000001ff45b292c0,
0x000001ff45b27460, 0x000001ff46ddb340, 0x000001ff46dda920, 0x000001ff46ddc780,
0x000001ff46ddc270, 0x000001ff46ddd1a0, 0x000001ff46ddbd60, 0x000001ff46dd9f00,
0x000001ff46ddcc90, 0x000001ff46ddae30, 0x000001ff46dd99f0
}

Java Threads: ( => current thread )
  0x000001ff04e2e610 JavaThread "main" [_thread_blocked, id=8044, stack(0x000000c637700000,0x000000c637800000)]
  0x000001ff243e4ad0 JavaThread "Reference Handler" daemon [_thread_blocked, id=28216, stack(0x000000c637e00000,0x000000c637f00000)]
  0x000001ff243e5f10 JavaThread "Finalizer" daemon [_thread_blocked, id=41956, stack(0x000000c637f00000,0x000000c638000000)]
  0x000001ff243fa200 JavaThread "Signal Dispatcher" daemon [_thread_blocked, id=31984, stack(0x000000c638000000,0x000000c638100000)]
  0x000001ff243faad0 JavaThread "Attach Listener" daemon [_thread_blocked, id=53964, stack(0x000000c638100000,0x000000c638200000)]
  0x000001ff243fb5a0 JavaThread "Service Thread" daemon [_thread_blocked, id=30912, stack(0x000000c638200000,0x000000c638300000)]
  0x000001ff243fde80 JavaThread "Monitor Deflation Thread" daemon [_thread_blocked, id=26908, stack(0x000000c638300000,0x000000c638400000)]
  0x000001ff24401840 JavaThread "C2 CompilerThread0" daemon [_thread_blocked, id=46376, stack(0x000000c638400000,0x000000c638500000)]
  0x000001ff24405840 JavaThread "C1 CompilerThread0" daemon [_thread_blocked, id=17920, stack(0x000000c638500000,0x000000c638600000)]
  0x000001ff2472da90 JavaThread "Sweeper thread" daemon [_thread_blocked, id=35588, stack(0x000000c638600000,0x000000c638700000)]
  0x000001ff247e7d10 JavaThread "Common-Cleaner" daemon [_thread_blocked, id=56180, stack(0x000000c638700000,0x000000c638800000)]
  0x000001ff247f4e30 JavaThread "Notification Thread" daemon [_thread_blocked, id=46724, stack(0x000000c638800000,0x000000c638900000)]
  0x000001ff450c48d0 JavaThread "Daemon health stats" [_thread_blocked, id=46588, stack(0x000000c638f00000,0x000000c639000000)]
  0x000001ff450e0ab0 JavaThread "Incoming local TCP Connector on port 34315" [_thread_in_native, id=30408, stack(0x000000c639100000,0x000000c639200000)]
  0x000001ff44a5f4c0 JavaThread "Daemon periodic checks" [_thread_blocked, id=46764, stack(0x000000c637600000,0x000000c637700000)]
  0x000001ff44b1c130 JavaThread "Daemon" [_thread_blocked, id=49952, stack(0x000000c639000000,0x000000c639100000)]
  0x000001ff44dce550 JavaThread "Handler for socket connection from /127.0.0.1:34315 to /127.0.0.1:34574" [_thread_in_native, id=49300, stack(0x000000c639200000,0x000000c639300000)]
  0x000001ff249805f0 JavaThread "Cancel handler" [_thread_blocked, id=64152, stack(0x000000c639300000,0x000000c639400000)]
  0x000001ff449ee5d0 JavaThread "Daemon worker" [_thread_blocked, id=58312, stack(0x000000c639500000,0x000000c639600000)]
  0x000001ff449eeae0 JavaThread "Asynchronous log dispatcher for DefaultDaemonConnection: socket connection from /127.0.0.1:34315 to /127.0.0.1:34574" [_thread_blocked, id=42464, stack(0x000000c639600000,0x000000c639700000)]
  0x000001ff449ed6a0 JavaThread "Daemon client event forwarder" [_thread_blocked, id=56068, stack(0x000000c639800000,0x000000c639900000)]
  0x000001ff449efa10 JavaThread "Cache worker for journal cache (C:\Users\karth\.gradle\caches\journal-1)" [_thread_blocked, id=43232, stack(0x000000c639900000,0x000000c639a00000)]
  0x000001ff449eff20 JavaThread "File lock request listener" [_thread_in_native, id=44368, stack(0x000000c639a00000,0x000000c639b00000)]
  0x000001ff449ec770 JavaThread "Cache worker for file hash cache (C:\Users\karth\.gradle\caches\8.0.1\fileHashes)" [_thread_blocked, id=47416, stack(0x000000c639e00000,0x000000c639f00000)]
  0x000001ff449ee0c0 JavaThread "File watcher server" daemon [_thread_in_native, id=8852, stack(0x000000c63a000000,0x000000c63a100000)]
  0x000001ff449ed190 JavaThread "File watcher consumer" daemon [_thread_blocked, id=60616, stack(0x000000c63a100000,0x000000c63a200000)]
  0x000001ff456141c0 JavaThread "Cache worker for checksums cache (C:\Users\karth\CascadeProjects\MobileAppAndroid\android\.gradle\8.0.1\checksums)" [_thread_blocked, id=28804, stack(0x000000c639400000,0x000000c639500000)]
  0x000001ff45613cb0 JavaThread "Cache worker for cache directory md-rule (C:\Users\karth\.gradle\caches\8.0.1\md-rule)" [_thread_blocked, id=68468, stack(0x000000c63a200000,0x000000c63a300000)]
  0x000001ff456146d0 JavaThread "Cache worker for file content cache (C:\Users\karth\.gradle\caches\8.0.1\fileContent)" [_thread_blocked, id=21884, stack(0x000000c63a300000,0x000000c63a400000)]
  0x000001ff45612d80 JavaThread "Cache worker for file hash cache (C:\Users\karth\CascadeProjects\MobileAppAndroid\android\.gradle\8.0.1\fileHashes)" [_thread_blocked, id=44952, stack(0x000000c63ad00000,0x000000c63ae00000)]
  0x000001ff45616020 JavaThread "Cache worker for cache directory md-supplier (C:\Users\karth\.gradle\caches\8.0.1\md-supplier)" [_thread_blocked, id=5644, stack(0x000000c63ae00000,0x000000c63af00000)]
  0x000001ff45615600 JavaThread "Cache worker for execution history cache (C:\Users\karth\.gradle\caches\8.0.1\executionHistory)" [_thread_blocked, id=42584, stack(0x000000c63af00000,0x000000c63b000000)]
  0x000001ff45613290 JavaThread "jar transforms" [_thread_blocked, id=9756, stack(0x000000c639c00000,0x000000c639d00000)]
  0x000001ff456137a0 JavaThread "jar transforms Thread 2" [_thread_blocked, id=27172, stack(0x000000c639b00000,0x000000c639c00000)]
  0x000001ff44e9ebc0 JavaThread "jar transforms Thread 3" [_thread_blocked, id=21752, stack(0x000000c639f00000,0x000000c63a000000)]
  0x000001ff44e9d270 JavaThread "jar transforms Thread 4" [_thread_blocked, id=39684, stack(0x000000c63b000000,0x000000c63b100000)]
  0x000001ff44e9f0d0 JavaThread "Cache worker for kotlin-dsl (C:\Users\karth\.gradle\caches\8.0.1\kotlin-dsl)" [_thread_blocked, id=36048, stack(0x000000c63b100000,0x000000c63b200000)]
  0x000001ff44e9f5e0 JavaThread "jar transforms Thread 5" [_thread_blocked, id=42144, stack(0x000000c63b400000,0x000000c63b500000)]
  0x000001ff44e9faf0 JavaThread "jar transforms Thread 6" [_thread_blocked, id=69356, stack(0x000000c63b300000,0x000000c63b400000)]
  0x000001ff44e9d780 JavaThread "Cache worker for dependencies-accessors (C:\Users\karth\CascadeProjects\MobileAppAndroid\android\.gradle\8.0.1\dependencies-accessors)" [_thread_blocked, id=25008, stack(0x000000c63b600000,0x000000c63b700000)]
  0x000001ff44ea0000 JavaThread "Cache worker for Build Output Cleanup Cache (C:\Users\karth\CascadeProjects\MobileAppAndroid\node_modules\@react-native\gradle-plugin\.gradle\buildOutputCleanup)" [_thread_blocked, id=22944, stack(0x000000c63b700000,0x000000c63b800000)]
  0x000001ff44e9c850 JavaThread "jar transforms Thread 7" [_thread_blocked, id=57512, stack(0x000000c63b500000,0x000000c63b600000)]
  0x000001ff44ea0510 JavaThread "Unconstrained build operations" [_thread_blocked, id=67504, stack(0x000000c639700000,0x000000c639800000)]
  0x000001ff44e9cd60 JavaThread "Unconstrained build operations Thread 2" [_thread_blocked, id=70392, stack(0x000000c639d00000,0x000000c639e00000)]
  0x000001ff44ea2880 JavaThread "Unconstrained build operations Thread 3" [_thread_blocked, id=69624, stack(0x000000c63b800000,0x000000c63b900000)]
  0x000001ff44ea0a20 JavaThread "Unconstrained build operations Thread 4" [_thread_blocked, id=36836, stack(0x000000c63b900000,0x000000c63ba00000)]
  0x000001ff44ea1e60 JavaThread "Unconstrained build operations Thread 5" [_thread_blocked, id=69448, stack(0x000000c63ba00000,0x000000c63bb00000)]
  0x000001ff44ea2370 JavaThread "Unconstrained build operations Thread 6" [_thread_blocked, id=70572, stack(0x000000c63bb00000,0x000000c63bc00000)]
  0x000001ff44ea37b0 JavaThread "Unconstrained build operations Thread 7" [_thread_blocked, id=52420, stack(0x000000c63bc00000,0x000000c63bd00000)]
  0x000001ff44ea2d90 JavaThread "Unconstrained build operations Thread 8" [_thread_blocked, id=69000, stack(0x000000c63bd00000,0x000000c63be00000)]
  0x000001ff44ea0f30 JavaThread "Unconstrained build operations Thread 9" [_thread_blocked, id=69684, stack(0x000000c63be00000,0x000000c63bf00000)]
  0x000001ff44ea32a0 JavaThread "Unconstrained build operations Thread 10" [_thread_blocked, id=64988, stack(0x000000c63bf00000,0x000000c63c000000)]
  0x000001ff44ea1950 JavaThread "Unconstrained build operations Thread 11" [_thread_blocked, id=47320, stack(0x000000c63c000000,0x000000c63c100000)]
  0x000001ff44ea3cc0 JavaThread "Unconstrained build operations Thread 12" [_thread_blocked, id=6788, stack(0x000000c63c100000,0x000000c63c200000)]
  0x000001ff44ea41d0 JavaThread "Unconstrained build operations Thread 13" [_thread_blocked, id=69968, stack(0x000000c63c200000,0x000000c63c300000)]
  0x000001ff44ea1440 JavaThread "Unconstrained build operations Thread 14" [_thread_blocked, id=68596, stack(0x000000c63c300000,0x000000c63c400000)]
  0x000001ff449edbb0 JavaThread "Unconstrained build operations Thread 15" [_thread_blocked, id=52404, stack(0x000000c63c400000,0x000000c63c500000)]
  0x000001ff449eeff0 JavaThread "Unconstrained build operations Thread 16" [_thread_blocked, id=13352, stack(0x000000c63c500000,0x000000c63c600000)]
  0x000001ff45b2a700 JavaThread "Unconstrained build operations Thread 17" [_thread_blocked, id=49076, stack(0x000000c63c600000,0x000000c63c700000)]
  0x000001ff45b29ce0 JavaThread "Unconstrained build operations Thread 18" [_thread_blocked, id=51004, stack(0x000000c63c700000,0x000000c63c800000)]
  0x000001ff45b27970 JavaThread "Unconstrained build operations Thread 19" [_thread_blocked, id=18260, stack(0x000000c63c800000,0x000000c63c900000)]
  0x000001ff45b27e80 JavaThread "Unconstrained build operations Thread 20" [_thread_blocked, id=70500, stack(0x000000c63c900000,0x000000c63ca00000)]
  0x000001ff45b28390 JavaThread "Unconstrained build operations Thread 21" [_thread_blocked, id=70524, stack(0x000000c63ca00000,0x000000c63cb00000)]
  0x000001ff45b2a1f0 JavaThread "Unconstrained build operations Thread 22" [_thread_blocked, id=70512, stack(0x000000c63cb00000,0x000000c63cc00000)]
  0x000001ff45b288a0 JavaThread "Unconstrained build operations Thread 23" [_thread_blocked, id=70504, stack(0x000000c63cc00000,0x000000c63cd00000)]
  0x000001ff45b2ac10 JavaThread "Unconstrained build operations Thread 24" [_thread_blocked, id=70496, stack(0x000000c63cd00000,0x000000c63ce00000)]
  0x000001ff45b28db0 JavaThread "Unconstrained build operations Thread 25" [_thread_blocked, id=70516, stack(0x000000c63ce00000,0x000000c63cf00000)]
  0x000001ff45b292c0 JavaThread "Unconstrained build operations Thread 26" [_thread_blocked, id=70520, stack(0x000000c63cf00000,0x000000c63d000000)]
  0x000001ff45b27460 JavaThread "jar transforms Thread 8" [_thread_blocked, id=71920, stack(0x000000c63d100000,0x000000c63d200000)]
  0x000001ff46ddb340 JavaThread "jar transforms Thread 9" [_thread_blocked, id=71924, stack(0x000000c63d200000,0x000000c63d300000)]
  0x000001ff46dda920 JavaThread "jar transforms Thread 10" [_thread_blocked, id=71928, stack(0x000000c63d300000,0x000000c63d400000)]
  0x000001ff46ddc780 JavaThread "jar transforms Thread 11" [_thread_blocked, id=71932, stack(0x000000c63d400000,0x000000c63d500000)]
  0x000001ff46ddc270 JavaThread "jar transforms Thread 12" [_thread_blocked, id=71936, stack(0x000000c63d500000,0x000000c63d600000)]
  0x000001ff46ddd1a0 JavaThread "jar transforms Thread 13" [_thread_blocked, id=71940, stack(0x000000c63d600000,0x000000c63d700000)]
  0x000001ff46ddbd60 JavaThread "jar transforms Thread 14" [_thread_blocked, id=71944, stack(0x000000c63d700000,0x000000c63d800000)]
  0x000001ff46dd9f00 JavaThread "jar transforms Thread 15" [_thread_blocked, id=71948, stack(0x000000c63d800000,0x000000c63d900000)]
  0x000001ff46ddcc90 JavaThread "jar transforms Thread 16" [_thread_blocked, id=71952, stack(0x000000c63d900000,0x000000c63da00000)]
  0x000001ff46ddae30 JavaThread "Memory manager" [_thread_blocked, id=72012, stack(0x000000c63dc00000,0x000000c63dd00000)]
  0x000001ff46dd99f0 JavaThread "Cache worker for Build Output Cleanup Cache (C:\Users\karth\CascadeProjects\MobileAppAndroid\android\.gradle\buildOutputCleanup)" [_thread_blocked, id=72100, stack(0x000000c63dd00000,0x000000c63de00000)]

Other Threads:
=>0x000001ff243e0410 VMThread "VM Thread" [stack: 0x000000c637d00000,0x000000c637e00000] [id=15072]
  0x000001ff247f7730 WatcherThread [stack: 0x000000c638900000,0x000000c638a00000] [id=47004]
  0x000001ff04e900c0 GCTaskThread "GC Thread#0" [stack: 0x000000c637800000,0x000000c637900000] [id=31660]
  0x000001ff448925e0 GCTaskThread "GC Thread#1" [stack: 0x000000c638a00000,0x000000c638b00000] [id=43892]
  0x000001ff24899750 GCTaskThread "GC Thread#2" [stack: 0x000000c638b00000,0x000000c638c00000] [id=61164]
  0x000001ff24899a10 GCTaskThread "GC Thread#3" [stack: 0x000000c638c00000,0x000000c638d00000] [id=30256]
  0x000001ff24899cd0 GCTaskThread "GC Thread#4" [stack: 0x000000c638d00000,0x000000c638e00000] [id=512]
  0x000001ff24899f90 GCTaskThread "GC Thread#5" [stack: 0x000000c638e00000,0x000000c638f00000] [id=17684]
  0x000001ff45cea840 GCTaskThread "GC Thread#6" [stack: 0x000000c63a400000,0x000000c63a500000] [id=7044]
  0x000001ff45ceadc0 GCTaskThread "GC Thread#7" [stack: 0x000000c63a500000,0x000000c63a600000] [id=66788]
  0x000001ff45ceb080 GCTaskThread "GC Thread#8" [stack: 0x000000c63a600000,0x000000c63a700000] [id=54420]
  0x000001ff45ceb8c0 GCTaskThread "GC Thread#9" [stack: 0x000000c63a700000,0x000000c63a800000] [id=51940]
  0x000001ff45cebb80 GCTaskThread "GC Thread#10" [stack: 0x000000c63a800000,0x000000c63a900000] [id=51320]
  0x000001ff45cea000 GCTaskThread "GC Thread#11" [stack: 0x000000c63a900000,0x000000c63aa00000] [id=51784]
  0x000001ff45cea580 GCTaskThread "GC Thread#12" [stack: 0x000000c63aa00000,0x000000c63ab00000] [id=51416]
  0x000001ff04ea0f20 ConcurrentGCThread "G1 Main Marker" [stack: 0x000000c637900000,0x000000c637a00000] [id=51360]
  0x000001ff04ea1850 ConcurrentGCThread "G1 Conc#0" [stack: 0x000000c637a00000,0x000000c637b00000] [id=50860]
  0x000001ff460e0150 ConcurrentGCThread "G1 Conc#1" [stack: 0x000000c63ab00000,0x000000c63ac00000] [id=48916]
  0x000001ff460de890 ConcurrentGCThread "G1 Conc#2" [stack: 0x000000c63ac00000,0x000000c63ad00000] [id=67376]
  0x000001ff242d0c20 ConcurrentGCThread "G1 Refine#0" [stack: 0x000000c637b00000,0x000000c637c00000] [id=10420]
  0x000001ff242d2410 ConcurrentGCThread "G1 Service" [stack: 0x000000c637c00000,0x000000c637d00000] [id=18640]

Threads with active compile tasks:
C2 CompilerThread0  8241557 8334   !   4       java.util.concurrent.FutureTask::runAndReset (125 bytes)
C1 CompilerThread0  8241602 8342       3       org.gradle.internal.jvm.Jvm::findToolsJar (166 bytes)

VM state: at safepoint (normal execution)

VM Mutex/Monitor currently owned by a thread:  ([mutex/lock_event])
[0x000001ff0342dd40] Threads_lock - owner thread: 0x000001ff243e0410
[0x000001ff04e2d530] Heap_lock - owner thread: 0x000001ff44a5f4c0

Heap address: 0x0000000080000000, size: 2048 MB, Compressed Oops mode: 32-bit

CDS archive(s) mapped at: [0x000001ff25000000-0x000001ff25bb0000-0x000001ff25bb0000), size 12255232, SharedBaseAddress: 0x000001ff25000000, ArchiveRelocationMode: 1.
Compressed class space mapped at: 0x000001ff26000000-0x000001ff40000000, reserved size: 436207616
Narrow klass base: 0x000001ff25000000, Narrow klass shift: 0, Narrow klass range: 0x100000000

GC Precious Log:
 CPUs: 16 total, 16 available
 Memory: 16088M
 Large Page Support: Disabled
 NUMA Support: Disabled
 Compressed Oops: Enabled (32-bit)
 Heap Region Size: 1M
 Heap Min Capacity: 8M
 Heap Initial Capacity: 252M
 Heap Max Capacity: 2G
 Pre-touch: Disabled
 Parallel Workers: 13
 Concurrent Workers: 3
 Concurrent Refinement Workers: 13
 Periodic GC: Disabled

Heap:
 garbage-first heap   total 149504K, used 55232K [0x0000000080000000, 0x0000000100000000)
  region size 1024K, 1 young (1024K), 1 survivors (1024K)
 Metaspace       used 58543K, committed 59136K, reserved 491520K
  class space    used 8103K, committed 8384K, reserved 425984K

Heap Regions: E=young(eden), S=young(survivor), O=old, HS=humongous(starts), HC=humongous(continues), CS=collection set, F=free, OA=open archive, CA=closed archive, TAMS=top-at-mark-start (previous, next)
|   0|0x0000000080000000, 0x0000000080100000, 0x0000000080100000|100%|HS|  |TAMS 0x0000000080100000, 0x0000000080000000| Complete 
|   1|0x0000000080100000, 0x0000000080200000, 0x0000000080200000|100%|HC|  |TAMS 0x0000000080200000, 0x0000000080100000| Complete 
|   2|0x0000000080200000, 0x0000000080300000, 0x0000000080300000|100%|HC|  |TAMS 0x0000000080300000, 0x0000000080200000| Complete 
|   3|0x0000000080300000, 0x0000000080400000, 0x0000000080400000|100%|HC|  |TAMS 0x0000000080400000, 0x0000000080300000| Complete 
|   4|0x0000000080400000, 0x0000000080500000, 0x0000000080500000|100%| O|  |TAMS 0x0000000080500000, 0x0000000080400000| Untracked 
|   5|0x0000000080500000, 0x0000000080600000, 0x0000000080600000|100%| O|  |TAMS 0x0000000080600000, 0x0000000080500000| Untracked 
|   6|0x0000000080600000, 0x0000000080700000, 0x0000000080700000|100%| O|  |TAMS 0x0000000080700000, 0x0000000080600000| Untracked 
|   7|0x0000000080700000, 0x0000000080800000, 0x0000000080800000|100%| O|  |TAMS 0x0000000080800000, 0x0000000080700000| Untracked 
|   8|0x0000000080800000, 0x0000000080900000, 0x0000000080900000|100%| O|  |TAMS 0x0000000080900000, 0x0000000080800000| Untracked 
|   9|0x0000000080900000, 0x0000000080a00000, 0x0000000080a00000|100%| O|  |TAMS 0x0000000080a00000, 0x0000000080900000| Untracked 
|  10|0x0000000080a00000, 0x0000000080b00000, 0x0000000080b00000|100%| O|  |TAMS 0x0000000080b00000, 0x0000000080a00000| Untracked 
|  11|0x0000000080b00000, 0x0000000080c00000, 0x0000000080c00000|100%| O|  |TAMS 0x0000000080b00000, 0x0000000080b00000| Untracked 
|  12|0x0000000080c00000, 0x0000000080d00000, 0x0000000080d00000|100%| O|  |TAMS 0x0000000080d00000, 0x0000000080c00000| Untracked 
|  13|0x0000000080d00000, 0x0000000080e00000, 0x0000000080e00000|100%| O|  |TAMS 0x0000000080e00000, 0x0000000080d00000| Untracked 
|  14|0x0000000080e00000, 0x0000000080f00000, 0x0000000080f00000|100%| O|  |TAMS 0x0000000080f00000, 0x0000000080e00000| Untracked 
|  15|0x0000000080f00000, 0x0000000081000000, 0x0000000081000000|100%| O|  |TAMS 0x0000000081000000, 0x0000000080f00000| Untracked 
|  16|0x0000000081000000, 0x0000000081100000, 0x0000000081100000|100%| O|  |TAMS 0x0000000081100000, 0x0000000081000000| Untracked 
|  17|0x0000000081100000, 0x0000000081200000, 0x0000000081200000|100%| O|  |TAMS 0x0000000081200000, 0x0000000081100000| Untracked 
|  18|0x0000000081200000, 0x0000000081300000, 0x0000000081300000|100%| O|  |TAMS 0x0000000081300000, 0x0000000081200000| Untracked 
|  19|0x0000000081300000, 0x0000000081400000, 0x0000000081400000|100%| O|  |TAMS 0x0000000081400000, 0x0000000081300000| Untracked 
|  20|0x0000000081400000, 0x0000000081500000, 0x0000000081500000|100%| O|  |TAMS 0x0000000081500000, 0x0000000081400000| Untracked 
|  21|0x0000000081500000, 0x0000000081600000, 0x0000000081600000|100%| O|  |TAMS 0x0000000081600000, 0x0000000081500000| Untracked 
|  22|0x0000000081600000, 0x0000000081700000, 0x0000000081700000|100%| O|  |TAMS 0x0000000081700000, 0x0000000081600000| Untracked 
|  23|0x0000000081700000, 0x0000000081800000, 0x0000000081800000|100%| O|  |TAMS 0x0000000081800000, 0x0000000081700000| Untracked 
|  24|0x0000000081800000, 0x0000000081900000, 0x0000000081900000|100%| O|  |TAMS 0x0000000081900000, 0x0000000081800000| Untracked 
|  25|0x0000000081900000, 0x0000000081a00000, 0x0000000081a00000|100%| O|  |TAMS 0x0000000081a00000, 0x0000000081900000| Untracked 
|  26|0x0000000081a00000, 0x0000000081b00000, 0x0000000081b00000|100%| O|  |TAMS 0x0000000081b00000, 0x0000000081a00000| Untracked 
|  27|0x0000000081b00000, 0x0000000081c00000, 0x0000000081c00000|100%| O|  |TAMS 0x0000000081c00000, 0x0000000081b00000| Untracked 
|  28|0x0000000081c00000, 0x0000000081d00000, 0x0000000081d00000|100%| O|  |TAMS 0x0000000081d00000, 0x0000000081c00000| Untracked 
|  29|0x0000000081d00000, 0x0000000081e00000, 0x0000000081e00000|100%| O|  |TAMS 0x0000000081e00000, 0x0000000081d00000| Untracked 
|  30|0x0000000081e00000, 0x0000000081f00000, 0x0000000081f00000|100%| O|  |TAMS 0x0000000081f00000, 0x0000000081e00000| Untracked 
|  31|0x0000000081f00000, 0x0000000082000000, 0x0000000082000000|100%| O|  |TAMS 0x0000000082000000, 0x0000000081f00000| Untracked 
|  32|0x0000000082000000, 0x0000000082100000, 0x0000000082100000|100%| O|  |TAMS 0x0000000082100000, 0x0000000082000000| Untracked 
|  33|0x0000000082100000, 0x0000000082200000, 0x0000000082200000|100%| O|  |TAMS 0x0000000082200000, 0x0000000082100000| Untracked 
|  34|0x0000000082200000, 0x0000000082300000, 0x0000000082300000|100%|HS|  |TAMS 0x0000000082300000, 0x0000000082200000| Complete 
|  35|0x0000000082300000, 0x0000000082400000, 0x0000000082400000|100%|HC|  |TAMS 0x0000000082400000, 0x0000000082300000| Complete 
|  36|0x0000000082400000, 0x0000000082500000, 0x0000000082500000|100%|HS|  |TAMS 0x0000000082500000, 0x0000000082400000| Complete 
|  37|0x0000000082500000, 0x0000000082600000, 0x0000000082600000|100%|HC|  |TAMS 0x0000000082600000, 0x0000000082500000| Complete 
|  38|0x0000000082600000, 0x0000000082700000, 0x0000000082700000|100%|HC|  |TAMS 0x0000000082700000, 0x0000000082600000| Complete 
|  39|0x0000000082700000, 0x0000000082800000, 0x0000000082800000|100%|HC|  |TAMS 0x0000000082800000, 0x0000000082700000| Complete 
|  40|0x0000000082800000, 0x0000000082900000, 0x0000000082900000|100%| O|  |TAMS 0x0000000082900000, 0x0000000082800000| Untracked 
|  41|0x0000000082900000, 0x0000000082a00000, 0x0000000082a00000|100%| O|  |TAMS 0x0000000082a00000, 0x0000000082900000| Untracked 
|  42|0x0000000082a00000, 0x0000000082b00000, 0x0000000082b00000|100%| O|  |TAMS 0x0000000082b00000, 0x0000000082a00000| Untracked 
|  43|0x0000000082b00000, 0x0000000082b00000, 0x0000000082c00000|  0%| F|  |TAMS 0x0000000082b00000, 0x0000000082b00000| Untracked 
|  44|0x0000000082c00000, 0x0000000082d00000, 0x0000000082d00000|100%| O|  |TAMS 0x0000000082d00000, 0x0000000082c00000| Untracked 
|  45|0x0000000082d00000, 0x0000000082e00000, 0x0000000082e00000|100%| O|  |TAMS 0x0000000082e00000, 0x0000000082d00000| Untracked 
|  46|0x0000000082e00000, 0x0000000082f00000, 0x0000000082f00000|100%| O|  |TAMS 0x0000000082f00000, 0x0000000082e00000| Untracked 
|  47|0x0000000082f00000, 0x0000000083000000, 0x0000000083000000|100%| O|  |TAMS 0x0000000083000000, 0x0000000082f00000| Untracked 
|  48|0x0000000083000000, 0x0000000083100000, 0x0000000083100000|100%| O|  |TAMS 0x0000000083100000, 0x0000000083000000| Untracked 
|  49|0x0000000083100000, 0x0000000083200000, 0x0000000083200000|100%| O|  |TAMS 0x0000000083200000, 0x0000000083100000| Untracked 
|  50|0x0000000083200000, 0x0000000083300000, 0x0000000083300000|100%| O|  |TAMS 0x0000000083300000, 0x0000000083200000| Untracked 
|  51|0x0000000083300000, 0x0000000083400000, 0x0000000083400000|100%| O|  |TAMS 0x00000000833bb800, 0x0000000083300000| Untracked 
|  52|0x0000000083400000, 0x0000000083500000, 0x0000000083500000|100%| O|  |TAMS 0x0000000083400000, 0x0000000083400000| Untracked 
|  53|0x0000000083500000, 0x0000000083600000, 0x0000000083600000|100%| O|  |TAMS 0x0000000083500000, 0x0000000083500000| Untracked 
|  54|0x0000000083600000, 0x000000008369be00, 0x0000000083700000| 60%| O|  |TAMS 0x0000000083600000, 0x0000000083600000| Untracked 
|  55|0x0000000083700000, 0x0000000083700000, 0x0000000083800000|  0%| F|  |TAMS 0x0000000083700000, 0x0000000083700000| Untracked 
|  56|0x0000000083800000, 0x0000000083800000, 0x0000000083900000|  0%| F|  |TAMS 0x0000000083800000, 0x0000000083800000| Untracked 
|  57|0x0000000083900000, 0x0000000083900000, 0x0000000083a00000|  0%| F|  |TAMS 0x0000000083900000, 0x0000000083900000| Untracked 
|  58|0x0000000083a00000, 0x0000000083a00000, 0x0000000083b00000|  0%| F|  |TAMS 0x0000000083a00000, 0x0000000083a00000| Untracked 
|  59|0x0000000083b00000, 0x0000000083b00000, 0x0000000083c00000|  0%| F|  |TAMS 0x0000000083b00000, 0x0000000083b00000| Untracked 
|  60|0x0000000083c00000, 0x0000000083c00000, 0x0000000083d00000|  0%| F|  |TAMS 0x0000000083c00000, 0x0000000083c00000| Untracked 
|  61|0x0000000083d00000, 0x0000000083d00000, 0x0000000083e00000|  0%| F|  |TAMS 0x0000000083d00000, 0x0000000083d00000| Untracked 
|  62|0x0000000083e00000, 0x0000000083e00000, 0x0000000083f00000|  0%| F|  |TAMS 0x0000000083e00000, 0x0000000083e00000| Untracked 
|  63|0x0000000083f00000, 0x0000000083f00000, 0x0000000084000000|  0%| F|  |TAMS 0x0000000083f00000, 0x0000000083f00000| Untracked 
|  64|0x0000000084000000, 0x0000000084000000, 0x0000000084100000|  0%| F|  |TAMS 0x0000000084000000, 0x0000000084000000| Untracked 
|  65|0x0000000084100000, 0x0000000084100000, 0x0000000084200000|  0%| F|  |TAMS 0x0000000084100000, 0x0000000084100000| Untracked 
|  66|0x0000000084200000, 0x0000000084200000, 0x0000000084300000|  0%| F|  |TAMS 0x0000000084200000, 0x0000000084200000| Untracked 
|  67|0x0000000084300000, 0x0000000084300000, 0x0000000084400000|  0%| F|  |TAMS 0x0000000084300000, 0x0000000084300000| Untracked 
|  68|0x0000000084400000, 0x0000000084400000, 0x0000000084500000|  0%| F|  |TAMS 0x0000000084400000, 0x0000000084400000| Untracked 
|  69|0x0000000084500000, 0x0000000084500000, 0x0000000084600000|  0%| F|  |TAMS 0x0000000084500000, 0x0000000084500000| Untracked 
|  70|0x0000000084600000, 0x0000000084600000, 0x0000000084700000|  0%| F|  |TAMS 0x0000000084600000, 0x0000000084600000| Untracked 
|  71|0x0000000084700000, 0x0000000084700000, 0x0000000084800000|  0%| F|  |TAMS 0x0000000084700000, 0x0000000084700000| Untracked 
|  72|0x0000000084800000, 0x0000000084800000, 0x0000000084900000|  0%| F|  |TAMS 0x0000000084800000, 0x0000000084800000| Untracked 
|  73|0x0000000084900000, 0x0000000084900000, 0x0000000084a00000|  0%| F|  |TAMS 0x0000000084900000, 0x0000000084900000| Untracked 
|  74|0x0000000084a00000, 0x0000000084a00000, 0x0000000084b00000|  0%| F|  |TAMS 0x0000000084a00000, 0x0000000084a00000| Untracked 
|  75|0x0000000084b00000, 0x0000000084b00000, 0x0000000084c00000|  0%| F|  |TAMS 0x0000000084b00000, 0x0000000084b00000| Untracked 
|  76|0x0000000084c00000, 0x0000000084c00000, 0x0000000084d00000|  0%| F|  |TAMS 0x0000000084c00000, 0x0000000084c00000| Untracked 
|  77|0x0000000084d00000, 0x0000000084d00000, 0x0000000084e00000|  0%| F|  |TAMS 0x0000000084d00000, 0x0000000084d00000| Untracked 
|  78|0x0000000084e00000, 0x0000000084e00000, 0x0000000084f00000|  0%| F|  |TAMS 0x0000000084e00000, 0x0000000084e00000| Untracked 
|  79|0x0000000084f00000, 0x0000000084f00000, 0x0000000085000000|  0%| F|  |TAMS 0x0000000084f00000, 0x0000000084f00000| Untracked 
|  80|0x0000000085000000, 0x0000000085000000, 0x0000000085100000|  0%| F|  |TAMS 0x0000000085000000, 0x0000000085000000| Untracked 
|  81|0x0000000085100000, 0x0000000085100000, 0x0000000085200000|  0%| F|  |TAMS 0x0000000085100000, 0x0000000085100000| Untracked 
|  82|0x0000000085200000, 0x0000000085200000, 0x0000000085300000|  0%| F|  |TAMS 0x0000000085200000, 0x0000000085200000| Untracked 
|  83|0x0000000085300000, 0x0000000085300000, 0x0000000085400000|  0%| F|  |TAMS 0x0000000085300000, 0x0000000085300000| Untracked 
|  84|0x0000000085400000, 0x0000000085400000, 0x0000000085500000|  0%| F|  |TAMS 0x0000000085400000, 0x0000000085400000| Untracked 
|  85|0x0000000085500000, 0x0000000085500000, 0x0000000085600000|  0%| F|  |TAMS 0x0000000085500000, 0x0000000085500000| Untracked 
|  86|0x0000000085600000, 0x0000000085600000, 0x0000000085700000|  0%| F|  |TAMS 0x0000000085600000, 0x0000000085600000| Untracked 
|  87|0x0000000085700000, 0x0000000085700000, 0x0000000085800000|  0%| F|  |TAMS 0x0000000085700000, 0x0000000085700000| Untracked 
|  88|0x0000000085800000, 0x0000000085800000, 0x0000000085900000|  0%| F|  |TAMS 0x0000000085800000, 0x0000000085800000| Untracked 
|  89|0x0000000085900000, 0x0000000085900000, 0x0000000085a00000|  0%| F|  |TAMS 0x0000000085900000, 0x0000000085900000| Untracked 
|  90|0x0000000085a00000, 0x0000000085a00000, 0x0000000085b00000|  0%| F|  |TAMS 0x0000000085a00000, 0x0000000085a00000| Untracked 
|  91|0x0000000085b00000, 0x0000000085b00000, 0x0000000085c00000|  0%| F|  |TAMS 0x0000000085b00000, 0x0000000085b00000| Untracked 
|  92|0x0000000085c00000, 0x0000000085c00000, 0x0000000085d00000|  0%| F|  |TAMS 0x0000000085c00000, 0x0000000085c00000| Untracked 
|  93|0x0000000085d00000, 0x0000000085d00000, 0x0000000085e00000|  0%| F|  |TAMS 0x0000000085d00000, 0x0000000085d00000| Untracked 
|  94|0x0000000085e00000, 0x0000000085e00000, 0x0000000085f00000|  0%| F|  |TAMS 0x0000000085e00000, 0x0000000085e00000| Untracked 
|  95|0x0000000085f00000, 0x0000000085f00000, 0x0000000086000000|  0%| F|  |TAMS 0x0000000085f00000, 0x0000000085f00000| Untracked 
|  96|0x0000000086000000, 0x0000000086000000, 0x0000000086100000|  0%| F|  |TAMS 0x0000000086000000, 0x0000000086000000| Untracked 
|  97|0x0000000086100000, 0x0000000086100000, 0x0000000086200000|  0%| F|  |TAMS 0x0000000086100000, 0x0000000086100000| Untracked 
|  98|0x0000000086200000, 0x0000000086200000, 0x0000000086300000|  0%| F|  |TAMS 0x0000000086200000, 0x0000000086200000| Untracked 
|  99|0x0000000086300000, 0x0000000086300000, 0x0000000086400000|  0%| F|  |TAMS 0x0000000086300000, 0x0000000086300000| Untracked 
| 100|0x0000000086400000, 0x0000000086400000, 0x0000000086500000|  0%| F|  |TAMS 0x0000000086400000, 0x0000000086400000| Untracked 
| 101|0x0000000086500000, 0x0000000086500000, 0x0000000086600000|  0%| F|  |TAMS 0x0000000086500000, 0x0000000086500000| Untracked 
| 102|0x0000000086600000, 0x0000000086600000, 0x0000000086700000|  0%| F|  |TAMS 0x0000000086600000, 0x0000000086600000| Untracked 
| 103|0x0000000086700000, 0x0000000086700000, 0x0000000086800000|  0%| F|  |TAMS 0x0000000086700000, 0x0000000086700000| Untracked 
| 104|0x0000000086800000, 0x0000000086800000, 0x0000000086900000|  0%| F|  |TAMS 0x0000000086800000, 0x0000000086800000| Untracked 
| 105|0x0000000086900000, 0x0000000086900000, 0x0000000086a00000|  0%| F|  |TAMS 0x0000000086900000, 0x0000000086900000| Untracked 
| 106|0x0000000086a00000, 0x0000000086a00000, 0x0000000086b00000|  0%| F|  |TAMS 0x0000000086a00000, 0x0000000086a00000| Untracked 
| 107|0x0000000086b00000, 0x0000000086b00000, 0x0000000086c00000|  0%| F|  |TAMS 0x0000000086b00000, 0x0000000086b00000| Untracked 
| 108|0x0000000086c00000, 0x0000000086c00000, 0x0000000086d00000|  0%| F|  |TAMS 0x0000000086c00000, 0x0000000086c00000| Untracked 
| 109|0x0000000086d00000, 0x0000000086d00000, 0x0000000086e00000|  0%| F|  |TAMS 0x0000000086d00000, 0x0000000086d00000| Untracked 
| 110|0x0000000086e00000, 0x0000000086e00000, 0x0000000086f00000|  0%| F|  |TAMS 0x0000000086e00000, 0x0000000086e00000| Untracked 
| 111|0x0000000086f00000, 0x0000000086f00000, 0x0000000087000000|  0%| F|  |TAMS 0x0000000086f00000, 0x0000000086f00000| Untracked 
| 112|0x0000000087000000, 0x0000000087000000, 0x0000000087100000|  0%| F|  |TAMS 0x0000000087000000, 0x0000000087000000| Untracked 
| 113|0x0000000087100000, 0x0000000087100000, 0x0000000087200000|  0%| F|  |TAMS 0x0000000087100000, 0x0000000087100000| Untracked 
| 114|0x0000000087200000, 0x0000000087200000, 0x0000000087300000|  0%| F|  |TAMS 0x0000000087200000, 0x0000000087200000| Untracked 
| 115|0x0000000087300000, 0x0000000087300000, 0x0000000087400000|  0%| F|  |TAMS 0x0000000087300000, 0x0000000087300000| Untracked 
| 116|0x0000000087400000, 0x0000000087400000, 0x0000000087500000|  0%| F|  |TAMS 0x0000000087400000, 0x0000000087400000| Untracked 
| 117|0x0000000087500000, 0x0000000087500000, 0x0000000087600000|  0%| F|  |TAMS 0x0000000087500000, 0x0000000087500000| Untracked 
| 118|0x0000000087600000, 0x0000000087600000, 0x0000000087700000|  0%| F|  |TAMS 0x0000000087600000, 0x0000000087600000| Untracked 
| 119|0x0000000087700000, 0x0000000087700000, 0x0000000087800000|  0%| F|  |TAMS 0x0000000087700000, 0x0000000087700000| Untracked 
| 120|0x0000000087800000, 0x0000000087800000, 0x0000000087900000|  0%| F|  |TAMS 0x0000000087800000, 0x0000000087800000| Untracked 
| 121|0x0000000087900000, 0x0000000087900000, 0x0000000087a00000|  0%| F|  |TAMS 0x0000000087900000, 0x0000000087900000| Untracked 
| 122|0x0000000087a00000, 0x0000000087a00000, 0x0000000087b00000|  0%| F|  |TAMS 0x0000000087a00000, 0x0000000087a00000| Untracked 
| 123|0x0000000087b00000, 0x0000000087b00000, 0x0000000087c00000|  0%| F|  |TAMS 0x0000000087b00000, 0x0000000087b00000| Untracked 
| 124|0x0000000087c00000, 0x0000000087c00000, 0x0000000087d00000|  0%| F|  |TAMS 0x0000000087c00000, 0x0000000087c00000| Untracked 
| 125|0x0000000087d00000, 0x0000000087d00000, 0x0000000087e00000|  0%| F|  |TAMS 0x0000000087d00000, 0x0000000087d00000| Untracked 
| 126|0x0000000087e00000, 0x0000000087e00000, 0x0000000087f00000|  0%| F|  |TAMS 0x0000000087e00000, 0x0000000087e00000| Untracked 
| 127|0x0000000087f00000, 0x0000000087f00000, 0x0000000088000000|  0%| F|  |TAMS 0x0000000087f00000, 0x0000000087f00000| Untracked 
| 128|0x0000000088000000, 0x0000000088000000, 0x0000000088100000|  0%| F|  |TAMS 0x0000000088000000, 0x0000000088000000| Untracked 
| 129|0x0000000088100000, 0x0000000088100000, 0x0000000088200000|  0%| F|  |TAMS 0x0000000088100000, 0x0000000088100000| Untracked 
| 130|0x0000000088200000, 0x0000000088200000, 0x0000000088300000|  0%| F|  |TAMS 0x0000000088200000, 0x0000000088200000| Untracked 
| 131|0x0000000088300000, 0x0000000088300000, 0x0000000088400000|  0%| F|  |TAMS 0x0000000088300000, 0x0000000088300000| Untracked 
| 132|0x0000000088400000, 0x0000000088400000, 0x0000000088500000|  0%| F|  |TAMS 0x0000000088400000, 0x0000000088400000| Untracked 
| 133|0x0000000088500000, 0x0000000088500000, 0x0000000088600000|  0%| F|  |TAMS 0x0000000088500000, 0x0000000088500000| Untracked 
| 134|0x0000000088600000, 0x0000000088600000, 0x0000000088700000|  0%| F|  |TAMS 0x0000000088600000, 0x0000000088600000| Untracked 
| 135|0x0000000088700000, 0x0000000088700000, 0x0000000088800000|  0%| F|  |TAMS 0x0000000088700000, 0x0000000088700000| Untracked 
| 136|0x0000000088800000, 0x0000000088800000, 0x0000000088900000|  0%| F|  |TAMS 0x0000000088800000, 0x0000000088800000| Untracked 
| 137|0x0000000088900000, 0x0000000088900000, 0x0000000088a00000|  0%| F|  |TAMS 0x0000000088900000, 0x0000000088900000| Untracked 
| 138|0x0000000088a00000, 0x0000000088a00000, 0x0000000088b00000|  0%| F|  |TAMS 0x0000000088a00000, 0x0000000088a00000| Untracked 
| 139|0x0000000088b00000, 0x0000000088b54430, 0x0000000088c00000| 32%| S|CS|TAMS 0x0000000088b00000, 0x0000000088b00000| Complete 
| 140|0x0000000088c00000, 0x0000000088c00000, 0x0000000088d00000|  0%| F|  |TAMS 0x0000000088c00000, 0x0000000088c00000| Untracked 
| 141|0x0000000088d00000, 0x0000000088d00000, 0x0000000088e00000|  0%| F|  |TAMS 0x0000000088d00000, 0x0000000088d00000| Untracked 
| 142|0x0000000088e00000, 0x0000000088e00000, 0x0000000088f00000|  0%| F|  |TAMS 0x0000000088e00000, 0x0000000088e00000| Untracked 
| 249|0x000000008f900000, 0x000000008f900000, 0x000000008fa00000|  0%| F|  |TAMS 0x000000008f900000, 0x000000008f900000| Untracked 
| 250|0x000000008fa00000, 0x000000008fa00000, 0x000000008fb00000|  0%| F|  |TAMS 0x000000008fa00000, 0x000000008fa00000| Untracked 
| 251|0x000000008fb00000, 0x000000008fb00000, 0x000000008fc00000|  0%| F|  |TAMS 0x000000008fb00000, 0x000000008fb00000| Untracked 

Card table byte_map: [0x000001ff1cd80000,0x000001ff1d180000] _byte_map_base: 0x000001ff1c980000

Marking Bits (Prev, Next): (CMBitMap*) 0x000001ff04e90630, (CMBitMap*) 0x000001ff04e905f0
 Prev Bits: [0x000001ff1f580000, 0x000001ff21580000)
 Next Bits: [0x000001ff1d580000, 0x000001ff1f580000)

Polling page: 0x000001ff04ed0000

Metaspace:

Usage:
  Non-class:     49.26 MB used.
      Class:      7.91 MB used.
       Both:     57.17 MB used.

Virtual space:
  Non-class space:       64.00 MB reserved,      49.56 MB ( 77%) committed,  1 nodes.
      Class space:      416.00 MB reserved,       8.19 MB (  2%) committed,  1 nodes.
             Both:      480.00 MB reserved,      57.75 MB ( 12%) committed. 

Chunk freelists:
   Non-Class:  13.88 MB
       Class:  7.79 MB
        Both:  21.67 MB

MaxMetaspaceSize: 512.00 MB
CompressedClassSpaceSize: 416.00 MB
Initial GC threshold: 21.00 MB
Current GC threshold: 93.69 MB
CDS: on
MetaspaceReclaimPolicy: balanced
 - commit_granule_bytes: 65536.
 - commit_granule_words: 8192.
 - virtual_space_node_default_size: 8388608.
 - enlarge_chunks_in_place: 1.
 - new_chunks_are_fully_committed: 0.
 - uncommit_free_chunks: 1.
 - use_allocation_guard: 0.
 - handle_deallocations: 1.


Internal statistics:

num_allocs_failed_limit: 6.
num_arena_births: 712.
num_arena_deaths: 0.
num_vsnodes_births: 2.
num_vsnodes_deaths: 0.
num_space_committed: 924.
num_space_uncommitted: 0.
num_chunks_returned_to_freelist: 6.
num_chunks_taken_from_freelist: 3031.
num_chunk_merges: 6.
num_chunk_splits: 2028.
num_chunks_enlarged: 1359.
num_inconsistent_stats: 0.

CodeHeap 'non-profiled nmethods': size=119168Kb used=4800Kb max_used=4800Kb free=114367Kb
 bounds [0x000001ff14570000, 0x000001ff14a30000, 0x000001ff1b9d0000]
CodeHeap 'profiled nmethods': size=119104Kb used=14722Kb max_used=14722Kb free=104381Kb
 bounds [0x000001ff0c9d0000, 0x000001ff0d840000, 0x000001ff13e20000]
CodeHeap 'non-nmethods': size=7488Kb used=2357Kb max_used=4088Kb free=5130Kb
 bounds [0x000001ff13e20000, 0x000001ff14230000, 0x000001ff14570000]
 total_blobs=8376 nmethods=7493 adapters=793
 compilation: enabled
              stopped_count=0, restarted_count=0
 full_count=0

Compilation events (20 events):
Event: 8212.467 Thread 0x000001ff24405840 nmethod 8325 0x000001ff0d82ed90 code [0x000001ff0d82f020, 0x000001ff0d82fdc8]
Event: 8213.307 Thread 0x000001ff24401840 nmethod 8326 0x000001ff14a1a190 code [0x000001ff14a1a320, 0x000001ff14a1a4a8]
Event: 8213.406 Thread 0x000001ff24401840 8332   !   4       java.util.concurrent.ScheduledThreadPoolExecutor$DelayedWorkQueue::take (203 bytes)
Event: 8225.686 Thread 0x000001ff24401840 nmethod 8332 0x000001ff14a1a610 code [0x000001ff14a1a820, 0x000001ff14a1b5e0]
Event: 8226.035 Thread 0x000001ff24401840 8327   !   4       java.util.concurrent.ThreadPoolExecutor::getTask (177 bytes)
Event: 8227.472 Thread 0x000001ff24401840 nmethod 8327 0x000001ff14a1c010 code [0x000001ff14a1c1e0, 0x000001ff14a1c568]
Event: 8227.472 Thread 0x000001ff24401840 8329       4       java.util.concurrent.ScheduledThreadPoolExecutor$DelayedWorkQueue::add (9 bytes)
Event: 8228.093 Thread 0x000001ff24401840 nmethod 8329 0x000001ff14a1c910 code [0x000001ff14a1cb00, 0x000001ff14a1da30]
Event: 8228.094 Thread 0x000001ff24401840 8330   !   4       java.util.concurrent.ScheduledThreadPoolExecutor$DelayedWorkQueue::offer (123 bytes)
Event: 8229.182 Thread 0x000001ff24405840 8339       3       org.gradle.util.GradleVersion::current (4 bytes)
Event: 8229.544 Thread 0x000001ff24405840 nmethod 8339 0x000001ff0d830310 code [0x000001ff0d8304a0, 0x000001ff0d8305f8]
Event: 8229.544 Thread 0x000001ff24405840 8340       3       org.gradle.util.internal.DefaultGradleVersion::current (4 bytes)
Event: 8229.549 Thread 0x000001ff24405840 nmethod 8340 0x000001ff0d830690 code [0x000001ff0d830820, 0x000001ff0d830918]
Event: 8230.192 Thread 0x000001ff24401840 nmethod 8330 0x000001ff14a1e190 code [0x000001ff14a1e380, 0x000001ff14a1f2b0]
Event: 8230.194 Thread 0x000001ff24401840 8333       4       java.util.concurrent.ThreadPoolExecutor::ensurePrestart (41 bytes)
Event: 8230.332 Thread 0x000001ff24405840 8341       1       org.gradle.launcher.daemon.registry.DaemonInfo::getContext (5 bytes)
Event: 8230.447 Thread 0x000001ff24405840 nmethod 8341 0x000001ff14a1fa10 code [0x000001ff14a1fba0, 0x000001ff14a1fc78]
Event: 8230.447 Thread 0x000001ff24405840 8342       3       org.gradle.internal.jvm.Jvm::findToolsJar (166 bytes)
Event: 8230.543 Thread 0x000001ff24401840 nmethod 8333 0x000001ff14a1fd10 code [0x000001ff14a1fea0, 0x000001ff14a1ff88]
Event: 8230.543 Thread 0x000001ff24401840 8334   !   4       java.util.concurrent.FutureTask::runAndReset (125 bytes)

GC Heap History (20 events):
Event: 874.254 GC heap after
{Heap after GC invocations=21 (full 0):
 garbage-first heap   total 89088K, used 51850K [0x0000000080000000, 0x0000000100000000)
  region size 1024K, 4 young (4096K), 4 survivors (4096K)
 Metaspace       used 55016K, committed 55680K, reserved 491520K
  class space    used 7570K, committed 7872K, reserved 425984K
}
Event: 874.274 GC heap before
{Heap before GC invocations=21 (full 0):
 garbage-first heap   total 89088K, used 52874K [0x0000000080000000, 0x0000000100000000)
  region size 1024K, 5 young (5120K), 4 survivors (4096K)
 Metaspace       used 55142K, committed 55808K, reserved 491520K
  class space    used 7579K, committed 7872K, reserved 425984K
}
Event: 874.279 GC heap after
{Heap after GC invocations=22 (full 0):
 garbage-first heap   total 89088K, used 52673K [0x0000000080000000, 0x0000000100000000)
  region size 1024K, 1 young (1024K), 1 survivors (1024K)
 Metaspace       used 55142K, committed 55808K, reserved 491520K
  class space    used 7579K, committed 7872K, reserved 425984K
}
Event: 874.953 GC heap before
{Heap before GC invocations=22 (full 0):
 garbage-first heap   total 89088K, used 73153K [0x0000000080000000, 0x0000000100000000)
  region size 1024K, 21 young (21504K), 1 survivors (1024K)
 Metaspace       used 56898K, committed 57536K, reserved 491520K
  class space    used 7845K, committed 8128K, reserved 425984K
}
Event: 874.955 GC heap after
{Heap after GC invocations=23 (full 0):
 garbage-first heap   total 89088K, used 53595K [0x0000000080000000, 0x0000000100000000)
  region size 1024K, 2 young (2048K), 2 survivors (2048K)
 Metaspace       used 56898K, committed 57536K, reserved 491520K
  class space    used 7845K, committed 8128K, reserved 425984K
}
Event: 875.368 GC heap before
{Heap before GC invocations=24 (full 0):
 garbage-first heap   total 94208K, used 72027K [0x0000000080000000, 0x0000000100000000)
  region size 1024K, 20 young (20480K), 2 survivors (2048K)
 Metaspace       used 58114K, committed 58688K, reserved 491520K
  class space    used 8055K, committed 8320K, reserved 425984K
}
Event: 875.373 GC heap after
{Heap after GC invocations=25 (full 0):
 garbage-first heap   total 94208K, used 55083K [0x0000000080000000, 0x0000000100000000)
  region size 1024K, 3 young (3072K), 3 survivors (3072K)
 Metaspace       used 58114K, committed 58688K, reserved 491520K
  class space    used 8055K, committed 8320K, reserved 425984K
}
Event: 875.394 GC heap before
{Heap before GC invocations=25 (full 0):
 garbage-first heap   total 94208K, used 56107K [0x0000000080000000, 0x0000000100000000)
  region size 1024K, 4 young (4096K), 3 survivors (3072K)
 Metaspace       used 58190K, committed 58752K, reserved 491520K
  class space    used 8064K, committed 8320K, reserved 425984K
}
Event: 875.398 GC heap after
{Heap after GC invocations=26 (full 0):
 garbage-first heap   total 146432K, used 54762K [0x0000000080000000, 0x0000000100000000)
  region size 1024K, 1 young (1024K), 1 survivors (1024K)
 Metaspace       used 58190K, committed 58752K, reserved 491520K
  class space    used 8064K, committed 8320K, reserved 425984K
}
Event: 1021.163 GC heap before
{Heap before GC invocations=26 (full 0):
 garbage-first heap   total 146432K, used 114154K [0x0000000080000000, 0x0000000100000000)
  region size 1024K, 59 young (60416K), 1 survivors (1024K)
 Metaspace       used 58434K, committed 59008K, reserved 491520K
  class space    used 8099K, committed 8384K, reserved 425984K
}
Event: 1021.182 GC heap after
{Heap after GC invocations=27 (full 0):
 garbage-first heap   total 146432K, used 54950K [0x0000000080000000, 0x0000000100000000)
  region size 1024K, 1 young (1024K), 1 survivors (1024K)
 Metaspace       used 58434K, committed 59008K, reserved 491520K
  class space    used 8099K, committed 8384K, reserved 425984K
}
Event: 8190.450 GC heap before
{Heap before GC invocations=27 (full 0):
 garbage-first heap   total 146432K, used 116390K [0x0000000080000000, 0x0000000100000000)
  region size 1024K, 61 young (62464K), 1 survivors (1024K)
 Metaspace       used 58524K, committed 59136K, reserved 491520K
  class space    used 8103K, committed 8384K, reserved 425984K
}
Event: 8190.550 GC heap after
{Heap after GC invocations=28 (full 0):
 garbage-first heap   total 146432K, used 55209K [0x0000000080000000, 0x0000000100000000)
  region size 1024K, 1 young (1024K), 1 survivors (1024K)
 Metaspace       used 58524K, committed 59136K, reserved 491520K
  class space    used 8103K, committed 8384K, reserved 425984K
}
Event: 8215.669 GC heap before
{Heap before GC invocations=28 (full 0):
 garbage-first heap   total 146432K, used 118697K [0x0000000080000000, 0x0000000100000000)
  region size 1024K, 63 young (64512K), 1 survivors (1024K)
 Metaspace       used 58541K, committed 59136K, reserved 491520K
  class space    used 8103K, committed 8384K, reserved 425984K
}
Event: 8217.472 GC heap after
{Heap after GC invocations=29 (full 0):
 garbage-first heap   total 146432K, used 55229K [0x0000000080000000, 0x0000000100000000)
  region size 1024K, 1 young (1024K), 1 survivors (1024K)
 Metaspace       used 58541K, committed 59136K, reserved 491520K
  class space    used 8103K, committed 8384K, reserved 425984K
}
Event: 8218.154 GC heap before
{Heap before GC invocations=29 (full 0):
 garbage-first heap   total 146432K, used 61373K [0x0000000080000000, 0x0000000100000000)
  region size 1024K, 7 young (7168K), 1 survivors (1024K)
 Metaspace       used 58541K, committed 59136K, reserved 491520K
  class space    used 8103K, committed 8384K, reserved 425984K
}
Event: 8220.753 GC heap after
{Heap after GC invocations=30 (full 0):
 garbage-first heap   total 146432K, used 55239K [0x0000000080000000, 0x0000000100000000)
  region size 1024K, 1 young (1024K), 1 survivors (1024K)
 Metaspace       used 58541K, committed 59136K, reserved 491520K
  class space    used 8103K, committed 8384K, reserved 425984K
}
Event: 8221.262 GC heap before
{Heap before GC invocations=30 (full 0):
 garbage-first heap   total 146432K, used 61383K [0x0000000080000000, 0x0000000100000000)
  region size 1024K, 7 young (7168K), 1 survivors (1024K)
 Metaspace       used 58541K, committed 59136K, reserved 491520K
  class space    used 8103K, committed 8384K, reserved 425984K
}
Event: 8224.058 GC heap after
{Heap after GC invocations=31 (full 0):
 garbage-first heap   total 146432K, used 55201K [0x0000000080000000, 0x0000000100000000)
  region size 1024K, 1 young (1024K), 1 survivors (1024K)
 Metaspace       used 58541K, committed 59136K, reserved 491520K
  class space    used 8103K, committed 8384K, reserved 425984K
}
Event: 8230.623 GC heap before
{Heap before GC invocations=31 (full 0):
 garbage-first heap   total 146432K, used 61345K [0x0000000080000000, 0x0000000100000000)
  region size 1024K, 7 young (7168K), 1 survivors (1024K)
 Metaspace       used 58543K, committed 59136K, reserved 491520K
  class space    used 8103K, committed 8384K, reserved 425984K
}

Dll operation events (13 events):
Event: 0.381 Loaded shared library C:\Program Files\Eclipse Adoptium\jdk-17.0.15.6-hotspot\bin\java.dll
Event: 0.651 Loaded shared library C:\Program Files\Eclipse Adoptium\jdk-17.0.15.6-hotspot\bin\jsvml.dll
Event: 2.605 Loaded shared library C:\Program Files\Eclipse Adoptium\jdk-17.0.15.6-hotspot\bin\net.dll
Event: 2.628 Loaded shared library C:\Program Files\Eclipse Adoptium\jdk-17.0.15.6-hotspot\bin\nio.dll
Event: 2.745 Loaded shared library C:\Program Files\Eclipse Adoptium\jdk-17.0.15.6-hotspot\bin\zip.dll
Event: 8.425 Loaded shared library C:\Program Files\Eclipse Adoptium\jdk-17.0.15.6-hotspot\bin\jimage.dll
Event: 10.330 Loaded shared library C:\Program Files\Eclipse Adoptium\jdk-17.0.15.6-hotspot\bin\verify.dll
Event: 18.612 Loaded shared library C:\Users\karth\.gradle\native\68d5fa5c4cc2d200863cafc0d521ce42e7d3e7ee720ec0a83991735586a16f82\windows-amd64\native-platform.dll
Event: 19.736 Loaded shared library C:\Users\karth\.gradle\native\e376f236ea51e6404a007f0833ffe2c6e607c4080706a723a18a27aeea778392\windows-amd64\native-platform-file-events.dll
Event: 32.907 Loaded shared library C:\Program Files\Eclipse Adoptium\jdk-17.0.15.6-hotspot\bin\management.dll
Event: 33.198 Loaded shared library C:\Program Files\Eclipse Adoptium\jdk-17.0.15.6-hotspot\bin\management_ext.dll
Event: 40.263 Loaded shared library C:\Program Files\Eclipse Adoptium\jdk-17.0.15.6-hotspot\bin\extnet.dll
Event: 228.519 Loaded shared library C:\Program Files\Eclipse Adoptium\jdk-17.0.15.6-hotspot\bin\sunmscapi.dll

Deoptimization events (20 events):
Event: 876.010 Thread 0x000001ff449ee5d0 DEOPT PACKING pc=0x000001ff146aef98 sp=0x000000c6395f7fd0
Event: 876.010 Thread 0x000001ff449ee5d0 DEOPT UNPACKING pc=0x000001ff13e769a3 sp=0x000000c6395f7ee8 mode 2
Event: 876.970 Thread 0x000001ff46ddae30 Uncommon trap: trap_request=0xffffffbe fr.pc=0x000001ff149b2ec0 relative=0x00000000000001a0
Event: 876.970 Thread 0x000001ff46ddae30 Uncommon trap: reason=profile_predicate action=maybe_recompile pc=0x000001ff149b2ec0 method=java.util.LinkedHashMap.keysToArray([Ljava/lang/Object;)[Ljava/lang/Object; @ 12 c2
Event: 876.970 Thread 0x000001ff46ddae30 DEOPT PACKING pc=0x000001ff149b2ec0 sp=0x000000c63dcfc6f0
Event: 876.970 Thread 0x000001ff46ddae30 DEOPT UNPACKING pc=0x000001ff13e769a3 sp=0x000000c63dcfc6a8 mode 2
Event: 890.641 Thread 0x000001ff449ee5d0 Uncommon trap: trap_request=0xffffff45 fr.pc=0x000001ff147ecb3c relative=0x000000000000167c
Event: 890.642 Thread 0x000001ff449ee5d0 Uncommon trap: reason=unstable_if action=reinterpret pc=0x000001ff147ecb3c method=java.util.concurrent.locks.ReentrantLock$NonfairSync.tryAcquire(I)Z @ 13 c2
Event: 890.642 Thread 0x000001ff449ee5d0 DEOPT PACKING pc=0x000001ff147ecb3c sp=0x000000c6395f7de0
Event: 890.642 Thread 0x000001ff449ee5d0 DEOPT UNPACKING pc=0x000001ff13e769a3 sp=0x000000c6395f7d28 mode 2
Event: 935.266 Thread 0x000001ff449ee5d0 DEOPT PACKING pc=0x000001ff0ca8ee1b sp=0x000000c6395f7ca0
Event: 935.266 Thread 0x000001ff449ee5d0 DEOPT UNPACKING pc=0x000001ff13e77143 sp=0x000000c6395f71c0 mode 0
Event: 1575.800 Thread 0x000001ff449ee5d0 Uncommon trap: trap_request=0xffffff45 fr.pc=0x000001ff146eabcc relative=0x000000000000012c
Event: 1575.801 Thread 0x000001ff449ee5d0 Uncommon trap: reason=unstable_if action=reinterpret pc=0x000001ff146eabcc method=org.gradle.internal.time.DefaultCountdownTimer.hasExpired()Z @ 6 c2
Event: 1575.801 Thread 0x000001ff449ee5d0 DEOPT PACKING pc=0x000001ff146eabcc sp=0x000000c6395f7e80
Event: 1575.804 Thread 0x000001ff449ee5d0 DEOPT UNPACKING pc=0x000001ff13e769a3 sp=0x000000c6395f7e48 mode 2
Event: 1575.805 Thread 0x000001ff449ee5d0 Uncommon trap: trap_request=0xffffff45 fr.pc=0x000001ff146bdc04 relative=0x0000000000006024
Event: 1575.805 Thread 0x000001ff449ee5d0 Uncommon trap: reason=unstable_if action=reinterpret pc=0x000001ff146bdc04 method=org.gradle.internal.io.ExponentialBackoff.retryUntil(Lorg/gradle/internal/io/IOQuery;)Ljava/lang/Object; @ 25 c2
Event: 1575.806 Thread 0x000001ff449ee5d0 DEOPT PACKING pc=0x000001ff146bdc04 sp=0x000000c6395f7ee0
Event: 1575.807 Thread 0x000001ff449ee5d0 DEOPT UNPACKING pc=0x000001ff13e769a3 sp=0x000000c6395f7f68 mode 2

Classes loaded (20 events):
Event: 871.968 Loading class java/lang/Byte$ByteCache
Event: 871.968 Loading class java/lang/Byte$ByteCache done
Event: 872.062 Loading class java/util/regex/Pattern$SliceI
Event: 872.062 Loading class java/util/regex/Pattern$SliceI done
Event: 874.186 Loading class jdk/internal/loader/URLClassPath$FileLoader
Event: 874.186 Loading class jdk/internal/loader/URLClassPath$FileLoader done
Event: 874.196 Loading class jdk/internal/loader/URLClassPath$FileLoader$1
Event: 874.196 Loading class jdk/internal/loader/URLClassPath$FileLoader$1 done
Event: 874.685 Loading class java/lang/AbstractMethodError
Event: 874.685 Loading class java/lang/AbstractMethodError done
Event: 874.752 Loading class java/time/temporal/WeekFields
Event: 874.752 Loading class java/time/temporal/WeekFields done
Event: 874.752 Loading class java/time/temporal/WeekFields$ComputedDayOfField
Event: 874.753 Loading class java/time/temporal/WeekFields$ComputedDayOfField done
Event: 874.786 Loading class java/time/Month$1
Event: 874.786 Loading class java/time/Month$1 done
Event: 874.793 Loading class java/nio/channels/Channels
Event: 874.794 Loading class java/nio/channels/Channels done
Event: 874.794 Loading class java/nio/channels/Channels$1
Event: 874.794 Loading class java/nio/channels/Channels$1 done

Classes unloaded (0 events):
No events

Classes redefined (0 events):
No events

Internal exceptions (20 events):
Event: 874.918 Thread 0x000001ff449ee5d0 Exception <a 'java/lang/ClassNotFoundException'{0x0000000084627c50}: org/gradle/internal/metaobject/ConfigureDelegateBeanInfo> (0x0000000084627c50) 
thrown [s\src\hotspot\share\classfile\systemDictionary.cpp, line 256]
Event: 874.919 Thread 0x000001ff449ee5d0 Exception <a 'java/lang/ClassNotFoundException'{0x00000000846391b8}: org/gradle/internal/metaobject/ConfigureDelegateCustomizer> (0x00000000846391b8) 
thrown [s\src\hotspot\share\classfile\systemDictionary.cpp, line 256]
Event: 874.926 Thread 0x000001ff449ee5d0 Exception <a 'java/lang/ClassNotFoundException'{0x000000008467b9b8}: org/gradle/api/internal/initialization/DefaultScriptHandlerBeanInfo> (0x000000008467b9b8) 
thrown [s\src\hotspot\share\classfile\systemDictionary.cpp, line 256]
Event: 874.927 Thread 0x000001ff449ee5d0 Exception <a 'java/lang/ClassNotFoundException'{0x000000008468d318}: org/gradle/api/internal/initialization/DefaultScriptHandlerCustomizer> (0x000000008468d318) 
thrown [s\src\hotspot\share\classfile\systemDictionary.cpp, line 256]
Event: 874.949 Thread 0x000001ff449ee5d0 Exception <a 'java/lang/ClassNotFoundException'{0x000000008429d668}: org/gradle/api/internal/artifacts/dsl/DefaultRepositoryHandler_DecoratedBeanInfo> (0x000000008429d668) 
thrown [s\src\hotspot\share\classfile\systemDictionary.cpp, line 256]
Event: 874.950 Thread 0x000001ff449ee5d0 Exception <a 'java/lang/ClassNotFoundException'{0x00000000842b5a88}: org/gradle/api/internal/artifacts/dsl/DefaultRepositoryHandlerBeanInfo> (0x00000000842b5a88) 
thrown [s\src\hotspot\share\classfile\systemDictionary.cpp, line 256]
Event: 874.951 Thread 0x000001ff449ee5d0 Exception <a 'java/lang/ClassNotFoundException'{0x00000000842ce458}: org/gradle/api/internal/artifacts/DefaultArtifactRepositoryContainerBeanInfo> (0x00000000842ce458) 
thrown [s\src\hotspot\share\classfile\systemDictionary.cpp, line 256]
Event: 874.952 Thread 0x000001ff449ee5d0 Exception <a 'java/lang/ClassNotFoundException'{0x00000000842e3010}: org/gradle/api/internal/DefaultNamedDomainObjectListBeanInfo> (0x00000000842e3010) 
thrown [s\src\hotspot\share\classfile\systemDictionary.cpp, line 256]
Event: 874.952 Thread 0x000001ff449ee5d0 Exception <a 'java/lang/ClassNotFoundException'{0x00000000842f8030}: org/gradle/api/internal/DefaultNamedDomainObjectCollectionBeanInfo> (0x00000000842f8030) 
thrown [s\src\hotspot\share\classfile\systemDictionary.cpp, line 256]
Event: 874.956 Thread 0x000001ff449ee5d0 Exception <a 'java/lang/ClassNotFoundException'{0x000000008fb0d140}: org/gradle/api/internal/DefaultDomainObjectCollectionBeanInfo> (0x000000008fb0d140) 
thrown [s\src\hotspot\share\classfile\systemDictionary.cpp, line 256]
Event: 874.956 Thread 0x000001ff449ee5d0 Exception <a 'java/lang/ClassNotFoundException'{0x000000008fb220d8}: org/gradle/api/internal/DefaultDomainObjectCollectionCustomizer> (0x000000008fb220d8) 
thrown [s\src\hotspot\share\classfile\systemDictionary.cpp, line 256]
Event: 874.959 Thread 0x000001ff449ee5d0 Exception <a 'java/lang/ClassNotFoundException'{0x000000008fb60038}: org/gradle/api/internal/DefaultNamedDomainObjectCollectionCustomizer> (0x000000008fb60038) 
thrown [s\src\hotspot\share\classfile\systemDictionary.cpp, line 256]
Event: 874.962 Thread 0x000001ff449ee5d0 Exception <a 'java/lang/ClassNotFoundException'{0x000000008fba7ab8}: org/gradle/api/internal/DefaultNamedDomainObjectListCustomizer> (0x000000008fba7ab8) 
thrown [s\src\hotspot\share\classfile\systemDictionary.cpp, line 256]
Event: 874.964 Thread 0x000001ff449ee5d0 Exception <a 'java/lang/ClassNotFoundException'{0x000000008fbec360}: org/gradle/api/internal/artifacts/DefaultArtifactRepositoryContainerCustomizer> (0x000000008fbec360) 
thrown [s\src\hotspot\share\classfile\systemDictionary.cpp, line 256]
Event: 874.966 Thread 0x000001ff449ee5d0 Exception <a 'java/lang/ClassNotFoundException'{0x000000008fa2cc38}: org/gradle/api/internal/artifacts/dsl/DefaultRepositoryHandlerCustomizer> (0x000000008fa2cc38) 
thrown [s\src\hotspot\share\classfile\systemDictionary.cpp, line 256]
Event: 874.969 Thread 0x000001ff449ee5d0 Exception <a 'java/lang/ClassNotFoundException'{0x000000008fa7b308}: org/gradle/api/internal/artifacts/dsl/DefaultRepositoryHandler_DecoratedCustomizer> (0x000000008fa7b308) 
thrown [s\src\hotspot\share\classfile\systemDictionary.cpp, line 256]
Event: 874.984 Thread 0x000001ff449ee5d0 Exception <a 'java/lang/ClassNotFoundException'{0x000000008f90eb38}: org/gradle/api/internal/artifacts/dsl/dependencies/DefaultDependencyHandler_DecoratedBeanInfo> (0x000000008f90eb38) 
thrown [s\src\hotspot\share\classfile\systemDictionary.cpp, line 256]
Event: 874.985 Thread 0x000001ff449ee5d0 Exception <a 'java/lang/ClassNotFoundException'{0x000000008f926a00}: org/gradle/api/internal/artifacts/dsl/dependencies/DefaultDependencyHandlerBeanInfo> (0x000000008f926a00) 
thrown [s\src\hotspot\share\classfile\systemDictionary.cpp, line 256]
Event: 874.985 Thread 0x000001ff449ee5d0 Exception <a 'java/lang/ClassNotFoundException'{0x000000008f93e338}: org/gradle/api/internal/artifacts/dsl/dependencies/DefaultDependencyHandlerCustomizer> (0x000000008f93e338) 
thrown [s\src\hotspot\share\classfile\systemDictionary.cpp, line 256]
Event: 874.987 Thread 0x000001ff449ee5d0 Exception <a 'java/lang/ClassNotFoundException'{0x000000008f9882a8}: org/gradle/api/internal/artifacts/dsl/dependencies/DefaultDependencyHandler_DecoratedCustomizer> (0x000000008f9882a8) 
thrown [s\src\hotspot\share\classfile\systemDictionary.cpp, line 256]

VM Operations (20 events):
Event: 8192.679 Executing VM operation: Cleanup done
Event: 8193.687 Executing VM operation: Cleanup
Event: 8193.719 Executing VM operation: Cleanup done
Event: 8194.734 Executing VM operation: Cleanup
Event: 8194.779 Executing VM operation: Cleanup done
Event: 8196.804 Executing VM operation: Cleanup
Event: 8196.868 Executing VM operation: Cleanup done
Event: 8204.953 Executing VM operation: Cleanup
Event: 8205.094 Executing VM operation: Cleanup done
Event: 8207.117 Executing VM operation: Cleanup
Event: 8207.275 Executing VM operation: Cleanup done
Event: 8215.322 Executing VM operation: G1CollectForAllocation
Event: 8217.472 Executing VM operation: G1CollectForAllocation done
Event: 8217.985 Executing VM operation: G1CollectForAllocation
Event: 8220.754 Executing VM operation: G1CollectForAllocation done
Event: 8220.838 Executing VM operation: G1CollectForAllocation
Event: 8224.058 Executing VM operation: G1CollectForAllocation done
Event: 8229.122 Executing VM operation: Cleanup
Event: 8229.530 Executing VM operation: Cleanup done
Event: 8230.557 Executing VM operation: G1CollectForAllocation

Memory protections (0 events):
No events

Nmethod flushes (20 events):
Event: 624.530 Thread 0x000001ff2472da90 flushing  nmethod 0x000001ff0d22dd10
Event: 624.530 Thread 0x000001ff2472da90 flushing  nmethod 0x000001ff0d24e990
Event: 624.530 Thread 0x000001ff2472da90 flushing  nmethod 0x000001ff0d252690
Event: 624.530 Thread 0x000001ff2472da90 flushing  nmethod 0x000001ff0d252a10
Event: 624.530 Thread 0x000001ff2472da90 flushing  nmethod 0x000001ff0d253290
Event: 624.530 Thread 0x000001ff2472da90 flushing  nmethod 0x000001ff0d259290
Event: 624.530 Thread 0x000001ff2472da90 flushing  nmethod 0x000001ff0d267c90
Event: 624.530 Thread 0x000001ff2472da90 flushing  nmethod 0x000001ff0d268590
Event: 624.530 Thread 0x000001ff2472da90 flushing  nmethod 0x000001ff0d268a10
Event: 624.530 Thread 0x000001ff2472da90 flushing  nmethod 0x000001ff0d26b390
Event: 624.530 Thread 0x000001ff2472da90 flushing  nmethod 0x000001ff0d2d7110
Event: 624.530 Thread 0x000001ff2472da90 flushing  nmethod 0x000001ff0d2dbb10
Event: 624.530 Thread 0x000001ff2472da90 flushing  nmethod 0x000001ff0d2f6990
Event: 624.531 Thread 0x000001ff2472da90 flushing  nmethod 0x000001ff0d3a1910
Event: 624.531 Thread 0x000001ff2472da90 flushing  nmethod 0x000001ff0d3a1c90
Event: 874.239 Thread 0x000001ff2472da90 flushing  nmethod 0x000001ff0ce26090
Event: 874.241 Thread 0x000001ff2472da90 flushing  nmethod 0x000001ff0d0a5d10
Event: 874.241 Thread 0x000001ff2472da90 flushing  nmethod 0x000001ff0d0a6910
Event: 874.242 Thread 0x000001ff2472da90 flushing  nmethod 0x000001ff0d299890
Event: 874.242 Thread 0x000001ff2472da90 flushing  nmethod 0x000001ff0d32ef10

Events (20 events):
Event: 873.469 Thread 0x000001ff45a41870 Thread added: 0x000001ff46975040
Event: 873.888 Thread 0x000001ff24405840 Thread added: 0x000001ff453787a0
Event: 874.866 Thread 0x000001ff453787a0 Thread exited: 0x000001ff453787a0
Event: 875.019 Thread 0x000001ff449ee5d0 Thread added: 0x000001ff46dd99f0
Event: 875.257 Thread 0x000001ff45a41870 Thread added: 0x000001ff46641e60
Event: 875.261 Thread 0x000001ff46641e60 Thread added: 0x000001ff47077850
Event: 876.024 Thread 0x000001ff46975040 Thread exited: 0x000001ff46975040
Event: 876.024 Thread 0x000001ff47077850 Thread exited: 0x000001ff47077850
Event: 879.905 Thread 0x000001ff46641e60 Thread exited: 0x000001ff46641e60
Event: 879.905 Thread 0x000001ff45a41870 Thread exited: 0x000001ff45a41870
Event: 886.221 Thread 0x000001ff44a083b0 Thread exited: 0x000001ff44a083b0
Event: 889.632 Thread 0x000001ff24405840 Thread added: 0x000001ff44a083b0
Event: 890.373 Thread 0x000001ff44a083b0 Thread exited: 0x000001ff44a083b0
Event: 8188.006 Thread 0x000001ff24405840 Thread added: 0x000001ff46641e60
Event: 8188.009 Thread 0x000001ff24405840 Thread added: 0x000001ff46975040
Event: 8188.010 Thread 0x000001ff24405840 Thread added: 0x000001ff47b46050
Event: 8190.321 Thread 0x000001ff47b46050 Thread exited: 0x000001ff47b46050
Event: 8191.733 Thread 0x000001ff46975040 Thread exited: 0x000001ff46975040
Event: 8191.733 Thread 0x000001ff46641e60 Thread exited: 0x000001ff46641e60
Event: 8204.770 Thread 0x000001ff44e9dc90 Thread exited: 0x000001ff44e9dc90


Dynamic libraries:
0x00007ff687c40000 - 0x00007ff687c4e000 	C:\Program Files\Eclipse Adoptium\jdk-17.0.15.6-hotspot\bin\java.exe
0x00007fffc3680000 - 0x00007fffc38e6000 	C:\WINDOWS\SYSTEM32\ntdll.dll
0x00007fffc2160000 - 0x00007fffc2229000 	C:\WINDOWS\System32\KERNEL32.DLL
0x00007fffc0ae0000 - 0x00007fffc0eac000 	C:\WINDOWS\System32\KERNELBASE.dll
0x0000000070320000 - 0x00000000703bd000 	C:\ProgramData\Symantec\Symantec Endpoint Protection\14.3.9205.6000.105\Data\Sysfer\x64\sysfer.dll
0x00007fffc0810000 - 0x00007fffc095b000 	C:\WINDOWS\System32\ucrtbase.dll
0x00007fff9be20000 - 0x00007fff9be37000 	C:\Program Files\Eclipse Adoptium\jdk-17.0.15.6-hotspot\bin\jli.dll
0x00007fffc14c0000 - 0x00007fffc168a000 	C:\WINDOWS\System32\USER32.dll
0x00007fffc1360000 - 0x00007fffc1387000 	C:\WINDOWS\System32\win32u.dll
0x00007fffc1730000 - 0x00007fffc175b000 	C:\WINDOWS\System32\GDI32.dll
0x00007fffc0f70000 - 0x00007fffc10a2000 	C:\WINDOWS\System32\gdi32full.dll
0x00007fffc1390000 - 0x00007fffc1433000 	C:\WINDOWS\System32\msvcp_win.dll
0x00007fff99aa0000 - 0x00007fff99abe000 	C:\Program Files\Eclipse Adoptium\jdk-17.0.15.6-hotspot\bin\VCRUNTIME140.dll
0x00007fffa61a0000 - 0x00007fffa643a000 	C:\WINDOWS\WinSxS\amd64_microsoft.windows.common-controls_6595b64144ccf1df_6.0.26100.3912_none_3e07963ce335137e\COMCTL32.dll
0x00007fffc3590000 - 0x00007fffc3639000 	C:\WINDOWS\System32\msvcrt.dll
0x00007fffc2850000 - 0x00007fffc2880000 	C:\WINDOWS\System32\IMM32.DLL
0x00007fffa4250000 - 0x00007fffa425c000 	C:\Program Files\Eclipse Adoptium\jdk-17.0.15.6-hotspot\bin\vcruntime140_1.dll
0x00007fff7c670000 - 0x00007fff7c6fd000 	C:\Program Files\Eclipse Adoptium\jdk-17.0.15.6-hotspot\bin\msvcp140.dll
0x00007fff3e940000 - 0x00007fff3f5ab000 	C:\Program Files\Eclipse Adoptium\jdk-17.0.15.6-hotspot\bin\server\jvm.dll
0x00007fffc2e40000 - 0x00007fffc2ef2000 	C:\WINDOWS\System32\ADVAPI32.dll
0x00007fffc1760000 - 0x00007fffc1806000 	C:\WINDOWS\System32\sechost.dll
0x00007fffc2040000 - 0x00007fffc2156000 	C:\WINDOWS\System32\RPCRT4.dll
0x00007fffc3500000 - 0x00007fffc3574000 	C:\WINDOWS\System32\WS2_32.dll
0x00007fffc0680000 - 0x00007fffc06de000 	C:\WINDOWS\SYSTEM32\POWRPROF.dll
0x00007fffb52a0000 - 0x00007fffb52d6000 	C:\WINDOWS\SYSTEM32\WINMM.dll
0x00007fffa9820000 - 0x00007fffa982b000 	C:\WINDOWS\SYSTEM32\VERSION.dll
0x00007fffc0660000 - 0x00007fffc0674000 	C:\WINDOWS\SYSTEM32\UMPDC.dll
0x00007fffbf5d0000 - 0x00007fffbf5ea000 	C:\WINDOWS\SYSTEM32\kernel.appcore.dll
0x00007fffa41b0000 - 0x00007fffa41ba000 	C:\Program Files\Eclipse Adoptium\jdk-17.0.15.6-hotspot\bin\jimage.dll
0x00007fffbe100000 - 0x00007fffbe341000 	C:\WINDOWS\SYSTEM32\DBGHELP.DLL
0x00007fffc3000000 - 0x00007fffc3384000 	C:\WINDOWS\System32\combase.dll
0x00007fffc2b40000 - 0x00007fffc2c20000 	C:\WINDOWS\System32\OLEAUT32.dll
0x00007fff95100000 - 0x00007fff95139000 	C:\WINDOWS\SYSTEM32\dbgcore.DLL
0x00007fffc12c0000 - 0x00007fffc1359000 	C:\WINDOWS\System32\bcryptPrimitives.dll
0x00007fff988b0000 - 0x00007fff988d5000 	C:\Program Files\Eclipse Adoptium\jdk-17.0.15.6-hotspot\bin\java.dll
0x00007fff7c590000 - 0x00007fff7c667000 	C:\Program Files\Eclipse Adoptium\jdk-17.0.15.6-hotspot\bin\jsvml.dll
0x00007fffc1890000 - 0x00007fffc1fbd000 	C:\WINDOWS\System32\SHELL32.dll
0x00007fffc0960000 - 0x00007fffc0ad4000 	C:\WINDOWS\System32\wintypes.dll
0x00007fffbe450000 - 0x00007fffbeca6000 	C:\WINDOWS\SYSTEM32\windows.storage.dll
0x00007fffc2f00000 - 0x00007fffc2fef000 	C:\WINDOWS\System32\SHCORE.dll
0x00007fffc1820000 - 0x00007fffc1889000 	C:\WINDOWS\System32\shlwapi.dll
0x00007fffc0720000 - 0x00007fffc074f000 	C:\WINDOWS\SYSTEM32\profapi.dll
0x00007fff99a10000 - 0x00007fff99a29000 	C:\Program Files\Eclipse Adoptium\jdk-17.0.15.6-hotspot\bin\net.dll
0x00007fffaf2b0000 - 0x00007fffaf3ce000 	C:\WINDOWS\SYSTEM32\WINHTTP.dll
0x00007fffbfb40000 - 0x00007fffbfbaa000 	C:\WINDOWS\system32\mswsock.dll
0x00007fff98f80000 - 0x00007fff98f96000 	C:\Program Files\Eclipse Adoptium\jdk-17.0.15.6-hotspot\bin\nio.dll
0x00007fff98520000 - 0x00007fff98538000 	C:\Program Files\Eclipse Adoptium\jdk-17.0.15.6-hotspot\bin\zip.dll
0x00007fffa4150000 - 0x00007fffa4160000 	C:\Program Files\Eclipse Adoptium\jdk-17.0.15.6-hotspot\bin\verify.dll
0x00007fff98930000 - 0x00007fff98957000 	C:\Users\karth\.gradle\native\68d5fa5c4cc2d200863cafc0d521ce42e7d3e7ee720ec0a83991735586a16f82\windows-amd64\native-platform.dll
0x00007fff7c440000 - 0x00007fff7c584000 	C:\Users\karth\.gradle\native\e376f236ea51e6404a007f0833ffe2c6e607c4080706a723a18a27aeea778392\windows-amd64\native-platform-file-events.dll
0x00007fffa0910000 - 0x00007fffa091a000 	C:\Program Files\Eclipse Adoptium\jdk-17.0.15.6-hotspot\bin\management.dll
0x00007fffa0830000 - 0x00007fffa083b000 	C:\Program Files\Eclipse Adoptium\jdk-17.0.15.6-hotspot\bin\management_ext.dll
0x00007fffc3580000 - 0x00007fffc3588000 	C:\WINDOWS\System32\PSAPI.DLL
0x00007fffbfde0000 - 0x00007fffbfdfc000 	C:\WINDOWS\SYSTEM32\CRYPTSP.dll
0x00007fffbf530000 - 0x00007fffbf56a000 	C:\WINDOWS\system32\rsaenh.dll
0x00007fffbfbe0000 - 0x00007fffbfc0b000 	C:\WINDOWS\SYSTEM32\USERENV.dll
0x00007fffc06f0000 - 0x00007fffc0716000 	C:\WINDOWS\SYSTEM32\bcrypt.dll
0x00007fffbfe00000 - 0x00007fffbfe0c000 	C:\WINDOWS\SYSTEM32\CRYPTBASE.dll
0x00007fffbf070000 - 0x00007fffbf0a3000 	C:\WINDOWS\SYSTEM32\IPHLPAPI.DLL
0x00007fffc2740000 - 0x00007fffc274a000 	C:\WINDOWS\System32\NSI.dll
0x00007fffb72a0000 - 0x00007fffb72bf000 	C:\WINDOWS\SYSTEM32\dhcpcsvc6.DLL
0x00007fffb7030000 - 0x00007fffb7055000 	C:\WINDOWS\SYSTEM32\dhcpcsvc.DLL
0x00007fffbf140000 - 0x00007fffbf267000 	C:\WINDOWS\SYSTEM32\DNSAPI.dll
0x00007fff9c160000 - 0x00007fff9c169000 	C:\Program Files\Eclipse Adoptium\jdk-17.0.15.6-hotspot\bin\extnet.dll
0x00007fff9bf40000 - 0x00007fff9bf4e000 	C:\Program Files\Eclipse Adoptium\jdk-17.0.15.6-hotspot\bin\sunmscapi.dll
0x00007fffc10b0000 - 0x00007fffc1227000 	C:\WINDOWS\System32\CRYPT32.dll
0x00007fffbfff0000 - 0x00007fffc0020000 	C:\WINDOWS\SYSTEM32\ncrypt.dll
0x00007fffbffa0000 - 0x00007fffbffdf000 	C:\WINDOWS\SYSTEM32\NTASN1.dll
0x00007fffa3df0000 - 0x00007fffa3df8000 	C:\WINDOWS\system32\wshunix.dll

dbghelp: loaded successfully - version: 4.0.5 - missing functions: none
symbol engine: initialized successfully - sym options: 0x614 - pdb path: .;C:\Program Files\Eclipse Adoptium\jdk-17.0.15.6-hotspot\bin;C:\WINDOWS\SYSTEM32;C:\ProgramData\Symantec\Symantec Endpoint Protection\14.3.9205.6000.105\Data\Sysfer\x64;C:\WINDOWS\WinSxS\amd64_microsoft.windows.common-controls_6595b64144ccf1df_6.0.26100.3912_none_3e07963ce335137e;C:\Program Files\Eclipse Adoptium\jdk-17.0.15.6-hotspot\bin\server;C:\Users\karth\.gradle\native\68d5fa5c4cc2d200863cafc0d521ce42e7d3e7ee720ec0a83991735586a16f82\windows-amd64;C:\Users\karth\.gradle\native\e376f236ea51e6404a007f0833ffe2c6e607c4080706a723a18a27aeea778392\windows-amd64

VM Arguments:
jvm_args: -XX:MaxMetaspaceSize=512m --add-opens=java.base/java.util=ALL-UNNAMED --add-opens=java.base/java.lang=ALL-UNNAMED --add-opens=java.base/java.lang.invoke=ALL-UNNAMED --add-opens=java.prefs/java.util.prefs=ALL-UNNAMED --add-opens=java.base/java.nio.charset=ALL-UNNAMED --add-opens=java.base/java.net=ALL-UNNAMED --add-opens=java.base/java.util.concurrent.atomic=ALL-UNNAMED -Xmx2048m -Dfile.encoding=UTF-8 -Duser.country=CA -Duser.language=en -Duser.variant 
java_command: org.gradle.launcher.daemon.bootstrap.GradleDaemon 8.0.1
java_class_path (initial): C:\Users\karth\.gradle\wrapper\dists\gradle-8.0.1-all\aro4hu1c3oeioove7l0i4i14o\gradle-8.0.1\lib\gradle-launcher-8.0.1.jar
Launcher Type: SUN_STANDARD

[Global flags]
     intx CICompilerCount                          = 12                                        {product} {ergonomic}
   size_t CompressedClassSpaceSize                 = 436207616                                 {product} {ergonomic}
     uint ConcGCThreads                            = 3                                         {product} {ergonomic}
     uint G1ConcRefinementThreads                  = 13                                        {product} {ergonomic}
   size_t G1HeapRegionSize                         = 1048576                                   {product} {ergonomic}
    uintx GCDrainStackTargetSize                   = 64                                        {product} {ergonomic}
   size_t InitialHeapSize                          = 264241152                                 {product} {ergonomic}
   size_t MarkStackSize                            = 4194304                                   {product} {ergonomic}
   size_t MaxHeapSize                              = 2147483648                                {product} {command line}
   size_t MaxMetaspaceSize                         = 536870912                                 {product} {command line}
   size_t MaxNewSize                               = 1287651328                                {product} {ergonomic}
   size_t MinHeapDeltaBytes                        = 1048576                                   {product} {ergonomic}
   size_t MinHeapSize                              = 8388608                                   {product} {ergonomic}
    uintx NonNMethodCodeHeapSize                   = 7602480                                {pd product} {ergonomic}
    uintx NonProfiledCodeHeapSize                  = 122027880                              {pd product} {ergonomic}
    uintx ProfiledCodeHeapSize                     = 122027880                              {pd product} {ergonomic}
    uintx ReservedCodeCacheSize                    = 251658240                              {pd product} {ergonomic}
     bool SegmentedCodeCache                       = true                                      {product} {ergonomic}
   size_t SoftMaxHeapSize                          = 2147483648                             {manageable} {ergonomic}
     bool UseCompressedClassPointers               = true                           {product lp64_product} {ergonomic}
     bool UseCompressedOops                        = true                           {product lp64_product} {ergonomic}
     bool UseG1GC                                  = true                                      {product} {ergonomic}
     bool UseLargePagesIndividualAllocation        = false                                  {pd product} {ergonomic}

Logging:
Log output configuration:
 #0: stdout all=warning uptime,level,tags
 #1: stderr all=off uptime,level,tags

Environment Variables:
JAVA_HOME=C:\Program Files\Java\jdk-23
CLASSPATH=C:\Users\karth\CascadeProjects\MobileAppAndroid\android\\gradle\wrapper\gradle-wrapper.jar
PATH=C:\Users\karth\CascadeProjects\MobileAppAndroid\node_modules\.bin;C:\Users\karth\CascadeProjects\MobileAppAndroid\node_modules\.bin;C:\Users\karth\CascadeProjects\node_modules\.bin;C:\Users\karth\node_modules\.bin;C:\Users\node_modules\.bin;C:\node_modules\.bin;C:\Program Files\nodejs\node_modules\npm\node_modules\@npmcli\run-script\lib\node-gyp-bin;C:\Users\karth\CascadeProjects\MobileAppAndroid\node_modules\.bin;C:\Users\karth\CascadeProjects\MobileAppAndroid\node_modules\.bin;C:\Users\karth\CascadeProjects\node_modules\.bin;C:\Users\karth\node_modules\.bin;C:\Users\node_modules\.bin;C:\node_modules\.bin;C:\Program Files\nodejs\node_modules\npm\node_modules\@npmcli\run-script\lib\node-gyp-bin;C:\Program Files\Eclipse Adoptium\jdk-17.0.15.6-hotspot\bin;C:\Program Files\Common Files\Oracle\Java\javapath;C:\WINDOWS\system32;C:\WINDOWS;C:\WINDOWS\System32\Wbem;C:\WINDOWS\System32\WindowsPowerShell\v1.0\;C:\WINDOWS\System32\OpenSSH\;C:\Program Files\nodejs\;C:\Program Files (x86)\nikto\program;C:\Program Files (x86)\curl;D:\GoWorkspace\bin;C:\Program Files\Go\bin;C:\Program Files\Git\cmd;C:\Users\karth\AppData\Local\Android\Sdk;C:\Users\karth\AppData\Local\Android\Sdk\platform-tools;C:\Program Files\Eclipse Adoptium\jdk-17.0.15.6-hotspot\bin;C:\Program Files\Common Files\Oracle\Java\javapath;C:\WINDOWS\system32;C:\WINDOWS;C:\WINDOWS\System32\Wbem;C:\WINDOWS\System32\WindowsPowerShell\v1.0\;C:\WINDOWS\System32\OpenSSH\;C:\Program Files\nodejs\;C:\Program Files\Git\cmd;C:\Users\karth\AppData\Local\Microsoft\WindowsApps;C:\Users\karth\AppData\Local\Programs\Microsoft VS Code\bin;C:\Users\karth\AppData\Roaming\npm;C:\Users\karth\go\bin;C:\Users\karth\AppData\Local\Programs\Windsurf\bin
USERNAME=karth
OS=Windows_NT
PROCESSOR_IDENTIFIER=Intel64 Family 6 Model 154 Stepping 3, GenuineIntel
TMP=C:\Users\karth\AppData\Local\Temp
TEMP=C:\Users\karth\AppData\Local\Temp



Periodic native trim disabled


---------------  S Y S T E M  ---------------

OS:
 Windows 11 , 64 bit Build 26100 (10.0.26100.3912)
OS uptime: 10 days 15:58 hours
Hyper-V role detected

CPU: total 16 (initial active 16) (8 cores per cpu, 2 threads per core) family 6 model 154 stepping 3 microcode 0x416, cx8, cmov, fxsr, ht, mmx, 3dnowpref, sse, sse2, sse3, ssse3, sse4.1, sse4.2, popcnt, lzcnt, tsc, tscinvbit, avx, avx2, aes, erms, clmul, bmi1, bmi2, adx, sha, fma, vzeroupper, clflush, clflushopt, clwb, hv
Processor Information for processor 0
  Max Mhz: 2100, Current Mhz: 2100, Mhz Limit: 2100
Processor Information for processor 1
  Max Mhz: 2100, Current Mhz: 2100, Mhz Limit: 2100
Processor Information for processor 2
  Max Mhz: 2100, Current Mhz: 2100, Mhz Limit: 2100
Processor Information for processor 3
  Max Mhz: 2100, Current Mhz: 2100, Mhz Limit: 2100
Processor Information for processor 4
  Max Mhz: 2100, Current Mhz: 2100, Mhz Limit: 2100
Processor Information for processor 5
  Max Mhz: 2100, Current Mhz: 2100, Mhz Limit: 2100
Processor Information for processor 6
  Max Mhz: 2100, Current Mhz: 2100, Mhz Limit: 2100
Processor Information for processor 7
  Max Mhz: 2100, Current Mhz: 2100, Mhz Limit: 2100
Processor Information for processor 8
  Max Mhz: 2100, Current Mhz: 1500, Mhz Limit: 1491
Processor Information for processor 9
  Max Mhz: 2100, Current Mhz: 1500, Mhz Limit: 1491
Processor Information for processor 10
  Max Mhz: 2100, Current Mhz: 1500, Mhz Limit: 1491
Processor Information for processor 11
  Max Mhz: 2100, Current Mhz: 1500, Mhz Limit: 1491
Processor Information for processor 12
  Max Mhz: 2100, Current Mhz: 1500, Mhz Limit: 1491
Processor Information for processor 13
  Max Mhz: 2100, Current Mhz: 1500, Mhz Limit: 1491
Processor Information for processor 14
  Max Mhz: 2100, Current Mhz: 1500, Mhz Limit: 1491
Processor Information for processor 15
  Max Mhz: 2100, Current Mhz: 1500, Mhz Limit: 1491

Memory: 4k page, system-wide physical 16088M (4M free)
TotalPageFile size 64210M (AvailPageFile size 29M)
current process WorkingSet (physical memory assigned to process): 5M, peak: 240M
current process commit charge ("private bytes"): 391M, peak: 497M

vm_info: OpenJDK 64-Bit Server VM (17.0.15+6) for windows-amd64 JRE (17.0.15+6), built on Apr 15 2025 21:25:47 by "admin" with MS VC++ 17.7 (VS2022)

END.
