#
# There is insufficient memory for the Java Runtime Environment to continue.
# Native memory allocation (mmap) failed to map 27262976 bytes. Error detail: G1 virtual space
# Possible reasons:
#   The system is out of physical RAM or swap space
#   This process is running with CompressedOops enabled, and the Java Heap may be blocking the growth of the native heap
# Possible solutions:
#   Reduce memory load on the system
#   Increase physical memory or swap space
#   Check if swap backing store is full
#   Decrease Java heap size (-Xmx/-Xms)
#   Decrease number of Java threads
#   Decrease Java thread stack sizes (-Xss)
#   Set larger code cache with -XX:ReservedCodeCacheSize=
#   JVM is running with Unscaled Compressed Oops mode in which the Java heap is
#     placed in the first 4GB address space. The Java Heap base address is the
#     maximum limit for the native heap growth. Please use -XX:HeapBaseMinAddress
#     to set the Java Heap base and to place the Java Heap above 4GB virtual address.
# This output file may be truncated or incomplete.
#
#  Out of Memory Error (os_windows.cpp:3618), pid=66184, tid=42504
#
# JRE version: OpenJDK Runtime Environment Temurin-17.0.15+6 (17.0.15+6) (build 17.0.15+6)
# Java VM: OpenJDK 64-Bit Server VM Temurin-17.0.15+6 (17.0.15+6, mixed mode, sharing, tiered, compressed oops, compressed class ptrs, g1 gc, windows-amd64)
# No core dump will be written. Minidumps are not enabled by default on client versions of Windows
#

---------------  S U M M A R Y ------------

Command Line: -XX:MaxMetaspaceSize=512m --add-opens=java.base/java.util=ALL-UNNAMED --add-opens=java.base/java.lang=ALL-UNNAMED --add-opens=java.base/java.lang.invoke=ALL-UNNAMED --add-opens=java.prefs/java.util.prefs=ALL-UNNAMED --add-opens=java.base/java.nio.charset=ALL-UNNAMED --add-opens=java.base/java.net=ALL-UNNAMED --add-opens=java.base/java.util.concurrent.atomic=ALL-UNNAMED -Xmx2048m -Dfile.encoding=UTF-8 -Duser.country=CA -Duser.language=en -Duser.variant org.gradle.launcher.daemon.bootstrap.GradleDaemon 8.0.1

Host: 12th Gen Intel(R) Core(TM) i7-1260P, 16 cores, 15G,  Windows 11 , 64 bit Build 26100 (10.0.26100.3912)
Time: Mon May 26 02:11:35 2025 Eastern Daylight Time elapsed time: 8124.315319 seconds (0d 2h 15m 24s)

---------------  T H R E A D  ---------------

Current thread (0x00000192ac020710):  VMThread "VM Thread" [stack: 0x000000144dd00000,0x000000144de00000] [id=42504]

Stack: [0x000000144dd00000,0x000000144de00000]
Native frames: (J=compiled Java code, j=interpreted, Vv=VM code, C=native code)
V  [jvm.dll+0x682fc9]
V  [jvm.dll+0x839878]
V  [jvm.dll+0x83b323]
V  [jvm.dll+0x83b993]
V  [jvm.dll+0x24725f]
V  [jvm.dll+0x67fda9]
V  [jvm.dll+0x674c9a]
V  [jvm.dll+0x304d06]
V  [jvm.dll+0x30c1c6]
V  [jvm.dll+0x35dd4e]
V  [jvm.dll+0x35df8d]
V  [jvm.dll+0x2dc0cc]
V  [jvm.dll+0x2da46f]
V  [jvm.dll+0x2d9bdc]
V  [jvm.dll+0x31d3bb]
V  [jvm.dll+0x8401cd]
V  [jvm.dll+0x840f03]
V  [jvm.dll+0x84142f]
V  [jvm.dll+0x841814]
V  [jvm.dll+0x8418de]
V  [jvm.dll+0x7e94dc]
V  [jvm.dll+0x681ea7]
C  [ucrtbase.dll+0x37b0]
C  [KERNEL32.DLL+0x2e8d7]
C  [ntdll.dll+0x9c5dc]

VM_Operation (0x000000144effeb00): G1CollectForAllocation, mode: safepoint, requested by thread 0x00000192cd50df70


---------------  P R O C E S S  ---------------

Threads class SMR info:
_java_thread_list=0x00000192d1fbbf20, length=80, elements={
0x000001928dc94400, 0x00000192ac023fe0, 0x00000192ac025620, 0x00000192ac035ad0,
0x00000192ac0384b0, 0x00000192ac038d80, 0x00000192ac042db0, 0x00000192ac0439b0,
0x00000192ac0462d0, 0x00000192ac046be0, 0x00000192c81a0710, 0x00000192c81a1400,
0x00000192cd50df70, 0x00000192cd3df430, 0x00000192cda3a030, 0x00000192cd7cc410,
0x00000192cd509c50, 0x00000192cde48b20, 0x00000192cd3b09d0, 0x00000192cd3b13f0,
0x00000192cd3b0ee0, 0x00000192cd3b1e10, 0x00000192ce3359b0, 0x00000192ce338740,
0x00000192ce337d20, 0x00000192ce338230, 0x00000192ce336df0, 0x00000192ce337300,
0x00000192ce337810, 0x00000192ce3354a0, 0x00000192ce339160, 0x00000192ce339670,
0x00000192ce339b80, 0x00000192ce3363d0, 0x00000192ce33b4d0, 0x00000192ce33b9e0,
0x00000192ce338c50, 0x00000192ce33c400, 0x00000192ce33a5a0, 0x00000192ce33c910,
0x00000192ce33aab0, 0x00000192ce33afc0, 0x00000192ce33ce20, 0x00000192ce33bef0,
0x00000192cd3b04c0, 0x00000192cdf02a90, 0x00000192cdf034b0, 0x00000192cdf02fa0,
0x00000192cdf039c0, 0x00000192cdf02070, 0x00000192cdf03ed0, 0x00000192cdf01b60,
0x00000192cdf043e0, 0x00000192cdf02580, 0x00000192cdf00c30, 0x00000192cdf048f0,
0x00000192cdf01140, 0x00000192cdf04e00, 0x00000192cdf01650, 0x00000192cdf05d30,
0x00000192cdf06750, 0x00000192cdf05310, 0x00000192cdf05820, 0x00000192cdf085b0,
0x00000192cdf06240, 0x00000192cdf06c60, 0x00000192cdf07170, 0x00000192cdf07680,
0x00000192cdf07b90, 0x00000192cdf080a0, 0x00000192ce977d20, 0x00000192ce97a5a0,
0x00000192ce97a090, 0x00000192ce978230, 0x00000192ce978740, 0x00000192ce979b80,
0x00000192ce97aab0, 0x00000192ce978c50, 0x00000192ce97afc0, 0x00000192ce97b4d0
}

Java Threads: ( => current thread )
  0x000001928dc94400 JavaThread "main" [_thread_blocked, id=66976, stack(0x000000144d700000,0x000000144d800000)]
  0x00000192ac023fe0 JavaThread "Reference Handler" daemon [_thread_blocked, id=61776, stack(0x000000144de00000,0x000000144df00000)]
  0x00000192ac025620 JavaThread "Finalizer" daemon [_thread_blocked, id=10168, stack(0x000000144df00000,0x000000144e000000)]
  0x00000192ac035ad0 JavaThread "Signal Dispatcher" daemon [_thread_blocked, id=64976, stack(0x000000144e000000,0x000000144e100000)]
  0x00000192ac0384b0 JavaThread "Attach Listener" daemon [_thread_blocked, id=21748, stack(0x000000144e100000,0x000000144e200000)]
  0x00000192ac038d80 JavaThread "Service Thread" daemon [_thread_blocked, id=7660, stack(0x000000144e200000,0x000000144e300000)]
  0x00000192ac042db0 JavaThread "Monitor Deflation Thread" daemon [_thread_blocked, id=22776, stack(0x000000144e300000,0x000000144e400000)]
  0x00000192ac0439b0 JavaThread "C2 CompilerThread0" daemon [_thread_blocked, id=37400, stack(0x000000144e400000,0x000000144e500000)]
  0x00000192ac0462d0 JavaThread "C1 CompilerThread0" daemon [_thread_blocked, id=47480, stack(0x000000144e500000,0x000000144e600000)]
  0x00000192ac046be0 JavaThread "Sweeper thread" daemon [_thread_blocked, id=45044, stack(0x000000144e600000,0x000000144e700000)]
  0x00000192c81a0710 JavaThread "Common-Cleaner" daemon [_thread_blocked, id=25124, stack(0x000000144e700000,0x000000144e800000)]
  0x00000192c81a1400 JavaThread "Notification Thread" daemon [_thread_blocked, id=34584, stack(0x000000144e800000,0x000000144e900000)]
  0x00000192cd50df70 JavaThread "Daemon health stats" [_thread_blocked, id=50336, stack(0x000000144ef00000,0x000000144f000000)]
  0x00000192cd3df430 JavaThread "Incoming local TCP Connector on port 34476" [_thread_in_native, id=31228, stack(0x000000144d400000,0x000000144d500000)]
  0x00000192cda3a030 JavaThread "Daemon periodic checks" [_thread_blocked, id=50576, stack(0x000000144f000000,0x000000144f100000)]
  0x00000192cd7cc410 JavaThread "Daemon" [_thread_blocked, id=46584, stack(0x000000144f100000,0x000000144f200000)]
  0x00000192cd509c50 JavaThread "Handler for socket connection from /127.0.0.1:34476 to /127.0.0.1:34549" [_thread_in_native, id=49304, stack(0x000000144f200000,0x000000144f300000)]
  0x00000192cde48b20 JavaThread "Cancel handler" [_thread_blocked, id=17152, stack(0x000000144f300000,0x000000144f400000)]
  0x00000192cd3b09d0 JavaThread "Daemon worker" [_thread_blocked, id=39268, stack(0x000000144f500000,0x000000144f600000)]
  0x00000192cd3b13f0 JavaThread "Asynchronous log dispatcher for DefaultDaemonConnection: socket connection from /127.0.0.1:34476 to /127.0.0.1:34549" [_thread_blocked, id=53048, stack(0x000000144f600000,0x000000144f700000)]
  0x00000192cd3b0ee0 JavaThread "Daemon client event forwarder" [_thread_blocked, id=18784, stack(0x000000144f800000,0x000000144f900000)]
  0x00000192cd3b1e10 JavaThread "Cache worker for journal cache (C:\Users\karth\.gradle\caches\journal-1)" [_thread_blocked, id=24884, stack(0x000000144f900000,0x000000144fa00000)]
  0x00000192ce3359b0 JavaThread "File lock request listener" [_thread_in_native, id=5552, stack(0x000000144fa00000,0x000000144fb00000)]
  0x00000192ce338740 JavaThread "Cache worker for file hash cache (C:\Users\karth\.gradle\caches\8.0.1\fileHashes)" [_thread_blocked, id=7960, stack(0x000000144fc00000,0x000000144fd00000)]
  0x00000192ce337d20 JavaThread "File watcher server" daemon [_thread_in_native, id=13396, stack(0x0000001450200000,0x0000001450300000)]
  0x00000192ce338230 JavaThread "File watcher consumer" daemon [_thread_blocked, id=5244, stack(0x0000001450300000,0x0000001450400000)]
  0x00000192ce336df0 JavaThread "Cache worker for checksums cache (C:\Users\karth\CascadeProjects\MobileAppAndroid\android\.gradle\8.0.1\checksums)" [_thread_blocked, id=24756, stack(0x000000144fd00000,0x000000144fe00000)]
  0x00000192ce337300 JavaThread "Cache worker for cache directory md-rule (C:\Users\karth\.gradle\caches\8.0.1\md-rule)" [_thread_blocked, id=12352, stack(0x000000144fe00000,0x000000144ff00000)]
  0x00000192ce337810 JavaThread "Cache worker for file content cache (C:\Users\karth\.gradle\caches\8.0.1\fileContent)" [_thread_blocked, id=68508, stack(0x0000001450100000,0x0000001450200000)]
  0x00000192ce3354a0 JavaThread "Cache worker for file hash cache (C:\Users\karth\CascadeProjects\MobileAppAndroid\android\.gradle\8.0.1\fileHashes)" [_thread_blocked, id=56016, stack(0x0000001450d00000,0x0000001450e00000)]
  0x00000192ce339160 JavaThread "Cache worker for cache directory md-supplier (C:\Users\karth\.gradle\caches\8.0.1\md-supplier)" [_thread_blocked, id=58488, stack(0x000000144ff00000,0x0000001450000000)]
  0x00000192ce339670 JavaThread "Cache worker for execution history cache (C:\Users\karth\.gradle\caches\8.0.1\executionHistory)" [_thread_blocked, id=44012, stack(0x0000001450000000,0x0000001450100000)]
  0x00000192ce339b80 JavaThread "jar transforms" [_thread_blocked, id=61892, stack(0x000000144d500000,0x000000144d600000)]
  0x00000192ce3363d0 JavaThread "jar transforms Thread 2" [_thread_blocked, id=26648, stack(0x000000144f400000,0x000000144f500000)]
  0x00000192ce33b4d0 JavaThread "jar transforms Thread 3" [_thread_blocked, id=42948, stack(0x0000001450e00000,0x0000001450f00000)]
  0x00000192ce33b9e0 JavaThread "jar transforms Thread 4" [_thread_blocked, id=59248, stack(0x0000001450f00000,0x0000001451000000)]
  0x00000192ce338c50 JavaThread "Cache worker for kotlin-dsl (C:\Users\karth\.gradle\caches\8.0.1\kotlin-dsl)" [_thread_blocked, id=31528, stack(0x000000144d600000,0x000000144d700000)]
  0x00000192ce33c400 JavaThread "File lock release action executor Thread 2" [_thread_blocked, id=9288, stack(0x000000144f700000,0x000000144f800000)]
  0x00000192ce33a5a0 JavaThread "jar transforms Thread 5" [_thread_blocked, id=58856, stack(0x000000144fb00000,0x000000144fc00000)]
  0x00000192ce33c910 JavaThread "jar transforms Thread 6" [_thread_blocked, id=17800, stack(0x0000001451000000,0x0000001451100000)]
  0x00000192ce33aab0 JavaThread "Cache worker for dependencies-accessors (C:\Users\karth\CascadeProjects\MobileAppAndroid\android\.gradle\8.0.1\dependencies-accessors)" [_thread_blocked, id=69216, stack(0x0000001451100000,0x0000001451200000)]
  0x00000192ce33afc0 JavaThread "Cache worker for Build Output Cleanup Cache (C:\Users\karth\CascadeProjects\MobileAppAndroid\node_modules\@react-native\gradle-plugin\.gradle\buildOutputCleanup)" [_thread_blocked, id=18956, stack(0x0000001451200000,0x0000001451300000)]
  0x00000192ce33ce20 JavaThread "jar transforms Thread 7" [_thread_blocked, id=69476, stack(0x0000001451300000,0x0000001451400000)]
  0x00000192ce33bef0 JavaThread "Unconstrained build operations" [_thread_blocked, id=2216, stack(0x0000001451700000,0x0000001451800000)]
  0x00000192cd3b04c0 JavaThread "Unconstrained build operations Thread 2" [_thread_blocked, id=69792, stack(0x0000001451900000,0x0000001451a00000)]
  0x00000192cdf02a90 JavaThread "Unconstrained build operations Thread 3" [_thread_blocked, id=69836, stack(0x0000001451a00000,0x0000001451b00000)]
  0x00000192cdf034b0 JavaThread "Unconstrained build operations Thread 4" [_thread_blocked, id=69832, stack(0x0000001451b00000,0x0000001451c00000)]
  0x00000192cdf02fa0 JavaThread "Unconstrained build operations Thread 5" [_thread_blocked, id=69828, stack(0x0000001451c00000,0x0000001451d00000)]
  0x00000192cdf039c0 JavaThread "Unconstrained build operations Thread 6" [_thread_blocked, id=69712, stack(0x0000001451d00000,0x0000001451e00000)]
  0x00000192cdf02070 JavaThread "Unconstrained build operations Thread 7" [_thread_blocked, id=69736, stack(0x0000001451e00000,0x0000001451f00000)]
  0x00000192cdf03ed0 JavaThread "Unconstrained build operations Thread 8" [_thread_blocked, id=50036, stack(0x0000001451f00000,0x0000001452000000)]
  0x00000192cdf01b60 JavaThread "Unconstrained build operations Thread 9" [_thread_blocked, id=70468, stack(0x0000001452000000,0x0000001452100000)]
  0x00000192cdf043e0 JavaThread "Unconstrained build operations Thread 10" [_thread_blocked, id=70436, stack(0x0000001452100000,0x0000001452200000)]
  0x00000192cdf02580 JavaThread "Unconstrained build operations Thread 11" [_thread_blocked, id=70424, stack(0x0000001452200000,0x0000001452300000)]
  0x00000192cdf00c30 JavaThread "Unconstrained build operations Thread 12" [_thread_blocked, id=69824, stack(0x0000001452300000,0x0000001452400000)]
  0x00000192cdf048f0 JavaThread "Unconstrained build operations Thread 13" [_thread_blocked, id=69840, stack(0x0000001452400000,0x0000001452500000)]
  0x00000192cdf01140 JavaThread "Unconstrained build operations Thread 14" [_thread_blocked, id=69772, stack(0x0000001452500000,0x0000001452600000)]
  0x00000192cdf04e00 JavaThread "Unconstrained build operations Thread 15" [_thread_blocked, id=44412, stack(0x0000001452600000,0x0000001452700000)]
  0x00000192cdf01650 JavaThread "Unconstrained build operations Thread 16" [_thread_blocked, id=69336, stack(0x0000001452700000,0x0000001452800000)]
  0x00000192cdf05d30 JavaThread "Unconstrained build operations Thread 17" [_thread_blocked, id=69964, stack(0x0000001452800000,0x0000001452900000)]
  0x00000192cdf06750 JavaThread "Unconstrained build operations Thread 18" [_thread_blocked, id=30716, stack(0x0000001452900000,0x0000001452a00000)]
  0x00000192cdf05310 JavaThread "Unconstrained build operations Thread 19" [_thread_blocked, id=59288, stack(0x0000001452a00000,0x0000001452b00000)]
  0x00000192cdf05820 JavaThread "Unconstrained build operations Thread 20" [_thread_blocked, id=69392, stack(0x0000001452b00000,0x0000001452c00000)]
  0x00000192cdf085b0 JavaThread "Unconstrained build operations Thread 21" [_thread_blocked, id=63880, stack(0x0000001452c00000,0x0000001452d00000)]
  0x00000192cdf06240 JavaThread "Unconstrained build operations Thread 22" [_thread_blocked, id=58896, stack(0x0000001452d00000,0x0000001452e00000)]
  0x00000192cdf06c60 JavaThread "Unconstrained build operations Thread 23" [_thread_blocked, id=65488, stack(0x0000001452e00000,0x0000001452f00000)]
  0x00000192cdf07170 JavaThread "Unconstrained build operations Thread 24" [_thread_blocked, id=41272, stack(0x0000001452f00000,0x0000001453000000)]
  0x00000192cdf07680 JavaThread "Unconstrained build operations Thread 25" [_thread_blocked, id=17788, stack(0x0000001453000000,0x0000001453100000)]
  0x00000192cdf07b90 JavaThread "Unconstrained build operations Thread 26" [_thread_blocked, id=70128, stack(0x0000001453100000,0x0000001453200000)]
  0x00000192cdf080a0 JavaThread "jar transforms Thread 8" [_thread_blocked, id=71224, stack(0x0000001451500000,0x0000001451600000)]
  0x00000192ce977d20 JavaThread "jar transforms Thread 9" [_thread_blocked, id=71228, stack(0x0000001451600000,0x0000001451700000)]
  0x00000192ce97a5a0 JavaThread "jar transforms Thread 10" [_thread_blocked, id=71232, stack(0x0000001451800000,0x0000001451900000)]
  0x00000192ce97a090 JavaThread "jar transforms Thread 11" [_thread_blocked, id=71236, stack(0x0000001453200000,0x0000001453300000)]
  0x00000192ce978230 JavaThread "jar transforms Thread 12" [_thread_blocked, id=71240, stack(0x0000001453300000,0x0000001453400000)]
  0x00000192ce978740 JavaThread "jar transforms Thread 13" [_thread_blocked, id=71244, stack(0x0000001453400000,0x0000001453500000)]
  0x00000192ce979b80 JavaThread "jar transforms Thread 14" [_thread_blocked, id=71248, stack(0x0000001453500000,0x0000001453600000)]
  0x00000192ce97aab0 JavaThread "jar transforms Thread 15" [_thread_blocked, id=71252, stack(0x0000001453600000,0x0000001453700000)]
  0x00000192ce978c50 JavaThread "jar transforms Thread 16" [_thread_blocked, id=71256, stack(0x0000001453700000,0x0000001453800000)]
  0x00000192ce97afc0 JavaThread "Memory manager" [_thread_blocked, id=71344, stack(0x0000001453b00000,0x0000001453c00000)]
  0x00000192ce97b4d0 JavaThread "Cache worker for Build Output Cleanup Cache (C:\Users\karth\CascadeProjects\MobileAppAndroid\android\.gradle\buildOutputCleanup)" [_thread_blocked, id=22892, stack(0x0000001451400000,0x0000001451500000)]

Other Threads:
=>0x00000192ac020710 VMThread "VM Thread" [stack: 0x000000144dd00000,0x000000144de00000] [id=42504]
  0x00000192c81a1cf0 WatcherThread [stack: 0x000000144e900000,0x000000144ea00000] [id=8396]
  0x000001928dcf0cc0 GCTaskThread "GC Thread#0" [stack: 0x000000144d800000,0x000000144d900000] [id=53056]
  0x00000192c84b4050 GCTaskThread "GC Thread#1" [stack: 0x000000144ea00000,0x000000144eb00000] [id=65872]
  0x00000192c84b2fd0 GCTaskThread "GC Thread#2" [stack: 0x000000144eb00000,0x000000144ec00000] [id=32776]
  0x00000192c84b2a50 GCTaskThread "GC Thread#3" [stack: 0x000000144ec00000,0x000000144ed00000] [id=68252]
  0x00000192c84b2d10 GCTaskThread "GC Thread#4" [stack: 0x000000144ed00000,0x000000144ee00000] [id=55560]
  0x00000192c84b3d90 GCTaskThread "GC Thread#5" [stack: 0x000000144ee00000,0x000000144ef00000] [id=61224]
  0x00000192ce86baf0 GCTaskThread "GC Thread#6" [stack: 0x0000001450400000,0x0000001450500000] [id=36044]
  0x00000192ce86bdb0 GCTaskThread "GC Thread#7" [stack: 0x0000001450500000,0x0000001450600000] [id=62692]
  0x00000192ce86c070 GCTaskThread "GC Thread#8" [stack: 0x0000001450600000,0x0000001450700000] [id=50584]
  0x00000192ce8699f0 GCTaskThread "GC Thread#9" [stack: 0x0000001450700000,0x0000001450800000] [id=67892]
  0x00000192ce8683f0 GCTaskThread "GC Thread#10" [stack: 0x0000001450800000,0x0000001450900000] [id=36424]
  0x00000192ce86aff0 GCTaskThread "GC Thread#11" [stack: 0x0000001450900000,0x0000001450a00000] [id=29052]
  0x00000192ce86b2b0 GCTaskThread "GC Thread#12" [stack: 0x0000001450a00000,0x0000001450b00000] [id=44632]
  0x000001928dd03360 ConcurrentGCThread "G1 Main Marker" [stack: 0x000000144d900000,0x000000144da00000] [id=38884]
  0x000001928dd03c90 ConcurrentGCThread "G1 Conc#0" [stack: 0x000000144da00000,0x000000144db00000] [id=40452]
  0x00000192ce868970 ConcurrentGCThread "G1 Conc#1" [stack: 0x0000001450b00000,0x0000001450c00000] [id=11976]
  0x00000192ce8686b0 ConcurrentGCThread "G1 Conc#2" [stack: 0x0000001450c00000,0x0000001450d00000] [id=20112]
  0x00000192abf48850 ConcurrentGCThread "G1 Refine#0" [stack: 0x000000144db00000,0x000000144dc00000] [id=41800]
  0x00000192abf4a040 ConcurrentGCThread "G1 Service" [stack: 0x000000144dc00000,0x000000144dd00000] [id=52428]

Threads with active compile tasks:
C2 CompilerThread0  8129313 8252       4       org.gradle.launcher.daemon.server.health.gc.GarbageCollectionCheck::run (198 bytes)

VM state: at safepoint (normal execution)

VM Mutex/Monitor currently owned by a thread:  ([mutex/lock_event])
[0x000001928b920d70] Threads_lock - owner thread: 0x00000192ac020710
[0x000001928dc8f250] Heap_lock - owner thread: 0x00000192cd50df70

Heap address: 0x0000000080000000, size: 2048 MB, Compressed Oops mode: 32-bit

CDS archive(s) mapped at: [0x00000192ad000000-0x00000192adbb0000-0x00000192adbb0000), size 12255232, SharedBaseAddress: 0x00000192ad000000, ArchiveRelocationMode: 1.
Compressed class space mapped at: 0x00000192ae000000-0x00000192c8000000, reserved size: 436207616
Narrow klass base: 0x00000192ad000000, Narrow klass shift: 0, Narrow klass range: 0x100000000

GC Precious Log:
 CPUs: 16 total, 16 available
 Memory: 16088M
 Large Page Support: Disabled
 NUMA Support: Disabled
 Compressed Oops: Enabled (32-bit)
 Heap Region Size: 1M
 Heap Min Capacity: 8M
 Heap Initial Capacity: 252M
 Heap Max Capacity: 2G
 Pre-touch: Disabled
 Parallel Workers: 13
 Concurrent Workers: 3
 Concurrent Refinement Workers: 13
 Periodic GC: Disabled

Heap:
 garbage-first heap   total 158720K, used 53613K [0x0000000080000000, 0x0000000100000000)
  region size 1024K, 1 young (1024K), 1 survivors (1024K)
 Metaspace       used 58590K, committed 59200K, reserved 491520K
  class space    used 8104K, committed 8384K, reserved 425984K

Heap Regions: E=young(eden), S=young(survivor), O=old, HS=humongous(starts), HC=humongous(continues), CS=collection set, F=free, OA=open archive, CA=closed archive, TAMS=top-at-mark-start (previous, next)
|   0|0x0000000080000000, 0x0000000080100000, 0x0000000080100000|100%|HS|  |TAMS 0x0000000080100000, 0x0000000080100000| Complete 
|   1|0x0000000080100000, 0x0000000080200000, 0x0000000080200000|100%|HC|  |TAMS 0x0000000080200000, 0x0000000080200000| Complete 
|   2|0x0000000080200000, 0x0000000080300000, 0x0000000080300000|100%|HC|  |TAMS 0x0000000080300000, 0x0000000080300000| Complete 
|   3|0x0000000080300000, 0x0000000080400000, 0x0000000080400000|100%|HC|  |TAMS 0x0000000080400000, 0x0000000080400000| Complete 
|   4|0x0000000080400000, 0x0000000080500000, 0x0000000080500000|100%| O|  |TAMS 0x0000000080500000, 0x0000000080500000| Untracked 
|   5|0x0000000080500000, 0x0000000080600000, 0x0000000080600000|100%| O|  |TAMS 0x0000000080600000, 0x0000000080600000| Untracked 
|   6|0x0000000080600000, 0x0000000080700000, 0x0000000080700000|100%| O|  |TAMS 0x0000000080700000, 0x0000000080700000| Untracked 
|   7|0x0000000080700000, 0x0000000080800000, 0x0000000080800000|100%| O|  |TAMS 0x0000000080800000, 0x0000000080800000| Untracked 
|   8|0x0000000080800000, 0x0000000080900000, 0x0000000080900000|100%| O|  |TAMS 0x0000000080900000, 0x0000000080900000| Untracked 
|   9|0x0000000080900000, 0x0000000080a00000, 0x0000000080a00000|100%| O|  |TAMS 0x0000000080a00000, 0x0000000080a00000| Untracked 
|  10|0x0000000080a00000, 0x0000000080b00000, 0x0000000080b00000|100%| O|  |TAMS 0x0000000080b00000, 0x0000000080b00000| Untracked 
|  11|0x0000000080b00000, 0x0000000080c00000, 0x0000000080c00000|100%| O|  |TAMS 0x0000000080c00000, 0x0000000080c00000| Untracked 
|  12|0x0000000080c00000, 0x0000000080d00000, 0x0000000080d00000|100%| O|  |TAMS 0x0000000080d00000, 0x0000000080d00000| Untracked 
|  13|0x0000000080d00000, 0x0000000080e00000, 0x0000000080e00000|100%| O|  |TAMS 0x0000000080e00000, 0x0000000080e00000| Untracked 
|  14|0x0000000080e00000, 0x0000000080f00000, 0x0000000080f00000|100%| O|  |TAMS 0x0000000080f00000, 0x0000000080f00000| Untracked 
|  15|0x0000000080f00000, 0x0000000081000000, 0x0000000081000000|100%| O|  |TAMS 0x0000000081000000, 0x0000000081000000| Untracked 
|  16|0x0000000081000000, 0x0000000081100000, 0x0000000081100000|100%| O|  |TAMS 0x0000000081100000, 0x0000000081100000| Untracked 
|  17|0x0000000081100000, 0x0000000081200000, 0x0000000081200000|100%| O|  |TAMS 0x0000000081200000, 0x0000000081200000| Untracked 
|  18|0x0000000081200000, 0x0000000081300000, 0x0000000081300000|100%| O|  |TAMS 0x0000000081300000, 0x0000000081300000| Untracked 
|  19|0x0000000081300000, 0x0000000081400000, 0x0000000081400000|100%| O|  |TAMS 0x0000000081400000, 0x0000000081400000| Untracked 
|  20|0x0000000081400000, 0x0000000081500000, 0x0000000081500000|100%| O|  |TAMS 0x0000000081500000, 0x0000000081500000| Untracked 
|  21|0x0000000081500000, 0x0000000081600000, 0x0000000081600000|100%| O|  |TAMS 0x0000000081600000, 0x0000000081600000| Untracked 
|  22|0x0000000081600000, 0x0000000081700000, 0x0000000081700000|100%| O|  |TAMS 0x0000000081700000, 0x0000000081700000| Untracked 
|  23|0x0000000081700000, 0x0000000081800000, 0x0000000081800000|100%| O|  |TAMS 0x0000000081800000, 0x0000000081800000| Untracked 
|  24|0x0000000081800000, 0x0000000081900000, 0x0000000081900000|100%| O|  |TAMS 0x0000000081900000, 0x0000000081900000| Untracked 
|  25|0x0000000081900000, 0x0000000081a00000, 0x0000000081a00000|100%| O|  |TAMS 0x0000000081a00000, 0x0000000081a00000| Untracked 
|  26|0x0000000081a00000, 0x0000000081b00000, 0x0000000081b00000|100%| O|  |TAMS 0x0000000081b00000, 0x0000000081b00000| Untracked 
|  27|0x0000000081b00000, 0x0000000081c00000, 0x0000000081c00000|100%| O|  |TAMS 0x0000000081c00000, 0x0000000081c00000| Untracked 
|  28|0x0000000081c00000, 0x0000000081d00000, 0x0000000081d00000|100%| O|  |TAMS 0x0000000081d00000, 0x0000000081d00000| Untracked 
|  29|0x0000000081d00000, 0x0000000081e00000, 0x0000000081e00000|100%| O|  |TAMS 0x0000000081e00000, 0x0000000081e00000| Untracked 
|  30|0x0000000081e00000, 0x0000000081f00000, 0x0000000081f00000|100%| O|  |TAMS 0x0000000081f00000, 0x0000000081f00000| Untracked 
|  31|0x0000000081f00000, 0x0000000082000000, 0x0000000082000000|100%| O|  |TAMS 0x0000000082000000, 0x0000000082000000| Untracked 
|  32|0x0000000082000000, 0x0000000082100000, 0x0000000082100000|100%| O|  |TAMS 0x0000000082100000, 0x0000000082100000| Untracked 
|  33|0x0000000082100000, 0x0000000082200000, 0x0000000082200000|100%|HS|  |TAMS 0x0000000082200000, 0x0000000082200000| Complete 
|  34|0x0000000082200000, 0x0000000082300000, 0x0000000082300000|100%|HC|  |TAMS 0x0000000082300000, 0x0000000082300000| Complete 
|  35|0x0000000082300000, 0x0000000082400000, 0x0000000082400000|100%|HS|  |TAMS 0x0000000082400000, 0x0000000082400000| Complete 
|  36|0x0000000082400000, 0x0000000082500000, 0x0000000082500000|100%|HC|  |TAMS 0x0000000082500000, 0x0000000082500000| Complete 
|  37|0x0000000082500000, 0x0000000082600000, 0x0000000082600000|100%|HC|  |TAMS 0x0000000082600000, 0x0000000082600000| Complete 
|  38|0x0000000082600000, 0x0000000082700000, 0x0000000082700000|100%|HC|  |TAMS 0x0000000082700000, 0x0000000082700000| Complete 
|  39|0x0000000082700000, 0x0000000082800000, 0x0000000082800000|100%| O|  |TAMS 0x0000000082800000, 0x0000000082800000| Untracked 
|  40|0x0000000082800000, 0x0000000082900000, 0x0000000082900000|100%| O|  |TAMS 0x0000000082900000, 0x0000000082900000| Untracked 
|  41|0x0000000082900000, 0x0000000082a00000, 0x0000000082a00000|100%| O|  |TAMS 0x0000000082a00000, 0x0000000082a00000| Untracked 
|  42|0x0000000082a00000, 0x0000000082b00000, 0x0000000082b00000|100%| O|  |TAMS 0x0000000082b00000, 0x0000000082b00000| Untracked 
|  43|0x0000000082b00000, 0x0000000082c00000, 0x0000000082c00000|100%| O|  |TAMS 0x0000000082c00000, 0x0000000082c00000| Untracked 
|  44|0x0000000082c00000, 0x0000000082d00000, 0x0000000082d00000|100%| O|  |TAMS 0x0000000082d00000, 0x0000000082d00000| Untracked 
|  45|0x0000000082d00000, 0x0000000082e00000, 0x0000000082e00000|100%| O|  |TAMS 0x0000000082e00000, 0x0000000082e00000| Untracked 
|  46|0x0000000082e00000, 0x0000000082f00000, 0x0000000082f00000|100%| O|  |TAMS 0x0000000082f00000, 0x0000000082f00000| Untracked 
|  47|0x0000000082f00000, 0x0000000083000000, 0x0000000083000000|100%| O|  |TAMS 0x0000000083000000, 0x0000000083000000| Untracked 
|  48|0x0000000083000000, 0x0000000083100000, 0x0000000083100000|100%| O|  |TAMS 0x0000000083100000, 0x0000000083100000| Untracked 
|  49|0x0000000083100000, 0x0000000083200000, 0x0000000083200000|100%| O|  |TAMS 0x000000008319ac00, 0x000000008319ac00| Untracked 
|  50|0x0000000083200000, 0x0000000083300000, 0x0000000083300000|100%| O|  |TAMS 0x0000000083200000, 0x0000000083200000| Untracked 
|  51|0x0000000083300000, 0x00000000833cea00, 0x0000000083400000| 80%| O|  |TAMS 0x0000000083300000, 0x0000000083300000| Untracked 
|  52|0x0000000083400000, 0x0000000083400000, 0x0000000083500000|  0%| F|  |TAMS 0x0000000083400000, 0x0000000083400000| Untracked 
|  53|0x0000000083500000, 0x0000000083500000, 0x0000000083600000|  0%| F|  |TAMS 0x0000000083500000, 0x0000000083500000| Untracked 
|  54|0x0000000083600000, 0x0000000083600000, 0x0000000083700000|  0%| F|  |TAMS 0x0000000083600000, 0x0000000083600000| Untracked 
|  55|0x0000000083700000, 0x0000000083700000, 0x0000000083800000|  0%| F|  |TAMS 0x0000000083700000, 0x0000000083700000| Untracked 
|  56|0x0000000083800000, 0x0000000083800000, 0x0000000083900000|  0%| F|  |TAMS 0x0000000083800000, 0x0000000083800000| Untracked 
|  57|0x0000000083900000, 0x0000000083900000, 0x0000000083a00000|  0%| F|  |TAMS 0x0000000083900000, 0x0000000083900000| Untracked 
|  58|0x0000000083a00000, 0x0000000083a00000, 0x0000000083b00000|  0%| F|  |TAMS 0x0000000083a00000, 0x0000000083a00000| Untracked 
|  59|0x0000000083b00000, 0x0000000083b00000, 0x0000000083c00000|  0%| F|  |TAMS 0x0000000083b00000, 0x0000000083b00000| Untracked 
|  60|0x0000000083c00000, 0x0000000083c00000, 0x0000000083d00000|  0%| F|  |TAMS 0x0000000083c00000, 0x0000000083c00000| Untracked 
|  61|0x0000000083d00000, 0x0000000083d00000, 0x0000000083e00000|  0%| F|  |TAMS 0x0000000083d00000, 0x0000000083d00000| Untracked 
|  62|0x0000000083e00000, 0x0000000083e00000, 0x0000000083f00000|  0%| F|  |TAMS 0x0000000083e00000, 0x0000000083e00000| Untracked 
|  63|0x0000000083f00000, 0x0000000083f00000, 0x0000000084000000|  0%| F|  |TAMS 0x0000000083f00000, 0x0000000083f00000| Untracked 
|  64|0x0000000084000000, 0x0000000084000000, 0x0000000084100000|  0%| F|  |TAMS 0x0000000084000000, 0x0000000084000000| Untracked 
|  65|0x0000000084100000, 0x0000000084100000, 0x0000000084200000|  0%| F|  |TAMS 0x0000000084100000, 0x0000000084100000| Untracked 
|  66|0x0000000084200000, 0x0000000084200000, 0x0000000084300000|  0%| F|  |TAMS 0x0000000084200000, 0x0000000084200000| Untracked 
|  67|0x0000000084300000, 0x0000000084300000, 0x0000000084400000|  0%| F|  |TAMS 0x0000000084300000, 0x0000000084300000| Untracked 
|  68|0x0000000084400000, 0x0000000084400000, 0x0000000084500000|  0%| F|  |TAMS 0x0000000084400000, 0x0000000084400000| Untracked 
|  69|0x0000000084500000, 0x0000000084500000, 0x0000000084600000|  0%| F|  |TAMS 0x0000000084500000, 0x0000000084500000| Untracked 
|  70|0x0000000084600000, 0x0000000084600000, 0x0000000084700000|  0%| F|  |TAMS 0x0000000084600000, 0x0000000084600000| Untracked 
|  71|0x0000000084700000, 0x0000000084700000, 0x0000000084800000|  0%| F|  |TAMS 0x0000000084700000, 0x0000000084700000| Untracked 
|  72|0x0000000084800000, 0x0000000084800000, 0x0000000084900000|  0%| F|  |TAMS 0x0000000084800000, 0x0000000084800000| Untracked 
|  73|0x0000000084900000, 0x0000000084900000, 0x0000000084a00000|  0%| F|  |TAMS 0x0000000084900000, 0x0000000084900000| Untracked 
|  74|0x0000000084a00000, 0x0000000084a00000, 0x0000000084b00000|  0%| F|  |TAMS 0x0000000084a00000, 0x0000000084a00000| Untracked 
|  75|0x0000000084b00000, 0x0000000084b00000, 0x0000000084c00000|  0%| F|  |TAMS 0x0000000084b00000, 0x0000000084b00000| Untracked 
|  76|0x0000000084c00000, 0x0000000084c00000, 0x0000000084d00000|  0%| F|  |TAMS 0x0000000084c00000, 0x0000000084c00000| Untracked 
|  77|0x0000000084d00000, 0x0000000084d00000, 0x0000000084e00000|  0%| F|  |TAMS 0x0000000084d00000, 0x0000000084d00000| Untracked 
|  78|0x0000000084e00000, 0x0000000084e00000, 0x0000000084f00000|  0%| F|  |TAMS 0x0000000084e00000, 0x0000000084e00000| Untracked 
|  79|0x0000000084f00000, 0x0000000084f00000, 0x0000000085000000|  0%| F|  |TAMS 0x0000000084f00000, 0x0000000084f00000| Untracked 
|  80|0x0000000085000000, 0x0000000085000000, 0x0000000085100000|  0%| F|  |TAMS 0x0000000085000000, 0x0000000085000000| Untracked 
|  81|0x0000000085100000, 0x0000000085100000, 0x0000000085200000|  0%| F|  |TAMS 0x0000000085100000, 0x0000000085100000| Untracked 
|  82|0x0000000085200000, 0x0000000085200000, 0x0000000085300000|  0%| F|  |TAMS 0x0000000085200000, 0x0000000085200000| Untracked 
|  83|0x0000000085300000, 0x0000000085300000, 0x0000000085400000|  0%| F|  |TAMS 0x0000000085300000, 0x0000000085300000| Untracked 
|  84|0x0000000085400000, 0x0000000085400000, 0x0000000085500000|  0%| F|  |TAMS 0x0000000085400000, 0x0000000085400000| Untracked 
|  85|0x0000000085500000, 0x0000000085500000, 0x0000000085600000|  0%| F|  |TAMS 0x0000000085500000, 0x0000000085500000| Untracked 
|  86|0x0000000085600000, 0x0000000085600000, 0x0000000085700000|  0%| F|  |TAMS 0x0000000085600000, 0x0000000085600000| Untracked 
|  87|0x0000000085700000, 0x0000000085700000, 0x0000000085800000|  0%| F|  |TAMS 0x0000000085700000, 0x0000000085700000| Untracked 
|  88|0x0000000085800000, 0x0000000085800000, 0x0000000085900000|  0%| F|  |TAMS 0x0000000085800000, 0x0000000085800000| Untracked 
|  89|0x0000000085900000, 0x0000000085900000, 0x0000000085a00000|  0%| F|  |TAMS 0x0000000085900000, 0x0000000085900000| Untracked 
|  90|0x0000000085a00000, 0x0000000085a00000, 0x0000000085b00000|  0%| F|  |TAMS 0x0000000085a00000, 0x0000000085a00000| Untracked 
|  91|0x0000000085b00000, 0x0000000085b00000, 0x0000000085c00000|  0%| F|  |TAMS 0x0000000085b00000, 0x0000000085b00000| Untracked 
|  92|0x0000000085c00000, 0x0000000085c00000, 0x0000000085d00000|  0%| F|  |TAMS 0x0000000085c00000, 0x0000000085c00000| Untracked 
|  93|0x0000000085d00000, 0x0000000085d00000, 0x0000000085e00000|  0%| F|  |TAMS 0x0000000085d00000, 0x0000000085d00000| Untracked 
|  94|0x0000000085e00000, 0x0000000085e00000, 0x0000000085f00000|  0%| F|  |TAMS 0x0000000085e00000, 0x0000000085e00000| Untracked 
|  95|0x0000000085f00000, 0x0000000085f00000, 0x0000000086000000|  0%| F|  |TAMS 0x0000000085f00000, 0x0000000085f00000| Untracked 
|  96|0x0000000086000000, 0x0000000086000000, 0x0000000086100000|  0%| F|  |TAMS 0x0000000086000000, 0x0000000086000000| Untracked 
|  97|0x0000000086100000, 0x0000000086100000, 0x0000000086200000|  0%| F|  |TAMS 0x0000000086100000, 0x0000000086100000| Untracked 
|  98|0x0000000086200000, 0x0000000086200000, 0x0000000086300000|  0%| F|  |TAMS 0x0000000086200000, 0x0000000086200000| Untracked 
|  99|0x0000000086300000, 0x0000000086300000, 0x0000000086400000|  0%| F|  |TAMS 0x0000000086300000, 0x0000000086300000| Untracked 
| 100|0x0000000086400000, 0x0000000086400000, 0x0000000086500000|  0%| F|  |TAMS 0x0000000086400000, 0x0000000086400000| Untracked 
| 101|0x0000000086500000, 0x0000000086500000, 0x0000000086600000|  0%| F|  |TAMS 0x0000000086500000, 0x0000000086500000| Untracked 
| 102|0x0000000086600000, 0x0000000086600000, 0x0000000086700000|  0%| F|  |TAMS 0x0000000086600000, 0x0000000086600000| Untracked 
| 103|0x0000000086700000, 0x0000000086700000, 0x0000000086800000|  0%| F|  |TAMS 0x0000000086700000, 0x0000000086700000| Untracked 
| 104|0x0000000086800000, 0x0000000086800000, 0x0000000086900000|  0%| F|  |TAMS 0x0000000086800000, 0x0000000086800000| Untracked 
| 105|0x0000000086900000, 0x0000000086900000, 0x0000000086a00000|  0%| F|  |TAMS 0x0000000086900000, 0x0000000086900000| Untracked 
| 106|0x0000000086a00000, 0x0000000086a00000, 0x0000000086b00000|  0%| F|  |TAMS 0x0000000086a00000, 0x0000000086a00000| Untracked 
| 107|0x0000000086b00000, 0x0000000086b00000, 0x0000000086c00000|  0%| F|  |TAMS 0x0000000086b00000, 0x0000000086b00000| Untracked 
| 108|0x0000000086c00000, 0x0000000086c00000, 0x0000000086d00000|  0%| F|  |TAMS 0x0000000086c00000, 0x0000000086c00000| Untracked 
| 109|0x0000000086d00000, 0x0000000086d00000, 0x0000000086e00000|  0%| F|  |TAMS 0x0000000086d00000, 0x0000000086d00000| Untracked 
| 110|0x0000000086e00000, 0x0000000086e00000, 0x0000000086f00000|  0%| F|  |TAMS 0x0000000086e00000, 0x0000000086e00000| Untracked 
| 111|0x0000000086f00000, 0x0000000086f00000, 0x0000000087000000|  0%| F|  |TAMS 0x0000000086f00000, 0x0000000086f00000| Untracked 
| 112|0x0000000087000000, 0x0000000087000000, 0x0000000087100000|  0%| F|  |TAMS 0x0000000087000000, 0x0000000087000000| Untracked 
| 113|0x0000000087100000, 0x0000000087100000, 0x0000000087200000|  0%| F|  |TAMS 0x0000000087100000, 0x0000000087100000| Untracked 
| 114|0x0000000087200000, 0x0000000087200000, 0x0000000087300000|  0%| F|  |TAMS 0x0000000087200000, 0x0000000087200000| Untracked 
| 115|0x0000000087300000, 0x0000000087300000, 0x0000000087400000|  0%| F|  |TAMS 0x0000000087300000, 0x0000000087300000| Untracked 
| 116|0x0000000087400000, 0x0000000087400000, 0x0000000087500000|  0%| F|  |TAMS 0x0000000087400000, 0x0000000087400000| Untracked 
| 117|0x0000000087500000, 0x0000000087500000, 0x0000000087600000|  0%| F|  |TAMS 0x0000000087500000, 0x0000000087500000| Untracked 
| 118|0x0000000087600000, 0x0000000087600000, 0x0000000087700000|  0%| F|  |TAMS 0x0000000087600000, 0x0000000087600000| Untracked 
| 119|0x0000000087700000, 0x0000000087700000, 0x0000000087800000|  0%| F|  |TAMS 0x0000000087700000, 0x0000000087700000| Untracked 
| 120|0x0000000087800000, 0x0000000087800000, 0x0000000087900000|  0%| F|  |TAMS 0x0000000087800000, 0x0000000087800000| Untracked 
| 121|0x0000000087900000, 0x0000000087900000, 0x0000000087a00000|  0%| F|  |TAMS 0x0000000087900000, 0x0000000087900000| Untracked 
| 122|0x0000000087a00000, 0x0000000087a00000, 0x0000000087b00000|  0%| F|  |TAMS 0x0000000087a00000, 0x0000000087a00000| Untracked 
| 123|0x0000000087b00000, 0x0000000087b00000, 0x0000000087c00000|  0%| F|  |TAMS 0x0000000087b00000, 0x0000000087b00000| Untracked 
| 124|0x0000000087c00000, 0x0000000087c00000, 0x0000000087d00000|  0%| F|  |TAMS 0x0000000087c00000, 0x0000000087c00000| Untracked 
| 125|0x0000000087d00000, 0x0000000087d00000, 0x0000000087e00000|  0%| F|  |TAMS 0x0000000087d00000, 0x0000000087d00000| Untracked 
| 126|0x0000000087e00000, 0x0000000087e00000, 0x0000000087f00000|  0%| F|  |TAMS 0x0000000087e00000, 0x0000000087e00000| Untracked 
| 127|0x0000000087f00000, 0x0000000087f00000, 0x0000000088000000|  0%| F|  |TAMS 0x0000000087f00000, 0x0000000087f00000| Untracked 
| 128|0x0000000088000000, 0x0000000088000000, 0x0000000088100000|  0%| F|  |TAMS 0x0000000088000000, 0x0000000088000000| Untracked 
| 129|0x0000000088100000, 0x0000000088100000, 0x0000000088200000|  0%| F|  |TAMS 0x0000000088100000, 0x0000000088100000| Untracked 
| 130|0x0000000088200000, 0x0000000088200000, 0x0000000088300000|  0%| F|  |TAMS 0x0000000088200000, 0x0000000088200000| Untracked 
| 131|0x0000000088300000, 0x0000000088300000, 0x0000000088400000|  0%| F|  |TAMS 0x0000000088300000, 0x0000000088300000| Untracked 
| 132|0x0000000088400000, 0x0000000088400000, 0x0000000088500000|  0%| F|  |TAMS 0x0000000088400000, 0x0000000088400000| Untracked 
| 133|0x0000000088500000, 0x0000000088500000, 0x0000000088600000|  0%| F|  |TAMS 0x0000000088500000, 0x0000000088500000| Untracked 
| 134|0x0000000088600000, 0x0000000088600000, 0x0000000088700000|  0%| F|  |TAMS 0x0000000088600000, 0x0000000088600000| Untracked 
| 135|0x0000000088700000, 0x0000000088700000, 0x0000000088800000|  0%| F|  |TAMS 0x0000000088700000, 0x0000000088700000| Untracked 
| 136|0x0000000088800000, 0x0000000088800000, 0x0000000088900000|  0%| F|  |TAMS 0x0000000088800000, 0x0000000088800000| Untracked 
| 137|0x0000000088900000, 0x0000000088900000, 0x0000000088a00000|  0%| F|  |TAMS 0x0000000088900000, 0x0000000088900000| Untracked 
| 138|0x0000000088a00000, 0x0000000088a00000, 0x0000000088b00000|  0%| F|  |TAMS 0x0000000088a00000, 0x0000000088a00000| Untracked 
| 139|0x0000000088b00000, 0x0000000088b00000, 0x0000000088c00000|  0%| F|  |TAMS 0x0000000088b00000, 0x0000000088b00000| Untracked 
| 140|0x0000000088c00000, 0x0000000088c00000, 0x0000000088d00000|  0%| F|  |TAMS 0x0000000088c00000, 0x0000000088c00000| Untracked 
| 141|0x0000000088d00000, 0x0000000088d00000, 0x0000000088e00000|  0%| F|  |TAMS 0x0000000088d00000, 0x0000000088d00000| Untracked 
| 142|0x0000000088e00000, 0x0000000088e00000, 0x0000000088f00000|  0%| F|  |TAMS 0x0000000088e00000, 0x0000000088e00000| Untracked 
| 143|0x0000000088f00000, 0x0000000088f00000, 0x0000000089000000|  0%| F|  |TAMS 0x0000000088f00000, 0x0000000088f00000| Untracked 
| 144|0x0000000089000000, 0x0000000089000000, 0x0000000089100000|  0%| F|  |TAMS 0x0000000089000000, 0x0000000089000000| Untracked 
| 145|0x0000000089100000, 0x0000000089100000, 0x0000000089200000|  0%| F|  |TAMS 0x0000000089100000, 0x0000000089100000| Untracked 
| 146|0x0000000089200000, 0x0000000089200000, 0x0000000089300000|  0%| F|  |TAMS 0x0000000089200000, 0x0000000089200000| Untracked 
| 147|0x0000000089300000, 0x0000000089300000, 0x0000000089400000|  0%| F|  |TAMS 0x0000000089300000, 0x0000000089300000| Untracked 
| 148|0x0000000089400000, 0x0000000089400000, 0x0000000089500000|  0%| F|  |TAMS 0x0000000089400000, 0x0000000089400000| Untracked 
| 149|0x0000000089500000, 0x0000000089500000, 0x0000000089600000|  0%| F|  |TAMS 0x0000000089500000, 0x0000000089500000| Untracked 
| 150|0x0000000089600000, 0x0000000089600000, 0x0000000089700000|  0%| F|  |TAMS 0x0000000089600000, 0x0000000089600000| Untracked 
| 151|0x0000000089700000, 0x000000008978cac8, 0x0000000089800000| 54%| S|CS|TAMS 0x0000000089700000, 0x0000000089700000| Complete 
| 152|0x0000000089800000, 0x0000000089800000, 0x0000000089900000|  0%| F|  |TAMS 0x0000000089800000, 0x0000000089800000| Untracked 
| 153|0x0000000089900000, 0x0000000089900000, 0x0000000089a00000|  0%| F|  |TAMS 0x0000000089900000, 0x0000000089900000| Untracked 
| 251|0x000000008fb00000, 0x000000008fb00000, 0x000000008fc00000|  0%| F|  |TAMS 0x000000008fb00000, 0x000000008fb00000| Untracked 

Card table byte_map: [0x00000192a5450000,0x00000192a5850000] _byte_map_base: 0x00000192a5050000

Marking Bits (Prev, Next): (CMBitMap*) 0x000001928dcf11f0, (CMBitMap*) 0x000001928dcf1230
 Prev Bits: [0x00000192a5c50000, 0x00000192a7c50000)
 Next Bits: [0x00000192a7c50000, 0x00000192a9c50000)

Polling page: 0x000001928bb20000

Metaspace:

Usage:
  Non-class:     49.30 MB used.
      Class:      7.91 MB used.
       Both:     57.22 MB used.

Virtual space:
  Non-class space:       64.00 MB reserved,      49.62 MB ( 78%) committed,  1 nodes.
      Class space:      416.00 MB reserved,       8.19 MB (  2%) committed,  1 nodes.
             Both:      480.00 MB reserved,      57.81 MB ( 12%) committed. 

Chunk freelists:
   Non-Class:  13.54 MB
       Class:  7.79 MB
        Both:  21.33 MB

MaxMetaspaceSize: 512.00 MB
CompressedClassSpaceSize: 416.00 MB
Initial GC threshold: 21.00 MB
Current GC threshold: 96.06 MB
CDS: on
MetaspaceReclaimPolicy: balanced
 - commit_granule_bytes: 65536.
 - commit_granule_words: 8192.
 - virtual_space_node_default_size: 8388608.
 - enlarge_chunks_in_place: 1.
 - new_chunks_are_fully_committed: 0.
 - uncommit_free_chunks: 1.
 - use_allocation_guard: 0.
 - handle_deallocations: 1.


Internal statistics:

num_allocs_failed_limit: 6.
num_arena_births: 712.
num_arena_deaths: 0.
num_vsnodes_births: 2.
num_vsnodes_deaths: 0.
num_space_committed: 925.
num_space_uncommitted: 0.
num_chunks_returned_to_freelist: 6.
num_chunks_taken_from_freelist: 3014.
num_chunk_merges: 3.
num_chunk_splits: 2027.
num_chunks_enlarged: 1385.
num_inconsistent_stats: 0.

CodeHeap 'non-profiled nmethods': size=119168Kb used=4718Kb max_used=4718Kb free=114449Kb
 bounds [0x000001929d370000, 0x000001929d810000, 0x00000192a47d0000]
CodeHeap 'profiled nmethods': size=119104Kb used=14708Kb max_used=14708Kb free=104395Kb
 bounds [0x00000192957d0000, 0x0000019296630000, 0x000001929cc20000]
CodeHeap 'non-nmethods': size=7488Kb used=2355Kb max_used=4083Kb free=5132Kb
 bounds [0x000001929cc20000, 0x000001929d030000, 0x000001929d370000]
 total_blobs=8339 nmethods=7458 adapters=793
 compilation: enabled
              stopped_count=0, restarted_count=0
 full_count=0

Compilation events (20 events):
Event: 8092.075 Thread 0x00000192ac0462d0 8268       3       org.gradle.internal.serialize.InputStreamBackedDecoder::<init> (10 bytes)
Event: 8092.149 Thread 0x00000192ac0462d0 nmethod 8268 0x0000019296623310 code [0x00000192966234c0, 0x00000192966236d8]
Event: 8092.149 Thread 0x00000192ac0462d0 8265       3       org.gradle.cache.internal.SimpleStateCache::access$000 (5 bytes)
Event: 8092.197 Thread 0x00000192ac0462d0 nmethod 8265 0x0000019296623810 code [0x00000192966239a0, 0x0000019296623ac8]
Event: 8092.197 Thread 0x00000192ac0462d0 8266   !   3       org.gradle.cache.internal.SimpleStateCache::deserialize (88 bytes)
Event: 8094.923 Thread 0x00000192ac0462d0 nmethod 8266 0x0000019296623b90 code [0x0000019296623f60, 0x0000019296625e78]
Event: 8094.958 Thread 0x00000192ac0462d0 8274       3       org.gradle.launcher.daemon.server.expiry.AllDaemonExpirationStrategy::checkExpiration (125 bytes)
Event: 8097.222 Thread 0x00000192ac0462d0 nmethod 8274 0x0000019296626a10 code [0x0000019296626da0, 0x00000192966289d8]
Event: 8097.318 Thread 0x00000192ac0462d0 8267       3       org.gradle.internal.serialize.InputStreamBackedDecoder::<init> (13 bytes)
Event: 8097.605 Thread 0x00000192ac0462d0 nmethod 8267 0x0000019296629390 code [0x0000019296629580, 0x0000019296629d58]
Event: 8097.651 Thread 0x00000192ac0462d0 8269       3       org.gradle.launcher.daemon.registry.DaemonRegistryContent$Serializer::read (6 bytes)
Event: 8098.369 Thread 0x00000192ac0462d0 nmethod 8269 0x0000019296629f90 code [0x000001929662a140, 0x000001929662a288]
Event: 8098.369 Thread 0x00000192ac0462d0 8270       3       org.gradle.launcher.daemon.registry.DaemonRegistryContent$Serializer::read (43 bytes)
Event: 8099.972 Thread 0x00000192ac0462d0 nmethod 8270 0x000001929662a310 code [0x000001929662a500, 0x000001929662aa58]
Event: 8099.972 Thread 0x00000192ac0462d0 8282       3       org.gradle.internal.io.ExponentialBackoff::retryUntil (65 bytes)
Event: 8106.709 Thread 0x00000192ac0462d0 nmethod 8282 0x000001929662ac90 code [0x000001929662aee0, 0x000001929662b918]
Event: 8106.745 Thread 0x00000192ac0462d0 8285       3       java.util.AbstractCollection::contains (55 bytes)
Event: 8106.753 Thread 0x00000192ac0462d0 nmethod 8285 0x000001929662bd10 code [0x000001929662bf40, 0x000001929662c758]
Event: 8106.755 Thread 0x00000192ac0462d0 8284       3       org.gradle.internal.os.OperatingSystem::current (21 bytes)
Event: 8107.051 Thread 0x00000192ac0462d0 nmethod 8284 0x000001929662c990 code [0x000001929662cba0, 0x000001929662d0d8]

GC Heap History (20 events):
Event: 710.161 GC heap after
{Heap after GC invocations=22 (full 0):
 garbage-first heap   total 80896K, used 47251K [0x0000000080000000, 0x0000000100000000)
  region size 1024K, 3 young (3072K), 3 survivors (3072K)
 Metaspace       used 50855K, committed 51456K, reserved 491520K
  class space    used 7054K, committed 7296K, reserved 425984K
}
Event: 710.683 GC heap before
{Heap before GC invocations=22 (full 0):
 garbage-first heap   total 80896K, used 67731K [0x0000000080000000, 0x0000000100000000)
  region size 1024K, 23 young (23552K), 3 survivors (3072K)
 Metaspace       used 53599K, committed 54208K, reserved 491520K
  class space    used 7400K, committed 7680K, reserved 425984K
}
Event: 710.688 GC heap after
{Heap after GC invocations=23 (full 0):
 garbage-first heap   total 80896K, used 48531K [0x0000000080000000, 0x0000000100000000)
  region size 1024K, 3 young (3072K), 3 survivors (3072K)
 Metaspace       used 53599K, committed 54208K, reserved 491520K
  class space    used 7400K, committed 7680K, reserved 425984K
}
Event: 711.937 GC heap before
{Heap before GC invocations=24 (full 0):
 garbage-first heap   total 83968K, used 65939K [0x0000000080000000, 0x0000000100000000)
  region size 1024K, 21 young (21504K), 3 survivors (3072K)
 Metaspace       used 54794K, committed 55424K, reserved 491520K
  class space    used 7542K, committed 7808K, reserved 425984K
}
Event: 711.943 GC heap after
{Heap after GC invocations=25 (full 0):
 garbage-first heap   total 83968K, used 49746K [0x0000000080000000, 0x0000000100000000)
  region size 1024K, 3 young (3072K), 3 survivors (3072K)
 Metaspace       used 54794K, committed 55424K, reserved 491520K
  class space    used 7542K, committed 7808K, reserved 425984K
}
Event: 713.187 GC heap before
{Heap before GC invocations=25 (full 0):
 garbage-first heap   total 83968K, used 69202K [0x0000000080000000, 0x0000000100000000)
  region size 1024K, 22 young (22528K), 3 survivors (3072K)
 Metaspace       used 56825K, committed 57472K, reserved 491520K
  class space    used 7835K, committed 8128K, reserved 425984K
}
Event: 713.194 GC heap after
{Heap after GC invocations=26 (full 0):
 garbage-first heap   total 83968K, used 51150K [0x0000000080000000, 0x0000000100000000)
  region size 1024K, 3 young (3072K), 3 survivors (3072K)
 Metaspace       used 56825K, committed 57472K, reserved 491520K
  class space    used 7835K, committed 8128K, reserved 425984K
}
Event: 713.622 GC heap before
{Heap before GC invocations=27 (full 0):
 garbage-first heap   total 89088K, used 69582K [0x0000000080000000, 0x0000000100000000)
  region size 1024K, 21 young (21504K), 3 survivors (3072K)
 Metaspace       used 57705K, committed 58304K, reserved 491520K
  class space    used 7994K, committed 8256K, reserved 425984K
}
Event: 713.629 GC heap after
{Heap after GC invocations=28 (full 0):
 garbage-first heap   total 107520K, used 52806K [0x0000000080000000, 0x0000000100000000)
  region size 1024K, 3 young (3072K), 3 survivors (3072K)
 Metaspace       used 57705K, committed 58304K, reserved 491520K
  class space    used 7994K, committed 8256K, reserved 425984K
}
Event: 779.597 GC heap before
{Heap before GC invocations=28 (full 0):
 garbage-first heap   total 107520K, used 84550K [0x0000000080000000, 0x0000000100000000)
  region size 1024K, 34 young (34816K), 3 survivors (3072K)
 Metaspace       used 58399K, committed 59008K, reserved 491520K
  class space    used 8092K, committed 8384K, reserved 425984K
}
Event: 779.612 GC heap after
{Heap after GC invocations=29 (full 0):
 garbage-first heap   total 107520K, used 53140K [0x0000000080000000, 0x0000000100000000)
  region size 1024K, 3 young (3072K), 3 survivors (3072K)
 Metaspace       used 58399K, committed 59008K, reserved 491520K
  class space    used 8092K, committed 8384K, reserved 425984K
}
Event: 854.566 GC heap before
{Heap before GC invocations=30 (full 0):
 garbage-first heap   total 107520K, used 84884K [0x0000000080000000, 0x0000000100000000)
  region size 1024K, 34 young (34816K), 3 survivors (3072K)
 Metaspace       used 58433K, committed 59008K, reserved 491520K
  class space    used 8094K, committed 8384K, reserved 425984K
}
Event: 854.572 GC heap after
{Heap after GC invocations=31 (full 0):
 garbage-first heap   total 107520K, used 53368K [0x0000000080000000, 0x0000000100000000)
  region size 1024K, 3 young (3072K), 3 survivors (3072K)
 Metaspace       used 58433K, committed 59008K, reserved 491520K
  class space    used 8094K, committed 8384K, reserved 425984K
}
Event: 946.638 GC heap before
{Heap before GC invocations=31 (full 0):
 garbage-first heap   total 107520K, used 87160K [0x0000000080000000, 0x0000000100000000)
  region size 1024K, 36 young (36864K), 3 survivors (3072K)
 Metaspace       used 58444K, committed 59136K, reserved 491520K
  class space    used 8094K, committed 8384K, reserved 425984K
}
Event: 946.801 GC heap after
{Heap after GC invocations=32 (full 0):
 garbage-first heap   total 107520K, used 53523K [0x0000000080000000, 0x0000000100000000)
  region size 1024K, 3 young (3072K), 3 survivors (3072K)
 Metaspace       used 58444K, committed 59136K, reserved 491520K
  class space    used 8094K, committed 8384K, reserved 425984K
}
Event: 8077.585 GC heap before
{Heap before GC invocations=33 (full 0):
 garbage-first heap   total 107520K, used 88339K [0x0000000080000000, 0x0000000100000000)
  region size 1024K, 37 young (37888K), 3 survivors (3072K)
 Metaspace       used 58488K, committed 59136K, reserved 491520K
  class space    used 8099K, committed 8384K, reserved 425984K
}
Event: 8077.643 GC heap after
{Heap after GC invocations=34 (full 0):
 garbage-first heap   total 107520K, used 53712K [0x0000000080000000, 0x0000000100000000)
  region size 1024K, 3 young (3072K), 3 survivors (3072K)
 Metaspace       used 58488K, committed 59136K, reserved 491520K
  class space    used 8099K, committed 8384K, reserved 425984K
}
Event: 8100.481 GC heap before
{Heap before GC invocations=34 (full 0):
 garbage-first heap   total 107520K, used 89552K [0x0000000080000000, 0x0000000100000000)
  region size 1024K, 38 young (38912K), 3 survivors (3072K)
 Metaspace       used 58587K, committed 59200K, reserved 491520K
  class space    used 8104K, committed 8384K, reserved 425984K
}
Event: 8106.588 GC heap after
{Heap after GC invocations=35 (full 0):
 garbage-first heap   total 107520K, used 53551K [0x0000000080000000, 0x0000000100000000)
  region size 1024K, 2 young (2048K), 2 survivors (2048K)
 Metaspace       used 58587K, committed 59200K, reserved 491520K
  class space    used 8104K, committed 8384K, reserved 425984K
}
Event: 8117.251 GC heap before
{Heap before GC invocations=35 (full 0):
 garbage-first heap   total 107520K, used 56623K [0x0000000080000000, 0x0000000100000000)
  region size 1024K, 5 young (5120K), 2 survivors (2048K)
 Metaspace       used 58590K, committed 59200K, reserved 491520K
  class space    used 8104K, committed 8384K, reserved 425984K
}

Dll operation events (13 events):
Event: 0.435 Loaded shared library C:\Program Files\Eclipse Adoptium\jdk-17.0.15.6-hotspot\bin\java.dll
Event: 1.235 Loaded shared library C:\Program Files\Eclipse Adoptium\jdk-17.0.15.6-hotspot\bin\jsvml.dll
Event: 2.095 Loaded shared library C:\Program Files\Eclipse Adoptium\jdk-17.0.15.6-hotspot\bin\net.dll
Event: 2.109 Loaded shared library C:\Program Files\Eclipse Adoptium\jdk-17.0.15.6-hotspot\bin\nio.dll
Event: 2.136 Loaded shared library C:\Program Files\Eclipse Adoptium\jdk-17.0.15.6-hotspot\bin\zip.dll
Event: 2.668 Loaded shared library C:\Program Files\Eclipse Adoptium\jdk-17.0.15.6-hotspot\bin\jimage.dll
Event: 2.791 Loaded shared library C:\Program Files\Eclipse Adoptium\jdk-17.0.15.6-hotspot\bin\verify.dll
Event: 4.035 Loaded shared library C:\Users\karth\.gradle\native\68d5fa5c4cc2d200863cafc0d521ce42e7d3e7ee720ec0a83991735586a16f82\windows-amd64\native-platform.dll
Event: 4.453 Loaded shared library C:\Users\karth\.gradle\native\e376f236ea51e6404a007f0833ffe2c6e607c4080706a723a18a27aeea778392\windows-amd64\native-platform-file-events.dll
Event: 26.415 Loaded shared library C:\Program Files\Eclipse Adoptium\jdk-17.0.15.6-hotspot\bin\management.dll
Event: 26.429 Loaded shared library C:\Program Files\Eclipse Adoptium\jdk-17.0.15.6-hotspot\bin\management_ext.dll
Event: 29.253 Loaded shared library C:\Program Files\Eclipse Adoptium\jdk-17.0.15.6-hotspot\bin\extnet.dll
Event: 96.857 Loaded shared library C:\Program Files\Eclipse Adoptium\jdk-17.0.15.6-hotspot\bin\sunmscapi.dll

Deoptimization events (20 events):
Event: 719.328 Thread 0x00000192cd3b09d0 DEOPT PACKING pc=0x000001929d7425c8 sp=0x000000144f5f7d80
Event: 719.328 Thread 0x00000192cd3b09d0 DEOPT UNPACKING pc=0x000001929cc769a3 sp=0x000000144f5f7d00 mode 2
Event: 723.847 Thread 0x00000192cd3b09d0 Uncommon trap: trap_request=0xffffffde fr.pc=0x000001929d7425c8 relative=0x0000000000001228
Event: 723.847 Thread 0x00000192cd3b09d0 Uncommon trap: reason=class_check action=maybe_recompile pc=0x000001929d7425c8 method=java.util.concurrent.ConcurrentHashMap.putVal(Ljava/lang/Object;Ljava/lang/Object;Z)Ljava/lang/Object; @ 242 c2
Event: 723.847 Thread 0x00000192cd3b09d0 DEOPT PACKING pc=0x000001929d7425c8 sp=0x000000144f5f7d80
Event: 723.847 Thread 0x00000192cd3b09d0 DEOPT UNPACKING pc=0x000001929cc769a3 sp=0x000000144f5f7d00 mode 2
Event: 928.128 Thread 0x00000192cd3b09d0 DEOPT PACKING pc=0x000001929588e59b sp=0x000000144f5f7ac0
Event: 928.130 Thread 0x00000192cd3b09d0 DEOPT UNPACKING pc=0x000001929cc77143 sp=0x000000144f5f6fe0 mode 0
Event: 928.130 Thread 0x00000192cd3b09d0 Uncommon trap: trap_request=0xffffff45 fr.pc=0x000001929d39bbe4 relative=0x0000000000000064
Event: 928.130 Thread 0x00000192cd3b09d0 Uncommon trap: reason=unstable_if action=reinterpret pc=0x000001929d39bbe4 method=java.io.WinNTFileSystem.isSlash(C)Z @ 9 c2
Event: 928.130 Thread 0x00000192cd3b09d0 DEOPT PACKING pc=0x000001929d39bbe4 sp=0x000000144f5f7ae0
Event: 928.131 Thread 0x00000192cd3b09d0 DEOPT UNPACKING pc=0x000001929cc769a3 sp=0x000000144f5f7a68 mode 2
Event: 1465.608 Thread 0x00000192cd3b09d0 Uncommon trap: trap_request=0xffffff45 fr.pc=0x000001929d41194c relative=0x000000000000012c
Event: 1465.609 Thread 0x00000192cd3b09d0 Uncommon trap: reason=unstable_if action=reinterpret pc=0x000001929d41194c method=org.gradle.internal.time.DefaultCountdownTimer.hasExpired()Z @ 6 c2
Event: 1465.609 Thread 0x00000192cd3b09d0 DEOPT PACKING pc=0x000001929d41194c sp=0x000000144f5f7d20
Event: 1465.612 Thread 0x00000192cd3b09d0 DEOPT UNPACKING pc=0x000001929cc769a3 sp=0x000000144f5f7ce8 mode 2
Event: 1465.613 Thread 0x00000192cd3b09d0 Uncommon trap: trap_request=0xffffff45 fr.pc=0x000001929d5a1d4c relative=0x000000000000586c
Event: 1465.614 Thread 0x00000192cd3b09d0 Uncommon trap: reason=unstable_if action=reinterpret pc=0x000001929d5a1d4c method=org.gradle.internal.io.ExponentialBackoff.retryUntil(Lorg/gradle/internal/io/IOQuery;)Ljava/lang/Object; @ 25 c2
Event: 1465.614 Thread 0x00000192cd3b09d0 DEOPT PACKING pc=0x000001929d5a1d4c sp=0x000000144f5f7d80
Event: 1465.615 Thread 0x00000192cd3b09d0 DEOPT UNPACKING pc=0x000001929cc769a3 sp=0x000000144f5f7e18 mode 2

Classes loaded (20 events):
Event: 708.546 Loading class java/util/regex/Pattern$SliceI
Event: 708.546 Loading class java/util/regex/Pattern$SliceI done
Event: 712.347 Loading class jdk/internal/loader/URLClassPath$FileLoader
Event: 712.347 Loading class jdk/internal/loader/URLClassPath$FileLoader done
Event: 712.360 Loading class jdk/internal/loader/URLClassPath$FileLoader$1
Event: 712.360 Loading class jdk/internal/loader/URLClassPath$FileLoader$1 done
Event: 712.844 Loading class java/lang/AbstractMethodError
Event: 712.844 Loading class java/lang/AbstractMethodError done
Event: 712.907 Loading class java/time/temporal/WeekFields
Event: 712.907 Loading class java/time/temporal/WeekFields done
Event: 712.907 Loading class java/time/temporal/WeekFields$ComputedDayOfField
Event: 712.908 Loading class java/time/temporal/WeekFields$ComputedDayOfField done
Event: 712.911 Loading class java/time/Month$1
Event: 712.911 Loading class java/time/Month$1 done
Event: 712.916 Loading class java/nio/channels/Channels
Event: 712.916 Loading class java/nio/channels/Channels done
Event: 712.916 Loading class java/nio/channels/Channels$1
Event: 712.917 Loading class java/nio/channels/Channels$1 done
Event: 8083.644 Loading class java/util/regex/Pattern$Pos
Event: 8083.773 Loading class java/util/regex/Pattern$Pos done

Classes unloaded (0 events):
No events

Classes redefined (0 events):
No events

Internal exceptions (20 events):
Event: 713.218 Thread 0x00000192cd3b09d0 Exception <a 'java/lang/ClassNotFoundException'{0x000000008fb746a8}: org/gradle/internal/metaobject/ConfigureDelegateBeanInfo> (0x000000008fb746a8) 
thrown [s\src\hotspot\share\classfile\systemDictionary.cpp, line 256]
Event: 713.219 Thread 0x00000192cd3b09d0 Exception <a 'java/lang/ClassNotFoundException'{0x000000008fb85b98}: org/gradle/internal/metaobject/ConfigureDelegateCustomizer> (0x000000008fb85b98) 
thrown [s\src\hotspot\share\classfile\systemDictionary.cpp, line 256]
Event: 713.233 Thread 0x00000192cd3b09d0 Exception <a 'java/lang/ClassNotFoundException'{0x000000008fbc8a70}: org/gradle/api/internal/initialization/DefaultScriptHandlerBeanInfo> (0x000000008fbc8a70) 
thrown [s\src\hotspot\share\classfile\systemDictionary.cpp, line 256]
Event: 713.234 Thread 0x00000192cd3b09d0 Exception <a 'java/lang/ClassNotFoundException'{0x000000008fbda358}: org/gradle/api/internal/initialization/DefaultScriptHandlerCustomizer> (0x000000008fbda358) 
thrown [s\src\hotspot\share\classfile\systemDictionary.cpp, line 256]
Event: 713.255 Thread 0x00000192cd3b09d0 Exception <a 'java/lang/ClassNotFoundException'{0x00000000896ead98}: org/gradle/api/internal/artifacts/dsl/DefaultRepositoryHandler_DecoratedBeanInfo> (0x00000000896ead98) 
thrown [s\src\hotspot\share\classfile\systemDictionary.cpp, line 256]
Event: 713.256 Thread 0x00000192cd3b09d0 Exception <a 'java/lang/ClassNotFoundException'{0x00000000895031e0}: org/gradle/api/internal/artifacts/dsl/DefaultRepositoryHandlerBeanInfo> (0x00000000895031e0) 
thrown [s\src\hotspot\share\classfile\systemDictionary.cpp, line 256]
Event: 713.256 Thread 0x00000192cd3b09d0 Exception <a 'java/lang/ClassNotFoundException'{0x000000008951bb20}: org/gradle/api/internal/artifacts/DefaultArtifactRepositoryContainerBeanInfo> (0x000000008951bb20) 
thrown [s\src\hotspot\share\classfile\systemDictionary.cpp, line 256]
Event: 713.257 Thread 0x00000192cd3b09d0 Exception <a 'java/lang/ClassNotFoundException'{0x0000000089530660}: org/gradle/api/internal/DefaultNamedDomainObjectListBeanInfo> (0x0000000089530660) 
thrown [s\src\hotspot\share\classfile\systemDictionary.cpp, line 256]
Event: 713.258 Thread 0x00000192cd3b09d0 Exception <a 'java/lang/ClassNotFoundException'{0x0000000089545608}: org/gradle/api/internal/DefaultNamedDomainObjectCollectionBeanInfo> (0x0000000089545608) 
thrown [s\src\hotspot\share\classfile\systemDictionary.cpp, line 256]
Event: 713.259 Thread 0x00000192cd3b09d0 Exception <a 'java/lang/ClassNotFoundException'{0x000000008955a678}: org/gradle/api/internal/DefaultDomainObjectCollectionBeanInfo> (0x000000008955a678) 
thrown [s\src\hotspot\share\classfile\systemDictionary.cpp, line 256]
Event: 713.260 Thread 0x00000192cd3b09d0 Exception <a 'java/lang/ClassNotFoundException'{0x000000008956f598}: org/gradle/api/internal/DefaultDomainObjectCollectionCustomizer> (0x000000008956f598) 
thrown [s\src\hotspot\share\classfile\systemDictionary.cpp, line 256]
Event: 713.266 Thread 0x00000192cd3b09d0 Exception <a 'java/lang/ClassNotFoundException'{0x00000000895ac9d0}: org/gradle/api/internal/DefaultNamedDomainObjectCollectionCustomizer> (0x00000000895ac9d0) 
thrown [s\src\hotspot\share\classfile\systemDictionary.cpp, line 256]
Event: 713.271 Thread 0x00000192cd3b09d0 Exception <a 'java/lang/ClassNotFoundException'{0x00000000895f46c0}: org/gradle/api/internal/DefaultNamedDomainObjectListCustomizer> (0x00000000895f46c0) 
thrown [s\src\hotspot\share\classfile\systemDictionary.cpp, line 256]
Event: 713.276 Thread 0x00000192cd3b09d0 Exception <a 'java/lang/ClassNotFoundException'{0x0000000089438f40}: org/gradle/api/internal/artifacts/DefaultArtifactRepositoryContainerCustomizer> (0x0000000089438f40) 
thrown [s\src\hotspot\share\classfile\systemDictionary.cpp, line 256]
Event: 713.280 Thread 0x00000192cd3b09d0 Exception <a 'java/lang/ClassNotFoundException'{0x00000000894798a0}: org/gradle/api/internal/artifacts/dsl/DefaultRepositoryHandlerCustomizer> (0x00000000894798a0) 
thrown [s\src\hotspot\share\classfile\systemDictionary.cpp, line 256]
Event: 713.285 Thread 0x00000192cd3b09d0 Exception <a 'java/lang/ClassNotFoundException'{0x00000000894c7e50}: org/gradle/api/internal/artifacts/dsl/DefaultRepositoryHandler_DecoratedCustomizer> (0x00000000894c7e50) 
thrown [s\src\hotspot\share\classfile\systemDictionary.cpp, line 256]
Event: 713.302 Thread 0x00000192cd3b09d0 Exception <a 'java/lang/ClassNotFoundException'{0x000000008935b758}: org/gradle/api/internal/artifacts/dsl/dependencies/DefaultDependencyHandler_DecoratedBeanInfo> (0x000000008935b758) 
thrown [s\src\hotspot\share\classfile\systemDictionary.cpp, line 256]
Event: 713.303 Thread 0x00000192cd3b09d0 Exception <a 'java/lang/ClassNotFoundException'{0x0000000089373590}: org/gradle/api/internal/artifacts/dsl/dependencies/DefaultDependencyHandlerBeanInfo> (0x0000000089373590) 
thrown [s\src\hotspot\share\classfile\systemDictionary.cpp, line 256]
Event: 713.304 Thread 0x00000192cd3b09d0 Exception <a 'java/lang/ClassNotFoundException'{0x000000008938ae38}: org/gradle/api/internal/artifacts/dsl/dependencies/DefaultDependencyHandlerCustomizer> (0x000000008938ae38) 
thrown [s\src\hotspot\share\classfile\systemDictionary.cpp, line 256]
Event: 713.309 Thread 0x00000192cd3b09d0 Exception <a 'java/lang/ClassNotFoundException'{0x00000000893d4d18}: org/gradle/api/internal/artifacts/dsl/dependencies/DefaultDependencyHandler_DecoratedCustomizer> (0x00000000893d4d18) 
thrown [s\src\hotspot\share\classfile\systemDictionary.cpp, line 256]

VM Operations (20 events):
Event: 8083.805 Executing VM operation: Cleanup done
Event: 8084.808 Executing VM operation: Cleanup
Event: 8084.839 Executing VM operation: Cleanup done
Event: 8085.852 Executing VM operation: Cleanup
Event: 8085.956 Executing VM operation: Cleanup done
Event: 8086.958 Executing VM operation: Cleanup
Event: 8087.128 Executing VM operation: Cleanup done
Event: 8091.167 Executing VM operation: Cleanup
Event: 8091.343 Executing VM operation: Cleanup done
Event: 8092.349 Executing VM operation: Cleanup
Event: 8092.413 Executing VM operation: Cleanup done
Event: 8096.440 Executing VM operation: Cleanup
Event: 8096.628 Executing VM operation: Cleanup done
Event: 8097.633 Executing VM operation: Cleanup
Event: 8098.105 Executing VM operation: Cleanup done
Event: 8100.111 Executing VM operation: Cleanup
Event: 8100.255 Executing VM operation: Cleanup done
Event: 8100.292 Executing VM operation: G1CollectForAllocation
Event: 8106.594 Executing VM operation: G1CollectForAllocation done
Event: 8108.151 Executing VM operation: G1CollectForAllocation

Memory protections (0 events):
No events

Nmethod flushes (20 events):
Event: 509.081 Thread 0x00000192ac046be0 flushing  nmethod 0x0000019295fe9e10
Event: 509.081 Thread 0x00000192ac046be0 flushing  nmethod 0x0000019295feb590
Event: 509.081 Thread 0x00000192ac046be0 flushing  nmethod 0x0000019295fec710
Event: 509.081 Thread 0x00000192ac046be0 flushing  nmethod 0x0000019295fecf10
Event: 509.081 Thread 0x00000192ac046be0 flushing  nmethod 0x0000019295fed490
Event: 509.081 Thread 0x00000192ac046be0 flushing  nmethod 0x0000019295ff5310
Event: 509.081 Thread 0x00000192ac046be0 flushing  nmethod 0x0000019295ff7f10
Event: 509.082 Thread 0x00000192ac046be0 flushing  nmethod 0x0000019296008390
Event: 509.082 Thread 0x00000192ac046be0 flushing  nmethod 0x0000019296024c90
Event: 509.082 Thread 0x00000192ac046be0 flushing  nmethod 0x0000019296025010
Event: 509.082 Thread 0x00000192ac046be0 flushing  nmethod 0x0000019296026010
Event: 509.082 Thread 0x00000192ac046be0 flushing  nmethod 0x000001929602b590
Event: 509.082 Thread 0x00000192ac046be0 flushing  nmethod 0x0000019296054390
Event: 509.082 Thread 0x00000192ac046be0 flushing  nmethod 0x0000019296054890
Event: 509.082 Thread 0x00000192ac046be0 flushing  nmethod 0x0000019296055a10
Event: 509.082 Thread 0x00000192ac046be0 flushing  nmethod 0x0000019296058a10
Event: 509.082 Thread 0x00000192ac046be0 flushing  nmethod 0x00000192960c3010
Event: 509.082 Thread 0x00000192ac046be0 flushing  nmethod 0x00000192960e7510
Event: 509.083 Thread 0x00000192ac046be0 flushing  nmethod 0x00000192961a4190
Event: 712.526 Thread 0x00000192ac046be0 flushing  nmethod 0x0000019295829110

Events (20 events):
Event: 710.094 Thread 0x00000192d01f0a70 Thread added: 0x00000192ce827ba0
Event: 710.299 Thread 0x00000192ce827ba0 Thread exited: 0x00000192ce827ba0
Event: 711.118 Thread 0x00000192d01f0a70 Thread added: 0x00000192d07b06b0
Event: 711.890 Thread 0x00000192d01f0f90 Thread exited: 0x00000192d01f0f90
Event: 711.890 Thread 0x00000192d01f0a70 Thread exited: 0x00000192d01f0a70
Event: 711.890 Thread 0x00000192c82f35c0 Thread exited: 0x00000192c82f35c0
Event: 711.890 Thread 0x00000192d07b06b0 Thread exited: 0x00000192d07b06b0
Event: 712.697 Thread 0x00000192ac0462d0 Thread added: 0x00000192cfbb4840
Event: 712.865 Thread 0x00000192ac0462d0 Thread added: 0x00000192ce81aca0
Event: 713.168 Thread 0x00000192ce81aca0 Thread exited: 0x00000192ce81aca0
Event: 713.168 Thread 0x00000192cfbb4840 Thread exited: 0x00000192cfbb4840
Event: 713.342 Thread 0x00000192cd3b09d0 Thread added: 0x00000192ce97b4d0
Event: 713.590 Thread 0x00000192ac0462d0 Thread added: 0x00000192d01c14e0
Event: 713.646 Thread 0x00000192ac0462d0 Thread added: 0x00000192d0c66260
Event: 714.235 Thread 0x00000192d0c66260 Thread exited: 0x00000192d0c66260
Event: 714.235 Thread 0x00000192d01c14e0 Thread exited: 0x00000192d01c14e0
Event: 726.745 Thread 0x00000192ac0462d0 Thread added: 0x00000192d14a6010
Event: 731.760 Thread 0x00000192d14a6010 Thread exited: 0x00000192d14a6010
Event: 783.749 Thread 0x00000192ac0462d0 Thread added: 0x00000192d14a6010
Event: 785.725 Thread 0x00000192d14a6010 Thread exited: 0x00000192d14a6010


Dynamic libraries:
0x00007ff687c40000 - 0x00007ff687c4e000 	C:\Program Files\Eclipse Adoptium\jdk-17.0.15.6-hotspot\bin\java.exe
0x00007fffc3680000 - 0x00007fffc38e6000 	C:\WINDOWS\SYSTEM32\ntdll.dll
0x00007fffc2160000 - 0x00007fffc2229000 	C:\WINDOWS\System32\KERNEL32.DLL
0x00007fffc0ae0000 - 0x00007fffc0eac000 	C:\WINDOWS\System32\KERNELBASE.dll
0x0000000070320000 - 0x00000000703bd000 	C:\ProgramData\Symantec\Symantec Endpoint Protection\14.3.9205.6000.105\Data\Sysfer\x64\sysfer.dll
0x00007fffc0810000 - 0x00007fffc095b000 	C:\WINDOWS\System32\ucrtbase.dll
0x00007fff99aa0000 - 0x00007fff99abe000 	C:\Program Files\Eclipse Adoptium\jdk-17.0.15.6-hotspot\bin\VCRUNTIME140.dll
0x00007fff9be20000 - 0x00007fff9be37000 	C:\Program Files\Eclipse Adoptium\jdk-17.0.15.6-hotspot\bin\jli.dll
0x00007fffc14c0000 - 0x00007fffc168a000 	C:\WINDOWS\System32\USER32.dll
0x00007fffa61a0000 - 0x00007fffa643a000 	C:\WINDOWS\WinSxS\amd64_microsoft.windows.common-controls_6595b64144ccf1df_6.0.26100.3912_none_3e07963ce335137e\COMCTL32.dll
0x00007fffc1360000 - 0x00007fffc1387000 	C:\WINDOWS\System32\win32u.dll
0x00007fffc1730000 - 0x00007fffc175b000 	C:\WINDOWS\System32\GDI32.dll
0x00007fffc0f70000 - 0x00007fffc10a2000 	C:\WINDOWS\System32\gdi32full.dll
0x00007fffc3590000 - 0x00007fffc3639000 	C:\WINDOWS\System32\msvcrt.dll
0x00007fffc1390000 - 0x00007fffc1433000 	C:\WINDOWS\System32\msvcp_win.dll
0x00007fffc2850000 - 0x00007fffc2880000 	C:\WINDOWS\System32\IMM32.DLL
0x00007fffa4250000 - 0x00007fffa425c000 	C:\Program Files\Eclipse Adoptium\jdk-17.0.15.6-hotspot\bin\vcruntime140_1.dll
0x00007fff7c670000 - 0x00007fff7c6fd000 	C:\Program Files\Eclipse Adoptium\jdk-17.0.15.6-hotspot\bin\msvcp140.dll
0x00007fff3e940000 - 0x00007fff3f5ab000 	C:\Program Files\Eclipse Adoptium\jdk-17.0.15.6-hotspot\bin\server\jvm.dll
0x00007fffc2e40000 - 0x00007fffc2ef2000 	C:\WINDOWS\System32\ADVAPI32.dll
0x00007fffc1760000 - 0x00007fffc1806000 	C:\WINDOWS\System32\sechost.dll
0x00007fffc2040000 - 0x00007fffc2156000 	C:\WINDOWS\System32\RPCRT4.dll
0x00007fffc3500000 - 0x00007fffc3574000 	C:\WINDOWS\System32\WS2_32.dll
0x00007fffc0680000 - 0x00007fffc06de000 	C:\WINDOWS\SYSTEM32\POWRPROF.dll
0x00007fffb52a0000 - 0x00007fffb52d6000 	C:\WINDOWS\SYSTEM32\WINMM.dll
0x00007fffa9820000 - 0x00007fffa982b000 	C:\WINDOWS\SYSTEM32\VERSION.dll
0x00007fffc0660000 - 0x00007fffc0674000 	C:\WINDOWS\SYSTEM32\UMPDC.dll
0x00007fffbf5d0000 - 0x00007fffbf5ea000 	C:\WINDOWS\SYSTEM32\kernel.appcore.dll
0x00007fffa41b0000 - 0x00007fffa41ba000 	C:\Program Files\Eclipse Adoptium\jdk-17.0.15.6-hotspot\bin\jimage.dll
0x00007fffbe100000 - 0x00007fffbe341000 	C:\WINDOWS\SYSTEM32\DBGHELP.DLL
0x00007fffc3000000 - 0x00007fffc3384000 	C:\WINDOWS\System32\combase.dll
0x00007fffc2b40000 - 0x00007fffc2c20000 	C:\WINDOWS\System32\OLEAUT32.dll
0x00007fff95100000 - 0x00007fff95139000 	C:\WINDOWS\SYSTEM32\dbgcore.DLL
0x00007fffc12c0000 - 0x00007fffc1359000 	C:\WINDOWS\System32\bcryptPrimitives.dll
0x00007fff988b0000 - 0x00007fff988d5000 	C:\Program Files\Eclipse Adoptium\jdk-17.0.15.6-hotspot\bin\java.dll
0x00007fff7c590000 - 0x00007fff7c667000 	C:\Program Files\Eclipse Adoptium\jdk-17.0.15.6-hotspot\bin\jsvml.dll
0x00007fffc1890000 - 0x00007fffc1fbd000 	C:\WINDOWS\System32\SHELL32.dll
0x00007fffc0960000 - 0x00007fffc0ad4000 	C:\WINDOWS\System32\wintypes.dll
0x00007fffbe450000 - 0x00007fffbeca6000 	C:\WINDOWS\SYSTEM32\windows.storage.dll
0x00007fffc2f00000 - 0x00007fffc2fef000 	C:\WINDOWS\System32\SHCORE.dll
0x00007fffc1820000 - 0x00007fffc1889000 	C:\WINDOWS\System32\shlwapi.dll
0x00007fffc0720000 - 0x00007fffc074f000 	C:\WINDOWS\SYSTEM32\profapi.dll
0x00007fff99a10000 - 0x00007fff99a29000 	C:\Program Files\Eclipse Adoptium\jdk-17.0.15.6-hotspot\bin\net.dll
0x00007fffaf2b0000 - 0x00007fffaf3ce000 	C:\WINDOWS\SYSTEM32\WINHTTP.dll
0x00007fffbfb40000 - 0x00007fffbfbaa000 	C:\WINDOWS\system32\mswsock.dll
0x00007fff98f80000 - 0x00007fff98f96000 	C:\Program Files\Eclipse Adoptium\jdk-17.0.15.6-hotspot\bin\nio.dll
0x00007fff98520000 - 0x00007fff98538000 	C:\Program Files\Eclipse Adoptium\jdk-17.0.15.6-hotspot\bin\zip.dll
0x00007fffa4150000 - 0x00007fffa4160000 	C:\Program Files\Eclipse Adoptium\jdk-17.0.15.6-hotspot\bin\verify.dll
0x00007fff98930000 - 0x00007fff98957000 	C:\Users\karth\.gradle\native\68d5fa5c4cc2d200863cafc0d521ce42e7d3e7ee720ec0a83991735586a16f82\windows-amd64\native-platform.dll
0x00007fff7c440000 - 0x00007fff7c584000 	C:\Users\karth\.gradle\native\e376f236ea51e6404a007f0833ffe2c6e607c4080706a723a18a27aeea778392\windows-amd64\native-platform-file-events.dll
0x00007fffa0910000 - 0x00007fffa091a000 	C:\Program Files\Eclipse Adoptium\jdk-17.0.15.6-hotspot\bin\management.dll
0x00007fffa0830000 - 0x00007fffa083b000 	C:\Program Files\Eclipse Adoptium\jdk-17.0.15.6-hotspot\bin\management_ext.dll
0x00007fffc3580000 - 0x00007fffc3588000 	C:\WINDOWS\System32\PSAPI.DLL
0x00007fffbfde0000 - 0x00007fffbfdfc000 	C:\WINDOWS\SYSTEM32\CRYPTSP.dll
0x00007fffbf530000 - 0x00007fffbf56a000 	C:\WINDOWS\system32\rsaenh.dll
0x00007fffbfbe0000 - 0x00007fffbfc0b000 	C:\WINDOWS\SYSTEM32\USERENV.dll
0x00007fffc06f0000 - 0x00007fffc0716000 	C:\WINDOWS\SYSTEM32\bcrypt.dll
0x00007fffbfe00000 - 0x00007fffbfe0c000 	C:\WINDOWS\SYSTEM32\CRYPTBASE.dll
0x00007fffbf070000 - 0x00007fffbf0a3000 	C:\WINDOWS\SYSTEM32\IPHLPAPI.DLL
0x00007fffc2740000 - 0x00007fffc274a000 	C:\WINDOWS\System32\NSI.dll
0x00007fffb72a0000 - 0x00007fffb72bf000 	C:\WINDOWS\SYSTEM32\dhcpcsvc6.DLL
0x00007fffb7030000 - 0x00007fffb7055000 	C:\WINDOWS\SYSTEM32\dhcpcsvc.DLL
0x00007fffbf140000 - 0x00007fffbf267000 	C:\WINDOWS\SYSTEM32\DNSAPI.dll
0x00007fff9c160000 - 0x00007fff9c169000 	C:\Program Files\Eclipse Adoptium\jdk-17.0.15.6-hotspot\bin\extnet.dll
0x00007fff9bf40000 - 0x00007fff9bf4e000 	C:\Program Files\Eclipse Adoptium\jdk-17.0.15.6-hotspot\bin\sunmscapi.dll
0x00007fffc10b0000 - 0x00007fffc1227000 	C:\WINDOWS\System32\CRYPT32.dll
0x00007fffbfff0000 - 0x00007fffc0020000 	C:\WINDOWS\SYSTEM32\ncrypt.dll
0x00007fffbffa0000 - 0x00007fffbffdf000 	C:\WINDOWS\SYSTEM32\NTASN1.dll
0x00007fffa3df0000 - 0x00007fffa3df8000 	C:\WINDOWS\system32\wshunix.dll

dbghelp: loaded successfully - version: 4.0.5 - missing functions: none
symbol engine: initialized successfully - sym options: 0x614 - pdb path: .;C:\Program Files\Eclipse Adoptium\jdk-17.0.15.6-hotspot\bin;C:\WINDOWS\SYSTEM32;C:\ProgramData\Symantec\Symantec Endpoint Protection\14.3.9205.6000.105\Data\Sysfer\x64;C:\WINDOWS\WinSxS\amd64_microsoft.windows.common-controls_6595b64144ccf1df_6.0.26100.3912_none_3e07963ce335137e;C:\Program Files\Eclipse Adoptium\jdk-17.0.15.6-hotspot\bin\server;C:\Users\karth\.gradle\native\68d5fa5c4cc2d200863cafc0d521ce42e7d3e7ee720ec0a83991735586a16f82\windows-amd64;C:\Users\karth\.gradle\native\e376f236ea51e6404a007f0833ffe2c6e607c4080706a723a18a27aeea778392\windows-amd64

VM Arguments:
jvm_args: -XX:MaxMetaspaceSize=512m --add-opens=java.base/java.util=ALL-UNNAMED --add-opens=java.base/java.lang=ALL-UNNAMED --add-opens=java.base/java.lang.invoke=ALL-UNNAMED --add-opens=java.prefs/java.util.prefs=ALL-UNNAMED --add-opens=java.base/java.nio.charset=ALL-UNNAMED --add-opens=java.base/java.net=ALL-UNNAMED --add-opens=java.base/java.util.concurrent.atomic=ALL-UNNAMED -Xmx2048m -Dfile.encoding=UTF-8 -Duser.country=CA -Duser.language=en -Duser.variant 
java_command: org.gradle.launcher.daemon.bootstrap.GradleDaemon 8.0.1
java_class_path (initial): C:\Users\karth\.gradle\wrapper\dists\gradle-8.0.1-all\aro4hu1c3oeioove7l0i4i14o\gradle-8.0.1\lib\gradle-launcher-8.0.1.jar
Launcher Type: SUN_STANDARD

[Global flags]
     intx CICompilerCount                          = 12                                        {product} {ergonomic}
   size_t CompressedClassSpaceSize                 = 436207616                                 {product} {ergonomic}
     uint ConcGCThreads                            = 3                                         {product} {ergonomic}
     uint G1ConcRefinementThreads                  = 13                                        {product} {ergonomic}
   size_t G1HeapRegionSize                         = 1048576                                   {product} {ergonomic}
    uintx GCDrainStackTargetSize                   = 64                                        {product} {ergonomic}
   size_t InitialHeapSize                          = 264241152                                 {product} {ergonomic}
   size_t MarkStackSize                            = 4194304                                   {product} {ergonomic}
   size_t MaxHeapSize                              = 2147483648                                {product} {command line}
   size_t MaxMetaspaceSize                         = 536870912                                 {product} {command line}
   size_t MaxNewSize                               = 1287651328                                {product} {ergonomic}
   size_t MinHeapDeltaBytes                        = 1048576                                   {product} {ergonomic}
   size_t MinHeapSize                              = 8388608                                   {product} {ergonomic}
    uintx NonNMethodCodeHeapSize                   = 7602480                                {pd product} {ergonomic}
    uintx NonProfiledCodeHeapSize                  = 122027880                              {pd product} {ergonomic}
    uintx ProfiledCodeHeapSize                     = 122027880                              {pd product} {ergonomic}
    uintx ReservedCodeCacheSize                    = 251658240                              {pd product} {ergonomic}
     bool SegmentedCodeCache                       = true                                      {product} {ergonomic}
   size_t SoftMaxHeapSize                          = 2147483648                             {manageable} {ergonomic}
     bool UseCompressedClassPointers               = true                           {product lp64_product} {ergonomic}
     bool UseCompressedOops                        = true                           {product lp64_product} {ergonomic}
     bool UseG1GC                                  = true                                      {product} {ergonomic}
     bool UseLargePagesIndividualAllocation        = false                                  {pd product} {ergonomic}

Logging:
Log output configuration:
 #0: stdout all=warning uptime,level,tags
 #1: stderr all=off uptime,level,tags

Environment Variables:
JAVA_HOME=C:\Program Files\Java\jdk-23
CLASSPATH=C:\Users\karth\CascadeProjects\MobileAppAndroid\android\\gradle\wrapper\gradle-wrapper.jar
PATH=C:\Users\karth\CascadeProjects\MobileAppAndroid\node_modules\.bin;C:\Users\karth\CascadeProjects\MobileAppAndroid\node_modules\.bin;C:\Users\karth\CascadeProjects\node_modules\.bin;C:\Users\karth\node_modules\.bin;C:\Users\node_modules\.bin;C:\node_modules\.bin;C:\Program Files\nodejs\node_modules\npm\node_modules\@npmcli\run-script\lib\node-gyp-bin;C:\Users\karth\CascadeProjects\MobileAppAndroid\node_modules\.bin;C:\Users\karth\CascadeProjects\MobileAppAndroid\node_modules\.bin;C:\Users\karth\CascadeProjects\node_modules\.bin;C:\Users\karth\node_modules\.bin;C:\Users\node_modules\.bin;C:\node_modules\.bin;C:\Program Files\nodejs\node_modules\npm\node_modules\@npmcli\run-script\lib\node-gyp-bin;C:\Program Files\Eclipse Adoptium\jdk-17.0.15.6-hotspot\bin;C:\Program Files\Common Files\Oracle\Java\javapath;C:\WINDOWS\system32;C:\WINDOWS;C:\WINDOWS\System32\Wbem;C:\WINDOWS\System32\WindowsPowerShell\v1.0\;C:\WINDOWS\System32\OpenSSH\;C:\Program Files\nodejs\;C:\Program Files (x86)\nikto\program;C:\Program Files (x86)\curl;D:\GoWorkspace\bin;C:\Program Files\Go\bin;C:\Program Files\Git\cmd;C:\Users\karth\AppData\Local\Android\Sdk;C:\Users\karth\AppData\Local\Android\Sdk\platform-tools;C:\Program Files\Eclipse Adoptium\jdk-17.0.15.6-hotspot\bin;C:\Program Files\Common Files\Oracle\Java\javapath;C:\WINDOWS\system32;C:\WINDOWS;C:\WINDOWS\System32\Wbem;C:\WINDOWS\System32\WindowsPowerShell\v1.0\;C:\WINDOWS\System32\OpenSSH\;C:\Program Files\nodejs\;C:\Program Files\Git\cmd;C:\Users\karth\AppData\Local\Microsoft\WindowsApps;C:\Users\karth\AppData\Local\Programs\Microsoft VS Code\bin;C:\Users\karth\AppData\Roaming\npm;C:\Users\karth\go\bin;C:\Users\karth\AppData\Local\Programs\Windsurf\bin
USERNAME=karth
OS=Windows_NT
PROCESSOR_IDENTIFIER=Intel64 Family 6 Model 154 Stepping 3, GenuineIntel
TMP=C:\Users\karth\AppData\Local\Temp
TEMP=C:\Users\karth\AppData\Local\Temp



Periodic native trim disabled


---------------  S Y S T E M  ---------------

OS:
 Windows 11 , 64 bit Build 26100 (10.0.26100.3912)
OS uptime: 10 days 15:58 hours
Hyper-V role detected

CPU: total 16 (initial active 16) (8 cores per cpu, 2 threads per core) family 6 model 154 stepping 3 microcode 0x416, cx8, cmov, fxsr, ht, mmx, 3dnowpref, sse, sse2, sse3, ssse3, sse4.1, sse4.2, popcnt, lzcnt, tsc, tscinvbit, avx, avx2, aes, erms, clmul, bmi1, bmi2, adx, sha, fma, vzeroupper, clflush, clflushopt, clwb, hv
Processor Information for processor 0
  Max Mhz: 2100, Current Mhz: 2100, Mhz Limit: 2100
Processor Information for processor 1
  Max Mhz: 2100, Current Mhz: 2100, Mhz Limit: 2100
Processor Information for processor 2
  Max Mhz: 2100, Current Mhz: 2100, Mhz Limit: 2100
Processor Information for processor 3
  Max Mhz: 2100, Current Mhz: 2100, Mhz Limit: 2100
Processor Information for processor 4
  Max Mhz: 2100, Current Mhz: 2100, Mhz Limit: 2100
Processor Information for processor 5
  Max Mhz: 2100, Current Mhz: 2100, Mhz Limit: 2100
Processor Information for processor 6
  Max Mhz: 2100, Current Mhz: 2100, Mhz Limit: 2100
Processor Information for processor 7
  Max Mhz: 2100, Current Mhz: 2100, Mhz Limit: 2100
Processor Information for processor 8
  Max Mhz: 2100, Current Mhz: 1500, Mhz Limit: 1491
Processor Information for processor 9
  Max Mhz: 2100, Current Mhz: 1500, Mhz Limit: 1491
Processor Information for processor 10
  Max Mhz: 2100, Current Mhz: 1500, Mhz Limit: 1491
Processor Information for processor 11
  Max Mhz: 2100, Current Mhz: 1500, Mhz Limit: 1491
Processor Information for processor 12
  Max Mhz: 2100, Current Mhz: 1500, Mhz Limit: 1491
Processor Information for processor 13
  Max Mhz: 2100, Current Mhz: 1500, Mhz Limit: 1491
Processor Information for processor 14
  Max Mhz: 2100, Current Mhz: 1500, Mhz Limit: 1491
Processor Information for processor 15
  Max Mhz: 2100, Current Mhz: 1500, Mhz Limit: 1491

Memory: 4k page, system-wide physical 16088M (2M free)
TotalPageFile size 64210M (AvailPageFile size 8M)
current process WorkingSet (physical memory assigned to process): 13M, peak: 248M
current process commit charge ("private bytes"): 396M, peak: 440M

vm_info: OpenJDK 64-Bit Server VM (17.0.15+6) for windows-amd64 JRE (17.0.15+6), built on Apr 15 2025 21:25:47 by "admin" with MS VC++ 17.7 (VS2022)

END.
