#
# There is insufficient memory for the Java Runtime Environment to continue.
# Native memory allocation (mmap) failed to map 97517568 bytes. Error detail: G1 virtual space
# Possible reasons:
#   The system is out of physical RAM or swap space
#   This process is running with CompressedOops enabled, and the Java Heap may be blocking the growth of the native heap
# Possible solutions:
#   Reduce memory load on the system
#   Increase physical memory or swap space
#   Check if swap backing store is full
#   Decrease Java heap size (-Xmx/-Xms)
#   Decrease number of Java threads
#   Decrease Java thread stack sizes (-Xss)
#   Set larger code cache with -XX:ReservedCodeCacheSize=
#   JVM is running with Unscaled Compressed Oops mode in which the Java heap is
#     placed in the first 4GB address space. The Java Heap base address is the
#     maximum limit for the native heap growth. Please use -XX:HeapBaseMinAddress
#     to set the Java Heap base and to place the Java Heap above 4GB virtual address.
# This output file may be truncated or incomplete.
#
#  Out of Memory Error (os_windows.cpp:3618), pid=65616, tid=14592
#
# JRE version: OpenJDK Runtime Environment Temurin-17.0.15+6 (17.0.15+6) (build 17.0.15+6)
# Java VM: OpenJDK 64-Bit Server VM Temurin-17.0.15+6 (17.0.15+6, mixed mode, sharing, tiered, compressed oops, compressed class ptrs, g1 gc, windows-amd64)
# No core dump will be written. Minidumps are not enabled by default on client versions of Windows
#

---------------  S U M M A R Y ------------

Command Line: -XX:MaxMetaspaceSize=512m --add-opens=java.base/java.util=ALL-UNNAMED --add-opens=java.base/java.lang=ALL-UNNAMED --add-opens=java.base/java.lang.invoke=ALL-UNNAMED --add-opens=java.prefs/java.util.prefs=ALL-UNNAMED --add-opens=java.base/java.nio.charset=ALL-UNNAMED --add-opens=java.base/java.net=ALL-UNNAMED --add-opens=java.base/java.util.concurrent.atomic=ALL-UNNAMED -Xmx2048m -Dfile.encoding=UTF-8 -Duser.country=CA -Duser.language=en -Duser.variant org.gradle.launcher.daemon.bootstrap.GradleDaemon 8.0.1

Host: 12th Gen Intel(R) Core(TM) i7-1260P, 16 cores, 15G,  Windows 11 , 64 bit Build 26100 (10.0.26100.3912)
Time: Mon May 26 02:11:46 2025 Eastern Daylight Time elapsed time: 8340.628470 seconds (0d 2h 19m 0s)

---------------  T H R E A D  ---------------

Current thread (0x0000024eb1759010):  VMThread "VM Thread" [stack: 0x000000b847000000,0x000000b847100000] [id=14592]

Stack: [0x000000b847000000,0x000000b847100000]
Native frames: (J=compiled Java code, j=interpreted, Vv=VM code, C=native code)
V  [jvm.dll+0x682fc9]
V  [jvm.dll+0x839878]
V  [jvm.dll+0x83b323]
V  [jvm.dll+0x83b993]
V  [jvm.dll+0x24725f]
V  [jvm.dll+0x67fda9]
V  [jvm.dll+0x674c9a]
V  [jvm.dll+0x304d06]
V  [jvm.dll+0x30c1c6]
V  [jvm.dll+0x35dd4e]
V  [jvm.dll+0x35df8d]
V  [jvm.dll+0x2dc0cc]
V  [jvm.dll+0x2da46f]
V  [jvm.dll+0x2d9bdc]
V  [jvm.dll+0x31d3bb]
V  [jvm.dll+0x8401cd]
V  [jvm.dll+0x840f03]
V  [jvm.dll+0x84142f]
V  [jvm.dll+0x841814]
V  [jvm.dll+0x8418de]
V  [jvm.dll+0x7e94dc]
V  [jvm.dll+0x681ea7]
C  [ucrtbase.dll+0x37b0]
C  [KERNEL32.DLL+0x2e8d7]
C  [ntdll.dll+0x9c5dc]

VM_Operation (0x000000b8482fead0): G1CollectForAllocation, mode: safepoint, requested by thread 0x0000024ed1d6e2b0


---------------  P R O C E S S  ---------------

Threads class SMR info:
_java_thread_list=0x0000024ed56ed8d0, length=79, elements={
0x0000024e92c24e50, 0x0000024eb175d300, 0x0000024eb175e740, 0x0000024eb176edd0,
0x0000024eb17716b0, 0x0000024eb1771f80, 0x0000024eb1772850, 0x0000024eb1773450,
0x0000024eb177c450, 0x0000024eb1ca8650, 0x0000024eb1d6ee80, 0x0000024eb1d74680,
0x0000024ed1d6e2b0, 0x0000024ed2800ff0, 0x0000024eb1e23580, 0x0000024ed1f3a270,
0x0000024ed2242500, 0x0000024ed2166030, 0x0000024ed2671950, 0x0000024ed2672880,
0x0000024ed2672d90, 0x0000024ed26732a0, 0x0000024ed1d80080, 0x0000024ed1d80590,
0x0000024ed1d7e730, 0x0000024ed1d80aa0, 0x0000024ed1d80fb0, 0x0000024ed1d7dd10,
0x0000024ed1d7fb70, 0x0000024ed1d7e220, 0x0000024ed1d7ec40, 0x0000024ed1d7f150,
0x0000024ed2671e60, 0x0000024ed327a880, 0x0000024ed3278a20, 0x0000024ed3278f30,
0x0000024ed3279440, 0x0000024ed327b7b0, 0x0000024ed327bcc0, 0x0000024ed3279950,
0x0000024ed327ad90, 0x0000024ed3278510, 0x0000024ed327c6e0, 0x0000024ed327c1d0,
0x0000024ed327cbf0, 0x0000024ed327d100, 0x0000024ed327d610, 0x0000024ed3279e60,
0x0000024ed327db20, 0x0000024ed327a370, 0x0000024ed327e030, 0x0000024ed327e540,
0x0000024ed327ea50, 0x0000024ed327ef60, 0x0000024ed327f470, 0x0000024ed327f980,
0x0000024ed1d814c0, 0x0000024ed2e65330, 0x0000024ed2e634d0, 0x0000024ed2e639e0,
0x0000024ed2e64e20, 0x0000024ed2e65840, 0x0000024ed2e64910, 0x0000024ed2e625a0,
0x0000024ed2e62ab0, 0x0000024ed2e63ef0, 0x0000024ed2e62090, 0x0000024ed2e62fc0,
0x0000024ed2e66770, 0x0000024ed2e65d50, 0x0000024ed2e66c80, 0x0000024ed2e66260,
0x0000024ed2e67190, 0x0000024ed2e64400, 0x0000024ed2e68ae0, 0x0000024ed2e676a0,
0x0000024ed2e69a10, 0x0000024ed2e680c0, 0x0000024ed2e69500
}

Java Threads: ( => current thread )
  0x0000024e92c24e50 JavaThread "main" [_thread_blocked, id=42500, stack(0x000000b846a00000,0x000000b846b00000)]
  0x0000024eb175d300 JavaThread "Reference Handler" daemon [_thread_blocked, id=22636, stack(0x000000b847100000,0x000000b847200000)]
  0x0000024eb175e740 JavaThread "Finalizer" daemon [_thread_blocked, id=26828, stack(0x000000b847200000,0x000000b847300000)]
  0x0000024eb176edd0 JavaThread "Signal Dispatcher" daemon [_thread_blocked, id=46864, stack(0x000000b847300000,0x000000b847400000)]
  0x0000024eb17716b0 JavaThread "Attach Listener" daemon [_thread_blocked, id=66352, stack(0x000000b847400000,0x000000b847500000)]
  0x0000024eb1771f80 JavaThread "Service Thread" daemon [_thread_blocked, id=17336, stack(0x000000b847500000,0x000000b847600000)]
  0x0000024eb1772850 JavaThread "Monitor Deflation Thread" daemon [_thread_blocked, id=30192, stack(0x000000b847600000,0x000000b847700000)]
  0x0000024eb1773450 JavaThread "C2 CompilerThread0" daemon [_thread_blocked, id=11016, stack(0x000000b847700000,0x000000b847800000)]
  0x0000024eb177c450 JavaThread "C1 CompilerThread0" daemon [_thread_blocked, id=24356, stack(0x000000b847800000,0x000000b847900000)]
  0x0000024eb1ca8650 JavaThread "Sweeper thread" daemon [_thread_blocked, id=54184, stack(0x000000b847900000,0x000000b847a00000)]
  0x0000024eb1d6ee80 JavaThread "Common-Cleaner" daemon [_thread_blocked, id=24604, stack(0x000000b847a00000,0x000000b847b00000)]
  0x0000024eb1d74680 JavaThread "Notification Thread" daemon [_thread_blocked, id=51456, stack(0x000000b847b00000,0x000000b847c00000)]
  0x0000024ed1d6e2b0 JavaThread "Daemon health stats" [_thread_blocked, id=28260, stack(0x000000b848200000,0x000000b848300000)]
  0x0000024ed2800ff0 JavaThread "Incoming local TCP Connector on port 34116" [_thread_in_native, id=17560, stack(0x000000b846700000,0x000000b846800000)]
  0x0000024eb1e23580 JavaThread "Daemon periodic checks" [_thread_blocked, id=31832, stack(0x000000b848600000,0x000000b848700000)]
  0x0000024ed1f3a270 JavaThread "Daemon" [_thread_blocked, id=59108, stack(0x000000b848700000,0x000000b848800000)]
  0x0000024ed2242500 JavaThread "Handler for socket connection from /127.0.0.1:34116 to /127.0.0.1:34378" [_thread_blocked, id=50164, stack(0x000000b848800000,0x000000b848900000)]
  0x0000024ed2166030 JavaThread "Cancel handler" [_thread_blocked, id=61348, stack(0x000000b848900000,0x000000b848a00000)]
  0x0000024ed2671950 JavaThread "Daemon worker" [_thread_blocked, id=42872, stack(0x000000b846900000,0x000000b846a00000)]
  0x0000024ed2672880 JavaThread "Asynchronous log dispatcher for DefaultDaemonConnection: socket connection from /127.0.0.1:34116 to /127.0.0.1:34378" [_thread_blocked, id=54456, stack(0x000000b848a00000,0x000000b848b00000)]
  0x0000024ed2672d90 JavaThread "Daemon client event forwarder" [_thread_blocked, id=68284, stack(0x000000b848c00000,0x000000b848d00000)]
  0x0000024ed26732a0 JavaThread "Cache worker for journal cache (C:\Users\karth\.gradle\caches\journal-1)" [_thread_blocked, id=54760, stack(0x000000b849000000,0x000000b849100000)]
  0x0000024ed1d80080 JavaThread "File lock request listener" [_thread_in_native, id=61464, stack(0x000000b849100000,0x000000b849200000)]
  0x0000024ed1d80590 JavaThread "Cache worker for file hash cache (C:\Users\karth\.gradle\caches\8.0.1\fileHashes)" [_thread_blocked, id=29852, stack(0x000000b849300000,0x000000b849400000)]
  0x0000024ed1d7e730 JavaThread "File watcher server" daemon [_thread_in_native, id=65756, stack(0x000000b848b00000,0x000000b848c00000)]
  0x0000024ed1d80aa0 JavaThread "File watcher consumer" daemon [_thread_blocked, id=64216, stack(0x000000b849400000,0x000000b849500000)]
  0x0000024ed1d80fb0 JavaThread "Cache worker for checksums cache (C:\Users\karth\CascadeProjects\MobileAppAndroid\android\.gradle\8.0.1\checksums)" [_thread_blocked, id=54064, stack(0x000000b849500000,0x000000b849600000)]
  0x0000024ed1d7dd10 JavaThread "Cache worker for cache directory md-rule (C:\Users\karth\.gradle\caches\8.0.1\md-rule)" [_thread_blocked, id=28180, stack(0x000000b849600000,0x000000b849700000)]
  0x0000024ed1d7fb70 JavaThread "Cache worker for file content cache (C:\Users\karth\.gradle\caches\8.0.1\fileContent)" [_thread_blocked, id=52752, stack(0x000000b849700000,0x000000b849800000)]
  0x0000024ed1d7e220 JavaThread "Cache worker for file hash cache (C:\Users\karth\CascadeProjects\MobileAppAndroid\android\.gradle\8.0.1\fileHashes)" [_thread_blocked, id=14524, stack(0x000000b849a00000,0x000000b849b00000)]
  0x0000024ed1d7ec40 JavaThread "Cache worker for cache directory md-supplier (C:\Users\karth\.gradle\caches\8.0.1\md-supplier)" [_thread_blocked, id=38208, stack(0x000000b849b00000,0x000000b849c00000)]
  0x0000024ed1d7f150 JavaThread "Cache worker for execution history cache (C:\Users\karth\.gradle\caches\8.0.1\executionHistory)" [_thread_blocked, id=65796, stack(0x000000b849c00000,0x000000b849d00000)]
  0x0000024ed2671e60 JavaThread "jar transforms" [_thread_blocked, id=67188, stack(0x000000b849f00000,0x000000b84a000000)]
  0x0000024ed327a880 JavaThread "jar transforms Thread 2" [_thread_blocked, id=6076, stack(0x000000b84a000000,0x000000b84a100000)]
  0x0000024ed3278a20 JavaThread "jar transforms Thread 3" [_thread_blocked, id=55716, stack(0x000000b84a100000,0x000000b84a200000)]
  0x0000024ed3278f30 JavaThread "jar transforms Thread 4" [_thread_blocked, id=55656, stack(0x000000b84a200000,0x000000b84a300000)]
  0x0000024ed3279440 JavaThread "Cache worker for kotlin-dsl (C:\Users\karth\.gradle\caches\8.0.1\kotlin-dsl)" [_thread_blocked, id=69264, stack(0x000000b849200000,0x000000b849300000)]
  0x0000024ed327b7b0 JavaThread "jar transforms Thread 5" [_thread_blocked, id=69480, stack(0x000000b849e00000,0x000000b849f00000)]
  0x0000024ed327bcc0 JavaThread "jar transforms Thread 6" [_thread_blocked, id=3912, stack(0x000000b84a400000,0x000000b84a500000)]
  0x0000024ed3279950 JavaThread "Cache worker for dependencies-accessors (C:\Users\karth\CascadeProjects\MobileAppAndroid\android\.gradle\8.0.1\dependencies-accessors)" [_thread_blocked, id=9996, stack(0x000000b84a500000,0x000000b84a600000)]
  0x0000024ed327ad90 JavaThread "Cache worker for Build Output Cleanup Cache (C:\Users\karth\CascadeProjects\MobileAppAndroid\node_modules\@react-native\gradle-plugin\.gradle\buildOutputCleanup)" [_thread_blocked, id=44848, stack(0x000000b84a600000,0x000000b84a700000)]
  0x0000024ed3278510 JavaThread "jar transforms Thread 7" [_thread_blocked, id=14168, stack(0x000000b84a700000,0x000000b84a800000)]
  0x0000024ed327c6e0 JavaThread "Unconstrained build operations" [_thread_blocked, id=42988, stack(0x000000b84a300000,0x000000b84a400000)]
  0x0000024ed327c1d0 JavaThread "Unconstrained build operations Thread 2" [_thread_blocked, id=60308, stack(0x000000b84a800000,0x000000b84a900000)]
  0x0000024ed327cbf0 JavaThread "Unconstrained build operations Thread 3" [_thread_blocked, id=68628, stack(0x000000b84a900000,0x000000b84aa00000)]
  0x0000024ed327d100 JavaThread "Unconstrained build operations Thread 4" [_thread_blocked, id=68624, stack(0x000000b84aa00000,0x000000b84ab00000)]
  0x0000024ed327d610 JavaThread "Unconstrained build operations Thread 5" [_thread_blocked, id=54168, stack(0x000000b84ab00000,0x000000b84ac00000)]
  0x0000024ed3279e60 JavaThread "Unconstrained build operations Thread 6" [_thread_blocked, id=14608, stack(0x000000b84ac00000,0x000000b84ad00000)]
  0x0000024ed327db20 JavaThread "Unconstrained build operations Thread 7" [_thread_blocked, id=27516, stack(0x000000b84ad00000,0x000000b84ae00000)]
  0x0000024ed327a370 JavaThread "Unconstrained build operations Thread 8" [_thread_blocked, id=62244, stack(0x000000b84ae00000,0x000000b84af00000)]
  0x0000024ed327e030 JavaThread "Unconstrained build operations Thread 9" [_thread_blocked, id=40736, stack(0x000000b84af00000,0x000000b84b000000)]
  0x0000024ed327e540 JavaThread "Unconstrained build operations Thread 10" [_thread_blocked, id=42068, stack(0x000000b84b000000,0x000000b84b100000)]
  0x0000024ed327ea50 JavaThread "Unconstrained build operations Thread 11" [_thread_blocked, id=60056, stack(0x000000b84b100000,0x000000b84b200000)]
  0x0000024ed327ef60 JavaThread "Unconstrained build operations Thread 12" [_thread_blocked, id=28980, stack(0x000000b84b200000,0x000000b84b300000)]
  0x0000024ed327f470 JavaThread "Unconstrained build operations Thread 13" [_thread_blocked, id=52060, stack(0x000000b84b300000,0x000000b84b400000)]
  0x0000024ed327f980 JavaThread "Unconstrained build operations Thread 14" [_thread_blocked, id=69304, stack(0x000000b84b400000,0x000000b84b500000)]
  0x0000024ed1d814c0 JavaThread "Unconstrained build operations Thread 15" [_thread_blocked, id=64636, stack(0x000000b84b500000,0x000000b84b600000)]
  0x0000024ed2e65330 JavaThread "Unconstrained build operations Thread 16" [_thread_blocked, id=37660, stack(0x000000b84b600000,0x000000b84b700000)]
  0x0000024ed2e634d0 JavaThread "Unconstrained build operations Thread 17" [_thread_blocked, id=40028, stack(0x000000b84b700000,0x000000b84b800000)]
  0x0000024ed2e639e0 JavaThread "Unconstrained build operations Thread 18" [_thread_blocked, id=39144, stack(0x000000b84b800000,0x000000b84b900000)]
  0x0000024ed2e64e20 JavaThread "Unconstrained build operations Thread 19" [_thread_blocked, id=23848, stack(0x000000b84b900000,0x000000b84ba00000)]
  0x0000024ed2e65840 JavaThread "Unconstrained build operations Thread 20" [_thread_blocked, id=39896, stack(0x000000b84ba00000,0x000000b84bb00000)]
  0x0000024ed2e64910 JavaThread "Unconstrained build operations Thread 21" [_thread_blocked, id=45384, stack(0x000000b84bb00000,0x000000b84bc00000)]
  0x0000024ed2e625a0 JavaThread "Unconstrained build operations Thread 22" [_thread_blocked, id=50864, stack(0x000000b84bc00000,0x000000b84bd00000)]
  0x0000024ed2e62ab0 JavaThread "Unconstrained build operations Thread 23" [_thread_blocked, id=67724, stack(0x000000b84bd00000,0x000000b84be00000)]
  0x0000024ed2e63ef0 JavaThread "Unconstrained build operations Thread 24" [_thread_blocked, id=67516, stack(0x000000b84be00000,0x000000b84bf00000)]
  0x0000024ed2e62090 JavaThread "Unconstrained build operations Thread 25" [_thread_blocked, id=45512, stack(0x000000b84bf00000,0x000000b84c000000)]
  0x0000024ed2e62fc0 JavaThread "Unconstrained build operations Thread 26" [_thread_blocked, id=31972, stack(0x000000b84c000000,0x000000b84c100000)]
  0x0000024ed2e66770 JavaThread "jar transforms Thread 8" [_thread_blocked, id=20440, stack(0x000000b84c100000,0x000000b84c200000)]
  0x0000024ed2e65d50 JavaThread "jar transforms Thread 9" [_thread_blocked, id=68652, stack(0x000000b84c200000,0x000000b84c300000)]
  0x0000024ed2e66c80 JavaThread "jar transforms Thread 10" [_thread_blocked, id=18836, stack(0x000000b84c300000,0x000000b84c400000)]
  0x0000024ed2e66260 JavaThread "jar transforms Thread 11" [_thread_blocked, id=70380, stack(0x000000b84c400000,0x000000b84c500000)]
  0x0000024ed2e67190 JavaThread "jar transforms Thread 12" [_thread_blocked, id=55400, stack(0x000000b84c500000,0x000000b84c600000)]
  0x0000024ed2e64400 JavaThread "jar transforms Thread 13" [_thread_blocked, id=70184, stack(0x000000b84c600000,0x000000b84c700000)]
  0x0000024ed2e68ae0 JavaThread "jar transforms Thread 14" [_thread_blocked, id=69924, stack(0x000000b84c700000,0x000000b84c800000)]
  0x0000024ed2e676a0 JavaThread "jar transforms Thread 15" [_thread_blocked, id=69936, stack(0x000000b84c800000,0x000000b84c900000)]
  0x0000024ed2e69a10 JavaThread "jar transforms Thread 16" [_thread_blocked, id=69572, stack(0x000000b84c900000,0x000000b84ca00000)]
  0x0000024ed2e680c0 JavaThread "Memory manager" [_thread_blocked, id=46032, stack(0x000000b84cc00000,0x000000b84cd00000)]
  0x0000024ed2e69500 JavaThread "Cache worker for Build Output Cleanup Cache (C:\Users\karth\CascadeProjects\MobileAppAndroid\android\.gradle\buildOutputCleanup)" [_thread_blocked, id=69660, stack(0x000000b84cf00000,0x000000b84d000000)]

Other Threads:
=>0x0000024eb1759010 VMThread "VM Thread" [stack: 0x000000b847000000,0x000000b847100000] [id=14592]
  0x0000024eb1d7b390 WatcherThread [stack: 0x000000b847c00000,0x000000b847d00000] [id=57372]
  0x0000024e92c805c0 GCTaskThread "GC Thread#0" [stack: 0x000000b846b00000,0x000000b846c00000] [id=57716]
  0x0000024ed1914850 GCTaskThread "GC Thread#1" [stack: 0x000000b847d00000,0x000000b847e00000] [id=12844]
  0x0000024ed1de0c80 GCTaskThread "GC Thread#2" [stack: 0x000000b847e00000,0x000000b847f00000] [id=10396]
  0x0000024ed1d728b0 GCTaskThread "GC Thread#3" [stack: 0x000000b847f00000,0x000000b848000000] [id=60500]
  0x0000024ed1d72b70 GCTaskThread "GC Thread#4" [stack: 0x000000b848000000,0x000000b848100000] [id=56328]
  0x0000024ed1d72e30 GCTaskThread "GC Thread#5" [stack: 0x000000b848100000,0x000000b848200000] [id=31976]
  0x0000024ed325d020 GCTaskThread "GC Thread#6" [stack: 0x000000b846800000,0x000000b846900000] [id=42984]
  0x0000024ed325d2e0 GCTaskThread "GC Thread#7" [stack: 0x000000b848300000,0x000000b848400000] [id=63380]
  0x0000024ed325d5a0 GCTaskThread "GC Thread#8" [stack: 0x000000b848400000,0x000000b848500000] [id=56440]
  0x0000024ed22517b0 GCTaskThread "GC Thread#9" [stack: 0x000000b848500000,0x000000b848600000] [id=40956]
  0x0000024ed2251d30 GCTaskThread "GC Thread#10" [stack: 0x000000b848d00000,0x000000b848e00000] [id=55260]
  0x0000024ed2251a70 GCTaskThread "GC Thread#11" [stack: 0x000000b848e00000,0x000000b848f00000] [id=54520]
  0x0000024ed22522b0 GCTaskThread "GC Thread#12" [stack: 0x000000b848f00000,0x000000b849000000] [id=46700]
  0x0000024e92c91320 ConcurrentGCThread "G1 Main Marker" [stack: 0x000000b846c00000,0x000000b846d00000] [id=12816]
  0x0000024e92c91b50 ConcurrentGCThread "G1 Conc#0" [stack: 0x000000b846d00000,0x000000b846e00000] [id=56216]
  0x0000024ed2250f70 ConcurrentGCThread "G1 Conc#1" [stack: 0x000000b849800000,0x000000b849900000] [id=66228]
  0x0000024ed22514f0 ConcurrentGCThread "G1 Conc#2" [stack: 0x000000b849900000,0x000000b849a00000] [id=62208]
  0x0000024eb164a660 ConcurrentGCThread "G1 Refine#0" [stack: 0x000000b846e00000,0x000000b846f00000] [id=64092]
  0x0000024ed4f98500 ConcurrentGCThread "G1 Refine#1" [stack: 0x000000b84ce00000,0x000000b84cf00000] [id=69516]
  0x0000024eb164ad40 ConcurrentGCThread "G1 Service" [stack: 0x000000b846f00000,0x000000b847000000] [id=62992]

Threads with active compile tasks:
C2 CompilerThread0  8342287 8380   !   4       java.util.concurrent.ScheduledThreadPoolExecutor$DelayedWorkQueue::take (203 bytes)

VM state: at safepoint (normal execution)

VM Mutex/Monitor currently owned by a thread:  ([mutex/lock_event])
[0x0000024e90962290] Threads_lock - owner thread: 0x0000024eb1759010
[0x0000024e92c20d40] Heap_lock - owner thread: 0x0000024ed1d6e2b0

Heap address: 0x0000000080000000, size: 2048 MB, Compressed Oops mode: 32-bit

CDS archive(s) mapped at: [0x0000024eb2000000-0x0000024eb2bb0000-0x0000024eb2bb0000), size 12255232, SharedBaseAddress: 0x0000024eb2000000, ArchiveRelocationMode: 1.
Compressed class space mapped at: 0x0000024eb3000000-0x0000024ecd000000, reserved size: 436207616
Narrow klass base: 0x0000024eb2000000, Narrow klass shift: 0, Narrow klass range: 0x100000000

GC Precious Log:
 CPUs: 16 total, 16 available
 Memory: 16088M
 Large Page Support: Disabled
 NUMA Support: Disabled
 Compressed Oops: Enabled (32-bit)
 Heap Region Size: 1M
 Heap Min Capacity: 8M
 Heap Initial Capacity: 252M
 Heap Max Capacity: 2G
 Pre-touch: Disabled
 Parallel Workers: 13
 Concurrent Workers: 3
 Concurrent Refinement Workers: 13
 Periodic GC: Disabled

Heap:
 garbage-first heap   total 141312K, used 54648K [0x0000000080000000, 0x0000000100000000)
  region size 1024K, 1 young (1024K), 1 survivors (1024K)
 Metaspace       used 58651K, committed 59264K, reserved 491520K
  class space    used 8102K, committed 8384K, reserved 425984K

Heap Regions: E=young(eden), S=young(survivor), O=old, HS=humongous(starts), HC=humongous(continues), CS=collection set, F=free, OA=open archive, CA=closed archive, TAMS=top-at-mark-start (previous, next)
|   0|0x0000000080000000, 0x0000000080100000, 0x0000000080100000|100%|HS|  |TAMS 0x0000000080100000, 0x0000000080000000| Complete 
|   1|0x0000000080100000, 0x0000000080200000, 0x0000000080200000|100%|HC|  |TAMS 0x0000000080200000, 0x0000000080100000| Complete 
|   2|0x0000000080200000, 0x0000000080300000, 0x0000000080300000|100%|HC|  |TAMS 0x0000000080300000, 0x0000000080200000| Complete 
|   3|0x0000000080300000, 0x0000000080400000, 0x0000000080400000|100%|HC|  |TAMS 0x0000000080400000, 0x0000000080300000| Complete 
|   4|0x0000000080400000, 0x0000000080500000, 0x0000000080500000|100%| O|  |TAMS 0x0000000080500000, 0x0000000080400000| Untracked 
|   5|0x0000000080500000, 0x0000000080600000, 0x0000000080600000|100%| O|  |TAMS 0x0000000080600000, 0x0000000080500000| Untracked 
|   6|0x0000000080600000, 0x0000000080700000, 0x0000000080700000|100%| O|  |TAMS 0x0000000080700000, 0x0000000080600000| Untracked 
|   7|0x0000000080700000, 0x0000000080800000, 0x0000000080800000|100%| O|  |TAMS 0x0000000080800000, 0x0000000080700000| Untracked 
|   8|0x0000000080800000, 0x0000000080900000, 0x0000000080900000|100%| O|  |TAMS 0x0000000080900000, 0x0000000080800000| Untracked 
|   9|0x0000000080900000, 0x0000000080a00000, 0x0000000080a00000|100%| O|  |TAMS 0x0000000080a00000, 0x0000000080900000| Untracked 
|  10|0x0000000080a00000, 0x0000000080b00000, 0x0000000080b00000|100%| O|  |TAMS 0x0000000080b00000, 0x0000000080a00000| Untracked 
|  11|0x0000000080b00000, 0x0000000080c00000, 0x0000000080c00000|100%| O|  |TAMS 0x0000000080c00000, 0x0000000080b00000| Untracked 
|  12|0x0000000080c00000, 0x0000000080d00000, 0x0000000080d00000|100%| O|  |TAMS 0x0000000080d00000, 0x0000000080c00000| Untracked 
|  13|0x0000000080d00000, 0x0000000080e00000, 0x0000000080e00000|100%| O|  |TAMS 0x0000000080e00000, 0x0000000080d00000| Untracked 
|  14|0x0000000080e00000, 0x0000000080f00000, 0x0000000080f00000|100%| O|  |TAMS 0x0000000080f00000, 0x0000000080e00000| Untracked 
|  15|0x0000000080f00000, 0x0000000081000000, 0x0000000081000000|100%| O|  |TAMS 0x0000000081000000, 0x0000000080f00000| Untracked 
|  16|0x0000000081000000, 0x0000000081100000, 0x0000000081100000|100%| O|  |TAMS 0x0000000081100000, 0x0000000081000000| Untracked 
|  17|0x0000000081100000, 0x0000000081200000, 0x0000000081200000|100%| O|  |TAMS 0x0000000081200000, 0x0000000081100000| Untracked 
|  18|0x0000000081200000, 0x0000000081300000, 0x0000000081300000|100%| O|  |TAMS 0x0000000081300000, 0x0000000081200000| Untracked 
|  19|0x0000000081300000, 0x00000000813a5200, 0x0000000081400000| 64%| O|  |TAMS 0x00000000813a5200, 0x0000000081300000| Untracked 
|  20|0x0000000081400000, 0x0000000081500000, 0x0000000081500000|100%| O|  |TAMS 0x0000000081500000, 0x0000000081400000| Untracked 
|  21|0x0000000081500000, 0x0000000081600000, 0x0000000081600000|100%| O|  |TAMS 0x0000000081600000, 0x0000000081500000| Untracked 
|  22|0x0000000081600000, 0x0000000081700000, 0x0000000081700000|100%| O|  |TAMS 0x0000000081700000, 0x0000000081600000| Untracked 
|  23|0x0000000081700000, 0x0000000081800000, 0x0000000081800000|100%| O|  |TAMS 0x0000000081800000, 0x0000000081700000| Untracked 
|  24|0x0000000081800000, 0x0000000081900000, 0x0000000081900000|100%| O|  |TAMS 0x0000000081900000, 0x0000000081800000| Untracked 
|  25|0x0000000081900000, 0x0000000081a00000, 0x0000000081a00000|100%| O|  |TAMS 0x0000000081a00000, 0x0000000081900000| Untracked 
|  26|0x0000000081a00000, 0x0000000081b00000, 0x0000000081b00000|100%| O|  |TAMS 0x0000000081b00000, 0x0000000081a00000| Untracked 
|  27|0x0000000081b00000, 0x0000000081c00000, 0x0000000081c00000|100%| O|  |TAMS 0x0000000081c00000, 0x0000000081b00000| Untracked 
|  28|0x0000000081c00000, 0x0000000081d00000, 0x0000000081d00000|100%| O|  |TAMS 0x0000000081d00000, 0x0000000081c00000| Untracked 
|  29|0x0000000081d00000, 0x0000000081e00000, 0x0000000081e00000|100%| O|  |TAMS 0x0000000081d51e00, 0x0000000081d00000| Untracked 
|  30|0x0000000081e00000, 0x0000000081f00000, 0x0000000081f00000|100%| O|  |TAMS 0x0000000081e00000, 0x0000000081e00000| Untracked 
|  31|0x0000000081f00000, 0x0000000082000000, 0x0000000082000000|100%|HS|  |TAMS 0x0000000081f00000, 0x0000000081f00000| Complete 
|  32|0x0000000082000000, 0x0000000082100000, 0x0000000082100000|100%|HC|  |TAMS 0x0000000082000000, 0x0000000082000000| Complete 
|  33|0x0000000082100000, 0x0000000082200000, 0x0000000082200000|100%|HS|  |TAMS 0x0000000082100000, 0x0000000082100000| Complete 
|  34|0x0000000082200000, 0x0000000082300000, 0x0000000082300000|100%|HC|  |TAMS 0x0000000082200000, 0x0000000082200000| Complete 
|  35|0x0000000082300000, 0x0000000082400000, 0x0000000082400000|100%|HC|  |TAMS 0x0000000082300000, 0x0000000082300000| Complete 
|  36|0x0000000082400000, 0x0000000082500000, 0x0000000082500000|100%|HC|  |TAMS 0x0000000082400000, 0x0000000082400000| Complete 
|  37|0x0000000082500000, 0x0000000082600000, 0x0000000082600000|100%| O|  |TAMS 0x0000000082500000, 0x0000000082500000| Untracked 
|  38|0x0000000082600000, 0x0000000082700000, 0x0000000082700000|100%| O|  |TAMS 0x0000000082600000, 0x0000000082600000| Untracked 
|  39|0x0000000082700000, 0x0000000082800000, 0x0000000082800000|100%| O|  |TAMS 0x0000000082700000, 0x0000000082700000| Untracked 
|  40|0x0000000082800000, 0x0000000082900000, 0x0000000082900000|100%| O|  |TAMS 0x0000000082800000, 0x0000000082800000| Untracked 
|  41|0x0000000082900000, 0x0000000082a00000, 0x0000000082a00000|100%| O|  |TAMS 0x0000000082900000, 0x0000000082900000| Untracked 
|  42|0x0000000082a00000, 0x0000000082b00000, 0x0000000082b00000|100%| O|  |TAMS 0x0000000082a00000, 0x0000000082a00000| Untracked 
|  43|0x0000000082b00000, 0x0000000082c00000, 0x0000000082c00000|100%| O|  |TAMS 0x0000000082b00000, 0x0000000082b00000| Untracked 
|  44|0x0000000082c00000, 0x0000000082d00000, 0x0000000082d00000|100%| O|  |TAMS 0x0000000082c00000, 0x0000000082c00000| Untracked 
|  45|0x0000000082d00000, 0x0000000082e00000, 0x0000000082e00000|100%| O|  |TAMS 0x0000000082d00000, 0x0000000082d00000| Untracked 
|  46|0x0000000082e00000, 0x0000000082f00000, 0x0000000082f00000|100%| O|  |TAMS 0x0000000082e00000, 0x0000000082e00000| Untracked 
|  47|0x0000000082f00000, 0x0000000083000000, 0x0000000083000000|100%| O|  |TAMS 0x0000000082f00000, 0x0000000082f00000| Untracked 
|  48|0x0000000083000000, 0x0000000083100000, 0x0000000083100000|100%| O|  |TAMS 0x0000000083000000, 0x0000000083000000| Untracked 
|  49|0x0000000083100000, 0x0000000083200000, 0x0000000083200000|100%| O|  |TAMS 0x0000000083100000, 0x0000000083100000| Untracked 
|  50|0x0000000083200000, 0x0000000083300000, 0x0000000083300000|100%| O|  |TAMS 0x0000000083200000, 0x0000000083200000| Untracked 
|  51|0x0000000083300000, 0x0000000083400000, 0x0000000083400000|100%| O|  |TAMS 0x0000000083300000, 0x0000000083300000| Untracked 
|  52|0x0000000083400000, 0x0000000083500000, 0x0000000083500000|100%| O|  |TAMS 0x0000000083400000, 0x0000000083400000| Untracked 
|  53|0x0000000083500000, 0x000000008353f000, 0x0000000083600000| 24%| O|  |TAMS 0x0000000083500000, 0x0000000083500000| Untracked 
|  54|0x0000000083600000, 0x0000000083600000, 0x0000000083700000|  0%| F|  |TAMS 0x0000000083600000, 0x0000000083600000| Untracked 
|  55|0x0000000083700000, 0x0000000083700000, 0x0000000083800000|  0%| F|  |TAMS 0x0000000083700000, 0x0000000083700000| Untracked 
|  56|0x0000000083800000, 0x0000000083800000, 0x0000000083900000|  0%| F|  |TAMS 0x0000000083800000, 0x0000000083800000| Untracked 
|  57|0x0000000083900000, 0x0000000083900000, 0x0000000083a00000|  0%| F|  |TAMS 0x0000000083900000, 0x0000000083900000| Untracked 
|  58|0x0000000083a00000, 0x0000000083a00000, 0x0000000083b00000|  0%| F|  |TAMS 0x0000000083a00000, 0x0000000083a00000| Untracked 
|  59|0x0000000083b00000, 0x0000000083b00000, 0x0000000083c00000|  0%| F|  |TAMS 0x0000000083b00000, 0x0000000083b00000| Untracked 
|  60|0x0000000083c00000, 0x0000000083c00000, 0x0000000083d00000|  0%| F|  |TAMS 0x0000000083c00000, 0x0000000083c00000| Untracked 
|  61|0x0000000083d00000, 0x0000000083d00000, 0x0000000083e00000|  0%| F|  |TAMS 0x0000000083d00000, 0x0000000083d00000| Untracked 
|  62|0x0000000083e00000, 0x0000000083e00000, 0x0000000083f00000|  0%| F|  |TAMS 0x0000000083e00000, 0x0000000083e00000| Untracked 
|  63|0x0000000083f00000, 0x0000000083f00000, 0x0000000084000000|  0%| F|  |TAMS 0x0000000083f00000, 0x0000000083f00000| Untracked 
|  64|0x0000000084000000, 0x0000000084000000, 0x0000000084100000|  0%| F|  |TAMS 0x0000000084000000, 0x0000000084000000| Untracked 
|  65|0x0000000084100000, 0x0000000084100000, 0x0000000084200000|  0%| F|  |TAMS 0x0000000084100000, 0x0000000084100000| Untracked 
|  66|0x0000000084200000, 0x0000000084200000, 0x0000000084300000|  0%| F|  |TAMS 0x0000000084200000, 0x0000000084200000| Untracked 
|  67|0x0000000084300000, 0x0000000084300000, 0x0000000084400000|  0%| F|  |TAMS 0x0000000084300000, 0x0000000084300000| Untracked 
|  68|0x0000000084400000, 0x0000000084400000, 0x0000000084500000|  0%| F|  |TAMS 0x0000000084400000, 0x0000000084400000| Untracked 
|  69|0x0000000084500000, 0x0000000084500000, 0x0000000084600000|  0%| F|  |TAMS 0x0000000084500000, 0x0000000084500000| Untracked 
|  70|0x0000000084600000, 0x0000000084600000, 0x0000000084700000|  0%| F|  |TAMS 0x0000000084600000, 0x0000000084600000| Untracked 
|  71|0x0000000084700000, 0x0000000084700000, 0x0000000084800000|  0%| F|  |TAMS 0x0000000084700000, 0x0000000084700000| Untracked 
|  72|0x0000000084800000, 0x0000000084800000, 0x0000000084900000|  0%| F|  |TAMS 0x0000000084800000, 0x0000000084800000| Untracked 
|  73|0x0000000084900000, 0x0000000084900000, 0x0000000084a00000|  0%| F|  |TAMS 0x0000000084900000, 0x0000000084900000| Untracked 
|  74|0x0000000084a00000, 0x0000000084a00000, 0x0000000084b00000|  0%| F|  |TAMS 0x0000000084a00000, 0x0000000084a00000| Untracked 
|  75|0x0000000084b00000, 0x0000000084b00000, 0x0000000084c00000|  0%| F|  |TAMS 0x0000000084b00000, 0x0000000084b00000| Untracked 
|  76|0x0000000084c00000, 0x0000000084c00000, 0x0000000084d00000|  0%| F|  |TAMS 0x0000000084c00000, 0x0000000084c00000| Untracked 
|  77|0x0000000084d00000, 0x0000000084d00000, 0x0000000084e00000|  0%| F|  |TAMS 0x0000000084d00000, 0x0000000084d00000| Untracked 
|  78|0x0000000084e00000, 0x0000000084e00000, 0x0000000084f00000|  0%| F|  |TAMS 0x0000000084e00000, 0x0000000084e00000| Untracked 
|  79|0x0000000084f00000, 0x0000000084f00000, 0x0000000085000000|  0%| F|  |TAMS 0x0000000084f00000, 0x0000000084f00000| Untracked 
|  80|0x0000000085000000, 0x0000000085000000, 0x0000000085100000|  0%| F|  |TAMS 0x0000000085000000, 0x0000000085000000| Untracked 
|  81|0x0000000085100000, 0x0000000085100000, 0x0000000085200000|  0%| F|  |TAMS 0x0000000085100000, 0x0000000085100000| Untracked 
|  82|0x0000000085200000, 0x0000000085200000, 0x0000000085300000|  0%| F|  |TAMS 0x0000000085200000, 0x0000000085200000| Untracked 
|  83|0x0000000085300000, 0x0000000085300000, 0x0000000085400000|  0%| F|  |TAMS 0x0000000085300000, 0x0000000085300000| Untracked 
|  84|0x0000000085400000, 0x0000000085400000, 0x0000000085500000|  0%| F|  |TAMS 0x0000000085400000, 0x0000000085400000| Untracked 
|  85|0x0000000085500000, 0x0000000085500000, 0x0000000085600000|  0%| F|  |TAMS 0x0000000085500000, 0x0000000085500000| Untracked 
|  86|0x0000000085600000, 0x0000000085600000, 0x0000000085700000|  0%| F|  |TAMS 0x0000000085600000, 0x0000000085600000| Untracked 
|  87|0x0000000085700000, 0x0000000085700000, 0x0000000085800000|  0%| F|  |TAMS 0x0000000085700000, 0x0000000085700000| Untracked 
|  88|0x0000000085800000, 0x0000000085800000, 0x0000000085900000|  0%| F|  |TAMS 0x0000000085800000, 0x0000000085800000| Untracked 
|  89|0x0000000085900000, 0x0000000085900000, 0x0000000085a00000|  0%| F|  |TAMS 0x0000000085900000, 0x0000000085900000| Untracked 
|  90|0x0000000085a00000, 0x0000000085a00000, 0x0000000085b00000|  0%| F|  |TAMS 0x0000000085a00000, 0x0000000085a00000| Untracked 
|  91|0x0000000085b00000, 0x0000000085b00000, 0x0000000085c00000|  0%| F|  |TAMS 0x0000000085b00000, 0x0000000085b00000| Untracked 
|  92|0x0000000085c00000, 0x0000000085c00000, 0x0000000085d00000|  0%| F|  |TAMS 0x0000000085c00000, 0x0000000085c00000| Untracked 
|  93|0x0000000085d00000, 0x0000000085d00000, 0x0000000085e00000|  0%| F|  |TAMS 0x0000000085d00000, 0x0000000085d00000| Untracked 
|  94|0x0000000085e00000, 0x0000000085e00000, 0x0000000085f00000|  0%| F|  |TAMS 0x0000000085e00000, 0x0000000085e00000| Untracked 
|  95|0x0000000085f00000, 0x0000000085f00000, 0x0000000086000000|  0%| F|  |TAMS 0x0000000085f00000, 0x0000000085f00000| Untracked 
|  96|0x0000000086000000, 0x0000000086000000, 0x0000000086100000|  0%| F|  |TAMS 0x0000000086000000, 0x0000000086000000| Untracked 
|  97|0x0000000086100000, 0x0000000086100000, 0x0000000086200000|  0%| F|  |TAMS 0x0000000086100000, 0x0000000086100000| Untracked 
|  98|0x0000000086200000, 0x0000000086200000, 0x0000000086300000|  0%| F|  |TAMS 0x0000000086200000, 0x0000000086200000| Untracked 
|  99|0x0000000086300000, 0x0000000086300000, 0x0000000086400000|  0%| F|  |TAMS 0x0000000086300000, 0x0000000086300000| Untracked 
| 100|0x0000000086400000, 0x0000000086400000, 0x0000000086500000|  0%| F|  |TAMS 0x0000000086400000, 0x0000000086400000| Untracked 
| 101|0x0000000086500000, 0x0000000086500000, 0x0000000086600000|  0%| F|  |TAMS 0x0000000086500000, 0x0000000086500000| Untracked 
| 102|0x0000000086600000, 0x0000000086600000, 0x0000000086700000|  0%| F|  |TAMS 0x0000000086600000, 0x0000000086600000| Untracked 
| 103|0x0000000086700000, 0x0000000086700000, 0x0000000086800000|  0%| F|  |TAMS 0x0000000086700000, 0x0000000086700000| Untracked 
| 104|0x0000000086800000, 0x0000000086800000, 0x0000000086900000|  0%| F|  |TAMS 0x0000000086800000, 0x0000000086800000| Untracked 
| 105|0x0000000086900000, 0x0000000086900000, 0x0000000086a00000|  0%| F|  |TAMS 0x0000000086900000, 0x0000000086900000| Untracked 
| 106|0x0000000086a00000, 0x0000000086a00000, 0x0000000086b00000|  0%| F|  |TAMS 0x0000000086a00000, 0x0000000086a00000| Untracked 
| 107|0x0000000086b00000, 0x0000000086b00000, 0x0000000086c00000|  0%| F|  |TAMS 0x0000000086b00000, 0x0000000086b00000| Untracked 
| 108|0x0000000086c00000, 0x0000000086c00000, 0x0000000086d00000|  0%| F|  |TAMS 0x0000000086c00000, 0x0000000086c00000| Untracked 
| 109|0x0000000086d00000, 0x0000000086d00000, 0x0000000086e00000|  0%| F|  |TAMS 0x0000000086d00000, 0x0000000086d00000| Untracked 
| 110|0x0000000086e00000, 0x0000000086e00000, 0x0000000086f00000|  0%| F|  |TAMS 0x0000000086e00000, 0x0000000086e00000| Untracked 
| 111|0x0000000086f00000, 0x0000000086f00000, 0x0000000087000000|  0%| F|  |TAMS 0x0000000086f00000, 0x0000000086f00000| Untracked 
| 112|0x0000000087000000, 0x0000000087000000, 0x0000000087100000|  0%| F|  |TAMS 0x0000000087000000, 0x0000000087000000| Untracked 
| 113|0x0000000087100000, 0x0000000087100000, 0x0000000087200000|  0%| F|  |TAMS 0x0000000087100000, 0x0000000087100000| Untracked 
| 114|0x0000000087200000, 0x0000000087200000, 0x0000000087300000|  0%| F|  |TAMS 0x0000000087200000, 0x0000000087200000| Untracked 
| 115|0x0000000087300000, 0x0000000087300000, 0x0000000087400000|  0%| F|  |TAMS 0x0000000087300000, 0x0000000087300000| Untracked 
| 116|0x0000000087400000, 0x0000000087400000, 0x0000000087500000|  0%| F|  |TAMS 0x0000000087400000, 0x0000000087400000| Untracked 
| 117|0x0000000087500000, 0x0000000087500000, 0x0000000087600000|  0%| F|  |TAMS 0x0000000087500000, 0x0000000087500000| Untracked 
| 118|0x0000000087600000, 0x0000000087600000, 0x0000000087700000|  0%| F|  |TAMS 0x0000000087600000, 0x0000000087600000| Untracked 
| 119|0x0000000087700000, 0x0000000087700000, 0x0000000087800000|  0%| F|  |TAMS 0x0000000087700000, 0x0000000087700000| Untracked 
| 120|0x0000000087800000, 0x0000000087800000, 0x0000000087900000|  0%| F|  |TAMS 0x0000000087800000, 0x0000000087800000| Untracked 
| 121|0x0000000087900000, 0x0000000087900000, 0x0000000087a00000|  0%| F|  |TAMS 0x0000000087900000, 0x0000000087900000| Untracked 
| 122|0x0000000087a00000, 0x0000000087a00000, 0x0000000087b00000|  0%| F|  |TAMS 0x0000000087a00000, 0x0000000087a00000| Untracked 
| 123|0x0000000087b00000, 0x0000000087b00000, 0x0000000087c00000|  0%| F|  |TAMS 0x0000000087b00000, 0x0000000087b00000| Untracked 
| 124|0x0000000087c00000, 0x0000000087c00000, 0x0000000087d00000|  0%| F|  |TAMS 0x0000000087c00000, 0x0000000087c00000| Untracked 
| 125|0x0000000087d00000, 0x0000000087d00000, 0x0000000087e00000|  0%| F|  |TAMS 0x0000000087d00000, 0x0000000087d00000| Untracked 
| 126|0x0000000087e00000, 0x0000000087e00000, 0x0000000087f00000|  0%| F|  |TAMS 0x0000000087e00000, 0x0000000087e00000| Untracked 
| 127|0x0000000087f00000, 0x0000000087f00000, 0x0000000088000000|  0%| F|  |TAMS 0x0000000087f00000, 0x0000000087f00000| Untracked 
| 128|0x0000000088000000, 0x0000000088000000, 0x0000000088100000|  0%| F|  |TAMS 0x0000000088000000, 0x0000000088000000| Untracked 
| 129|0x0000000088100000, 0x0000000088100000, 0x0000000088200000|  0%| F|  |TAMS 0x0000000088100000, 0x0000000088100000| Untracked 
| 130|0x0000000088200000, 0x0000000088200000, 0x0000000088300000|  0%| F|  |TAMS 0x0000000088200000, 0x0000000088200000| Untracked 
| 131|0x0000000088300000, 0x0000000088300000, 0x0000000088400000|  0%| F|  |TAMS 0x0000000088300000, 0x0000000088300000| Untracked 
| 132|0x0000000088400000, 0x0000000088479f30, 0x0000000088500000| 47%| S|CS|TAMS 0x0000000088400000, 0x0000000088400000| Complete 
| 133|0x0000000088500000, 0x0000000088500000, 0x0000000088600000|  0%| F|  |TAMS 0x0000000088500000, 0x0000000088500000| Untracked 
| 227|0x000000008e300000, 0x000000008e300000, 0x000000008e400000|  0%| F|  |TAMS 0x000000008e300000, 0x000000008e300000| Untracked 
| 231|0x000000008e700000, 0x000000008e700000, 0x000000008e800000|  0%| F|  |TAMS 0x000000008e700000, 0x000000008e700000| Untracked 
| 232|0x000000008e800000, 0x000000008e800000, 0x000000008e900000|  0%| F|  |TAMS 0x000000008e800000, 0x000000008e800000| Untracked 
| 325|0x0000000094500000, 0x0000000094500000, 0x0000000094600000|  0%| F|  |TAMS 0x0000000094500000, 0x0000000094500000| Untracked 

Card table byte_map: [0x0000024eaa3f0000,0x0000024eaa7f0000] _byte_map_base: 0x0000024ea9ff0000

Marking Bits (Prev, Next): (CMBitMap*) 0x0000024e92c809f0, (CMBitMap*) 0x0000024e92c80a30
 Prev Bits: [0x0000024eaabf0000, 0x0000024eacbf0000)
 Next Bits: [0x0000024eacbf0000, 0x0000024eaebf0000)

Polling page: 0x0000024e90b00000

Metaspace:

Usage:
  Non-class:     49.36 MB used.
      Class:      7.91 MB used.
       Both:     57.28 MB used.

Virtual space:
  Non-class space:       64.00 MB reserved,      49.69 MB ( 78%) committed,  1 nodes.
      Class space:      416.00 MB reserved,       8.19 MB (  2%) committed,  1 nodes.
             Both:      480.00 MB reserved,      57.88 MB ( 12%) committed. 

Chunk freelists:
   Non-Class:  14.25 MB
       Class:  7.78 MB
        Both:  22.03 MB

MaxMetaspaceSize: 512.00 MB
CompressedClassSpaceSize: 416.00 MB
Initial GC threshold: 21.00 MB
Current GC threshold: 59.00 MB
CDS: on
MetaspaceReclaimPolicy: balanced
 - commit_granule_bytes: 65536.
 - commit_granule_words: 8192.
 - virtual_space_node_default_size: 8388608.
 - enlarge_chunks_in_place: 1.
 - new_chunks_are_fully_committed: 0.
 - uncommit_free_chunks: 1.
 - use_allocation_guard: 0.
 - handle_deallocations: 1.


Internal statistics:

num_allocs_failed_limit: 6.
num_arena_births: 710.
num_arena_deaths: 0.
num_vsnodes_births: 2.
num_vsnodes_deaths: 0.
num_space_committed: 926.
num_space_uncommitted: 0.
num_chunks_returned_to_freelist: 6.
num_chunks_taken_from_freelist: 3020.
num_chunk_merges: 6.
num_chunk_splits: 2028.
num_chunks_enlarged: 1383.
num_inconsistent_stats: 0.

CodeHeap 'non-profiled nmethods': size=119168Kb used=4700Kb max_used=4700Kb free=114467Kb
 bounds [0x0000024ea2300000, 0x0000024ea27a0000, 0x0000024ea9760000]
CodeHeap 'profiled nmethods': size=119104Kb used=14760Kb max_used=14760Kb free=104344Kb
 bounds [0x0000024e9a760000, 0x0000024e9b5d0000, 0x0000024ea1bb0000]
CodeHeap 'non-nmethods': size=7488Kb used=2355Kb max_used=4116Kb free=5132Kb
 bounds [0x0000024ea1bb0000, 0x0000024ea2030000, 0x0000024ea2300000]
 total_blobs=8354 nmethods=7473 adapters=793
 compilation: enabled
              stopped_count=0, restarted_count=0
 full_count=0

Compilation events (20 events):
Event: 8306.416 Thread 0x0000024eb1773450 8353       4       java.util.concurrent.ScheduledThreadPoolExecutor$DelayedWorkQueue::add (9 bytes)
Event: 8306.493 Thread 0x0000024eb1773450 nmethod 8353 0x0000024ea2794b10 code [0x0000024ea2794ca0, 0x0000024ea2794d68]
Event: 8309.591 Thread 0x0000024eb177c450 nmethod 8359 0x0000024e9b5c0e90 code [0x0000024e9b5c1140, 0x0000024e9b5c1e38]
Event: 8309.605 Thread 0x0000024eb177c450 8362       3       org.gradle.internal.time.DefaultCountdownTimer::hasExpired (15 bytes)
Event: 8309.692 Thread 0x0000024eb177c450 nmethod 8362 0x0000024e9b5c2290 code [0x0000024e9b5c2440, 0x0000024e9b5c2788]
Event: 8310.237 Thread 0x0000024eb177c450 8363       1       org.gradle.launcher.daemon.registry.DaemonInfo::getContext (5 bytes)
Event: 8310.238 Thread 0x0000024eb177c450 nmethod 8363 0x0000024ea2794e90 code [0x0000024ea2795020, 0x0000024ea27950f8]
Event: 8310.238 Thread 0x0000024eb177c450 8364       3       org.gradle.internal.jvm.Jvm::findToolsJar (166 bytes)
Event: 8312.133 Thread 0x0000024eb177c450 nmethod 8364 0x0000024e9b5c2890 code [0x0000024e9b5c2d80, 0x0000024e9b5c4ef8]
Event: 8312.966 Thread 0x0000024eb177c450 8367       1       org.gradle.launcher.daemon.server.CompatibleDaemonExpirationStrategy::access$000 (5 bytes)
Event: 8313.143 Thread 0x0000024eb177c450 nmethod 8367 0x0000024ea2795190 code [0x0000024ea2795320, 0x0000024ea27953d8]
Event: 8313.780 Thread 0x0000024eb177c450 8370       3       org.gradle.internal.jvm.Jvm::forHome (52 bytes)
Event: 8315.180 Thread 0x0000024eb177c450 nmethod 8370 0x0000024e9b5c5a10 code [0x0000024e9b5c5ce0, 0x0000024e9b5c6b68]
Event: 8315.180 Thread 0x0000024eb177c450 8373       3       java.lang.AbstractStringBuilder::appendNull (83 bytes)
Event: 8315.197 Thread 0x0000024eb177c450 nmethod 8373 0x0000024e9b5c7090 code [0x0000024e9b5c7260, 0x0000024e9b5c75b8]
Event: 8331.374 Thread 0x0000024eb177c450 8374       3       org.gradle.launcher.daemon.server.expiry.AnyDaemonExpirationStrategy::checkExpiration (114 bytes)
Event: 8331.616 Thread 0x0000024eb1773450 8375   !   4       org.gradle.internal.concurrent.ManagedExecutorImpl$1::run (57 bytes)
Event: 8335.759 Thread 0x0000024eb177c450 nmethod 8374 0x0000024e9b5c7790 code [0x0000024e9b5c7b20, 0x0000024e9b5c96d8]
Event: 8336.427 Thread 0x0000024eb1773450 nmethod 8375 0x0000024ea2795490 code [0x0000024ea27956c0, 0x0000024ea2796790]
Event: 8336.450 Thread 0x0000024eb1773450 8380   !   4       java.util.concurrent.ScheduledThreadPoolExecutor$DelayedWorkQueue::take (203 bytes)

GC Heap History (20 events):
Event: 701.009 GC heap after
{Heap after GC invocations=20 (full 0):
 garbage-first heap   total 141312K, used 35343K [0x0000000080000000, 0x0000000100000000)
  region size 1024K, 5 young (5120K), 5 survivors (5120K)
 Metaspace       used 39287K, committed 39808K, reserved 491520K
  class space    used 5409K, committed 5696K, reserved 425984K
}
Event: 764.606 GC heap before
{Heap before GC invocations=20 (full 0):
 garbage-first heap   total 141312K, used 98831K [0x0000000080000000, 0x0000000100000000)
  region size 1024K, 67 young (68608K), 5 survivors (5120K)
 Metaspace       used 42464K, committed 43072K, reserved 491520K
  class space    used 5854K, committed 6144K, reserved 425984K
}
Event: 764.635 GC heap after
{Heap after GC invocations=21 (full 0):
 garbage-first heap   total 141312K, used 36729K [0x0000000080000000, 0x0000000100000000)
  region size 1024K, 6 young (6144K), 6 survivors (6144K)
 Metaspace       used 42464K, committed 43072K, reserved 491520K
  class space    used 5854K, committed 6144K, reserved 425984K
}
Event: 861.343 GC heap before
{Heap before GC invocations=21 (full 0):
 garbage-first heap   total 141312K, used 119673K [0x0000000080000000, 0x0000000100000000)
  region size 1024K, 82 young (83968K), 6 survivors (6144K)
 Metaspace       used 46937K, committed 47488K, reserved 491520K
  class space    used 6473K, committed 6720K, reserved 425984K
}
Event: 861.359 GC heap after
{Heap after GC invocations=22 (full 0):
 garbage-first heap   total 141312K, used 47287K [0x0000000080000000, 0x0000000100000000)
  region size 1024K, 10 young (10240K), 10 survivors (10240K)
 Metaspace       used 46937K, committed 47488K, reserved 491520K
  class space    used 6473K, committed 6720K, reserved 425984K
}
Event: 864.506 GC heap before
{Heap before GC invocations=22 (full 0):
 garbage-first heap   total 141312K, used 114871K [0x0000000080000000, 0x0000000100000000)
  region size 1024K, 76 young (77824K), 10 survivors (10240K)
 Metaspace       used 54696K, committed 55296K, reserved 491520K
  class space    used 7543K, committed 7808K, reserved 425984K
}
Event: 864.553 GC heap after
{Heap after GC invocations=23 (full 0):
 garbage-first heap   total 141312K, used 50634K [0x0000000080000000, 0x0000000100000000)
  region size 1024K, 9 young (9216K), 9 survivors (9216K)
 Metaspace       used 54696K, committed 55296K, reserved 491520K
  class space    used 7543K, committed 7808K, reserved 425984K
}
Event: 887.118 GC heap before
{Heap before GC invocations=23 (full 0):
 garbage-first heap   total 141312K, used 114122K [0x0000000080000000, 0x0000000100000000)
  region size 1024K, 71 young (72704K), 9 survivors (9216K)
 Metaspace       used 58462K, committed 59072K, reserved 491520K
  class space    used 8094K, committed 8384K, reserved 425984K
}
Event: 887.142 GC heap after
{Heap after GC invocations=24 (full 0):
 garbage-first heap   total 141312K, used 54216K [0x0000000080000000, 0x0000000100000000)
  region size 1024K, 8 young (8192K), 8 survivors (8192K)
 Metaspace       used 58462K, committed 59072K, reserved 491520K
  class space    used 8094K, committed 8384K, reserved 425984K
}
Event: 1050.788 GC heap before
{Heap before GC invocations=24 (full 0):
 garbage-first heap   total 141312K, used 114632K [0x0000000080000000, 0x0000000100000000)
  region size 1024K, 67 young (68608K), 8 survivors (8192K)
 Metaspace       used 58531K, committed 59136K, reserved 491520K
  class space    used 8098K, committed 8384K, reserved 425984K
}
Event: 1050.858 GC heap after
{Heap after GC invocations=25 (full 0):
 garbage-first heap   total 141312K, used 54780K [0x0000000080000000, 0x0000000100000000)
  region size 1024K, 5 young (5120K), 5 survivors (5120K)
 Metaspace       used 58531K, committed 59136K, reserved 491520K
  class space    used 8098K, committed 8384K, reserved 425984K
}
Event: 1673.343 GC heap before
{Heap before GC invocations=25 (full 0):
 garbage-first heap   total 141312K, used 116220K [0x0000000080000000, 0x0000000100000000)
  region size 1024K, 65 young (66560K), 5 survivors (5120K)
 Metaspace       used 58551K, committed 59136K, reserved 491520K
  class space    used 8098K, committed 8384K, reserved 425984K
}
Event: 1673.449 GC heap after
{Heap after GC invocations=26 (full 0):
 garbage-first heap   total 141312K, used 54950K [0x0000000080000000, 0x0000000100000000)
  region size 1024K, 5 young (5120K), 5 survivors (5120K)
 Metaspace       used 58551K, committed 59136K, reserved 491520K
  class space    used 8098K, committed 8384K, reserved 425984K
}
Event: 8316.779 GC heap before
{Heap before GC invocations=26 (full 0):
 garbage-first heap   total 141312K, used 117414K [0x0000000080000000, 0x0000000100000000)
  region size 1024K, 67 young (68608K), 5 survivors (5120K)
 Metaspace       used 58647K, committed 59264K, reserved 491520K
  class space    used 8102K, committed 8384K, reserved 425984K
}
Event: 8324.098 GC heap after
{Heap after GC invocations=27 (full 0):
 garbage-first heap   total 141312K, used 54916K [0x0000000080000000, 0x0000000100000000)
  region size 1024K, 5 young (5120K), 5 survivors (5120K)
 Metaspace       used 58647K, committed 59264K, reserved 491520K
  class space    used 8102K, committed 8384K, reserved 425984K
}
Event: 8325.975 GC heap before
{Heap before GC invocations=27 (full 0):
 garbage-first heap   total 141312K, used 55940K [0x0000000080000000, 0x0000000100000000)
  region size 1024K, 6 young (6144K), 5 survivors (5120K)
 Metaspace       used 58647K, committed 59264K, reserved 491520K
  class space    used 8102K, committed 8384K, reserved 425984K
}
Event: 8329.435 GC heap after
{Heap after GC invocations=28 (full 0):
 garbage-first heap   total 141312K, used 55133K [0x0000000080000000, 0x0000000100000000)
  region size 1024K, 1 young (1024K), 1 survivors (1024K)
 Metaspace       used 58647K, committed 59264K, reserved 491520K
  class space    used 8102K, committed 8384K, reserved 425984K
}
Event: 8334.507 GC heap before
{Heap before GC invocations=28 (full 0):
 garbage-first heap   total 141312K, used 60253K [0x0000000080000000, 0x0000000100000000)
  region size 1024K, 6 young (6144K), 1 survivors (1024K)
 Metaspace       used 58651K, committed 59264K, reserved 491520K
  class space    used 8102K, committed 8384K, reserved 425984K
}
Event: 8335.529 GC heap after
{Heap after GC invocations=29 (full 0):
 garbage-first heap   total 141312K, used 54804K [0x0000000080000000, 0x0000000100000000)
  region size 1024K, 1 young (1024K), 1 survivors (1024K)
 Metaspace       used 58651K, committed 59264K, reserved 491520K
  class space    used 8102K, committed 8384K, reserved 425984K
}
Event: 8337.525 GC heap before
{Heap before GC invocations=29 (full 0):
 garbage-first heap   total 141312K, used 59924K [0x0000000080000000, 0x0000000100000000)
  region size 1024K, 6 young (6144K), 1 survivors (1024K)
 Metaspace       used 58651K, committed 59264K, reserved 491520K
  class space    used 8102K, committed 8384K, reserved 425984K
}

Dll operation events (13 events):
Event: 0.199 Loaded shared library C:\Program Files\Eclipse Adoptium\jdk-17.0.15.6-hotspot\bin\java.dll
Event: 0.301 Loaded shared library C:\Program Files\Eclipse Adoptium\jdk-17.0.15.6-hotspot\bin\jsvml.dll
Event: 0.577 Loaded shared library C:\Program Files\Eclipse Adoptium\jdk-17.0.15.6-hotspot\bin\net.dll
Event: 0.588 Loaded shared library C:\Program Files\Eclipse Adoptium\jdk-17.0.15.6-hotspot\bin\nio.dll
Event: 0.608 Loaded shared library C:\Program Files\Eclipse Adoptium\jdk-17.0.15.6-hotspot\bin\zip.dll
Event: 2.269 Loaded shared library C:\Program Files\Eclipse Adoptium\jdk-17.0.15.6-hotspot\bin\jimage.dll
Event: 2.648 Loaded shared library C:\Program Files\Eclipse Adoptium\jdk-17.0.15.6-hotspot\bin\verify.dll
Event: 3.881 Loaded shared library C:\Users\karth\.gradle\native\68d5fa5c4cc2d200863cafc0d521ce42e7d3e7ee720ec0a83991735586a16f82\windows-amd64\native-platform.dll
Event: 3.905 Loaded shared library C:\Users\karth\.gradle\native\e376f236ea51e6404a007f0833ffe2c6e607c4080706a723a18a27aeea778392\windows-amd64\native-platform-file-events.dll
Event: 22.934 Loaded shared library C:\Program Files\Eclipse Adoptium\jdk-17.0.15.6-hotspot\bin\management.dll
Event: 23.396 Loaded shared library C:\Program Files\Eclipse Adoptium\jdk-17.0.15.6-hotspot\bin\management_ext.dll
Event: 35.511 Loaded shared library C:\Program Files\Eclipse Adoptium\jdk-17.0.15.6-hotspot\bin\extnet.dll
Event: 179.786 Loaded shared library C:\Program Files\Eclipse Adoptium\jdk-17.0.15.6-hotspot\bin\sunmscapi.dll

Deoptimization events (20 events):
Event: 879.177 Thread 0x0000024ed2671950 DEOPT PACKING pc=0x0000024ea26c47f8 sp=0x000000b8469f79a0
Event: 879.177 Thread 0x0000024ed2671950 DEOPT UNPACKING pc=0x0000024ea1c069a3 sp=0x000000b8469f7910 mode 2
Event: 881.358 Thread 0x0000024eb1e23580 Uncommon trap: trap_request=0xffffff45 fr.pc=0x0000024ea235a6e0 relative=0x0000000000000620
Event: 881.358 Thread 0x0000024eb1e23580 Uncommon trap: reason=unstable_if action=reinterpret pc=0x0000024ea235a6e0 method=java.lang.AbstractStringBuilder.append(Ljava/lang/String;)Ljava/lang/AbstractStringBuilder; @ 1 c2
Event: 881.358 Thread 0x0000024eb1e23580 DEOPT PACKING pc=0x0000024ea235a6e0 sp=0x000000b8486fe330
Event: 881.358 Thread 0x0000024eb1e23580 DEOPT UNPACKING pc=0x0000024ea1c069a3 sp=0x000000b8486fe2b0 mode 2
Event: 881.358 Thread 0x0000024eb1e23580 Uncommon trap: trap_request=0xffffff45 fr.pc=0x0000024ea233bd70 relative=0x0000000000000630
Event: 881.358 Thread 0x0000024eb1e23580 Uncommon trap: reason=unstable_if action=reinterpret pc=0x0000024ea233bd70 method=java.lang.AbstractStringBuilder.append(Ljava/lang/String;)Ljava/lang/AbstractStringBuilder; @ 1 c2
Event: 881.358 Thread 0x0000024eb1e23580 DEOPT PACKING pc=0x0000024ea233bd70 sp=0x000000b8486fe2d0
Event: 881.358 Thread 0x0000024eb1e23580 DEOPT UNPACKING pc=0x0000024ea1c069a3 sp=0x000000b8486fe2b8 mode 2
Event: 1671.548 Thread 0x0000024ed2671950 Uncommon trap: trap_request=0xffffff45 fr.pc=0x0000024ea2375f44 relative=0x0000000000000124
Event: 1671.549 Thread 0x0000024ed2671950 Uncommon trap: reason=unstable_if action=reinterpret pc=0x0000024ea2375f44 method=org.gradle.internal.time.DefaultCountdownTimer.hasExpired()Z @ 6 c2
Event: 1671.549 Thread 0x0000024ed2671950 DEOPT PACKING pc=0x0000024ea2375f44 sp=0x000000b8469f7900
Event: 1671.551 Thread 0x0000024ed2671950 DEOPT UNPACKING pc=0x0000024ea1c069a3 sp=0x000000b8469f78c8 mode 2
Event: 1671.551 Thread 0x0000024ed2671950 Uncommon trap: trap_request=0xffffff45 fr.pc=0x0000024ea24644ec relative=0x000000000000672c
Event: 1671.552 Thread 0x0000024ed2671950 Uncommon trap: reason=unstable_if action=reinterpret pc=0x0000024ea24644ec method=org.gradle.internal.io.ExponentialBackoff.retryUntil(Lorg/gradle/internal/io/IOQuery;)Ljava/lang/Object; @ 25 c2
Event: 1671.553 Thread 0x0000024ed2671950 DEOPT PACKING pc=0x0000024ea24644ec sp=0x000000b8469f7960
Event: 1671.553 Thread 0x0000024ed2671950 DEOPT UNPACKING pc=0x0000024ea1c069a3 sp=0x000000b8469f79d8 mode 2
Event: 1673.685 Thread 0x0000024eb1e23580 DEOPT PACKING pc=0x0000024e9a82199b sp=0x000000b8486fe130
Event: 1673.686 Thread 0x0000024eb1e23580 DEOPT UNPACKING pc=0x0000024ea1c07143 sp=0x000000b8486fd650 mode 0

Classes loaded (20 events):
Event: 861.425 Loading class java/lang/Byte$ByteCache
Event: 861.425 Loading class java/lang/Byte$ByteCache done
Event: 861.535 Loading class java/util/regex/Pattern$SliceI
Event: 861.536 Loading class java/util/regex/Pattern$SliceI done
Event: 865.573 Loading class jdk/internal/loader/URLClassPath$FileLoader
Event: 865.573 Loading class jdk/internal/loader/URLClassPath$FileLoader done
Event: 865.589 Loading class jdk/internal/loader/URLClassPath$FileLoader$1
Event: 865.589 Loading class jdk/internal/loader/URLClassPath$FileLoader$1 done
Event: 866.228 Loading class java/lang/AbstractMethodError
Event: 866.228 Loading class java/lang/AbstractMethodError done
Event: 866.294 Loading class java/time/temporal/WeekFields
Event: 866.294 Loading class java/time/temporal/WeekFields done
Event: 866.295 Loading class java/time/temporal/WeekFields$ComputedDayOfField
Event: 866.295 Loading class java/time/temporal/WeekFields$ComputedDayOfField done
Event: 866.299 Loading class java/time/Month$1
Event: 866.300 Loading class java/time/Month$1 done
Event: 866.305 Loading class java/nio/channels/Channels
Event: 866.305 Loading class java/nio/channels/Channels done
Event: 866.305 Loading class java/nio/channels/Channels$1
Event: 866.307 Loading class java/nio/channels/Channels$1 done

Classes unloaded (0 events):
No events

Classes redefined (0 events):
No events

Internal exceptions (20 events):
Event: 866.659 Thread 0x0000024ed2671950 Exception <a 'java/lang/ClassNotFoundException'{0x0000000086d7dea0}: org/gradle/api/internal/initialization/DefaultScriptHandlerBeanInfo> (0x0000000086d7dea0) 
thrown [s\src\hotspot\share\classfile\systemDictionary.cpp, line 256]
Event: 866.660 Thread 0x0000024ed2671950 Exception <a 'java/lang/ClassNotFoundException'{0x0000000086d8fac0}: org/gradle/api/internal/initialization/DefaultScriptHandlerCustomizer> (0x0000000086d8fac0) 
thrown [s\src\hotspot\share\classfile\systemDictionary.cpp, line 256]
Event: 866.682 Thread 0x0000024ed2671950 Exception <a 'java/lang/ClassNotFoundException'{0x000000008699f0e8}: org/gradle/api/internal/artifacts/dsl/DefaultRepositoryHandler_DecoratedBeanInfo> (0x000000008699f0e8) 
thrown [s\src\hotspot\share\classfile\systemDictionary.cpp, line 256]
Event: 866.683 Thread 0x0000024ed2671950 Exception <a 'java/lang/ClassNotFoundException'{0x00000000869b72c8}: org/gradle/api/internal/artifacts/dsl/DefaultRepositoryHandlerBeanInfo> (0x00000000869b72c8) 
thrown [s\src\hotspot\share\classfile\systemDictionary.cpp, line 256]
Event: 866.684 Thread 0x0000024ed2671950 Exception <a 'java/lang/ClassNotFoundException'{0x00000000869cfc98}: org/gradle/api/internal/artifacts/DefaultArtifactRepositoryContainerBeanInfo> (0x00000000869cfc98) 
thrown [s\src\hotspot\share\classfile\systemDictionary.cpp, line 256]
Event: 866.685 Thread 0x0000024ed2671950 Exception <a 'java/lang/ClassNotFoundException'{0x00000000869e4850}: org/gradle/api/internal/DefaultNamedDomainObjectListBeanInfo> (0x00000000869e4850) 
thrown [s\src\hotspot\share\classfile\systemDictionary.cpp, line 256]
Event: 866.686 Thread 0x0000024ed2671950 Exception <a 'java/lang/ClassNotFoundException'{0x00000000869f9870}: org/gradle/api/internal/DefaultNamedDomainObjectCollectionBeanInfo> (0x00000000869f9870) 
thrown [s\src\hotspot\share\classfile\systemDictionary.cpp, line 256]
Event: 866.687 Thread 0x0000024ed2671950 Exception <a 'java/lang/ClassNotFoundException'{0x000000008680ea10}: org/gradle/api/internal/DefaultDomainObjectCollectionBeanInfo> (0x000000008680ea10) 
thrown [s\src\hotspot\share\classfile\systemDictionary.cpp, line 256]
Event: 866.689 Thread 0x0000024ed2671950 Exception <a 'java/lang/ClassNotFoundException'{0x00000000868239a8}: org/gradle/api/internal/DefaultDomainObjectCollectionCustomizer> (0x00000000868239a8) 
thrown [s\src\hotspot\share\classfile\systemDictionary.cpp, line 256]
Event: 866.695 Thread 0x0000024ed2671950 Exception <a 'java/lang/ClassNotFoundException'{0x0000000086860c20}: org/gradle/api/internal/DefaultNamedDomainObjectCollectionCustomizer> (0x0000000086860c20) 
thrown [s\src\hotspot\share\classfile\systemDictionary.cpp, line 256]
Event: 866.698 Thread 0x0000024ed2671950 Exception <a 'java/lang/ClassNotFoundException'{0x00000000868a89b8}: org/gradle/api/internal/DefaultNamedDomainObjectListCustomizer> (0x00000000868a89b8) 
thrown [s\src\hotspot\share\classfile\systemDictionary.cpp, line 256]
Event: 866.704 Thread 0x0000024ed2671950 Exception <a 'java/lang/ClassNotFoundException'{0x00000000868ed080}: org/gradle/api/internal/artifacts/DefaultArtifactRepositoryContainerCustomizer> (0x00000000868ed080) 
thrown [s\src\hotspot\share\classfile\systemDictionary.cpp, line 256]
Event: 866.706 Thread 0x0000024ed2671950 Exception <a 'java/lang/ClassNotFoundException'{0x000000008672d968}: org/gradle/api/internal/artifacts/dsl/DefaultRepositoryHandlerCustomizer> (0x000000008672d968) 
thrown [s\src\hotspot\share\classfile\systemDictionary.cpp, line 256]
Event: 866.710 Thread 0x0000024ed2671950 Exception <a 'java/lang/ClassNotFoundException'{0x000000008677bd88}: org/gradle/api/internal/artifacts/dsl/DefaultRepositoryHandler_DecoratedCustomizer> (0x000000008677bd88) 
thrown [s\src\hotspot\share\classfile\systemDictionary.cpp, line 256]
Event: 866.722 Thread 0x0000024ed2671950 Exception <a 'java/lang/ClassNotFoundException'{0x000000008660f760}: org/gradle/api/internal/artifacts/dsl/dependencies/DefaultDependencyHandler_DecoratedBeanInfo> (0x000000008660f760) 
thrown [s\src\hotspot\share\classfile\systemDictionary.cpp, line 256]
Event: 866.723 Thread 0x0000024ed2671950 Exception <a 'java/lang/ClassNotFoundException'{0x0000000086627628}: org/gradle/api/internal/artifacts/dsl/dependencies/DefaultDependencyHandlerBeanInfo> (0x0000000086627628) 
thrown [s\src\hotspot\share\classfile\systemDictionary.cpp, line 256]
Event: 866.725 Thread 0x0000024ed2671950 Exception <a 'java/lang/ClassNotFoundException'{0x000000008663ef60}: org/gradle/api/internal/artifacts/dsl/dependencies/DefaultDependencyHandlerCustomizer> (0x000000008663ef60) 
thrown [s\src\hotspot\share\classfile\systemDictionary.cpp, line 256]
Event: 866.728 Thread 0x0000024ed2671950 Exception <a 'java/lang/ClassNotFoundException'{0x0000000086688f10}: org/gradle/api/internal/artifacts/dsl/dependencies/DefaultDependencyHandler_DecoratedCustomizer> (0x0000000086688f10) 
thrown [s\src\hotspot\share\classfile\systemDictionary.cpp, line 256]
Event: 881.358 Thread 0x0000024eb1e23580 Implicit null exception at 0x0000024ea235a0f2 to 0x0000024ea235a6c8
Event: 881.358 Thread 0x0000024eb1e23580 Implicit null exception at 0x0000024ea233b772 to 0x0000024ea233bd58

VM Operations (20 events):
Event: 8293.099 Executing VM operation: Cleanup done
Event: 8298.130 Executing VM operation: Cleanup
Event: 8298.178 Executing VM operation: Cleanup done
Event: 8299.179 Executing VM operation: Cleanup
Event: 8299.268 Executing VM operation: Cleanup done
Event: 8304.320 Executing VM operation: Cleanup
Event: 8304.464 Executing VM operation: Cleanup done
Event: 8307.493 Executing VM operation: Cleanup
Event: 8307.630 Executing VM operation: Cleanup done
Event: 8310.654 Executing VM operation: Cleanup
Event: 8311.022 Executing VM operation: Cleanup done
Event: 8316.178 Executing VM operation: G1CollectForAllocation
Event: 8324.108 Executing VM operation: G1CollectForAllocation done
Event: 8325.840 Executing VM operation: G1CollectForAllocation
Event: 8329.435 Executing VM operation: G1CollectForAllocation done
Event: 8333.940 Executing VM operation: G1CollectForAllocation
Event: 8335.531 Executing VM operation: G1CollectForAllocation done
Event: 8336.547 Executing VM operation: Cleanup
Event: 8337.209 Executing VM operation: Cleanup done
Event: 8337.497 Executing VM operation: G1CollectForAllocation

Memory protections (0 events):
No events

Nmethod flushes (20 events):
Event: 697.533 Thread 0x0000024eb1ca8650 flushing  nmethod 0x0000024e9afbb110
Event: 697.533 Thread 0x0000024eb1ca8650 flushing  nmethod 0x0000024e9afc1110
Event: 697.533 Thread 0x0000024eb1ca8650 flushing  nmethod 0x0000024e9afc5690
Event: 697.533 Thread 0x0000024eb1ca8650 flushing  nmethod 0x0000024e9afd9f10
Event: 697.533 Thread 0x0000024eb1ca8650 flushing  nmethod 0x0000024e9aff6a10
Event: 697.533 Thread 0x0000024eb1ca8650 flushing  nmethod 0x0000024e9affd110
Event: 697.533 Thread 0x0000024eb1ca8650 flushing  nmethod 0x0000024e9affd990
Event: 697.533 Thread 0x0000024eb1ca8650 flushing  nmethod 0x0000024e9b00a510
Event: 697.533 Thread 0x0000024eb1ca8650 flushing  nmethod 0x0000024e9b00aa10
Event: 697.533 Thread 0x0000024eb1ca8650 flushing  nmethod 0x0000024e9b00bb90
Event: 697.533 Thread 0x0000024eb1ca8650 flushing  nmethod 0x0000024e9b00de10
Event: 697.533 Thread 0x0000024eb1ca8650 flushing  nmethod 0x0000024e9b024590
Event: 697.533 Thread 0x0000024eb1ca8650 flushing  nmethod 0x0000024e9b05be10
Event: 697.533 Thread 0x0000024eb1ca8650 flushing  nmethod 0x0000024e9b060810
Event: 697.533 Thread 0x0000024eb1ca8650 flushing  nmethod 0x0000024e9b081990
Event: 697.533 Thread 0x0000024eb1ca8650 flushing  nmethod 0x0000024e9b0c1310
Event: 697.533 Thread 0x0000024eb1ca8650 flushing  nmethod 0x0000024e9b11d290
Event: 697.533 Thread 0x0000024eb1ca8650 flushing  nmethod 0x0000024e9b11d610
Event: 866.081 Thread 0x0000024eb1ca8650 flushing  nmethod 0x0000024e9ac9cf10
Event: 866.082 Thread 0x0000024eb1ca8650 flushing  nmethod 0x0000024e9ad3e410

Events (20 events):
Event: 867.531 Thread 0x0000024ed2fc9070 Thread exited: 0x0000024ed2fc9070
Event: 867.606 Thread 0x0000024ed2fc9b10 Thread exited: 0x0000024ed2fc9b10
Event: 868.540 Thread 0x0000024ed2fca5b0 Thread exited: 0x0000024ed2fca5b0
Event: 868.540 Thread 0x0000024ed294f050 Thread exited: 0x0000024ed294f050
Event: 868.540 Thread 0x0000024ed5a79430 Thread exited: 0x0000024ed5a79430
Event: 888.682 Thread 0x0000024eb177c450 Thread added: 0x0000024ed2fc9070
Event: 890.785 Thread 0x0000024ed2fc9070 Thread exited: 0x0000024ed2fc9070
Event: 1672.978 Thread 0x0000024eb177c450 Thread added: 0x0000024ed2fc9070
Event: 1672.979 Thread 0x0000024eb177c450 Thread added: 0x0000024ed2fca5b0
Event: 1673.561 Thread 0x0000024ed2fca5b0 Thread exited: 0x0000024ed2fca5b0
Event: 1673.562 Thread 0x0000024ed2fc9070 Thread exited: 0x0000024ed2fc9070
Event: 1677.532 Thread 0x0000024eb177c450 Thread added: 0x0000024ed2fc9b10
Event: 1678.706 Thread 0x0000024ed2fc9b10 Thread exited: 0x0000024ed2fc9b10
Event: 8282.116 Thread 0x0000024eb177c450 Thread added: 0x0000024ed2fca060
Event: 8282.116 Thread 0x0000024eb177c450 Thread added: 0x0000024ed2fca5b0
Event: 8282.117 Thread 0x0000024eb177c450 Thread added: 0x0000024ed2fc9070
Event: 8283.561 Thread 0x0000024ed2fc9070 Thread exited: 0x0000024ed2fc9070
Event: 8284.333 Thread 0x0000024ed2fca5b0 Thread exited: 0x0000024ed2fca5b0
Event: 8284.612 Thread 0x0000024ed2fca060 Thread exited: 0x0000024ed2fca060
Event: 8331.186 Thread 0x0000024ed3278000 Thread exited: 0x0000024ed3278000


Dynamic libraries:
0x00007ff687c40000 - 0x00007ff687c4e000 	C:\Program Files\Eclipse Adoptium\jdk-17.0.15.6-hotspot\bin\java.exe
0x00007fffc3680000 - 0x00007fffc38e6000 	C:\WINDOWS\SYSTEM32\ntdll.dll
0x00007fffc2160000 - 0x00007fffc2229000 	C:\WINDOWS\System32\KERNEL32.DLL
0x00007fffc0ae0000 - 0x00007fffc0eac000 	C:\WINDOWS\System32\KERNELBASE.dll
0x0000000070320000 - 0x00000000703bd000 	C:\ProgramData\Symantec\Symantec Endpoint Protection\14.3.9205.6000.105\Data\Sysfer\x64\sysfer.dll
0x00007fffc0810000 - 0x00007fffc095b000 	C:\WINDOWS\System32\ucrtbase.dll
0x00007fff9be20000 - 0x00007fff9be37000 	C:\Program Files\Eclipse Adoptium\jdk-17.0.15.6-hotspot\bin\jli.dll
0x00007fff99aa0000 - 0x00007fff99abe000 	C:\Program Files\Eclipse Adoptium\jdk-17.0.15.6-hotspot\bin\VCRUNTIME140.dll
0x00007fffc14c0000 - 0x00007fffc168a000 	C:\WINDOWS\System32\USER32.dll
0x00007fffa61a0000 - 0x00007fffa643a000 	C:\WINDOWS\WinSxS\amd64_microsoft.windows.common-controls_6595b64144ccf1df_6.0.26100.3912_none_3e07963ce335137e\COMCTL32.dll
0x00007fffc1360000 - 0x00007fffc1387000 	C:\WINDOWS\System32\win32u.dll
0x00007fffc1730000 - 0x00007fffc175b000 	C:\WINDOWS\System32\GDI32.dll
0x00007fffc3590000 - 0x00007fffc3639000 	C:\WINDOWS\System32\msvcrt.dll
0x00007fffc0f70000 - 0x00007fffc10a2000 	C:\WINDOWS\System32\gdi32full.dll
0x00007fffc1390000 - 0x00007fffc1433000 	C:\WINDOWS\System32\msvcp_win.dll
0x00007fffc2850000 - 0x00007fffc2880000 	C:\WINDOWS\System32\IMM32.DLL
0x00007fffa4250000 - 0x00007fffa425c000 	C:\Program Files\Eclipse Adoptium\jdk-17.0.15.6-hotspot\bin\vcruntime140_1.dll
0x00007fff7c670000 - 0x00007fff7c6fd000 	C:\Program Files\Eclipse Adoptium\jdk-17.0.15.6-hotspot\bin\msvcp140.dll
0x00007fff3e940000 - 0x00007fff3f5ab000 	C:\Program Files\Eclipse Adoptium\jdk-17.0.15.6-hotspot\bin\server\jvm.dll
0x00007fffc2e40000 - 0x00007fffc2ef2000 	C:\WINDOWS\System32\ADVAPI32.dll
0x00007fffc1760000 - 0x00007fffc1806000 	C:\WINDOWS\System32\sechost.dll
0x00007fffc2040000 - 0x00007fffc2156000 	C:\WINDOWS\System32\RPCRT4.dll
0x00007fffc3500000 - 0x00007fffc3574000 	C:\WINDOWS\System32\WS2_32.dll
0x00007fffc0680000 - 0x00007fffc06de000 	C:\WINDOWS\SYSTEM32\POWRPROF.dll
0x00007fffb52a0000 - 0x00007fffb52d6000 	C:\WINDOWS\SYSTEM32\WINMM.dll
0x00007fffa9820000 - 0x00007fffa982b000 	C:\WINDOWS\SYSTEM32\VERSION.dll
0x00007fffc0660000 - 0x00007fffc0674000 	C:\WINDOWS\SYSTEM32\UMPDC.dll
0x00007fffbf5d0000 - 0x00007fffbf5ea000 	C:\WINDOWS\SYSTEM32\kernel.appcore.dll
0x00007fffa41b0000 - 0x00007fffa41ba000 	C:\Program Files\Eclipse Adoptium\jdk-17.0.15.6-hotspot\bin\jimage.dll
0x00007fffbe100000 - 0x00007fffbe341000 	C:\WINDOWS\SYSTEM32\DBGHELP.DLL
0x00007fffc3000000 - 0x00007fffc3384000 	C:\WINDOWS\System32\combase.dll
0x00007fffc2b40000 - 0x00007fffc2c20000 	C:\WINDOWS\System32\OLEAUT32.dll
0x00007fff95100000 - 0x00007fff95139000 	C:\WINDOWS\SYSTEM32\dbgcore.DLL
0x00007fffc12c0000 - 0x00007fffc1359000 	C:\WINDOWS\System32\bcryptPrimitives.dll
0x00007fff988b0000 - 0x00007fff988d5000 	C:\Program Files\Eclipse Adoptium\jdk-17.0.15.6-hotspot\bin\java.dll
0x00007fff7c590000 - 0x00007fff7c667000 	C:\Program Files\Eclipse Adoptium\jdk-17.0.15.6-hotspot\bin\jsvml.dll
0x00007fffc1890000 - 0x00007fffc1fbd000 	C:\WINDOWS\System32\SHELL32.dll
0x00007fffc0960000 - 0x00007fffc0ad4000 	C:\WINDOWS\System32\wintypes.dll
0x00007fffbe450000 - 0x00007fffbeca6000 	C:\WINDOWS\SYSTEM32\windows.storage.dll
0x00007fffc2f00000 - 0x00007fffc2fef000 	C:\WINDOWS\System32\SHCORE.dll
0x00007fffc1820000 - 0x00007fffc1889000 	C:\WINDOWS\System32\shlwapi.dll
0x00007fffc0720000 - 0x00007fffc074f000 	C:\WINDOWS\SYSTEM32\profapi.dll
0x00007fff99a10000 - 0x00007fff99a29000 	C:\Program Files\Eclipse Adoptium\jdk-17.0.15.6-hotspot\bin\net.dll
0x00007fffaf2b0000 - 0x00007fffaf3ce000 	C:\WINDOWS\SYSTEM32\WINHTTP.dll
0x00007fffbfb40000 - 0x00007fffbfbaa000 	C:\WINDOWS\system32\mswsock.dll
0x00007fff98f80000 - 0x00007fff98f96000 	C:\Program Files\Eclipse Adoptium\jdk-17.0.15.6-hotspot\bin\nio.dll
0x00007fff98520000 - 0x00007fff98538000 	C:\Program Files\Eclipse Adoptium\jdk-17.0.15.6-hotspot\bin\zip.dll
0x00007fffa4150000 - 0x00007fffa4160000 	C:\Program Files\Eclipse Adoptium\jdk-17.0.15.6-hotspot\bin\verify.dll
0x00007fff98930000 - 0x00007fff98957000 	C:\Users\karth\.gradle\native\68d5fa5c4cc2d200863cafc0d521ce42e7d3e7ee720ec0a83991735586a16f82\windows-amd64\native-platform.dll
0x00007fff7c440000 - 0x00007fff7c584000 	C:\Users\karth\.gradle\native\e376f236ea51e6404a007f0833ffe2c6e607c4080706a723a18a27aeea778392\windows-amd64\native-platform-file-events.dll
0x00007fffa0910000 - 0x00007fffa091a000 	C:\Program Files\Eclipse Adoptium\jdk-17.0.15.6-hotspot\bin\management.dll
0x00007fffa0830000 - 0x00007fffa083b000 	C:\Program Files\Eclipse Adoptium\jdk-17.0.15.6-hotspot\bin\management_ext.dll
0x00007fffc3580000 - 0x00007fffc3588000 	C:\WINDOWS\System32\PSAPI.DLL
0x00007fffbfde0000 - 0x00007fffbfdfc000 	C:\WINDOWS\SYSTEM32\CRYPTSP.dll
0x00007fffbf530000 - 0x00007fffbf56a000 	C:\WINDOWS\system32\rsaenh.dll
0x00007fffbfbe0000 - 0x00007fffbfc0b000 	C:\WINDOWS\SYSTEM32\USERENV.dll
0x00007fffc06f0000 - 0x00007fffc0716000 	C:\WINDOWS\SYSTEM32\bcrypt.dll
0x00007fffbfe00000 - 0x00007fffbfe0c000 	C:\WINDOWS\SYSTEM32\CRYPTBASE.dll
0x00007fffbf070000 - 0x00007fffbf0a3000 	C:\WINDOWS\SYSTEM32\IPHLPAPI.DLL
0x00007fffc2740000 - 0x00007fffc274a000 	C:\WINDOWS\System32\NSI.dll
0x00007fffb72a0000 - 0x00007fffb72bf000 	C:\WINDOWS\SYSTEM32\dhcpcsvc6.DLL
0x00007fffb7030000 - 0x00007fffb7055000 	C:\WINDOWS\SYSTEM32\dhcpcsvc.DLL
0x00007fffbf140000 - 0x00007fffbf267000 	C:\WINDOWS\SYSTEM32\DNSAPI.dll
0x00007fff9c160000 - 0x00007fff9c169000 	C:\Program Files\Eclipse Adoptium\jdk-17.0.15.6-hotspot\bin\extnet.dll
0x00007fff9bf40000 - 0x00007fff9bf4e000 	C:\Program Files\Eclipse Adoptium\jdk-17.0.15.6-hotspot\bin\sunmscapi.dll
0x00007fffc10b0000 - 0x00007fffc1227000 	C:\WINDOWS\System32\CRYPT32.dll
0x00007fffbfff0000 - 0x00007fffc0020000 	C:\WINDOWS\SYSTEM32\ncrypt.dll
0x00007fffbffa0000 - 0x00007fffbffdf000 	C:\WINDOWS\SYSTEM32\NTASN1.dll
0x00007fffa3df0000 - 0x00007fffa3df8000 	C:\WINDOWS\system32\wshunix.dll

dbghelp: loaded successfully - version: 4.0.5 - missing functions: none
symbol engine: initialized successfully - sym options: 0x614 - pdb path: .;C:\Program Files\Eclipse Adoptium\jdk-17.0.15.6-hotspot\bin;C:\WINDOWS\SYSTEM32;C:\ProgramData\Symantec\Symantec Endpoint Protection\14.3.9205.6000.105\Data\Sysfer\x64;C:\WINDOWS\WinSxS\amd64_microsoft.windows.common-controls_6595b64144ccf1df_6.0.26100.3912_none_3e07963ce335137e;C:\Program Files\Eclipse Adoptium\jdk-17.0.15.6-hotspot\bin\server;C:\Users\karth\.gradle\native\68d5fa5c4cc2d200863cafc0d521ce42e7d3e7ee720ec0a83991735586a16f82\windows-amd64;C:\Users\karth\.gradle\native\e376f236ea51e6404a007f0833ffe2c6e607c4080706a723a18a27aeea778392\windows-amd64

VM Arguments:
jvm_args: -XX:MaxMetaspaceSize=512m --add-opens=java.base/java.util=ALL-UNNAMED --add-opens=java.base/java.lang=ALL-UNNAMED --add-opens=java.base/java.lang.invoke=ALL-UNNAMED --add-opens=java.prefs/java.util.prefs=ALL-UNNAMED --add-opens=java.base/java.nio.charset=ALL-UNNAMED --add-opens=java.base/java.net=ALL-UNNAMED --add-opens=java.base/java.util.concurrent.atomic=ALL-UNNAMED -Xmx2048m -Dfile.encoding=UTF-8 -Duser.country=CA -Duser.language=en -Duser.variant 
java_command: org.gradle.launcher.daemon.bootstrap.GradleDaemon 8.0.1
java_class_path (initial): C:\Users\karth\.gradle\wrapper\dists\gradle-8.0.1-all\aro4hu1c3oeioove7l0i4i14o\gradle-8.0.1\lib\gradle-launcher-8.0.1.jar
Launcher Type: SUN_STANDARD

[Global flags]
     intx CICompilerCount                          = 12                                        {product} {ergonomic}
   size_t CompressedClassSpaceSize                 = 436207616                                 {product} {ergonomic}
     uint ConcGCThreads                            = 3                                         {product} {ergonomic}
     uint G1ConcRefinementThreads                  = 13                                        {product} {ergonomic}
   size_t G1HeapRegionSize                         = 1048576                                   {product} {ergonomic}
    uintx GCDrainStackTargetSize                   = 64                                        {product} {ergonomic}
   size_t InitialHeapSize                          = 264241152                                 {product} {ergonomic}
   size_t MarkStackSize                            = 4194304                                   {product} {ergonomic}
   size_t MaxHeapSize                              = 2147483648                                {product} {command line}
   size_t MaxMetaspaceSize                         = 536870912                                 {product} {command line}
   size_t MaxNewSize                               = 1287651328                                {product} {ergonomic}
   size_t MinHeapDeltaBytes                        = 1048576                                   {product} {ergonomic}
   size_t MinHeapSize                              = 8388608                                   {product} {ergonomic}
    uintx NonNMethodCodeHeapSize                   = 7602480                                {pd product} {ergonomic}
    uintx NonProfiledCodeHeapSize                  = 122027880                              {pd product} {ergonomic}
    uintx ProfiledCodeHeapSize                     = 122027880                              {pd product} {ergonomic}
    uintx ReservedCodeCacheSize                    = 251658240                              {pd product} {ergonomic}
     bool SegmentedCodeCache                       = true                                      {product} {ergonomic}
   size_t SoftMaxHeapSize                          = 2147483648                             {manageable} {ergonomic}
     bool UseCompressedClassPointers               = true                           {product lp64_product} {ergonomic}
     bool UseCompressedOops                        = true                           {product lp64_product} {ergonomic}
     bool UseG1GC                                  = true                                      {product} {ergonomic}
     bool UseLargePagesIndividualAllocation        = false                                  {pd product} {ergonomic}

Logging:
Log output configuration:
 #0: stdout all=warning uptime,level,tags
 #1: stderr all=off uptime,level,tags

Environment Variables:
JAVA_HOME=C:\Program Files\Java\jdk-23
CLASSPATH=C:\Users\karth\CascadeProjects\MobileAppAndroid\android\\gradle\wrapper\gradle-wrapper.jar
PATH=C:\Users\karth\CascadeProjects\MobileAppAndroid\node_modules\.bin;C:\Users\karth\CascadeProjects\MobileAppAndroid\node_modules\.bin;C:\Users\karth\CascadeProjects\node_modules\.bin;C:\Users\karth\node_modules\.bin;C:\Users\node_modules\.bin;C:\node_modules\.bin;C:\Program Files\nodejs\node_modules\npm\node_modules\@npmcli\run-script\lib\node-gyp-bin;C:\Users\karth\CascadeProjects\MobileAppAndroid\node_modules\.bin;C:\Users\karth\CascadeProjects\MobileAppAndroid\node_modules\.bin;C:\Users\karth\CascadeProjects\node_modules\.bin;C:\Users\karth\node_modules\.bin;C:\Users\node_modules\.bin;C:\node_modules\.bin;C:\Program Files\nodejs\node_modules\npm\node_modules\@npmcli\run-script\lib\node-gyp-bin;C:\Program Files\Eclipse Adoptium\jdk-17.0.15.6-hotspot\bin;C:\Program Files\Common Files\Oracle\Java\javapath;C:\WINDOWS\system32;C:\WINDOWS;C:\WINDOWS\System32\Wbem;C:\WINDOWS\System32\WindowsPowerShell\v1.0\;C:\WINDOWS\System32\OpenSSH\;C:\Program Files\nodejs\;C:\Program Files (x86)\nikto\program;C:\Program Files (x86)\curl;D:\GoWorkspace\bin;C:\Program Files\Go\bin;C:\Program Files\Git\cmd;C:\Users\karth\AppData\Local\Android\Sdk;C:\Users\karth\AppData\Local\Android\Sdk\platform-tools;C:\Program Files\Eclipse Adoptium\jdk-17.0.15.6-hotspot\bin;C:\Program Files\Common Files\Oracle\Java\javapath;C:\WINDOWS\system32;C:\WINDOWS;C:\WINDOWS\System32\Wbem;C:\WINDOWS\System32\WindowsPowerShell\v1.0\;C:\WINDOWS\System32\OpenSSH\;C:\Program Files\nodejs\;C:\Program Files\Git\cmd;C:\Users\karth\AppData\Local\Microsoft\WindowsApps;C:\Users\karth\AppData\Local\Programs\Microsoft VS Code\bin;C:\Users\karth\AppData\Roaming\npm;C:\Users\karth\go\bin;C:\Users\karth\AppData\Local\Programs\Windsurf\bin
USERNAME=karth
OS=Windows_NT
PROCESSOR_IDENTIFIER=Intel64 Family 6 Model 154 Stepping 3, GenuineIntel
TMP=C:\Users\karth\AppData\Local\Temp
TEMP=C:\Users\karth\AppData\Local\Temp



Periodic native trim disabled


---------------  S Y S T E M  ---------------

OS:
 Windows 11 , 64 bit Build 26100 (10.0.26100.3912)
OS uptime: 10 days 15:58 hours
Hyper-V role detected

CPU: total 16 (initial active 16) (8 cores per cpu, 2 threads per core) family 6 model 154 stepping 3 microcode 0x416, cx8, cmov, fxsr, ht, mmx, 3dnowpref, sse, sse2, sse3, ssse3, sse4.1, sse4.2, popcnt, lzcnt, tsc, tscinvbit, avx, avx2, aes, erms, clmul, bmi1, bmi2, adx, sha, fma, vzeroupper, clflush, clflushopt, clwb, hv
Processor Information for processor 0
  Max Mhz: 2100, Current Mhz: 2100, Mhz Limit: 2100
Processor Information for processor 1
  Max Mhz: 2100, Current Mhz: 2100, Mhz Limit: 2100
Processor Information for processor 2
  Max Mhz: 2100, Current Mhz: 2100, Mhz Limit: 2100
Processor Information for processor 3
  Max Mhz: 2100, Current Mhz: 2100, Mhz Limit: 2100
Processor Information for processor 4
  Max Mhz: 2100, Current Mhz: 2100, Mhz Limit: 2100
Processor Information for processor 5
  Max Mhz: 2100, Current Mhz: 2100, Mhz Limit: 2100
Processor Information for processor 6
  Max Mhz: 2100, Current Mhz: 2100, Mhz Limit: 2100
Processor Information for processor 7
  Max Mhz: 2100, Current Mhz: 2100, Mhz Limit: 2100
Processor Information for processor 8
  Max Mhz: 2100, Current Mhz: 1500, Mhz Limit: 1491
Processor Information for processor 9
  Max Mhz: 2100, Current Mhz: 1500, Mhz Limit: 1491
Processor Information for processor 10
  Max Mhz: 2100, Current Mhz: 1500, Mhz Limit: 1491
Processor Information for processor 11
  Max Mhz: 2100, Current Mhz: 1500, Mhz Limit: 1491
Processor Information for processor 12
  Max Mhz: 2100, Current Mhz: 1500, Mhz Limit: 1491
Processor Information for processor 13
  Max Mhz: 2100, Current Mhz: 1500, Mhz Limit: 1491
Processor Information for processor 14
  Max Mhz: 2100, Current Mhz: 1500, Mhz Limit: 1491
Processor Information for processor 15
  Max Mhz: 2100, Current Mhz: 1500, Mhz Limit: 1491

Memory: 4k page, system-wide physical 16088M (0M free)
TotalPageFile size 64210M (AvailPageFile size 14M)
current process WorkingSet (physical memory assigned to process): 24M, peak: 281M
current process commit charge ("private bytes"): 381M, peak: 490M

vm_info: OpenJDK 64-Bit Server VM (17.0.15+6) for windows-amd64 JRE (17.0.15+6), built on Apr 15 2025 21:25:47 by "admin" with MS VC++ 17.7 (VS2022)

END.
