#
# There is insufficient memory for the Java Runtime Environment to continue.
# Native memory allocation (malloc) failed to allocate 32744 bytes. Error detail: Chunk::new
# Possible reasons:
#   The system is out of physical RAM or swap space
#   This process is running with CompressedOops enabled, and the Java Heap may be blocking the growth of the native heap
# Possible solutions:
#   Reduce memory load on the system
#   Increase physical memory or swap space
#   Check if swap backing store is full
#   Decrease Java heap size (-Xmx/-Xms)
#   Decrease number of Java threads
#   Decrease Java thread stack sizes (-Xss)
#   Set larger code cache with -XX:ReservedCodeCacheSize=
#   JVM is running with Unscaled Compressed Oops mode in which the Java heap is
#     placed in the first 4GB address space. The Java Heap base address is the
#     maximum limit for the native heap growth. Please use -XX:HeapBaseMinAddress
#     to set the Java Heap base and to place the Java Heap above 4GB virtual address.
# This output file may be truncated or incomplete.
#
#  Out of Memory Error (arena.cpp:149), pid=18608, tid=45840
#
# JRE version: Java(TM) SE Runtime Environment (23.0.1+11) (build 23.0.1+11-39)
# Java VM: Java HotSpot(TM) 64-Bit Server VM (23.0.1+11-39, mixed mode, sharing, tiered, compressed oops, compressed class ptrs, g1 gc, windows-amd64)
# No core dump will be written. Minidumps are not enabled by default on client versions of Windows
#

---------------  S U M M A R Y ------------

Command Line: -Xmx64m -Xms64m -Dorg.gradle.appname=gradlew org.gradle.wrapper.GradleWrapperMain tasks

Host: 12th Gen Intel(R) Core(TM) i7-1260P, 16 cores, 15G,  Windows 11 , 64 bit Build 26100 (10.0.26100.3912)
Time: Sun May 25 23:53:15 2025 Eastern Daylight Time elapsed time: 71.576178 seconds (0d 0h 1m 11s)

---------------  T H R E A D  ---------------

Current thread (0x0000025a390f7270):  JavaThread "C1 CompilerThread0" daemon [_thread_in_native, id=45840, stack(0x00000085a6600000,0x00000085a6700000) (1024K)]


Current CompileTask:
C1:71576 1835       3       java.net.URLStreamHandler::parseURL (1124 bytes)

Stack: [0x00000085a6600000,0x00000085a6700000]
Native frames: (J=compiled Java code, j=interpreted, Vv=VM code, C=native code)
V  [jvm.dll+0x6e08b9]  (no source info available)
V  [jvm.dll+0x87dc83]  (no source info available)
V  [jvm.dll+0x88010e]  (no source info available)
V  [jvm.dll+0x8807e3]  (no source info available)
V  [jvm.dll+0x27aee6]  (no source info available)
V  [jvm.dll+0xbc06f]  (no source info available)
V  [jvm.dll+0xbc2cb]  (no source info available)
V  [jvm.dll+0x13b8ce]  (no source info available)
V  [jvm.dll+0x13ad97]  (no source info available)
V  [jvm.dll+0x194cfd]  (no source info available)
V  [jvm.dll+0x1955c6]  (no source info available)
V  [jvm.dll+0x150a72]  (no source info available)
V  [jvm.dll+0x15022f]  (no source info available)
V  [jvm.dll+0x1504db]  (no source info available)
V  [jvm.dll+0x14f8a8]  (no source info available)
V  [jvm.dll+0x1516ed]  (no source info available)
V  [jvm.dll+0x253cf1]  (no source info available)
V  [jvm.dll+0x251faa]  (no source info available)
V  [jvm.dll+0x3ee036]  (no source info available)
V  [jvm.dll+0x824f8b]  (no source info available)
V  [jvm.dll+0x6df065]  (no source info available)
C  [ucrtbase.dll+0x37b0]  (no source info available)
C  [KERNEL32.DLL+0x2e8d7]  (no source info available)
C  [ntdll.dll+0x9c5dc]  (no source info available)

Lock stack of current Java thread (top to bottom):


---------------  P R O C E S S  ---------------

Threads class SMR info:
_java_thread_list=0x0000025a39bfec10, length=15, elements={
0x0000025a1bcce770, 0x0000025a390d4890, 0x0000025a390d54f0, 0x0000025a390e09e0,
0x0000025a390e3ad0, 0x0000025a390e4530, 0x0000025a390e4f90, 0x0000025a390e5d20,
0x0000025a390f7270, 0x0000025a39240430, 0x0000025a392464e0, 0x0000025a392e2070,
0x0000025a39de6c10, 0x0000025a39dd72d0, 0x0000025a39def980
}

Java Threads: ( => current thread )
  0x0000025a1bcce770 JavaThread "main"                              [_thread_in_Java, id=15608, stack(0x00000085a5700000,0x00000085a5800000) (1024K)]
  0x0000025a390d4890 JavaThread "Reference Handler"          daemon [_thread_blocked, id=56524, stack(0x00000085a5f00000,0x00000085a6000000) (1024K)]
  0x0000025a390d54f0 JavaThread "Finalizer"                  daemon [_thread_blocked, id=6856, stack(0x00000085a6000000,0x00000085a6100000) (1024K)]
  0x0000025a390e09e0 JavaThread "Signal Dispatcher"          daemon [_thread_blocked, id=68356, stack(0x00000085a6100000,0x00000085a6200000) (1024K)]
  0x0000025a390e3ad0 JavaThread "Attach Listener"            daemon [_thread_blocked, id=3028, stack(0x00000085a6200000,0x00000085a6300000) (1024K)]
  0x0000025a390e4530 JavaThread "Service Thread"             daemon [_thread_blocked, id=22248, stack(0x00000085a6300000,0x00000085a6400000) (1024K)]
  0x0000025a390e4f90 JavaThread "Monitor Deflation Thread"   daemon [_thread_blocked, id=5540, stack(0x00000085a6400000,0x00000085a6500000) (1024K)]
  0x0000025a390e5d20 JavaThread "C2 CompilerThread0"         daemon [_thread_blocked, id=9168, stack(0x00000085a6500000,0x00000085a6600000) (1024K)]
=>0x0000025a390f7270 JavaThread "C1 CompilerThread0"         daemon [_thread_in_native, id=45840, stack(0x00000085a6600000,0x00000085a6700000) (1024K)]
  0x0000025a39240430 JavaThread "Notification Thread"        daemon [_thread_blocked, id=11592, stack(0x00000085a6800000,0x00000085a6900000) (1024K)]
  0x0000025a392464e0 JavaThread "Common-Cleaner"             daemon [_thread_blocked, id=46912, stack(0x00000085a6900000,0x00000085a6a00000) (1024K)]
  0x0000025a392e2070 JavaThread "pool-1-thread-1"                   [_thread_blocked, id=46944, stack(0x00000085a6a00000,0x00000085a6b00000) (1024K)]
  0x0000025a39de6c10 JavaThread "Exec process"                      [_thread_blocked, id=64140, stack(0x00000085a6700000,0x00000085a6800000) (1024K)]
  0x0000025a39dd72d0 JavaThread "Exec process Thread 2"             [_thread_blocked, id=6872, stack(0x00000085a7000000,0x00000085a7100000) (1024K)]
  0x0000025a39def980 JavaThread "Exec process Thread 3"             [_thread_blocked, id=49948, stack(0x00000085a7100000,0x00000085a7200000) (1024K)]
Total: 15

Other Threads:
  0x0000025a390bf720 VMThread "VM Thread"                           [id=24508, stack(0x00000085a5e00000,0x00000085a5f00000) (1024K)]
  0x0000025a390b09a0 WatcherThread "VM Periodic Task Thread"        [id=34176, stack(0x00000085a5d00000,0x00000085a5e00000) (1024K)]
  0x0000025a1e121040 WorkerThread "GC Thread#0"                     [id=63924, stack(0x00000085a5800000,0x00000085a5900000) (1024K)]
  0x0000025a39d5dfa0 WorkerThread "GC Thread#1"                     [id=24680, stack(0x00000085a6b00000,0x00000085a6c00000) (1024K)]
  0x0000025a39d9f620 WorkerThread "GC Thread#2"                     [id=2460, stack(0x00000085a6c00000,0x00000085a6d00000) (1024K)]
  0x0000025a391a8ee0 WorkerThread "GC Thread#3"                     [id=33596, stack(0x00000085a6d00000,0x00000085a6e00000) (1024K)]
  0x0000025a394d3e40 WorkerThread "GC Thread#4"                     [id=25800, stack(0x00000085a6e00000,0x00000085a6f00000) (1024K)]
  0x0000025a394d41f0 WorkerThread "GC Thread#5"                     [id=48540, stack(0x00000085a6f00000,0x00000085a7000000) (1024K)]
  0x0000025a1e122460 ConcurrentGCThread "G1 Main Marker"            [id=57880, stack(0x00000085a5900000,0x00000085a5a00000) (1024K)]
  0x0000025a1e123e90 WorkerThread "G1 Conc#0"                       [id=61120, stack(0x00000085a5a00000,0x00000085a5b00000) (1024K)]
  0x0000025a1e1a74a0 ConcurrentGCThread "G1 Refine#0"               [id=57876, stack(0x00000085a5b00000,0x00000085a5c00000) (1024K)]
  0x0000025a1e1a8ed0 ConcurrentGCThread "G1 Service"                [id=61056, stack(0x00000085a5c00000,0x00000085a5d00000) (1024K)]
Total: 12

Threads with active compile tasks:
C1 CompilerThread0  73697 1835       3       java.net.URLStreamHandler::parseURL (1124 bytes)
Total: 1

VM state: not at safepoint (normal execution)

VM Mutex/Monitor currently owned by a thread: None

Heap address: 0x00000000fc000000, size: 64 MB, Compressed Oops mode: 32-bit

CDS archive(s) mapped at: [0x0000025a3a000000-0x0000025a3ad70000-0x0000025a3ad70000), size 14090240, SharedBaseAddress: 0x0000025a3a000000, ArchiveRelocationMode: 1.
Compressed class space mapped at: 0x0000025a3b000000-0x0000025a7b000000, reserved size: 1073741824
Narrow klass base: 0x0000025a3a000000, Narrow klass shift: 0, Narrow klass range: 0x41000000

GC Precious Log:
 CardTable entry size: 512
 Card Set container configuration: InlinePtr #cards 5 size 8 Array Of Cards #cards 10 size 36 Howl #buckets 4 coarsen threshold 1843 Howl Bitmap #cards 512 size 80 coarsen threshold 460 Card regions per heap region 1 cards per card region 2048
 CPUs: 16 total, 16 available
 Memory: 16088M
 Large Page Support: Disabled
 NUMA Support: Disabled
 Compressed Oops: Enabled (32-bit)
 Heap Region Size: 1M
 Heap Min Capacity: 64M
 Heap Initial Capacity: 64M
 Heap Max Capacity: 64M
 Pre-touch: Disabled
 Parallel Workers: 13
 Concurrent Workers: 3
 Concurrent Refinement Workers: 13
 Periodic GC: Disabled

Heap:
 garbage-first heap   total reserved 65536K, committed 65536K, used 28220K [0x00000000fc000000, 0x0000000100000000)
  region size 1024K, 21 young (21504K), 3 survivors (3072K)
 Metaspace       used 8998K, committed 9280K, reserved 1114112K
  class space    used 1212K, committed 1344K, reserved 1048576K

Heap Regions: E=young(eden), S=young(survivor), O=old, HS=humongous(starts), HC=humongous(continues), CS=collection set, F=free, TAMS=top-at-mark-start, PB=parsable bottom
|   0|0x00000000fc000000, 0x00000000fc100000, 0x00000000fc100000|100%|HS|  |TAMS 0x00000000fc000000| PB 0x00000000fc000000| Complete |  0
|   1|0x00000000fc100000, 0x00000000fc200000, 0x00000000fc200000|100%|HC|  |TAMS 0x00000000fc100000| PB 0x00000000fc100000| Complete |  0
|   2|0x00000000fc200000, 0x00000000fc300000, 0x00000000fc300000|100%|HC|  |TAMS 0x00000000fc200000| PB 0x00000000fc200000| Complete |  0
|   3|0x00000000fc300000, 0x00000000fc400000, 0x00000000fc400000|100%|HC|  |TAMS 0x00000000fc300000| PB 0x00000000fc300000| Complete |  0
|   4|0x00000000fc400000, 0x00000000fc500000, 0x00000000fc500000|100%| O|  |TAMS 0x00000000fc400000| PB 0x00000000fc400000| Untracked |  0
|   5|0x00000000fc500000, 0x00000000fc600000, 0x00000000fc600000|100%| O|  |TAMS 0x00000000fc500000| PB 0x00000000fc500000| Untracked |  0
|   6|0x00000000fc600000, 0x00000000fc700000, 0x00000000fc700000|100%| O|  |TAMS 0x00000000fc600000| PB 0x00000000fc600000| Untracked |  0
|   7|0x00000000fc700000, 0x00000000fc78f000, 0x00000000fc800000| 55%| O|  |TAMS 0x00000000fc700000| PB 0x00000000fc700000| Untracked |  0
|   8|0x00000000fc800000, 0x00000000fc800000, 0x00000000fc900000|  0%| F|  |TAMS 0x00000000fc800000| PB 0x00000000fc800000| Untracked |  0
|   9|0x00000000fc900000, 0x00000000fc900000, 0x00000000fca00000|  0%| F|  |TAMS 0x00000000fc900000| PB 0x00000000fc900000| Untracked |  0
|  10|0x00000000fca00000, 0x00000000fca00000, 0x00000000fcb00000|  0%| F|  |TAMS 0x00000000fca00000| PB 0x00000000fca00000| Untracked |  0
|  11|0x00000000fcb00000, 0x00000000fcb00000, 0x00000000fcc00000|  0%| F|  |TAMS 0x00000000fcb00000| PB 0x00000000fcb00000| Untracked |  0
|  12|0x00000000fcc00000, 0x00000000fcc00000, 0x00000000fcd00000|  0%| F|  |TAMS 0x00000000fcc00000| PB 0x00000000fcc00000| Untracked |  0
|  13|0x00000000fcd00000, 0x00000000fcd00000, 0x00000000fce00000|  0%| F|  |TAMS 0x00000000fcd00000| PB 0x00000000fcd00000| Untracked |  0
|  14|0x00000000fce00000, 0x00000000fce00000, 0x00000000fcf00000|  0%| F|  |TAMS 0x00000000fce00000| PB 0x00000000fce00000| Untracked |  0
|  15|0x00000000fcf00000, 0x00000000fcf00000, 0x00000000fd000000|  0%| F|  |TAMS 0x00000000fcf00000| PB 0x00000000fcf00000| Untracked |  0
|  16|0x00000000fd000000, 0x00000000fd000000, 0x00000000fd100000|  0%| F|  |TAMS 0x00000000fd000000| PB 0x00000000fd000000| Untracked |  0
|  17|0x00000000fd100000, 0x00000000fd100000, 0x00000000fd200000|  0%| F|  |TAMS 0x00000000fd100000| PB 0x00000000fd100000| Untracked |  0
|  18|0x00000000fd200000, 0x00000000fd200000, 0x00000000fd300000|  0%| F|  |TAMS 0x00000000fd200000| PB 0x00000000fd200000| Untracked |  0
|  19|0x00000000fd300000, 0x00000000fd300000, 0x00000000fd400000|  0%| F|  |TAMS 0x00000000fd300000| PB 0x00000000fd300000| Untracked |  0
|  20|0x00000000fd400000, 0x00000000fd400000, 0x00000000fd500000|  0%| F|  |TAMS 0x00000000fd400000| PB 0x00000000fd400000| Untracked |  0
|  21|0x00000000fd500000, 0x00000000fd500000, 0x00000000fd600000|  0%| F|  |TAMS 0x00000000fd500000| PB 0x00000000fd500000| Untracked |  0
|  22|0x00000000fd600000, 0x00000000fd600000, 0x00000000fd700000|  0%| F|  |TAMS 0x00000000fd600000| PB 0x00000000fd600000| Untracked |  0
|  23|0x00000000fd700000, 0x00000000fd700000, 0x00000000fd800000|  0%| F|  |TAMS 0x00000000fd700000| PB 0x00000000fd700000| Untracked |  0
|  24|0x00000000fd800000, 0x00000000fd800000, 0x00000000fd900000|  0%| F|  |TAMS 0x00000000fd800000| PB 0x00000000fd800000| Untracked |  0
|  25|0x00000000fd900000, 0x00000000fd900000, 0x00000000fda00000|  0%| F|  |TAMS 0x00000000fd900000| PB 0x00000000fd900000| Untracked |  0
|  26|0x00000000fda00000, 0x00000000fda00000, 0x00000000fdb00000|  0%| F|  |TAMS 0x00000000fda00000| PB 0x00000000fda00000| Untracked |  0
|  27|0x00000000fdb00000, 0x00000000fdb00000, 0x00000000fdc00000|  0%| F|  |TAMS 0x00000000fdb00000| PB 0x00000000fdb00000| Untracked |  0
|  28|0x00000000fdc00000, 0x00000000fdc00000, 0x00000000fdd00000|  0%| F|  |TAMS 0x00000000fdc00000| PB 0x00000000fdc00000| Untracked |  0
|  29|0x00000000fdd00000, 0x00000000fdd00000, 0x00000000fde00000|  0%| F|  |TAMS 0x00000000fdd00000| PB 0x00000000fdd00000| Untracked |  0
|  30|0x00000000fde00000, 0x00000000fde00000, 0x00000000fdf00000|  0%| F|  |TAMS 0x00000000fde00000| PB 0x00000000fde00000| Untracked |  0
|  31|0x00000000fdf00000, 0x00000000fdf00000, 0x00000000fe000000|  0%| F|  |TAMS 0x00000000fdf00000| PB 0x00000000fdf00000| Untracked |  0
|  32|0x00000000fe000000, 0x00000000fe000000, 0x00000000fe100000|  0%| F|  |TAMS 0x00000000fe000000| PB 0x00000000fe000000| Untracked |  0
|  33|0x00000000fe100000, 0x00000000fe100000, 0x00000000fe200000|  0%| F|  |TAMS 0x00000000fe100000| PB 0x00000000fe100000| Untracked |  0
|  34|0x00000000fe200000, 0x00000000fe200000, 0x00000000fe300000|  0%| F|  |TAMS 0x00000000fe200000| PB 0x00000000fe200000| Untracked |  0
|  35|0x00000000fe300000, 0x00000000fe300000, 0x00000000fe400000|  0%| F|  |TAMS 0x00000000fe300000| PB 0x00000000fe300000| Untracked |  0
|  36|0x00000000fe400000, 0x00000000fe400000, 0x00000000fe500000|  0%| F|  |TAMS 0x00000000fe400000| PB 0x00000000fe400000| Untracked |  0
|  37|0x00000000fe500000, 0x00000000fe600000, 0x00000000fe600000|100%| S|CS|TAMS 0x00000000fe500000| PB 0x00000000fe500000| Complete |  0
|  38|0x00000000fe600000, 0x00000000fe700000, 0x00000000fe700000|100%| S|CS|TAMS 0x00000000fe600000| PB 0x00000000fe600000| Complete |  0
|  39|0x00000000fe700000, 0x00000000fe800000, 0x00000000fe800000|100%| S|CS|TAMS 0x00000000fe700000| PB 0x00000000fe700000| Complete |  0
|  40|0x00000000fe800000, 0x00000000fe800000, 0x00000000fe900000|  0%| F|  |TAMS 0x00000000fe800000| PB 0x00000000fe800000| Untracked |  0
|  41|0x00000000fe900000, 0x00000000fe900000, 0x00000000fea00000|  0%| F|  |TAMS 0x00000000fe900000| PB 0x00000000fe900000| Untracked |  0
|  42|0x00000000fea00000, 0x00000000fea00000, 0x00000000feb00000|  0%| F|  |TAMS 0x00000000fea00000| PB 0x00000000fea00000| Untracked |  0
|  43|0x00000000feb00000, 0x00000000feb00000, 0x00000000fec00000|  0%| F|  |TAMS 0x00000000feb00000| PB 0x00000000feb00000| Untracked |  0
|  44|0x00000000fec00000, 0x00000000fec00000, 0x00000000fed00000|  0%| F|  |TAMS 0x00000000fec00000| PB 0x00000000fec00000| Untracked |  0
|  45|0x00000000fed00000, 0x00000000fed00000, 0x00000000fee00000|  0%| F|  |TAMS 0x00000000fed00000| PB 0x00000000fed00000| Untracked |  0
|  46|0x00000000fee00000, 0x00000000feed9130, 0x00000000fef00000| 84%| E|  |TAMS 0x00000000fee00000| PB 0x00000000fee00000| Complete |  0
|  47|0x00000000fef00000, 0x00000000ff000000, 0x00000000ff000000|100%| E|CS|TAMS 0x00000000fef00000| PB 0x00000000fef00000| Complete |  0
|  48|0x00000000ff000000, 0x00000000ff100000, 0x00000000ff100000|100%| E|CS|TAMS 0x00000000ff000000| PB 0x00000000ff000000| Complete |  0
|  49|0x00000000ff100000, 0x00000000ff200000, 0x00000000ff200000|100%| E|CS|TAMS 0x00000000ff100000| PB 0x00000000ff100000| Complete |  0
|  50|0x00000000ff200000, 0x00000000ff300000, 0x00000000ff300000|100%| E|CS|TAMS 0x00000000ff200000| PB 0x00000000ff200000| Complete |  0
|  51|0x00000000ff300000, 0x00000000ff400000, 0x00000000ff400000|100%| E|CS|TAMS 0x00000000ff300000| PB 0x00000000ff300000| Complete |  0
|  52|0x00000000ff400000, 0x00000000ff500000, 0x00000000ff500000|100%| E|CS|TAMS 0x00000000ff400000| PB 0x00000000ff400000| Complete |  0
|  53|0x00000000ff500000, 0x00000000ff600000, 0x00000000ff600000|100%| E|CS|TAMS 0x00000000ff500000| PB 0x00000000ff500000| Complete |  0
|  54|0x00000000ff600000, 0x00000000ff700000, 0x00000000ff700000|100%| E|CS|TAMS 0x00000000ff600000| PB 0x00000000ff600000| Complete |  0
|  55|0x00000000ff700000, 0x00000000ff800000, 0x00000000ff800000|100%| E|CS|TAMS 0x00000000ff700000| PB 0x00000000ff700000| Complete |  0
|  56|0x00000000ff800000, 0x00000000ff900000, 0x00000000ff900000|100%| E|CS|TAMS 0x00000000ff800000| PB 0x00000000ff800000| Complete |  0
|  57|0x00000000ff900000, 0x00000000ffa00000, 0x00000000ffa00000|100%| E|CS|TAMS 0x00000000ff900000| PB 0x00000000ff900000| Complete |  0
|  58|0x00000000ffa00000, 0x00000000ffb00000, 0x00000000ffb00000|100%| E|CS|TAMS 0x00000000ffa00000| PB 0x00000000ffa00000| Complete |  0
|  59|0x00000000ffb00000, 0x00000000ffc00000, 0x00000000ffc00000|100%| E|CS|TAMS 0x00000000ffb00000| PB 0x00000000ffb00000| Complete |  0
|  60|0x00000000ffc00000, 0x00000000ffd00000, 0x00000000ffd00000|100%| E|CS|TAMS 0x00000000ffc00000| PB 0x00000000ffc00000| Complete |  0
|  61|0x00000000ffd00000, 0x00000000ffe00000, 0x00000000ffe00000|100%| E|CS|TAMS 0x00000000ffd00000| PB 0x00000000ffd00000| Complete |  0
|  62|0x00000000ffe00000, 0x00000000fff00000, 0x00000000fff00000|100%| E|CS|TAMS 0x00000000ffe00000| PB 0x00000000ffe00000| Complete |  0
|  63|0x00000000fff00000, 0x0000000100000000, 0x0000000100000000|100%| E|CS|TAMS 0x00000000fff00000| PB 0x00000000fff00000| Complete |  0

Card table byte_map: [0x0000025a1d740000,0x0000025a1d760000] _byte_map_base: 0x0000025a1cf60000

Marking Bits: (CMBitMap*) 0x0000025a1e121750
 Bits: [0x0000025a360b0000, 0x0000025a361b0000)

Polling page: 0x0000025a1d6f0000

Metaspace:

Usage:
  Non-class:      7.60 MB used.
      Class:      1.18 MB used.
       Both:      8.79 MB used.

Virtual space:
  Non-class space:       64.00 MB reserved,       7.75 MB ( 12%) committed,  1 nodes.
      Class space:        1.00 GB reserved,       1.31 MB ( <1%) committed,  1 nodes.
             Both:        1.06 GB reserved,       9.06 MB ( <1%) committed. 

Chunk freelists:
   Non-Class:  7.94 MB
       Class:  14.51 MB
        Both:  22.45 MB

MaxMetaspaceSize: unlimited
CompressedClassSpaceSize: 1.00 GB
Initial GC threshold: 21.00 MB
Current GC threshold: 21.00 MB
CDS: on
 - commit_granule_bytes: 65536.
 - commit_granule_words: 8192.
 - virtual_space_node_default_size: 8388608.
 - enlarge_chunks_in_place: 1.
 - use_allocation_guard: 0.


Internal statistics:

num_allocs_failed_limit: 0.
num_arena_births: 208.
num_arena_deaths: 0.
num_vsnodes_births: 2.
num_vsnodes_deaths: 0.
num_space_committed: 145.
num_space_uncommitted: 0.
num_chunks_returned_to_freelist: 0.
num_chunks_taken_from_freelist: 450.
num_chunk_merges: 0.
num_chunk_splits: 298.
num_chunks_enlarged: 222.
num_inconsistent_stats: 0.

CodeHeap 'non-profiled nmethods': size=119232Kb used=563Kb max_used=563Kb free=118668Kb
 bounds [0x0000025a2e3b0000, 0x0000025a2e620000, 0x0000025a35820000]
CodeHeap 'profiled nmethods': size=119104Kb used=2572Kb max_used=2572Kb free=116531Kb
 bounds [0x0000025a26820000, 0x0000025a26ab0000, 0x0000025a2dc70000]
CodeHeap 'non-nmethods': size=7424Kb used=1399Kb max_used=1932Kb free=6024Kb
 bounds [0x0000025a2dc70000, 0x0000025a2dee0000, 0x0000025a2e3b0000]
CodeCache: size=245760Kb, used=4534Kb, max_used=5067Kb, free=241223Kb
 total_blobs=2350, nmethods=1844, adapters=412, full_count=0
Compilation: enabled, stopped_count=0, restarted_count=0

Compilation events (20 events):
Event: 68.569 Thread 0x0000025a390f7270 1826       3       java.util.HashSet::add (20 bytes)
Event: 68.569 Thread 0x0000025a390f7270 nmethod 1826 0x0000025a26a9d588 code [0x0000025a26a9d6c0, 0x0000025a26a9d8f0]
Event: 68.719 Thread 0x0000025a390f7270 1827   !   3       java.io.WinNTFileSystem::resolve (385 bytes)
Event: 68.721 Thread 0x0000025a390e5d20 1830       4       java.lang.StringBuilder::append (8 bytes)
Event: 68.821 Thread 0x0000025a390f7270 nmethod 1827 0x0000025a26a9d908 code [0x0000025a26a9e060, 0x0000025a26aa1bc8]
Event: 68.821 Thread 0x0000025a390f7270 1828       3       java.io.File::<init> (20 bytes)
Event: 68.822 Thread 0x0000025a390f7270 nmethod 1828 0x0000025a26aa1d08 code [0x0000025a26aa1e20, 0x0000025a26aa2018]
Event: 68.822 Thread 0x0000025a390f7270 1829       3       java.net.URI::toString (16 bytes)
Event: 68.822 Thread 0x0000025a390f7270 nmethod 1829 0x0000025a26aa2088 code [0x0000025a26aa21a0, 0x0000025a26aa2310]
Event: 68.822 Thread 0x0000025a390f7270 1832       3       java.io.File::getAbsolutePath (8 bytes)
Event: 68.822 Thread 0x0000025a390f7270 nmethod 1832 0x0000025a26aa2388 code [0x0000025a26aa24a0, 0x0000025a26aa25f0]
Event: 68.822 Thread 0x0000025a390f7270 1833       3       java.io.File::getAbsoluteFile (38 bytes)
Event: 68.822 Thread 0x0000025a390f7270 nmethod 1833 0x0000025a26aa2688 code [0x0000025a26aa2800, 0x0000025a26aa2c70]
Event: 68.822 Thread 0x0000025a390f7270 1834       3       sun.net.www.protocol.file.Handler::parseURL (18 bytes)
Event: 68.823 Thread 0x0000025a390f7270 nmethod 1834 0x0000025a26aa2d08 code [0x0000025a26aa2e40, 0x0000025a26aa3000]
Event: 68.823 Thread 0x0000025a390f7270 1835       3       java.net.URLStreamHandler::parseURL (1124 bytes)
Event: 68.844 Thread 0x0000025a390e5d20 nmethod 1830 0x0000025a2e435c88 code [0x0000025a2e435de0, 0x0000025a2e436518]
Event: 68.844 Thread 0x0000025a390e5d20 1831       4       java.lang.String::replace (42 bytes)
Event: 69.147 Thread 0x0000025a390e5d20 nmethod 1831 0x0000025a2e436588 code [0x0000025a2e4366c0, 0x0000025a2e436de8]
Event: 69.507 Thread 0x0000025a390e5d20 1844 %     4       java.net.URI$Parser::scan @ 3 (41 bytes)

GC Heap History (2 events):
Event: 16.989 GC heap before
{Heap before GC invocations=0 (full 0):
 garbage-first heap   total reserved 65536K, committed 65536K, used 27648K [0x00000000fc000000, 0x0000000100000000)
  region size 1024K, 24 young (24576K), 0 survivors (0K)
 Metaspace       used 4573K, committed 4736K, reserved 1114112K
  class space    used 633K, committed 704K, reserved 1048576K
}
Event: 17.003 GC heap after
{Heap after GC invocations=1 (full 0):
 garbage-first heap   total reserved 65536K, committed 65536K, used 10812K [0x00000000fc000000, 0x0000000100000000)
  region size 1024K, 3 young (3072K), 3 survivors (3072K)
 Metaspace       used 4573K, committed 4736K, reserved 1114112K
  class space    used 633K, committed 704K, reserved 1048576K
}

Dll operation events (11 events):
Event: 0.125 Loaded shared library C:\Program Files\Java\jdk-23\bin\java.dll
Event: 0.545 Loaded shared library C:\Program Files\Java\jdk-23\bin\jsvml.dll
Event: 1.002 Loaded shared library C:\Program Files\Java\jdk-23\bin\net.dll
Event: 1.010 Loaded shared library C:\Program Files\Java\jdk-23\bin\nio.dll
Event: 1.037 Loaded shared library C:\Program Files\Java\jdk-23\bin\zip.dll
Event: 6.314 Loaded shared library C:\Program Files\Java\jdk-23\bin\jimage.dll
Event: 9.474 Loaded shared library C:\Program Files\Java\jdk-23\bin\verify.dll
Event: 16.244 Loaded shared library C:\Users\karth\.gradle\native\68d5fa5c4cc2d200863cafc0d521ce42e7d3e7ee720ec0a83991735586a16f82\windows-amd64\native-platform.dll
Event: 19.739 Loaded shared library C:\Program Files\Java\jdk-23\bin\management.dll
Event: 19.747 Loaded shared library C:\Program Files\Java\jdk-23\bin\management_ext.dll
Event: 33.768 Loaded shared library C:\Program Files\Java\jdk-23\bin\extnet.dll

Deoptimization events (20 events):
Event: 41.688 Thread 0x0000025a1bcce770 Uncommon trap: trap_request=0xffffffde fr.pc=0x0000025a2e3d78a4 relative=0x0000000000000864
Event: 41.688 Thread 0x0000025a1bcce770 Uncommon trap: reason=class_check action=maybe_recompile pc=0x0000025a2e3d78a4 method=java.util.HashMap.putVal(ILjava/lang/Object;Ljava/lang/Object;ZZ)Ljava/lang/Object; @ 91 c2
Event: 41.688 Thread 0x0000025a1bcce770 DEOPT PACKING pc=0x0000025a2e3d78a4 sp=0x00000085a57fd790
Event: 41.688 Thread 0x0000025a1bcce770 DEOPT UNPACKING pc=0x0000025a2dcc4402 sp=0x00000085a57fd6c8 mode 2
Event: 66.381 Thread 0x0000025a1bcce770 Uncommon trap: trap_request=0xffffff45 fr.pc=0x0000025a2e42898c relative=0x000000000000012c
Event: 66.381 Thread 0x0000025a1bcce770 Uncommon trap: reason=unstable_if action=reinterpret pc=0x0000025a2e42898c method=java.util.regex.Pattern$BmpCharPropertyGreedy.match(Ljava/util/regex/Matcher;ILjava/lang/CharSequence;)Z @ 12 c2
Event: 66.381 Thread 0x0000025a1bcce770 DEOPT PACKING pc=0x0000025a2e42898c sp=0x00000085a57fd360
Event: 66.462 Thread 0x0000025a1bcce770 DEOPT UNPACKING pc=0x0000025a2dcc4402 sp=0x00000085a57fd2f8 mode 2
Event: 66.462 Thread 0x0000025a1bcce770 Uncommon trap: trap_request=0xffffffde fr.pc=0x0000025a2e416f64 relative=0x0000000000001bc4
Event: 66.462 Thread 0x0000025a1bcce770 Uncommon trap: reason=class_check action=maybe_recompile pc=0x0000025a2e416f64 method=java.util.HashMap.putVal(ILjava/lang/Object;Ljava/lang/Object;ZZ)Ljava/lang/Object; @ 91 c2
Event: 66.462 Thread 0x0000025a1bcce770 DEOPT PACKING pc=0x0000025a2e416f64 sp=0x00000085a57fd670
Event: 66.462 Thread 0x0000025a1bcce770 DEOPT UNPACKING pc=0x0000025a2dcc4402 sp=0x00000085a57fd528 mode 2
Event: 67.863 Thread 0x0000025a1bcce770 Uncommon trap: trap_request=0xffffffc6 fr.pc=0x0000025a2e407b10 relative=0x00000000000003b0
Event: 67.863 Thread 0x0000025a1bcce770 Uncommon trap: reason=bimorphic_or_optimized_type_check action=maybe_recompile pc=0x0000025a2e407b10 method=java.util.concurrent.ConcurrentHashMap.get(Ljava/lang/Object;)Ljava/lang/Object; @ 149 c2
Event: 67.863 Thread 0x0000025a1bcce770 DEOPT PACKING pc=0x0000025a2e407b10 sp=0x00000085a57fca00
Event: 67.863 Thread 0x0000025a1bcce770 DEOPT UNPACKING pc=0x0000025a2dcc4402 sp=0x00000085a57fc980 mode 2
Event: 68.569 Thread 0x0000025a1bcce770 DEOPT PACKING pc=0x0000025a2690ffc9 sp=0x00000085a57fd8b0
Event: 68.569 Thread 0x0000025a1bcce770 DEOPT UNPACKING pc=0x0000025a2dcc4b22 sp=0x00000085a57fcd78 mode 0
Event: 68.569 Thread 0x0000025a1bcce770 DEOPT PACKING pc=0x0000025a2690ffc9 sp=0x00000085a57fd8b0
Event: 68.569 Thread 0x0000025a1bcce770 DEOPT UNPACKING pc=0x0000025a2dcc4b22 sp=0x00000085a57fcd78 mode 0

Classes loaded (20 events):
Event: 65.696 Loading class sun/util/locale/provider/TimeZoneNameProviderImpl done
Event: 65.696 Loading class sun/util/cldr/CLDRTimeZoneNameProviderImpl done
Event: 65.762 Loading class sun/util/locale/provider/FallbackLocaleProviderAdapter
Event: 65.888 Loading class sun/util/locale/provider/FallbackLocaleProviderAdapter done
Event: 65.917 Loading class sun/util/locale/provider/BaseLocaleDataMetaInfo
Event: 66.066 Loading class sun/util/locale/provider/BaseLocaleDataMetaInfo done
Event: 66.531 Loading class sun/util/resources/cldr/TimeZoneNames
Event: 66.903 Loading class sun/util/resources/TimeZoneNamesBundle
Event: 66.906 Loading class sun/util/resources/OpenListResourceBundle
Event: 66.910 Loading class sun/util/resources/OpenListResourceBundle done
Event: 66.910 Loading class sun/util/resources/TimeZoneNamesBundle done
Event: 66.910 Loading class sun/util/resources/cldr/TimeZoneNames done
Event: 67.068 Loading class sun/util/resources/cldr/TimeZoneNames_en
Event: 67.150 Loading class sun/util/resources/cldr/TimeZoneNames_en done
Event: 67.151 Loading class sun/util/resources/cldr/TimeZoneNames_en_US
Event: 67.193 Loading class sun/util/resources/cldr/TimeZoneNames_en_US done
Event: 67.726 Loading class jdk/internal/util/HexDigits
Event: 67.788 Loading class jdk/internal/util/HexDigits done
Event: 67.788 Loading class jdk/internal/util/ByteArrayLittleEndian
Event: 67.802 Loading class jdk/internal/util/ByteArrayLittleEndian done

Classes unloaded (0 events):
No events

Classes redefined (0 events):
No events

Internal exceptions (20 events):
Event: 14.380 Thread 0x0000025a1bcce770 Exception <a 'java/lang/NoClassDefFoundError'{0x00000000fea1aac8}: org/slf4j/impl/StaticMarkerBinder> (0x00000000fea1aac8) 
thrown [s\open\src\hotspot\share\classfile\systemDictionary.cpp, line 302]
Event: 15.503 Thread 0x0000025a1bcce770 Exception <a 'java/lang/NoSuchMethodError'{0x00000000feaa0ca8}: 'java.lang.Object java.lang.invoke.DirectMethodHandle$Holder.invokeVirtual(java.lang.Object, java.lang.Object, java.lang.Object, java.lang.Object, java.lang.Object, java.lang.Object, java.lang.Object)'> (0x00000000feaa0ca8) 
thrown [s\open\src\hotspot\share\interpreter\linkResolver.cpp, line 796]
Event: 15.506 Thread 0x0000025a1bcce770 Exception <a 'java/lang/NoSuchMethodError'{0x00000000feaaf858}: 'java.lang.Object java.lang.invoke.Invokers$Holder.invoker(java.lang.Object, java.lang.Object, java.lang.Object)'> (0x00000000feaaf858) 
thrown [s\open\src\hotspot\share\interpreter\linkResolver.cpp, line 796]
Event: 15.742 Thread 0x0000025a1bcce770 Exception <a 'java/lang/NoSuchMethodError'{0x00000000feab7988}: 'java.lang.Object java.lang.invoke.DirectMethodHandle$Holder.invokeStatic(java.lang.Object, java.lang.Object, int)'> (0x00000000feab7988) 
thrown [s\open\src\hotspot\share\interpreter\linkResolver.cpp, line 796]
Event: 15.746 Thread 0x0000025a1bcce770 Exception <a 'java/lang/NoSuchMethodError'{0x00000000feac3150}: 'void java.lang.invoke.DelegatingMethodHandle$Holder.delegate(java.lang.Object, java.lang.Object, int, java.lang.Object)'> (0x00000000feac3150) 
thrown [s\open\src\hotspot\share\interpreter\linkResolver.cpp, line 796]
Event: 15.747 Thread 0x0000025a1bcce770 Exception <a 'java/lang/NoSuchMethodError'{0x00000000feac6f50}: 'int java.lang.invoke.DirectMethodHandle$Holder.invokeSpecial(java.lang.Object, java.lang.Object, java.lang.Object)'> (0x00000000feac6f50) 
thrown [s\open\src\hotspot\share\interpreter\linkResolver.cpp, line 796]
Event: 16.256 Thread 0x0000025a1bcce770 Exception <a 'java/lang/NoSuchMethodError'{0x00000000fe966fa8}: 'java.lang.Object java.lang.invoke.DirectMethodHandle$Holder.invokeVirtual(java.lang.Object, java.lang.Object, java.lang.Object)'> (0x00000000fe966fa8) 
thrown [s\open\src\hotspot\share\interpreter\linkResolver.cpp, line 796]
Event: 17.428 Thread 0x0000025a1bcce770 Exception <a 'java/lang/NoSuchMethodError'{0x00000000fff57948}: 'java.lang.Object java.lang.invoke.Invokers$Holder.invoker(java.lang.Object, java.lang.Object, java.lang.Object, java.lang.Object, java.lang.Object, java.lang.Object, java.lang.Object)'> (0x00000000fff57948) 
thrown [s\open\src\hotspot\share\interpreter\linkResolver.cpp, line 796]
Event: 17.452 Thread 0x0000025a1bcce770 Exception <a 'java/lang/NoSuchMethodError'{0x00000000ffe4d1b8}: 'java.lang.Object java.lang.invoke.DirectMethodHandle$Holder.invokeVirtual(java.lang.Object, java.lang.Object, java.lang.Object, java.lang.Object)'> (0x00000000ffe4d1b8) 
thrown [s\open\src\hotspot\share\interpreter\linkResolver.cpp, line 796]
Event: 17.495 Thread 0x0000025a1bcce770 Exception <a 'java/lang/NoSuchMethodError'{0x00000000ffec09c0}: 'java.lang.Object java.lang.invoke.DirectMethodHandle$Holder.invokeVirtual(java.lang.Object, java.lang.Object, java.lang.Object, java.lang.Object, java.lang.Object, java.lang.Object)'> (0x00000000ffec09c0) 
thrown [s\open\src\hotspot\share\interpreter\linkResolver.cpp, line 796]
Event: 19.904 Thread 0x0000025a1bcce770 Implicit null exception at 0x0000025a2e3e76f4 to 0x0000025a2e3e7c94
Event: 20.037 Thread 0x0000025a1bcce770 Exception <a 'java/lang/NoSuchMethodError'{0x00000000ffb48e10}: 'java.lang.Object java.lang.invoke.DirectMethodHandle$Holder.invokeStaticInit(java.lang.Object, int, int, int, int)'> (0x00000000ffb48e10) 
thrown [s\open\src\hotspot\share\interpreter\linkResolver.cpp, line 796]
Event: 22.034 Thread 0x0000025a1bcce770 Exception <a 'java/lang/NoSuchMethodError'{0x00000000ffb7bd60}: 'java.lang.Object java.lang.invoke.DirectMethodHandle$Holder.invokeStaticInit(java.lang.Object, java.lang.Object, int, int, int, int)'> (0x00000000ffb7bd60) 
thrown [s\open\src\hotspot\share\interpreter\linkResolver.cpp, line 796]
Event: 24.061 Thread 0x0000025a39de6c10 Exception <a 'java/lang/NoSuchMethodError'{0x00000000ff9e2d48}: 'void java.lang.invoke.DirectMethodHandle$Holder.invokeStatic(java.lang.Object, long)'> (0x00000000ff9e2d48) 
thrown [s\open\src\hotspot\share\interpreter\linkResolver.cpp, line 796]
Event: 24.063 Thread 0x0000025a39de6c10 Exception <a 'java/lang/NoSuchMethodError'{0x00000000ff9e7ed0}: 'java.lang.Object java.lang.invoke.DirectMethodHandle$Holder.newInvokeSpecial(java.lang.Object, long)'> (0x00000000ff9e7ed0) 
thrown [s\open\src\hotspot\share\interpreter\linkResolver.cpp, line 796]
Event: 24.066 Thread 0x0000025a39de6c10 Exception <a 'java/lang/NoSuchMethodError'{0x00000000ff9ef4d8}: 'java.lang.Object java.lang.invoke.DirectMethodHandle$Holder.invokeStatic(java.lang.Object, long, java.lang.Object)'> (0x00000000ff9ef4d8) 
thrown [s\open\src\hotspot\share\interpreter\linkResolver.cpp, line 796]
Event: 24.066 Thread 0x0000025a39de6c10 Exception <a 'java/lang/NoSuchMethodError'{0x00000000ff9f2ef0}: 'java.lang.Object java.lang.invoke.DirectMethodHandle$Holder.invokeStaticInit(java.lang.Object, long, java.lang.Object)'> (0x00000000ff9f2ef0) 
thrown [s\open\src\hotspot\share\interpreter\linkResolver.cpp, line 796]
Event: 31.358 Thread 0x0000025a1bcce770 Exception <a 'java/lang/NoSuchMethodError'{0x00000000ff792eb8}: 'java.lang.Object java.lang.invoke.DirectMethodHandle$Holder.invokeVirtual(java.lang.Object, java.lang.Object, java.lang.Object, java.lang.Object, java.lang.Object)'> (0x00000000ff792eb8) 
thrown [s\open\src\hotspot\share\interpreter\linkResolver.cpp, line 796]
Event: 31.897 Thread 0x0000025a1bcce770 Exception <a 'java/lang/NoSuchMethodError'{0x00000000ff541f40}: 'java.lang.Object java.lang.invoke.DirectMethodHandle$Holder.invokeVirtual(java.lang.Object, java.lang.Object, java.lang.Object, java.lang.Object, java.lang.Object, java.lang.Object, java.lang.Object, java.lang.Object)'> (0x00000000ff541f40) 
thrown [s\open\src\hotspot\share\interpreter\linkResolver.cpp, line 796]
Event: 67.331 Thread 0x0000025a1bcce770 Exception <a 'java/lang/NoSuchMethodError'{0x00000000ff154040}: 'void java.lang.invoke.DirectMethodHandle$Holder.invokeInterface(java.lang.Object, java.lang.Object, java.lang.Object)'> (0x00000000ff154040) 
thrown [s\open\src\hotspot\share\interpreter\linkResolver.cpp, line 796]

VM Operations (20 events):
Event: 12.810 Executing VM operation: HandshakeAllThreads (Deoptimize)
Event: 12.810 Executing VM operation: HandshakeAllThreads (Deoptimize) done
Event: 14.371 Executing VM operation: HandshakeAllThreads (Deoptimize)
Event: 14.372 Executing VM operation: HandshakeAllThreads (Deoptimize) done
Event: 14.373 Executing VM operation: HandshakeAllThreads (Deoptimize)
Event: 14.373 Executing VM operation: HandshakeAllThreads (Deoptimize) done
Event: 15.508 Executing VM operation: HandshakeAllThreads (Deoptimize)
Event: 15.508 Executing VM operation: HandshakeAllThreads (Deoptimize) done
Event: 16.989 Executing VM operation: G1CollectForAllocation (G1 Evacuation Pause)
Event: 17.003 Executing VM operation: G1CollectForAllocation (G1 Evacuation Pause) done
Event: 17.411 Executing VM operation: HandshakeAllThreads (Deoptimize)
Event: 17.411 Executing VM operation: HandshakeAllThreads (Deoptimize) done
Event: 22.028 Executing VM operation: HandshakeAllThreads (Deoptimize)
Event: 22.029 Executing VM operation: HandshakeAllThreads (Deoptimize) done
Event: 34.257 Executing VM operation: HandshakeAllThreads (Deoptimize)
Event: 34.257 Executing VM operation: HandshakeAllThreads (Deoptimize) done
Event: 60.197 Executing VM operation: HandshakeAllThreads (HandshakeForDeflation)
Event: 60.197 Executing VM operation: HandshakeAllThreads (HandshakeForDeflation) done
Event: 60.197 Executing VM operation: RendezvousGCThreads
Event: 60.197 Executing VM operation: RendezvousGCThreads done

Memory protections (0 events):
No events

Nmethod flushes (0 events):
No events

Events (20 events):
Event: 0.537 Thread 0x0000025a1bcce770 Thread added: 0x0000025a390d4890
Event: 0.537 Thread 0x0000025a1bcce770 Thread added: 0x0000025a390d54f0
Event: 0.538 Thread 0x0000025a1bcce770 Thread added: 0x0000025a390e09e0
Event: 0.538 Thread 0x0000025a1bcce770 Thread added: 0x0000025a390e3ad0
Event: 0.539 Thread 0x0000025a1bcce770 Thread added: 0x0000025a390e4530
Event: 0.539 Thread 0x0000025a1bcce770 Thread added: 0x0000025a390e4f90
Event: 0.539 Thread 0x0000025a1bcce770 Thread added: 0x0000025a390e5d20
Event: 0.540 Thread 0x0000025a1bcce770 Thread added: 0x0000025a390f7270
Event: 0.805 Thread 0x0000025a390f7270 Thread added: 0x0000025a391d4a30
Event: 0.818 Thread 0x0000025a1bcce770 Thread added: 0x0000025a39240430
Event: 0.822 Thread 0x0000025a1bcce770 Thread added: 0x0000025a392464e0
Event: 14.132 Thread 0x0000025a391d4a30 Thread exited: 0x0000025a391d4a30
Event: 14.155 Thread 0x0000025a390f7270 Thread added: 0x0000025a39c4a250
Event: 15.103 Thread 0x0000025a39c4a250 Thread exited: 0x0000025a39c4a250
Event: 15.106 Thread 0x0000025a390f7270 Thread added: 0x0000025a39c50380
Event: 16.460 Thread 0x0000025a1bcce770 Thread added: 0x0000025a392e2070
Event: 19.483 Thread 0x0000025a39c50380 Thread exited: 0x0000025a39c50380
Event: 23.375 Thread 0x0000025a1bcce770 Thread added: 0x0000025a39de6c10
Event: 24.276 Thread 0x0000025a39de6c10 Thread added: 0x0000025a39dd72d0
Event: 24.276 Thread 0x0000025a39de6c10 Thread added: 0x0000025a39def980


Dynamic libraries:
0x00007ff623920000 - 0x00007ff623930000 	C:\Program Files\Java\jdk-23\bin\java.exe
0x00007fffc3680000 - 0x00007fffc38e6000 	C:\WINDOWS\SYSTEM32\ntdll.dll
0x00007fffc2160000 - 0x00007fffc2229000 	C:\WINDOWS\System32\KERNEL32.DLL
0x00007fffc0ae0000 - 0x00007fffc0eac000 	C:\WINDOWS\System32\KERNELBASE.dll
0x0000000070320000 - 0x00000000703bd000 	C:\ProgramData\Symantec\Symantec Endpoint Protection\14.3.9205.6000.105\Data\Sysfer\x64\sysfer.dll
0x00007fffc0810000 - 0x00007fffc095b000 	C:\WINDOWS\System32\ucrtbase.dll
0x00007fffa9dc0000 - 0x00007fffa9dd7000 	C:\Program Files\Java\jdk-23\bin\jli.dll
0x00007fffc14c0000 - 0x00007fffc168a000 	C:\WINDOWS\System32\USER32.dll
0x00007fffc1360000 - 0x00007fffc1387000 	C:\WINDOWS\System32\win32u.dll
0x00007fffc1730000 - 0x00007fffc175b000 	C:\WINDOWS\System32\GDI32.dll
0x00007fffc0f70000 - 0x00007fffc10a2000 	C:\WINDOWS\System32\gdi32full.dll
0x00007fffc1390000 - 0x00007fffc1433000 	C:\WINDOWS\System32\msvcp_win.dll
0x00007fff9be70000 - 0x00007fff9be8b000 	C:\Program Files\Java\jdk-23\bin\VCRUNTIME140.dll
0x00007fffa61a0000 - 0x00007fffa643a000 	C:\WINDOWS\WinSxS\amd64_microsoft.windows.common-controls_6595b64144ccf1df_6.0.26100.3912_none_3e07963ce335137e\COMCTL32.dll
0x00007fffc3590000 - 0x00007fffc3639000 	C:\WINDOWS\System32\msvcrt.dll
0x00007fffc2850000 - 0x00007fffc2880000 	C:\WINDOWS\System32\IMM32.DLL
0x00007fffaa180000 - 0x00007fffaa18c000 	C:\Program Files\Java\jdk-23\bin\vcruntime140_1.dll
0x00007fff5f840000 - 0x00007fff5f8ce000 	C:\Program Files\Java\jdk-23\bin\msvcp140.dll
0x00007fff32510000 - 0x00007fff3325f000 	C:\Program Files\Java\jdk-23\bin\server\jvm.dll
0x00007fffc2e40000 - 0x00007fffc2ef2000 	C:\WINDOWS\System32\ADVAPI32.dll
0x00007fffc1760000 - 0x00007fffc1806000 	C:\WINDOWS\System32\sechost.dll
0x00007fffc2040000 - 0x00007fffc2156000 	C:\WINDOWS\System32\RPCRT4.dll
0x00007fffc3500000 - 0x00007fffc3574000 	C:\WINDOWS\System32\WS2_32.dll
0x00007fffc0680000 - 0x00007fffc06de000 	C:\WINDOWS\SYSTEM32\POWRPROF.dll
0x00007fffb52a0000 - 0x00007fffb52d6000 	C:\WINDOWS\SYSTEM32\WINMM.dll
0x00007fffa9820000 - 0x00007fffa982b000 	C:\WINDOWS\SYSTEM32\VERSION.dll
0x00007fffc0660000 - 0x00007fffc0674000 	C:\WINDOWS\SYSTEM32\UMPDC.dll
0x00007fffbf5d0000 - 0x00007fffbf5ea000 	C:\WINDOWS\SYSTEM32\kernel.appcore.dll
0x00007fffa7c00000 - 0x00007fffa7c0a000 	C:\Program Files\Java\jdk-23\bin\jimage.dll
0x00007fffbe100000 - 0x00007fffbe341000 	C:\WINDOWS\SYSTEM32\DBGHELP.DLL
0x00007fffc3000000 - 0x00007fffc3384000 	C:\WINDOWS\System32\combase.dll
0x00007fffc2b40000 - 0x00007fffc2c20000 	C:\WINDOWS\System32\OLEAUT32.dll
0x00007fff95100000 - 0x00007fff95139000 	C:\WINDOWS\SYSTEM32\dbgcore.DLL
0x00007fffc12c0000 - 0x00007fffc1359000 	C:\WINDOWS\System32\bcryptPrimitives.dll
0x00007fff98810000 - 0x00007fff9882e000 	C:\Program Files\Java\jdk-23\bin\java.dll
0x00007fffc2c30000 - 0x00007fffc2dcf000 	C:\WINDOWS\System32\ole32.dll
0x00007fffc1890000 - 0x00007fffc1fbd000 	C:\WINDOWS\System32\SHELL32.dll
0x00007fffc0960000 - 0x00007fffc0ad4000 	C:\WINDOWS\System32\wintypes.dll
0x00007fffbe450000 - 0x00007fffbeca6000 	C:\WINDOWS\SYSTEM32\windows.storage.dll
0x00007fffc2f00000 - 0x00007fffc2fef000 	C:\WINDOWS\System32\SHCORE.dll
0x00007fffc1820000 - 0x00007fffc1889000 	C:\WINDOWS\System32\shlwapi.dll
0x00007fffc0720000 - 0x00007fffc074f000 	C:\WINDOWS\SYSTEM32\profapi.dll
0x00007fff40cd0000 - 0x00007fff40da7000 	C:\Program Files\Java\jdk-23\bin\jsvml.dll
0x00007fffa7b40000 - 0x00007fffa7b50000 	C:\Program Files\Java\jdk-23\bin\net.dll
0x00007fffbfb40000 - 0x00007fffbfbaa000 	C:\WINDOWS\system32\mswsock.dll
0x00007fff987f0000 - 0x00007fff98806000 	C:\Program Files\Java\jdk-23\bin\nio.dll
0x00007fff97220000 - 0x00007fff97237000 	C:\Program Files\Java\jdk-23\bin\zip.dll
0x00007fffa4310000 - 0x00007fffa4320000 	C:\Program Files\Java\jdk-23\bin\verify.dll
0x00007fff98930000 - 0x00007fff98957000 	C:\Users\karth\.gradle\native\68d5fa5c4cc2d200863cafc0d521ce42e7d3e7ee720ec0a83991735586a16f82\windows-amd64\native-platform.dll
0x00007fff98690000 - 0x00007fff9869a000 	C:\Program Files\Java\jdk-23\bin\management.dll
0x00007fff97210000 - 0x00007fff9721b000 	C:\Program Files\Java\jdk-23\bin\management_ext.dll
0x00007fffc3580000 - 0x00007fffc3588000 	C:\WINDOWS\System32\PSAPI.DLL
0x00007fffbfde0000 - 0x00007fffbfdfc000 	C:\WINDOWS\SYSTEM32\CRYPTSP.dll
0x00007fffbf530000 - 0x00007fffbf56a000 	C:\WINDOWS\system32\rsaenh.dll
0x00007fffbfbe0000 - 0x00007fffbfc0b000 	C:\WINDOWS\SYSTEM32\USERENV.dll
0x00007fffc06f0000 - 0x00007fffc0716000 	C:\WINDOWS\SYSTEM32\bcrypt.dll
0x00007fffbfe00000 - 0x00007fffbfe0c000 	C:\WINDOWS\SYSTEM32\CRYPTBASE.dll
0x00007fffbf070000 - 0x00007fffbf0a3000 	C:\WINDOWS\SYSTEM32\IPHLPAPI.DLL
0x00007fffc2740000 - 0x00007fffc274a000 	C:\WINDOWS\System32\NSI.dll
0x00007fff97150000 - 0x00007fff97159000 	C:\Program Files\Java\jdk-23\bin\extnet.dll

dbghelp: loaded successfully - version: 4.0.5 - missing functions: none
symbol engine: initialized successfully - sym options: 0x614 - pdb path: .;C:\Program Files\Java\jdk-23\bin;C:\WINDOWS\SYSTEM32;C:\ProgramData\Symantec\Symantec Endpoint Protection\14.3.9205.6000.105\Data\Sysfer\x64;C:\WINDOWS\WinSxS\amd64_microsoft.windows.common-controls_6595b64144ccf1df_6.0.26100.3912_none_3e07963ce335137e;C:\Program Files\Java\jdk-23\bin\server;C:\Users\karth\.gradle\native\68d5fa5c4cc2d200863cafc0d521ce42e7d3e7ee720ec0a83991735586a16f82\windows-amd64

VM Arguments:
jvm_args: -Xmx64m -Xms64m -Dorg.gradle.appname=gradlew 
java_command: org.gradle.wrapper.GradleWrapperMain tasks
java_class_path (initial): C:\Users\karth\CascadeProjects\MobileAppAndroid\android\\gradle\wrapper\gradle-wrapper.jar
Launcher Type: SUN_STANDARD

[Global flags]
     intx CICompilerCount                          = 12                                        {product} {ergonomic}
     uint ConcGCThreads                            = 3                                         {product} {ergonomic}
     uint G1ConcRefinementThreads                  = 13                                        {product} {ergonomic}
   size_t G1HeapRegionSize                         = 1048576                                   {product} {ergonomic}
   size_t InitialHeapSize                          = 67108864                                  {product} {command line}
   size_t MarkStackSize                            = 4194304                                   {product} {ergonomic}
   size_t MarkStackSizeMax                         = 536870912                                 {product} {ergonomic}
   size_t MaxHeapSize                              = 67108864                                  {product} {command line}
   size_t MaxNewSize                               = 39845888                                  {product} {ergonomic}
   size_t MinHeapDeltaBytes                        = 1048576                                   {product} {ergonomic}
   size_t MinHeapSize                              = 67108864                                  {product} {command line}
    uintx NonNMethodCodeHeapSize                   = 7602176                                {pd product} {ergonomic}
    uintx NonProfiledCodeHeapSize                  = 122093568                              {pd product} {ergonomic}
    uintx ProfiledCodeHeapSize                     = 121962496                              {pd product} {ergonomic}
    uintx ReservedCodeCacheSize                    = 251658240                              {pd product} {ergonomic}
     bool SegmentedCodeCache                       = true                                      {product} {ergonomic}
   size_t SoftMaxHeapSize                          = 67108864                               {manageable} {ergonomic}
     bool UseCompressedOops                        = true                           {product lp64_product} {ergonomic}
     bool UseG1GC                                  = true                                      {product} {ergonomic}
     bool UseLargePagesIndividualAllocation        = false                                  {pd product} {ergonomic}

Logging:
Log output configuration:
 #0: stdout all=warning uptime,level,tags foldmultilines=false
 #1: stderr all=off uptime,level,tags foldmultilines=false

Environment Variables:
JAVA_HOME=C:\Program Files\Java\jdk-23
CLASSPATH=C:\Users\karth\CascadeProjects\MobileAppAndroid\android\\gradle\wrapper\gradle-wrapper.jar
PATH=C:\Users\karth\CascadeProjects\MobileAppAndroid\node_modules\.bin;C:\Users\karth\CascadeProjects\MobileAppAndroid\node_modules\.bin;C:\Users\karth\CascadeProjects\node_modules\.bin;C:\Users\karth\node_modules\.bin;C:\Users\node_modules\.bin;C:\node_modules\.bin;C:\Program Files\nodejs\node_modules\npm\node_modules\@npmcli\run-script\lib\node-gyp-bin;C:\Users\karth\CascadeProjects\MobileAppAndroid\node_modules\.bin;C:\Users\karth\CascadeProjects\MobileAppAndroid\node_modules\.bin;C:\Users\karth\CascadeProjects\node_modules\.bin;C:\Users\karth\node_modules\.bin;C:\Users\node_modules\.bin;C:\node_modules\.bin;C:\Program Files\nodejs\node_modules\npm\node_modules\@npmcli\run-script\lib\node-gyp-bin;C:\Program Files\Eclipse Adoptium\jdk-17.0.15.6-hotspot\bin;C:\Program Files\Common Files\Oracle\Java\javapath;C:\WINDOWS\system32;C:\WINDOWS;C:\WINDOWS\System32\Wbem;C:\WINDOWS\System32\WindowsPowerShell\v1.0\;C:\WINDOWS\System32\OpenSSH\;C:\Program Files\nodejs\;C:\Program Files (x86)\nikto\program;C:\Program Files (x86)\curl;D:\GoWorkspace\bin;C:\Program Files\Go\bin;C:\Program Files\Git\cmd;C:\Users\karth\AppData\Local\Android\Sdk;C:\Users\karth\AppData\Local\Android\Sdk\platform-tools;C:\Program Files\Eclipse Adoptium\jdk-17.0.15.6-hotspot\bin;C:\Program Files\Common Files\Oracle\Java\javapath;C:\WINDOWS\system32;C:\WINDOWS;C:\WINDOWS\System32\Wbem;C:\WINDOWS\System32\WindowsPowerShell\v1.0\;C:\WINDOWS\System32\OpenSSH\;C:\Program Files\nodejs\;C:\Program Files\Git\cmd;C:\Users\karth\AppData\Local\Microsoft\WindowsApps;C:\Users\karth\AppData\Local\Programs\Microsoft VS Code\bin;C:\Users\karth\AppData\Roaming\npm;C:\Users\karth\go\bin;C:\Users\karth\AppData\Local\Programs\Windsurf\bin
USERNAME=karth
OS=Windows_NT
PROCESSOR_IDENTIFIER=Intel64 Family 6 Model 154 Stepping 3, GenuineIntel
TMP=C:\Users\karth\AppData\Local\Temp
TEMP=C:\Users\karth\AppData\Local\Temp




Periodic native trim disabled

---------------  S Y S T E M  ---------------

OS:
 Windows 11 , 64 bit Build 26100 (10.0.26100.3912)
OS uptime: 10 days 13:40 hours
Hyper-V role detected

CPU: total 16 (initial active 16) (8 cores per cpu, 2 threads per core) family 6 model 154 stepping 3 microcode 0x416, cx8, cmov, fxsr, ht, mmx, 3dnowpref, sse, sse2, sse3, ssse3, sse4.1, sse4.2, popcnt, lzcnt, tsc, tscinvbit, avx, avx2, aes, erms, clmul, bmi1, bmi2, adx, sha, fma, vzeroupper, clflush, clflushopt, clwb, hv, serialize, rdtscp, rdpid, fsrm, gfni, f16c, cet_ibt, cet_ss
Processor Information for processor 0
  Max Mhz: 2100, Current Mhz: 2100, Mhz Limit: 2100
Processor Information for processor 1
  Max Mhz: 2100, Current Mhz: 2100, Mhz Limit: 2100
Processor Information for processor 2
  Max Mhz: 2100, Current Mhz: 2100, Mhz Limit: 2100
Processor Information for processor 3
  Max Mhz: 2100, Current Mhz: 2100, Mhz Limit: 2100
Processor Information for processor 4
  Max Mhz: 2100, Current Mhz: 2100, Mhz Limit: 2100
Processor Information for processor 5
  Max Mhz: 2100, Current Mhz: 2100, Mhz Limit: 2100
Processor Information for processor 6
  Max Mhz: 2100, Current Mhz: 2100, Mhz Limit: 2100
Processor Information for processor 7
  Max Mhz: 2100, Current Mhz: 2100, Mhz Limit: 2100
Processor Information for processor 8
  Max Mhz: 2100, Current Mhz: 1500, Mhz Limit: 1491
Processor Information for processor 9
  Max Mhz: 2100, Current Mhz: 1500, Mhz Limit: 1491
Processor Information for processor 10
  Max Mhz: 2100, Current Mhz: 1500, Mhz Limit: 1491
Processor Information for processor 11
  Max Mhz: 2100, Current Mhz: 1500, Mhz Limit: 1491
Processor Information for processor 12
  Max Mhz: 2100, Current Mhz: 1500, Mhz Limit: 1491
Processor Information for processor 13
  Max Mhz: 2100, Current Mhz: 1500, Mhz Limit: 1491
Processor Information for processor 14
  Max Mhz: 2100, Current Mhz: 1500, Mhz Limit: 1491
Processor Information for processor 15
  Max Mhz: 2100, Current Mhz: 1500, Mhz Limit: 1491

Memory: 4k page, system-wide physical 16088M (3M free)
TotalPageFile size 64210M (AvailPageFile size 152M)
current process WorkingSet (physical memory assigned to process): 1M, peak: 76M
current process commit charge ("private bytes"): 180M, peak: 180M

vm_info: Java HotSpot(TM) 64-Bit Server VM (23.0.1+11-39) for windows-amd64 JRE (23.0.1+11-39), built on 2024-09-30T07:20:43Z with MS VC++ 17.6 (VS2022)

END.
