#
# There is insufficient memory for the Java Runtime Environment to continue.
# Native memory allocation (mmap) failed to map 138412032 bytes. Error detail: G1 virtual space
# Possible reasons:
#   The system is out of physical RAM or swap space
#   This process is running with CompressedOops enabled, and the Java Heap may be blocking the growth of the native heap
# Possible solutions:
#   Reduce memory load on the system
#   Increase physical memory or swap space
#   Check if swap backing store is full
#   Decrease Java heap size (-Xmx/-Xms)
#   Decrease number of Java threads
#   Decrease Java thread stack sizes (-Xss)
#   Set larger code cache with -XX:ReservedCodeCacheSize=
#   JVM is running with Unscaled Compressed Oops mode in which the Java heap is
#     placed in the first 4GB address space. The Java Heap base address is the
#     maximum limit for the native heap growth. Please use -XX:HeapBaseMinAddress
#     to set the Java Heap base and to place the Java Heap above 4GB virtual address.
# This output file may be truncated or incomplete.
#
#  Out of Memory Error (os_windows.cpp:3618), pid=16664, tid=66828
#
# JRE version: OpenJDK Runtime Environment Temurin-17.0.15+6 (17.0.15+6) (build 17.0.15+6)
# Java VM: OpenJDK 64-Bit Server VM Temurin-17.0.15+6 (17.0.15+6, mixed mode, sharing, tiered, compressed oops, compressed class ptrs, g1 gc, windows-amd64)
# No core dump will be written. Minidumps are not enabled by default on client versions of Windows
#

---------------  S U M M A R Y ------------

Command Line: -XX:MaxMetaspaceSize=512m --add-opens=java.base/java.util=ALL-UNNAMED --add-opens=java.base/java.lang=ALL-UNNAMED --add-opens=java.base/java.lang.invoke=ALL-UNNAMED --add-opens=java.prefs/java.util.prefs=ALL-UNNAMED --add-opens=java.base/java.nio.charset=ALL-UNNAMED --add-opens=java.base/java.net=ALL-UNNAMED --add-opens=java.base/java.util.concurrent.atomic=ALL-UNNAMED -Xmx2048m -Dfile.encoding=UTF-8 -Duser.country=CA -Duser.language=en -Duser.variant org.gradle.launcher.daemon.bootstrap.GradleDaemon 8.0.1

Host: 12th Gen Intel(R) Core(TM) i7-1260P, 16 cores, 15G,  Windows 11 , 64 bit Build 26100 (10.0.26100.3912)
Time: Mon May 26 02:11:49 2025 Eastern Daylight Time elapsed time: 8676.994738 seconds (0d 2h 24m 36s)

---------------  T H R E A D  ---------------

Current thread (0x000002335a4b9010):  VMThread "VM Thread" [stack: 0x000000702b800000,0x000000702b900000] [id=66828]

Stack: [0x000000702b800000,0x000000702b900000]
Native frames: (J=compiled Java code, j=interpreted, Vv=VM code, C=native code)
V  [jvm.dll+0x682fc9]
V  [jvm.dll+0x839878]
V  [jvm.dll+0x83b323]
V  [jvm.dll+0x83b993]
V  [jvm.dll+0x24725f]
V  [jvm.dll+0x67fda9]
V  [jvm.dll+0x674c9a]
V  [jvm.dll+0x304d06]
V  [jvm.dll+0x30c1c6]
V  [jvm.dll+0x35dd4e]
V  [jvm.dll+0x35df8d]
V  [jvm.dll+0x2dc0cc]
V  [jvm.dll+0x2da46f]
V  [jvm.dll+0x2d9bdc]
V  [jvm.dll+0x31d3bb]
V  [jvm.dll+0x8401cd]
V  [jvm.dll+0x840f03]
V  [jvm.dll+0x84142f]
V  [jvm.dll+0x841814]
V  [jvm.dll+0x8418de]
V  [jvm.dll+0x7e94dc]
V  [jvm.dll+0x681ea7]
C  [ucrtbase.dll+0x37b0]
C  [KERNEL32.DLL+0x2e8d7]
C  [ntdll.dll+0x9c5dc]

VM_Operation (0x000000702affe990): G1CollectForAllocation, mode: safepoint, requested by thread 0x000002337b018e50


---------------  P R O C E S S  ---------------

Threads class SMR info:
_java_thread_list=0x000002337dd45440, length=79, elements={
0x000002333b043950, 0x000002335a4c4b70, 0x000002335a4c5440, 0x000002335a4d4830,
0x000002335a4d5100, 0x000002335a4d59d0, 0x000002335a4d62a0, 0x000002335a4d6ea0,
0x000002335a4dc9d0, 0x000002335a9173c0, 0x000002335a9dbfd0, 0x000002335a9e04c0,
0x000002337b018e50, 0x000002337a8bd010, 0x000002337b565430, 0x000002337a8b8990,
0x000002335abd2ec0, 0x000002337a869550, 0x000002337a869040, 0x000002337a868110,
0x000002337a869f70, 0x000002337a86a480, 0x000002337a86a990, 0x000002337a86b8c0,
0x000002337b754c00, 0x000002337b755110, 0x000002337b751e70, 0x000002337b755b30,
0x000002337b755620, 0x000002337b753cd0, 0x000002337b7537c0, 0x000002337b756040,
0x000002337b758dd0, 0x000002337b7583b0, 0x000002337b757480, 0x000002337b7592e0,
0x000002337b756f70, 0x000002337a86aea0, 0x000002337a86b3b0, 0x000002337a7a8820,
0x000002337a7a8310, 0x000002337a7a73e0, 0x000002337a7a5580, 0x000002337a7a5a90,
0x000002337a7a5fa0, 0x000002337a7a64b0, 0x000002337a7a69c0, 0x000002337a7a78f0,
0x000002337a7a6ed0, 0x000002337a7a7e00, 0x000002337a0d7bf0, 0x000002337a0d9030,
0x000002337a0d8100, 0x000002337a0d9540, 0x000002337a0da470, 0x000002337a0d9f60,
0x000002337a0da980, 0x000002337a0d8610, 0x000002337a0dae90, 0x000002337a0d76e0,
0x000002337a0dc2d0, 0x000002337a0dbdc0, 0x000002337a0d9a50, 0x000002337a0db8b0,
0x000002337a0db3a0, 0x000002337a0d8b20, 0x000002337a0dd200, 0x000002337a0dc7e0,
0x000002337a0dccf0, 0x000002337a0dd710, 0x000002337a0ddc20, 0x000002337a0deb50,
0x000002337a0de130, 0x000002337a0de640, 0x000002337a0df060, 0x000002337b574000,
0x000002337b5735e0, 0x000002337b570d60, 0x000002337b573af0
}

Java Threads: ( => current thread )
  0x000002333b043950 JavaThread "main" [_thread_blocked, id=65740, stack(0x000000702b200000,0x000000702b300000)]
  0x000002335a4c4b70 JavaThread "Reference Handler" daemon [_thread_blocked, id=66840, stack(0x000000702b900000,0x000000702ba00000)]
  0x000002335a4c5440 JavaThread "Finalizer" daemon [_thread_blocked, id=66844, stack(0x000000702ba00000,0x000000702bb00000)]
  0x000002335a4d4830 JavaThread "Signal Dispatcher" daemon [_thread_blocked, id=67040, stack(0x000000702bb00000,0x000000702bc00000)]
  0x000002335a4d5100 JavaThread "Attach Listener" daemon [_thread_blocked, id=67044, stack(0x000000702bc00000,0x000000702bd00000)]
  0x000002335a4d59d0 JavaThread "Service Thread" daemon [_thread_blocked, id=67048, stack(0x000000702bd00000,0x000000702be00000)]
  0x000002335a4d62a0 JavaThread "Monitor Deflation Thread" daemon [_thread_blocked, id=67052, stack(0x000000702be00000,0x000000702bf00000)]
  0x000002335a4d6ea0 JavaThread "C2 CompilerThread0" daemon [_thread_blocked, id=67060, stack(0x000000702bf00000,0x000000702c000000)]
  0x000002335a4dc9d0 JavaThread "C1 CompilerThread0" daemon [_thread_blocked, id=67064, stack(0x000000702c000000,0x000000702c100000)]
  0x000002335a9173c0 JavaThread "Sweeper thread" daemon [_thread_blocked, id=67260, stack(0x000000702c100000,0x000000702c200000)]
  0x000002335a9dbfd0 JavaThread "Common-Cleaner" daemon [_thread_blocked, id=67496, stack(0x000000702c200000,0x000000702c300000)]
  0x000002335a9e04c0 JavaThread "Notification Thread" daemon [_thread_blocked, id=67520, stack(0x000000702c300000,0x000000702c400000)]
  0x000002337b018e50 JavaThread "Daemon health stats" [_thread_blocked, id=61780, stack(0x000000702af00000,0x000000702b000000)]
  0x000002337a8bd010 JavaThread "Incoming local TCP Connector on port 33524" [_thread_in_native, id=67412, stack(0x000000702ca00000,0x000000702cb00000)]
  0x000002337b565430 JavaThread "Daemon periodic checks" [_thread_blocked, id=33080, stack(0x000000702cb00000,0x000000702cc00000)]
  0x000002337a8b8990 JavaThread "Daemon" [_thread_blocked, id=55232, stack(0x000000702cc00000,0x000000702cd00000)]
  0x000002335abd2ec0 JavaThread "Handler for socket connection from /127.0.0.1:33524 to /127.0.0.1:33555" [_thread_in_native, id=46916, stack(0x000000702cd00000,0x000000702ce00000)]
  0x000002337a869550 JavaThread "Cancel handler" [_thread_blocked, id=26660, stack(0x000000702ce00000,0x000000702cf00000)]
  0x000002337a869040 JavaThread "Daemon worker" [_thread_blocked, id=39196, stack(0x000000702d100000,0x000000702d200000)]
  0x000002337a868110 JavaThread "Asynchronous log dispatcher for DefaultDaemonConnection: socket connection from /127.0.0.1:33524 to /127.0.0.1:33555" [_thread_blocked, id=22520, stack(0x000000702d200000,0x000000702d300000)]
  0x000002337a869f70 JavaThread "Daemon client event forwarder" [_thread_blocked, id=51724, stack(0x000000702d400000,0x000000702d500000)]
  0x000002337a86a480 JavaThread "Cache worker for journal cache (C:\Users\karth\.gradle\caches\journal-1)" [_thread_blocked, id=53148, stack(0x000000702da00000,0x000000702db00000)]
  0x000002337a86a990 JavaThread "File lock request listener" [_thread_in_native, id=24736, stack(0x000000702db00000,0x000000702dc00000)]
  0x000002337a86b8c0 JavaThread "Cache worker for file hash cache (C:\Users\karth\.gradle\caches\8.0.1\fileHashes)" [_thread_blocked, id=54388, stack(0x000000702dd00000,0x000000702de00000)]
  0x000002337b754c00 JavaThread "File watcher server" daemon [_thread_in_native, id=65960, stack(0x000000702de00000,0x000000702df00000)]
  0x000002337b755110 JavaThread "File watcher consumer" daemon [_thread_blocked, id=47740, stack(0x000000702df00000,0x000000702e000000)]
  0x000002337b751e70 JavaThread "Cache worker for checksums cache (C:\Users\karth\CascadeProjects\MobileAppAndroid\android\.gradle\8.0.1\checksums)" [_thread_blocked, id=18916, stack(0x000000702e000000,0x000000702e100000)]
  0x000002337b755b30 JavaThread "Cache worker for cache directory md-rule (C:\Users\karth\.gradle\caches\8.0.1\md-rule)" [_thread_blocked, id=42488, stack(0x000000702d300000,0x000000702d400000)]
  0x000002337b755620 JavaThread "Cache worker for file content cache (C:\Users\karth\.gradle\caches\8.0.1\fileContent)" [_thread_blocked, id=62580, stack(0x000000702e100000,0x000000702e200000)]
  0x000002337b753cd0 JavaThread "Cache worker for file hash cache (C:\Users\karth\CascadeProjects\MobileAppAndroid\android\.gradle\8.0.1\fileHashes)" [_thread_blocked, id=67500, stack(0x000000702e200000,0x000000702e300000)]
  0x000002337b7537c0 JavaThread "Cache worker for cache directory md-supplier (C:\Users\karth\.gradle\caches\8.0.1\md-supplier)" [_thread_blocked, id=60840, stack(0x000000702e500000,0x000000702e600000)]
  0x000002337b756040 JavaThread "Cache worker for execution history cache (C:\Users\karth\.gradle\caches\8.0.1\executionHistory)" [_thread_blocked, id=64136, stack(0x000000702e600000,0x000000702e700000)]
  0x000002337b758dd0 JavaThread "jar transforms" [_thread_blocked, id=47292, stack(0x000000702cf00000,0x000000702d000000)]
  0x000002337b7583b0 JavaThread "jar transforms Thread 2" [_thread_blocked, id=26604, stack(0x000000702e700000,0x000000702e800000)]
  0x000002337b757480 JavaThread "jar transforms Thread 3" [_thread_blocked, id=56520, stack(0x000000702d000000,0x000000702d100000)]
  0x000002337b7592e0 JavaThread "jar transforms Thread 4" [_thread_blocked, id=58700, stack(0x000000702e800000,0x000000702e900000)]
  0x000002337b756f70 JavaThread "Cache worker for kotlin-dsl (C:\Users\karth\.gradle\caches\8.0.1\kotlin-dsl)" [_thread_blocked, id=20328, stack(0x000000702dc00000,0x000000702dd00000)]
  0x000002337a86aea0 JavaThread "jar transforms Thread 5" [_thread_blocked, id=63732, stack(0x000000702ea00000,0x000000702eb00000)]
  0x000002337a86b3b0 JavaThread "jar transforms Thread 6" [_thread_blocked, id=26712, stack(0x000000702eb00000,0x000000702ec00000)]
  0x000002337a7a8820 JavaThread "Cache worker for dependencies-accessors (C:\Users\karth\CascadeProjects\MobileAppAndroid\android\.gradle\8.0.1\dependencies-accessors)" [_thread_blocked, id=9316, stack(0x000000702ec00000,0x000000702ed00000)]
  0x000002337a7a8310 JavaThread "Cache worker for Build Output Cleanup Cache (C:\Users\karth\CascadeProjects\MobileAppAndroid\node_modules\@react-native\gradle-plugin\.gradle\buildOutputCleanup)" [_thread_blocked, id=43408, stack(0x000000702ed00000,0x000000702ee00000)]
  0x000002337a7a73e0 JavaThread "jar transforms Thread 7" [_thread_blocked, id=33820, stack(0x000000702ee00000,0x000000702ef00000)]
  0x000002337a7a5580 JavaThread "Unconstrained build operations" [_thread_blocked, id=61148, stack(0x000000702ef00000,0x000000702f000000)]
  0x000002337a7a5a90 JavaThread "Unconstrained build operations Thread 2" [_thread_blocked, id=30936, stack(0x000000702f000000,0x000000702f100000)]
  0x000002337a7a5fa0 JavaThread "Unconstrained build operations Thread 3" [_thread_blocked, id=53848, stack(0x000000702f100000,0x000000702f200000)]
  0x000002337a7a64b0 JavaThread "Unconstrained build operations Thread 4" [_thread_blocked, id=54160, stack(0x000000702f200000,0x000000702f300000)]
  0x000002337a7a69c0 JavaThread "Unconstrained build operations Thread 5" [_thread_blocked, id=46868, stack(0x000000702f300000,0x000000702f400000)]
  0x000002337a7a78f0 JavaThread "Unconstrained build operations Thread 6" [_thread_blocked, id=10052, stack(0x000000702f400000,0x000000702f500000)]
  0x000002337a7a6ed0 JavaThread "Unconstrained build operations Thread 7" [_thread_blocked, id=21104, stack(0x000000702f500000,0x000000702f600000)]
  0x000002337a7a7e00 JavaThread "Unconstrained build operations Thread 8" [_thread_blocked, id=15376, stack(0x000000702f600000,0x000000702f700000)]
  0x000002337a0d7bf0 JavaThread "Unconstrained build operations Thread 9" [_thread_blocked, id=11604, stack(0x000000702f700000,0x000000702f800000)]
  0x000002337a0d9030 JavaThread "Unconstrained build operations Thread 10" [_thread_blocked, id=49196, stack(0x000000702f800000,0x000000702f900000)]
  0x000002337a0d8100 JavaThread "Unconstrained build operations Thread 11" [_thread_blocked, id=66368, stack(0x000000702f900000,0x000000702fa00000)]
  0x000002337a0d9540 JavaThread "Unconstrained build operations Thread 12" [_thread_blocked, id=36144, stack(0x000000702fa00000,0x000000702fb00000)]
  0x000002337a0da470 JavaThread "Unconstrained build operations Thread 13" [_thread_blocked, id=48432, stack(0x000000702fb00000,0x000000702fc00000)]
  0x000002337a0d9f60 JavaThread "Unconstrained build operations Thread 14" [_thread_blocked, id=4372, stack(0x000000702fc00000,0x000000702fd00000)]
  0x000002337a0da980 JavaThread "Unconstrained build operations Thread 15" [_thread_blocked, id=32120, stack(0x000000702fd00000,0x000000702fe00000)]
  0x000002337a0d8610 JavaThread "Unconstrained build operations Thread 16" [_thread_blocked, id=46216, stack(0x000000702fe00000,0x000000702ff00000)]
  0x000002337a0dae90 JavaThread "Unconstrained build operations Thread 17" [_thread_blocked, id=66132, stack(0x000000702ff00000,0x0000007030000000)]
  0x000002337a0d76e0 JavaThread "Unconstrained build operations Thread 18" [_thread_blocked, id=45060, stack(0x0000007030000000,0x0000007030100000)]
  0x000002337a0dc2d0 JavaThread "Unconstrained build operations Thread 19" [_thread_blocked, id=32144, stack(0x0000007030100000,0x0000007030200000)]
  0x000002337a0dbdc0 JavaThread "Unconstrained build operations Thread 20" [_thread_blocked, id=67560, stack(0x0000007030200000,0x0000007030300000)]
  0x000002337a0d9a50 JavaThread "Unconstrained build operations Thread 21" [_thread_blocked, id=21296, stack(0x0000007030300000,0x0000007030400000)]
  0x000002337a0db8b0 JavaThread "Unconstrained build operations Thread 22" [_thread_blocked, id=33352, stack(0x0000007030400000,0x0000007030500000)]
  0x000002337a0db3a0 JavaThread "Unconstrained build operations Thread 23" [_thread_blocked, id=46200, stack(0x0000007030500000,0x0000007030600000)]
  0x000002337a0d8b20 JavaThread "Unconstrained build operations Thread 24" [_thread_blocked, id=49440, stack(0x0000007030600000,0x0000007030700000)]
  0x000002337a0dd200 JavaThread "Unconstrained build operations Thread 25" [_thread_blocked, id=41932, stack(0x0000007030700000,0x0000007030800000)]
  0x000002337a0dc7e0 JavaThread "Unconstrained build operations Thread 26" [_thread_blocked, id=53616, stack(0x0000007030800000,0x0000007030900000)]
  0x000002337a0dccf0 JavaThread "jar transforms Thread 8" [_thread_blocked, id=58296, stack(0x0000007030900000,0x0000007030a00000)]
  0x000002337a0dd710 JavaThread "jar transforms Thread 9" [_thread_blocked, id=21984, stack(0x0000007030a00000,0x0000007030b00000)]
  0x000002337a0ddc20 JavaThread "jar transforms Thread 10" [_thread_blocked, id=52952, stack(0x0000007030b00000,0x0000007030c00000)]
  0x000002337a0deb50 JavaThread "jar transforms Thread 11" [_thread_blocked, id=36440, stack(0x0000007030c00000,0x0000007030d00000)]
  0x000002337a0de130 JavaThread "jar transforms Thread 12" [_thread_blocked, id=7452, stack(0x0000007030d00000,0x0000007030e00000)]
  0x000002337a0de640 JavaThread "jar transforms Thread 13" [_thread_blocked, id=25988, stack(0x0000007030e00000,0x0000007030f00000)]
  0x000002337a0df060 JavaThread "jar transforms Thread 14" [_thread_blocked, id=60988, stack(0x0000007030f00000,0x0000007031000000)]
  0x000002337b574000 JavaThread "jar transforms Thread 15" [_thread_blocked, id=3784, stack(0x0000007031000000,0x0000007031100000)]
  0x000002337b5735e0 JavaThread "jar transforms Thread 16" [_thread_blocked, id=62932, stack(0x0000007031100000,0x0000007031200000)]
  0x000002337b570d60 JavaThread "Memory manager" [_thread_blocked, id=45744, stack(0x0000007031500000,0x0000007031600000)]
  0x000002337b573af0 JavaThread "Cache worker for Build Output Cleanup Cache (C:\Users\karth\CascadeProjects\MobileAppAndroid\android\.gradle\buildOutputCleanup)" [_thread_blocked, id=2904, stack(0x0000007031200000,0x0000007031300000)]

Other Threads:
=>0x000002335a4b9010 VMThread "VM Thread" [stack: 0x000000702b800000,0x000000702b900000] [id=66828]
  0x000002335a9e5dd0 WatcherThread [stack: 0x000000702c400000,0x000000702c500000] [id=67524]
  0x000002333b0a2f00 GCTaskThread "GC Thread#0" [stack: 0x000000702b300000,0x000000702b400000] [id=65804]
  0x000002337a1ad960 GCTaskThread "GC Thread#1" [stack: 0x000000702c500000,0x000000702c600000] [id=53808]
  0x000002337a1ad6a0 GCTaskThread "GC Thread#2" [stack: 0x000000702c600000,0x000000702c700000] [id=66276]
  0x000002337a1ac620 GCTaskThread "GC Thread#3" [stack: 0x000000702c700000,0x000000702c800000] [id=29732]
  0x000002337a1acba0 GCTaskThread "GC Thread#4" [stack: 0x000000702c800000,0x000000702c900000] [id=66248]
  0x000002337a1ac0a0 GCTaskThread "GC Thread#5" [stack: 0x000000702c900000,0x000000702ca00000] [id=65568]
  0x000002337a1ac8e0 GCTaskThread "GC Thread#6" [stack: 0x000000702b000000,0x000000702b100000] [id=16392]
  0x000002337a1ad3e0 GCTaskThread "GC Thread#7" [stack: 0x000000702b100000,0x000000702b200000] [id=65672]
  0x000002337a18c340 GCTaskThread "GC Thread#8" [stack: 0x000000702d500000,0x000000702d600000] [id=54544]
  0x000002337a18c600 GCTaskThread "GC Thread#9" [stack: 0x000000702d600000,0x000000702d700000] [id=44460]
  0x000002337a18cb80 GCTaskThread "GC Thread#10" [stack: 0x000000702d700000,0x000000702d800000] [id=37092]
  0x000002337a18ef40 GCTaskThread "GC Thread#11" [stack: 0x000000702d800000,0x000000702d900000] [id=18944]
  0x000002337a18fa40 GCTaskThread "GC Thread#12" [stack: 0x000000702d900000,0x000000702da00000] [id=28228]
  0x000002333b0b3c60 ConcurrentGCThread "G1 Main Marker" [stack: 0x000000702b400000,0x000000702b500000] [id=20744]
  0x000002333b0b4490 ConcurrentGCThread "G1 Conc#0" [stack: 0x000000702b500000,0x000000702b600000] [id=22184]
  0x000002337a18ce40 ConcurrentGCThread "G1 Conc#1" [stack: 0x000000702e300000,0x000000702e400000] [id=46416]
  0x000002337a18f200 ConcurrentGCThread "G1 Conc#2" [stack: 0x000000702e400000,0x000000702e500000] [id=15592]
  0x000002335a3a4ad0 ConcurrentGCThread "G1 Refine#0" [stack: 0x000000702b600000,0x000000702b700000] [id=66188]
  0x000002335a3a61c0 ConcurrentGCThread "G1 Service" [stack: 0x000000702b700000,0x000000702b800000] [id=65840]

Threads with active compile tasks:
C2 CompilerThread0  8678771 8751   !   4       java.util.concurrent.ScheduledThreadPoolExecutor$DelayedWorkQueue::take (203 bytes)

VM state: at safepoint (normal execution)

VM Mutex/Monitor currently owned by a thread:  ([mutex/lock_event])
[0x000002333b03d480] Threads_lock - owner thread: 0x000002335a4b9010
[0x000002333b03d630] Heap_lock - owner thread: 0x000002337b018e50

Heap address: 0x0000000080000000, size: 2048 MB, Compressed Oops mode: 32-bit

CDS archive(s) mapped at: [0x000002335b000000-0x000002335bbb0000-0x000002335bbb0000), size 12255232, SharedBaseAddress: 0x000002335b000000, ArchiveRelocationMode: 1.
Compressed class space mapped at: 0x000002335c000000-0x0000023376000000, reserved size: 436207616
Narrow klass base: 0x000002335b000000, Narrow klass shift: 0, Narrow klass range: 0x100000000

GC Precious Log:
 CPUs: 16 total, 16 available
 Memory: 16088M
 Large Page Support: Disabled
 NUMA Support: Disabled
 Compressed Oops: Enabled (32-bit)
 Heap Region Size: 1M
 Heap Min Capacity: 8M
 Heap Initial Capacity: 252M
 Heap Max Capacity: 2G
 Pre-touch: Disabled
 Parallel Workers: 13
 Concurrent Workers: 3
 Concurrent Refinement Workers: 13
 Periodic GC: Disabled

Heap:
 garbage-first heap   total 122880K, used 55257K [0x0000000080000000, 0x0000000100000000)
  region size 1024K, 1 young (1024K), 1 survivors (1024K)
 Metaspace       used 58821K, committed 59456K, reserved 491520K
  class space    used 8110K, committed 8384K, reserved 425984K

Heap Regions: E=young(eden), S=young(survivor), O=old, HS=humongous(starts), HC=humongous(continues), CS=collection set, F=free, OA=open archive, CA=closed archive, TAMS=top-at-mark-start (previous, next)
|   0|0x0000000080000000, 0x0000000080100000, 0x0000000080100000|100%|HS|  |TAMS 0x0000000080100000, 0x0000000080100000| Complete 
|   1|0x0000000080100000, 0x0000000080200000, 0x0000000080200000|100%|HC|  |TAMS 0x0000000080200000, 0x0000000080200000| Complete 
|   2|0x0000000080200000, 0x0000000080300000, 0x0000000080300000|100%|HC|  |TAMS 0x0000000080300000, 0x0000000080300000| Complete 
|   3|0x0000000080300000, 0x0000000080400000, 0x0000000080400000|100%|HC|  |TAMS 0x0000000080400000, 0x0000000080400000| Complete 
|   4|0x0000000080400000, 0x0000000080500000, 0x0000000080500000|100%| O|  |TAMS 0x0000000080500000, 0x0000000080500000| Untracked 
|   5|0x0000000080500000, 0x0000000080600000, 0x0000000080600000|100%| O|  |TAMS 0x0000000080600000, 0x0000000080600000| Untracked 
|   6|0x0000000080600000, 0x0000000080700000, 0x0000000080700000|100%| O|  |TAMS 0x0000000080700000, 0x0000000080700000| Untracked 
|   7|0x0000000080700000, 0x0000000080800000, 0x0000000080800000|100%| O|  |TAMS 0x0000000080800000, 0x0000000080800000| Untracked 
|   8|0x0000000080800000, 0x0000000080900000, 0x0000000080900000|100%| O|  |TAMS 0x0000000080900000, 0x0000000080900000| Untracked 
|   9|0x0000000080900000, 0x0000000080a00000, 0x0000000080a00000|100%| O|  |TAMS 0x0000000080a00000, 0x0000000080a00000| Untracked 
|  10|0x0000000080a00000, 0x0000000080b00000, 0x0000000080b00000|100%| O|  |TAMS 0x0000000080b00000, 0x0000000080b00000| Untracked 
|  11|0x0000000080b00000, 0x0000000080c00000, 0x0000000080c00000|100%| O|  |TAMS 0x0000000080c00000, 0x0000000080c00000| Untracked 
|  12|0x0000000080c00000, 0x0000000080d00000, 0x0000000080d00000|100%| O|  |TAMS 0x0000000080d00000, 0x0000000080d00000| Untracked 
|  13|0x0000000080d00000, 0x0000000080e00000, 0x0000000080e00000|100%| O|  |TAMS 0x0000000080e00000, 0x0000000080e00000| Untracked 
|  14|0x0000000080e00000, 0x0000000080f00000, 0x0000000080f00000|100%| O|  |TAMS 0x0000000080f00000, 0x0000000080f00000| Untracked 
|  15|0x0000000080f00000, 0x0000000081000000, 0x0000000081000000|100%| O|  |TAMS 0x0000000081000000, 0x0000000081000000| Untracked 
|  16|0x0000000081000000, 0x000000008101ce00, 0x0000000081100000| 11%| O|  |TAMS 0x000000008101ce00, 0x000000008101ce00| Untracked 
|  17|0x0000000081100000, 0x0000000081200000, 0x0000000081200000|100%| O|  |TAMS 0x0000000081200000, 0x0000000081200000| Untracked 
|  18|0x0000000081200000, 0x0000000081300000, 0x0000000081300000|100%| O|  |TAMS 0x0000000081300000, 0x0000000081300000| Untracked 
|  19|0x0000000081300000, 0x0000000081400000, 0x0000000081400000|100%| O|  |TAMS 0x0000000081400000, 0x0000000081400000| Untracked 
|  20|0x0000000081400000, 0x0000000081500000, 0x0000000081500000|100%| O|  |TAMS 0x0000000081500000, 0x0000000081500000| Untracked 
|  21|0x0000000081500000, 0x0000000081600000, 0x0000000081600000|100%| O|  |TAMS 0x0000000081600000, 0x0000000081600000| Untracked 
|  22|0x0000000081600000, 0x0000000081700000, 0x0000000081700000|100%| O|  |TAMS 0x0000000081700000, 0x0000000081700000| Untracked 
|  23|0x0000000081700000, 0x0000000081800000, 0x0000000081800000|100%| O|  |TAMS 0x0000000081800000, 0x0000000081800000| Untracked 
|  24|0x0000000081800000, 0x0000000081900000, 0x0000000081900000|100%| O|  |TAMS 0x0000000081900000, 0x0000000081900000| Untracked 
|  25|0x0000000081900000, 0x0000000081a00000, 0x0000000081a00000|100%| O|  |TAMS 0x0000000081a00000, 0x0000000081a00000| Untracked 
|  26|0x0000000081a00000, 0x0000000081b00000, 0x0000000081b00000|100%| O|  |TAMS 0x0000000081b00000, 0x0000000081b00000| Untracked 
|  27|0x0000000081b00000, 0x0000000081c00000, 0x0000000081c00000|100%| O|  |TAMS 0x0000000081c00000, 0x0000000081c00000| Untracked 
|  28|0x0000000081c00000, 0x0000000081d00000, 0x0000000081d00000|100%| O|  |TAMS 0x0000000081d00000, 0x0000000081d00000| Untracked 
|  29|0x0000000081d00000, 0x0000000081d1c000, 0x0000000081e00000| 10%| O|  |TAMS 0x0000000081d1c000, 0x0000000081d1c000| Untracked 
|  30|0x0000000081e00000, 0x0000000081f00000, 0x0000000081f00000|100%| O|  |TAMS 0x0000000081f00000, 0x0000000081f00000| Untracked 
|  31|0x0000000081f00000, 0x0000000082000000, 0x0000000082000000|100%| O|  |TAMS 0x0000000082000000, 0x0000000082000000| Untracked 
|  32|0x0000000082000000, 0x0000000082100000, 0x0000000082100000|100%| O|  |TAMS 0x0000000082000000, 0x0000000082100000| Untracked 
|  33|0x0000000082100000, 0x0000000082200000, 0x0000000082200000|100%| O|  |TAMS 0x0000000082100000, 0x0000000082200000| Untracked 
|  34|0x0000000082200000, 0x0000000082300000, 0x0000000082300000|100%|HS|  |TAMS 0x0000000082200000, 0x0000000082300000| Complete 
|  35|0x0000000082300000, 0x0000000082400000, 0x0000000082400000|100%|HC|  |TAMS 0x0000000082300000, 0x0000000082400000| Complete 
|  36|0x0000000082400000, 0x0000000082500000, 0x0000000082500000|100%|HS|  |TAMS 0x0000000082400000, 0x0000000082500000| Complete 
|  37|0x0000000082500000, 0x0000000082600000, 0x0000000082600000|100%|HC|  |TAMS 0x0000000082500000, 0x0000000082600000| Complete 
|  38|0x0000000082600000, 0x0000000082700000, 0x0000000082700000|100%|HC|  |TAMS 0x0000000082600000, 0x0000000082700000| Complete 
|  39|0x0000000082700000, 0x0000000082800000, 0x0000000082800000|100%|HC|  |TAMS 0x0000000082700000, 0x0000000082800000| Complete 
|  40|0x0000000082800000, 0x0000000082900000, 0x0000000082900000|100%| O|  |TAMS 0x0000000082800000, 0x0000000082900000| Untracked 
|  41|0x0000000082900000, 0x0000000082a00000, 0x0000000082a00000|100%| O|  |TAMS 0x0000000082900000, 0x0000000082a00000| Untracked 
|  42|0x0000000082a00000, 0x0000000082b00000, 0x0000000082b00000|100%| O|  |TAMS 0x0000000082a00000, 0x0000000082b00000| Untracked 
|  43|0x0000000082b00000, 0x0000000082c00000, 0x0000000082c00000|100%| O|  |TAMS 0x0000000082b00000, 0x0000000082c00000| Untracked 
|  44|0x0000000082c00000, 0x0000000082d00000, 0x0000000082d00000|100%| O|  |TAMS 0x0000000082c00000, 0x0000000082d00000| Untracked 
|  45|0x0000000082d00000, 0x0000000082e00000, 0x0000000082e00000|100%| O|  |TAMS 0x0000000082d00000, 0x0000000082e00000| Untracked 
|  46|0x0000000082e00000, 0x0000000082f00000, 0x0000000082f00000|100%| O|  |TAMS 0x0000000082e00000, 0x0000000082f00000| Untracked 
|  47|0x0000000082f00000, 0x0000000083000000, 0x0000000083000000|100%| O|  |TAMS 0x0000000082f00000, 0x0000000083000000| Untracked 
|  48|0x0000000083000000, 0x0000000083100000, 0x0000000083100000|100%| O|  |TAMS 0x0000000083000000, 0x0000000083100000| Untracked 
|  49|0x0000000083100000, 0x0000000083200000, 0x0000000083200000|100%| O|  |TAMS 0x0000000083100000, 0x0000000083200000| Untracked 
|  50|0x0000000083200000, 0x0000000083300000, 0x0000000083300000|100%| O|  |TAMS 0x0000000083200000, 0x0000000083300000| Untracked 
|  51|0x0000000083300000, 0x0000000083400000, 0x0000000083400000|100%| O|  |TAMS 0x0000000083300000, 0x0000000083400000| Untracked 
|  52|0x0000000083400000, 0x0000000083500000, 0x0000000083500000|100%| O|  |TAMS 0x0000000083400000, 0x0000000083500000| Untracked 
|  53|0x0000000083500000, 0x0000000083600000, 0x0000000083600000|100%| O|  |TAMS 0x0000000083500000, 0x0000000083600000| Untracked 
|  54|0x0000000083600000, 0x0000000083700000, 0x0000000083700000|100%| O|  |TAMS 0x0000000083600000, 0x0000000083700000| Untracked 
|  55|0x0000000083700000, 0x000000008375d400, 0x0000000083800000| 36%| O|  |TAMS 0x0000000083700000, 0x000000008375d400| Untracked 
|  56|0x0000000083800000, 0x0000000083800000, 0x0000000083900000|  0%| F|  |TAMS 0x0000000083800000, 0x0000000083800000| Untracked 
|  57|0x0000000083900000, 0x0000000083900000, 0x0000000083a00000|  0%| F|  |TAMS 0x0000000083900000, 0x0000000083900000| Untracked 
|  58|0x0000000083a00000, 0x0000000083a00000, 0x0000000083b00000|  0%| F|  |TAMS 0x0000000083a00000, 0x0000000083a00000| Untracked 
|  59|0x0000000083b00000, 0x0000000083b00000, 0x0000000083c00000|  0%| F|  |TAMS 0x0000000083b00000, 0x0000000083b00000| Untracked 
|  60|0x0000000083c00000, 0x0000000083c00000, 0x0000000083d00000|  0%| F|  |TAMS 0x0000000083c00000, 0x0000000083c00000| Untracked 
|  61|0x0000000083d00000, 0x0000000083d00000, 0x0000000083e00000|  0%| F|  |TAMS 0x0000000083d00000, 0x0000000083d00000| Untracked 
|  62|0x0000000083e00000, 0x0000000083e00000, 0x0000000083f00000|  0%| F|  |TAMS 0x0000000083e00000, 0x0000000083e00000| Untracked 
|  63|0x0000000083f00000, 0x0000000083f00000, 0x0000000084000000|  0%| F|  |TAMS 0x0000000083f00000, 0x0000000083f00000| Untracked 
|  64|0x0000000084000000, 0x0000000084000000, 0x0000000084100000|  0%| F|  |TAMS 0x0000000084000000, 0x0000000084000000| Untracked 
|  65|0x0000000084100000, 0x0000000084100000, 0x0000000084200000|  0%| F|  |TAMS 0x0000000084100000, 0x0000000084100000| Untracked 
|  66|0x0000000084200000, 0x0000000084200000, 0x0000000084300000|  0%| F|  |TAMS 0x0000000084200000, 0x0000000084200000| Untracked 
|  67|0x0000000084300000, 0x0000000084300000, 0x0000000084400000|  0%| F|  |TAMS 0x0000000084300000, 0x0000000084300000| Untracked 
|  68|0x0000000084400000, 0x0000000084400000, 0x0000000084500000|  0%| F|  |TAMS 0x0000000084400000, 0x0000000084400000| Untracked 
|  69|0x0000000084500000, 0x0000000084500000, 0x0000000084600000|  0%| F|  |TAMS 0x0000000084500000, 0x0000000084500000| Untracked 
|  70|0x0000000084600000, 0x0000000084600000, 0x0000000084700000|  0%| F|  |TAMS 0x0000000084600000, 0x0000000084600000| Untracked 
|  71|0x0000000084700000, 0x0000000084700000, 0x0000000084800000|  0%| F|  |TAMS 0x0000000084700000, 0x0000000084700000| Untracked 
|  72|0x0000000084800000, 0x0000000084800000, 0x0000000084900000|  0%| F|  |TAMS 0x0000000084800000, 0x0000000084800000| Untracked 
|  73|0x0000000084900000, 0x0000000084900000, 0x0000000084a00000|  0%| F|  |TAMS 0x0000000084900000, 0x0000000084900000| Untracked 
|  74|0x0000000084a00000, 0x0000000084a00000, 0x0000000084b00000|  0%| F|  |TAMS 0x0000000084a00000, 0x0000000084a00000| Untracked 
|  75|0x0000000084b00000, 0x0000000084b00000, 0x0000000084c00000|  0%| F|  |TAMS 0x0000000084b00000, 0x0000000084b00000| Untracked 
|  76|0x0000000084c00000, 0x0000000084c00000, 0x0000000084d00000|  0%| F|  |TAMS 0x0000000084c00000, 0x0000000084c00000| Untracked 
|  77|0x0000000084d00000, 0x0000000084d00000, 0x0000000084e00000|  0%| F|  |TAMS 0x0000000084d00000, 0x0000000084d00000| Untracked 
|  78|0x0000000084e00000, 0x0000000084e00000, 0x0000000084f00000|  0%| F|  |TAMS 0x0000000084e00000, 0x0000000084e00000| Untracked 
|  79|0x0000000084f00000, 0x0000000084f00000, 0x0000000085000000|  0%| F|  |TAMS 0x0000000084f00000, 0x0000000084f00000| Untracked 
|  80|0x0000000085000000, 0x0000000085000000, 0x0000000085100000|  0%| F|  |TAMS 0x0000000085000000, 0x0000000085000000| Untracked 
|  81|0x0000000085100000, 0x0000000085100000, 0x0000000085200000|  0%| F|  |TAMS 0x0000000085100000, 0x0000000085100000| Untracked 
|  82|0x0000000085200000, 0x0000000085200000, 0x0000000085300000|  0%| F|  |TAMS 0x0000000085200000, 0x0000000085200000| Untracked 
|  83|0x0000000085300000, 0x0000000085300000, 0x0000000085400000|  0%| F|  |TAMS 0x0000000085300000, 0x0000000085300000| Untracked 
|  84|0x0000000085400000, 0x0000000085400000, 0x0000000085500000|  0%| F|  |TAMS 0x0000000085400000, 0x0000000085400000| Untracked 
|  85|0x0000000085500000, 0x0000000085500000, 0x0000000085600000|  0%| F|  |TAMS 0x0000000085500000, 0x0000000085500000| Untracked 
|  86|0x0000000085600000, 0x0000000085600000, 0x0000000085700000|  0%| F|  |TAMS 0x0000000085600000, 0x0000000085600000| Untracked 
|  87|0x0000000085700000, 0x0000000085700000, 0x0000000085800000|  0%| F|  |TAMS 0x0000000085700000, 0x0000000085700000| Untracked 
|  88|0x0000000085800000, 0x0000000085800000, 0x0000000085900000|  0%| F|  |TAMS 0x0000000085800000, 0x0000000085800000| Untracked 
|  89|0x0000000085900000, 0x0000000085900000, 0x0000000085a00000|  0%| F|  |TAMS 0x0000000085900000, 0x0000000085900000| Untracked 
|  90|0x0000000085a00000, 0x0000000085a00000, 0x0000000085b00000|  0%| F|  |TAMS 0x0000000085a00000, 0x0000000085a00000| Untracked 
|  91|0x0000000085b00000, 0x0000000085b00000, 0x0000000085c00000|  0%| F|  |TAMS 0x0000000085b00000, 0x0000000085b00000| Untracked 
|  92|0x0000000085c00000, 0x0000000085c00000, 0x0000000085d00000|  0%| F|  |TAMS 0x0000000085c00000, 0x0000000085c00000| Untracked 
|  93|0x0000000085d00000, 0x0000000085d00000, 0x0000000085e00000|  0%| F|  |TAMS 0x0000000085d00000, 0x0000000085d00000| Untracked 
|  94|0x0000000085e00000, 0x0000000085e00000, 0x0000000085f00000|  0%| F|  |TAMS 0x0000000085e00000, 0x0000000085e00000| Untracked 
|  95|0x0000000085f00000, 0x0000000085f00000, 0x0000000086000000|  0%| F|  |TAMS 0x0000000085f00000, 0x0000000085f00000| Untracked 
|  96|0x0000000086000000, 0x0000000086000000, 0x0000000086100000|  0%| F|  |TAMS 0x0000000086000000, 0x0000000086000000| Untracked 
|  97|0x0000000086100000, 0x0000000086100000, 0x0000000086200000|  0%| F|  |TAMS 0x0000000086100000, 0x0000000086100000| Untracked 
|  98|0x0000000086200000, 0x0000000086200000, 0x0000000086300000|  0%| F|  |TAMS 0x0000000086200000, 0x0000000086200000| Untracked 
|  99|0x0000000086300000, 0x0000000086300000, 0x0000000086400000|  0%| F|  |TAMS 0x0000000086300000, 0x0000000086300000| Untracked 
| 100|0x0000000086400000, 0x0000000086400000, 0x0000000086500000|  0%| F|  |TAMS 0x0000000086400000, 0x0000000086400000| Untracked 
| 101|0x0000000086500000, 0x0000000086500000, 0x0000000086600000|  0%| F|  |TAMS 0x0000000086500000, 0x0000000086500000| Untracked 
| 102|0x0000000086600000, 0x0000000086600000, 0x0000000086700000|  0%| F|  |TAMS 0x0000000086600000, 0x0000000086600000| Untracked 
| 103|0x0000000086700000, 0x0000000086700000, 0x0000000086800000|  0%| F|  |TAMS 0x0000000086700000, 0x0000000086700000| Untracked 
| 104|0x0000000086800000, 0x0000000086800000, 0x0000000086900000|  0%| F|  |TAMS 0x0000000086800000, 0x0000000086800000| Untracked 
| 105|0x0000000086900000, 0x0000000086900000, 0x0000000086a00000|  0%| F|  |TAMS 0x0000000086900000, 0x0000000086900000| Untracked 
| 106|0x0000000086a00000, 0x0000000086a00000, 0x0000000086b00000|  0%| F|  |TAMS 0x0000000086a00000, 0x0000000086a00000| Untracked 
| 107|0x0000000086b00000, 0x0000000086b00000, 0x0000000086c00000|  0%| F|  |TAMS 0x0000000086b00000, 0x0000000086b00000| Untracked 
| 108|0x0000000086c00000, 0x0000000086c00000, 0x0000000086d00000|  0%| F|  |TAMS 0x0000000086c00000, 0x0000000086c00000| Untracked 
| 109|0x0000000086d00000, 0x0000000086d00000, 0x0000000086e00000|  0%| F|  |TAMS 0x0000000086d00000, 0x0000000086d00000| Untracked 
| 110|0x0000000086e00000, 0x0000000086e00000, 0x0000000086f00000|  0%| F|  |TAMS 0x0000000086e00000, 0x0000000086e00000| Untracked 
| 111|0x0000000086f00000, 0x0000000086f00000, 0x0000000087000000|  0%| F|  |TAMS 0x0000000086f00000, 0x0000000086f00000| Untracked 
| 112|0x0000000087000000, 0x0000000087000000, 0x0000000087100000|  0%| F|  |TAMS 0x0000000087000000, 0x0000000087000000| Untracked 
| 113|0x0000000087100000, 0x0000000087100000, 0x0000000087200000|  0%| F|  |TAMS 0x0000000087100000, 0x0000000087100000| Untracked 
| 114|0x0000000087200000, 0x00000000872605a8, 0x0000000087300000| 37%| S|CS|TAMS 0x0000000087200000, 0x0000000087200000| Complete 
| 115|0x0000000087300000, 0x0000000087300000, 0x0000000087400000|  0%| F|  |TAMS 0x0000000087300000, 0x0000000087300000| Untracked 
| 116|0x0000000087400000, 0x0000000087400000, 0x0000000087500000|  0%| F|  |TAMS 0x0000000087400000, 0x0000000087400000| Untracked 
| 117|0x0000000087500000, 0x0000000087500000, 0x0000000087600000|  0%| F|  |TAMS 0x0000000087500000, 0x0000000087500000| Untracked 
| 118|0x0000000087600000, 0x0000000087600000, 0x0000000087700000|  0%| F|  |TAMS 0x0000000087600000, 0x0000000087600000| Untracked 
| 251|0x000000008fb00000, 0x000000008fb00000, 0x000000008fc00000|  0%| F|  |TAMS 0x000000008fb00000, 0x000000008fb00000| Untracked 

Card table byte_map: [0x0000023353030000,0x0000023353430000] _byte_map_base: 0x0000023352c30000

Marking Bits (Prev, Next): (CMBitMap*) 0x000002333b0a3330, (CMBitMap*) 0x000002333b0a3370
 Prev Bits: [0x0000023353830000, 0x0000023355830000)
 Next Bits: [0x0000023355830000, 0x0000023357830000)

Polling page: 0x00000233397a0000

Metaspace:

Usage:
  Non-class:     49.52 MB used.
      Class:      7.92 MB used.
       Both:     57.44 MB used.

Virtual space:
  Non-class space:       64.00 MB reserved,      49.88 MB ( 78%) committed,  1 nodes.
      Class space:      416.00 MB reserved,       8.19 MB (  2%) committed,  1 nodes.
             Both:      480.00 MB reserved,      58.06 MB ( 12%) committed. 

Chunk freelists:
   Non-Class:  13.36 MB
       Class:  7.79 MB
        Both:  21.15 MB

MaxMetaspaceSize: 512.00 MB
CompressedClassSpaceSize: 416.00 MB
Initial GC threshold: 21.00 MB
Current GC threshold: 58.88 MB
CDS: on
MetaspaceReclaimPolicy: balanced
 - commit_granule_bytes: 65536.
 - commit_granule_words: 8192.
 - virtual_space_node_default_size: 8388608.
 - enlarge_chunks_in_place: 1.
 - new_chunks_are_fully_committed: 0.
 - uncommit_free_chunks: 1.
 - use_allocation_guard: 0.
 - handle_deallocations: 1.


Internal statistics:

num_allocs_failed_limit: 6.
num_arena_births: 714.
num_arena_deaths: 0.
num_vsnodes_births: 2.
num_vsnodes_deaths: 0.
num_space_committed: 929.
num_space_uncommitted: 0.
num_chunks_returned_to_freelist: 6.
num_chunks_taken_from_freelist: 3023.
num_chunk_merges: 6.
num_chunk_splits: 2048.
num_chunks_enlarged: 1388.
num_inconsistent_stats: 0.

CodeHeap 'non-profiled nmethods': size=119168Kb used=4899Kb max_used=4899Kb free=114269Kb
 bounds [0x000002334a810000, 0x000002334ace0000, 0x0000023351c70000]
CodeHeap 'profiled nmethods': size=119104Kb used=15158Kb max_used=15158Kb free=103945Kb
 bounds [0x0000023342c70000, 0x0000023343b40000, 0x000002334a0c0000]
CodeHeap 'non-nmethods': size=7488Kb used=2354Kb max_used=4044Kb free=5133Kb
 bounds [0x000002334a0c0000, 0x000002334a4d0000, 0x000002334a810000]
 total_blobs=8670 nmethods=7789 adapters=793
 compilation: enabled
              stopped_count=0, restarted_count=0
 full_count=0

Compilation events (20 events):
Event: 8632.772 Thread 0x000002335a4d6ea0 nmethod 8742 0x000002334acd0310 code [0x000002334acd04a0, 0x000002334acd0e58]
Event: 8632.936 Thread 0x000002335a4d6ea0 8741       4       java.util.concurrent.ThreadPoolExecutor$Worker::lock (6 bytes)
Event: 8633.346 Thread 0x000002335a4d6ea0 nmethod 8741 0x000002334acd1110 code [0x000002334acd1280, 0x000002334acd13f8]
Event: 8636.562 Thread 0x000002335a4dc9d0 8743       3       org.gradle.launcher.daemon.server.expiry.AnyDaemonExpirationStrategy::checkExpiration (114 bytes)
Event: 8642.636 Thread 0x000002335a4d6ea0 8745       4       java.util.concurrent.ScheduledThreadPoolExecutor$DelayedWorkQueue::finishPoll (43 bytes)
Event: 8642.645 Thread 0x000002335a4d6ea0 nmethod 8745 0x000002334acd1490 code [0x000002334acd1620, 0x000002334acd1798]
Event: 8642.646 Thread 0x000002335a4d6ea0 8746       4       java.util.concurrent.ScheduledThreadPoolExecutor$DelayedWorkQueue::add (9 bytes)
Event: 8644.558 Thread 0x000002335a4dc9d0 nmethod 8743 0x0000023343b3a310 code [0x0000023343b3a6a0, 0x0000023343b3c258]
Event: 8644.662 Thread 0x000002335a4d6ea0 nmethod 8746 0x000002334acd1910 code [0x000002334acd1b00, 0x000002334acd2d08]
Event: 8644.662 Thread 0x000002335a4dc9d0 8744       3       org.gradle.internal.time.DefaultCountdownTimer::hasExpired (15 bytes)
Event: 8644.682 Thread 0x000002335a4d6ea0 8747       4       org.gradle.internal.time.DefaultCountdownTimer::getRemainingMillis (14 bytes)
Event: 8644.839 Thread 0x000002335a4dc9d0 nmethod 8744 0x0000023343b3cb90 code [0x0000023343b3cd40, 0x0000023343b3d088]
Event: 8645.171 Thread 0x000002335a4d6ea0 nmethod 8747 0x000002334acd3490 code [0x000002334acd3620, 0x000002334acd37b8]
Event: 8654.929 Thread 0x000002335a4d6ea0 8748       4       java.io.WinNTFileSystem::resolve (275 bytes)
Event: 8655.692 Thread 0x000002335a4d6ea0 nmethod 8748 0x000002334acd3990 code [0x000002334acd3b80, 0x000002334acd48c8]
Event: 8661.679 Thread 0x000002335a4d6ea0 8749   !   4       java.util.concurrent.ThreadPoolExecutor::getTask (177 bytes)
Event: 8673.387 Thread 0x000002335a4dc9d0 8756       3       com.google.common.collect.TransformedIterator::<init> (16 bytes)
Event: 8673.429 Thread 0x000002335a4dc9d0 nmethod 8756 0x0000023343b3d190 code [0x0000023343b3d360, 0x0000023343b3d7a8]
Event: 8674.179 Thread 0x000002335a4d6ea0 nmethod 8749 0x000002334acd5290 code [0x000002334acd5560, 0x000002334acd7610]
Event: 8674.187 Thread 0x000002335a4d6ea0 8751   !   4       java.util.concurrent.ScheduledThreadPoolExecutor$DelayedWorkQueue::take (203 bytes)

GC Heap History (20 events):
Event: 1058.725 GC heap after
{Heap after GC invocations=29 (full 0):
 garbage-first heap   total 122880K, used 54093K [0x0000000080000000, 0x0000000100000000)
  region size 1024K, 5 young (5120K), 5 survivors (5120K)
 Metaspace       used 58522K, committed 59136K, reserved 491520K
  class space    used 8106K, committed 8384K, reserved 425984K
}
Event: 1155.401 GC heap before
{Heap before GC invocations=29 (full 0):
 garbage-first heap   total 122880K, used 99149K [0x0000000080000000, 0x0000000100000000)
  region size 1024K, 50 young (51200K), 5 survivors (5120K)
 Metaspace       used 58570K, committed 59200K, reserved 491520K
  class space    used 8106K, committed 8384K, reserved 425984K
}
Event: 1155.441 GC heap after
{Heap after GC invocations=30 (full 0):
 garbage-first heap   total 122880K, used 54562K [0x0000000080000000, 0x0000000100000000)
  region size 1024K, 2 young (2048K), 2 survivors (2048K)
 Metaspace       used 58570K, committed 59200K, reserved 491520K
  class space    used 8106K, committed 8384K, reserved 425984K
}
Event: 1278.386 GC heap before
{Heap before GC invocations=30 (full 0):
 garbage-first heap   total 122880K, used 101666K [0x0000000080000000, 0x0000000100000000)
  region size 1024K, 48 young (49152K), 2 survivors (2048K)
 Metaspace       used 58614K, committed 59264K, reserved 491520K
  class space    used 8106K, committed 8384K, reserved 425984K
}
Event: 1278.433 GC heap after
{Heap after GC invocations=31 (full 0):
 garbage-first heap   total 122880K, used 54953K [0x0000000080000000, 0x0000000100000000)
  region size 1024K, 3 young (3072K), 3 survivors (3072K)
 Metaspace       used 58614K, committed 59264K, reserved 491520K
  class space    used 8106K, committed 8384K, reserved 425984K
}
Event: 1409.864 GC heap before
{Heap before GC invocations=31 (full 0):
 garbage-first heap   total 122880K, used 102057K [0x0000000080000000, 0x0000000100000000)
  region size 1024K, 49 young (50176K), 3 survivors (3072K)
 Metaspace       used 58679K, committed 59328K, reserved 491520K
  class space    used 8106K, committed 8384K, reserved 425984K
}
Event: 1409.887 GC heap after
{Heap after GC invocations=32 (full 0):
 garbage-first heap   total 122880K, used 55018K [0x0000000080000000, 0x0000000100000000)
  region size 1024K, 3 young (3072K), 3 survivors (3072K)
 Metaspace       used 58679K, committed 59328K, reserved 491520K
  class space    used 8106K, committed 8384K, reserved 425984K
}
Event: 1551.714 GC heap before
{Heap before GC invocations=32 (full 0):
 garbage-first heap   total 122880K, used 103146K [0x0000000080000000, 0x0000000100000000)
  region size 1024K, 50 young (51200K), 3 survivors (3072K)
 Metaspace       used 58759K, committed 59392K, reserved 491520K
  class space    used 8106K, committed 8384K, reserved 425984K
}
Event: 1551.767 GC heap after
{Heap after GC invocations=33 (full 0):
 garbage-first heap   total 122880K, used 55414K [0x0000000080000000, 0x0000000100000000)
  region size 1024K, 3 young (3072K), 3 survivors (3072K)
 Metaspace       used 58759K, committed 59392K, reserved 491520K
  class space    used 8106K, committed 8384K, reserved 425984K
}
Event: 8637.053 GC heap before
{Heap before GC invocations=33 (full 0):
 garbage-first heap   total 122880K, used 103542K [0x0000000080000000, 0x0000000100000000)
  region size 1024K, 50 young (51200K), 3 survivors (3072K)
 Metaspace       used 58821K, committed 59456K, reserved 491520K
  class space    used 8110K, committed 8384K, reserved 425984K
}
Event: 8642.124 GC heap after
{Heap after GC invocations=34 (full 0):
 garbage-first heap   total 122880K, used 55437K [0x0000000080000000, 0x0000000100000000)
  region size 1024K, 3 young (3072K), 3 survivors (3072K)
 Metaspace       used 58821K, committed 59456K, reserved 491520K
  class space    used 8110K, committed 8384K, reserved 425984K
}
Event: 8648.445 GC heap before
{Heap before GC invocations=34 (full 0):
 garbage-first heap   total 122880K, used 58509K [0x0000000080000000, 0x0000000100000000)
  region size 1024K, 6 young (6144K), 3 survivors (3072K)
 Metaspace       used 58821K, committed 59456K, reserved 491520K
  class space    used 8110K, committed 8384K, reserved 425984K
}
Event: 8654.575 GC heap after
{Heap after GC invocations=35 (full 0):
 garbage-first heap   total 122880K, used 55579K [0x0000000080000000, 0x0000000100000000)
  region size 1024K, 1 young (1024K), 1 survivors (1024K)
 Metaspace       used 58821K, committed 59456K, reserved 491520K
  class space    used 8110K, committed 8384K, reserved 425984K
}
Event: 8656.324 GC heap before
{Heap before GC invocations=35 (full 0):
 garbage-first heap   total 122880K, used 60699K [0x0000000080000000, 0x0000000100000000)
  region size 1024K, 6 young (6144K), 1 survivors (1024K)
 Metaspace       used 58821K, committed 59456K, reserved 491520K
  class space    used 8110K, committed 8384K, reserved 425984K
}
Event: 8661.228 GC heap after
{Heap after GC invocations=36 (full 0):
 garbage-first heap   total 122880K, used 55353K [0x0000000080000000, 0x0000000100000000)
  region size 1024K, 1 young (1024K), 1 survivors (1024K)
 Metaspace       used 58821K, committed 59456K, reserved 491520K
  class space    used 8110K, committed 8384K, reserved 425984K
}
Event: 8673.031 GC heap before
{Heap before GC invocations=36 (full 0):
 garbage-first heap   total 122880K, used 60473K [0x0000000080000000, 0x0000000100000000)
  region size 1024K, 6 young (6144K), 1 survivors (1024K)
 Metaspace       used 58821K, committed 59456K, reserved 491520K
  class space    used 8110K, committed 8384K, reserved 425984K
}
Event: 8673.372 GC heap after
{Heap after GC invocations=37 (full 0):
 garbage-first heap   total 122880K, used 55420K [0x0000000080000000, 0x0000000100000000)
  region size 1024K, 1 young (1024K), 1 survivors (1024K)
 Metaspace       used 58821K, committed 59456K, reserved 491520K
  class space    used 8110K, committed 8384K, reserved 425984K
}
Event: 8673.602 GC heap before
{Heap before GC invocations=37 (full 0):
 garbage-first heap   total 122880K, used 60540K [0x0000000080000000, 0x0000000100000000)
  region size 1024K, 6 young (6144K), 1 survivors (1024K)
 Metaspace       used 58821K, committed 59456K, reserved 491520K
  class space    used 8110K, committed 8384K, reserved 425984K
}
Event: 8673.680 GC heap after
{Heap after GC invocations=38 (full 0):
 garbage-first heap   total 122880K, used 55274K [0x0000000080000000, 0x0000000100000000)
  region size 1024K, 1 young (1024K), 1 survivors (1024K)
 Metaspace       used 58821K, committed 59456K, reserved 491520K
  class space    used 8110K, committed 8384K, reserved 425984K
}
Event: 8674.306 GC heap before
{Heap before GC invocations=38 (full 0):
 garbage-first heap   total 122880K, used 60394K [0x0000000080000000, 0x0000000100000000)
  region size 1024K, 6 young (6144K), 1 survivors (1024K)
 Metaspace       used 58821K, committed 59456K, reserved 491520K
  class space    used 8110K, committed 8384K, reserved 425984K
}

Dll operation events (13 events):
Event: 0.244 Loaded shared library C:\Program Files\Eclipse Adoptium\jdk-17.0.15.6-hotspot\bin\java.dll
Event: 3.865 Loaded shared library C:\Program Files\Eclipse Adoptium\jdk-17.0.15.6-hotspot\bin\jsvml.dll
Event: 7.401 Loaded shared library C:\Program Files\Eclipse Adoptium\jdk-17.0.15.6-hotspot\bin\net.dll
Event: 7.434 Loaded shared library C:\Program Files\Eclipse Adoptium\jdk-17.0.15.6-hotspot\bin\nio.dll
Event: 8.247 Loaded shared library C:\Program Files\Eclipse Adoptium\jdk-17.0.15.6-hotspot\bin\zip.dll
Event: 14.081 Loaded shared library C:\Program Files\Eclipse Adoptium\jdk-17.0.15.6-hotspot\bin\jimage.dll
Event: 15.874 Loaded shared library C:\Program Files\Eclipse Adoptium\jdk-17.0.15.6-hotspot\bin\verify.dll
Event: 23.401 Loaded shared library C:\Users\karth\.gradle\native\68d5fa5c4cc2d200863cafc0d521ce42e7d3e7ee720ec0a83991735586a16f82\windows-amd64\native-platform.dll
Event: 23.689 Loaded shared library C:\Users\karth\.gradle\native\e376f236ea51e6404a007f0833ffe2c6e607c4080706a723a18a27aeea778392\windows-amd64\native-platform-file-events.dll
Event: 52.448 Loaded shared library C:\Program Files\Eclipse Adoptium\jdk-17.0.15.6-hotspot\bin\management.dll
Event: 52.463 Loaded shared library C:\Program Files\Eclipse Adoptium\jdk-17.0.15.6-hotspot\bin\management_ext.dll
Event: 56.595 Loaded shared library C:\Program Files\Eclipse Adoptium\jdk-17.0.15.6-hotspot\bin\extnet.dll
Event: 70.236 Loaded shared library C:\Program Files\Eclipse Adoptium\jdk-17.0.15.6-hotspot\bin\sunmscapi.dll

Deoptimization events (20 events):
Event: 904.647 Thread 0x000002337a869040 DEOPT PACKING pc=0x000002334ab92c1c sp=0x000000702d1f79b0
Event: 904.648 Thread 0x000002337a869040 DEOPT UNPACKING pc=0x000002334a1169a3 sp=0x000000702d1f7930 mode 2
Event: 946.448 Thread 0x000002337a869040 DEOPT PACKING pc=0x0000023342d3601b sp=0x000000702d1f7730
Event: 946.448 Thread 0x000002337a869040 DEOPT UNPACKING pc=0x000002334a117143 sp=0x000000702d1f6c50 mode 0
Event: 946.448 Thread 0x000002337a869040 Uncommon trap: trap_request=0xffffff45 fr.pc=0x000002334a83d3e4 relative=0x0000000000000064
Event: 946.448 Thread 0x000002337a869040 Uncommon trap: reason=unstable_if action=reinterpret pc=0x000002334a83d3e4 method=java.io.WinNTFileSystem.isSlash(C)Z @ 9 c2
Event: 946.448 Thread 0x000002337a869040 DEOPT PACKING pc=0x000002334a83d3e4 sp=0x000000702d1f7750
Event: 946.448 Thread 0x000002337a869040 DEOPT UNPACKING pc=0x000002334a1169a3 sp=0x000000702d1f76d8 mode 2
Event: 949.939 Thread 0x000002337a869040 Uncommon trap: trap_request=0xffffff45 fr.pc=0x000002334aa40b04 relative=0x00000000000001e4
Event: 949.939 Thread 0x000002337a869040 Uncommon trap: reason=unstable_if action=reinterpret pc=0x000002334aa40b04 method=java.util.concurrent.locks.AbstractQueuedSynchronizer$ConditionObject.unlinkCancelledWaiters(Ljava/util/concurrent/locks/AbstractQueuedSynchronizer$ConditionNode;)V @ 16 c2
Event: 949.939 Thread 0x000002337a869040 DEOPT PACKING pc=0x000002334aa40b04 sp=0x000000702d1f75e0
Event: 949.939 Thread 0x000002337a869040 DEOPT UNPACKING pc=0x000002334a1169a3 sp=0x000000702d1f7570 mode 2
Event: 2003.882 Thread 0x000002337a869040 Uncommon trap: trap_request=0xffffff45 fr.pc=0x000002334ac83fc4 relative=0x0000000000000124
Event: 2003.884 Thread 0x000002337a869040 Uncommon trap: reason=unstable_if action=reinterpret pc=0x000002334ac83fc4 method=org.gradle.internal.time.DefaultCountdownTimer.hasExpired()Z @ 6 c2
Event: 2003.885 Thread 0x000002337a869040 DEOPT PACKING pc=0x000002334ac83fc4 sp=0x000000702d1f7870
Event: 2003.888 Thread 0x000002337a869040 DEOPT UNPACKING pc=0x000002334a1169a3 sp=0x000000702d1f7838 mode 2
Event: 2003.889 Thread 0x000002337a869040 Uncommon trap: trap_request=0xffffff45 fr.pc=0x000002334ac69c2c relative=0x0000000000005d4c
Event: 2003.891 Thread 0x000002337a869040 Uncommon trap: reason=unstable_if action=reinterpret pc=0x000002334ac69c2c method=org.gradle.internal.io.ExponentialBackoff.retryUntil(Lorg/gradle/internal/io/IOQuery;)Ljava/lang/Object; @ 25 c2
Event: 2003.891 Thread 0x000002337a869040 DEOPT PACKING pc=0x000002334ac69c2c sp=0x000000702d1f78d0
Event: 2003.892 Thread 0x000002337a869040 DEOPT UNPACKING pc=0x000002334a1169a3 sp=0x000000702d1f7958 mode 2

Classes loaded (20 events):
Event: 881.723 Loading class java/lang/Byte$ByteCache
Event: 881.723 Loading class java/lang/Byte$ByteCache done
Event: 882.213 Loading class java/util/regex/Pattern$SliceI
Event: 882.213 Loading class java/util/regex/Pattern$SliceI done
Event: 893.245 Loading class jdk/internal/loader/URLClassPath$FileLoader
Event: 893.245 Loading class jdk/internal/loader/URLClassPath$FileLoader done
Event: 893.430 Loading class jdk/internal/loader/URLClassPath$FileLoader$1
Event: 893.430 Loading class jdk/internal/loader/URLClassPath$FileLoader$1 done
Event: 895.410 Loading class java/lang/AbstractMethodError
Event: 895.410 Loading class java/lang/AbstractMethodError done
Event: 895.618 Loading class java/time/temporal/WeekFields
Event: 895.619 Loading class java/time/temporal/WeekFields done
Event: 895.619 Loading class java/time/temporal/WeekFields$ComputedDayOfField
Event: 895.619 Loading class java/time/temporal/WeekFields$ComputedDayOfField done
Event: 895.625 Loading class java/time/Month$1
Event: 895.625 Loading class java/time/Month$1 done
Event: 895.650 Loading class java/nio/channels/Channels
Event: 895.650 Loading class java/nio/channels/Channels done
Event: 895.650 Loading class java/nio/channels/Channels$1
Event: 895.667 Loading class java/nio/channels/Channels$1 done

Classes unloaded (0 events):
No events

Classes redefined (0 events):
No events

Internal exceptions (20 events):
Event: 897.808 Thread 0x000002337a869040 Exception <a 'java/lang/ClassNotFoundException'{0x0000000085ef2980}: org/gradle/internal/metaobject/ConfigureDelegateBeanInfo> (0x0000000085ef2980) 
thrown [s\src\hotspot\share\classfile\systemDictionary.cpp, line 256]
Event: 897.809 Thread 0x000002337a869040 Exception <a 'java/lang/ClassNotFoundException'{0x0000000085d04148}: org/gradle/internal/metaobject/ConfigureDelegateCustomizer> (0x0000000085d04148) 
thrown [s\src\hotspot\share\classfile\systemDictionary.cpp, line 256]
Event: 897.866 Thread 0x000002337a869040 Exception <a 'java/lang/ClassNotFoundException'{0x0000000085d469a0}: org/gradle/api/internal/initialization/DefaultScriptHandlerBeanInfo> (0x0000000085d469a0) 
thrown [s\src\hotspot\share\classfile\systemDictionary.cpp, line 256]
Event: 897.867 Thread 0x000002337a869040 Exception <a 'java/lang/ClassNotFoundException'{0x0000000085d58300}: org/gradle/api/internal/initialization/DefaultScriptHandlerCustomizer> (0x0000000085d58300) 
thrown [s\src\hotspot\share\classfile\systemDictionary.cpp, line 256]
Event: 897.962 Thread 0x000002337a869040 Exception <a 'java/lang/ClassNotFoundException'{0x000000008596b898}: org/gradle/api/internal/artifacts/dsl/DefaultRepositoryHandler_DecoratedBeanInfo> (0x000000008596b898) 
thrown [s\src\hotspot\share\classfile\systemDictionary.cpp, line 256]
Event: 897.964 Thread 0x000002337a869040 Exception <a 'java/lang/ClassNotFoundException'{0x0000000085983d10}: org/gradle/api/internal/artifacts/dsl/DefaultRepositoryHandlerBeanInfo> (0x0000000085983d10) 
thrown [s\src\hotspot\share\classfile\systemDictionary.cpp, line 256]
Event: 897.971 Thread 0x000002337a869040 Exception <a 'java/lang/ClassNotFoundException'{0x000000008599c6e0}: org/gradle/api/internal/artifacts/DefaultArtifactRepositoryContainerBeanInfo> (0x000000008599c6e0) 
thrown [s\src\hotspot\share\classfile\systemDictionary.cpp, line 256]
Event: 897.972 Thread 0x000002337a869040 Exception <a 'java/lang/ClassNotFoundException'{0x00000000859b1298}: org/gradle/api/internal/DefaultNamedDomainObjectListBeanInfo> (0x00000000859b1298) 
thrown [s\src\hotspot\share\classfile\systemDictionary.cpp, line 256]
Event: 897.985 Thread 0x000002337a869040 Exception <a 'java/lang/ClassNotFoundException'{0x00000000859c62b8}: org/gradle/api/internal/DefaultNamedDomainObjectCollectionBeanInfo> (0x00000000859c62b8) 
thrown [s\src\hotspot\share\classfile\systemDictionary.cpp, line 256]
Event: 897.986 Thread 0x000002337a869040 Exception <a 'java/lang/ClassNotFoundException'{0x00000000859db118}: org/gradle/api/internal/DefaultDomainObjectCollectionBeanInfo> (0x00000000859db118) 
thrown [s\src\hotspot\share\classfile\systemDictionary.cpp, line 256]
Event: 897.987 Thread 0x000002337a869040 Exception <a 'java/lang/ClassNotFoundException'{0x00000000859f00b0}: org/gradle/api/internal/DefaultDomainObjectCollectionCustomizer> (0x00000000859f00b0) 
thrown [s\src\hotspot\share\classfile\systemDictionary.cpp, line 256]
Event: 898.004 Thread 0x000002337a869040 Exception <a 'java/lang/ClassNotFoundException'{0x000000008582d5a8}: org/gradle/api/internal/DefaultNamedDomainObjectCollectionCustomizer> (0x000000008582d5a8) 
thrown [s\src\hotspot\share\classfile\systemDictionary.cpp, line 256]
Event: 898.011 Thread 0x000002337a869040 Exception <a 'java/lang/ClassNotFoundException'{0x0000000085875060}: org/gradle/api/internal/DefaultNamedDomainObjectListCustomizer> (0x0000000085875060) 
thrown [s\src\hotspot\share\classfile\systemDictionary.cpp, line 256]
Event: 898.016 Thread 0x000002337a869040 Exception <a 'java/lang/ClassNotFoundException'{0x00000000858b9910}: org/gradle/api/internal/artifacts/DefaultArtifactRepositoryContainerCustomizer> (0x00000000858b9910) 
thrown [s\src\hotspot\share\classfile\systemDictionary.cpp, line 256]
Event: 898.025 Thread 0x000002337a869040 Exception <a 'java/lang/ClassNotFoundException'{0x00000000858f9fc0}: org/gradle/api/internal/artifacts/dsl/DefaultRepositoryHandlerCustomizer> (0x00000000858f9fc0) 
thrown [s\src\hotspot\share\classfile\systemDictionary.cpp, line 256]
Event: 898.035 Thread 0x000002337a869040 Exception <a 'java/lang/ClassNotFoundException'{0x0000000085748680}: org/gradle/api/internal/artifacts/dsl/DefaultRepositoryHandler_DecoratedCustomizer> (0x0000000085748680) 
thrown [s\src\hotspot\share\classfile\systemDictionary.cpp, line 256]
Event: 898.081 Thread 0x000002337a869040 Exception <a 'java/lang/ClassNotFoundException'{0x00000000857dbf88}: org/gradle/api/internal/artifacts/dsl/dependencies/DefaultDependencyHandler_DecoratedBeanInfo> (0x00000000857dbf88) 
thrown [s\src\hotspot\share\classfile\systemDictionary.cpp, line 256]
Event: 898.086 Thread 0x000002337a869040 Exception <a 'java/lang/ClassNotFoundException'{0x00000000857f3e50}: org/gradle/api/internal/artifacts/dsl/dependencies/DefaultDependencyHandlerBeanInfo> (0x00000000857f3e50) 
thrown [s\src\hotspot\share\classfile\systemDictionary.cpp, line 256]
Event: 898.087 Thread 0x000002337a869040 Exception <a 'java/lang/ClassNotFoundException'{0x000000008560c440}: org/gradle/api/internal/artifacts/dsl/dependencies/DefaultDependencyHandlerCustomizer> (0x000000008560c440) 
thrown [s\src\hotspot\share\classfile\systemDictionary.cpp, line 256]
Event: 898.095 Thread 0x000002337a869040 Exception <a 'java/lang/ClassNotFoundException'{0x0000000085656170}: org/gradle/api/internal/artifacts/dsl/dependencies/DefaultDependencyHandler_DecoratedCustomizer> (0x0000000085656170) 
thrown [s\src\hotspot\share\classfile\systemDictionary.cpp, line 256]

VM Operations (20 events):
Event: 8624.923 Executing VM operation: Cleanup done
Event: 8629.978 Executing VM operation: Cleanup
Event: 8630.119 Executing VM operation: Cleanup done
Event: 8633.131 Executing VM operation: Cleanup
Event: 8633.209 Executing VM operation: Cleanup done
Event: 8636.626 Executing VM operation: G1CollectForAllocation
Event: 8642.198 Executing VM operation: G1CollectForAllocation done
Event: 8645.225 Executing VM operation: Cleanup
Event: 8645.311 Executing VM operation: Cleanup done
Event: 8648.244 Executing VM operation: G1CollectForAllocation
Event: 8654.575 Executing VM operation: G1CollectForAllocation done
Event: 8655.781 Executing VM operation: G1CollectForAllocation
Event: 8661.231 Executing VM operation: G1CollectForAllocation done
Event: 8662.237 Executing VM operation: Cleanup
Event: 8662.268 Executing VM operation: Cleanup done
Event: 8663.963 Executing VM operation: G1CollectForAllocation
Event: 8673.372 Executing VM operation: G1CollectForAllocation done
Event: 8673.538 Executing VM operation: G1CollectForAllocation
Event: 8673.707 Executing VM operation: G1CollectForAllocation done
Event: 8674.228 Executing VM operation: G1CollectForAllocation

Memory protections (0 events):
No events

Nmethod flushes (20 events):
Event: 840.466 Thread 0x000002335a9173c0 flushing  nmethod 0x0000023343486310
Event: 840.466 Thread 0x000002335a9173c0 flushing  nmethod 0x0000023343486810
Event: 840.466 Thread 0x000002335a9173c0 flushing  nmethod 0x0000023343487990
Event: 840.466 Thread 0x000002335a9173c0 flushing  nmethod 0x0000023343488e10
Event: 840.466 Thread 0x000002335a9173c0 flushing  nmethod 0x00000233434a0d10
Event: 840.466 Thread 0x000002335a9173c0 flushing  nmethod 0x00000233434d8390
Event: 840.466 Thread 0x000002335a9173c0 flushing  nmethod 0x00000233434ef890
Event: 840.466 Thread 0x000002335a9173c0 flushing  nmethod 0x0000023343534990
Event: 840.466 Thread 0x000002335a9173c0 flushing  nmethod 0x000002334356c210
Event: 840.466 Thread 0x000002335a9173c0 flushing  nmethod 0x0000023343573e90
Event: 840.466 Thread 0x000002335a9173c0 flushing  nmethod 0x00000233435a0a90
Event: 840.466 Thread 0x000002335a9173c0 flushing  nmethod 0x00000233435a5010
Event: 840.466 Thread 0x000002335a9173c0 flushing  nmethod 0x00000233435dbf10
Event: 840.466 Thread 0x000002335a9173c0 flushing  nmethod 0x00000233435dc290
Event: 840.466 Thread 0x000002335a9173c0 flushing  nmethod 0x0000023343601a10
Event: 840.466 Thread 0x000002335a9173c0 flushing  nmethod 0x0000023343620510
Event: 840.466 Thread 0x000002335a9173c0 flushing  nmethod 0x000002334363c510
Event: 840.466 Thread 0x000002335a9173c0 flushing  nmethod 0x0000023343666c10
Event: 894.642 Thread 0x000002335a9173c0 flushing  nmethod 0x000002334a8e2a10
Event: 894.656 Thread 0x000002335a9173c0 flushing  nmethod 0x0000023342cf8d90

Events (20 events):
Event: 1008.735 Thread 0x000002337c5f6020 Thread exited: 0x000002337c5f6020
Event: 1081.616 Thread 0x000002335a4dc9d0 Thread added: 0x000002337c5f5580
Event: 1081.618 Thread 0x000002335a4dc9d0 Thread added: 0x000002337c5f35a0
Event: 1084.354 Thread 0x000002337c5f35a0 Thread exited: 0x000002337c5f35a0
Event: 1084.354 Thread 0x000002337c5f5580 Thread exited: 0x000002337c5f5580
Event: 1090.612 Thread 0x000002335a4dc9d0 Thread added: 0x000002337c5f5580
Event: 1096.741 Thread 0x000002337c5f5580 Thread exited: 0x000002337c5f5580
Event: 1177.066 Thread 0x000002335a4dc9d0 Thread added: 0x000002337c5f5580
Event: 1178.789 Thread 0x000002337c5f5580 Thread exited: 0x000002337c5f5580
Event: 1226.443 Thread 0x000002335a4dc9d0 Thread added: 0x000002337c5f4ae0
Event: 1231.495 Thread 0x000002337c5f4ae0 Thread exited: 0x000002337c5f4ae0
Event: 1431.742 Thread 0x000002335a4dc9d0 Thread added: 0x000002337c5f35a0
Event: 1433.797 Thread 0x000002337c5f35a0 Thread exited: 0x000002337c5f35a0
Event: 1433.808 Thread 0x000002335a4dc9d0 Thread added: 0x000002337c5f35a0
Event: 1433.809 Thread 0x000002335a4dc9d0 Thread added: 0x000002337c5f5580
Event: 1433.809 Thread 0x000002335a4dc9d0 Thread added: 0x000002337c5f5ad0
Event: 1436.239 Thread 0x000002337c5f5ad0 Thread exited: 0x000002337c5f5ad0
Event: 1436.693 Thread 0x000002337c5f5580 Thread exited: 0x000002337c5f5580
Event: 1440.808 Thread 0x000002337c5f35a0 Thread exited: 0x000002337c5f35a0
Event: 8662.184 Thread 0x000002337b7597f0 Thread exited: 0x000002337b7597f0


Dynamic libraries:
0x00007ff687c40000 - 0x00007ff687c4e000 	C:\Program Files\Eclipse Adoptium\jdk-17.0.15.6-hotspot\bin\java.exe
0x00007fffc3680000 - 0x00007fffc38e6000 	C:\WINDOWS\SYSTEM32\ntdll.dll
0x00007fffc2160000 - 0x00007fffc2229000 	C:\WINDOWS\System32\KERNEL32.DLL
0x00007fffc0ae0000 - 0x00007fffc0eac000 	C:\WINDOWS\System32\KERNELBASE.dll
0x0000000070320000 - 0x00000000703bd000 	C:\ProgramData\Symantec\Symantec Endpoint Protection\14.3.9205.6000.105\Data\Sysfer\x64\sysfer.dll
0x00007fff9be20000 - 0x00007fff9be37000 	C:\Program Files\Eclipse Adoptium\jdk-17.0.15.6-hotspot\bin\jli.dll
0x00007fff99aa0000 - 0x00007fff99abe000 	C:\Program Files\Eclipse Adoptium\jdk-17.0.15.6-hotspot\bin\VCRUNTIME140.dll
0x00007fffa61a0000 - 0x00007fffa643a000 	C:\WINDOWS\WinSxS\amd64_microsoft.windows.common-controls_6595b64144ccf1df_6.0.26100.3912_none_3e07963ce335137e\COMCTL32.dll
0x00007fffc3590000 - 0x00007fffc3639000 	C:\WINDOWS\System32\msvcrt.dll
0x00007fffc1730000 - 0x00007fffc175b000 	C:\WINDOWS\System32\GDI32.dll
0x00007fffc0810000 - 0x00007fffc095b000 	C:\WINDOWS\System32\ucrtbase.dll
0x00007fffc14c0000 - 0x00007fffc168a000 	C:\WINDOWS\System32\USER32.dll
0x00007fffc1360000 - 0x00007fffc1387000 	C:\WINDOWS\System32\win32u.dll
0x00007fffc0f70000 - 0x00007fffc10a2000 	C:\WINDOWS\System32\gdi32full.dll
0x00007fffc1390000 - 0x00007fffc1433000 	C:\WINDOWS\System32\msvcp_win.dll
0x00007fffc2850000 - 0x00007fffc2880000 	C:\WINDOWS\System32\IMM32.DLL
0x00007fffa4250000 - 0x00007fffa425c000 	C:\Program Files\Eclipse Adoptium\jdk-17.0.15.6-hotspot\bin\vcruntime140_1.dll
0x00007fff7c670000 - 0x00007fff7c6fd000 	C:\Program Files\Eclipse Adoptium\jdk-17.0.15.6-hotspot\bin\msvcp140.dll
0x00007fff3e940000 - 0x00007fff3f5ab000 	C:\Program Files\Eclipse Adoptium\jdk-17.0.15.6-hotspot\bin\server\jvm.dll
0x00007fffc2e40000 - 0x00007fffc2ef2000 	C:\WINDOWS\System32\ADVAPI32.dll
0x00007fffc1760000 - 0x00007fffc1806000 	C:\WINDOWS\System32\sechost.dll
0x00007fffc2040000 - 0x00007fffc2156000 	C:\WINDOWS\System32\RPCRT4.dll
0x00007fffc3500000 - 0x00007fffc3574000 	C:\WINDOWS\System32\WS2_32.dll
0x00007fffc0680000 - 0x00007fffc06de000 	C:\WINDOWS\SYSTEM32\POWRPROF.dll
0x00007fffb52a0000 - 0x00007fffb52d6000 	C:\WINDOWS\SYSTEM32\WINMM.dll
0x00007fffa9820000 - 0x00007fffa982b000 	C:\WINDOWS\SYSTEM32\VERSION.dll
0x00007fffc0660000 - 0x00007fffc0674000 	C:\WINDOWS\SYSTEM32\UMPDC.dll
0x00007fffbf5d0000 - 0x00007fffbf5ea000 	C:\WINDOWS\SYSTEM32\kernel.appcore.dll
0x00007fffa41b0000 - 0x00007fffa41ba000 	C:\Program Files\Eclipse Adoptium\jdk-17.0.15.6-hotspot\bin\jimage.dll
0x00007fffbe100000 - 0x00007fffbe341000 	C:\WINDOWS\SYSTEM32\DBGHELP.DLL
0x00007fffc3000000 - 0x00007fffc3384000 	C:\WINDOWS\System32\combase.dll
0x00007fffc2b40000 - 0x00007fffc2c20000 	C:\WINDOWS\System32\OLEAUT32.dll
0x00007fff95100000 - 0x00007fff95139000 	C:\WINDOWS\SYSTEM32\dbgcore.DLL
0x00007fffc12c0000 - 0x00007fffc1359000 	C:\WINDOWS\System32\bcryptPrimitives.dll
0x00007fff988b0000 - 0x00007fff988d5000 	C:\Program Files\Eclipse Adoptium\jdk-17.0.15.6-hotspot\bin\java.dll
0x00007fff7c590000 - 0x00007fff7c667000 	C:\Program Files\Eclipse Adoptium\jdk-17.0.15.6-hotspot\bin\jsvml.dll
0x00007fffc1890000 - 0x00007fffc1fbd000 	C:\WINDOWS\System32\SHELL32.dll
0x00007fffc0960000 - 0x00007fffc0ad4000 	C:\WINDOWS\System32\wintypes.dll
0x00007fffbe450000 - 0x00007fffbeca6000 	C:\WINDOWS\SYSTEM32\windows.storage.dll
0x00007fffc2f00000 - 0x00007fffc2fef000 	C:\WINDOWS\System32\SHCORE.dll
0x00007fffc1820000 - 0x00007fffc1889000 	C:\WINDOWS\System32\shlwapi.dll
0x00007fffc0720000 - 0x00007fffc074f000 	C:\WINDOWS\SYSTEM32\profapi.dll
0x00007fff99a10000 - 0x00007fff99a29000 	C:\Program Files\Eclipse Adoptium\jdk-17.0.15.6-hotspot\bin\net.dll
0x00007fffaf2b0000 - 0x00007fffaf3ce000 	C:\WINDOWS\SYSTEM32\WINHTTP.dll
0x00007fffbfb40000 - 0x00007fffbfbaa000 	C:\WINDOWS\system32\mswsock.dll
0x00007fff98f80000 - 0x00007fff98f96000 	C:\Program Files\Eclipse Adoptium\jdk-17.0.15.6-hotspot\bin\nio.dll
0x00007fff98520000 - 0x00007fff98538000 	C:\Program Files\Eclipse Adoptium\jdk-17.0.15.6-hotspot\bin\zip.dll
0x00007fffa4150000 - 0x00007fffa4160000 	C:\Program Files\Eclipse Adoptium\jdk-17.0.15.6-hotspot\bin\verify.dll
0x00007fff98930000 - 0x00007fff98957000 	C:\Users\karth\.gradle\native\68d5fa5c4cc2d200863cafc0d521ce42e7d3e7ee720ec0a83991735586a16f82\windows-amd64\native-platform.dll
0x00007fff7c440000 - 0x00007fff7c584000 	C:\Users\karth\.gradle\native\e376f236ea51e6404a007f0833ffe2c6e607c4080706a723a18a27aeea778392\windows-amd64\native-platform-file-events.dll
0x00007fffa0910000 - 0x00007fffa091a000 	C:\Program Files\Eclipse Adoptium\jdk-17.0.15.6-hotspot\bin\management.dll
0x00007fffa0830000 - 0x00007fffa083b000 	C:\Program Files\Eclipse Adoptium\jdk-17.0.15.6-hotspot\bin\management_ext.dll
0x00007fffc3580000 - 0x00007fffc3588000 	C:\WINDOWS\System32\PSAPI.DLL
0x00007fffbfde0000 - 0x00007fffbfdfc000 	C:\WINDOWS\SYSTEM32\CRYPTSP.dll
0x00007fffbf530000 - 0x00007fffbf56a000 	C:\WINDOWS\system32\rsaenh.dll
0x00007fffbfbe0000 - 0x00007fffbfc0b000 	C:\WINDOWS\SYSTEM32\USERENV.dll
0x00007fffc06f0000 - 0x00007fffc0716000 	C:\WINDOWS\SYSTEM32\bcrypt.dll
0x00007fffbfe00000 - 0x00007fffbfe0c000 	C:\WINDOWS\SYSTEM32\CRYPTBASE.dll
0x00007fffbf070000 - 0x00007fffbf0a3000 	C:\WINDOWS\SYSTEM32\IPHLPAPI.DLL
0x00007fffc2740000 - 0x00007fffc274a000 	C:\WINDOWS\System32\NSI.dll
0x00007fffb72a0000 - 0x00007fffb72bf000 	C:\WINDOWS\SYSTEM32\dhcpcsvc6.DLL
0x00007fffb7030000 - 0x00007fffb7055000 	C:\WINDOWS\SYSTEM32\dhcpcsvc.DLL
0x00007fffbf140000 - 0x00007fffbf267000 	C:\WINDOWS\SYSTEM32\DNSAPI.dll
0x00007fff9c160000 - 0x00007fff9c169000 	C:\Program Files\Eclipse Adoptium\jdk-17.0.15.6-hotspot\bin\extnet.dll
0x00007fff9bf40000 - 0x00007fff9bf4e000 	C:\Program Files\Eclipse Adoptium\jdk-17.0.15.6-hotspot\bin\sunmscapi.dll
0x00007fffc10b0000 - 0x00007fffc1227000 	C:\WINDOWS\System32\CRYPT32.dll
0x00007fffbfff0000 - 0x00007fffc0020000 	C:\WINDOWS\SYSTEM32\ncrypt.dll
0x00007fffbffa0000 - 0x00007fffbffdf000 	C:\WINDOWS\SYSTEM32\NTASN1.dll
0x00007fffa3df0000 - 0x00007fffa3df8000 	C:\WINDOWS\system32\wshunix.dll

dbghelp: loaded successfully - version: 4.0.5 - missing functions: none
symbol engine: initialized successfully - sym options: 0x614 - pdb path: .;C:\Program Files\Eclipse Adoptium\jdk-17.0.15.6-hotspot\bin;C:\WINDOWS\SYSTEM32;C:\ProgramData\Symantec\Symantec Endpoint Protection\14.3.9205.6000.105\Data\Sysfer\x64;C:\WINDOWS\WinSxS\amd64_microsoft.windows.common-controls_6595b64144ccf1df_6.0.26100.3912_none_3e07963ce335137e;C:\Program Files\Eclipse Adoptium\jdk-17.0.15.6-hotspot\bin\server;C:\Users\karth\.gradle\native\68d5fa5c4cc2d200863cafc0d521ce42e7d3e7ee720ec0a83991735586a16f82\windows-amd64;C:\Users\karth\.gradle\native\e376f236ea51e6404a007f0833ffe2c6e607c4080706a723a18a27aeea778392\windows-amd64

VM Arguments:
jvm_args: -XX:MaxMetaspaceSize=512m --add-opens=java.base/java.util=ALL-UNNAMED --add-opens=java.base/java.lang=ALL-UNNAMED --add-opens=java.base/java.lang.invoke=ALL-UNNAMED --add-opens=java.prefs/java.util.prefs=ALL-UNNAMED --add-opens=java.base/java.nio.charset=ALL-UNNAMED --add-opens=java.base/java.net=ALL-UNNAMED --add-opens=java.base/java.util.concurrent.atomic=ALL-UNNAMED -Xmx2048m -Dfile.encoding=UTF-8 -Duser.country=CA -Duser.language=en -Duser.variant 
java_command: org.gradle.launcher.daemon.bootstrap.GradleDaemon 8.0.1
java_class_path (initial): C:\Users\karth\.gradle\wrapper\dists\gradle-8.0.1-all\aro4hu1c3oeioove7l0i4i14o\gradle-8.0.1\lib\gradle-launcher-8.0.1.jar
Launcher Type: SUN_STANDARD

[Global flags]
     intx CICompilerCount                          = 12                                        {product} {ergonomic}
   size_t CompressedClassSpaceSize                 = 436207616                                 {product} {ergonomic}
     uint ConcGCThreads                            = 3                                         {product} {ergonomic}
     uint G1ConcRefinementThreads                  = 13                                        {product} {ergonomic}
   size_t G1HeapRegionSize                         = 1048576                                   {product} {ergonomic}
    uintx GCDrainStackTargetSize                   = 64                                        {product} {ergonomic}
   size_t InitialHeapSize                          = 264241152                                 {product} {ergonomic}
   size_t MarkStackSize                            = 4194304                                   {product} {ergonomic}
   size_t MaxHeapSize                              = 2147483648                                {product} {command line}
   size_t MaxMetaspaceSize                         = 536870912                                 {product} {command line}
   size_t MaxNewSize                               = 1287651328                                {product} {ergonomic}
   size_t MinHeapDeltaBytes                        = 1048576                                   {product} {ergonomic}
   size_t MinHeapSize                              = 8388608                                   {product} {ergonomic}
    uintx NonNMethodCodeHeapSize                   = 7602480                                {pd product} {ergonomic}
    uintx NonProfiledCodeHeapSize                  = 122027880                              {pd product} {ergonomic}
    uintx ProfiledCodeHeapSize                     = 122027880                              {pd product} {ergonomic}
    uintx ReservedCodeCacheSize                    = 251658240                              {pd product} {ergonomic}
     bool SegmentedCodeCache                       = true                                      {product} {ergonomic}
   size_t SoftMaxHeapSize                          = 2147483648                             {manageable} {ergonomic}
     bool UseCompressedClassPointers               = true                           {product lp64_product} {ergonomic}
     bool UseCompressedOops                        = true                           {product lp64_product} {ergonomic}
     bool UseG1GC                                  = true                                      {product} {ergonomic}
     bool UseLargePagesIndividualAllocation        = false                                  {pd product} {ergonomic}

Logging:
Log output configuration:
 #0: stdout all=warning uptime,level,tags
 #1: stderr all=off uptime,level,tags

Environment Variables:
JAVA_HOME=C:\Program Files\Java\jdk-23
CLASSPATH=C:\Users\karth\CascadeProjects\MobileAppAndroid\android\\gradle\wrapper\gradle-wrapper.jar
PATH=C:\Users\karth\CascadeProjects\MobileAppAndroid\node_modules\.bin;C:\Users\karth\CascadeProjects\MobileAppAndroid\node_modules\.bin;C:\Users\karth\CascadeProjects\node_modules\.bin;C:\Users\karth\node_modules\.bin;C:\Users\node_modules\.bin;C:\node_modules\.bin;C:\Program Files\nodejs\node_modules\npm\node_modules\@npmcli\run-script\lib\node-gyp-bin;C:\Users\karth\CascadeProjects\MobileAppAndroid\node_modules\.bin;C:\Users\karth\CascadeProjects\MobileAppAndroid\node_modules\.bin;C:\Users\karth\CascadeProjects\node_modules\.bin;C:\Users\karth\node_modules\.bin;C:\Users\node_modules\.bin;C:\node_modules\.bin;C:\Program Files\nodejs\node_modules\npm\node_modules\@npmcli\run-script\lib\node-gyp-bin;C:\Program Files\Eclipse Adoptium\jdk-17.0.15.6-hotspot\bin;C:\Program Files\Common Files\Oracle\Java\javapath;C:\WINDOWS\system32;C:\WINDOWS;C:\WINDOWS\System32\Wbem;C:\WINDOWS\System32\WindowsPowerShell\v1.0\;C:\WINDOWS\System32\OpenSSH\;C:\Program Files\nodejs\;C:\Program Files (x86)\nikto\program;C:\Program Files (x86)\curl;D:\GoWorkspace\bin;C:\Program Files\Go\bin;C:\Program Files\Git\cmd;C:\Users\karth\AppData\Local\Android\Sdk;C:\Users\karth\AppData\Local\Android\Sdk\platform-tools;C:\Program Files\Eclipse Adoptium\jdk-17.0.15.6-hotspot\bin;C:\Program Files\Common Files\Oracle\Java\javapath;C:\WINDOWS\system32;C:\WINDOWS;C:\WINDOWS\System32\Wbem;C:\WINDOWS\System32\WindowsPowerShell\v1.0\;C:\WINDOWS\System32\OpenSSH\;C:\Program Files\nodejs\;C:\Program Files\Git\cmd;C:\Users\karth\AppData\Local\Microsoft\WindowsApps;C:\Users\karth\AppData\Local\Programs\Microsoft VS Code\bin;C:\Users\karth\AppData\Roaming\npm;C:\Users\karth\go\bin;C:\Users\karth\AppData\Local\Programs\Windsurf\bin
USERNAME=karth
OS=Windows_NT
PROCESSOR_IDENTIFIER=Intel64 Family 6 Model 154 Stepping 3, GenuineIntel
TMP=C:\Users\karth\AppData\Local\Temp
TEMP=C:\Users\karth\AppData\Local\Temp



Periodic native trim disabled


---------------  S Y S T E M  ---------------

OS:
 Windows 11 , 64 bit Build 26100 (10.0.26100.3912)
OS uptime: 10 days 15:58 hours
Hyper-V role detected

CPU: total 16 (initial active 16) (8 cores per cpu, 2 threads per core) family 6 model 154 stepping 3 microcode 0x416, cx8, cmov, fxsr, ht, mmx, 3dnowpref, sse, sse2, sse3, ssse3, sse4.1, sse4.2, popcnt, lzcnt, tsc, tscinvbit, avx, avx2, aes, erms, clmul, bmi1, bmi2, adx, sha, fma, vzeroupper, clflush, clflushopt, clwb, hv
Processor Information for processor 0
  Max Mhz: 2100, Current Mhz: 2100, Mhz Limit: 2100
Processor Information for processor 1
  Max Mhz: 2100, Current Mhz: 2100, Mhz Limit: 2100
Processor Information for processor 2
  Max Mhz: 2100, Current Mhz: 2100, Mhz Limit: 2100
Processor Information for processor 3
  Max Mhz: 2100, Current Mhz: 2100, Mhz Limit: 2100
Processor Information for processor 4
  Max Mhz: 2100, Current Mhz: 2100, Mhz Limit: 2100
Processor Information for processor 5
  Max Mhz: 2100, Current Mhz: 2100, Mhz Limit: 2100
Processor Information for processor 6
  Max Mhz: 2100, Current Mhz: 2100, Mhz Limit: 2100
Processor Information for processor 7
  Max Mhz: 2100, Current Mhz: 2100, Mhz Limit: 2100
Processor Information for processor 8
  Max Mhz: 2100, Current Mhz: 1500, Mhz Limit: 1491
Processor Information for processor 9
  Max Mhz: 2100, Current Mhz: 1500, Mhz Limit: 1491
Processor Information for processor 10
  Max Mhz: 2100, Current Mhz: 1500, Mhz Limit: 1491
Processor Information for processor 11
  Max Mhz: 2100, Current Mhz: 1500, Mhz Limit: 1491
Processor Information for processor 12
  Max Mhz: 2100, Current Mhz: 1500, Mhz Limit: 1491
Processor Information for processor 13
  Max Mhz: 2100, Current Mhz: 1500, Mhz Limit: 1491
Processor Information for processor 14
  Max Mhz: 2100, Current Mhz: 1500, Mhz Limit: 1491
Processor Information for processor 15
  Max Mhz: 2100, Current Mhz: 1500, Mhz Limit: 1491

Memory: 4k page, system-wide physical 16088M (1M free)
TotalPageFile size 64210M (AvailPageFile size 8M)
current process WorkingSet (physical memory assigned to process): 15M, peak: 272M
current process commit charge ("private bytes"): 361M, peak: 493M

vm_info: OpenJDK 64-Bit Server VM (17.0.15+6) for windows-amd64 JRE (17.0.15+6), built on Apr 15 2025 21:25:47 by "admin" with MS VC++ 17.7 (VS2022)

END.
