#
# There is insufficient memory for the Java Runtime Environment to continue.
# Native memory allocation (malloc) failed to allocate 1951056 bytes. Error detail: Chunk::new
# Possible reasons:
#   The system is out of physical RAM or swap space
#   This process is running with CompressedOops enabled, and the Java Heap may be blocking the growth of the native heap
# Possible solutions:
#   Reduce memory load on the system
#   Increase physical memory or swap space
#   Check if swap backing store is full
#   Decrease Java heap size (-Xmx/-Xms)
#   Decrease number of Java threads
#   Decrease Java thread stack sizes (-Xss)
#   Set larger code cache with -XX:ReservedCodeCacheSize=
#   JVM is running with Unscaled Compressed Oops mode in which the Java heap is
#     placed in the first 4GB address space. The Java Heap base address is the
#     maximum limit for the native heap growth. Please use -XX:HeapBaseMinAddress
#     to set the Java Heap base and to place the Java Heap above 4GB virtual address.
# This output file may be truncated or incomplete.
#
#  Out of Memory Error (arena.cpp:191), pid=62724, tid=24872
#
# JRE version: OpenJDK Runtime Environment Temurin-17.0.15+6 (17.0.15+6) (build 17.0.15+6)
# Java VM: OpenJDK 64-Bit Server VM Temurin-17.0.15+6 (17.0.15+6, mixed mode, sharing, tiered, compressed oops, compressed class ptrs, g1 gc, windows-amd64)
# No core dump will be written. Minidumps are not enabled by default on client versions of Windows
#

---------------  S U M M A R Y ------------

Command Line: -XX:MaxMetaspaceSize=512m --add-opens=java.base/java.util=ALL-UNNAMED --add-opens=java.base/java.lang=ALL-UNNAMED --add-opens=java.base/java.lang.invoke=ALL-UNNAMED --add-opens=java.prefs/java.util.prefs=ALL-UNNAMED --add-opens=java.base/java.nio.charset=ALL-UNNAMED --add-opens=java.base/java.net=ALL-UNNAMED --add-opens=java.base/java.util.concurrent.atomic=ALL-UNNAMED -Xmx2048m -Dfile.encoding=UTF-8 -Duser.country=CA -Duser.language=en -Duser.variant org.gradle.launcher.daemon.bootstrap.GradleDaemon 8.0.1

Host: 12th Gen Intel(R) Core(TM) i7-1260P, 16 cores, 15G,  Windows 11 , 64 bit Build 26100 (10.0.26100.3912)
Time: Sun May 25 23:47:46 2025 Eastern Daylight Time elapsed time: 54.443283 seconds (0d 0h 0m 54s)

---------------  T H R E A D  ---------------

Current thread (0x00000214e0623c10):  JavaThread "C2 CompilerThread0" daemon [_thread_in_native, id=24872, stack(0x000000d5b1200000,0x000000d5b1300000)]


Current CompileTask:
C2:  54443 2270       4       jdk.internal.org.objectweb.asm.Frame::execute (2305 bytes)

Stack: [0x000000d5b1200000,0x000000d5b1300000]
Native frames: (J=compiled Java code, j=interpreted, Vv=VM code, C=native code)
V  [jvm.dll+0x682fc9]
V  [jvm.dll+0x839878]
V  [jvm.dll+0x83b323]
V  [jvm.dll+0x83b993]
V  [jvm.dll+0x24725f]
V  [jvm.dll+0xacea4]
V  [jvm.dll+0xad53c]
V  [jvm.dll+0x365c1f]
V  [jvm.dll+0x32fe58]
V  [jvm.dll+0x32f2da]
V  [jvm.dll+0x21824f]
V  [jvm.dll+0x21768f]
V  [jvm.dll+0x1a31b0]
V  [jvm.dll+0x227a9c]
V  [jvm.dll+0x225bfb]
V  [jvm.dll+0x7ef018]
V  [jvm.dll+0x7e94dc]
V  [jvm.dll+0x681ea7]
C  [ucrtbase.dll+0x37b0]
C  [KERNEL32.DLL+0x2e8d7]
C  [ntdll.dll+0x9c5dc]


---------------  P R O C E S S  ---------------

Threads class SMR info:
_java_thread_list=0x0000021481daca10, length=22, elements={
0x00000214c160eac0, 0x00000214e060aad0, 0x00000214e060c010, 0x00000214e061d180,
0x00000214e061fb60, 0x00000214e0620630, 0x00000214e0623010, 0x00000214e0623c10,
0x00000214e0627c10, 0x00000214e065bc20, 0x00000214e0760ef0, 0x00000214e0771810,
0x00000214822989d0, 0x0000021480ac7f90, 0x0000021481185830, 0x00000214809fd430,
0x000002148176dca0, 0x00000214801b7a90, 0x00000214801b7f70, 0x000002148030cdb0,
0x000002148030af50, 0x000002148030be80
}

Java Threads: ( => current thread )
  0x00000214c160eac0 JavaThread "main" [_thread_blocked, id=30396, stack(0x000000d5b0500000,0x000000d5b0600000)]
  0x00000214e060aad0 JavaThread "Reference Handler" daemon [_thread_blocked, id=65108, stack(0x000000d5b0c00000,0x000000d5b0d00000)]
  0x00000214e060c010 JavaThread "Finalizer" daemon [_thread_blocked, id=18472, stack(0x000000d5b0d00000,0x000000d5b0e00000)]
  0x00000214e061d180 JavaThread "Signal Dispatcher" daemon [_thread_blocked, id=30276, stack(0x000000d5b0e00000,0x000000d5b0f00000)]
  0x00000214e061fb60 JavaThread "Attach Listener" daemon [_thread_blocked, id=51560, stack(0x000000d5b0f00000,0x000000d5b1000000)]
  0x00000214e0620630 JavaThread "Service Thread" daemon [_thread_blocked, id=63764, stack(0x000000d5b1000000,0x000000d5b1100000)]
  0x00000214e0623010 JavaThread "Monitor Deflation Thread" daemon [_thread_blocked, id=22932, stack(0x000000d5b1100000,0x000000d5b1200000)]
=>0x00000214e0623c10 JavaThread "C2 CompilerThread0" daemon [_thread_in_native, id=24872, stack(0x000000d5b1200000,0x000000d5b1300000)]
  0x00000214e0627c10 JavaThread "C1 CompilerThread0" daemon [_thread_blocked, id=24884, stack(0x000000d5b1300000,0x000000d5b1400000)]
  0x00000214e065bc20 JavaThread "Sweeper thread" daemon [_thread_blocked, id=41444, stack(0x000000d5b1400000,0x000000d5b1500000)]
  0x00000214e0760ef0 JavaThread "Common-Cleaner" daemon [_thread_blocked, id=63760, stack(0x000000d5b1500000,0x000000d5b1600000)]
  0x00000214e0771810 JavaThread "Notification Thread" daemon [_thread_blocked, id=63744, stack(0x000000d5b1600000,0x000000d5b1700000)]
  0x00000214822989d0 JavaThread "Daemon health stats" [_thread_blocked, id=23964, stack(0x000000d5b1a00000,0x000000d5b1b00000)]
  0x0000021480ac7f90 JavaThread "Incoming local TCP Connector on port 33412" [_thread_in_native, id=64960, stack(0x000000d5b1800000,0x000000d5b1900000)]
  0x0000021481185830 JavaThread "Daemon periodic checks" [_thread_blocked, id=26348, stack(0x000000d5b1900000,0x000000d5b1a00000)]
  0x00000214809fd430 JavaThread "Daemon" [_thread_blocked, id=54616, stack(0x000000d5b0300000,0x000000d5b0400000)]
  0x000002148176dca0 JavaThread "Handler for socket connection from /127.0.0.1:33412 to /127.0.0.1:33432" [_thread_in_native, id=45904, stack(0x000000d5b0400000,0x000000d5b0500000)]
  0x00000214801b7a90 JavaThread "Cancel handler" [_thread_blocked, id=61916, stack(0x000000d5b2000000,0x000000d5b2100000)]
  0x00000214801b7f70 JavaThread "Daemon worker" [_thread_in_Java, id=7404, stack(0x000000d5b2100000,0x000000d5b2200000)]
  0x000002148030cdb0 JavaThread "Asynchronous log dispatcher for DefaultDaemonConnection: socket connection from /127.0.0.1:33412 to /127.0.0.1:33432" [_thread_blocked, id=67448, stack(0x000000d5b2200000,0x000000d5b2300000)]
  0x000002148030af50 JavaThread "Stdin handler" [_thread_blocked, id=64204, stack(0x000000d5b2300000,0x000000d5b2400000)]
  0x000002148030be80 JavaThread "Daemon client event forwarder" [_thread_blocked, id=60764, stack(0x000000d5b2400000,0x000000d5b2500000)]

Other Threads:
  0x00000214e0606010 VMThread "VM Thread" [stack: 0x000000d5b0b00000,0x000000d5b0c00000] [id=47720]
  0x00000214e075cbc0 WatcherThread [stack: 0x000000d5b1700000,0x000000d5b1800000] [id=20920]
  0x00000214c166e4a0 GCTaskThread "GC Thread#0" [stack: 0x000000d5b0600000,0x000000d5b0700000] [id=63484]
  0x00000214808eb4b0 GCTaskThread "GC Thread#1" [stack: 0x000000d5b1b00000,0x000000d5b1c00000] [id=17820]
  0x00000214808abb00 GCTaskThread "GC Thread#2" [stack: 0x000000d5b1c00000,0x000000d5b1d00000] [id=35496]
  0x00000214808abdc0 GCTaskThread "GC Thread#3" [stack: 0x000000d5b1d00000,0x000000d5b1e00000] [id=37172]
  0x00000214808ac080 GCTaskThread "GC Thread#4" [stack: 0x000000d5b1e00000,0x000000d5b1f00000] [id=21508]
  0x00000214808eb770 GCTaskThread "GC Thread#5" [stack: 0x000000d5b1f00000,0x000000d5b2000000] [id=16604]
  0x00000214c167f300 ConcurrentGCThread "G1 Main Marker" [stack: 0x000000d5b0700000,0x000000d5b0800000] [id=24936]
  0x00000214c167fc30 ConcurrentGCThread "G1 Conc#0" [stack: 0x000000d5b0800000,0x000000d5b0900000] [id=62468]
  0x00000214c16ae930 ConcurrentGCThread "G1 Refine#0" [stack: 0x000000d5b0900000,0x000000d5b0a00000] [id=44880]
  0x00000214e024f340 ConcurrentGCThread "G1 Service" [stack: 0x000000d5b0a00000,0x000000d5b0b00000] [id=43868]

Threads with active compile tasks:
C2 CompilerThread0    56947 2270       4       jdk.internal.org.objectweb.asm.Frame::execute (2305 bytes)

VM state: not at safepoint (normal execution)

VM Mutex/Monitor currently owned by a thread: None

Heap address: 0x0000000080000000, size: 2048 MB, Compressed Oops mode: 32-bit

CDS archive(s) mapped at: [0x00000214e1000000-0x00000214e1bb0000-0x00000214e1bb0000), size 12255232, SharedBaseAddress: 0x00000214e1000000, ArchiveRelocationMode: 1.
Compressed class space mapped at: 0x00000214e2000000-0x00000214fc000000, reserved size: 436207616
Narrow klass base: 0x00000214e1000000, Narrow klass shift: 0, Narrow klass range: 0x100000000

GC Precious Log:
 CPUs: 16 total, 16 available
 Memory: 16088M
 Large Page Support: Disabled
 NUMA Support: Disabled
 Compressed Oops: Enabled (32-bit)
 Heap Region Size: 1M
 Heap Min Capacity: 8M
 Heap Initial Capacity: 252M
 Heap Max Capacity: 2G
 Pre-touch: Disabled
 Parallel Workers: 13
 Concurrent Workers: 3
 Concurrent Refinement Workers: 13
 Periodic GC: Disabled

Heap:
 garbage-first heap   total 258048K, used 54428K [0x0000000080000000, 0x0000000100000000)
  region size 1024K, 45 young (46080K), 4 survivors (4096K)
 Metaspace       used 12161K, committed 12416K, reserved 491520K
  class space    used 1675K, committed 1792K, reserved 425984K

Heap Regions: E=young(eden), S=young(survivor), O=old, HS=humongous(starts), HC=humongous(continues), CS=collection set, F=free, OA=open archive, CA=closed archive, TAMS=top-at-mark-start (previous, next)
|   0|0x0000000080000000, 0x0000000080100000, 0x0000000080100000|100%|HS|  |TAMS 0x0000000080000000, 0x0000000080000000| Complete 
|   1|0x0000000080100000, 0x0000000080200000, 0x0000000080200000|100%|HC|  |TAMS 0x0000000080100000, 0x0000000080100000| Complete 
|   2|0x0000000080200000, 0x0000000080300000, 0x0000000080300000|100%|HC|  |TAMS 0x0000000080200000, 0x0000000080200000| Complete 
|   3|0x0000000080300000, 0x0000000080400000, 0x0000000080400000|100%|HC|  |TAMS 0x0000000080300000, 0x0000000080300000| Complete 
|   4|0x0000000080400000, 0x0000000080500000, 0x0000000080500000|100%| O|  |TAMS 0x0000000080400000, 0x0000000080400000| Untracked 
|   5|0x0000000080500000, 0x0000000080600000, 0x0000000080600000|100%| O|  |TAMS 0x0000000080500000, 0x0000000080500000| Untracked 
|   6|0x0000000080600000, 0x0000000080700000, 0x0000000080700000|100%| O|  |TAMS 0x0000000080600000, 0x0000000080600000| Untracked 
|   7|0x0000000080700000, 0x0000000080800000, 0x0000000080800000|100%| O|  |TAMS 0x0000000080700000, 0x0000000080700000| Untracked 
|   8|0x0000000080800000, 0x0000000080800000, 0x0000000080900000|  0%| F|  |TAMS 0x0000000080800000, 0x0000000080800000| Untracked 
|   9|0x0000000080900000, 0x0000000080a00000, 0x0000000080a00000|100%| O|  |TAMS 0x0000000080900000, 0x0000000080900000| Untracked 
|  10|0x0000000080a00000, 0x0000000080b00000, 0x0000000080b00000|100%| O|  |TAMS 0x0000000080a00000, 0x0000000080a00000| Untracked 
|  11|0x0000000080b00000, 0x0000000080b0cc00, 0x0000000080c00000|  4%| O|  |TAMS 0x0000000080b00000, 0x0000000080b00000| Untracked 
|  12|0x0000000080c00000, 0x0000000080c00000, 0x0000000080d00000|  0%| F|  |TAMS 0x0000000080c00000, 0x0000000080c00000| Untracked 
|  13|0x0000000080d00000, 0x0000000080d00000, 0x0000000080e00000|  0%| F|  |TAMS 0x0000000080d00000, 0x0000000080d00000| Untracked 
|  14|0x0000000080e00000, 0x0000000080e00000, 0x0000000080f00000|  0%| F|  |TAMS 0x0000000080e00000, 0x0000000080e00000| Untracked 
|  15|0x0000000080f00000, 0x0000000080f00000, 0x0000000081000000|  0%| F|  |TAMS 0x0000000080f00000, 0x0000000080f00000| Untracked 
|  16|0x0000000081000000, 0x0000000081000000, 0x0000000081100000|  0%| F|  |TAMS 0x0000000081000000, 0x0000000081000000| Untracked 
|  17|0x0000000081100000, 0x0000000081100000, 0x0000000081200000|  0%| F|  |TAMS 0x0000000081100000, 0x0000000081100000| Untracked 
|  18|0x0000000081200000, 0x0000000081200000, 0x0000000081300000|  0%| F|  |TAMS 0x0000000081200000, 0x0000000081200000| Untracked 
|  19|0x0000000081300000, 0x0000000081300000, 0x0000000081400000|  0%| F|  |TAMS 0x0000000081300000, 0x0000000081300000| Untracked 
|  20|0x0000000081400000, 0x0000000081400000, 0x0000000081500000|  0%| F|  |TAMS 0x0000000081400000, 0x0000000081400000| Untracked 
|  21|0x0000000081500000, 0x0000000081500000, 0x0000000081600000|  0%| F|  |TAMS 0x0000000081500000, 0x0000000081500000| Untracked 
|  22|0x0000000081600000, 0x0000000081600000, 0x0000000081700000|  0%| F|  |TAMS 0x0000000081600000, 0x0000000081600000| Untracked 
|  23|0x0000000081700000, 0x0000000081700000, 0x0000000081800000|  0%| F|  |TAMS 0x0000000081700000, 0x0000000081700000| Untracked 
|  24|0x0000000081800000, 0x0000000081800000, 0x0000000081900000|  0%| F|  |TAMS 0x0000000081800000, 0x0000000081800000| Untracked 
|  25|0x0000000081900000, 0x0000000081900000, 0x0000000081a00000|  0%| F|  |TAMS 0x0000000081900000, 0x0000000081900000| Untracked 
|  26|0x0000000081a00000, 0x0000000081a00000, 0x0000000081b00000|  0%| F|  |TAMS 0x0000000081a00000, 0x0000000081a00000| Untracked 
|  27|0x0000000081b00000, 0x0000000081b00000, 0x0000000081c00000|  0%| F|  |TAMS 0x0000000081b00000, 0x0000000081b00000| Untracked 
|  28|0x0000000081c00000, 0x0000000081c00000, 0x0000000081d00000|  0%| F|  |TAMS 0x0000000081c00000, 0x0000000081c00000| Untracked 
|  29|0x0000000081d00000, 0x0000000081d00000, 0x0000000081e00000|  0%| F|  |TAMS 0x0000000081d00000, 0x0000000081d00000| Untracked 
|  30|0x0000000081e00000, 0x0000000081e00000, 0x0000000081f00000|  0%| F|  |TAMS 0x0000000081e00000, 0x0000000081e00000| Untracked 
|  31|0x0000000081f00000, 0x0000000081f00000, 0x0000000082000000|  0%| F|  |TAMS 0x0000000081f00000, 0x0000000081f00000| Untracked 
|  32|0x0000000082000000, 0x0000000082000000, 0x0000000082100000|  0%| F|  |TAMS 0x0000000082000000, 0x0000000082000000| Untracked 
|  33|0x0000000082100000, 0x0000000082100000, 0x0000000082200000|  0%| F|  |TAMS 0x0000000082100000, 0x0000000082100000| Untracked 
|  34|0x0000000082200000, 0x0000000082200000, 0x0000000082300000|  0%| F|  |TAMS 0x0000000082200000, 0x0000000082200000| Untracked 
|  35|0x0000000082300000, 0x0000000082300000, 0x0000000082400000|  0%| F|  |TAMS 0x0000000082300000, 0x0000000082300000| Untracked 
|  36|0x0000000082400000, 0x0000000082400000, 0x0000000082500000|  0%| F|  |TAMS 0x0000000082400000, 0x0000000082400000| Untracked 
|  37|0x0000000082500000, 0x0000000082500000, 0x0000000082600000|  0%| F|  |TAMS 0x0000000082500000, 0x0000000082500000| Untracked 
|  38|0x0000000082600000, 0x0000000082600000, 0x0000000082700000|  0%| F|  |TAMS 0x0000000082600000, 0x0000000082600000| Untracked 
|  39|0x0000000082700000, 0x0000000082700000, 0x0000000082800000|  0%| F|  |TAMS 0x0000000082700000, 0x0000000082700000| Untracked 
|  40|0x0000000082800000, 0x0000000082800000, 0x0000000082900000|  0%| F|  |TAMS 0x0000000082800000, 0x0000000082800000| Untracked 
|  41|0x0000000082900000, 0x0000000082900000, 0x0000000082a00000|  0%| F|  |TAMS 0x0000000082900000, 0x0000000082900000| Untracked 
|  42|0x0000000082a00000, 0x0000000082a00000, 0x0000000082b00000|  0%| F|  |TAMS 0x0000000082a00000, 0x0000000082a00000| Untracked 
|  43|0x0000000082b00000, 0x0000000082b00000, 0x0000000082c00000|  0%| F|  |TAMS 0x0000000082b00000, 0x0000000082b00000| Untracked 
|  44|0x0000000082c00000, 0x0000000082c00000, 0x0000000082d00000|  0%| F|  |TAMS 0x0000000082c00000, 0x0000000082c00000| Untracked 
|  45|0x0000000082d00000, 0x0000000082d00000, 0x0000000082e00000|  0%| F|  |TAMS 0x0000000082d00000, 0x0000000082d00000| Untracked 
|  46|0x0000000082e00000, 0x0000000082e00000, 0x0000000082f00000|  0%| F|  |TAMS 0x0000000082e00000, 0x0000000082e00000| Untracked 
|  47|0x0000000082f00000, 0x0000000082f00000, 0x0000000083000000|  0%| F|  |TAMS 0x0000000082f00000, 0x0000000082f00000| Untracked 
|  48|0x0000000083000000, 0x0000000083000000, 0x0000000083100000|  0%| F|  |TAMS 0x0000000083000000, 0x0000000083000000| Untracked 
|  49|0x0000000083100000, 0x0000000083100000, 0x0000000083200000|  0%| F|  |TAMS 0x0000000083100000, 0x0000000083100000| Untracked 
|  50|0x0000000083200000, 0x0000000083200000, 0x0000000083300000|  0%| F|  |TAMS 0x0000000083200000, 0x0000000083200000| Untracked 
|  51|0x0000000083300000, 0x0000000083300000, 0x0000000083400000|  0%| F|  |TAMS 0x0000000083300000, 0x0000000083300000| Untracked 
|  52|0x0000000083400000, 0x0000000083400000, 0x0000000083500000|  0%| F|  |TAMS 0x0000000083400000, 0x0000000083400000| Untracked 
|  53|0x0000000083500000, 0x0000000083500000, 0x0000000083600000|  0%| F|  |TAMS 0x0000000083500000, 0x0000000083500000| Untracked 
|  54|0x0000000083600000, 0x0000000083600000, 0x0000000083700000|  0%| F|  |TAMS 0x0000000083600000, 0x0000000083600000| Untracked 
|  55|0x0000000083700000, 0x0000000083700000, 0x0000000083800000|  0%| F|  |TAMS 0x0000000083700000, 0x0000000083700000| Untracked 
|  56|0x0000000083800000, 0x0000000083800000, 0x0000000083900000|  0%| F|  |TAMS 0x0000000083800000, 0x0000000083800000| Untracked 
|  57|0x0000000083900000, 0x0000000083900000, 0x0000000083a00000|  0%| F|  |TAMS 0x0000000083900000, 0x0000000083900000| Untracked 
|  58|0x0000000083a00000, 0x0000000083a00000, 0x0000000083b00000|  0%| F|  |TAMS 0x0000000083a00000, 0x0000000083a00000| Untracked 
|  59|0x0000000083b00000, 0x0000000083b00000, 0x0000000083c00000|  0%| F|  |TAMS 0x0000000083b00000, 0x0000000083b00000| Untracked 
|  60|0x0000000083c00000, 0x0000000083c00000, 0x0000000083d00000|  0%| F|  |TAMS 0x0000000083c00000, 0x0000000083c00000| Untracked 
|  61|0x0000000083d00000, 0x0000000083d00000, 0x0000000083e00000|  0%| F|  |TAMS 0x0000000083d00000, 0x0000000083d00000| Untracked 
|  62|0x0000000083e00000, 0x0000000083e00000, 0x0000000083f00000|  0%| F|  |TAMS 0x0000000083e00000, 0x0000000083e00000| Untracked 
|  63|0x0000000083f00000, 0x0000000083f00000, 0x0000000084000000|  0%| F|  |TAMS 0x0000000083f00000, 0x0000000083f00000| Untracked 
|  64|0x0000000084000000, 0x0000000084000000, 0x0000000084100000|  0%| F|  |TAMS 0x0000000084000000, 0x0000000084000000| Untracked 
|  65|0x0000000084100000, 0x0000000084100000, 0x0000000084200000|  0%| F|  |TAMS 0x0000000084100000, 0x0000000084100000| Untracked 
|  66|0x0000000084200000, 0x0000000084200000, 0x0000000084300000|  0%| F|  |TAMS 0x0000000084200000, 0x0000000084200000| Untracked 
|  67|0x0000000084300000, 0x0000000084300000, 0x0000000084400000|  0%| F|  |TAMS 0x0000000084300000, 0x0000000084300000| Untracked 
|  68|0x0000000084400000, 0x0000000084400000, 0x0000000084500000|  0%| F|  |TAMS 0x0000000084400000, 0x0000000084400000| Untracked 
|  69|0x0000000084500000, 0x0000000084500000, 0x0000000084600000|  0%| F|  |TAMS 0x0000000084500000, 0x0000000084500000| Untracked 
|  70|0x0000000084600000, 0x0000000084600000, 0x0000000084700000|  0%| F|  |TAMS 0x0000000084600000, 0x0000000084600000| Untracked 
|  71|0x0000000084700000, 0x0000000084700000, 0x0000000084800000|  0%| F|  |TAMS 0x0000000084700000, 0x0000000084700000| Untracked 
|  72|0x0000000084800000, 0x0000000084800000, 0x0000000084900000|  0%| F|  |TAMS 0x0000000084800000, 0x0000000084800000| Untracked 
|  73|0x0000000084900000, 0x0000000084900000, 0x0000000084a00000|  0%| F|  |TAMS 0x0000000084900000, 0x0000000084900000| Untracked 
|  74|0x0000000084a00000, 0x0000000084a00000, 0x0000000084b00000|  0%| F|  |TAMS 0x0000000084a00000, 0x0000000084a00000| Untracked 
|  75|0x0000000084b00000, 0x0000000084b00000, 0x0000000084c00000|  0%| F|  |TAMS 0x0000000084b00000, 0x0000000084b00000| Untracked 
|  76|0x0000000084c00000, 0x0000000084c00000, 0x0000000084d00000|  0%| F|  |TAMS 0x0000000084c00000, 0x0000000084c00000| Untracked 
|  77|0x0000000084d00000, 0x0000000084d00000, 0x0000000084e00000|  0%| F|  |TAMS 0x0000000084d00000, 0x0000000084d00000| Untracked 
|  78|0x0000000084e00000, 0x0000000084e00000, 0x0000000084f00000|  0%| F|  |TAMS 0x0000000084e00000, 0x0000000084e00000| Untracked 
|  79|0x0000000084f00000, 0x0000000084f00000, 0x0000000085000000|  0%| F|  |TAMS 0x0000000084f00000, 0x0000000084f00000| Untracked 
|  80|0x0000000085000000, 0x0000000085000000, 0x0000000085100000|  0%| F|  |TAMS 0x0000000085000000, 0x0000000085000000| Untracked 
|  81|0x0000000085100000, 0x0000000085100000, 0x0000000085200000|  0%| F|  |TAMS 0x0000000085100000, 0x0000000085100000| Untracked 
|  82|0x0000000085200000, 0x0000000085200000, 0x0000000085300000|  0%| F|  |TAMS 0x0000000085200000, 0x0000000085200000| Untracked 
|  83|0x0000000085300000, 0x0000000085300000, 0x0000000085400000|  0%| F|  |TAMS 0x0000000085300000, 0x0000000085300000| Untracked 
|  84|0x0000000085400000, 0x0000000085400000, 0x0000000085500000|  0%| F|  |TAMS 0x0000000085400000, 0x0000000085400000| Untracked 
|  85|0x0000000085500000, 0x0000000085500000, 0x0000000085600000|  0%| F|  |TAMS 0x0000000085500000, 0x0000000085500000| Untracked 
|  86|0x0000000085600000, 0x0000000085600000, 0x0000000085700000|  0%| F|  |TAMS 0x0000000085600000, 0x0000000085600000| Untracked 
|  87|0x0000000085700000, 0x0000000085700000, 0x0000000085800000|  0%| F|  |TAMS 0x0000000085700000, 0x0000000085700000| Untracked 
|  88|0x0000000085800000, 0x0000000085800000, 0x0000000085900000|  0%| F|  |TAMS 0x0000000085800000, 0x0000000085800000| Untracked 
|  89|0x0000000085900000, 0x0000000085900000, 0x0000000085a00000|  0%| F|  |TAMS 0x0000000085900000, 0x0000000085900000| Untracked 
|  90|0x0000000085a00000, 0x0000000085a00000, 0x0000000085b00000|  0%| F|  |TAMS 0x0000000085a00000, 0x0000000085a00000| Untracked 
|  91|0x0000000085b00000, 0x0000000085b00000, 0x0000000085c00000|  0%| F|  |TAMS 0x0000000085b00000, 0x0000000085b00000| Untracked 
|  92|0x0000000085c00000, 0x0000000085c00000, 0x0000000085d00000|  0%| F|  |TAMS 0x0000000085c00000, 0x0000000085c00000| Untracked 
|  93|0x0000000085d00000, 0x0000000085d00000, 0x0000000085e00000|  0%| F|  |TAMS 0x0000000085d00000, 0x0000000085d00000| Untracked 
|  94|0x0000000085e00000, 0x0000000085e00000, 0x0000000085f00000|  0%| F|  |TAMS 0x0000000085e00000, 0x0000000085e00000| Untracked 
|  95|0x0000000085f00000, 0x0000000085f00000, 0x0000000086000000|  0%| F|  |TAMS 0x0000000085f00000, 0x0000000085f00000| Untracked 
|  96|0x0000000086000000, 0x0000000086000000, 0x0000000086100000|  0%| F|  |TAMS 0x0000000086000000, 0x0000000086000000| Untracked 
|  97|0x0000000086100000, 0x0000000086100000, 0x0000000086200000|  0%| F|  |TAMS 0x0000000086100000, 0x0000000086100000| Untracked 
|  98|0x0000000086200000, 0x0000000086200000, 0x0000000086300000|  0%| F|  |TAMS 0x0000000086200000, 0x0000000086200000| Untracked 
|  99|0x0000000086300000, 0x0000000086300000, 0x0000000086400000|  0%| F|  |TAMS 0x0000000086300000, 0x0000000086300000| Untracked 
| 100|0x0000000086400000, 0x0000000086400000, 0x0000000086500000|  0%| F|  |TAMS 0x0000000086400000, 0x0000000086400000| Untracked 
| 101|0x0000000086500000, 0x0000000086500000, 0x0000000086600000|  0%| F|  |TAMS 0x0000000086500000, 0x0000000086500000| Untracked 
| 102|0x0000000086600000, 0x0000000086600000, 0x0000000086700000|  0%| F|  |TAMS 0x0000000086600000, 0x0000000086600000| Untracked 
| 103|0x0000000086700000, 0x0000000086700000, 0x0000000086800000|  0%| F|  |TAMS 0x0000000086700000, 0x0000000086700000| Untracked 
| 104|0x0000000086800000, 0x0000000086800000, 0x0000000086900000|  0%| F|  |TAMS 0x0000000086800000, 0x0000000086800000| Untracked 
| 105|0x0000000086900000, 0x0000000086900000, 0x0000000086a00000|  0%| F|  |TAMS 0x0000000086900000, 0x0000000086900000| Untracked 
| 106|0x0000000086a00000, 0x0000000086a00000, 0x0000000086b00000|  0%| F|  |TAMS 0x0000000086a00000, 0x0000000086a00000| Untracked 
| 107|0x0000000086b00000, 0x0000000086b00000, 0x0000000086c00000|  0%| F|  |TAMS 0x0000000086b00000, 0x0000000086b00000| Untracked 
| 108|0x0000000086c00000, 0x0000000086c00000, 0x0000000086d00000|  0%| F|  |TAMS 0x0000000086c00000, 0x0000000086c00000| Untracked 
| 109|0x0000000086d00000, 0x0000000086d00000, 0x0000000086e00000|  0%| F|  |TAMS 0x0000000086d00000, 0x0000000086d00000| Untracked 
| 110|0x0000000086e00000, 0x0000000086e00000, 0x0000000086f00000|  0%| F|  |TAMS 0x0000000086e00000, 0x0000000086e00000| Untracked 
| 111|0x0000000086f00000, 0x0000000086f00000, 0x0000000087000000|  0%| F|  |TAMS 0x0000000086f00000, 0x0000000086f00000| Untracked 
| 112|0x0000000087000000, 0x0000000087000000, 0x0000000087100000|  0%| F|  |TAMS 0x0000000087000000, 0x0000000087000000| Untracked 
| 113|0x0000000087100000, 0x0000000087100000, 0x0000000087200000|  0%| F|  |TAMS 0x0000000087100000, 0x0000000087100000| Untracked 
| 114|0x0000000087200000, 0x0000000087200000, 0x0000000087300000|  0%| F|  |TAMS 0x0000000087200000, 0x0000000087200000| Untracked 
| 115|0x0000000087300000, 0x0000000087300000, 0x0000000087400000|  0%| F|  |TAMS 0x0000000087300000, 0x0000000087300000| Untracked 
| 116|0x0000000087400000, 0x0000000087400000, 0x0000000087500000|  0%| F|  |TAMS 0x0000000087400000, 0x0000000087400000| Untracked 
| 117|0x0000000087500000, 0x0000000087500000, 0x0000000087600000|  0%| F|  |TAMS 0x0000000087500000, 0x0000000087500000| Untracked 
| 118|0x0000000087600000, 0x0000000087600000, 0x0000000087700000|  0%| F|  |TAMS 0x0000000087600000, 0x0000000087600000| Untracked 
| 119|0x0000000087700000, 0x0000000087700000, 0x0000000087800000|  0%| F|  |TAMS 0x0000000087700000, 0x0000000087700000| Untracked 
| 120|0x0000000087800000, 0x0000000087800000, 0x0000000087900000|  0%| F|  |TAMS 0x0000000087800000, 0x0000000087800000| Untracked 
| 121|0x0000000087900000, 0x0000000087900000, 0x0000000087a00000|  0%| F|  |TAMS 0x0000000087900000, 0x0000000087900000| Untracked 
| 122|0x0000000087a00000, 0x0000000087a00000, 0x0000000087b00000|  0%| F|  |TAMS 0x0000000087a00000, 0x0000000087a00000| Untracked 
| 123|0x0000000087b00000, 0x0000000087b00000, 0x0000000087c00000|  0%| F|  |TAMS 0x0000000087b00000, 0x0000000087b00000| Untracked 
| 124|0x0000000087c00000, 0x0000000087c00000, 0x0000000087d00000|  0%| F|  |TAMS 0x0000000087c00000, 0x0000000087c00000| Untracked 
| 125|0x0000000087d00000, 0x0000000087d00000, 0x0000000087e00000|  0%| F|  |TAMS 0x0000000087d00000, 0x0000000087d00000| Untracked 
| 126|0x0000000087e00000, 0x0000000087e00000, 0x0000000087f00000|  0%| F|  |TAMS 0x0000000087e00000, 0x0000000087e00000| Untracked 
| 127|0x0000000087f00000, 0x0000000087f00000, 0x0000000088000000|  0%| F|  |TAMS 0x0000000087f00000, 0x0000000087f00000| Untracked 
| 128|0x0000000088000000, 0x0000000088000000, 0x0000000088100000|  0%| F|  |TAMS 0x0000000088000000, 0x0000000088000000| Untracked 
| 129|0x0000000088100000, 0x0000000088100000, 0x0000000088200000|  0%| F|  |TAMS 0x0000000088100000, 0x0000000088100000| Untracked 
| 130|0x0000000088200000, 0x0000000088200000, 0x0000000088300000|  0%| F|  |TAMS 0x0000000088200000, 0x0000000088200000| Untracked 
| 131|0x0000000088300000, 0x0000000088300000, 0x0000000088400000|  0%| F|  |TAMS 0x0000000088300000, 0x0000000088300000| Untracked 
| 132|0x0000000088400000, 0x0000000088400000, 0x0000000088500000|  0%| F|  |TAMS 0x0000000088400000, 0x0000000088400000| Untracked 
| 133|0x0000000088500000, 0x0000000088500000, 0x0000000088600000|  0%| F|  |TAMS 0x0000000088500000, 0x0000000088500000| Untracked 
| 134|0x0000000088600000, 0x0000000088600000, 0x0000000088700000|  0%| F|  |TAMS 0x0000000088600000, 0x0000000088600000| Untracked 
| 135|0x0000000088700000, 0x0000000088700000, 0x0000000088800000|  0%| F|  |TAMS 0x0000000088700000, 0x0000000088700000| Untracked 
| 136|0x0000000088800000, 0x0000000088800000, 0x0000000088900000|  0%| F|  |TAMS 0x0000000088800000, 0x0000000088800000| Untracked 
| 137|0x0000000088900000, 0x0000000088900000, 0x0000000088a00000|  0%| F|  |TAMS 0x0000000088900000, 0x0000000088900000| Untracked 
| 138|0x0000000088a00000, 0x0000000088a00000, 0x0000000088b00000|  0%| F|  |TAMS 0x0000000088a00000, 0x0000000088a00000| Untracked 
| 139|0x0000000088b00000, 0x0000000088b00000, 0x0000000088c00000|  0%| F|  |TAMS 0x0000000088b00000, 0x0000000088b00000| Untracked 
| 140|0x0000000088c00000, 0x0000000088c00000, 0x0000000088d00000|  0%| F|  |TAMS 0x0000000088c00000, 0x0000000088c00000| Untracked 
| 141|0x0000000088d00000, 0x0000000088d00000, 0x0000000088e00000|  0%| F|  |TAMS 0x0000000088d00000, 0x0000000088d00000| Untracked 
| 142|0x0000000088e00000, 0x0000000088e00000, 0x0000000088f00000|  0%| F|  |TAMS 0x0000000088e00000, 0x0000000088e00000| Untracked 
| 143|0x0000000088f00000, 0x0000000088f00000, 0x0000000089000000|  0%| F|  |TAMS 0x0000000088f00000, 0x0000000088f00000| Untracked 
| 144|0x0000000089000000, 0x0000000089000000, 0x0000000089100000|  0%| F|  |TAMS 0x0000000089000000, 0x0000000089000000| Untracked 
| 145|0x0000000089100000, 0x0000000089100000, 0x0000000089200000|  0%| F|  |TAMS 0x0000000089100000, 0x0000000089100000| Untracked 
| 146|0x0000000089200000, 0x0000000089200000, 0x0000000089300000|  0%| F|  |TAMS 0x0000000089200000, 0x0000000089200000| Untracked 
| 147|0x0000000089300000, 0x0000000089300000, 0x0000000089400000|  0%| F|  |TAMS 0x0000000089300000, 0x0000000089300000| Untracked 
| 148|0x0000000089400000, 0x0000000089400000, 0x0000000089500000|  0%| F|  |TAMS 0x0000000089400000, 0x0000000089400000| Untracked 
| 149|0x0000000089500000, 0x0000000089500000, 0x0000000089600000|  0%| F|  |TAMS 0x0000000089500000, 0x0000000089500000| Untracked 
| 150|0x0000000089600000, 0x0000000089600000, 0x0000000089700000|  0%| F|  |TAMS 0x0000000089600000, 0x0000000089600000| Untracked 
| 151|0x0000000089700000, 0x0000000089700000, 0x0000000089800000|  0%| F|  |TAMS 0x0000000089700000, 0x0000000089700000| Untracked 
| 152|0x0000000089800000, 0x0000000089800000, 0x0000000089900000|  0%| F|  |TAMS 0x0000000089800000, 0x0000000089800000| Untracked 
| 153|0x0000000089900000, 0x0000000089900000, 0x0000000089a00000|  0%| F|  |TAMS 0x0000000089900000, 0x0000000089900000| Untracked 
| 154|0x0000000089a00000, 0x0000000089a00000, 0x0000000089b00000|  0%| F|  |TAMS 0x0000000089a00000, 0x0000000089a00000| Untracked 
| 155|0x0000000089b00000, 0x0000000089b00000, 0x0000000089c00000|  0%| F|  |TAMS 0x0000000089b00000, 0x0000000089b00000| Untracked 
| 156|0x0000000089c00000, 0x0000000089c00000, 0x0000000089d00000|  0%| F|  |TAMS 0x0000000089c00000, 0x0000000089c00000| Untracked 
| 157|0x0000000089d00000, 0x0000000089d00000, 0x0000000089e00000|  0%| F|  |TAMS 0x0000000089d00000, 0x0000000089d00000| Untracked 
| 158|0x0000000089e00000, 0x0000000089e00000, 0x0000000089f00000|  0%| F|  |TAMS 0x0000000089e00000, 0x0000000089e00000| Untracked 
| 159|0x0000000089f00000, 0x0000000089f00000, 0x000000008a000000|  0%| F|  |TAMS 0x0000000089f00000, 0x0000000089f00000| Untracked 
| 160|0x000000008a000000, 0x000000008a000000, 0x000000008a100000|  0%| F|  |TAMS 0x000000008a000000, 0x000000008a000000| Untracked 
| 161|0x000000008a100000, 0x000000008a100000, 0x000000008a200000|  0%| F|  |TAMS 0x000000008a100000, 0x000000008a100000| Untracked 
| 162|0x000000008a200000, 0x000000008a200000, 0x000000008a300000|  0%| F|  |TAMS 0x000000008a200000, 0x000000008a200000| Untracked 
| 163|0x000000008a300000, 0x000000008a300000, 0x000000008a400000|  0%| F|  |TAMS 0x000000008a300000, 0x000000008a300000| Untracked 
| 164|0x000000008a400000, 0x000000008a400000, 0x000000008a500000|  0%| F|  |TAMS 0x000000008a400000, 0x000000008a400000| Untracked 
| 165|0x000000008a500000, 0x000000008a500000, 0x000000008a600000|  0%| F|  |TAMS 0x000000008a500000, 0x000000008a500000| Untracked 
| 166|0x000000008a600000, 0x000000008a600000, 0x000000008a700000|  0%| F|  |TAMS 0x000000008a600000, 0x000000008a600000| Untracked 
| 167|0x000000008a700000, 0x000000008a700000, 0x000000008a800000|  0%| F|  |TAMS 0x000000008a700000, 0x000000008a700000| Untracked 
| 168|0x000000008a800000, 0x000000008a800000, 0x000000008a900000|  0%| F|  |TAMS 0x000000008a800000, 0x000000008a800000| Untracked 
| 169|0x000000008a900000, 0x000000008a900000, 0x000000008aa00000|  0%| F|  |TAMS 0x000000008a900000, 0x000000008a900000| Untracked 
| 170|0x000000008aa00000, 0x000000008aa00000, 0x000000008ab00000|  0%| F|  |TAMS 0x000000008aa00000, 0x000000008aa00000| Untracked 
| 171|0x000000008ab00000, 0x000000008ab00000, 0x000000008ac00000|  0%| F|  |TAMS 0x000000008ab00000, 0x000000008ab00000| Untracked 
| 172|0x000000008ac00000, 0x000000008ac00000, 0x000000008ad00000|  0%| F|  |TAMS 0x000000008ac00000, 0x000000008ac00000| Untracked 
| 173|0x000000008ad00000, 0x000000008ad00000, 0x000000008ae00000|  0%| F|  |TAMS 0x000000008ad00000, 0x000000008ad00000| Untracked 
| 174|0x000000008ae00000, 0x000000008ae00000, 0x000000008af00000|  0%| F|  |TAMS 0x000000008ae00000, 0x000000008ae00000| Untracked 
| 175|0x000000008af00000, 0x000000008af00000, 0x000000008b000000|  0%| F|  |TAMS 0x000000008af00000, 0x000000008af00000| Untracked 
| 176|0x000000008b000000, 0x000000008b000000, 0x000000008b100000|  0%| F|  |TAMS 0x000000008b000000, 0x000000008b000000| Untracked 
| 177|0x000000008b100000, 0x000000008b100000, 0x000000008b200000|  0%| F|  |TAMS 0x000000008b100000, 0x000000008b100000| Untracked 
| 178|0x000000008b200000, 0x000000008b200000, 0x000000008b300000|  0%| F|  |TAMS 0x000000008b200000, 0x000000008b200000| Untracked 
| 179|0x000000008b300000, 0x000000008b300000, 0x000000008b400000|  0%| F|  |TAMS 0x000000008b300000, 0x000000008b300000| Untracked 
| 180|0x000000008b400000, 0x000000008b400000, 0x000000008b500000|  0%| F|  |TAMS 0x000000008b400000, 0x000000008b400000| Untracked 
| 181|0x000000008b500000, 0x000000008b500000, 0x000000008b600000|  0%| F|  |TAMS 0x000000008b500000, 0x000000008b500000| Untracked 
| 182|0x000000008b600000, 0x000000008b600000, 0x000000008b700000|  0%| F|  |TAMS 0x000000008b600000, 0x000000008b600000| Untracked 
| 183|0x000000008b700000, 0x000000008b700000, 0x000000008b800000|  0%| F|  |TAMS 0x000000008b700000, 0x000000008b700000| Untracked 
| 184|0x000000008b800000, 0x000000008b800000, 0x000000008b900000|  0%| F|  |TAMS 0x000000008b800000, 0x000000008b800000| Untracked 
| 185|0x000000008b900000, 0x000000008b900000, 0x000000008ba00000|  0%| F|  |TAMS 0x000000008b900000, 0x000000008b900000| Untracked 
| 186|0x000000008ba00000, 0x000000008ba00000, 0x000000008bb00000|  0%| F|  |TAMS 0x000000008ba00000, 0x000000008ba00000| Untracked 
| 187|0x000000008bb00000, 0x000000008bb00000, 0x000000008bc00000|  0%| F|  |TAMS 0x000000008bb00000, 0x000000008bb00000| Untracked 
| 188|0x000000008bc00000, 0x000000008bc00000, 0x000000008bd00000|  0%| F|  |TAMS 0x000000008bc00000, 0x000000008bc00000| Untracked 
| 189|0x000000008bd00000, 0x000000008bd00000, 0x000000008be00000|  0%| F|  |TAMS 0x000000008bd00000, 0x000000008bd00000| Untracked 
| 190|0x000000008be00000, 0x000000008be00000, 0x000000008bf00000|  0%| F|  |TAMS 0x000000008be00000, 0x000000008be00000| Untracked 
| 191|0x000000008bf00000, 0x000000008bf00000, 0x000000008c000000|  0%| F|  |TAMS 0x000000008bf00000, 0x000000008bf00000| Untracked 
| 192|0x000000008c000000, 0x000000008c000000, 0x000000008c100000|  0%| F|  |TAMS 0x000000008c000000, 0x000000008c000000| Untracked 
| 193|0x000000008c100000, 0x000000008c100000, 0x000000008c200000|  0%| F|  |TAMS 0x000000008c100000, 0x000000008c100000| Untracked 
| 194|0x000000008c200000, 0x000000008c200000, 0x000000008c300000|  0%| F|  |TAMS 0x000000008c200000, 0x000000008c200000| Untracked 
| 195|0x000000008c300000, 0x000000008c300000, 0x000000008c400000|  0%| F|  |TAMS 0x000000008c300000, 0x000000008c300000| Untracked 
| 196|0x000000008c400000, 0x000000008c400000, 0x000000008c500000|  0%| F|  |TAMS 0x000000008c400000, 0x000000008c400000| Untracked 
| 197|0x000000008c500000, 0x000000008c500000, 0x000000008c600000|  0%| F|  |TAMS 0x000000008c500000, 0x000000008c500000| Untracked 
| 198|0x000000008c600000, 0x000000008c600000, 0x000000008c700000|  0%| F|  |TAMS 0x000000008c600000, 0x000000008c600000| Untracked 
| 199|0x000000008c700000, 0x000000008c700000, 0x000000008c800000|  0%| F|  |TAMS 0x000000008c700000, 0x000000008c700000| Untracked 
| 200|0x000000008c800000, 0x000000008c800000, 0x000000008c900000|  0%| F|  |TAMS 0x000000008c800000, 0x000000008c800000| Untracked 
| 201|0x000000008c900000, 0x000000008c900000, 0x000000008ca00000|  0%| F|  |TAMS 0x000000008c900000, 0x000000008c900000| Untracked 
| 202|0x000000008ca00000, 0x000000008ca00000, 0x000000008cb00000|  0%| F|  |TAMS 0x000000008ca00000, 0x000000008ca00000| Untracked 
| 203|0x000000008cb00000, 0x000000008cb00000, 0x000000008cc00000|  0%| F|  |TAMS 0x000000008cb00000, 0x000000008cb00000| Untracked 
| 204|0x000000008cc00000, 0x000000008cc00000, 0x000000008cd00000|  0%| F|  |TAMS 0x000000008cc00000, 0x000000008cc00000| Untracked 
| 205|0x000000008cd00000, 0x000000008cd00000, 0x000000008ce00000|  0%| F|  |TAMS 0x000000008cd00000, 0x000000008cd00000| Untracked 
| 206|0x000000008ce00000, 0x000000008ce00000, 0x000000008cf00000|  0%| F|  |TAMS 0x000000008ce00000, 0x000000008ce00000| Untracked 
| 207|0x000000008cf00000, 0x000000008d000000, 0x000000008d000000|100%| E|  |TAMS 0x000000008cf00000, 0x000000008cf00000| Complete 
| 208|0x000000008d000000, 0x000000008d100000, 0x000000008d100000|100%| E|CS|TAMS 0x000000008d000000, 0x000000008d000000| Complete 
| 209|0x000000008d100000, 0x000000008d200000, 0x000000008d200000|100%| E|CS|TAMS 0x000000008d100000, 0x000000008d100000| Complete 
| 210|0x000000008d200000, 0x000000008d300000, 0x000000008d300000|100%| E|CS|TAMS 0x000000008d200000, 0x000000008d200000| Complete 
| 211|0x000000008d300000, 0x000000008d400000, 0x000000008d400000|100%| E|CS|TAMS 0x000000008d300000, 0x000000008d300000| Complete 
| 212|0x000000008d400000, 0x000000008d500000, 0x000000008d500000|100%| E|CS|TAMS 0x000000008d400000, 0x000000008d400000| Complete 
| 213|0x000000008d500000, 0x000000008d600000, 0x000000008d600000|100%| E|CS|TAMS 0x000000008d500000, 0x000000008d500000| Complete 
| 214|0x000000008d600000, 0x000000008d700000, 0x000000008d700000|100%| E|CS|TAMS 0x000000008d600000, 0x000000008d600000| Complete 
| 215|0x000000008d700000, 0x000000008d800000, 0x000000008d800000|100%| E|CS|TAMS 0x000000008d700000, 0x000000008d700000| Complete 
| 216|0x000000008d800000, 0x000000008d81a4a0, 0x000000008d900000| 10%| S|CS|TAMS 0x000000008d800000, 0x000000008d800000| Complete 
| 217|0x000000008d900000, 0x000000008da00000, 0x000000008da00000|100%| S|CS|TAMS 0x000000008d900000, 0x000000008d900000| Complete 
| 218|0x000000008da00000, 0x000000008db00000, 0x000000008db00000|100%| S|CS|TAMS 0x000000008da00000, 0x000000008da00000| Complete 
| 219|0x000000008db00000, 0x000000008dc00000, 0x000000008dc00000|100%| S|CS|TAMS 0x000000008db00000, 0x000000008db00000| Complete 
| 220|0x000000008dc00000, 0x000000008dd00000, 0x000000008dd00000|100%| E|CS|TAMS 0x000000008dc00000, 0x000000008dc00000| Complete 
| 221|0x000000008dd00000, 0x000000008de00000, 0x000000008de00000|100%| E|CS|TAMS 0x000000008dd00000, 0x000000008dd00000| Complete 
| 222|0x000000008de00000, 0x000000008df00000, 0x000000008df00000|100%| E|CS|TAMS 0x000000008de00000, 0x000000008de00000| Complete 
| 223|0x000000008df00000, 0x000000008e000000, 0x000000008e000000|100%| E|CS|TAMS 0x000000008df00000, 0x000000008df00000| Complete 
| 224|0x000000008e000000, 0x000000008e100000, 0x000000008e100000|100%| E|CS|TAMS 0x000000008e000000, 0x000000008e000000| Complete 
| 225|0x000000008e100000, 0x000000008e200000, 0x000000008e200000|100%| E|CS|TAMS 0x000000008e100000, 0x000000008e100000| Complete 
| 226|0x000000008e200000, 0x000000008e300000, 0x000000008e300000|100%| E|CS|TAMS 0x000000008e200000, 0x000000008e200000| Complete 
| 227|0x000000008e300000, 0x000000008e400000, 0x000000008e400000|100%| E|CS|TAMS 0x000000008e300000, 0x000000008e300000| Complete 
| 228|0x000000008e400000, 0x000000008e500000, 0x000000008e500000|100%| E|CS|TAMS 0x000000008e400000, 0x000000008e400000| Complete 
| 229|0x000000008e500000, 0x000000008e600000, 0x000000008e600000|100%| E|CS|TAMS 0x000000008e500000, 0x000000008e500000| Complete 
| 230|0x000000008e600000, 0x000000008e700000, 0x000000008e700000|100%| E|CS|TAMS 0x000000008e600000, 0x000000008e600000| Complete 
| 231|0x000000008e700000, 0x000000008e800000, 0x000000008e800000|100%| E|CS|TAMS 0x000000008e700000, 0x000000008e700000| Complete 
| 232|0x000000008e800000, 0x000000008e900000, 0x000000008e900000|100%| E|CS|TAMS 0x000000008e800000, 0x000000008e800000| Complete 
| 233|0x000000008e900000, 0x000000008ea00000, 0x000000008ea00000|100%| E|CS|TAMS 0x000000008e900000, 0x000000008e900000| Complete 
| 234|0x000000008ea00000, 0x000000008eb00000, 0x000000008eb00000|100%| E|CS|TAMS 0x000000008ea00000, 0x000000008ea00000| Complete 
| 235|0x000000008eb00000, 0x000000008ec00000, 0x000000008ec00000|100%| E|CS|TAMS 0x000000008eb00000, 0x000000008eb00000| Complete 
| 236|0x000000008ec00000, 0x000000008ed00000, 0x000000008ed00000|100%| E|CS|TAMS 0x000000008ec00000, 0x000000008ec00000| Complete 
| 237|0x000000008ed00000, 0x000000008ee00000, 0x000000008ee00000|100%| E|CS|TAMS 0x000000008ed00000, 0x000000008ed00000| Complete 
| 238|0x000000008ee00000, 0x000000008ef00000, 0x000000008ef00000|100%| E|CS|TAMS 0x000000008ee00000, 0x000000008ee00000| Complete 
| 239|0x000000008ef00000, 0x000000008f000000, 0x000000008f000000|100%| E|CS|TAMS 0x000000008ef00000, 0x000000008ef00000| Complete 
| 240|0x000000008f000000, 0x000000008f100000, 0x000000008f100000|100%| E|CS|TAMS 0x000000008f000000, 0x000000008f000000| Complete 
| 241|0x000000008f100000, 0x000000008f200000, 0x000000008f200000|100%| E|CS|TAMS 0x000000008f100000, 0x000000008f100000| Complete 
| 242|0x000000008f200000, 0x000000008f300000, 0x000000008f300000|100%| E|CS|TAMS 0x000000008f200000, 0x000000008f200000| Complete 
| 243|0x000000008f300000, 0x000000008f400000, 0x000000008f400000|100%| E|CS|TAMS 0x000000008f300000, 0x000000008f300000| Complete 
| 244|0x000000008f400000, 0x000000008f500000, 0x000000008f500000|100%| E|CS|TAMS 0x000000008f400000, 0x000000008f400000| Complete 
| 245|0x000000008f500000, 0x000000008f600000, 0x000000008f600000|100%| E|CS|TAMS 0x000000008f500000, 0x000000008f500000| Complete 
| 246|0x000000008f600000, 0x000000008f700000, 0x000000008f700000|100%| E|CS|TAMS 0x000000008f600000, 0x000000008f600000| Complete 
| 247|0x000000008f700000, 0x000000008f800000, 0x000000008f800000|100%| E|CS|TAMS 0x000000008f700000, 0x000000008f700000| Complete 
| 248|0x000000008f800000, 0x000000008f900000, 0x000000008f900000|100%| E|CS|TAMS 0x000000008f800000, 0x000000008f800000| Complete 
| 249|0x000000008f900000, 0x000000008fa00000, 0x000000008fa00000|100%| E|CS|TAMS 0x000000008f900000, 0x000000008f900000| Complete 
| 250|0x000000008fa00000, 0x000000008fb00000, 0x000000008fb00000|100%| E|CS|TAMS 0x000000008fa00000, 0x000000008fa00000| Complete 
| 251|0x000000008fb00000, 0x000000008fc00000, 0x000000008fc00000|100%| E|CS|TAMS 0x000000008fb00000, 0x000000008fb00000| Complete 

Card table byte_map: [0x00000214d8dd0000,0x00000214d91d0000] _byte_map_base: 0x00000214d89d0000

Marking Bits (Prev, Next): (CMBitMap*) 0x00000214c166e9d0, (CMBitMap*) 0x00000214c166ea10
 Prev Bits: [0x00000214d95d0000, 0x00000214db5d0000)
 Next Bits: [0x00000214db5d0000, 0x00000214dd5d0000)

Polling page: 0x00000214bf230000

Metaspace:

Usage:
  Non-class:     10.24 MB used.
      Class:      1.64 MB used.
       Both:     11.88 MB used.

Virtual space:
  Non-class space:       64.00 MB reserved,      10.38 MB ( 16%) committed,  1 nodes.
      Class space:      416.00 MB reserved,       1.75 MB ( <1%) committed,  1 nodes.
             Both:      480.00 MB reserved,      12.12 MB (  3%) committed. 

Chunk freelists:
   Non-Class:  4.72 MB
       Class:  14.19 MB
        Both:  18.92 MB

MaxMetaspaceSize: 512.00 MB
CompressedClassSpaceSize: 416.00 MB
Initial GC threshold: 21.00 MB
Current GC threshold: 21.00 MB
CDS: on
MetaspaceReclaimPolicy: balanced
 - commit_granule_bytes: 65536.
 - commit_granule_words: 8192.
 - virtual_space_node_default_size: 8388608.
 - enlarge_chunks_in_place: 1.
 - new_chunks_are_fully_committed: 0.
 - uncommit_free_chunks: 1.
 - use_allocation_guard: 0.
 - handle_deallocations: 1.


Internal statistics:

num_allocs_failed_limit: 0.
num_arena_births: 178.
num_arena_deaths: 0.
num_vsnodes_births: 2.
num_vsnodes_deaths: 0.
num_space_committed: 194.
num_space_uncommitted: 0.
num_chunks_returned_to_freelist: 0.
num_chunks_taken_from_freelist: 508.
num_chunk_merges: 0.
num_chunk_splits: 357.
num_chunks_enlarged: 279.
num_inconsistent_stats: 0.

CodeHeap 'non-profiled nmethods': size=119168Kb used=1059Kb max_used=1059Kb free=118108Kb
 bounds [0x00000214d0cf0000, 0x00000214d0f60000, 0x00000214d8150000]
CodeHeap 'profiled nmethods': size=119104Kb used=4744Kb max_used=4744Kb free=114359Kb
 bounds [0x00000214c9150000, 0x00000214c9600000, 0x00000214d05a0000]
CodeHeap 'non-nmethods': size=7488Kb used=1207Kb max_used=2836Kb free=6280Kb
 bounds [0x00000214d05a0000, 0x00000214d0870000, 0x00000214d0cf0000]
 total_blobs=2818 nmethods=2310 adapters=420
 compilation: enabled
              stopped_count=0, restarted_count=0
 full_count=0

Compilation events (20 events):
Event: 51.539 Thread 0x00000214e0627c10 2286       3       java.lang.invoke.InvokerBytecodeGenerator::emitStoreInsn (21 bytes)
Event: 51.540 Thread 0x00000214e0627c10 nmethod 2286 0x00000214c95d4b10 code [0x00000214c95d4cc0, 0x00000214c95d4f18]
Event: 51.597 Thread 0x00000214e0627c10 2287       3       sun.reflect.generics.tree.ClassTypeSignature::accept (8 bytes)
Event: 51.597 Thread 0x00000214e0627c10 nmethod 2287 0x00000214c95d5090 code [0x00000214c95d5240, 0x00000214c95d53e8]
Event: 51.597 Thread 0x00000214e0627c10 2288       3       sun.reflect.generics.visitor.Reifier::visitClassTypeSignature (381 bytes)
Event: 51.601 Thread 0x00000214e0627c10 nmethod 2288 0x00000214c95d5510 code [0x00000214c95d5920, 0x00000214c95d7548]
Event: 51.639 Thread 0x00000214e0627c10 2289       3       java.lang.Class$Atomic::casAnnotationData (13 bytes)
Event: 51.640 Thread 0x00000214e0627c10 nmethod 2289 0x00000214c95d7f10 code [0x00000214c95d80a0, 0x00000214c95d81f8]
Event: 51.640 Thread 0x00000214e0627c10 2290       3       java.lang.Class::createAnnotationData (195 bytes)
Event: 51.641 Thread 0x00000214e0627c10 nmethod 2290 0x00000214c95d8290 code [0x00000214c95d8600, 0x00000214c95d9b98]
Event: 51.641 Thread 0x00000214e0627c10 2291       3       java.lang.Class::isAnnotation (17 bytes)
Event: 51.641 Thread 0x00000214e0627c10 nmethod 2291 0x00000214c95da290 code [0x00000214c95da420, 0x00000214c95da5b8]
Event: 52.898 Thread 0x00000214e0627c10 2293       3       sun.reflect.generics.visitor.Reifier::make (9 bytes)
Event: 52.900 Thread 0x00000214e0627c10 nmethod 2293 0x00000214c95da690 code [0x00000214c95da840, 0x00000214c95daa98]
Event: 52.900 Thread 0x00000214e0627c10 2294       3       sun.reflect.generics.visitor.Reifier::<init> (10 bytes)
Event: 52.901 Thread 0x00000214e0627c10 nmethod 2294 0x00000214c95dab90 code [0x00000214c95dad20, 0x00000214c95daed8]
Event: 53.036 Thread 0x00000214e0627c10 2295   !   3       java.util.jar.Attributes::read (494 bytes)
Event: 53.160 Thread 0x00000214e0627c10 nmethod 2295 0x00000214c95daf90 code [0x00000214c95db760, 0x00000214c95df6a8]
Event: 53.218 Thread 0x00000214e0627c10 2296       3       java.util.concurrent.ThreadPoolExecutor::runStateAtLeast (11 bytes)
Event: 53.249 Thread 0x00000214e0627c10 nmethod 2296 0x00000214c95e0f90 code [0x00000214c95e1120, 0x00000214c95e1258]

GC Heap History (4 events):
Event: 5.302 GC heap before
{Heap before GC invocations=0 (full 0):
 garbage-first heap   total 258048K, used 26624K [0x0000000080000000, 0x0000000100000000)
  region size 1024K, 23 young (23552K), 0 survivors (0K)
 Metaspace       used 3056K, committed 3200K, reserved 491520K
  class space    used 380K, committed 448K, reserved 425984K
}
Event: 6.134 GC heap after
{Heap after GC invocations=1 (full 0):
 garbage-first heap   total 258048K, used 10518K [0x0000000080000000, 0x0000000100000000)
  region size 1024K, 3 young (3072K), 3 survivors (3072K)
 Metaspace       used 3056K, committed 3200K, reserved 491520K
  class space    used 380K, committed 448K, reserved 425984K
}
Event: 8.186 GC heap before
{Heap before GC invocations=1 (full 0):
 garbage-first heap   total 258048K, used 41238K [0x0000000080000000, 0x0000000100000000)
  region size 1024K, 32 young (32768K), 3 survivors (3072K)
 Metaspace       used 3994K, committed 4160K, reserved 491520K
  class space    used 477K, committed 576K, reserved 425984K
}
Event: 8.192 GC heap after
{Heap after GC invocations=2 (full 0):
 garbage-first heap   total 258048K, used 13468K [0x0000000080000000, 0x0000000100000000)
  region size 1024K, 4 young (4096K), 4 survivors (4096K)
 Metaspace       used 3994K, committed 4160K, reserved 491520K
  class space    used 477K, committed 576K, reserved 425984K
}

Dll operation events (13 events):
Event: 0.544 Loaded shared library C:\Program Files\Eclipse Adoptium\jdk-17.0.15.6-hotspot\bin\java.dll
Event: 1.145 Loaded shared library C:\Program Files\Eclipse Adoptium\jdk-17.0.15.6-hotspot\bin\jsvml.dll
Event: 1.702 Loaded shared library C:\Program Files\Eclipse Adoptium\jdk-17.0.15.6-hotspot\bin\net.dll
Event: 1.716 Loaded shared library C:\Program Files\Eclipse Adoptium\jdk-17.0.15.6-hotspot\bin\nio.dll
Event: 1.865 Loaded shared library C:\Program Files\Eclipse Adoptium\jdk-17.0.15.6-hotspot\bin\zip.dll
Event: 2.824 Loaded shared library C:\Program Files\Eclipse Adoptium\jdk-17.0.15.6-hotspot\bin\jimage.dll
Event: 3.491 Loaded shared library C:\Program Files\Eclipse Adoptium\jdk-17.0.15.6-hotspot\bin\verify.dll
Event: 4.438 Loaded shared library C:\Users\karth\.gradle\native\68d5fa5c4cc2d200863cafc0d521ce42e7d3e7ee720ec0a83991735586a16f82\windows-amd64\native-platform.dll
Event: 4.849 Loaded shared library C:\Users\karth\.gradle\native\e376f236ea51e6404a007f0833ffe2c6e607c4080706a723a18a27aeea778392\windows-amd64\native-platform-file-events.dll
Event: 8.923 Loaded shared library C:\Program Files\Eclipse Adoptium\jdk-17.0.15.6-hotspot\bin\management.dll
Event: 8.940 Loaded shared library C:\Program Files\Eclipse Adoptium\jdk-17.0.15.6-hotspot\bin\management_ext.dll
Event: 14.036 Loaded shared library C:\Program Files\Eclipse Adoptium\jdk-17.0.15.6-hotspot\bin\extnet.dll
Event: 27.807 Loaded shared library C:\Program Files\Eclipse Adoptium\jdk-17.0.15.6-hotspot\bin\sunmscapi.dll

Deoptimization events (20 events):
Event: 37.111 Thread 0x00000214801b7f70 DEOPT PACKING pc=0x00000214d0da9938 sp=0x000000d5b21ff1c0
Event: 37.111 Thread 0x00000214801b7f70 DEOPT UNPACKING pc=0x00000214d05f69a3 sp=0x000000d5b21ff138 mode 2
Event: 37.111 Thread 0x00000214801b7f70 Uncommon trap: trap_request=0xffffff6e fr.pc=0x00000214d0d8291c relative=0x00000000000003fc
Event: 37.111 Thread 0x00000214801b7f70 Uncommon trap: reason=loop_limit_check action=maybe_recompile pc=0x00000214d0d8291c method=java.lang.StringLatin1.indexOf([BI[BII)I @ 37 c2
Event: 37.111 Thread 0x00000214801b7f70 DEOPT PACKING pc=0x00000214d0d8291c sp=0x000000d5b21ff240
Event: 37.111 Thread 0x00000214801b7f70 DEOPT UNPACKING pc=0x00000214d05f69a3 sp=0x000000d5b21ff1c8 mode 2
Event: 38.800 Thread 0x00000214801b7f70 Uncommon trap: trap_request=0xffffff45 fr.pc=0x00000214d0ddc32c relative=0x000000000000154c
Event: 38.800 Thread 0x00000214801b7f70 Uncommon trap: reason=unstable_if action=reinterpret pc=0x00000214d0ddc32c method=java.util.concurrent.ConcurrentHashMap.transfer([Ljava/util/concurrent/ConcurrentHashMap$Node;[Ljava/util/concurrent/ConcurrentHashMap$Node;)V @ 26 c2
Event: 38.800 Thread 0x00000214801b7f70 DEOPT PACKING pc=0x00000214d0ddc32c sp=0x000000d5b21fd2a0
Event: 38.800 Thread 0x00000214801b7f70 DEOPT UNPACKING pc=0x00000214d05f69a3 sp=0x000000d5b21fd210 mode 2
Event: 41.036 Thread 0x00000214801b7f70 DEOPT PACKING pc=0x00000214c9550cca sp=0x000000d5b21fc490
Event: 41.036 Thread 0x00000214801b7f70 DEOPT UNPACKING pc=0x00000214d05f7143 sp=0x000000d5b21fb9a0 mode 0
Event: 43.360 Thread 0x00000214801b7f70 Uncommon trap: trap_request=0xffffff45 fr.pc=0x00000214d0d4af8c relative=0x000000000000024c
Event: 43.360 Thread 0x00000214801b7f70 Uncommon trap: reason=unstable_if action=reinterpret pc=0x00000214d0d4af8c method=java.util.HashMap.getNode(Ljava/lang/Object;)Ljava/util/HashMap$Node; @ 66 c2
Event: 43.360 Thread 0x00000214801b7f70 DEOPT PACKING pc=0x00000214d0d4af8c sp=0x000000d5b21fc6d0
Event: 43.360 Thread 0x00000214801b7f70 DEOPT UNPACKING pc=0x00000214d05f69a3 sp=0x000000d5b21fc650 mode 2
Event: 43.516 Thread 0x00000214801b7f70 Uncommon trap: trap_request=0xffffff45 fr.pc=0x00000214d0daade8 relative=0x0000000000000248
Event: 43.516 Thread 0x00000214801b7f70 Uncommon trap: reason=unstable_if action=reinterpret pc=0x00000214d0daade8 method=java.util.concurrent.ConcurrentHashMap.get(Ljava/lang/Object;)Ljava/lang/Object; @ 76 c2
Event: 43.516 Thread 0x00000214801b7f70 DEOPT PACKING pc=0x00000214d0daade8 sp=0x000000d5b21fbb90
Event: 43.516 Thread 0x00000214801b7f70 DEOPT UNPACKING pc=0x00000214d05f69a3 sp=0x000000d5b21fbaf8 mode 2

Classes loaded (20 events):
Event: 43.514 Loading class jdk/internal/vm/annotation/IntrinsicCandidate
Event: 43.515 Loading class jdk/internal/vm/annotation/IntrinsicCandidate done
Event: 43.530 Loading class java/util/stream/MatchOps$MatchKind
Event: 43.547 Loading class java/util/stream/MatchOps$MatchKind done
Event: 43.548 Loading class java/util/stream/MatchOps
Event: 43.562 Loading class java/util/stream/MatchOps done
Event: 43.576 Loading class java/util/stream/MatchOps$MatchOp
Event: 43.669 Loading class java/util/stream/MatchOps$MatchOp done
Event: 43.670 Loading class java/util/stream/MatchOps$BooleanTerminalSink
Event: 43.672 Loading class java/util/stream/MatchOps$BooleanTerminalSink done
Event: 43.674 Loading class java/util/stream/MatchOps$1MatchSink
Event: 43.674 Loading class java/util/stream/MatchOps$1MatchSink done
Event: 46.504 Loading class java/lang/invoke/MethodHandle$1
Event: 46.545 Loading class java/lang/invoke/MethodHandle$1 done
Event: 46.964 Loading class java/util/ConcurrentModificationException
Event: 46.967 Loading class java/util/ConcurrentModificationException done
Event: 48.493 Loading class sun/reflect/generics/scope/ConstructorScope
Event: 48.493 Loading class sun/reflect/generics/scope/ConstructorScope done
Event: 48.493 Loading class sun/reflect/generics/tree/VoidDescriptor
Event: 48.522 Loading class sun/reflect/generics/tree/VoidDescriptor done

Classes unloaded (0 events):
No events

Classes redefined (0 events):
No events

Internal exceptions (20 events):
Event: 3.916 Thread 0x00000214c160eac0 Exception <a 'java/lang/NoSuchMethodError'{0x000000008eadec38}: 'void java.lang.invoke.DelegatingMethodHandle$Holder.delegate(java.lang.Object, java.lang.Object, int, java.lang.Object)'> (0x000000008eadec38) 
thrown [s\src\hotspot\share\interpreter\linkResolver.cpp, line 759]
Event: 3.917 Thread 0x00000214c160eac0 Exception <a 'java/lang/NoSuchMethodError'{0x000000008eae2d80}: 'int java.lang.invoke.DirectMethodHandle$Holder.invokeSpecial(java.lang.Object, java.lang.Object, java.lang.Object)'> (0x000000008eae2d80) 
thrown [s\src\hotspot\share\interpreter\linkResolver.cpp, line 759]
Event: 3.924 Thread 0x00000214c160eac0 Exception <a 'java/lang/NoSuchMethodError'{0x000000008eaf6c08}: 'java.lang.Object java.lang.invoke.Invokers$Holder.invokeExact_MT(java.lang.Object, java.lang.Object, java.lang.Object, java.lang.Object)'> (0x000000008eaf6c08) 
thrown [s\src\hotspot\share\interpreter\linkResolver.cpp, line 759]
Event: 6.500 Thread 0x00000214c160eac0 Exception <a 'java/lang/NoSuchMethodError'{0x000000008f798008}: 'void java.lang.invoke.DirectMethodHandle$Holder.invokeInterface(java.lang.Object, java.lang.Object, java.lang.Object)'> (0x000000008f798008) 
thrown [s\src\hotspot\share\interpreter\linkResolver.cpp, line 759]
Event: 8.915 Thread 0x00000214c160eac0 Exception <a 'java/lang/NoSuchMethodError'{0x000000008ed91628}: 'java.lang.Object java.lang.invoke.DirectMethodHandle$Holder.invokeStaticInit(java.lang.Object)'> (0x000000008ed91628) 
thrown [s\src\hotspot\share\interpreter\linkResolver.cpp, line 759]
Event: 9.017 Thread 0x00000214c160eac0 Exception <a 'java/lang/NoSuchMethodError'{0x000000008eded7f0}: 'java.lang.Object java.lang.invoke.DirectMethodHandle$Holder.invokeInterface(java.lang.Object, java.lang.Object)'> (0x000000008eded7f0) 
thrown [s\src\hotspot\share\interpreter\linkResolver.cpp, line 759]
Event: 10.321 Thread 0x00000214c160eac0 Exception <a 'java/lang/NoSuchMethodError'{0x000000008e8eb670}: 'java.lang.Object java.lang.invoke.DirectMethodHandle$Holder.invokeStaticInit(java.lang.Object, int, int, int, int)'> (0x000000008e8eb670) 
thrown [s\src\hotspot\share\interpreter\linkResolver.cpp, line 759]
Event: 14.003 Thread 0x00000214c160eac0 Exception <a 'java/lang/NoSuchMethodError'{0x000000008e72a708}: 'java.lang.Object java.lang.invoke.DirectMethodHandle$Holder.invokeStaticInit(java.lang.Object, java.lang.Object, int, int, int, int)'> (0x000000008e72a708) 
thrown [s\src\hotspot\share\interpreter\linkResolver.cpp, line 759]
Event: 19.678 Thread 0x00000214c160eac0 Exception <a 'java/lang/NoSuchMethodError'{0x000000008e6c36e0}: 'void java.lang.invoke.DirectMethodHandle$Holder.invokeStatic(java.lang.Object, java.lang.Object, java.lang.Object)'> (0x000000008e6c36e0) 
thrown [s\src\hotspot\share\interpreter\linkResolver.cpp, line 759]
Event: 20.214 Thread 0x00000214c160eac0 Exception <a 'java/io/IOException'{0x000000008e5776f0}> (0x000000008e5776f0) 
thrown [s\src\hotspot\share\prims\jni.cpp, line 516]
Event: 40.935 Thread 0x00000214801b7f70 Exception <a 'java/lang/NoSuchMethodError'{0x000000008de42050}: 'long java.lang.invoke.DirectMethodHandle$Holder.invokeInterface(java.lang.Object, java.lang.Object)'> (0x000000008de42050) 
thrown [s\src\hotspot\share\interpreter\linkResolver.cpp, line 759]
Event: 41.472 Thread 0x00000214801b7f70 Exception <a 'java/lang/NoSuchMethodError'{0x000000008de83e50}: 'java.lang.Object java.lang.invoke.DirectMethodHandle$Holder.invokeVirtual(java.lang.Object, java.lang.Object, java.lang.Object)'> (0x000000008de83e50) 
thrown [s\src\hotspot\share\interpreter\linkResolver.cpp, line 759]
Event: 43.505 Thread 0x00000214801b7f70 Exception <a 'java/lang/NoSuchMethodError'{0x000000008d521c00}: 'java.lang.Object java.lang.invoke.DirectMethodHandle$Holder.newInvokeSpecial(java.lang.Object, java.lang.Object, java.lang.Object, java.lang.Object, java.lang.Object)'> (0x000000008d521c00) 
thrown [s\src\hotspot\share\interpreter\linkResolver.cpp, line 759]
Event: 44.163 Thread 0x00000214801b7f70 Exception <a 'java/lang/NoSuchMethodError'{0x000000008d4c7010}: 'void java.lang.invoke.DirectMethodHandle$Holder.invokeSpecial(java.lang.Object, java.lang.Object, java.lang.Object)'> (0x000000008d4c7010) 
thrown [s\src\hotspot\share\interpreter\linkResolver.cpp, line 759]
Event: 45.651 Thread 0x00000214801b7f70 Exception <a 'java/lang/NoSuchMethodError'{0x000000008d348008}: 'java.lang.Object java.lang.invoke.DirectMethodHandle$Holder.newInvokeSpecial(java.lang.Object, java.lang.Object, java.lang.Object, java.lang.Object, java.lang.Object, java.lang.Object)'> (0x000000008d348008) 
thrown [s\src\hotspot\share\interpreter\linkResolver.cpp, line 759]
Event: 45.653 Thread 0x00000214801b7f70 Exception <a 'java/lang/NoSuchMethodError'{0x000000008d355028}: 'void java.lang.invoke.DirectMethodHandle$Holder.invokeSpecial(java.lang.Object, java.lang.Object, java.lang.Object, java.lang.Object, java.lang.Object)'> (0x000000008d355028) 
thrown [s\src\hotspot\share\interpreter\linkResolver.cpp, line 759]
Event: 50.246 Thread 0x00000214801b7f70 Exception <a 'java/lang/NoSuchMethodError'{0x000000008d1e0218}: 'void java.lang.invoke.DelegatingMethodHandle$Holder.reinvoke_L(java.lang.Object, java.lang.Object, java.lang.Object, java.lang.Object, java.lang.Object, java.lang.Object, java.lang.Object, java.lang.Object, java.lang.Object, java.lang.Object, java.lang.Object)'> (0x000000008d1e0218) 
thrown [s\src\hotspot\share\interpreter\linkResolver.cpp, line 759]
Event: 50.252 Thread 0x00000214801b7f70 Exception <a 'java/lang/NoSuchMethodError'{0x000000008d1e8d18}: 'java.lang.Object java.lang.invoke.DirectMethodHandle$Holder.invokeSpecial(java.lang.Object, java.lang.Object, java.lang.Object, java.lang.Object, java.lang.Object, java.lang.Object, java.lang.Object, java.lang.Object, java.lang.Object, java.lang.Object, java.lang.Object)'> (0x000000008d1e8d18) 
thrown [s\src\hotspot\share\interpreter\linkResolver.cpp, line 759]
Event: 50.253 Thread 0x00000214801b7f70 Exception <a 'java/lang/NoSuchMethodError'{0x000000008d1ed7e0}: 'java.lang.Object java.lang.invoke.Invokers$Holder.invoker(java.lang.Object, java.lang.Object, java.lang.Object, java.lang.Object, java.lang.Object, java.lang.Object, java.lang.Object, java.lang.Object, java.lang.Object, java.lang.Object, java.lang.Object)'> (0x000000008d1ed7e0) 
thrown [s\src\hotspot\share\interpreter\linkResolver.cpp, line 759]
Event: 50.255 Thread 0x00000214801b7f70 Exception <a 'java/lang/NoSuchMethodError'{0x000000008d1f35d8}: 'java.lang.Object java.lang.invoke.DirectMethodHandle$Holder.invokeSpecial(java.lang.Object, java.lang.Object, java.lang.Object, java.lang.Object, java.lang.Object, java.lang.Object, java.lang.Object, java.lang.Object, java.lang.Object, java.lang.Object, java.lang.Object, java.lang.Object)'> (0x000000008d1f35d8) 
thrown [s\src\hotspot\share\interpreter\linkResolver.cpp, line 759]

VM Operations (20 events):
Event: 37.057 Executing VM operation: Cleanup
Event: 37.073 Executing VM operation: Cleanup done
Event: 38.082 Executing VM operation: Cleanup
Event: 38.082 Executing VM operation: Cleanup done
Event: 39.089 Executing VM operation: Cleanup
Event: 39.119 Executing VM operation: Cleanup done
Event: 40.128 Executing VM operation: Cleanup
Event: 40.130 Executing VM operation: Cleanup done
Event: 41.138 Executing VM operation: Cleanup
Event: 41.263 Executing VM operation: Cleanup done
Event: 42.266 Executing VM operation: Cleanup
Event: 42.282 Executing VM operation: Cleanup done
Event: 44.307 Executing VM operation: Cleanup
Event: 44.307 Executing VM operation: Cleanup done
Event: 48.343 Executing VM operation: Cleanup
Event: 48.359 Executing VM operation: Cleanup done
Event: 49.365 Executing VM operation: Cleanup
Event: 49.751 Executing VM operation: Cleanup done
Event: 50.760 Executing VM operation: Cleanup
Event: 51.197 Executing VM operation: Cleanup done

Memory protections (0 events):
No events

Nmethod flushes (0 events):
No events

Events (20 events):
Event: 3.705 Thread 0x0000021480097820 Thread exited: 0x0000021480097820
Event: 3.943 Thread 0x00000214e0627c10 Thread added: 0x0000021480726b60
Event: 4.440 Thread 0x0000021480726b60 Thread exited: 0x0000021480726b60
Event: 5.029 Thread 0x00000214e0627c10 Thread added: 0x00000214807dda50
Event: 5.029 Thread 0x00000214e0627c10 Thread added: 0x00000214807ddf70
Event: 6.135 Thread 0x00000214807ddf70 Thread exited: 0x00000214807ddf70
Event: 9.041 Thread 0x00000214c160eac0 Thread added: 0x00000214822989d0
Event: 10.197 Thread 0x00000214807dda50 Thread exited: 0x00000214807dda50
Event: 10.210 Thread 0x00000214e0797ac0 Thread exited: 0x00000214e0797ac0
Event: 10.815 Thread 0x00000214e0627c10 Thread added: 0x000002148176dca0
Event: 13.998 Thread 0x000002148176dca0 Thread exited: 0x000002148176dca0
Event: 19.552 Thread 0x00000214c160eac0 Thread added: 0x0000021480ac7f90
Event: 20.238 Thread 0x00000214c160eac0 Thread added: 0x0000021481185830
Event: 29.555 Thread 0x0000021480ac7f90 Thread added: 0x00000214809fd430
Event: 29.609 Thread 0x00000214809fd430 Thread added: 0x000002148176dca0
Event: 36.234 Thread 0x00000214809fd430 Thread added: 0x00000214801b7a90
Event: 37.028 Thread 0x00000214809fd430 Thread added: 0x00000214801b7f70
Event: 37.497 Thread 0x00000214801b7f70 Thread added: 0x000002148030cdb0
Event: 37.892 Thread 0x00000214801b7f70 Thread added: 0x000002148030af50
Event: 38.231 Thread 0x00000214801b7f70 Thread added: 0x000002148030be80


Dynamic libraries:
0x00007ff687c40000 - 0x00007ff687c4e000 	C:\Program Files\Eclipse Adoptium\jdk-17.0.15.6-hotspot\bin\java.exe
0x00007fffc3680000 - 0x00007fffc38e6000 	C:\WINDOWS\SYSTEM32\ntdll.dll
0x00007fffc2160000 - 0x00007fffc2229000 	C:\WINDOWS\System32\KERNEL32.DLL
0x00007fffc0ae0000 - 0x00007fffc0eac000 	C:\WINDOWS\System32\KERNELBASE.dll
0x0000000070320000 - 0x00000000703bd000 	C:\ProgramData\Symantec\Symantec Endpoint Protection\14.3.9205.6000.105\Data\Sysfer\x64\sysfer.dll
0x00007fffc0810000 - 0x00007fffc095b000 	C:\WINDOWS\System32\ucrtbase.dll
0x00007fff9be20000 - 0x00007fff9be37000 	C:\Program Files\Eclipse Adoptium\jdk-17.0.15.6-hotspot\bin\jli.dll
0x00007fffc14c0000 - 0x00007fffc168a000 	C:\WINDOWS\System32\USER32.dll
0x00007fffc1360000 - 0x00007fffc1387000 	C:\WINDOWS\System32\win32u.dll
0x00007fffc1730000 - 0x00007fffc175b000 	C:\WINDOWS\System32\GDI32.dll
0x00007fffc0f70000 - 0x00007fffc10a2000 	C:\WINDOWS\System32\gdi32full.dll
0x00007fffc1390000 - 0x00007fffc1433000 	C:\WINDOWS\System32\msvcp_win.dll
0x00007fff99aa0000 - 0x00007fff99abe000 	C:\Program Files\Eclipse Adoptium\jdk-17.0.15.6-hotspot\bin\VCRUNTIME140.dll
0x00007fffa61a0000 - 0x00007fffa643a000 	C:\WINDOWS\WinSxS\amd64_microsoft.windows.common-controls_6595b64144ccf1df_6.0.26100.3912_none_3e07963ce335137e\COMCTL32.dll
0x00007fffc3590000 - 0x00007fffc3639000 	C:\WINDOWS\System32\msvcrt.dll
0x00007fffc2850000 - 0x00007fffc2880000 	C:\WINDOWS\System32\IMM32.DLL
0x00007fffa4250000 - 0x00007fffa425c000 	C:\Program Files\Eclipse Adoptium\jdk-17.0.15.6-hotspot\bin\vcruntime140_1.dll
0x00007fff7c670000 - 0x00007fff7c6fd000 	C:\Program Files\Eclipse Adoptium\jdk-17.0.15.6-hotspot\bin\msvcp140.dll
0x00007fff3e940000 - 0x00007fff3f5ab000 	C:\Program Files\Eclipse Adoptium\jdk-17.0.15.6-hotspot\bin\server\jvm.dll
0x00007fffc2e40000 - 0x00007fffc2ef2000 	C:\WINDOWS\System32\ADVAPI32.dll
0x00007fffc1760000 - 0x00007fffc1806000 	C:\WINDOWS\System32\sechost.dll
0x00007fffc2040000 - 0x00007fffc2156000 	C:\WINDOWS\System32\RPCRT4.dll
0x00007fffc3500000 - 0x00007fffc3574000 	C:\WINDOWS\System32\WS2_32.dll
0x00007fffc0680000 - 0x00007fffc06de000 	C:\WINDOWS\SYSTEM32\POWRPROF.dll
0x00007fffb52a0000 - 0x00007fffb52d6000 	C:\WINDOWS\SYSTEM32\WINMM.dll
0x00007fffa9820000 - 0x00007fffa982b000 	C:\WINDOWS\SYSTEM32\VERSION.dll
0x00007fffc0660000 - 0x00007fffc0674000 	C:\WINDOWS\SYSTEM32\UMPDC.dll
0x00007fffbf5d0000 - 0x00007fffbf5ea000 	C:\WINDOWS\SYSTEM32\kernel.appcore.dll
0x00007fffa41b0000 - 0x00007fffa41ba000 	C:\Program Files\Eclipse Adoptium\jdk-17.0.15.6-hotspot\bin\jimage.dll
0x00007fffbe100000 - 0x00007fffbe341000 	C:\WINDOWS\SYSTEM32\DBGHELP.DLL
0x00007fffc3000000 - 0x00007fffc3384000 	C:\WINDOWS\System32\combase.dll
0x00007fffc2b40000 - 0x00007fffc2c20000 	C:\WINDOWS\System32\OLEAUT32.dll
0x00007fff95100000 - 0x00007fff95139000 	C:\WINDOWS\SYSTEM32\dbgcore.DLL
0x00007fffc12c0000 - 0x00007fffc1359000 	C:\WINDOWS\System32\bcryptPrimitives.dll
0x00007fff988b0000 - 0x00007fff988d5000 	C:\Program Files\Eclipse Adoptium\jdk-17.0.15.6-hotspot\bin\java.dll
0x00007fff7c590000 - 0x00007fff7c667000 	C:\Program Files\Eclipse Adoptium\jdk-17.0.15.6-hotspot\bin\jsvml.dll
0x00007fffc1890000 - 0x00007fffc1fbd000 	C:\WINDOWS\System32\SHELL32.dll
0x00007fffc0960000 - 0x00007fffc0ad4000 	C:\WINDOWS\System32\wintypes.dll
0x00007fffbe450000 - 0x00007fffbeca6000 	C:\WINDOWS\SYSTEM32\windows.storage.dll
0x00007fffc2f00000 - 0x00007fffc2fef000 	C:\WINDOWS\System32\SHCORE.dll
0x00007fffc1820000 - 0x00007fffc1889000 	C:\WINDOWS\System32\shlwapi.dll
0x00007fffc0720000 - 0x00007fffc074f000 	C:\WINDOWS\SYSTEM32\profapi.dll
0x00007fff99a10000 - 0x00007fff99a29000 	C:\Program Files\Eclipse Adoptium\jdk-17.0.15.6-hotspot\bin\net.dll
0x00007fffaf2b0000 - 0x00007fffaf3ce000 	C:\WINDOWS\SYSTEM32\WINHTTP.dll
0x00007fffbfb40000 - 0x00007fffbfbaa000 	C:\WINDOWS\system32\mswsock.dll
0x00007fff98f80000 - 0x00007fff98f96000 	C:\Program Files\Eclipse Adoptium\jdk-17.0.15.6-hotspot\bin\nio.dll
0x00007fff98520000 - 0x00007fff98538000 	C:\Program Files\Eclipse Adoptium\jdk-17.0.15.6-hotspot\bin\zip.dll
0x00007fffa4150000 - 0x00007fffa4160000 	C:\Program Files\Eclipse Adoptium\jdk-17.0.15.6-hotspot\bin\verify.dll
0x00007fff98930000 - 0x00007fff98957000 	C:\Users\karth\.gradle\native\68d5fa5c4cc2d200863cafc0d521ce42e7d3e7ee720ec0a83991735586a16f82\windows-amd64\native-platform.dll
0x00007fff7c440000 - 0x00007fff7c584000 	C:\Users\karth\.gradle\native\e376f236ea51e6404a007f0833ffe2c6e607c4080706a723a18a27aeea778392\windows-amd64\native-platform-file-events.dll
0x00007fffa0910000 - 0x00007fffa091a000 	C:\Program Files\Eclipse Adoptium\jdk-17.0.15.6-hotspot\bin\management.dll
0x00007fffa0830000 - 0x00007fffa083b000 	C:\Program Files\Eclipse Adoptium\jdk-17.0.15.6-hotspot\bin\management_ext.dll
0x00007fffc3580000 - 0x00007fffc3588000 	C:\WINDOWS\System32\PSAPI.DLL
0x00007fffbfde0000 - 0x00007fffbfdfc000 	C:\WINDOWS\SYSTEM32\CRYPTSP.dll
0x00007fffbf530000 - 0x00007fffbf56a000 	C:\WINDOWS\system32\rsaenh.dll
0x00007fffbfbe0000 - 0x00007fffbfc0b000 	C:\WINDOWS\SYSTEM32\USERENV.dll
0x00007fffc06f0000 - 0x00007fffc0716000 	C:\WINDOWS\SYSTEM32\bcrypt.dll
0x00007fffbfe00000 - 0x00007fffbfe0c000 	C:\WINDOWS\SYSTEM32\CRYPTBASE.dll
0x00007fffbf070000 - 0x00007fffbf0a3000 	C:\WINDOWS\SYSTEM32\IPHLPAPI.DLL
0x00007fffc2740000 - 0x00007fffc274a000 	C:\WINDOWS\System32\NSI.dll
0x00007fffb72a0000 - 0x00007fffb72bf000 	C:\WINDOWS\SYSTEM32\dhcpcsvc6.DLL
0x00007fffb7030000 - 0x00007fffb7055000 	C:\WINDOWS\SYSTEM32\dhcpcsvc.DLL
0x00007fffbf140000 - 0x00007fffbf267000 	C:\WINDOWS\SYSTEM32\DNSAPI.dll
0x00007fff9c160000 - 0x00007fff9c169000 	C:\Program Files\Eclipse Adoptium\jdk-17.0.15.6-hotspot\bin\extnet.dll
0x00007fff9bf40000 - 0x00007fff9bf4e000 	C:\Program Files\Eclipse Adoptium\jdk-17.0.15.6-hotspot\bin\sunmscapi.dll
0x00007fffc10b0000 - 0x00007fffc1227000 	C:\WINDOWS\System32\CRYPT32.dll
0x00007fffbfff0000 - 0x00007fffc0020000 	C:\WINDOWS\SYSTEM32\ncrypt.dll
0x00007fffbffa0000 - 0x00007fffbffdf000 	C:\WINDOWS\SYSTEM32\NTASN1.dll
0x00007fffa3df0000 - 0x00007fffa3df8000 	C:\WINDOWS\system32\wshunix.dll

dbghelp: loaded successfully - version: 4.0.5 - missing functions: none
symbol engine: initialized successfully - sym options: 0x614 - pdb path: .;C:\Program Files\Eclipse Adoptium\jdk-17.0.15.6-hotspot\bin;C:\WINDOWS\SYSTEM32;C:\ProgramData\Symantec\Symantec Endpoint Protection\14.3.9205.6000.105\Data\Sysfer\x64;C:\WINDOWS\WinSxS\amd64_microsoft.windows.common-controls_6595b64144ccf1df_6.0.26100.3912_none_3e07963ce335137e;C:\Program Files\Eclipse Adoptium\jdk-17.0.15.6-hotspot\bin\server;C:\Users\karth\.gradle\native\68d5fa5c4cc2d200863cafc0d521ce42e7d3e7ee720ec0a83991735586a16f82\windows-amd64;C:\Users\karth\.gradle\native\e376f236ea51e6404a007f0833ffe2c6e607c4080706a723a18a27aeea778392\windows-amd64

VM Arguments:
jvm_args: -XX:MaxMetaspaceSize=512m --add-opens=java.base/java.util=ALL-UNNAMED --add-opens=java.base/java.lang=ALL-UNNAMED --add-opens=java.base/java.lang.invoke=ALL-UNNAMED --add-opens=java.prefs/java.util.prefs=ALL-UNNAMED --add-opens=java.base/java.nio.charset=ALL-UNNAMED --add-opens=java.base/java.net=ALL-UNNAMED --add-opens=java.base/java.util.concurrent.atomic=ALL-UNNAMED -Xmx2048m -Dfile.encoding=UTF-8 -Duser.country=CA -Duser.language=en -Duser.variant 
java_command: org.gradle.launcher.daemon.bootstrap.GradleDaemon 8.0.1
java_class_path (initial): C:\Users\karth\.gradle\wrapper\dists\gradle-8.0.1-all\aro4hu1c3oeioove7l0i4i14o\gradle-8.0.1\lib\gradle-launcher-8.0.1.jar
Launcher Type: SUN_STANDARD

[Global flags]
     intx CICompilerCount                          = 12                                        {product} {ergonomic}
   size_t CompressedClassSpaceSize                 = 436207616                                 {product} {ergonomic}
     uint ConcGCThreads                            = 3                                         {product} {ergonomic}
     uint G1ConcRefinementThreads                  = 13                                        {product} {ergonomic}
   size_t G1HeapRegionSize                         = 1048576                                   {product} {ergonomic}
    uintx GCDrainStackTargetSize                   = 64                                        {product} {ergonomic}
   size_t InitialHeapSize                          = 264241152                                 {product} {ergonomic}
   size_t MarkStackSize                            = 4194304                                   {product} {ergonomic}
   size_t MaxHeapSize                              = 2147483648                                {product} {command line}
   size_t MaxMetaspaceSize                         = 536870912                                 {product} {command line}
   size_t MaxNewSize                               = 1287651328                                {product} {ergonomic}
   size_t MinHeapDeltaBytes                        = 1048576                                   {product} {ergonomic}
   size_t MinHeapSize                              = 8388608                                   {product} {ergonomic}
    uintx NonNMethodCodeHeapSize                   = 7602480                                {pd product} {ergonomic}
    uintx NonProfiledCodeHeapSize                  = 122027880                              {pd product} {ergonomic}
    uintx ProfiledCodeHeapSize                     = 122027880                              {pd product} {ergonomic}
    uintx ReservedCodeCacheSize                    = 251658240                              {pd product} {ergonomic}
     bool SegmentedCodeCache                       = true                                      {product} {ergonomic}
   size_t SoftMaxHeapSize                          = 2147483648                             {manageable} {ergonomic}
     bool UseCompressedClassPointers               = true                           {product lp64_product} {ergonomic}
     bool UseCompressedOops                        = true                           {product lp64_product} {ergonomic}
     bool UseG1GC                                  = true                                      {product} {ergonomic}
     bool UseLargePagesIndividualAllocation        = false                                  {pd product} {ergonomic}

Logging:
Log output configuration:
 #0: stdout all=warning uptime,level,tags
 #1: stderr all=off uptime,level,tags

Environment Variables:
JAVA_HOME=C:\Program Files\Java\jdk-23
CLASSPATH=C:\Users\karth\CascadeProjects\MobileAppAndroid\android\\gradle\wrapper\gradle-wrapper.jar
PATH=C:\Users\karth\CascadeProjects\MobileAppAndroid\node_modules\.bin;C:\Users\karth\CascadeProjects\MobileAppAndroid\node_modules\.bin;C:\Users\karth\CascadeProjects\node_modules\.bin;C:\Users\karth\node_modules\.bin;C:\Users\node_modules\.bin;C:\node_modules\.bin;C:\Program Files\nodejs\node_modules\npm\node_modules\@npmcli\run-script\lib\node-gyp-bin;C:\Users\karth\CascadeProjects\MobileAppAndroid\node_modules\.bin;C:\Users\karth\CascadeProjects\MobileAppAndroid\node_modules\.bin;C:\Users\karth\CascadeProjects\node_modules\.bin;C:\Users\karth\node_modules\.bin;C:\Users\node_modules\.bin;C:\node_modules\.bin;C:\Program Files\nodejs\node_modules\npm\node_modules\@npmcli\run-script\lib\node-gyp-bin;C:\Program Files\Eclipse Adoptium\jdk-17.0.15.6-hotspot\bin;C:\Program Files\Common Files\Oracle\Java\javapath;C:\WINDOWS\system32;C:\WINDOWS;C:\WINDOWS\System32\Wbem;C:\WINDOWS\System32\WindowsPowerShell\v1.0\;C:\WINDOWS\System32\OpenSSH\;C:\Program Files\nodejs\;C:\Program Files (x86)\nikto\program;C:\Program Files (x86)\curl;D:\GoWorkspace\bin;C:\Program Files\Go\bin;C:\Program Files\Git\cmd;C:\Users\karth\AppData\Local\Android\Sdk;C:\Users\karth\AppData\Local\Android\Sdk\platform-tools;C:\Program Files\Eclipse Adoptium\jdk-17.0.15.6-hotspot\bin;C:\Program Files\Common Files\Oracle\Java\javapath;C:\WINDOWS\system32;C:\WINDOWS;C:\WINDOWS\System32\Wbem;C:\WINDOWS\System32\WindowsPowerShell\v1.0\;C:\WINDOWS\System32\OpenSSH\;C:\Program Files\nodejs\;C:\Program Files\Git\cmd;C:\Users\karth\AppData\Local\Microsoft\WindowsApps;C:\Users\karth\AppData\Local\Programs\Microsoft VS Code\bin;C:\Users\karth\AppData\Roaming\npm;C:\Users\karth\go\bin;C:\Users\karth\AppData\Local\Programs\Windsurf\bin
USERNAME=karth
OS=Windows_NT
PROCESSOR_IDENTIFIER=Intel64 Family 6 Model 154 Stepping 3, GenuineIntel
TMP=C:\Users\karth\AppData\Local\Temp
TEMP=C:\Users\karth\AppData\Local\Temp



Periodic native trim disabled


---------------  S Y S T E M  ---------------

OS:
 Windows 11 , 64 bit Build 26100 (10.0.26100.3912)
OS uptime: 10 days 13:34 hours
Hyper-V role detected

CPU: total 16 (initial active 16) (8 cores per cpu, 2 threads per core) family 6 model 154 stepping 3 microcode 0x416, cx8, cmov, fxsr, ht, mmx, 3dnowpref, sse, sse2, sse3, ssse3, sse4.1, sse4.2, popcnt, lzcnt, tsc, tscinvbit, avx, avx2, aes, erms, clmul, bmi1, bmi2, adx, sha, fma, vzeroupper, clflush, clflushopt, clwb, hv
Processor Information for processor 0
  Max Mhz: 2100, Current Mhz: 2100, Mhz Limit: 2100
Processor Information for processor 1
  Max Mhz: 2100, Current Mhz: 2100, Mhz Limit: 2100
Processor Information for processor 2
  Max Mhz: 2100, Current Mhz: 2100, Mhz Limit: 2100
Processor Information for processor 3
  Max Mhz: 2100, Current Mhz: 2100, Mhz Limit: 2100
Processor Information for processor 4
  Max Mhz: 2100, Current Mhz: 2100, Mhz Limit: 2100
Processor Information for processor 5
  Max Mhz: 2100, Current Mhz: 2100, Mhz Limit: 2100
Processor Information for processor 6
  Max Mhz: 2100, Current Mhz: 2100, Mhz Limit: 2100
Processor Information for processor 7
  Max Mhz: 2100, Current Mhz: 2100, Mhz Limit: 2100
Processor Information for processor 8
  Max Mhz: 2100, Current Mhz: 1500, Mhz Limit: 1491
Processor Information for processor 9
  Max Mhz: 2100, Current Mhz: 1500, Mhz Limit: 1491
Processor Information for processor 10
  Max Mhz: 2100, Current Mhz: 1500, Mhz Limit: 1491
Processor Information for processor 11
  Max Mhz: 2100, Current Mhz: 1500, Mhz Limit: 1491
Processor Information for processor 12
  Max Mhz: 2100, Current Mhz: 1500, Mhz Limit: 1491
Processor Information for processor 13
  Max Mhz: 2100, Current Mhz: 1500, Mhz Limit: 1491
Processor Information for processor 14
  Max Mhz: 2100, Current Mhz: 1500, Mhz Limit: 1491
Processor Information for processor 15
  Max Mhz: 2100, Current Mhz: 1500, Mhz Limit: 1491

Memory: 4k page, system-wide physical 16088M (0M free)
TotalPageFile size 64210M (AvailPageFile size 23M)
current process WorkingSet (physical memory assigned to process): 14M, peak: 129M
current process commit charge ("private bytes"): 398M, peak: 399M

vm_info: OpenJDK 64-Bit Server VM (17.0.15+6) for windows-amd64 JRE (17.0.15+6), built on Apr 15 2025 21:25:47 by "admin" with MS VC++ 17.7 (VS2022)

END.
