#
# There is insufficient memory for the Java Runtime Environment to continue.
# Native memory allocation (mmap) failed to map 31457280 bytes. Error detail: G1 virtual space
# Possible reasons:
#   The system is out of physical RAM or swap space
#   This process is running with CompressedOops enabled, and the Java Heap may be blocking the growth of the native heap
# Possible solutions:
#   Reduce memory load on the system
#   Increase physical memory or swap space
#   Check if swap backing store is full
#   Decrease Java heap size (-Xmx/-Xms)
#   Decrease number of Java threads
#   Decrease Java thread stack sizes (-Xss)
#   Set larger code cache with -XX:ReservedCodeCacheSize=
#   JVM is running with Unscaled Compressed Oops mode in which the Java heap is
#     placed in the first 4GB address space. The Java Heap base address is the
#     maximum limit for the native heap growth. Please use -XX:HeapBaseMinAddress
#     to set the Java Heap base and to place the Java Heap above 4GB virtual address.
# This output file may be truncated or incomplete.
#
#  Out of Memory Error (os_windows.cpp:3618), pid=66864, tid=66720
#
# JRE version: OpenJDK Runtime Environment Temurin-17.0.15+6 (17.0.15+6) (build 17.0.15+6)
# Java VM: OpenJDK 64-Bit Server VM Temurin-17.0.15+6 (17.0.15+6, mixed mode, sharing, tiered, compressed oops, compressed class ptrs, g1 gc, windows-amd64)
# No core dump will be written. Minidumps are not enabled by default on client versions of Windows
#

---------------  S U M M A R Y ------------

Command Line: -XX:MaxMetaspaceSize=512m --add-opens=java.base/java.util=ALL-UNNAMED --add-opens=java.base/java.lang=ALL-UNNAMED --add-opens=java.base/java.lang.invoke=ALL-UNNAMED --add-opens=java.prefs/java.util.prefs=ALL-UNNAMED --add-opens=java.base/java.nio.charset=ALL-UNNAMED --add-opens=java.base/java.net=ALL-UNNAMED --add-opens=java.base/java.util.concurrent.atomic=ALL-UNNAMED -Xmx2048m -Dfile.encoding=UTF-8 -Duser.country=CA -Duser.language=en -Duser.variant org.gradle.launcher.daemon.bootstrap.GradleDaemon 8.0.1

Host: 12th Gen Intel(R) Core(TM) i7-1260P, 16 cores, 15G,  Windows 11 , 64 bit Build 26100 (10.0.26100.3912)
Time: Mon May 26 02:11:37 2025 Eastern Daylight Time elapsed time: 8648.455497 seconds (0d 2h 24m 8s)

---------------  T H R E A D  ---------------

Current thread (0x00000295ae627010):  VMThread "VM Thread" [stack: 0x000000baaa200000,0x000000baaa300000] [id=66720]

Stack: [0x000000baaa200000,0x000000baaa300000]
Native frames: (J=compiled Java code, j=interpreted, Vv=VM code, C=native code)
V  [jvm.dll+0x682fc9]
V  [jvm.dll+0x839878]
V  [jvm.dll+0x83b323]
V  [jvm.dll+0x83b993]
V  [jvm.dll+0x24725f]
V  [jvm.dll+0x67fda9]
V  [jvm.dll+0x674c9a]
V  [jvm.dll+0x304d06]
V  [jvm.dll+0x30c1c6]
V  [jvm.dll+0x35dd4e]
V  [jvm.dll+0x35df8d]
V  [jvm.dll+0x2dc0cc]
V  [jvm.dll+0x2da46f]
V  [jvm.dll+0x2d9bdc]
V  [jvm.dll+0x31d3bb]
V  [jvm.dll+0x8401cd]
V  [jvm.dll+0x840f03]
V  [jvm.dll+0x84142f]
V  [jvm.dll+0x841814]
V  [jvm.dll+0x8418de]
V  [jvm.dll+0x7e94dc]
V  [jvm.dll+0x681ea7]
C  [ucrtbase.dll+0x37b0]
C  [KERNEL32.DLL+0x2e8d7]
C  [ntdll.dll+0x9c5dc]

VM_Operation (0x000000baab3fd5b0): G1CollectForAllocation, mode: safepoint, requested by thread 0x00000295cf4bfee0


---------------  P R O C E S S  ---------------

Threads class SMR info:
_java_thread_list=0x00000295ce5f6bb0, length=80, elements={
0x000002958f8c2740, 0x00000295ae62ab60, 0x00000295ae62c0a0, 0x00000295ae63c8f0,
0x00000295ae63f1d0, 0x00000295ae63faa0, 0x00000295ae640370, 0x00000295ae640f70,
0x00000295ae648ff0, 0x00000295ae64ea70, 0x00000295aea31cd0, 0x00000295aea343f0,
0x00000295cf7127c0, 0x00000295cf6dd890, 0x00000295cf4bfee0, 0x00000295cf46e470,
0x00000295cf46e950, 0x00000295ce7c0720, 0x00000295ce6fd370, 0x00000295ce6fb000,
0x00000295ce6fd880, 0x00000295ce6fbf30, 0x00000295ce6fe2a0, 0x00000295ce6fc950,
0x00000295ce6fce60, 0x00000295ce6fdd90, 0x00000295ce6fb510, 0x00000295ce6fba20,
0x00000295cf3f4300, 0x00000295cf3f24a0, 0x00000295cf3f33d0, 0x00000295cf3f1f90,
0x00000295cf3f3df0, 0x00000295cf3f4810, 0x00000295cf3f1060, 0x00000295cf3f4d20,
0x00000295cf3f29b0, 0x00000295cf3f1570, 0x00000295cf3f5230, 0x00000295cf3f5740,
0x00000295cf3f6670, 0x00000295cf3f5c50, 0x00000295cf3f6160, 0x00000295cf3f2ec0,
0x00000295cf3f6b80, 0x00000295cf3f89e0, 0x00000295cf3f7090, 0x00000295cf3f75a0,
0x00000295cf3f7ab0, 0x00000295cf3f7fc0, 0x00000295cf3f84d0, 0x00000295ce6fc440,
0x00000295d0e91d40, 0x00000295d0e92760, 0x00000295d0e93180, 0x00000295d0e94ad0,
0x00000295d0e94fe0, 0x00000295d0e93690, 0x00000295d0e92250, 0x00000295d0e91830,
0x00000295d0e954f0, 0x00000295d0e95f10, 0x00000295d0e95a00, 0x00000295d0e96420,
0x00000295d0e92c70, 0x00000295d0e96930, 0x00000295d0e96e40, 0x00000295d0e97350,
0x00000295d0e93ba0, 0x00000295d0e97860, 0x00000295d0e940b0, 0x00000295d0e97d70,
0x00000295d0e945c0, 0x00000295d0e98280, 0x00000295d0e98790, 0x00000295d0e991b0,
0x00000295d0e98ca0, 0x00000295d17bedd0, 0x00000295d17c1140, 0x00000295d17c1650
}

Java Threads: ( => current thread )
  0x000002958f8c2740 JavaThread "main" [_thread_blocked, id=60264, stack(0x000000baa9c00000,0x000000baa9d00000)]
  0x00000295ae62ab60 JavaThread "Reference Handler" daemon [_thread_blocked, id=58304, stack(0x000000baaa300000,0x000000baaa400000)]
  0x00000295ae62c0a0 JavaThread "Finalizer" daemon [_thread_blocked, id=21756, stack(0x000000baaa400000,0x000000baaa500000)]
  0x00000295ae63c8f0 JavaThread "Signal Dispatcher" daemon [_thread_blocked, id=51712, stack(0x000000baaa500000,0x000000baaa600000)]
  0x00000295ae63f1d0 JavaThread "Attach Listener" daemon [_thread_blocked, id=51652, stack(0x000000baaa600000,0x000000baaa700000)]
  0x00000295ae63faa0 JavaThread "Service Thread" daemon [_thread_blocked, id=61192, stack(0x000000baaa700000,0x000000baaa800000)]
  0x00000295ae640370 JavaThread "Monitor Deflation Thread" daemon [_thread_blocked, id=56172, stack(0x000000baaa800000,0x000000baaa900000)]
  0x00000295ae640f70 JavaThread "C2 CompilerThread0" daemon [_thread_blocked, id=49344, stack(0x000000baaa900000,0x000000baaaa00000)]
  0x00000295ae648ff0 JavaThread "C1 CompilerThread0" daemon [_thread_blocked, id=58724, stack(0x000000baaaa00000,0x000000baaab00000)]
  0x00000295ae64ea70 JavaThread "Sweeper thread" daemon [_thread_blocked, id=24156, stack(0x000000baaab00000,0x000000baaac00000)]
  0x00000295aea31cd0 JavaThread "Common-Cleaner" daemon [_thread_blocked, id=55944, stack(0x000000baaac00000,0x000000baaad00000)]
  0x00000295aea343f0 JavaThread "Notification Thread" daemon [_thread_blocked, id=33760, stack(0x000000baaad00000,0x000000baaae00000)]
  0x00000295cf7127c0 JavaThread "Daemon health stats" [_thread_blocked, id=16976, stack(0x000000baab100000,0x000000baab200000)]
  0x00000295cf6dd890 JavaThread "Incoming local TCP Connector on port 33528" [_thread_in_native, id=64392, stack(0x000000baab200000,0x000000baab300000)]
  0x00000295cf4bfee0 JavaThread "Daemon periodic checks" [_thread_blocked, id=31928, stack(0x000000baab300000,0x000000baab400000)]
  0x00000295cf46e470 JavaThread "Daemon" [_thread_blocked, id=30884, stack(0x000000baab400000,0x000000baab500000)]
  0x00000295cf46e950 JavaThread "Handler for socket connection from /127.0.0.1:33528 to /127.0.0.1:33570" [_thread_in_native, id=62400, stack(0x000000baab500000,0x000000baab600000)]
  0x00000295ce7c0720 JavaThread "Cancel handler" [_thread_blocked, id=14092, stack(0x000000baab600000,0x000000baab700000)]
  0x00000295ce6fd370 JavaThread "Daemon worker" [_thread_blocked, id=47648, stack(0x000000baab900000,0x000000baaba00000)]
  0x00000295ce6fb000 JavaThread "Asynchronous log dispatcher for DefaultDaemonConnection: socket connection from /127.0.0.1:33528 to /127.0.0.1:33570" [_thread_blocked, id=16064, stack(0x000000baaba00000,0x000000baabb00000)]
  0x00000295ce6fd880 JavaThread "Daemon client event forwarder" [_thread_blocked, id=56292, stack(0x000000baabc00000,0x000000baabd00000)]
  0x00000295ce6fbf30 JavaThread "Cache worker for journal cache (C:\Users\karth\.gradle\caches\journal-1)" [_thread_blocked, id=66980, stack(0x000000baabd00000,0x000000baabe00000)]
  0x00000295ce6fe2a0 JavaThread "File lock request listener" [_thread_in_native, id=64728, stack(0x000000baabe00000,0x000000baabf00000)]
  0x00000295ce6fc950 JavaThread "Cache worker for file hash cache (C:\Users\karth\.gradle\caches\8.0.1\fileHashes)" [_thread_blocked, id=59396, stack(0x000000baab700000,0x000000baab800000)]
  0x00000295ce6fce60 JavaThread "File watcher server" daemon [_thread_in_native, id=50800, stack(0x000000baab800000,0x000000baab900000)]
  0x00000295ce6fdd90 JavaThread "File watcher consumer" daemon [_thread_blocked, id=67480, stack(0x000000baabb00000,0x000000baabc00000)]
  0x00000295ce6fb510 JavaThread "Cache worker for checksums cache (C:\Users\karth\CascadeProjects\MobileAppAndroid\android\.gradle\8.0.1\checksums)" [_thread_blocked, id=16244, stack(0x000000baac000000,0x000000baac100000)]
  0x00000295ce6fba20 JavaThread "Cache worker for cache directory md-rule (C:\Users\karth\.gradle\caches\8.0.1\md-rule)" [_thread_blocked, id=64548, stack(0x000000baac100000,0x000000baac200000)]
  0x00000295cf3f4300 JavaThread "Cache worker for file content cache (C:\Users\karth\.gradle\caches\8.0.1\fileContent)" [_thread_blocked, id=48356, stack(0x000000baac200000,0x000000baac300000)]
  0x00000295cf3f24a0 JavaThread "Cache worker for file hash cache (C:\Users\karth\CascadeProjects\MobileAppAndroid\android\.gradle\8.0.1\fileHashes)" [_thread_blocked, id=6160, stack(0x000000baacc00000,0x000000baacd00000)]
  0x00000295cf3f33d0 JavaThread "Cache worker for cache directory md-supplier (C:\Users\karth\.gradle\caches\8.0.1\md-supplier)" [_thread_blocked, id=47224, stack(0x000000baacd00000,0x000000baace00000)]
  0x00000295cf3f1f90 JavaThread "Cache worker for execution history cache (C:\Users\karth\.gradle\caches\8.0.1\executionHistory)" [_thread_blocked, id=50000, stack(0x000000baace00000,0x000000baacf00000)]
  0x00000295cf3f3df0 JavaThread "jar transforms" [_thread_blocked, id=56604, stack(0x000000baacf00000,0x000000baad000000)]
  0x00000295cf3f4810 JavaThread "jar transforms Thread 2" [_thread_blocked, id=59556, stack(0x000000baad000000,0x000000baad100000)]
  0x00000295cf3f1060 JavaThread "jar transforms Thread 3" [_thread_blocked, id=35708, stack(0x000000baad100000,0x000000baad200000)]
  0x00000295cf3f4d20 JavaThread "jar transforms Thread 4" [_thread_blocked, id=67672, stack(0x000000baad200000,0x000000baad300000)]
  0x00000295cf3f29b0 JavaThread "Cache worker for kotlin-dsl (C:\Users\karth\.gradle\caches\8.0.1\kotlin-dsl)" [_thread_blocked, id=48224, stack(0x000000baabf00000,0x000000baac000000)]
  0x00000295cf3f1570 JavaThread "File lock release action executor Thread 2" [_thread_blocked, id=42448, stack(0x000000baad400000,0x000000baad500000)]
  0x00000295cf3f5230 JavaThread "jar transforms Thread 5" [_thread_blocked, id=65680, stack(0x000000baad300000,0x000000baad400000)]
  0x00000295cf3f5740 JavaThread "jar transforms Thread 6" [_thread_blocked, id=29476, stack(0x000000baad600000,0x000000baad700000)]
  0x00000295cf3f6670 JavaThread "Cache worker for dependencies-accessors (C:\Users\karth\CascadeProjects\MobileAppAndroid\android\.gradle\8.0.1\dependencies-accessors)" [_thread_blocked, id=55824, stack(0x000000baad700000,0x000000baad800000)]
  0x00000295cf3f5c50 JavaThread "Cache worker for Build Output Cleanup Cache (C:\Users\karth\CascadeProjects\MobileAppAndroid\node_modules\@react-native\gradle-plugin\.gradle\buildOutputCleanup)" [_thread_blocked, id=41096, stack(0x000000baad800000,0x000000baad900000)]
  0x00000295cf3f6160 JavaThread "jar transforms Thread 7" [_thread_blocked, id=34056, stack(0x000000baad500000,0x000000baad600000)]
  0x00000295cf3f2ec0 JavaThread "Unconstrained build operations" [_thread_blocked, id=29064, stack(0x000000baad900000,0x000000baada00000)]
  0x00000295cf3f6b80 JavaThread "Unconstrained build operations Thread 2" [_thread_blocked, id=36180, stack(0x000000baada00000,0x000000baadb00000)]
  0x00000295cf3f89e0 JavaThread "Unconstrained build operations Thread 3" [_thread_blocked, id=64484, stack(0x000000baadb00000,0x000000baadc00000)]
  0x00000295cf3f7090 JavaThread "Unconstrained build operations Thread 4" [_thread_blocked, id=4256, stack(0x000000baadc00000,0x000000baadd00000)]
  0x00000295cf3f75a0 JavaThread "Unconstrained build operations Thread 5" [_thread_blocked, id=61120, stack(0x000000baadd00000,0x000000baade00000)]
  0x00000295cf3f7ab0 JavaThread "Unconstrained build operations Thread 6" [_thread_blocked, id=46948, stack(0x000000baade00000,0x000000baadf00000)]
  0x00000295cf3f7fc0 JavaThread "Unconstrained build operations Thread 7" [_thread_blocked, id=53224, stack(0x000000baadf00000,0x000000baae000000)]
  0x00000295cf3f84d0 JavaThread "Unconstrained build operations Thread 8" [_thread_blocked, id=56240, stack(0x000000baae000000,0x000000baae100000)]
  0x00000295ce6fc440 JavaThread "Unconstrained build operations Thread 9" [_thread_blocked, id=43576, stack(0x000000baae100000,0x000000baae200000)]
  0x00000295d0e91d40 JavaThread "Unconstrained build operations Thread 10" [_thread_blocked, id=11508, stack(0x000000baae200000,0x000000baae300000)]
  0x00000295d0e92760 JavaThread "Unconstrained build operations Thread 11" [_thread_blocked, id=22248, stack(0x000000baae300000,0x000000baae400000)]
  0x00000295d0e93180 JavaThread "Unconstrained build operations Thread 12" [_thread_blocked, id=24140, stack(0x000000baae400000,0x000000baae500000)]
  0x00000295d0e94ad0 JavaThread "Unconstrained build operations Thread 13" [_thread_blocked, id=48228, stack(0x000000baae500000,0x000000baae600000)]
  0x00000295d0e94fe0 JavaThread "Unconstrained build operations Thread 14" [_thread_blocked, id=59676, stack(0x000000baae600000,0x000000baae700000)]
  0x00000295d0e93690 JavaThread "Unconstrained build operations Thread 15" [_thread_blocked, id=14656, stack(0x000000baae700000,0x000000baae800000)]
  0x00000295d0e92250 JavaThread "Unconstrained build operations Thread 16" [_thread_blocked, id=27132, stack(0x000000baae800000,0x000000baae900000)]
  0x00000295d0e91830 JavaThread "Unconstrained build operations Thread 17" [_thread_blocked, id=57208, stack(0x000000baae900000,0x000000baaea00000)]
  0x00000295d0e954f0 JavaThread "Unconstrained build operations Thread 18" [_thread_blocked, id=57064, stack(0x000000baaea00000,0x000000baaeb00000)]
  0x00000295d0e95f10 JavaThread "Unconstrained build operations Thread 19" [_thread_blocked, id=49176, stack(0x000000baaeb00000,0x000000baaec00000)]
  0x00000295d0e95a00 JavaThread "Unconstrained build operations Thread 20" [_thread_blocked, id=50328, stack(0x000000baaec00000,0x000000baaed00000)]
  0x00000295d0e96420 JavaThread "Unconstrained build operations Thread 21" [_thread_blocked, id=68168, stack(0x000000baaed00000,0x000000baaee00000)]
  0x00000295d0e92c70 JavaThread "Unconstrained build operations Thread 22" [_thread_blocked, id=13832, stack(0x000000baaee00000,0x000000baaef00000)]
  0x00000295d0e96930 JavaThread "Unconstrained build operations Thread 23" [_thread_blocked, id=1588, stack(0x000000baaef00000,0x000000baaf000000)]
  0x00000295d0e96e40 JavaThread "Unconstrained build operations Thread 24" [_thread_blocked, id=27276, stack(0x000000baaf000000,0x000000baaf100000)]
  0x00000295d0e97350 JavaThread "Unconstrained build operations Thread 25" [_thread_blocked, id=11540, stack(0x000000baaf100000,0x000000baaf200000)]
  0x00000295d0e93ba0 JavaThread "Unconstrained build operations Thread 26" [_thread_blocked, id=5596, stack(0x000000baaf200000,0x000000baaf300000)]
  0x00000295d0e97860 JavaThread "jar transforms Thread 8" [_thread_blocked, id=47044, stack(0x000000baaf300000,0x000000baaf400000)]
  0x00000295d0e940b0 JavaThread "jar transforms Thread 9" [_thread_blocked, id=47120, stack(0x000000baaf400000,0x000000baaf500000)]
  0x00000295d0e97d70 JavaThread "jar transforms Thread 10" [_thread_blocked, id=59668, stack(0x000000baaf500000,0x000000baaf600000)]
  0x00000295d0e945c0 JavaThread "jar transforms Thread 11" [_thread_blocked, id=49636, stack(0x000000baaf600000,0x000000baaf700000)]
  0x00000295d0e98280 JavaThread "jar transforms Thread 12" [_thread_blocked, id=5112, stack(0x000000baaf700000,0x000000baaf800000)]
  0x00000295d0e98790 JavaThread "jar transforms Thread 13" [_thread_blocked, id=58640, stack(0x000000baaf800000,0x000000baaf900000)]
  0x00000295d0e991b0 JavaThread "jar transforms Thread 14" [_thread_blocked, id=46204, stack(0x000000baaf900000,0x000000baafa00000)]
  0x00000295d0e98ca0 JavaThread "jar transforms Thread 15" [_thread_blocked, id=17028, stack(0x000000baafa00000,0x000000baafb00000)]
  0x00000295d17bedd0 JavaThread "jar transforms Thread 16" [_thread_blocked, id=21176, stack(0x000000baafb00000,0x000000baafc00000)]
  0x00000295d17c1140 JavaThread "Memory manager" [_thread_blocked, id=33192, stack(0x000000baaff00000,0x000000bab0000000)]
  0x00000295d17c1650 JavaThread "Cache worker for Build Output Cleanup Cache (C:\Users\karth\CascadeProjects\MobileAppAndroid\android\.gradle\buildOutputCleanup)" [_thread_blocked, id=60660, stack(0x000000baafc00000,0x000000baafd00000)]

Other Threads:
=>0x00000295ae627010 VMThread "VM Thread" [stack: 0x000000baaa200000,0x000000baaa300000] [id=66720]
  0x00000295aea354f0 WatcherThread [stack: 0x000000baaae00000,0x000000baaaf00000] [id=55632]
  0x000002958f91eff0 GCTaskThread "GC Thread#0" [stack: 0x000000baa9d00000,0x000000baa9e00000] [id=66180]
  0x00000295ce5f9d60 GCTaskThread "GC Thread#1" [stack: 0x000000baa9900000,0x000000baa9a00000] [id=32508]
  0x00000295ce7e5ff0 GCTaskThread "GC Thread#2" [stack: 0x000000baa9a00000,0x000000baa9b00000] [id=62248]
  0x00000295ce728fe0 GCTaskThread "GC Thread#3" [stack: 0x000000baa9b00000,0x000000baa9c00000] [id=50148]
  0x00000295ce7292a0 GCTaskThread "GC Thread#4" [stack: 0x000000baaaf00000,0x000000baab000000] [id=61128]
  0x00000295ce6f17a0 GCTaskThread "GC Thread#5" [stack: 0x000000baab000000,0x000000baab100000] [id=52692]
  0x00000295ce848a60 GCTaskThread "GC Thread#6" [stack: 0x000000baac300000,0x000000baac400000] [id=6932]
  0x00000295ce849560 GCTaskThread "GC Thread#7" [stack: 0x000000baac400000,0x000000baac500000] [id=26168]
  0x00000295ce849820 GCTaskThread "GC Thread#8" [stack: 0x000000baac500000,0x000000baac600000] [id=39336]
  0x00000295ce847f60 GCTaskThread "GC Thread#9" [stack: 0x000000baac600000,0x000000baac700000] [id=16920]
  0x00000295ce848d20 GCTaskThread "GC Thread#10" [stack: 0x000000baac700000,0x000000baac800000] [id=55204]
  0x00000295cfcd65e0 GCTaskThread "GC Thread#11" [stack: 0x000000baac800000,0x000000baac900000] [id=12536]
  0x00000295cfcd8420 GCTaskThread "GC Thread#12" [stack: 0x000000baac900000,0x000000baaca00000] [id=14124]
  0x000002958f92fe50 ConcurrentGCThread "G1 Main Marker" [stack: 0x000000baa9e00000,0x000000baa9f00000] [id=65800]
  0x000002958f930780 ConcurrentGCThread "G1 Conc#0" [stack: 0x000000baa9f00000,0x000000baaa000000] [id=11836]
  0x00000295cfcd91e0 ConcurrentGCThread "G1 Conc#1" [stack: 0x000000baaca00000,0x000000baacb00000] [id=13124]
  0x00000295cfcd9ce0 ConcurrentGCThread "G1 Conc#2" [stack: 0x000000baacb00000,0x000000baacc00000] [id=64524]
  0x00000295ae518fa0 ConcurrentGCThread "G1 Refine#0" [stack: 0x000000baaa000000,0x000000baaa100000] [id=4400]
  0x00000295ae51a690 ConcurrentGCThread "G1 Service" [stack: 0x000000baaa100000,0x000000baaa200000] [id=61396]

Threads with active compile tasks:
C2 CompilerThread0  8652819 9244       4       java.util.concurrent.ThreadPoolExecutor$Worker::unlock (7 bytes)

VM state: at safepoint (normal execution)

VM Mutex/Monitor currently owned by a thread:  ([mutex/lock_event])
[0x000002958d47ff60] Threads_lock - owner thread: 0x00000295ae627010
[0x000002958f8bf090] Heap_lock - owner thread: 0x00000295cf4bfee0

Heap address: 0x0000000080000000, size: 2048 MB, Compressed Oops mode: 32-bit

CDS archive(s) mapped at: [0x00000295af000000-0x00000295afbb0000-0x00000295afbb0000), size 12255232, SharedBaseAddress: 0x00000295af000000, ArchiveRelocationMode: 1.
Compressed class space mapped at: 0x00000295b0000000-0x00000295ca000000, reserved size: 436207616
Narrow klass base: 0x00000295af000000, Narrow klass shift: 0, Narrow klass range: 0x100000000

GC Precious Log:
 CPUs: 16 total, 16 available
 Memory: 16088M
 Large Page Support: Disabled
 NUMA Support: Disabled
 Compressed Oops: Enabled (32-bit)
 Heap Region Size: 1M
 Heap Min Capacity: 8M
 Heap Initial Capacity: 252M
 Heap Max Capacity: 2G
 Pre-touch: Disabled
 Parallel Workers: 13
 Concurrent Workers: 3
 Concurrent Refinement Workers: 13
 Periodic GC: Disabled

Heap:
 garbage-first heap   total 116736K, used 56401K [0x0000000080000000, 0x0000000100000000)
  region size 1024K, 1 young (1024K), 1 survivors (1024K)
 Metaspace       used 59521K, committed 60096K, reserved 491520K
  class space    used 8193K, committed 8448K, reserved 425984K

Heap Regions: E=young(eden), S=young(survivor), O=old, HS=humongous(starts), HC=humongous(continues), CS=collection set, F=free, OA=open archive, CA=closed archive, TAMS=top-at-mark-start (previous, next)
|   0|0x0000000080000000, 0x0000000080100000, 0x0000000080100000|100%|HS|  |TAMS 0x0000000080100000, 0x0000000080100000| Complete 
|   1|0x0000000080100000, 0x0000000080200000, 0x0000000080200000|100%|HC|  |TAMS 0x0000000080200000, 0x0000000080200000| Complete 
|   2|0x0000000080200000, 0x0000000080300000, 0x0000000080300000|100%|HC|  |TAMS 0x0000000080300000, 0x0000000080300000| Complete 
|   3|0x0000000080300000, 0x0000000080400000, 0x0000000080400000|100%|HC|  |TAMS 0x0000000080400000, 0x0000000080400000| Complete 
|   4|0x0000000080400000, 0x0000000080500000, 0x0000000080500000|100%| O|  |TAMS 0x0000000080500000, 0x0000000080500000| Untracked 
|   5|0x0000000080500000, 0x0000000080600000, 0x0000000080600000|100%| O|  |TAMS 0x0000000080600000, 0x0000000080600000| Untracked 
|   6|0x0000000080600000, 0x0000000080700000, 0x0000000080700000|100%| O|  |TAMS 0x0000000080700000, 0x0000000080700000| Untracked 
|   7|0x0000000080700000, 0x0000000080800000, 0x0000000080800000|100%| O|  |TAMS 0x0000000080800000, 0x0000000080800000| Untracked 
|   8|0x0000000080800000, 0x0000000080900000, 0x0000000080900000|100%| O|  |TAMS 0x0000000080900000, 0x0000000080900000| Untracked 
|   9|0x0000000080900000, 0x0000000080a00000, 0x0000000080a00000|100%| O|  |TAMS 0x0000000080a00000, 0x0000000080a00000| Untracked 
|  10|0x0000000080a00000, 0x0000000080afda00, 0x0000000080b00000| 99%| O|  |TAMS 0x0000000080afda00, 0x0000000080afda00| Untracked 
|  11|0x0000000080b00000, 0x0000000080c00000, 0x0000000080c00000|100%| O|  |TAMS 0x0000000080c00000, 0x0000000080c00000| Untracked 
|  12|0x0000000080c00000, 0x0000000080d00000, 0x0000000080d00000|100%| O|  |TAMS 0x0000000080d00000, 0x0000000080d00000| Untracked 
|  13|0x0000000080d00000, 0x0000000080e00000, 0x0000000080e00000|100%| O|  |TAMS 0x0000000080e00000, 0x0000000080e00000| Untracked 
|  14|0x0000000080e00000, 0x0000000080f00000, 0x0000000080f00000|100%| O|  |TAMS 0x0000000080f00000, 0x0000000080f00000| Untracked 
|  15|0x0000000080f00000, 0x0000000081000000, 0x0000000081000000|100%| O|  |TAMS 0x0000000081000000, 0x0000000081000000| Untracked 
|  16|0x0000000081000000, 0x0000000081100000, 0x0000000081100000|100%| O|  |TAMS 0x0000000081100000, 0x0000000081100000| Untracked 
|  17|0x0000000081100000, 0x0000000081200000, 0x0000000081200000|100%| O|  |TAMS 0x0000000081200000, 0x0000000081200000| Untracked 
|  18|0x0000000081200000, 0x0000000081300000, 0x0000000081300000|100%| O|  |TAMS 0x0000000081300000, 0x0000000081300000| Untracked 
|  19|0x0000000081300000, 0x0000000081400000, 0x0000000081400000|100%| O|  |TAMS 0x0000000081400000, 0x0000000081400000| Untracked 
|  20|0x0000000081400000, 0x0000000081500000, 0x0000000081500000|100%| O|  |TAMS 0x0000000081500000, 0x0000000081500000| Untracked 
|  21|0x0000000081500000, 0x0000000081600000, 0x0000000081600000|100%| O|  |TAMS 0x0000000081600000, 0x0000000081600000| Untracked 
|  22|0x0000000081600000, 0x0000000081700000, 0x0000000081700000|100%| O|  |TAMS 0x0000000081700000, 0x0000000081700000| Untracked 
|  23|0x0000000081700000, 0x0000000081800000, 0x0000000081800000|100%| O|  |TAMS 0x0000000081800000, 0x0000000081800000| Untracked 
|  24|0x0000000081800000, 0x0000000081900000, 0x0000000081900000|100%| O|  |TAMS 0x0000000081900000, 0x0000000081900000| Untracked 
|  25|0x0000000081900000, 0x0000000081a00000, 0x0000000081a00000|100%| O|  |TAMS 0x0000000081a00000, 0x0000000081a00000| Untracked 
|  26|0x0000000081a00000, 0x0000000081b00000, 0x0000000081b00000|100%| O|  |TAMS 0x0000000081b00000, 0x0000000081b00000| Untracked 
|  27|0x0000000081b00000, 0x0000000081c00000, 0x0000000081c00000|100%| O|  |TAMS 0x0000000081c00000, 0x0000000081c00000| Untracked 
|  28|0x0000000081c00000, 0x0000000081d00000, 0x0000000081d00000|100%| O|  |TAMS 0x0000000081d00000, 0x0000000081d00000| Untracked 
|  29|0x0000000081d00000, 0x0000000081e00000, 0x0000000081e00000|100%| O|  |TAMS 0x0000000081e00000, 0x0000000081e00000| Untracked 
|  30|0x0000000081e00000, 0x0000000081f00000, 0x0000000081f00000|100%| O|  |TAMS 0x0000000081f00000, 0x0000000081f00000| Untracked 
|  31|0x0000000081f00000, 0x0000000082000000, 0x0000000082000000|100%| O|  |TAMS 0x0000000082000000, 0x0000000082000000| Untracked 
|  32|0x0000000082000000, 0x0000000082100000, 0x0000000082100000|100%| O|  |TAMS 0x0000000082100000, 0x0000000082100000| Untracked 
|  33|0x0000000082100000, 0x0000000082200000, 0x0000000082200000|100%|HS|  |TAMS 0x0000000082200000, 0x0000000082200000| Complete 
|  34|0x0000000082200000, 0x0000000082300000, 0x0000000082300000|100%|HC|  |TAMS 0x0000000082300000, 0x0000000082300000| Complete 
|  35|0x0000000082300000, 0x0000000082400000, 0x0000000082400000|100%|HS|  |TAMS 0x0000000082400000, 0x0000000082400000| Complete 
|  36|0x0000000082400000, 0x0000000082500000, 0x0000000082500000|100%|HC|  |TAMS 0x0000000082500000, 0x0000000082500000| Complete 
|  37|0x0000000082500000, 0x0000000082600000, 0x0000000082600000|100%|HC|  |TAMS 0x0000000082600000, 0x0000000082600000| Complete 
|  38|0x0000000082600000, 0x0000000082700000, 0x0000000082700000|100%|HC|  |TAMS 0x0000000082700000, 0x0000000082700000| Complete 
|  39|0x0000000082700000, 0x0000000082800000, 0x0000000082800000|100%| O|  |TAMS 0x0000000082800000, 0x0000000082800000| Untracked 
|  40|0x0000000082800000, 0x0000000082900000, 0x0000000082900000|100%| O|  |TAMS 0x0000000082900000, 0x0000000082900000| Untracked 
|  41|0x0000000082900000, 0x0000000082a00000, 0x0000000082a00000|100%| O|  |TAMS 0x0000000082a00000, 0x0000000082a00000| Untracked 
|  42|0x0000000082a00000, 0x0000000082b00000, 0x0000000082b00000|100%| O|  |TAMS 0x0000000082b00000, 0x0000000082b00000| Untracked 
|  43|0x0000000082b00000, 0x0000000082c00000, 0x0000000082c00000|100%| O|  |TAMS 0x0000000082c00000, 0x0000000082c00000| Untracked 
|  44|0x0000000082c00000, 0x0000000082d00000, 0x0000000082d00000|100%| O|  |TAMS 0x0000000082d00000, 0x0000000082d00000| Untracked 
|  45|0x0000000082d00000, 0x0000000082e00000, 0x0000000082e00000|100%| O|  |TAMS 0x0000000082e00000, 0x0000000082e00000| Untracked 
|  46|0x0000000082e00000, 0x0000000082f00000, 0x0000000082f00000|100%| O|  |TAMS 0x0000000082f00000, 0x0000000082f00000| Untracked 
|  47|0x0000000082f00000, 0x0000000083000000, 0x0000000083000000|100%| O|  |TAMS 0x0000000083000000, 0x0000000083000000| Untracked 
|  48|0x0000000083000000, 0x0000000083100000, 0x0000000083100000|100%| O|  |TAMS 0x0000000083100000, 0x0000000083100000| Untracked 
|  49|0x0000000083100000, 0x0000000083200000, 0x0000000083200000|100%| O|  |TAMS 0x0000000083200000, 0x0000000083200000| Untracked 
|  50|0x0000000083200000, 0x0000000083300000, 0x0000000083300000|100%| O|  |TAMS 0x0000000083300000, 0x0000000083300000| Untracked 
|  51|0x0000000083300000, 0x0000000083400000, 0x0000000083400000|100%| O|  |TAMS 0x0000000083400000, 0x0000000083400000| Untracked 
|  52|0x0000000083400000, 0x0000000083500000, 0x0000000083500000|100%| O|  |TAMS 0x000000008348ca00, 0x000000008348ca00| Untracked 
|  53|0x0000000083500000, 0x0000000083600000, 0x0000000083600000|100%| O|  |TAMS 0x0000000083500000, 0x0000000083500000| Untracked 
|  54|0x0000000083600000, 0x00000000836df000, 0x0000000083700000| 87%| O|  |TAMS 0x0000000083600000, 0x0000000083600000| Untracked 
|  55|0x0000000083700000, 0x0000000083700000, 0x0000000083800000|  0%| F|  |TAMS 0x0000000083700000, 0x0000000083700000| Untracked 
|  56|0x0000000083800000, 0x0000000083800000, 0x0000000083900000|  0%| F|  |TAMS 0x0000000083800000, 0x0000000083800000| Untracked 
|  57|0x0000000083900000, 0x0000000083900000, 0x0000000083a00000|  0%| F|  |TAMS 0x0000000083900000, 0x0000000083900000| Untracked 
|  58|0x0000000083a00000, 0x0000000083a00000, 0x0000000083b00000|  0%| F|  |TAMS 0x0000000083a00000, 0x0000000083a00000| Untracked 
|  59|0x0000000083b00000, 0x0000000083b00000, 0x0000000083c00000|  0%| F|  |TAMS 0x0000000083b00000, 0x0000000083b00000| Untracked 
|  60|0x0000000083c00000, 0x0000000083c00000, 0x0000000083d00000|  0%| F|  |TAMS 0x0000000083c00000, 0x0000000083c00000| Untracked 
|  61|0x0000000083d00000, 0x0000000083d00000, 0x0000000083e00000|  0%| F|  |TAMS 0x0000000083d00000, 0x0000000083d00000| Untracked 
|  62|0x0000000083e00000, 0x0000000083e00000, 0x0000000083f00000|  0%| F|  |TAMS 0x0000000083e00000, 0x0000000083e00000| Untracked 
|  63|0x0000000083f00000, 0x0000000083f00000, 0x0000000084000000|  0%| F|  |TAMS 0x0000000083f00000, 0x0000000083f00000| Untracked 
|  64|0x0000000084000000, 0x0000000084000000, 0x0000000084100000|  0%| F|  |TAMS 0x0000000084000000, 0x0000000084000000| Untracked 
|  65|0x0000000084100000, 0x0000000084100000, 0x0000000084200000|  0%| F|  |TAMS 0x0000000084100000, 0x0000000084100000| Untracked 
|  66|0x0000000084200000, 0x0000000084200000, 0x0000000084300000|  0%| F|  |TAMS 0x0000000084200000, 0x0000000084200000| Untracked 
|  67|0x0000000084300000, 0x0000000084300000, 0x0000000084400000|  0%| F|  |TAMS 0x0000000084300000, 0x0000000084300000| Untracked 
|  68|0x0000000084400000, 0x0000000084400000, 0x0000000084500000|  0%| F|  |TAMS 0x0000000084400000, 0x0000000084400000| Untracked 
|  69|0x0000000084500000, 0x0000000084500000, 0x0000000084600000|  0%| F|  |TAMS 0x0000000084500000, 0x0000000084500000| Untracked 
|  70|0x0000000084600000, 0x0000000084600000, 0x0000000084700000|  0%| F|  |TAMS 0x0000000084600000, 0x0000000084600000| Untracked 
|  71|0x0000000084700000, 0x0000000084700000, 0x0000000084800000|  0%| F|  |TAMS 0x0000000084700000, 0x0000000084700000| Untracked 
|  72|0x0000000084800000, 0x0000000084800000, 0x0000000084900000|  0%| F|  |TAMS 0x0000000084800000, 0x0000000084800000| Untracked 
|  73|0x0000000084900000, 0x0000000084900000, 0x0000000084a00000|  0%| F|  |TAMS 0x0000000084900000, 0x0000000084900000| Untracked 
|  74|0x0000000084a00000, 0x0000000084a00000, 0x0000000084b00000|  0%| F|  |TAMS 0x0000000084a00000, 0x0000000084a00000| Untracked 
|  75|0x0000000084b00000, 0x0000000084b00000, 0x0000000084c00000|  0%| F|  |TAMS 0x0000000084b00000, 0x0000000084b00000| Untracked 
|  76|0x0000000084c00000, 0x0000000084c00000, 0x0000000084d00000|  0%| F|  |TAMS 0x0000000084c00000, 0x0000000084c00000| Untracked 
|  77|0x0000000084d00000, 0x0000000084d00000, 0x0000000084e00000|  0%| F|  |TAMS 0x0000000084d00000, 0x0000000084d00000| Untracked 
|  78|0x0000000084e00000, 0x0000000084e00000, 0x0000000084f00000|  0%| F|  |TAMS 0x0000000084e00000, 0x0000000084e00000| Untracked 
|  79|0x0000000084f00000, 0x0000000084f00000, 0x0000000085000000|  0%| F|  |TAMS 0x0000000084f00000, 0x0000000084f00000| Untracked 
|  80|0x0000000085000000, 0x0000000085000000, 0x0000000085100000|  0%| F|  |TAMS 0x0000000085000000, 0x0000000085000000| Untracked 
|  81|0x0000000085100000, 0x0000000085100000, 0x0000000085200000|  0%| F|  |TAMS 0x0000000085100000, 0x0000000085100000| Untracked 
|  82|0x0000000085200000, 0x0000000085200000, 0x0000000085300000|  0%| F|  |TAMS 0x0000000085200000, 0x0000000085200000| Untracked 
|  83|0x0000000085300000, 0x0000000085300000, 0x0000000085400000|  0%| F|  |TAMS 0x0000000085300000, 0x0000000085300000| Untracked 
|  84|0x0000000085400000, 0x0000000085400000, 0x0000000085500000|  0%| F|  |TAMS 0x0000000085400000, 0x0000000085400000| Untracked 
|  85|0x0000000085500000, 0x0000000085500000, 0x0000000085600000|  0%| F|  |TAMS 0x0000000085500000, 0x0000000085500000| Untracked 
|  86|0x0000000085600000, 0x0000000085600000, 0x0000000085700000|  0%| F|  |TAMS 0x0000000085600000, 0x0000000085600000| Untracked 
|  87|0x0000000085700000, 0x0000000085700000, 0x0000000085800000|  0%| F|  |TAMS 0x0000000085700000, 0x0000000085700000| Untracked 
|  88|0x0000000085800000, 0x0000000085800000, 0x0000000085900000|  0%| F|  |TAMS 0x0000000085800000, 0x0000000085800000| Untracked 
|  89|0x0000000085900000, 0x0000000085900000, 0x0000000085a00000|  0%| F|  |TAMS 0x0000000085900000, 0x0000000085900000| Untracked 
|  90|0x0000000085a00000, 0x0000000085a00000, 0x0000000085b00000|  0%| F|  |TAMS 0x0000000085a00000, 0x0000000085a00000| Untracked 
|  91|0x0000000085b00000, 0x0000000085b00000, 0x0000000085c00000|  0%| F|  |TAMS 0x0000000085b00000, 0x0000000085b00000| Untracked 
|  92|0x0000000085c00000, 0x0000000085c00000, 0x0000000085d00000|  0%| F|  |TAMS 0x0000000085c00000, 0x0000000085c00000| Untracked 
|  93|0x0000000085d00000, 0x0000000085d00000, 0x0000000085e00000|  0%| F|  |TAMS 0x0000000085d00000, 0x0000000085d00000| Untracked 
|  94|0x0000000085e00000, 0x0000000085e00000, 0x0000000085f00000|  0%| F|  |TAMS 0x0000000085e00000, 0x0000000085e00000| Untracked 
|  95|0x0000000085f00000, 0x0000000085f00000, 0x0000000086000000|  0%| F|  |TAMS 0x0000000085f00000, 0x0000000085f00000| Untracked 
|  96|0x0000000086000000, 0x0000000086000000, 0x0000000086100000|  0%| F|  |TAMS 0x0000000086000000, 0x0000000086000000| Untracked 
|  97|0x0000000086100000, 0x0000000086100000, 0x0000000086200000|  0%| F|  |TAMS 0x0000000086100000, 0x0000000086100000| Untracked 
|  98|0x0000000086200000, 0x0000000086200000, 0x0000000086300000|  0%| F|  |TAMS 0x0000000086200000, 0x0000000086200000| Untracked 
|  99|0x0000000086300000, 0x0000000086300000, 0x0000000086400000|  0%| F|  |TAMS 0x0000000086300000, 0x0000000086300000| Untracked 
| 100|0x0000000086400000, 0x0000000086400000, 0x0000000086500000|  0%| F|  |TAMS 0x0000000086400000, 0x0000000086400000| Untracked 
| 101|0x0000000086500000, 0x0000000086500000, 0x0000000086600000|  0%| F|  |TAMS 0x0000000086500000, 0x0000000086500000| Untracked 
| 132|0x0000000088400000, 0x0000000088400000, 0x0000000088500000|  0%| F|  |TAMS 0x0000000088400000, 0x0000000088400000| Untracked 
| 133|0x0000000088500000, 0x0000000088500000, 0x0000000088600000|  0%| F|  |TAMS 0x0000000088500000, 0x0000000088500000| Untracked 
| 134|0x0000000088600000, 0x0000000088600000, 0x0000000088700000|  0%| F|  |TAMS 0x0000000088600000, 0x0000000088600000| Untracked 
| 135|0x0000000088700000, 0x0000000088700000, 0x0000000088800000|  0%| F|  |TAMS 0x0000000088700000, 0x0000000088700000| Untracked 
| 136|0x0000000088800000, 0x0000000088800000, 0x0000000088900000|  0%| F|  |TAMS 0x0000000088800000, 0x0000000088800000| Untracked 
| 137|0x0000000088900000, 0x0000000088900000, 0x0000000088a00000|  0%| F|  |TAMS 0x0000000088900000, 0x0000000088900000| Untracked 
| 138|0x0000000088a00000, 0x0000000088a37b18, 0x0000000088b00000| 21%| S|CS|TAMS 0x0000000088a00000, 0x0000000088a00000| Complete 
| 139|0x0000000088b00000, 0x0000000088b00000, 0x0000000088c00000|  0%| F|  |TAMS 0x0000000088b00000, 0x0000000088b00000| Untracked 
| 140|0x0000000088c00000, 0x0000000088c00000, 0x0000000088d00000|  0%| F|  |TAMS 0x0000000088c00000, 0x0000000088c00000| Untracked 
| 141|0x0000000088d00000, 0x0000000088d00000, 0x0000000088e00000|  0%| F|  |TAMS 0x0000000088d00000, 0x0000000088d00000| Untracked 
| 142|0x0000000088e00000, 0x0000000088e00000, 0x0000000088f00000|  0%| F|  |TAMS 0x0000000088e00000, 0x0000000088e00000| Untracked 
| 251|0x000000008fb00000, 0x000000008fb00000, 0x000000008fc00000|  0%| F|  |TAMS 0x000000008fb00000, 0x000000008fb00000| Untracked 

Card table byte_map: [0x00000295a7090000,0x00000295a7490000] _byte_map_base: 0x00000295a6c90000

Marking Bits (Prev, Next): (CMBitMap*) 0x000002958f91f560, (CMBitMap*) 0x000002958f91f520
 Prev Bits: [0x00000295a9890000, 0x00000295ab890000)
 Next Bits: [0x00000295a7890000, 0x00000295a9890000)

Polling page: 0x000002958ef60000

Metaspace:

Usage:
  Non-class:     50.13 MB used.
      Class:      8.00 MB used.
       Both:     58.13 MB used.

Virtual space:
  Non-class space:       64.00 MB reserved,      50.44 MB ( 79%) committed,  1 nodes.
      Class space:      416.00 MB reserved,       8.25 MB (  2%) committed,  1 nodes.
             Both:      480.00 MB reserved,      58.69 MB ( 12%) committed. 

Chunk freelists:
   Non-Class:  12.79 MB
       Class:  7.69 MB
        Both:  20.48 MB

MaxMetaspaceSize: 512.00 MB
CompressedClassSpaceSize: 416.00 MB
Initial GC threshold: 21.00 MB
Current GC threshold: 97.50 MB
CDS: on
MetaspaceReclaimPolicy: balanced
 - commit_granule_bytes: 65536.
 - commit_granule_words: 8192.
 - virtual_space_node_default_size: 8388608.
 - enlarge_chunks_in_place: 1.
 - new_chunks_are_fully_committed: 0.
 - uncommit_free_chunks: 1.
 - use_allocation_guard: 0.
 - handle_deallocations: 1.


Internal statistics:

num_allocs_failed_limit: 6.
num_arena_births: 716.
num_arena_deaths: 0.
num_vsnodes_births: 2.
num_vsnodes_deaths: 0.
num_space_committed: 939.
num_space_uncommitted: 0.
num_chunks_returned_to_freelist: 6.
num_chunks_taken_from_freelist: 3093.
num_chunk_merges: 3.
num_chunk_splits: 2058.
num_chunks_enlarged: 1375.
num_inconsistent_stats: 0.

CodeHeap 'non-profiled nmethods': size=119168Kb used=5001Kb max_used=5001Kb free=114166Kb
 bounds [0x000002959efa0000, 0x000002959f490000, 0x00000295a6400000]
CodeHeap 'profiled nmethods': size=119104Kb used=16248Kb max_used=16248Kb free=102855Kb
 bounds [0x0000029597400000, 0x00000295983e0000, 0x000002959e850000]
CodeHeap 'non-nmethods': size=7488Kb used=2356Kb max_used=4074Kb free=5132Kb
 bounds [0x000002959e850000, 0x000002959ecd0000, 0x000002959efa0000]
 total_blobs=9234 nmethods=8353 adapters=793
 compilation: enabled
              stopped_count=0, restarted_count=0
 full_count=0

Compilation events (20 events):
Event: 8607.576 Thread 0x00000295ae640f70 nmethod 9234 0x000002959f476590 code [0x000002959f476740, 0x000002959f4774b8]
Event: 8607.601 Thread 0x00000295ae648ff0 9235       3       org.gradle.launcher.daemon.server.expiry.AnyDaemonExpirationStrategy::checkExpiration (114 bytes)
Event: 8607.764 Thread 0x00000295ae648ff0 nmethod 9235 0x00000295983db810 code [0x00000295983dbba0, 0x00000295983dd758]
Event: 8608.228 Thread 0x00000295ae640f70 9236   !   4       org.gradle.internal.concurrent.ExecutorPolicy$CatchAndRecordFailures::onExecute (29 bytes)
Event: 8608.513 Thread 0x00000295ae640f70 nmethod 9236 0x000002959f477810 code [0x000002959f4779a0, 0x000002959f477b18]
Event: 8609.696 Thread 0x00000295ae640f70 9237       4       sun.util.logging.internal.LoggingProviderImpl$JULWrapper::toJUL (40 bytes)
Event: 8609.770 Thread 0x00000295ae640f70 nmethod 9237 0x000002959f477c90 code [0x000002959f477e00, 0x000002959f477e98]
Event: 8609.799 Thread 0x00000295ae640f70 9238       4       java.util.concurrent.locks.AbstractQueuedSynchronizer::acquire (20 bytes)
Event: 8609.889 Thread 0x00000295ae640f70 nmethod 9238 0x000002959f477f90 code [0x000002959f478120, 0x000002959f478308]
Event: 8610.006 Thread 0x00000295ae640f70 9239       4       org.gradle.internal.logging.slf4j.BuildOperationAwareLogger::debug (18 bytes)
Event: 8610.152 Thread 0x00000295ae640f70 nmethod 9239 0x000002959f478410 code [0x000002959f4785a0, 0x000002959f4786d8]
Event: 8610.443 Thread 0x00000295ae640f70 9240       4       java.lang.reflect.AccessibleObject::checkCanSetAccessible (368 bytes)
Event: 8618.713 Thread 0x00000295ae640f70 nmethod 9240 0x000002959f478910 code [0x000002959f478d80, 0x000002959f47d920]
Event: 8618.953 Thread 0x00000295ae640f70 9241       4       java.util.stream.Collectors$$Lambda$58/0x00000295b006e8c0::get (8 bytes)
Event: 8618.968 Thread 0x00000295ae640f70 nmethod 9241 0x000002959f480210 code [0x000002959f4803a0, 0x000002959f480478]
Event: 8629.666 Thread 0x00000295ae640f70 9242   !   4       java.util.concurrent.ScheduledThreadPoolExecutor$DelayedWorkQueue::offer (123 bytes)
Event: 8631.242 Thread 0x00000295ae640f70 nmethod 9242 0x000002959f480510 code [0x000002959f480700, 0x000002959f481988]
Event: 8641.777 Thread 0x00000295ae640f70 9243       4       java.util.concurrent.ThreadPoolExecutor::ensurePrestart (41 bytes)
Event: 8642.118 Thread 0x00000295ae640f70 nmethod 9243 0x000002959f482110 code [0x000002959f4822a0, 0x000002959f482388]
Event: 8644.886 Thread 0x00000295ae640f70 9244       4       java.util.concurrent.ThreadPoolExecutor$Worker::unlock (7 bytes)

GC Heap History (20 events):
Event: 1177.048 GC heap after
{Heap after GC invocations=39 (full 0):
 garbage-first heap   total 94208K, used 54478K [0x0000000080000000, 0x0000000100000000)
  region size 1024K, 3 young (3072K), 3 survivors (3072K)
 Metaspace       used 58657K, committed 59264K, reserved 491520K
  class space    used 8094K, committed 8384K, reserved 425984K
}
Event: 1238.556 GC heap before
{Heap before GC invocations=39 (full 0):
 garbage-first heap   total 94208K, used 79054K [0x0000000080000000, 0x0000000100000000)
  region size 1024K, 27 young (27648K), 3 survivors (3072K)
 Metaspace       used 58666K, committed 59264K, reserved 491520K
  class space    used 8094K, committed 8384K, reserved 425984K
}
Event: 1238.588 GC heap after
{Heap after GC invocations=40 (full 0):
 garbage-first heap   total 94208K, used 54608K [0x0000000080000000, 0x0000000100000000)
  region size 1024K, 3 young (3072K), 3 survivors (3072K)
 Metaspace       used 58666K, committed 59264K, reserved 491520K
  class space    used 8094K, committed 8384K, reserved 425984K
}
Event: 1309.622 GC heap before
{Heap before GC invocations=41 (full 0):
 garbage-first heap   total 96256K, used 79184K [0x0000000080000000, 0x0000000100000000)
  region size 1024K, 27 young (27648K), 3 survivors (3072K)
 Metaspace       used 58676K, committed 59264K, reserved 491520K
  class space    used 8094K, committed 8384K, reserved 425984K
}
Event: 1309.650 GC heap after
{Heap after GC invocations=42 (full 0):
 garbage-first heap   total 96256K, used 54799K [0x0000000080000000, 0x0000000100000000)
  region size 1024K, 3 young (3072K), 3 survivors (3072K)
 Metaspace       used 58676K, committed 59264K, reserved 491520K
  class space    used 8094K, committed 8384K, reserved 425984K
}
Event: 1358.497 GC heap before
{Heap before GC invocations=42 (full 0):
 garbage-first heap   total 96256K, used 81423K [0x0000000080000000, 0x0000000100000000)
  region size 1024K, 29 young (29696K), 3 survivors (3072K)
 Metaspace       used 59250K, committed 59904K, reserved 491520K
  class space    used 8173K, committed 8448K, reserved 425984K
}
Event: 1358.534 GC heap after
{Heap after GC invocations=43 (full 0):
 garbage-first heap   total 96256K, used 55874K [0x0000000080000000, 0x0000000100000000)
  region size 1024K, 4 young (4096K), 4 survivors (4096K)
 Metaspace       used 59250K, committed 59904K, reserved 491520K
  class space    used 8173K, committed 8448K, reserved 425984K
}
Event: 1422.429 GC heap before
{Heap before GC invocations=44 (full 0):
 garbage-first heap   total 97280K, used 80450K [0x0000000080000000, 0x0000000100000000)
  region size 1024K, 28 young (28672K), 4 survivors (4096K)
 Metaspace       used 59273K, committed 59904K, reserved 491520K
  class space    used 8173K, committed 8448K, reserved 425984K
}
Event: 1422.444 GC heap after
{Heap after GC invocations=45 (full 0):
 garbage-first heap   total 116736K, used 56044K [0x0000000080000000, 0x0000000100000000)
  region size 1024K, 3 young (3072K), 3 survivors (3072K)
 Metaspace       used 59273K, committed 59904K, reserved 491520K
  class space    used 8173K, committed 8448K, reserved 425984K
}
Event: 1545.433 GC heap before
{Heap before GC invocations=45 (full 0):
 garbage-first heap   total 116736K, used 100076K [0x0000000080000000, 0x0000000100000000)
  region size 1024K, 46 young (47104K), 3 survivors (3072K)
 Metaspace       used 59351K, committed 59968K, reserved 491520K
  class space    used 8176K, committed 8448K, reserved 425984K
}
Event: 1545.522 GC heap after
{Heap after GC invocations=46 (full 0):
 garbage-first heap   total 116736K, used 56409K [0x0000000080000000, 0x0000000100000000)
  region size 1024K, 3 young (3072K), 3 survivors (3072K)
 Metaspace       used 59351K, committed 59968K, reserved 491520K
  class space    used 8176K, committed 8448K, reserved 425984K
}
Event: 8615.020 GC heap before
{Heap before GC invocations=47 (full 0):
 garbage-first heap   total 116736K, used 99417K [0x0000000080000000, 0x0000000100000000)
  region size 1024K, 46 young (47104K), 3 survivors (3072K)
 Metaspace       used 59521K, committed 60096K, reserved 491520K
  class space    used 8193K, committed 8448K, reserved 425984K
}
Event: 8618.712 GC heap after
{Heap after GC invocations=48 (full 0):
 garbage-first heap   total 116736K, used 56591K [0x0000000080000000, 0x0000000100000000)
  region size 1024K, 3 young (3072K), 3 survivors (3072K)
 Metaspace       used 59521K, committed 60096K, reserved 491520K
  class space    used 8193K, committed 8448K, reserved 425984K
}
Event: 8620.760 GC heap before
{Heap before GC invocations=48 (full 0):
 garbage-first heap   total 116736K, used 58639K [0x0000000080000000, 0x0000000100000000)
  region size 1024K, 5 young (5120K), 3 survivors (3072K)
 Metaspace       used 59521K, committed 60096K, reserved 491520K
  class space    used 8193K, committed 8448K, reserved 425984K
}
Event: 8628.408 GC heap after
{Heap after GC invocations=49 (full 0):
 garbage-first heap   total 116736K, used 56759K [0x0000000080000000, 0x0000000100000000)
  region size 1024K, 1 young (1024K), 1 survivors (1024K)
 Metaspace       used 59521K, committed 60096K, reserved 491520K
  class space    used 8193K, committed 8448K, reserved 425984K
}
Event: 8641.001 GC heap before
{Heap before GC invocations=49 (full 0):
 garbage-first heap   total 116736K, used 60855K [0x0000000080000000, 0x0000000100000000)
  region size 1024K, 5 young (5120K), 1 survivors (1024K)
 Metaspace       used 59521K, committed 60096K, reserved 491520K
  class space    used 8193K, committed 8448K, reserved 425984K
}
Event: 8641.640 GC heap after
{Heap after GC invocations=50 (full 0):
 garbage-first heap   total 116736K, used 56387K [0x0000000080000000, 0x0000000100000000)
  region size 1024K, 1 young (1024K), 1 survivors (1024K)
 Metaspace       used 59521K, committed 60096K, reserved 491520K
  class space    used 8193K, committed 8448K, reserved 425984K
}
Event: 8644.013 GC heap before
{Heap before GC invocations=50 (full 0):
 garbage-first heap   total 116736K, used 60483K [0x0000000080000000, 0x0000000100000000)
  region size 1024K, 5 young (5120K), 1 survivors (1024K)
 Metaspace       used 59521K, committed 60096K, reserved 491520K
  class space    used 8193K, committed 8448K, reserved 425984K
}
Event: 8644.856 GC heap after
{Heap after GC invocations=51 (full 0):
 garbage-first heap   total 116736K, used 56323K [0x0000000080000000, 0x0000000100000000)
  region size 1024K, 1 young (1024K), 1 survivors (1024K)
 Metaspace       used 59521K, committed 60096K, reserved 491520K
  class space    used 8193K, committed 8448K, reserved 425984K
}
Event: 8645.281 GC heap before
{Heap before GC invocations=51 (full 0):
 garbage-first heap   total 116736K, used 60419K [0x0000000080000000, 0x0000000100000000)
  region size 1024K, 5 young (5120K), 1 survivors (1024K)
 Metaspace       used 59521K, committed 60096K, reserved 491520K
  class space    used 8193K, committed 8448K, reserved 425984K
}

Dll operation events (13 events):
Event: 0.920 Loaded shared library C:\Program Files\Eclipse Adoptium\jdk-17.0.15.6-hotspot\bin\java.dll
Event: 6.122 Loaded shared library C:\Program Files\Eclipse Adoptium\jdk-17.0.15.6-hotspot\bin\jsvml.dll
Event: 7.526 Loaded shared library C:\Program Files\Eclipse Adoptium\jdk-17.0.15.6-hotspot\bin\net.dll
Event: 7.688 Loaded shared library C:\Program Files\Eclipse Adoptium\jdk-17.0.15.6-hotspot\bin\nio.dll
Event: 7.969 Loaded shared library C:\Program Files\Eclipse Adoptium\jdk-17.0.15.6-hotspot\bin\zip.dll
Event: 20.673 Loaded shared library C:\Program Files\Eclipse Adoptium\jdk-17.0.15.6-hotspot\bin\jimage.dll
Event: 25.271 Loaded shared library C:\Program Files\Eclipse Adoptium\jdk-17.0.15.6-hotspot\bin\verify.dll
Event: 29.786 Loaded shared library C:\Users\karth\.gradle\native\68d5fa5c4cc2d200863cafc0d521ce42e7d3e7ee720ec0a83991735586a16f82\windows-amd64\native-platform.dll
Event: 30.113 Loaded shared library C:\Users\karth\.gradle\native\e376f236ea51e6404a007f0833ffe2c6e607c4080706a723a18a27aeea778392\windows-amd64\native-platform-file-events.dll
Event: 41.533 Loaded shared library C:\Program Files\Eclipse Adoptium\jdk-17.0.15.6-hotspot\bin\management.dll
Event: 41.544 Loaded shared library C:\Program Files\Eclipse Adoptium\jdk-17.0.15.6-hotspot\bin\management_ext.dll
Event: 43.697 Loaded shared library C:\Program Files\Eclipse Adoptium\jdk-17.0.15.6-hotspot\bin\extnet.dll
Event: 60.386 Loaded shared library C:\Program Files\Eclipse Adoptium\jdk-17.0.15.6-hotspot\bin\sunmscapi.dll

Deoptimization events (20 events):
Event: 1537.286 Thread 0x00000295ce6fd370 Uncommon trap: trap_request=0xffffffc6 fr.pc=0x000002959f173558 relative=0x00000000000003f8
Event: 1537.287 Thread 0x00000295ce6fd370 Uncommon trap: reason=bimorphic_or_optimized_type_check action=maybe_recompile pc=0x000002959f173558 method=java.util.Spliterators$IteratorSpliterator.tryAdvance(Ljava/util/function/Consumer;)Z @ 50 c2
Event: 1537.288 Thread 0x00000295ce6fd370 DEOPT PACKING pc=0x000002959f173558 sp=0x000000baab9f7800
Event: 1537.290 Thread 0x00000295ce6fd370 DEOPT UNPACKING pc=0x000002959e8a69a3 sp=0x000000baab9f77a0 mode 2
Event: 1988.312 Thread 0x00000295ce6fd370 Uncommon trap: trap_request=0xffffff45 fr.pc=0x000002959f410cc4 relative=0x0000000000000124
Event: 1988.312 Thread 0x00000295ce6fd370 Uncommon trap: reason=unstable_if action=reinterpret pc=0x000002959f410cc4 method=org.gradle.internal.time.DefaultCountdownTimer.hasExpired()Z @ 6 c2
Event: 1988.312 Thread 0x00000295ce6fd370 DEOPT PACKING pc=0x000002959f410cc4 sp=0x000000baab9f61f0
Event: 1988.312 Thread 0x00000295ce6fd370 DEOPT UNPACKING pc=0x000002959e8a69a3 sp=0x000000baab9f61b8 mode 2
Event: 1988.313 Thread 0x00000295ce6fd370 Uncommon trap: trap_request=0xffffff45 fr.pc=0x000002959f3dec80 relative=0x0000000000005840
Event: 1988.313 Thread 0x00000295ce6fd370 Uncommon trap: reason=unstable_if action=reinterpret pc=0x000002959f3dec80 method=org.gradle.internal.io.ExponentialBackoff.retryUntil(Lorg/gradle/internal/io/IOQuery;)Ljava/lang/Object; @ 25 c2
Event: 1988.313 Thread 0x00000295ce6fd370 DEOPT PACKING pc=0x000002959f3dec80 sp=0x000000baab9f6250
Event: 1988.313 Thread 0x00000295ce6fd370 DEOPT UNPACKING pc=0x000002959e8a69a3 sp=0x000000baab9f6288 mode 2
Event: 1991.063 Thread 0x00000295ce6fd370 Uncommon trap: trap_request=0xffffff45 fr.pc=0x000002959f2c4244 relative=0x00000000000005e4
Event: 1991.064 Thread 0x00000295ce6fd370 Uncommon trap: reason=unstable_if action=reinterpret pc=0x000002959f2c4244 method=java.util.regex.Matcher.search(I)Z @ 76 c2
Event: 1991.064 Thread 0x00000295ce6fd370 DEOPT PACKING pc=0x000002959f2c4244 sp=0x000000baab9fb7f0
Event: 1991.065 Thread 0x00000295ce6fd370 DEOPT UNPACKING pc=0x000002959e8a69a3 sp=0x000000baab9fb748 mode 2
Event: 1991.067 Thread 0x00000295ce6fd370 Uncommon trap: trap_request=0xffffff45 fr.pc=0x000002959f2673f4 relative=0x0000000000000594
Event: 1991.067 Thread 0x00000295ce6fd370 Uncommon trap: reason=unstable_if action=reinterpret pc=0x000002959f2673f4 method=java.util.regex.Matcher.search(I)Z @ 76 c2
Event: 1991.067 Thread 0x00000295ce6fd370 DEOPT PACKING pc=0x000002959f2673f4 sp=0x000000baab9fb780
Event: 1991.147 Thread 0x00000295ce6fd370 DEOPT UNPACKING pc=0x000002959e8a69a3 sp=0x000000baab9fb750 mode 2

Classes loaded (20 events):
Event: 864.133 Loading class jdk/internal/loader/URLClassPath$FileLoader$1
Event: 864.134 Loading class jdk/internal/loader/URLClassPath$FileLoader$1 done
Event: 865.235 Loading class java/lang/AbstractMethodError
Event: 865.236 Loading class java/lang/AbstractMethodError done
Event: 865.368 Loading class java/time/temporal/WeekFields
Event: 865.370 Loading class java/time/temporal/WeekFields done
Event: 865.370 Loading class java/time/temporal/WeekFields$ComputedDayOfField
Event: 865.371 Loading class java/time/temporal/WeekFields$ComputedDayOfField done
Event: 865.377 Loading class java/time/Month$1
Event: 865.377 Loading class java/time/Month$1 done
Event: 865.386 Loading class java/nio/channels/Channels
Event: 865.386 Loading class java/nio/channels/Channels done
Event: 865.386 Loading class java/nio/channels/Channels$1
Event: 865.387 Loading class java/nio/channels/Channels$1 done
Event: 1990.509 Loading class java/lang/StackTraceElement$HashedModules
Event: 1990.558 Loading class java/lang/StackTraceElement$HashedModules done
Event: 1991.150 Loading class java/util/logging/LogRecord
Event: 1991.600 Loading class java/util/logging/LogRecord done
Event: 8601.103 Loading class java/util/regex/Pattern$Pos
Event: 8601.158 Loading class java/util/regex/Pattern$Pos done

Classes unloaded (0 events):
No events

Classes redefined (0 events):
No events

Internal exceptions (20 events):
Event: 866.392 Thread 0x00000295ce6fd370 Exception <a 'java/lang/ClassNotFoundException'{0x00000000846c1bb0}: org/gradle/api/internal/initialization/DefaultScriptHandlerCustomizer> (0x00000000846c1bb0) 
thrown [s\src\hotspot\share\classfile\systemDictionary.cpp, line 256]
Event: 866.540 Thread 0x00000295ce6fd370 Exception <a 'java/lang/ClassNotFoundException'{0x0000000088ed6418}: org/gradle/api/internal/artifacts/dsl/DefaultRepositoryHandler_DecoratedBeanInfo> (0x0000000088ed6418) 
thrown [s\src\hotspot\share\classfile\systemDictionary.cpp, line 256]
Event: 866.541 Thread 0x00000295ce6fd370 Exception <a 'java/lang/ClassNotFoundException'{0x0000000088eee5f8}: org/gradle/api/internal/artifacts/dsl/DefaultRepositoryHandlerBeanInfo> (0x0000000088eee5f8) 
thrown [s\src\hotspot\share\classfile\systemDictionary.cpp, line 256]
Event: 866.545 Thread 0x00000295ce6fd370 Exception <a 'java/lang/ClassNotFoundException'{0x0000000088d07d60}: org/gradle/api/internal/artifacts/DefaultArtifactRepositoryContainerBeanInfo> (0x0000000088d07d60) 
thrown [s\src\hotspot\share\classfile\systemDictionary.cpp, line 256]
Event: 866.546 Thread 0x00000295ce6fd370 Exception <a 'java/lang/ClassNotFoundException'{0x0000000088d1c918}: org/gradle/api/internal/DefaultNamedDomainObjectListBeanInfo> (0x0000000088d1c918) 
thrown [s\src\hotspot\share\classfile\systemDictionary.cpp, line 256]
Event: 866.547 Thread 0x00000295ce6fd370 Exception <a 'java/lang/ClassNotFoundException'{0x0000000088d31938}: org/gradle/api/internal/DefaultNamedDomainObjectCollectionBeanInfo> (0x0000000088d31938) 
thrown [s\src\hotspot\share\classfile\systemDictionary.cpp, line 256]
Event: 866.547 Thread 0x00000295ce6fd370 Exception <a 'java/lang/ClassNotFoundException'{0x0000000088d46798}: org/gradle/api/internal/DefaultDomainObjectCollectionBeanInfo> (0x0000000088d46798) 
thrown [s\src\hotspot\share\classfile\systemDictionary.cpp, line 256]
Event: 866.548 Thread 0x00000295ce6fd370 Exception <a 'java/lang/ClassNotFoundException'{0x0000000088d5b9c0}: org/gradle/api/internal/DefaultDomainObjectCollectionCustomizer> (0x0000000088d5b9c0) 
thrown [s\src\hotspot\share\classfile\systemDictionary.cpp, line 256]
Event: 866.581 Thread 0x00000295ce6fd370 Exception <a 'java/lang/ClassNotFoundException'{0x0000000088d98c08}: org/gradle/api/internal/DefaultNamedDomainObjectCollectionCustomizer> (0x0000000088d98c08) 
thrown [s\src\hotspot\share\classfile\systemDictionary.cpp, line 256]
Event: 866.598 Thread 0x00000295ce6fd370 Exception <a 'java/lang/ClassNotFoundException'{0x0000000088de08d0}: org/gradle/api/internal/DefaultNamedDomainObjectListCustomizer> (0x0000000088de08d0) 
thrown [s\src\hotspot\share\classfile\systemDictionary.cpp, line 256]
Event: 866.617 Thread 0x00000295ce6fd370 Exception <a 'java/lang/ClassNotFoundException'{0x0000000088c251c0}: org/gradle/api/internal/artifacts/DefaultArtifactRepositoryContainerCustomizer> (0x0000000088c251c0) 
thrown [s\src\hotspot\share\classfile\systemDictionary.cpp, line 256]
Event: 866.635 Thread 0x00000295ce6fd370 Exception <a 'java/lang/ClassNotFoundException'{0x0000000088c65b00}: org/gradle/api/internal/artifacts/dsl/DefaultRepositoryHandlerCustomizer> (0x0000000088c65b00) 
thrown [s\src\hotspot\share\classfile\systemDictionary.cpp, line 256]
Event: 866.674 Thread 0x00000295ce6fd370 Exception <a 'java/lang/ClassNotFoundException'{0x0000000088cb4268}: org/gradle/api/internal/artifacts/dsl/DefaultRepositoryHandler_DecoratedCustomizer> (0x0000000088cb4268) 
thrown [s\src\hotspot\share\classfile\systemDictionary.cpp, line 256]
Event: 866.727 Thread 0x00000295ce6fd370 Exception <a 'java/lang/ClassNotFoundException'{0x0000000088b4b938}: org/gradle/api/internal/artifacts/dsl/dependencies/DefaultDependencyHandler_DecoratedBeanInfo> (0x0000000088b4b938) 
thrown [s\src\hotspot\share\classfile\systemDictionary.cpp, line 256]
Event: 866.729 Thread 0x00000295ce6fd370 Exception <a 'java/lang/ClassNotFoundException'{0x0000000088b63a48}: org/gradle/api/internal/artifacts/dsl/dependencies/DefaultDependencyHandlerBeanInfo> (0x0000000088b63a48) 
thrown [s\src\hotspot\share\classfile\systemDictionary.cpp, line 256]
Event: 866.733 Thread 0x00000295ce6fd370 Exception <a 'java/lang/ClassNotFoundException'{0x0000000088b7b380}: org/gradle/api/internal/artifacts/dsl/dependencies/DefaultDependencyHandlerCustomizer> (0x0000000088b7b380) 
thrown [s\src\hotspot\share\classfile\systemDictionary.cpp, line 256]
Event: 866.737 Thread 0x00000295ce6fd370 Exception <a 'java/lang/ClassNotFoundException'{0x0000000088bc5380}: org/gradle/api/internal/artifacts/dsl/dependencies/DefaultDependencyHandler_DecoratedCustomizer> (0x0000000088bc5380) 
thrown [s\src\hotspot\share\classfile\systemDictionary.cpp, line 256]
Event: 1332.817 Thread 0x00000295ce6fd370 Exception <a 'java/lang/NoSuchMethodError'{0x000000008850a860}: 'java.lang.Object java.lang.invoke.DirectMethodHandle$Holder.newInvokeSpecial(java.lang.Object, java.lang.Object, java.lang.Object, java.lang.Object, java.lang.Object, java.lang.Object, java.lang.Object, java.lang.Object, java.lang.Object)'> (0x000000008850a860) 
thrown [s\src\hotspot\share\interpreter\linkResolver.cpp, line 759]
Event: 1332.838 Thread 0x00000295ce6fd370 Exception <a 'java/lang/NoSuchMethodError'{0x0000000088510500}: 'java.lang.Object java.lang.invoke.Invokers$Holder.linkToTargetMethod(java.lang.Object, java.lang.Object, java.lang.Object, java.lang.Object, java.lang.Object, java.lang.Object, java.lang.Object, java.lang.Object, java.lang.Object)'> (0x0000000088510500) 
thrown [s\src\hotspot\share\interpreter\linkResolver.cpp, line 759]
Event: 8598.697 Thread 0x00000295ce6fd370 Exception <a 'java/lang/reflect/InvocationTargetException'{0x0000000085f38038}> (0x0000000085f38038) 
thrown [s\src\hotspot\share\runtime\reflection.cpp, line 1128]

VM Operations (20 events):
Event: 8601.389 Executing VM operation: Cleanup done
Event: 8602.405 Executing VM operation: Cleanup
Event: 8602.831 Executing VM operation: Cleanup done
Event: 8605.860 Executing VM operation: Cleanup
Event: 8605.954 Executing VM operation: Cleanup done
Event: 8606.958 Executing VM operation: Cleanup
Event: 8607.021 Executing VM operation: Cleanup done
Event: 8608.030 Executing VM operation: Cleanup
Event: 8608.045 Executing VM operation: Cleanup done
Event: 8609.060 Executing VM operation: Cleanup
Event: 8609.230 Executing VM operation: Cleanup done
Event: 8614.963 Executing VM operation: G1CollectForAllocation
Event: 8618.713 Executing VM operation: G1CollectForAllocation done
Event: 8620.497 Executing VM operation: G1CollectForAllocation
Event: 8628.415 Executing VM operation: G1CollectForAllocation done
Event: 8631.528 Executing VM operation: G1CollectForAllocation
Event: 8641.640 Executing VM operation: G1CollectForAllocation done
Event: 8643.868 Executing VM operation: G1CollectForAllocation
Event: 8644.856 Executing VM operation: G1CollectForAllocation done
Event: 8645.083 Executing VM operation: G1CollectForAllocation

Memory protections (0 events):
No events

Nmethod flushes (20 events):
Event: 798.640 Thread 0x00000295ae64ea70 flushing  nmethod 0x0000029597c6a410
Event: 798.640 Thread 0x00000295ae64ea70 flushing  nmethod 0x0000029597c6b190
Event: 798.640 Thread 0x00000295ae64ea70 flushing  nmethod 0x0000029597c6f610
Event: 798.640 Thread 0x00000295ae64ea70 flushing  nmethod 0x0000029597c82a10
Event: 798.640 Thread 0x00000295ae64ea70 flushing  nmethod 0x0000029597cc9e10
Event: 798.640 Thread 0x00000295ae64ea70 flushing  nmethod 0x0000029597cd8490
Event: 798.640 Thread 0x00000295ae64ea70 flushing  nmethod 0x0000029597d1be10
Event: 798.641 Thread 0x00000295ae64ea70 flushing  nmethod 0x0000029597d88990
Event: 798.641 Thread 0x00000295ae64ea70 flushing  nmethod 0x0000029597d89e10
Event: 798.641 Thread 0x00000295ae64ea70 flushing  nmethod 0x0000029597d8f190
Event: 798.641 Thread 0x00000295ae64ea70 flushing  nmethod 0x0000029597d91910
Event: 798.641 Thread 0x00000295ae64ea70 flushing  nmethod 0x0000029597dc4690
Event: 798.641 Thread 0x00000295ae64ea70 flushing  nmethod 0x0000029597dc4a10
Event: 798.641 Thread 0x00000295ae64ea70 flushing  nmethod 0x0000029597de5a90
Event: 798.641 Thread 0x00000295ae64ea70 flushing  nmethod 0x0000029597e06410
Event: 798.641 Thread 0x00000295ae64ea70 flushing  nmethod 0x0000029597e1d210
Event: 864.947 Thread 0x00000295ae64ea70 flushing  nmethod 0x0000029597489b10
Event: 864.948 Thread 0x00000295ae64ea70 flushing  nmethod 0x00000295976a2910
Event: 864.951 Thread 0x00000295ae64ea70 flushing  nmethod 0x00000295978e3e90
Event: 864.952 Thread 0x00000295ae64ea70 flushing  nmethod 0x0000029597969a10

Events (20 events):
Event: 1009.169 Thread 0x00000295ae648ff0 Thread added: 0x00000295ae945ad0
Event: 1014.189 Thread 0x00000295ae945ad0 Thread exited: 0x00000295ae945ad0
Event: 1039.980 Thread 0x00000295ae648ff0 Thread added: 0x00000295ae946570
Event: 1040.912 Thread 0x00000295ae946570 Thread exited: 0x00000295ae946570
Event: 1075.927 Thread 0x00000295ae648ff0 Thread added: 0x00000295ae944590
Event: 1082.433 Thread 0x00000295ae944590 Thread exited: 0x00000295ae944590
Event: 1091.390 Thread 0x00000295ae648ff0 Thread added: 0x00000295ae946570
Event: 1097.434 Thread 0x00000295ae946570 Thread exited: 0x00000295ae946570
Event: 1104.577 Thread 0x00000295ae648ff0 Thread added: 0x00000295ae945ad0
Event: 1104.577 Thread 0x00000295ae648ff0 Thread added: 0x00000295ae945580
Event: 1104.577 Thread 0x00000295ae648ff0 Thread added: 0x00000295ae946570
Event: 1109.594 Thread 0x00000295ae946570 Thread exited: 0x00000295ae946570
Event: 1111.693 Thread 0x00000295ae945580 Thread exited: 0x00000295ae945580
Event: 1113.579 Thread 0x00000295ae945ad0 Thread exited: 0x00000295ae945ad0
Event: 1332.408 Thread 0x00000295ae648ff0 Thread added: 0x00000295ae944040
Event: 1332.408 Thread 0x00000295ae648ff0 Thread added: 0x00000295ae947010
Event: 1332.409 Thread 0x00000295ae648ff0 Thread added: 0x00000295ae945ad0
Event: 1344.694 Thread 0x00000295ae945ad0 Thread exited: 0x00000295ae945ad0
Event: 1350.349 Thread 0x00000295ae947010 Thread exited: 0x00000295ae947010
Event: 1350.349 Thread 0x00000295ae944040 Thread exited: 0x00000295ae944040


Dynamic libraries:
0x00007ff687c40000 - 0x00007ff687c4e000 	C:\Program Files\Eclipse Adoptium\jdk-17.0.15.6-hotspot\bin\java.exe
0x00007fffc3680000 - 0x00007fffc38e6000 	C:\WINDOWS\SYSTEM32\ntdll.dll
0x00007fffc2160000 - 0x00007fffc2229000 	C:\WINDOWS\System32\KERNEL32.DLL
0x00007fffc0ae0000 - 0x00007fffc0eac000 	C:\WINDOWS\System32\KERNELBASE.dll
0x0000000070320000 - 0x00000000703bd000 	C:\ProgramData\Symantec\Symantec Endpoint Protection\14.3.9205.6000.105\Data\Sysfer\x64\sysfer.dll
0x00007fffc0810000 - 0x00007fffc095b000 	C:\WINDOWS\System32\ucrtbase.dll
0x00007fff9be20000 - 0x00007fff9be37000 	C:\Program Files\Eclipse Adoptium\jdk-17.0.15.6-hotspot\bin\jli.dll
0x00007fff99aa0000 - 0x00007fff99abe000 	C:\Program Files\Eclipse Adoptium\jdk-17.0.15.6-hotspot\bin\VCRUNTIME140.dll
0x00007fffc14c0000 - 0x00007fffc168a000 	C:\WINDOWS\System32\USER32.dll
0x00007fffa61a0000 - 0x00007fffa643a000 	C:\WINDOWS\WinSxS\amd64_microsoft.windows.common-controls_6595b64144ccf1df_6.0.26100.3912_none_3e07963ce335137e\COMCTL32.dll
0x00007fffc3590000 - 0x00007fffc3639000 	C:\WINDOWS\System32\msvcrt.dll
0x00007fffc1730000 - 0x00007fffc175b000 	C:\WINDOWS\System32\GDI32.dll
0x00007fffc1360000 - 0x00007fffc1387000 	C:\WINDOWS\System32\win32u.dll
0x00007fffc0f70000 - 0x00007fffc10a2000 	C:\WINDOWS\System32\gdi32full.dll
0x00007fffc1390000 - 0x00007fffc1433000 	C:\WINDOWS\System32\msvcp_win.dll
0x00007fffc2850000 - 0x00007fffc2880000 	C:\WINDOWS\System32\IMM32.DLL
0x00007fffa4250000 - 0x00007fffa425c000 	C:\Program Files\Eclipse Adoptium\jdk-17.0.15.6-hotspot\bin\vcruntime140_1.dll
0x00007fff7c670000 - 0x00007fff7c6fd000 	C:\Program Files\Eclipse Adoptium\jdk-17.0.15.6-hotspot\bin\msvcp140.dll
0x00007fff3e940000 - 0x00007fff3f5ab000 	C:\Program Files\Eclipse Adoptium\jdk-17.0.15.6-hotspot\bin\server\jvm.dll
0x00007fffc2e40000 - 0x00007fffc2ef2000 	C:\WINDOWS\System32\ADVAPI32.dll
0x00007fffc1760000 - 0x00007fffc1806000 	C:\WINDOWS\System32\sechost.dll
0x00007fffc2040000 - 0x00007fffc2156000 	C:\WINDOWS\System32\RPCRT4.dll
0x00007fffc3500000 - 0x00007fffc3574000 	C:\WINDOWS\System32\WS2_32.dll
0x00007fffc0680000 - 0x00007fffc06de000 	C:\WINDOWS\SYSTEM32\POWRPROF.dll
0x00007fffb52a0000 - 0x00007fffb52d6000 	C:\WINDOWS\SYSTEM32\WINMM.dll
0x00007fffa9820000 - 0x00007fffa982b000 	C:\WINDOWS\SYSTEM32\VERSION.dll
0x00007fffc0660000 - 0x00007fffc0674000 	C:\WINDOWS\SYSTEM32\UMPDC.dll
0x00007fffbf5d0000 - 0x00007fffbf5ea000 	C:\WINDOWS\SYSTEM32\kernel.appcore.dll
0x00007fffa41b0000 - 0x00007fffa41ba000 	C:\Program Files\Eclipse Adoptium\jdk-17.0.15.6-hotspot\bin\jimage.dll
0x00007fffbe100000 - 0x00007fffbe341000 	C:\WINDOWS\SYSTEM32\DBGHELP.DLL
0x00007fffc3000000 - 0x00007fffc3384000 	C:\WINDOWS\System32\combase.dll
0x00007fffc2b40000 - 0x00007fffc2c20000 	C:\WINDOWS\System32\OLEAUT32.dll
0x00007fff95100000 - 0x00007fff95139000 	C:\WINDOWS\SYSTEM32\dbgcore.DLL
0x00007fffc12c0000 - 0x00007fffc1359000 	C:\WINDOWS\System32\bcryptPrimitives.dll
0x00007fff988b0000 - 0x00007fff988d5000 	C:\Program Files\Eclipse Adoptium\jdk-17.0.15.6-hotspot\bin\java.dll
0x00007fff7c590000 - 0x00007fff7c667000 	C:\Program Files\Eclipse Adoptium\jdk-17.0.15.6-hotspot\bin\jsvml.dll
0x00007fffc1890000 - 0x00007fffc1fbd000 	C:\WINDOWS\System32\SHELL32.dll
0x00007fffc0960000 - 0x00007fffc0ad4000 	C:\WINDOWS\System32\wintypes.dll
0x00007fffbe450000 - 0x00007fffbeca6000 	C:\WINDOWS\SYSTEM32\windows.storage.dll
0x00007fffc2f00000 - 0x00007fffc2fef000 	C:\WINDOWS\System32\SHCORE.dll
0x00007fffc1820000 - 0x00007fffc1889000 	C:\WINDOWS\System32\shlwapi.dll
0x00007fffc0720000 - 0x00007fffc074f000 	C:\WINDOWS\SYSTEM32\profapi.dll
0x00007fff99a10000 - 0x00007fff99a29000 	C:\Program Files\Eclipse Adoptium\jdk-17.0.15.6-hotspot\bin\net.dll
0x00007fffaf2b0000 - 0x00007fffaf3ce000 	C:\WINDOWS\SYSTEM32\WINHTTP.dll
0x00007fffbfb40000 - 0x00007fffbfbaa000 	C:\WINDOWS\system32\mswsock.dll
0x00007fff98f80000 - 0x00007fff98f96000 	C:\Program Files\Eclipse Adoptium\jdk-17.0.15.6-hotspot\bin\nio.dll
0x00007fff98520000 - 0x00007fff98538000 	C:\Program Files\Eclipse Adoptium\jdk-17.0.15.6-hotspot\bin\zip.dll
0x00007fffa4150000 - 0x00007fffa4160000 	C:\Program Files\Eclipse Adoptium\jdk-17.0.15.6-hotspot\bin\verify.dll
0x00007fff98930000 - 0x00007fff98957000 	C:\Users\karth\.gradle\native\68d5fa5c4cc2d200863cafc0d521ce42e7d3e7ee720ec0a83991735586a16f82\windows-amd64\native-platform.dll
0x00007fff7c440000 - 0x00007fff7c584000 	C:\Users\karth\.gradle\native\e376f236ea51e6404a007f0833ffe2c6e607c4080706a723a18a27aeea778392\windows-amd64\native-platform-file-events.dll
0x00007fffa0910000 - 0x00007fffa091a000 	C:\Program Files\Eclipse Adoptium\jdk-17.0.15.6-hotspot\bin\management.dll
0x00007fffa0830000 - 0x00007fffa083b000 	C:\Program Files\Eclipse Adoptium\jdk-17.0.15.6-hotspot\bin\management_ext.dll
0x00007fffc3580000 - 0x00007fffc3588000 	C:\WINDOWS\System32\PSAPI.DLL
0x00007fffbfde0000 - 0x00007fffbfdfc000 	C:\WINDOWS\SYSTEM32\CRYPTSP.dll
0x00007fffbf530000 - 0x00007fffbf56a000 	C:\WINDOWS\system32\rsaenh.dll
0x00007fffbfbe0000 - 0x00007fffbfc0b000 	C:\WINDOWS\SYSTEM32\USERENV.dll
0x00007fffc06f0000 - 0x00007fffc0716000 	C:\WINDOWS\SYSTEM32\bcrypt.dll
0x00007fffbfe00000 - 0x00007fffbfe0c000 	C:\WINDOWS\SYSTEM32\CRYPTBASE.dll
0x00007fffbf070000 - 0x00007fffbf0a3000 	C:\WINDOWS\SYSTEM32\IPHLPAPI.DLL
0x00007fffc2740000 - 0x00007fffc274a000 	C:\WINDOWS\System32\NSI.dll
0x00007fffb72a0000 - 0x00007fffb72bf000 	C:\WINDOWS\SYSTEM32\dhcpcsvc6.DLL
0x00007fffb7030000 - 0x00007fffb7055000 	C:\WINDOWS\SYSTEM32\dhcpcsvc.DLL
0x00007fffbf140000 - 0x00007fffbf267000 	C:\WINDOWS\SYSTEM32\DNSAPI.dll
0x00007fff9c160000 - 0x00007fff9c169000 	C:\Program Files\Eclipse Adoptium\jdk-17.0.15.6-hotspot\bin\extnet.dll
0x00007fff9bf40000 - 0x00007fff9bf4e000 	C:\Program Files\Eclipse Adoptium\jdk-17.0.15.6-hotspot\bin\sunmscapi.dll
0x00007fffc10b0000 - 0x00007fffc1227000 	C:\WINDOWS\System32\CRYPT32.dll
0x00007fffbfff0000 - 0x00007fffc0020000 	C:\WINDOWS\SYSTEM32\ncrypt.dll
0x00007fffbffa0000 - 0x00007fffbffdf000 	C:\WINDOWS\SYSTEM32\NTASN1.dll
0x00007fffa3df0000 - 0x00007fffa3df8000 	C:\WINDOWS\system32\wshunix.dll

dbghelp: loaded successfully - version: 4.0.5 - missing functions: none
symbol engine: initialized successfully - sym options: 0x614 - pdb path: .;C:\Program Files\Eclipse Adoptium\jdk-17.0.15.6-hotspot\bin;C:\WINDOWS\SYSTEM32;C:\ProgramData\Symantec\Symantec Endpoint Protection\14.3.9205.6000.105\Data\Sysfer\x64;C:\WINDOWS\WinSxS\amd64_microsoft.windows.common-controls_6595b64144ccf1df_6.0.26100.3912_none_3e07963ce335137e;C:\Program Files\Eclipse Adoptium\jdk-17.0.15.6-hotspot\bin\server;C:\Users\karth\.gradle\native\68d5fa5c4cc2d200863cafc0d521ce42e7d3e7ee720ec0a83991735586a16f82\windows-amd64;C:\Users\karth\.gradle\native\e376f236ea51e6404a007f0833ffe2c6e607c4080706a723a18a27aeea778392\windows-amd64

VM Arguments:
jvm_args: -XX:MaxMetaspaceSize=512m --add-opens=java.base/java.util=ALL-UNNAMED --add-opens=java.base/java.lang=ALL-UNNAMED --add-opens=java.base/java.lang.invoke=ALL-UNNAMED --add-opens=java.prefs/java.util.prefs=ALL-UNNAMED --add-opens=java.base/java.nio.charset=ALL-UNNAMED --add-opens=java.base/java.net=ALL-UNNAMED --add-opens=java.base/java.util.concurrent.atomic=ALL-UNNAMED -Xmx2048m -Dfile.encoding=UTF-8 -Duser.country=CA -Duser.language=en -Duser.variant 
java_command: org.gradle.launcher.daemon.bootstrap.GradleDaemon 8.0.1
java_class_path (initial): C:\Users\karth\.gradle\wrapper\dists\gradle-8.0.1-all\aro4hu1c3oeioove7l0i4i14o\gradle-8.0.1\lib\gradle-launcher-8.0.1.jar
Launcher Type: SUN_STANDARD

[Global flags]
     intx CICompilerCount                          = 12                                        {product} {ergonomic}
   size_t CompressedClassSpaceSize                 = 436207616                                 {product} {ergonomic}
     uint ConcGCThreads                            = 3                                         {product} {ergonomic}
     uint G1ConcRefinementThreads                  = 13                                        {product} {ergonomic}
   size_t G1HeapRegionSize                         = 1048576                                   {product} {ergonomic}
    uintx GCDrainStackTargetSize                   = 64                                        {product} {ergonomic}
   size_t InitialHeapSize                          = 264241152                                 {product} {ergonomic}
   size_t MarkStackSize                            = 4194304                                   {product} {ergonomic}
   size_t MaxHeapSize                              = 2147483648                                {product} {command line}
   size_t MaxMetaspaceSize                         = 536870912                                 {product} {command line}
   size_t MaxNewSize                               = 1287651328                                {product} {ergonomic}
   size_t MinHeapDeltaBytes                        = 1048576                                   {product} {ergonomic}
   size_t MinHeapSize                              = 8388608                                   {product} {ergonomic}
    uintx NonNMethodCodeHeapSize                   = 7602480                                {pd product} {ergonomic}
    uintx NonProfiledCodeHeapSize                  = 122027880                              {pd product} {ergonomic}
    uintx ProfiledCodeHeapSize                     = 122027880                              {pd product} {ergonomic}
    uintx ReservedCodeCacheSize                    = 251658240                              {pd product} {ergonomic}
     bool SegmentedCodeCache                       = true                                      {product} {ergonomic}
   size_t SoftMaxHeapSize                          = 2147483648                             {manageable} {ergonomic}
     bool UseCompressedClassPointers               = true                           {product lp64_product} {ergonomic}
     bool UseCompressedOops                        = true                           {product lp64_product} {ergonomic}
     bool UseG1GC                                  = true                                      {product} {ergonomic}
     bool UseLargePagesIndividualAllocation        = false                                  {pd product} {ergonomic}

Logging:
Log output configuration:
 #0: stdout all=warning uptime,level,tags
 #1: stderr all=off uptime,level,tags

Environment Variables:
JAVA_HOME=C:\Program Files\Java\jdk-23
CLASSPATH=C:\Users\karth\CascadeProjects\MobileAppAndroid\android\\gradle\wrapper\gradle-wrapper.jar
PATH=C:\Users\karth\CascadeProjects\MobileAppAndroid\node_modules\.bin;C:\Users\karth\CascadeProjects\MobileAppAndroid\node_modules\.bin;C:\Users\karth\CascadeProjects\node_modules\.bin;C:\Users\karth\node_modules\.bin;C:\Users\node_modules\.bin;C:\node_modules\.bin;C:\Program Files\nodejs\node_modules\npm\node_modules\@npmcli\run-script\lib\node-gyp-bin;C:\Users\karth\CascadeProjects\MobileAppAndroid\node_modules\.bin;C:\Users\karth\CascadeProjects\MobileAppAndroid\node_modules\.bin;C:\Users\karth\CascadeProjects\node_modules\.bin;C:\Users\karth\node_modules\.bin;C:\Users\node_modules\.bin;C:\node_modules\.bin;C:\Program Files\nodejs\node_modules\npm\node_modules\@npmcli\run-script\lib\node-gyp-bin;C:\Program Files\Eclipse Adoptium\jdk-17.0.15.6-hotspot\bin;C:\Program Files\Common Files\Oracle\Java\javapath;C:\WINDOWS\system32;C:\WINDOWS;C:\WINDOWS\System32\Wbem;C:\WINDOWS\System32\WindowsPowerShell\v1.0\;C:\WINDOWS\System32\OpenSSH\;C:\Program Files\nodejs\;C:\Program Files (x86)\nikto\program;C:\Program Files (x86)\curl;D:\GoWorkspace\bin;C:\Program Files\Go\bin;C:\Program Files\Git\cmd;C:\Users\karth\AppData\Local\Android\Sdk;C:\Users\karth\AppData\Local\Android\Sdk\platform-tools;C:\Program Files\Eclipse Adoptium\jdk-17.0.15.6-hotspot\bin;C:\Program Files\Common Files\Oracle\Java\javapath;C:\WINDOWS\system32;C:\WINDOWS;C:\WINDOWS\System32\Wbem;C:\WINDOWS\System32\WindowsPowerShell\v1.0\;C:\WINDOWS\System32\OpenSSH\;C:\Program Files\nodejs\;C:\Program Files\Git\cmd;C:\Users\karth\AppData\Local\Microsoft\WindowsApps;C:\Users\karth\AppData\Local\Programs\Microsoft VS Code\bin;C:\Users\karth\AppData\Roaming\npm;C:\Users\karth\go\bin;C:\Users\karth\AppData\Local\Programs\Windsurf\bin
USERNAME=karth
OS=Windows_NT
PROCESSOR_IDENTIFIER=Intel64 Family 6 Model 154 Stepping 3, GenuineIntel
TMP=C:\Users\karth\AppData\Local\Temp
TEMP=C:\Users\karth\AppData\Local\Temp



Periodic native trim disabled


---------------  S Y S T E M  ---------------

OS:
 Windows 11 , 64 bit Build 26100 (10.0.26100.3912)
OS uptime: 10 days 15:58 hours
Hyper-V role detected

CPU: total 16 (initial active 16) (8 cores per cpu, 2 threads per core) family 6 model 154 stepping 3 microcode 0x416, cx8, cmov, fxsr, ht, mmx, 3dnowpref, sse, sse2, sse3, ssse3, sse4.1, sse4.2, popcnt, lzcnt, tsc, tscinvbit, avx, avx2, aes, erms, clmul, bmi1, bmi2, adx, sha, fma, vzeroupper, clflush, clflushopt, clwb, hv
Processor Information for processor 0
  Max Mhz: 2100, Current Mhz: 2100, Mhz Limit: 2100
Processor Information for processor 1
  Max Mhz: 2100, Current Mhz: 2100, Mhz Limit: 2100
Processor Information for processor 2
  Max Mhz: 2100, Current Mhz: 2100, Mhz Limit: 2100
Processor Information for processor 3
  Max Mhz: 2100, Current Mhz: 2100, Mhz Limit: 2100
Processor Information for processor 4
  Max Mhz: 2100, Current Mhz: 2100, Mhz Limit: 2100
Processor Information for processor 5
  Max Mhz: 2100, Current Mhz: 2100, Mhz Limit: 2100
Processor Information for processor 6
  Max Mhz: 2100, Current Mhz: 2100, Mhz Limit: 2100
Processor Information for processor 7
  Max Mhz: 2100, Current Mhz: 2100, Mhz Limit: 2100
Processor Information for processor 8
  Max Mhz: 2100, Current Mhz: 1500, Mhz Limit: 1491
Processor Information for processor 9
  Max Mhz: 2100, Current Mhz: 1500, Mhz Limit: 1491
Processor Information for processor 10
  Max Mhz: 2100, Current Mhz: 1500, Mhz Limit: 1491
Processor Information for processor 11
  Max Mhz: 2100, Current Mhz: 1500, Mhz Limit: 1491
Processor Information for processor 12
  Max Mhz: 2100, Current Mhz: 1500, Mhz Limit: 1491
Processor Information for processor 13
  Max Mhz: 2100, Current Mhz: 1500, Mhz Limit: 1491
Processor Information for processor 14
  Max Mhz: 2100, Current Mhz: 1500, Mhz Limit: 1491
Processor Information for processor 15
  Max Mhz: 2100, Current Mhz: 1500, Mhz Limit: 1491

Memory: 4k page, system-wide physical 16088M (0M free)
TotalPageFile size 64210M (AvailPageFile size 5M)
current process WorkingSet (physical memory assigned to process): 5M, peak: 230M
current process commit charge ("private bytes"): 354M, peak: 419M

vm_info: OpenJDK 64-Bit Server VM (17.0.15+6) for windows-amd64 JRE (17.0.15+6), built on Apr 15 2025 21:25:47 by "admin" with MS VC++ 17.7 (VS2022)

END.
