#
# There is insufficient memory for the Java Runtime Environment to continue.
# Native memory allocation (mmap) failed to map 61865984 bytes. Error detail: G1 virtual space
# Possible reasons:
#   The system is out of physical RAM or swap space
#   This process is running with CompressedOops enabled, and the Java Heap may be blocking the growth of the native heap
# Possible solutions:
#   Reduce memory load on the system
#   Increase physical memory or swap space
#   Check if swap backing store is full
#   Decrease Java heap size (-Xmx/-Xms)
#   Decrease number of Java threads
#   Decrease Java thread stack sizes (-Xss)
#   Set larger code cache with -XX:ReservedCodeCacheSize=
#   JVM is running with Unscaled Compressed Oops mode in which the Java heap is
#     placed in the first 4GB address space. The Java Heap base address is the
#     maximum limit for the native heap growth. Please use -XX:HeapBaseMinAddress
#     to set the Java Heap base and to place the Java Heap above 4GB virtual address.
# This output file may be truncated or incomplete.
#
#  Out of Memory Error (os_windows.cpp:3618), pid=57940, tid=57256
#
# JRE version: OpenJDK Runtime Environment Temurin-17.0.15+6 (17.0.15+6) (build 17.0.15+6)
# Java VM: OpenJDK 64-Bit Server VM Temurin-17.0.15+6 (17.0.15+6, mixed mode, sharing, tiered, compressed oops, compressed class ptrs, g1 gc, windows-amd64)
# No core dump will be written. Minidumps are not enabled by default on client versions of Windows
#

---------------  S U M M A R Y ------------

Command Line: -XX:MaxMetaspaceSize=512m --add-opens=java.base/java.util=ALL-UNNAMED --add-opens=java.base/java.lang=ALL-UNNAMED --add-opens=java.base/java.lang.invoke=ALL-UNNAMED --add-opens=java.prefs/java.util.prefs=ALL-UNNAMED --add-opens=java.base/java.nio.charset=ALL-UNNAMED --add-opens=java.base/java.net=ALL-UNNAMED --add-opens=java.base/java.util.concurrent.atomic=ALL-UNNAMED -Xmx2048m -Dfile.encoding=UTF-8 -Duser.country=CA -Duser.language=en -Duser.variant org.gradle.launcher.daemon.bootstrap.GradleDaemon 8.0.1

Host: 12th Gen Intel(R) Core(TM) i7-1260P, 16 cores, 15G,  Windows 11 , 64 bit Build 26100 (10.0.26100.3912)
Time: Mon May 26 02:11:39 2025 Eastern Daylight Time elapsed time: 8576.857204 seconds (0d 2h 22m 56s)

---------------  T H R E A D  ---------------

Current thread (0x00000182599ef010):  VMThread "VM Thread" [stack: 0x0000003ca8f00000,0x0000003ca9000000] [id=57256]

Stack: [0x0000003ca8f00000,0x0000003ca9000000]
Native frames: (J=compiled Java code, j=interpreted, Vv=VM code, C=native code)
V  [jvm.dll+0x682fc9]
V  [jvm.dll+0x839878]
V  [jvm.dll+0x83b323]
V  [jvm.dll+0x83b993]
V  [jvm.dll+0x24725f]
V  [jvm.dll+0x67fda9]
V  [jvm.dll+0x674c9a]
V  [jvm.dll+0x304d06]
V  [jvm.dll+0x30c1c6]
V  [jvm.dll+0x35dd4e]
V  [jvm.dll+0x35df8d]
V  [jvm.dll+0x2dc0cc]
V  [jvm.dll+0x2da46f]
V  [jvm.dll+0x2d9bdc]
V  [jvm.dll+0x31d3bb]
V  [jvm.dll+0x8401cd]
V  [jvm.dll+0x840f03]
V  [jvm.dll+0x84142f]
V  [jvm.dll+0x841814]
V  [jvm.dll+0x8418de]
V  [jvm.dll+0x7e94dc]
V  [jvm.dll+0x681ea7]
C  [ucrtbase.dll+0x37b0]
C  [KERNEL32.DLL+0x2e8d7]
C  [ntdll.dll+0x9c5dc]

VM_Operation (0x0000003caa1fdb80): G1CollectForAllocation, mode: safepoint, requested by thread 0x000001827a6f1450


---------------  P R O C E S S  ---------------

Threads class SMR info:
_java_thread_list=0x000001827c716330, length=79, elements={
0x000001823a4e6970, 0x00000182599f2790, 0x00000182599f3060, 0x0000018259a03f50,
0x0000018259a04820, 0x0000018259a050f0, 0x0000018259a05ab0, 0x0000018259a067a0,
0x0000018259a091b0, 0x0000018259a09bb0, 0x00000182751d2750, 0x00000182751d6e70,
0x000001827a6f1450, 0x000001827a9e28c0, 0x000001827af71da0, 0x000001827a8f0cb0,
0x000001827a6bb850, 0x000001827ad18390, 0x0000018275877510, 0x00000182758765e0,
0x00000182758760d0, 0x0000018275876af0, 0x0000018275806d60, 0x0000018275807270,
0x0000018275806850, 0x0000018275807780, 0x0000018275805e30, 0x0000018275807c90,
0x00000182758081a0, 0x0000018275806340, 0x00000182758086b0, 0x0000018275808bc0,
0x000001827b8ca880, 0x000001827b8c9e60, 0x000001827b8c9950, 0x000001827b8cad90,
0x000001827b8cbcc0, 0x000001827b8cb7b0, 0x000001827b8cc1d0, 0x000001827b8ca370,
0x000001827b8cc6e0, 0x000001827b8c9440, 0x000001827b8ce030, 0x000001827b8d08b0,
0x000001827b8cfe90, 0x000001827b8cd610, 0x000001827b8cea50, 0x000001827b8d03a0,
0x000001827b8cd100, 0x000001827b8d0dc0, 0x000001827b8cf980, 0x000001827b8ce540,
0x000001827b8cef60, 0x000001827b8cf470, 0x000001827b8cdb20, 0x0000018275877a20,
0x00000182758095e0, 0x0000018275a62fc0, 0x0000018275a64e20, 0x0000018275a64400,
0x0000018275a625a0, 0x0000018275a62090, 0x0000018275a65330, 0x0000018275a634d0,
0x0000018275a61b80, 0x0000018275a64910, 0x0000018275a66260, 0x0000018275a639e0,
0x0000018275a65840, 0x0000018275a63ef0, 0x0000018275a65d50, 0x0000018275a62ab0,
0x0000018275a69500, 0x0000018275a67bb0, 0x0000018275a66770, 0x0000018275a66c80,
0x0000018275a680c0, 0x0000018275a676a0, 0x0000018275a68ae0
}

Java Threads: ( => current thread )
  0x000001823a4e6970 JavaThread "main" [_thread_blocked, id=3676, stack(0x0000003ca8900000,0x0000003ca8a00000)]
  0x00000182599f2790 JavaThread "Reference Handler" daemon [_thread_blocked, id=65352, stack(0x0000003ca9000000,0x0000003ca9100000)]
  0x00000182599f3060 JavaThread "Finalizer" daemon [_thread_blocked, id=9532, stack(0x0000003ca9100000,0x0000003ca9200000)]
  0x0000018259a03f50 JavaThread "Signal Dispatcher" daemon [_thread_blocked, id=43016, stack(0x0000003ca9200000,0x0000003ca9300000)]
  0x0000018259a04820 JavaThread "Attach Listener" daemon [_thread_blocked, id=61288, stack(0x0000003ca9300000,0x0000003ca9400000)]
  0x0000018259a050f0 JavaThread "Service Thread" daemon [_thread_blocked, id=31324, stack(0x0000003ca9400000,0x0000003ca9500000)]
  0x0000018259a05ab0 JavaThread "Monitor Deflation Thread" daemon [_thread_blocked, id=48232, stack(0x0000003ca9500000,0x0000003ca9600000)]
  0x0000018259a067a0 JavaThread "C2 CompilerThread0" daemon [_thread_blocked, id=29912, stack(0x0000003ca9600000,0x0000003ca9700000)]
  0x0000018259a091b0 JavaThread "C1 CompilerThread0" daemon [_thread_blocked, id=27464, stack(0x0000003ca9700000,0x0000003ca9800000)]
  0x0000018259a09bb0 JavaThread "Sweeper thread" daemon [_thread_blocked, id=23284, stack(0x0000003ca9800000,0x0000003ca9900000)]
  0x00000182751d2750 JavaThread "Common-Cleaner" daemon [_thread_blocked, id=22304, stack(0x0000003ca9900000,0x0000003ca9a00000)]
  0x00000182751d6e70 JavaThread "Notification Thread" daemon [_thread_blocked, id=57220, stack(0x0000003ca9a00000,0x0000003ca9b00000)]
  0x000001827a6f1450 JavaThread "Daemon health stats" [_thread_blocked, id=11468, stack(0x0000003caa100000,0x0000003caa200000)]
  0x000001827a9e28c0 JavaThread "Incoming local TCP Connector on port 33674" [_thread_in_native, id=58480, stack(0x0000003ca8700000,0x0000003ca8800000)]
  0x000001827af71da0 JavaThread "Daemon periodic checks" [_thread_blocked, id=32032, stack(0x0000003ca8800000,0x0000003ca8900000)]
  0x000001827a8f0cb0 JavaThread "Daemon" [_thread_blocked, id=35984, stack(0x0000003caa200000,0x0000003caa300000)]
  0x000001827a6bb850 JavaThread "Handler for socket connection from /127.0.0.1:33674 to /127.0.0.1:33708" [_thread_in_native, id=16896, stack(0x0000003caa300000,0x0000003caa400000)]
  0x000001827ad18390 JavaThread "Cancel handler" [_thread_blocked, id=18524, stack(0x0000003caa400000,0x0000003caa500000)]
  0x0000018275877510 JavaThread "Daemon worker" [_thread_blocked, id=52464, stack(0x0000003caa700000,0x0000003caa800000)]
  0x00000182758765e0 JavaThread "Asynchronous log dispatcher for DefaultDaemonConnection: socket connection from /127.0.0.1:33674 to /127.0.0.1:33708" [_thread_blocked, id=21860, stack(0x0000003caa800000,0x0000003caa900000)]
  0x00000182758760d0 JavaThread "Daemon client event forwarder" [_thread_blocked, id=28404, stack(0x0000003caaa00000,0x0000003caab00000)]
  0x0000018275876af0 JavaThread "Cache worker for journal cache (C:\Users\karth\.gradle\caches\journal-1)" [_thread_blocked, id=49956, stack(0x0000003cab200000,0x0000003cab300000)]
  0x0000018275806d60 JavaThread "File lock request listener" [_thread_in_native, id=47628, stack(0x0000003cab300000,0x0000003cab400000)]
  0x0000018275807270 JavaThread "Cache worker for file hash cache (C:\Users\karth\.gradle\caches\8.0.1\fileHashes)" [_thread_blocked, id=47024, stack(0x0000003cab500000,0x0000003cab600000)]
  0x0000018275806850 JavaThread "File watcher server" daemon [_thread_in_native, id=56680, stack(0x0000003cab600000,0x0000003cab700000)]
  0x0000018275807780 JavaThread "File watcher consumer" daemon [_thread_blocked, id=42280, stack(0x0000003cab700000,0x0000003cab800000)]
  0x0000018275805e30 JavaThread "Cache worker for checksums cache (C:\Users\karth\CascadeProjects\MobileAppAndroid\android\.gradle\8.0.1\checksums)" [_thread_blocked, id=38032, stack(0x0000003cab800000,0x0000003cab900000)]
  0x0000018275807c90 JavaThread "Cache worker for cache directory md-rule (C:\Users\karth\.gradle\caches\8.0.1\md-rule)" [_thread_blocked, id=14260, stack(0x0000003cab900000,0x0000003caba00000)]
  0x00000182758081a0 JavaThread "Cache worker for file content cache (C:\Users\karth\.gradle\caches\8.0.1\fileContent)" [_thread_blocked, id=45944, stack(0x0000003caba00000,0x0000003cabb00000)]
  0x0000018275806340 JavaThread "Cache worker for file hash cache (C:\Users\karth\CascadeProjects\MobileAppAndroid\android\.gradle\8.0.1\fileHashes)" [_thread_blocked, id=15648, stack(0x0000003cabd00000,0x0000003cabe00000)]
  0x00000182758086b0 JavaThread "Cache worker for cache directory md-supplier (C:\Users\karth\.gradle\caches\8.0.1\md-supplier)" [_thread_blocked, id=62012, stack(0x0000003cabe00000,0x0000003cabf00000)]
  0x0000018275808bc0 JavaThread "Cache worker for execution history cache (C:\Users\karth\.gradle\caches\8.0.1\executionHistory)" [_thread_blocked, id=49124, stack(0x0000003cabf00000,0x0000003cac000000)]
  0x000001827b8ca880 JavaThread "jar transforms" [_thread_blocked, id=53744, stack(0x0000003cac000000,0x0000003cac100000)]
  0x000001827b8c9e60 JavaThread "jar transforms Thread 2" [_thread_blocked, id=28440, stack(0x0000003cac100000,0x0000003cac200000)]
  0x000001827b8c9950 JavaThread "jar transforms Thread 3" [_thread_blocked, id=38292, stack(0x0000003cac300000,0x0000003cac400000)]
  0x000001827b8cad90 JavaThread "jar transforms Thread 4" [_thread_blocked, id=44020, stack(0x0000003cac400000,0x0000003cac500000)]
  0x000001827b8cbcc0 JavaThread "Cache worker for kotlin-dsl (C:\Users\karth\.gradle\caches\8.0.1\kotlin-dsl)" [_thread_blocked, id=36960, stack(0x0000003caa500000,0x0000003caa600000)]
  0x000001827b8cb7b0 JavaThread "jar transforms Thread 5" [_thread_blocked, id=42484, stack(0x0000003caa900000,0x0000003caaa00000)]
  0x000001827b8cc1d0 JavaThread "jar transforms Thread 6" [_thread_blocked, id=12180, stack(0x0000003cab400000,0x0000003cab500000)]
  0x000001827b8ca370 JavaThread "Cache worker for dependencies-accessors (C:\Users\karth\CascadeProjects\MobileAppAndroid\android\.gradle\8.0.1\dependencies-accessors)" [_thread_blocked, id=44396, stack(0x0000003cac200000,0x0000003cac300000)]
  0x000001827b8cc6e0 JavaThread "Cache worker for Build Output Cleanup Cache (C:\Users\karth\CascadeProjects\MobileAppAndroid\node_modules\@react-native\gradle-plugin\.gradle\buildOutputCleanup)" [_thread_blocked, id=24700, stack(0x0000003cac500000,0x0000003cac600000)]
  0x000001827b8c9440 JavaThread "jar transforms Thread 7" [_thread_blocked, id=42796, stack(0x0000003cac600000,0x0000003cac700000)]
  0x000001827b8ce030 JavaThread "Unconstrained build operations" [_thread_blocked, id=44520, stack(0x0000003cac700000,0x0000003cac800000)]
  0x000001827b8d08b0 JavaThread "Unconstrained build operations Thread 2" [_thread_blocked, id=30708, stack(0x0000003cac800000,0x0000003cac900000)]
  0x000001827b8cfe90 JavaThread "Unconstrained build operations Thread 3" [_thread_blocked, id=9448, stack(0x0000003cac900000,0x0000003caca00000)]
  0x000001827b8cd610 JavaThread "Unconstrained build operations Thread 4" [_thread_blocked, id=46500, stack(0x0000003caca00000,0x0000003cacb00000)]
  0x000001827b8cea50 JavaThread "Unconstrained build operations Thread 5" [_thread_blocked, id=24148, stack(0x0000003cacb00000,0x0000003cacc00000)]
  0x000001827b8d03a0 JavaThread "Unconstrained build operations Thread 6" [_thread_blocked, id=30356, stack(0x0000003cacc00000,0x0000003cacd00000)]
  0x000001827b8cd100 JavaThread "Unconstrained build operations Thread 7" [_thread_blocked, id=50480, stack(0x0000003cacd00000,0x0000003cace00000)]
  0x000001827b8d0dc0 JavaThread "Unconstrained build operations Thread 8" [_thread_blocked, id=50992, stack(0x0000003cace00000,0x0000003cacf00000)]
  0x000001827b8cf980 JavaThread "Unconstrained build operations Thread 9" [_thread_blocked, id=18212, stack(0x0000003cacf00000,0x0000003cad000000)]
  0x000001827b8ce540 JavaThread "Unconstrained build operations Thread 10" [_thread_blocked, id=16768, stack(0x0000003cad000000,0x0000003cad100000)]
  0x000001827b8cef60 JavaThread "Unconstrained build operations Thread 11" [_thread_blocked, id=63260, stack(0x0000003cad100000,0x0000003cad200000)]
  0x000001827b8cf470 JavaThread "Unconstrained build operations Thread 12" [_thread_blocked, id=23800, stack(0x0000003cad200000,0x0000003cad300000)]
  0x000001827b8cdb20 JavaThread "Unconstrained build operations Thread 13" [_thread_blocked, id=30964, stack(0x0000003cad300000,0x0000003cad400000)]
  0x0000018275877a20 JavaThread "Unconstrained build operations Thread 14" [_thread_blocked, id=33584, stack(0x0000003cad400000,0x0000003cad500000)]
  0x00000182758095e0 JavaThread "Unconstrained build operations Thread 15" [_thread_blocked, id=56948, stack(0x0000003cad500000,0x0000003cad600000)]
  0x0000018275a62fc0 JavaThread "Unconstrained build operations Thread 16" [_thread_blocked, id=22324, stack(0x0000003cad600000,0x0000003cad700000)]
  0x0000018275a64e20 JavaThread "Unconstrained build operations Thread 17" [_thread_blocked, id=22572, stack(0x0000003cad700000,0x0000003cad800000)]
  0x0000018275a64400 JavaThread "Unconstrained build operations Thread 18" [_thread_blocked, id=54996, stack(0x0000003cad800000,0x0000003cad900000)]
  0x0000018275a625a0 JavaThread "Unconstrained build operations Thread 19" [_thread_blocked, id=38460, stack(0x0000003cad900000,0x0000003cada00000)]
  0x0000018275a62090 JavaThread "Unconstrained build operations Thread 20" [_thread_blocked, id=36580, stack(0x0000003cada00000,0x0000003cadb00000)]
  0x0000018275a65330 JavaThread "Unconstrained build operations Thread 21" [_thread_blocked, id=35516, stack(0x0000003cadb00000,0x0000003cadc00000)]
  0x0000018275a634d0 JavaThread "Unconstrained build operations Thread 22" [_thread_blocked, id=10808, stack(0x0000003cadc00000,0x0000003cadd00000)]
  0x0000018275a61b80 JavaThread "Unconstrained build operations Thread 23" [_thread_blocked, id=44792, stack(0x0000003cadd00000,0x0000003cade00000)]
  0x0000018275a64910 JavaThread "Unconstrained build operations Thread 24" [_thread_blocked, id=66812, stack(0x0000003cade00000,0x0000003cadf00000)]
  0x0000018275a66260 JavaThread "Unconstrained build operations Thread 25" [_thread_blocked, id=48556, stack(0x0000003cadf00000,0x0000003cae000000)]
  0x0000018275a639e0 JavaThread "Unconstrained build operations Thread 26" [_thread_blocked, id=22036, stack(0x0000003cae000000,0x0000003cae100000)]
  0x0000018275a65840 JavaThread "jar transforms Thread 8" [_thread_blocked, id=31456, stack(0x0000003cae100000,0x0000003cae200000)]
  0x0000018275a63ef0 JavaThread "jar transforms Thread 9" [_thread_blocked, id=26196, stack(0x0000003cae200000,0x0000003cae300000)]
  0x0000018275a65d50 JavaThread "jar transforms Thread 10" [_thread_blocked, id=10204, stack(0x0000003cae300000,0x0000003cae400000)]
  0x0000018275a62ab0 JavaThread "jar transforms Thread 11" [_thread_blocked, id=59160, stack(0x0000003cae400000,0x0000003cae500000)]
  0x0000018275a69500 JavaThread "jar transforms Thread 12" [_thread_blocked, id=32808, stack(0x0000003cae500000,0x0000003cae600000)]
  0x0000018275a67bb0 JavaThread "jar transforms Thread 13" [_thread_blocked, id=18152, stack(0x0000003cae600000,0x0000003cae700000)]
  0x0000018275a66770 JavaThread "jar transforms Thread 14" [_thread_blocked, id=23328, stack(0x0000003cae700000,0x0000003cae800000)]
  0x0000018275a66c80 JavaThread "jar transforms Thread 15" [_thread_blocked, id=62392, stack(0x0000003cae800000,0x0000003cae900000)]
  0x0000018275a680c0 JavaThread "jar transforms Thread 16" [_thread_blocked, id=57956, stack(0x0000003cae900000,0x0000003caea00000)]
  0x0000018275a676a0 JavaThread "Memory manager" [_thread_blocked, id=14036, stack(0x0000003caed00000,0x0000003caee00000)]
  0x0000018275a68ae0 JavaThread "Cache worker for Build Output Cleanup Cache (C:\Users\karth\CascadeProjects\MobileAppAndroid\android\.gradle\buildOutputCleanup)" [_thread_blocked, id=45232, stack(0x0000003caea00000,0x0000003caeb00000)]

Other Threads:
=>0x00000182599ef010 VMThread "VM Thread" [stack: 0x0000003ca8f00000,0x0000003ca9000000] [id=57256]
  0x00000182751d9b70 WatcherThread [stack: 0x0000003ca9b00000,0x0000003ca9c00000] [id=57224]
  0x000001823a544e80 GCTaskThread "GC Thread#0" [stack: 0x0000003ca8a00000,0x0000003ca8b00000] [id=58752]
  0x00000182752a5570 GCTaskThread "GC Thread#1" [stack: 0x0000003ca9c00000,0x0000003ca9d00000] [id=33400]
  0x00000182752a5830 GCTaskThread "GC Thread#2" [stack: 0x0000003ca9d00000,0x0000003ca9e00000] [id=16432]
  0x00000182752a5af0 GCTaskThread "GC Thread#3" [stack: 0x0000003ca9e00000,0x0000003ca9f00000] [id=24460]
  0x000001827a17a000 GCTaskThread "GC Thread#4" [stack: 0x0000003ca9f00000,0x0000003caa000000] [id=18416]
  0x000001827a17a2c0 GCTaskThread "GC Thread#5" [stack: 0x0000003caa000000,0x0000003caa100000] [id=48244]
  0x0000018275102860 GCTaskThread "GC Thread#6" [stack: 0x0000003caab00000,0x0000003caac00000] [id=20996]
  0x00000182751022e0 GCTaskThread "GC Thread#7" [stack: 0x0000003caac00000,0x0000003caad00000] [id=60676]
  0x00000182751025a0 GCTaskThread "GC Thread#8" [stack: 0x0000003caad00000,0x0000003caae00000] [id=42692]
  0x0000018275101d60 GCTaskThread "GC Thread#9" [stack: 0x0000003caae00000,0x0000003caaf00000] [id=42516]
  0x0000018275101520 GCTaskThread "GC Thread#10" [stack: 0x0000003caaf00000,0x0000003cab000000] [id=52196]
  0x00000182751017e0 GCTaskThread "GC Thread#11" [stack: 0x0000003cab000000,0x0000003cab100000] [id=35924]
  0x0000018275102b20 GCTaskThread "GC Thread#12" [stack: 0x0000003cab100000,0x0000003cab200000] [id=47524]
  0x000001823a555cd0 ConcurrentGCThread "G1 Main Marker" [stack: 0x0000003ca8b00000,0x0000003ca8c00000] [id=62332]
  0x000001823a5565f0 ConcurrentGCThread "G1 Conc#0" [stack: 0x0000003ca8c00000,0x0000003ca8d00000] [id=64924]
  0x000001827a82de20 ConcurrentGCThread "G1 Conc#1" [stack: 0x0000003cabb00000,0x0000003cabc00000] [id=58116]
  0x000001827a82d060 ConcurrentGCThread "G1 Conc#2" [stack: 0x0000003cabc00000,0x0000003cabd00000] [id=36344]
  0x00000182598db950 ConcurrentGCThread "G1 Refine#0" [stack: 0x0000003ca8d00000,0x0000003ca8e00000] [id=31152]
  0x00000182598dd130 ConcurrentGCThread "G1 Service" [stack: 0x0000003ca8e00000,0x0000003ca8f00000] [id=56012]

Threads with active compile tasks:
C2 CompilerThread0  8580438 9048   !   4       java.util.concurrent.ThreadPoolExecutor::getTask (177 bytes)

VM state: at safepoint (normal execution)

VM Mutex/Monitor currently owned by a thread:  ([mutex/lock_event])
[0x0000018238b50a80] Threads_lock - owner thread: 0x00000182599ef010
[0x000001823a4df960] Heap_lock - owner thread: 0x000001827a6f1450

Heap address: 0x0000000080000000, size: 2048 MB, Compressed Oops mode: 32-bit

CDS archive(s) mapped at: [0x000001825a000000-0x000001825abb0000-0x000001825abb0000), size 12255232, SharedBaseAddress: 0x000001825a000000, ArchiveRelocationMode: 1.
Compressed class space mapped at: 0x000001825b000000-0x0000018275000000, reserved size: 436207616
Narrow klass base: 0x000001825a000000, Narrow klass shift: 0, Narrow klass range: 0x100000000

GC Precious Log:
 CPUs: 16 total, 16 available
 Memory: 16088M
 Large Page Support: Disabled
 NUMA Support: Disabled
 Compressed Oops: Enabled (32-bit)
 Heap Region Size: 1M
 Heap Min Capacity: 8M
 Heap Initial Capacity: 252M
 Heap Max Capacity: 2G
 Pre-touch: Disabled
 Parallel Workers: 13
 Concurrent Workers: 3
 Concurrent Refinement Workers: 13
 Periodic GC: Disabled

Heap:
 garbage-first heap   total 162816K, used 56422K [0x0000000080000000, 0x0000000100000000)
  region size 1024K, 1 young (1024K), 1 survivors (1024K)
 Metaspace       used 59349K, committed 59968K, reserved 491520K
  class space    used 8195K, committed 8448K, reserved 425984K

Heap Regions: E=young(eden), S=young(survivor), O=old, HS=humongous(starts), HC=humongous(continues), CS=collection set, F=free, OA=open archive, CA=closed archive, TAMS=top-at-mark-start (previous, next)
|   0|0x0000000080000000, 0x0000000080100000, 0x0000000080100000|100%|HS|  |TAMS 0x0000000080100000, 0x0000000080100000| Complete 
|   1|0x0000000080100000, 0x0000000080200000, 0x0000000080200000|100%|HC|  |TAMS 0x0000000080200000, 0x0000000080200000| Complete 
|   2|0x0000000080200000, 0x0000000080300000, 0x0000000080300000|100%|HC|  |TAMS 0x0000000080300000, 0x0000000080300000| Complete 
|   3|0x0000000080300000, 0x0000000080400000, 0x0000000080400000|100%|HC|  |TAMS 0x0000000080400000, 0x0000000080400000| Complete 
|   4|0x0000000080400000, 0x0000000080500000, 0x0000000080500000|100%| O|  |TAMS 0x0000000080500000, 0x0000000080500000| Untracked 
|   5|0x0000000080500000, 0x0000000080600000, 0x0000000080600000|100%| O|  |TAMS 0x0000000080600000, 0x0000000080600000| Untracked 
|   6|0x0000000080600000, 0x0000000080700000, 0x0000000080700000|100%| O|  |TAMS 0x0000000080700000, 0x0000000080700000| Untracked 
|   7|0x0000000080700000, 0x0000000080800000, 0x0000000080800000|100%| O|  |TAMS 0x0000000080800000, 0x0000000080800000| Untracked 
|   8|0x0000000080800000, 0x0000000080900000, 0x0000000080900000|100%| O|  |TAMS 0x0000000080900000, 0x0000000080900000| Untracked 
|   9|0x0000000080900000, 0x0000000080a00000, 0x0000000080a00000|100%| O|  |TAMS 0x0000000080a00000, 0x0000000080a00000| Untracked 
|  10|0x0000000080a00000, 0x0000000080b00000, 0x0000000080b00000|100%| O|  |TAMS 0x0000000080b00000, 0x0000000080b00000| Untracked 
|  11|0x0000000080b00000, 0x0000000080c00000, 0x0000000080c00000|100%| O|  |TAMS 0x0000000080c00000, 0x0000000080c00000| Untracked 
|  12|0x0000000080c00000, 0x0000000080d00000, 0x0000000080d00000|100%| O|  |TAMS 0x0000000080d00000, 0x0000000080d00000| Untracked 
|  13|0x0000000080d00000, 0x0000000080e00000, 0x0000000080e00000|100%| O|  |TAMS 0x0000000080e00000, 0x0000000080e00000| Untracked 
|  14|0x0000000080e00000, 0x0000000080f00000, 0x0000000080f00000|100%| O|  |TAMS 0x0000000080f00000, 0x0000000080f00000| Untracked 
|  15|0x0000000080f00000, 0x0000000081000000, 0x0000000081000000|100%| O|  |TAMS 0x0000000081000000, 0x0000000081000000| Untracked 
|  16|0x0000000081000000, 0x0000000081100000, 0x0000000081100000|100%| O|  |TAMS 0x0000000081100000, 0x0000000081100000| Untracked 
|  17|0x0000000081100000, 0x0000000081200000, 0x0000000081200000|100%| O|  |TAMS 0x0000000081200000, 0x0000000081200000| Untracked 
|  18|0x0000000081200000, 0x0000000081300000, 0x0000000081300000|100%| O|  |TAMS 0x0000000081300000, 0x0000000081300000| Untracked 
|  19|0x0000000081300000, 0x0000000081400000, 0x0000000081400000|100%| O|  |TAMS 0x0000000081400000, 0x0000000081400000| Untracked 
|  20|0x0000000081400000, 0x0000000081500000, 0x0000000081500000|100%| O|  |TAMS 0x0000000081500000, 0x0000000081500000| Untracked 
|  21|0x0000000081500000, 0x0000000081600000, 0x0000000081600000|100%| O|  |TAMS 0x0000000081600000, 0x0000000081600000| Untracked 
|  22|0x0000000081600000, 0x0000000081700000, 0x0000000081700000|100%| O|  |TAMS 0x0000000081700000, 0x0000000081700000| Untracked 
|  23|0x0000000081700000, 0x0000000081800000, 0x0000000081800000|100%| O|  |TAMS 0x0000000081800000, 0x0000000081800000| Untracked 
|  24|0x0000000081800000, 0x0000000081900000, 0x0000000081900000|100%| O|  |TAMS 0x0000000081900000, 0x0000000081900000| Untracked 
|  25|0x0000000081900000, 0x0000000081a00000, 0x0000000081a00000|100%| O|  |TAMS 0x0000000081a00000, 0x0000000081a00000| Untracked 
|  26|0x0000000081a00000, 0x0000000081b00000, 0x0000000081b00000|100%| O|  |TAMS 0x0000000081b00000, 0x0000000081b00000| Untracked 
|  27|0x0000000081b00000, 0x0000000081c00000, 0x0000000081c00000|100%| O|  |TAMS 0x0000000081c00000, 0x0000000081c00000| Untracked 
|  28|0x0000000081c00000, 0x0000000081d00000, 0x0000000081d00000|100%| O|  |TAMS 0x0000000081d00000, 0x0000000081d00000| Untracked 
|  29|0x0000000081d00000, 0x0000000081e00000, 0x0000000081e00000|100%| O|  |TAMS 0x0000000081e00000, 0x0000000081e00000| Untracked 
|  30|0x0000000081e00000, 0x0000000081f00000, 0x0000000081f00000|100%| O|  |TAMS 0x0000000081f00000, 0x0000000081f00000| Untracked 
|  31|0x0000000081f00000, 0x0000000082000000, 0x0000000082000000|100%|HS|  |TAMS 0x0000000082000000, 0x0000000082000000| Complete 
|  32|0x0000000082000000, 0x0000000082100000, 0x0000000082100000|100%|HC|  |TAMS 0x0000000082100000, 0x0000000082100000| Complete 
|  33|0x0000000082100000, 0x0000000082200000, 0x0000000082200000|100%| O|  |TAMS 0x0000000082200000, 0x0000000082200000| Untracked 
|  34|0x0000000082200000, 0x0000000082300000, 0x0000000082300000|100%| O|  |TAMS 0x0000000082300000, 0x0000000082300000| Untracked 
|  35|0x0000000082300000, 0x0000000082400000, 0x0000000082400000|100%|HS|  |TAMS 0x0000000082400000, 0x0000000082400000| Complete 
|  36|0x0000000082400000, 0x0000000082500000, 0x0000000082500000|100%|HC|  |TAMS 0x0000000082500000, 0x0000000082500000| Complete 
|  37|0x0000000082500000, 0x0000000082600000, 0x0000000082600000|100%|HC|  |TAMS 0x0000000082600000, 0x0000000082600000| Complete 
|  38|0x0000000082600000, 0x0000000082700000, 0x0000000082700000|100%|HC|  |TAMS 0x0000000082700000, 0x0000000082700000| Complete 
|  39|0x0000000082700000, 0x0000000082800000, 0x0000000082800000|100%| O|  |TAMS 0x0000000082800000, 0x0000000082800000| Untracked 
|  40|0x0000000082800000, 0x0000000082900000, 0x0000000082900000|100%| O|  |TAMS 0x0000000082900000, 0x0000000082900000| Untracked 
|  41|0x0000000082900000, 0x0000000082a00000, 0x0000000082a00000|100%| O|  |TAMS 0x0000000082a00000, 0x0000000082a00000| Untracked 
|  42|0x0000000082a00000, 0x0000000082b00000, 0x0000000082b00000|100%| O|  |TAMS 0x0000000082b00000, 0x0000000082b00000| Untracked 
|  43|0x0000000082b00000, 0x0000000082c00000, 0x0000000082c00000|100%| O|  |TAMS 0x0000000082c00000, 0x0000000082c00000| Untracked 
|  44|0x0000000082c00000, 0x0000000082d00000, 0x0000000082d00000|100%| O|  |TAMS 0x0000000082d00000, 0x0000000082d00000| Untracked 
|  45|0x0000000082d00000, 0x0000000082e00000, 0x0000000082e00000|100%| O|  |TAMS 0x0000000082e00000, 0x0000000082e00000| Untracked 
|  46|0x0000000082e00000, 0x0000000082f00000, 0x0000000082f00000|100%| O|  |TAMS 0x0000000082f00000, 0x0000000082f00000| Untracked 
|  47|0x0000000082f00000, 0x0000000083000000, 0x0000000083000000|100%| O|  |TAMS 0x0000000083000000, 0x0000000083000000| Untracked 
|  48|0x0000000083000000, 0x0000000083100000, 0x0000000083100000|100%| O|  |TAMS 0x0000000083100000, 0x0000000083100000| Untracked 
|  49|0x0000000083100000, 0x0000000083200000, 0x0000000083200000|100%| O|  |TAMS 0x0000000083200000, 0x0000000083200000| Untracked 
|  50|0x0000000083200000, 0x0000000083300000, 0x0000000083300000|100%| O|  |TAMS 0x0000000083300000, 0x0000000083300000| Untracked 
|  51|0x0000000083300000, 0x0000000083400000, 0x0000000083400000|100%| O|  |TAMS 0x00000000833aa600, 0x00000000833aa600| Untracked 
|  52|0x0000000083400000, 0x0000000083500000, 0x0000000083500000|100%| O|  |TAMS 0x0000000083400000, 0x0000000083400000| Untracked 
|  53|0x0000000083500000, 0x0000000083600000, 0x0000000083600000|100%| O|  |TAMS 0x0000000083500000, 0x0000000083500000| Untracked 
|  54|0x0000000083600000, 0x0000000083700000, 0x0000000083700000|100%| O|  |TAMS 0x0000000083600000, 0x0000000083600000| Untracked 
|  55|0x0000000083700000, 0x0000000083714200, 0x0000000083800000|  7%| O|  |TAMS 0x0000000083700000, 0x0000000083700000| Untracked 
|  56|0x0000000083800000, 0x0000000083800000, 0x0000000083900000|  0%| F|  |TAMS 0x0000000083800000, 0x0000000083800000| Untracked 
|  57|0x0000000083900000, 0x0000000083900000, 0x0000000083a00000|  0%| F|  |TAMS 0x0000000083900000, 0x0000000083900000| Untracked 
|  58|0x0000000083a00000, 0x0000000083a00000, 0x0000000083b00000|  0%| F|  |TAMS 0x0000000083a00000, 0x0000000083a00000| Untracked 
|  59|0x0000000083b00000, 0x0000000083b00000, 0x0000000083c00000|  0%| F|  |TAMS 0x0000000083b00000, 0x0000000083b00000| Untracked 
|  60|0x0000000083c00000, 0x0000000083c00000, 0x0000000083d00000|  0%| F|  |TAMS 0x0000000083c00000, 0x0000000083c00000| Untracked 
|  61|0x0000000083d00000, 0x0000000083d00000, 0x0000000083e00000|  0%| F|  |TAMS 0x0000000083d00000, 0x0000000083d00000| Untracked 
|  62|0x0000000083e00000, 0x0000000083e00000, 0x0000000083f00000|  0%| F|  |TAMS 0x0000000083e00000, 0x0000000083e00000| Untracked 
|  63|0x0000000083f00000, 0x0000000083f00000, 0x0000000084000000|  0%| F|  |TAMS 0x0000000083f00000, 0x0000000083f00000| Untracked 
|  64|0x0000000084000000, 0x0000000084000000, 0x0000000084100000|  0%| F|  |TAMS 0x0000000084000000, 0x0000000084000000| Untracked 
|  65|0x0000000084100000, 0x0000000084100000, 0x0000000084200000|  0%| F|  |TAMS 0x0000000084100000, 0x0000000084100000| Untracked 
|  66|0x0000000084200000, 0x0000000084200000, 0x0000000084300000|  0%| F|  |TAMS 0x0000000084200000, 0x0000000084200000| Untracked 
|  67|0x0000000084300000, 0x0000000084300000, 0x0000000084400000|  0%| F|  |TAMS 0x0000000084300000, 0x0000000084300000| Untracked 
|  68|0x0000000084400000, 0x0000000084400000, 0x0000000084500000|  0%| F|  |TAMS 0x0000000084400000, 0x0000000084400000| Untracked 
|  69|0x0000000084500000, 0x0000000084500000, 0x0000000084600000|  0%| F|  |TAMS 0x0000000084500000, 0x0000000084500000| Untracked 
|  70|0x0000000084600000, 0x0000000084600000, 0x0000000084700000|  0%| F|  |TAMS 0x0000000084600000, 0x0000000084600000| Untracked 
|  71|0x0000000084700000, 0x0000000084700000, 0x0000000084800000|  0%| F|  |TAMS 0x0000000084700000, 0x0000000084700000| Untracked 
|  72|0x0000000084800000, 0x0000000084800000, 0x0000000084900000|  0%| F|  |TAMS 0x0000000084800000, 0x0000000084800000| Untracked 
|  73|0x0000000084900000, 0x0000000084900000, 0x0000000084a00000|  0%| F|  |TAMS 0x0000000084900000, 0x0000000084900000| Untracked 
|  74|0x0000000084a00000, 0x0000000084a00000, 0x0000000084b00000|  0%| F|  |TAMS 0x0000000084a00000, 0x0000000084a00000| Untracked 
|  75|0x0000000084b00000, 0x0000000084b00000, 0x0000000084c00000|  0%| F|  |TAMS 0x0000000084b00000, 0x0000000084b00000| Untracked 
|  76|0x0000000084c00000, 0x0000000084c00000, 0x0000000084d00000|  0%| F|  |TAMS 0x0000000084c00000, 0x0000000084c00000| Untracked 
|  77|0x0000000084d00000, 0x0000000084d00000, 0x0000000084e00000|  0%| F|  |TAMS 0x0000000084d00000, 0x0000000084d00000| Untracked 
|  78|0x0000000084e00000, 0x0000000084e00000, 0x0000000084f00000|  0%| F|  |TAMS 0x0000000084e00000, 0x0000000084e00000| Untracked 
|  79|0x0000000084f00000, 0x0000000084f00000, 0x0000000085000000|  0%| F|  |TAMS 0x0000000084f00000, 0x0000000084f00000| Untracked 
|  80|0x0000000085000000, 0x0000000085000000, 0x0000000085100000|  0%| F|  |TAMS 0x0000000085000000, 0x0000000085000000| Untracked 
|  81|0x0000000085100000, 0x0000000085100000, 0x0000000085200000|  0%| F|  |TAMS 0x0000000085100000, 0x0000000085100000| Untracked 
|  82|0x0000000085200000, 0x0000000085200000, 0x0000000085300000|  0%| F|  |TAMS 0x0000000085200000, 0x0000000085200000| Untracked 
|  83|0x0000000085300000, 0x0000000085300000, 0x0000000085400000|  0%| F|  |TAMS 0x0000000085300000, 0x0000000085300000| Untracked 
|  84|0x0000000085400000, 0x0000000085400000, 0x0000000085500000|  0%| F|  |TAMS 0x0000000085400000, 0x0000000085400000| Untracked 
|  85|0x0000000085500000, 0x0000000085500000, 0x0000000085600000|  0%| F|  |TAMS 0x0000000085500000, 0x0000000085500000| Untracked 
|  86|0x0000000085600000, 0x0000000085600000, 0x0000000085700000|  0%| F|  |TAMS 0x0000000085600000, 0x0000000085600000| Untracked 
|  87|0x0000000085700000, 0x0000000085700000, 0x0000000085800000|  0%| F|  |TAMS 0x0000000085700000, 0x0000000085700000| Untracked 
|  88|0x0000000085800000, 0x0000000085800000, 0x0000000085900000|  0%| F|  |TAMS 0x0000000085800000, 0x0000000085800000| Untracked 
|  89|0x0000000085900000, 0x0000000085900000, 0x0000000085a00000|  0%| F|  |TAMS 0x0000000085900000, 0x0000000085900000| Untracked 
|  90|0x0000000085a00000, 0x0000000085a00000, 0x0000000085b00000|  0%| F|  |TAMS 0x0000000085a00000, 0x0000000085a00000| Untracked 
|  91|0x0000000085b00000, 0x0000000085b00000, 0x0000000085c00000|  0%| F|  |TAMS 0x0000000085b00000, 0x0000000085b00000| Untracked 
|  92|0x0000000085c00000, 0x0000000085c00000, 0x0000000085d00000|  0%| F|  |TAMS 0x0000000085c00000, 0x0000000085c00000| Untracked 
|  93|0x0000000085d00000, 0x0000000085d00000, 0x0000000085e00000|  0%| F|  |TAMS 0x0000000085d00000, 0x0000000085d00000| Untracked 
|  94|0x0000000085e00000, 0x0000000085e00000, 0x0000000085f00000|  0%| F|  |TAMS 0x0000000085e00000, 0x0000000085e00000| Untracked 
|  95|0x0000000085f00000, 0x0000000085f00000, 0x0000000086000000|  0%| F|  |TAMS 0x0000000085f00000, 0x0000000085f00000| Untracked 
|  96|0x0000000086000000, 0x0000000086000000, 0x0000000086100000|  0%| F|  |TAMS 0x0000000086000000, 0x0000000086000000| Untracked 
|  97|0x0000000086100000, 0x0000000086100000, 0x0000000086200000|  0%| F|  |TAMS 0x0000000086100000, 0x0000000086100000| Untracked 
|  98|0x0000000086200000, 0x0000000086200000, 0x0000000086300000|  0%| F|  |TAMS 0x0000000086200000, 0x0000000086200000| Untracked 
|  99|0x0000000086300000, 0x0000000086300000, 0x0000000086400000|  0%| F|  |TAMS 0x0000000086300000, 0x0000000086300000| Untracked 
| 100|0x0000000086400000, 0x0000000086400000, 0x0000000086500000|  0%| F|  |TAMS 0x0000000086400000, 0x0000000086400000| Untracked 
| 101|0x0000000086500000, 0x0000000086500000, 0x0000000086600000|  0%| F|  |TAMS 0x0000000086500000, 0x0000000086500000| Untracked 
| 102|0x0000000086600000, 0x0000000086600000, 0x0000000086700000|  0%| F|  |TAMS 0x0000000086600000, 0x0000000086600000| Untracked 
| 103|0x0000000086700000, 0x0000000086700000, 0x0000000086800000|  0%| F|  |TAMS 0x0000000086700000, 0x0000000086700000| Untracked 
| 104|0x0000000086800000, 0x0000000086800000, 0x0000000086900000|  0%| F|  |TAMS 0x0000000086800000, 0x0000000086800000| Untracked 
| 105|0x0000000086900000, 0x0000000086900000, 0x0000000086a00000|  0%| F|  |TAMS 0x0000000086900000, 0x0000000086900000| Untracked 
| 106|0x0000000086a00000, 0x0000000086a00000, 0x0000000086b00000|  0%| F|  |TAMS 0x0000000086a00000, 0x0000000086a00000| Untracked 
| 107|0x0000000086b00000, 0x0000000086b00000, 0x0000000086c00000|  0%| F|  |TAMS 0x0000000086b00000, 0x0000000086b00000| Untracked 
| 108|0x0000000086c00000, 0x0000000086c00000, 0x0000000086d00000|  0%| F|  |TAMS 0x0000000086c00000, 0x0000000086c00000| Untracked 
| 109|0x0000000086d00000, 0x0000000086d00000, 0x0000000086e00000|  0%| F|  |TAMS 0x0000000086d00000, 0x0000000086d00000| Untracked 
| 110|0x0000000086e00000, 0x0000000086e00000, 0x0000000086f00000|  0%| F|  |TAMS 0x0000000086e00000, 0x0000000086e00000| Untracked 
| 111|0x0000000086f00000, 0x0000000086f00000, 0x0000000087000000|  0%| F|  |TAMS 0x0000000086f00000, 0x0000000086f00000| Untracked 
| 112|0x0000000087000000, 0x0000000087000000, 0x0000000087100000|  0%| F|  |TAMS 0x0000000087000000, 0x0000000087000000| Untracked 
| 113|0x0000000087100000, 0x0000000087100000, 0x0000000087200000|  0%| F|  |TAMS 0x0000000087100000, 0x0000000087100000| Untracked 
| 114|0x0000000087200000, 0x0000000087200000, 0x0000000087300000|  0%| F|  |TAMS 0x0000000087200000, 0x0000000087200000| Untracked 
| 115|0x0000000087300000, 0x0000000087300000, 0x0000000087400000|  0%| F|  |TAMS 0x0000000087300000, 0x0000000087300000| Untracked 
| 116|0x0000000087400000, 0x0000000087400000, 0x0000000087500000|  0%| F|  |TAMS 0x0000000087400000, 0x0000000087400000| Untracked 
| 117|0x0000000087500000, 0x0000000087500000, 0x0000000087600000|  0%| F|  |TAMS 0x0000000087500000, 0x0000000087500000| Untracked 
| 118|0x0000000087600000, 0x0000000087600000, 0x0000000087700000|  0%| F|  |TAMS 0x0000000087600000, 0x0000000087600000| Untracked 
| 119|0x0000000087700000, 0x0000000087700000, 0x0000000087800000|  0%| F|  |TAMS 0x0000000087700000, 0x0000000087700000| Untracked 
| 120|0x0000000087800000, 0x0000000087800000, 0x0000000087900000|  0%| F|  |TAMS 0x0000000087800000, 0x0000000087800000| Untracked 
| 121|0x0000000087900000, 0x0000000087900000, 0x0000000087a00000|  0%| F|  |TAMS 0x0000000087900000, 0x0000000087900000| Untracked 
| 122|0x0000000087a00000, 0x0000000087a00000, 0x0000000087b00000|  0%| F|  |TAMS 0x0000000087a00000, 0x0000000087a00000| Untracked 
| 123|0x0000000087b00000, 0x0000000087b00000, 0x0000000087c00000|  0%| F|  |TAMS 0x0000000087b00000, 0x0000000087b00000| Untracked 
| 124|0x0000000087c00000, 0x0000000087c00000, 0x0000000087d00000|  0%| F|  |TAMS 0x0000000087c00000, 0x0000000087c00000| Untracked 
| 125|0x0000000087d00000, 0x0000000087d00000, 0x0000000087e00000|  0%| F|  |TAMS 0x0000000087d00000, 0x0000000087d00000| Untracked 
| 126|0x0000000087e00000, 0x0000000087e00000, 0x0000000087f00000|  0%| F|  |TAMS 0x0000000087e00000, 0x0000000087e00000| Untracked 
| 127|0x0000000087f00000, 0x0000000087f00000, 0x0000000088000000|  0%| F|  |TAMS 0x0000000087f00000, 0x0000000087f00000| Untracked 
| 128|0x0000000088000000, 0x0000000088000000, 0x0000000088100000|  0%| F|  |TAMS 0x0000000088000000, 0x0000000088000000| Untracked 
| 129|0x0000000088100000, 0x0000000088100000, 0x0000000088200000|  0%| F|  |TAMS 0x0000000088100000, 0x0000000088100000| Untracked 
| 130|0x0000000088200000, 0x0000000088200000, 0x0000000088300000|  0%| F|  |TAMS 0x0000000088200000, 0x0000000088200000| Untracked 
| 131|0x0000000088300000, 0x0000000088300000, 0x0000000088400000|  0%| F|  |TAMS 0x0000000088300000, 0x0000000088300000| Untracked 
| 132|0x0000000088400000, 0x0000000088400000, 0x0000000088500000|  0%| F|  |TAMS 0x0000000088400000, 0x0000000088400000| Untracked 
| 133|0x0000000088500000, 0x0000000088500000, 0x0000000088600000|  0%| F|  |TAMS 0x0000000088500000, 0x0000000088500000| Untracked 
| 134|0x0000000088600000, 0x0000000088600000, 0x0000000088700000|  0%| F|  |TAMS 0x0000000088600000, 0x0000000088600000| Untracked 
| 135|0x0000000088700000, 0x0000000088700000, 0x0000000088800000|  0%| F|  |TAMS 0x0000000088700000, 0x0000000088700000| Untracked 
| 136|0x0000000088800000, 0x0000000088800000, 0x0000000088900000|  0%| F|  |TAMS 0x0000000088800000, 0x0000000088800000| Untracked 
| 137|0x0000000088900000, 0x0000000088900000, 0x0000000088a00000|  0%| F|  |TAMS 0x0000000088900000, 0x0000000088900000| Untracked 
| 138|0x0000000088a00000, 0x0000000088a00000, 0x0000000088b00000|  0%| F|  |TAMS 0x0000000088a00000, 0x0000000088a00000| Untracked 
| 139|0x0000000088b00000, 0x0000000088b00000, 0x0000000088c00000|  0%| F|  |TAMS 0x0000000088b00000, 0x0000000088b00000| Untracked 
| 140|0x0000000088c00000, 0x0000000088c00000, 0x0000000088d00000|  0%| F|  |TAMS 0x0000000088c00000, 0x0000000088c00000| Untracked 
| 141|0x0000000088d00000, 0x0000000088d00000, 0x0000000088e00000|  0%| F|  |TAMS 0x0000000088d00000, 0x0000000088d00000| Untracked 
| 142|0x0000000088e00000, 0x0000000088e00000, 0x0000000088f00000|  0%| F|  |TAMS 0x0000000088e00000, 0x0000000088e00000| Untracked 
| 143|0x0000000088f00000, 0x0000000088f00000, 0x0000000089000000|  0%| F|  |TAMS 0x0000000088f00000, 0x0000000088f00000| Untracked 
| 144|0x0000000089000000, 0x0000000089000000, 0x0000000089100000|  0%| F|  |TAMS 0x0000000089000000, 0x0000000089000000| Untracked 
| 145|0x0000000089100000, 0x0000000089100000, 0x0000000089200000|  0%| F|  |TAMS 0x0000000089100000, 0x0000000089100000| Untracked 
| 146|0x0000000089200000, 0x0000000089200000, 0x0000000089300000|  0%| F|  |TAMS 0x0000000089200000, 0x0000000089200000| Untracked 
| 147|0x0000000089300000, 0x0000000089300000, 0x0000000089400000|  0%| F|  |TAMS 0x0000000089300000, 0x0000000089300000| Untracked 
| 148|0x0000000089400000, 0x0000000089400000, 0x0000000089500000|  0%| F|  |TAMS 0x0000000089400000, 0x0000000089400000| Untracked 
| 149|0x0000000089500000, 0x0000000089500000, 0x0000000089600000|  0%| F|  |TAMS 0x0000000089500000, 0x0000000089500000| Untracked 
| 150|0x0000000089600000, 0x0000000089600000, 0x0000000089700000|  0%| F|  |TAMS 0x0000000089600000, 0x0000000089600000| Untracked 
| 151|0x0000000089700000, 0x0000000089700000, 0x0000000089800000|  0%| F|  |TAMS 0x0000000089700000, 0x0000000089700000| Untracked 
| 211|0x000000008d300000, 0x000000008d3058b0, 0x000000008d400000|  2%| S|CS|TAMS 0x000000008d300000, 0x000000008d300000| Complete 
| 212|0x000000008d400000, 0x000000008d400000, 0x000000008d500000|  0%| F|  |TAMS 0x000000008d400000, 0x000000008d400000| Untracked 
| 213|0x000000008d500000, 0x000000008d500000, 0x000000008d600000|  0%| F|  |TAMS 0x000000008d500000, 0x000000008d500000| Untracked 
| 214|0x000000008d600000, 0x000000008d600000, 0x000000008d700000|  0%| F|  |TAMS 0x000000008d600000, 0x000000008d600000| Untracked 
| 215|0x000000008d700000, 0x000000008d700000, 0x000000008d800000|  0%| F|  |TAMS 0x000000008d700000, 0x000000008d700000| Untracked 
| 250|0x000000008fa00000, 0x000000008fa00000, 0x000000008fb00000|  0%| F|  |TAMS 0x000000008fa00000, 0x000000008fa00000| Untracked 
| 251|0x000000008fb00000, 0x000000008fb00000, 0x000000008fc00000|  0%| F|  |TAMS 0x000000008fb00000, 0x000000008fb00000| Untracked 

Card table byte_map: [0x0000018252480000,0x0000018252880000] _byte_map_base: 0x0000018252080000

Marking Bits (Prev, Next): (CMBitMap*) 0x000001823a5453e0, (CMBitMap*) 0x000001823a5453a0
 Prev Bits: [0x0000018254c80000, 0x0000018256c80000)
 Next Bits: [0x0000018252c80000, 0x0000018254c80000)

Polling page: 0x000001823a580000

Metaspace:

Usage:
  Non-class:     49.96 MB used.
      Class:      8.00 MB used.
       Both:     57.96 MB used.

Virtual space:
  Non-class space:       64.00 MB reserved,      50.31 MB ( 79%) committed,  1 nodes.
      Class space:      416.00 MB reserved,       8.25 MB (  2%) committed,  1 nodes.
             Both:      480.00 MB reserved,      58.56 MB ( 12%) committed. 

Chunk freelists:
   Non-Class:  13.73 MB
       Class:  7.70 MB
        Both:  21.43 MB

MaxMetaspaceSize: 512.00 MB
CompressedClassSpaceSize: 416.00 MB
Initial GC threshold: 21.00 MB
Current GC threshold: 96.50 MB
CDS: on
MetaspaceReclaimPolicy: balanced
 - commit_granule_bytes: 65536.
 - commit_granule_words: 8192.
 - virtual_space_node_default_size: 8388608.
 - enlarge_chunks_in_place: 1.
 - new_chunks_are_fully_committed: 0.
 - uncommit_free_chunks: 1.
 - use_allocation_guard: 0.
 - handle_deallocations: 1.


Internal statistics:

num_allocs_failed_limit: 6.
num_arena_births: 720.
num_arena_deaths: 0.
num_vsnodes_births: 2.
num_vsnodes_deaths: 0.
num_space_committed: 937.
num_space_uncommitted: 0.
num_chunks_returned_to_freelist: 6.
num_chunks_taken_from_freelist: 3082.
num_chunk_merges: 6.
num_chunk_splits: 2061.
num_chunks_enlarged: 1389.
num_inconsistent_stats: 0.

CodeHeap 'non-profiled nmethods': size=119168Kb used=5007Kb max_used=5007Kb free=114160Kb
 bounds [0x0000018249c70000, 0x000001824a160000, 0x00000182510d0000]
CodeHeap 'profiled nmethods': size=119104Kb used=15757Kb max_used=15757Kb free=103346Kb
 bounds [0x00000182420d0000, 0x0000018243040000, 0x0000018249520000]
CodeHeap 'non-nmethods': size=7488Kb used=2355Kb max_used=4075Kb free=5132Kb
 bounds [0x0000018249520000, 0x0000018249920000, 0x0000018249c70000]
 total_blobs=9041 nmethods=8160 adapters=793
 compilation: enabled
              stopped_count=0, restarted_count=0
 full_count=0

Compilation events (20 events):
Event: 8533.092 Thread 0x0000018259a091b0 nmethod 9031 0x0000018243030b10 code [0x0000018243030ea0, 0x0000018243032ad8]
Event: 8534.173 Thread 0x0000018259a067a0 9035       4       java.util.concurrent.LinkedBlockingDeque::linkLast (69 bytes)
Event: 8534.221 Thread 0x0000018259a067a0 nmethod 9035 0x000001824a14c590 code [0x000001824a14c740, 0x000001824a14d4f8]
Event: 8534.231 Thread 0x0000018259a067a0 9036   !   4       java.util.concurrent.LinkedBlockingDeque::offerLast (53 bytes)
Event: 8534.290 Thread 0x0000018259a067a0 nmethod 9036 0x000001824a14d890 code [0x000001824a14da60, 0x000001824a14e090]
Event: 8534.937 Thread 0x0000018259a067a0 9037       4       java.lang.ThreadLocal::remove (18 bytes)
Event: 8535.072 Thread 0x0000018259a067a0 nmethod 9037 0x000001824a14e490 code [0x000001824a14e640, 0x000001824a14ed28]
Event: 8535.072 Thread 0x0000018259a067a0 9038       4       java.lang.ThreadLocal$ThreadLocalMap::remove (68 bytes)
Event: 8535.098 Thread 0x0000018259a067a0 nmethod 9038 0x000001824a14f190 code [0x000001824a14f340, 0x000001824a14f988]
Event: 8535.367 Thread 0x0000018259a067a0 9039       4       com.google.common.collect.TransformedIterator::hasNext (10 bytes)
Event: 8535.437 Thread 0x0000018259a067a0 nmethod 9039 0x000001824a14fd90 code [0x000001824a14ff20, 0x000001824a14fff8]
Event: 8541.700 Thread 0x0000018259a067a0 9040   !   4       java.util.regex.Pattern::matcher (44 bytes)
Event: 8557.977 Thread 0x0000018259a067a0 nmethod 9040 0x000001824a150110 code [0x000001824a1502c0, 0x000001824a150c18]
Event: 8558.105 Thread 0x0000018259a067a0 9041       4       java.util.regex.Matcher::<init> (95 bytes)
Event: 8558.403 Thread 0x0000018259a067a0 nmethod 9041 0x000001824a150f90 code [0x000001824a151140, 0x000001824a151c18]
Event: 8558.404 Thread 0x0000018259a067a0 9042       4       java.util.stream.ReferencePipeline$3::opWrapSink (10 bytes)
Event: 8561.348 Thread 0x0000018259a067a0 nmethod 9042 0x000001824a151f10 code [0x000001824a1520a0, 0x000001824a152278]
Event: 8561.452 Thread 0x0000018259a067a0 9043       4       java.util.concurrent.ScheduledThreadPoolExecutor$DelayedWorkQueue::add (9 bytes)
Event: 8567.520 Thread 0x0000018259a067a0 nmethod 9043 0x000001824a152390 code [0x000001824a152580, 0x000001824a1537e8]
Event: 8567.563 Thread 0x0000018259a067a0 9048   !   4       java.util.concurrent.ThreadPoolExecutor::getTask (177 bytes)

GC Heap History (20 events):
Event: 1163.378 GC heap after
{Heap after GC invocations=34 (full 0):
 garbage-first heap   total 110592K, used 54858K [0x0000000080000000, 0x0000000100000000)
  region size 1024K, 2 young (2048K), 2 survivors (2048K)
 Metaspace       used 58516K, committed 59136K, reserved 491520K
  class space    used 8108K, committed 8384K, reserved 425984K
}
Event: 1275.624 GC heap before
{Heap before GC invocations=35 (full 0):
 garbage-first heap   total 110592K, used 95818K [0x0000000080000000, 0x0000000100000000)
  region size 1024K, 42 young (43008K), 2 survivors (2048K)
 Metaspace       used 58612K, committed 59264K, reserved 491520K
  class space    used 8108K, committed 8384K, reserved 425984K
}
Event: 1275.661 GC heap after
{Heap after GC invocations=36 (full 0):
 garbage-first heap   total 110592K, used 55168K [0x0000000080000000, 0x0000000100000000)
  region size 1024K, 3 young (3072K), 3 survivors (3072K)
 Metaspace       used 58612K, committed 59264K, reserved 491520K
  class space    used 8108K, committed 8384K, reserved 425984K
}
Event: 1378.663 GC heap before
{Heap before GC invocations=36 (full 0):
 garbage-first heap   total 110592K, used 95104K [0x0000000080000000, 0x0000000100000000)
  region size 1024K, 42 young (43008K), 3 survivors (3072K)
 Metaspace       used 58666K, committed 59264K, reserved 491520K
  class space    used 8108K, committed 8384K, reserved 425984K
}
Event: 1379.040 GC heap after
{Heap after GC invocations=37 (full 0):
 garbage-first heap   total 110592K, used 55467K [0x0000000080000000, 0x0000000100000000)
  region size 1024K, 3 young (3072K), 3 survivors (3072K)
 Metaspace       used 58666K, committed 59264K, reserved 491520K
  class space    used 8108K, committed 8384K, reserved 425984K
}
Event: 1917.761 GC heap before
{Heap before GC invocations=38 (full 0):
 garbage-first heap   total 110592K, used 95403K [0x0000000080000000, 0x0000000100000000)
  region size 1024K, 42 young (43008K), 3 survivors (3072K)
 Metaspace       used 59316K, committed 59904K, reserved 491520K
  class space    used 8195K, committed 8448K, reserved 425984K
}
Event: 1917.795 GC heap after
{Heap after GC invocations=39 (full 0):
 garbage-first heap   total 110592K, used 56573K [0x0000000080000000, 0x0000000100000000)
  region size 1024K, 4 young (4096K), 4 survivors (4096K)
 Metaspace       used 59316K, committed 59904K, reserved 491520K
  class space    used 8195K, committed 8448K, reserved 425984K
}
Event: 8537.112 GC heap before
{Heap before GC invocations=39 (full 0):
 garbage-first heap   total 110592K, used 94461K [0x0000000080000000, 0x0000000100000000)
  region size 1024K, 41 young (41984K), 4 survivors (4096K)
 Metaspace       used 59349K, committed 59968K, reserved 491520K
  class space    used 8195K, committed 8448K, reserved 425984K
}
Event: 8541.699 GC heap after
{Heap after GC invocations=40 (full 0):
 garbage-first heap   total 110592K, used 56694K [0x0000000080000000, 0x0000000100000000)
  region size 1024K, 4 young (4096K), 4 survivors (4096K)
 Metaspace       used 59349K, committed 59968K, reserved 491520K
  class space    used 8195K, committed 8448K, reserved 425984K
}
Event: 8554.876 GC heap before
{Heap before GC invocations=40 (full 0):
 garbage-first heap   total 110592K, used 57718K [0x0000000080000000, 0x0000000100000000)
  region size 1024K, 5 young (5120K), 4 survivors (4096K)
 Metaspace       used 59349K, committed 59968K, reserved 491520K
  class space    used 8195K, committed 8448K, reserved 425984K
}
Event: 8556.849 GC heap after
{Heap after GC invocations=41 (full 0):
 garbage-first heap   total 110592K, used 56988K [0x0000000080000000, 0x0000000100000000)
  region size 1024K, 1 young (1024K), 1 survivors (1024K)
 Metaspace       used 59349K, committed 59968K, reserved 491520K
  class space    used 8195K, committed 8448K, reserved 425984K
}
Event: 8558.638 GC heap before
{Heap before GC invocations=41 (full 0):
 garbage-first heap   total 110592K, used 61084K [0x0000000080000000, 0x0000000100000000)
  region size 1024K, 5 young (5120K), 1 survivors (1024K)
 Metaspace       used 59349K, committed 59968K, reserved 491520K
  class space    used 8195K, committed 8448K, reserved 425984K
}
Event: 8560.939 GC heap after
{Heap after GC invocations=42 (full 0):
 garbage-first heap   total 162816K, used 56548K [0x0000000080000000, 0x0000000100000000)
  region size 1024K, 1 young (1024K), 1 survivors (1024K)
 Metaspace       used 59349K, committed 59968K, reserved 491520K
  class space    used 8195K, committed 8448K, reserved 425984K
}
Event: 8564.853 GC heap before
{Heap before GC invocations=42 (full 0):
 garbage-first heap   total 162816K, used 62692K [0x0000000080000000, 0x0000000100000000)
  region size 1024K, 7 young (7168K), 1 survivors (1024K)
 Metaspace       used 59349K, committed 59968K, reserved 491520K
  class space    used 8195K, committed 8448K, reserved 425984K
}
Event: 8566.648 GC heap after
{Heap after GC invocations=43 (full 0):
 garbage-first heap   total 162816K, used 56423K [0x0000000080000000, 0x0000000100000000)
  region size 1024K, 1 young (1024K), 1 survivors (1024K)
 Metaspace       used 59349K, committed 59968K, reserved 491520K
  class space    used 8195K, committed 8448K, reserved 425984K
}
Event: 8569.612 GC heap before
{Heap before GC invocations=43 (full 0):
 garbage-first heap   total 162816K, used 62567K [0x0000000080000000, 0x0000000100000000)
  region size 1024K, 7 young (7168K), 1 survivors (1024K)
 Metaspace       used 59349K, committed 59968K, reserved 491520K
  class space    used 8195K, committed 8448K, reserved 425984K
}
Event: 8571.070 GC heap after
{Heap after GC invocations=44 (full 0):
 garbage-first heap   total 162816K, used 56468K [0x0000000080000000, 0x0000000100000000)
  region size 1024K, 1 young (1024K), 1 survivors (1024K)
 Metaspace       used 59349K, committed 59968K, reserved 491520K
  class space    used 8195K, committed 8448K, reserved 425984K
}
Event: 8571.883 GC heap before
{Heap before GC invocations=44 (full 0):
 garbage-first heap   total 162816K, used 62612K [0x0000000080000000, 0x0000000100000000)
  region size 1024K, 7 young (7168K), 1 survivors (1024K)
 Metaspace       used 59349K, committed 59968K, reserved 491520K
  class space    used 8195K, committed 8448K, reserved 425984K
}
Event: 8572.042 GC heap after
{Heap after GC invocations=45 (full 0):
 garbage-first heap   total 162816K, used 56422K [0x0000000080000000, 0x0000000100000000)
  region size 1024K, 1 young (1024K), 1 survivors (1024K)
 Metaspace       used 59349K, committed 59968K, reserved 491520K
  class space    used 8195K, committed 8448K, reserved 425984K
}
Event: 8572.325 GC heap before
{Heap before GC invocations=45 (full 0):
 garbage-first heap   total 162816K, used 62566K [0x0000000080000000, 0x0000000100000000)
  region size 1024K, 7 young (7168K), 1 survivors (1024K)
 Metaspace       used 59349K, committed 59968K, reserved 491520K
  class space    used 8195K, committed 8448K, reserved 425984K
}

Dll operation events (13 events):
Event: 0.723 Loaded shared library C:\Program Files\Eclipse Adoptium\jdk-17.0.15.6-hotspot\bin\java.dll
Event: 4.567 Loaded shared library C:\Program Files\Eclipse Adoptium\jdk-17.0.15.6-hotspot\bin\jsvml.dll
Event: 6.438 Loaded shared library C:\Program Files\Eclipse Adoptium\jdk-17.0.15.6-hotspot\bin\net.dll
Event: 6.548 Loaded shared library C:\Program Files\Eclipse Adoptium\jdk-17.0.15.6-hotspot\bin\nio.dll
Event: 6.612 Loaded shared library C:\Program Files\Eclipse Adoptium\jdk-17.0.15.6-hotspot\bin\zip.dll
Event: 11.831 Loaded shared library C:\Program Files\Eclipse Adoptium\jdk-17.0.15.6-hotspot\bin\jimage.dll
Event: 15.697 Loaded shared library C:\Program Files\Eclipse Adoptium\jdk-17.0.15.6-hotspot\bin\verify.dll
Event: 33.485 Loaded shared library C:\Users\karth\.gradle\native\68d5fa5c4cc2d200863cafc0d521ce42e7d3e7ee720ec0a83991735586a16f82\windows-amd64\native-platform.dll
Event: 34.225 Loaded shared library C:\Users\karth\.gradle\native\e376f236ea51e6404a007f0833ffe2c6e607c4080706a723a18a27aeea778392\windows-amd64\native-platform-file-events.dll
Event: 57.200 Loaded shared library C:\Program Files\Eclipse Adoptium\jdk-17.0.15.6-hotspot\bin\management.dll
Event: 57.313 Loaded shared library C:\Program Files\Eclipse Adoptium\jdk-17.0.15.6-hotspot\bin\management_ext.dll
Event: 68.758 Loaded shared library C:\Program Files\Eclipse Adoptium\jdk-17.0.15.6-hotspot\bin\extnet.dll
Event: 99.257 Loaded shared library C:\Program Files\Eclipse Adoptium\jdk-17.0.15.6-hotspot\bin\sunmscapi.dll

Deoptimization events (20 events):
Event: 1455.877 Thread 0x0000018275877510 Uncommon trap: trap_request=0xffffffbe fr.pc=0x000001824a010fa8 relative=0x0000000000000ca8
Event: 1455.877 Thread 0x0000018275877510 Uncommon trap: reason=profile_predicate action=maybe_recompile pc=0x000001824a010fa8 method=java.util.TreeMap.getEntryUsingComparator(Ljava/lang/Object;)Ljava/util/TreeMap$Entry; @ 19 c2
Event: 1455.877 Thread 0x0000018275877510 DEOPT PACKING pc=0x000001824a010fa8 sp=0x0000003caa7f5ea0
Event: 1455.877 Thread 0x0000018275877510 DEOPT UNPACKING pc=0x00000182495769a3 sp=0x0000003caa7f5dc0 mode 2
Event: 1455.877 Thread 0x0000018275877510 Uncommon trap: trap_request=0xffffffbe fr.pc=0x000001824a010fa8 relative=0x0000000000000ca8
Event: 1455.877 Thread 0x0000018275877510 Uncommon trap: reason=profile_predicate action=maybe_recompile pc=0x000001824a010fa8 method=java.util.TreeMap.getEntryUsingComparator(Ljava/lang/Object;)Ljava/util/TreeMap$Entry; @ 19 c2
Event: 1455.877 Thread 0x0000018275877510 DEOPT PACKING pc=0x000001824a010fa8 sp=0x0000003caa7f5ea0
Event: 1455.877 Thread 0x0000018275877510 DEOPT UNPACKING pc=0x00000182495769a3 sp=0x0000003caa7f5dc0 mode 2
Event: 1914.035 Thread 0x0000018275877510 Uncommon trap: trap_request=0xffffff45 fr.pc=0x000001824a0d0d44 relative=0x0000000000000124
Event: 1914.036 Thread 0x0000018275877510 Uncommon trap: reason=unstable_if action=reinterpret pc=0x000001824a0d0d44 method=org.gradle.internal.time.DefaultCountdownTimer.hasExpired()Z @ 6 c2
Event: 1914.036 Thread 0x0000018275877510 DEOPT PACKING pc=0x000001824a0d0d44 sp=0x0000003caa7f6450
Event: 1914.036 Thread 0x0000018275877510 DEOPT UNPACKING pc=0x00000182495769a3 sp=0x0000003caa7f6418 mode 2
Event: 1914.037 Thread 0x0000018275877510 Uncommon trap: trap_request=0xffffff45 fr.pc=0x000001824a0b0824 relative=0x0000000000005ea4
Event: 1914.037 Thread 0x0000018275877510 Uncommon trap: reason=unstable_if action=reinterpret pc=0x000001824a0b0824 method=org.gradle.internal.io.ExponentialBackoff.retryUntil(Lorg/gradle/internal/io/IOQuery;)Ljava/lang/Object; @ 25 c2
Event: 1914.037 Thread 0x0000018275877510 DEOPT PACKING pc=0x000001824a0b0824 sp=0x0000003caa7f64b0
Event: 1914.039 Thread 0x0000018275877510 DEOPT UNPACKING pc=0x00000182495769a3 sp=0x0000003caa7f6528 mode 2
Event: 1916.532 Thread 0x0000018275877510 Uncommon trap: trap_request=0xffffff45 fr.pc=0x0000018249f6fbc0 relative=0x00000000000005e0
Event: 1916.534 Thread 0x0000018275877510 Uncommon trap: reason=unstable_if action=reinterpret pc=0x0000018249f6fbc0 method=java.util.regex.Matcher.search(I)Z @ 76 c2
Event: 1916.534 Thread 0x0000018275877510 DEOPT PACKING pc=0x0000018249f6fbc0 sp=0x0000003caa7fbb50
Event: 1916.535 Thread 0x0000018275877510 DEOPT UNPACKING pc=0x00000182495769a3 sp=0x0000003caa7fbaa8 mode 2

Classes loaded (20 events):
Event: 828.401 Loading class jdk/internal/loader/URLClassPath$FileLoader
Event: 828.401 Loading class jdk/internal/loader/URLClassPath$FileLoader done
Event: 828.504 Loading class jdk/internal/loader/URLClassPath$FileLoader$1
Event: 828.504 Loading class jdk/internal/loader/URLClassPath$FileLoader$1 done
Event: 830.108 Loading class java/lang/AbstractMethodError
Event: 830.108 Loading class java/lang/AbstractMethodError done
Event: 830.397 Loading class java/time/temporal/WeekFields
Event: 830.397 Loading class java/time/temporal/WeekFields done
Event: 830.397 Loading class java/time/temporal/WeekFields$ComputedDayOfField
Event: 830.398 Loading class java/time/temporal/WeekFields$ComputedDayOfField done
Event: 830.413 Loading class java/time/Month$1
Event: 830.413 Loading class java/time/Month$1 done
Event: 830.444 Loading class java/nio/channels/Channels
Event: 830.445 Loading class java/nio/channels/Channels done
Event: 830.445 Loading class java/nio/channels/Channels$1
Event: 830.445 Loading class java/nio/channels/Channels$1 done
Event: 1915.879 Loading class java/lang/StackTraceElement$HashedModules
Event: 1915.933 Loading class java/lang/StackTraceElement$HashedModules done
Event: 1916.579 Loading class java/util/logging/LogRecord
Event: 1916.629 Loading class java/util/logging/LogRecord done

Classes unloaded (0 events):
No events

Classes redefined (0 events):
No events

Internal exceptions (20 events):
Event: 831.482 Thread 0x0000018275877510 Exception <a 'java/lang/ClassNotFoundException'{0x000000008439a8f8}: org/gradle/api/internal/initialization/DefaultScriptHandlerBeanInfo> (0x000000008439a8f8) 
thrown [s\src\hotspot\share\classfile\systemDictionary.cpp, line 256]
Event: 831.486 Thread 0x0000018275877510 Exception <a 'java/lang/ClassNotFoundException'{0x00000000843ac448}: org/gradle/api/internal/initialization/DefaultScriptHandlerCustomizer> (0x00000000843ac448) 
thrown [s\src\hotspot\share\classfile\systemDictionary.cpp, line 256]
Event: 831.563 Thread 0x0000018275877510 Exception <a 'java/lang/ClassNotFoundException'{0x000000008fbbdd48}: org/gradle/api/internal/artifacts/dsl/DefaultRepositoryHandler_DecoratedBeanInfo> (0x000000008fbbdd48) 
thrown [s\src\hotspot\share\classfile\systemDictionary.cpp, line 256]
Event: 831.564 Thread 0x0000018275877510 Exception <a 'java/lang/ClassNotFoundException'{0x000000008fbd5ec8}: org/gradle/api/internal/artifacts/dsl/DefaultRepositoryHandlerBeanInfo> (0x000000008fbd5ec8) 
thrown [s\src\hotspot\share\classfile\systemDictionary.cpp, line 256]
Event: 831.591 Thread 0x0000018275877510 Exception <a 'java/lang/ClassNotFoundException'{0x000000008fbee838}: org/gradle/api/internal/artifacts/DefaultArtifactRepositoryContainerBeanInfo> (0x000000008fbee838) 
thrown [s\src\hotspot\share\classfile\systemDictionary.cpp, line 256]
Event: 831.591 Thread 0x0000018275877510 Exception <a 'java/lang/ClassNotFoundException'{0x000000008fa05580}: org/gradle/api/internal/DefaultNamedDomainObjectListBeanInfo> (0x000000008fa05580) 
thrown [s\src\hotspot\share\classfile\systemDictionary.cpp, line 256]
Event: 831.592 Thread 0x0000018275877510 Exception <a 'java/lang/ClassNotFoundException'{0x000000008fa1a540}: org/gradle/api/internal/DefaultNamedDomainObjectCollectionBeanInfo> (0x000000008fa1a540) 
thrown [s\src\hotspot\share\classfile\systemDictionary.cpp, line 256]
Event: 831.600 Thread 0x0000018275877510 Exception <a 'java/lang/ClassNotFoundException'{0x000000008fa2f340}: org/gradle/api/internal/DefaultDomainObjectCollectionBeanInfo> (0x000000008fa2f340) 
thrown [s\src\hotspot\share\classfile\systemDictionary.cpp, line 256]
Event: 831.601 Thread 0x0000018275877510 Exception <a 'java/lang/ClassNotFoundException'{0x000000008fa44278}: org/gradle/api/internal/DefaultDomainObjectCollectionCustomizer> (0x000000008fa44278) 
thrown [s\src\hotspot\share\classfile\systemDictionary.cpp, line 256]
Event: 831.610 Thread 0x0000018275877510 Exception <a 'java/lang/ClassNotFoundException'{0x000000008fa816b8}: org/gradle/api/internal/DefaultNamedDomainObjectCollectionCustomizer> (0x000000008fa816b8) 
thrown [s\src\hotspot\share\classfile\systemDictionary.cpp, line 256]
Event: 831.625 Thread 0x0000018275877510 Exception <a 'java/lang/ClassNotFoundException'{0x000000008fac92f0}: org/gradle/api/internal/DefaultNamedDomainObjectListCustomizer> (0x000000008fac92f0) 
thrown [s\src\hotspot\share\classfile\systemDictionary.cpp, line 256]
Event: 831.637 Thread 0x0000018275877510 Exception <a 'java/lang/ClassNotFoundException'{0x000000008d70de20}: org/gradle/api/internal/artifacts/DefaultArtifactRepositoryContainerCustomizer> (0x000000008d70de20) 
thrown [s\src\hotspot\share\classfile\systemDictionary.cpp, line 256]
Event: 831.656 Thread 0x0000018275877510 Exception <a 'java/lang/ClassNotFoundException'{0x000000008d74e4a0}: org/gradle/api/internal/artifacts/dsl/DefaultRepositoryHandlerCustomizer> (0x000000008d74e4a0) 
thrown [s\src\hotspot\share\classfile\systemDictionary.cpp, line 256]
Event: 831.669 Thread 0x0000018275877510 Exception <a 'java/lang/ClassNotFoundException'{0x000000008d79ca68}: org/gradle/api/internal/artifacts/dsl/DefaultRepositoryHandler_DecoratedCustomizer> (0x000000008d79ca68) 
thrown [s\src\hotspot\share\classfile\systemDictionary.cpp, line 256]
Event: 831.708 Thread 0x0000018275877510 Exception <a 'java/lang/ClassNotFoundException'{0x000000008d630728}: org/gradle/api/internal/artifacts/dsl/dependencies/DefaultDependencyHandler_DecoratedBeanInfo> (0x000000008d630728) 
thrown [s\src\hotspot\share\classfile\systemDictionary.cpp, line 256]
Event: 831.716 Thread 0x0000018275877510 Exception <a 'java/lang/ClassNotFoundException'{0x000000008d648590}: org/gradle/api/internal/artifacts/dsl/dependencies/DefaultDependencyHandlerBeanInfo> (0x000000008d648590) 
thrown [s\src\hotspot\share\classfile\systemDictionary.cpp, line 256]
Event: 831.731 Thread 0x0000018275877510 Exception <a 'java/lang/ClassNotFoundException'{0x000000008d660198}: org/gradle/api/internal/artifacts/dsl/dependencies/DefaultDependencyHandlerCustomizer> (0x000000008d660198) 
thrown [s\src\hotspot\share\classfile\systemDictionary.cpp, line 256]
Event: 831.748 Thread 0x0000018275877510 Exception <a 'java/lang/ClassNotFoundException'{0x000000008d6a9e38}: org/gradle/api/internal/artifacts/dsl/dependencies/DefaultDependencyHandler_DecoratedCustomizer> (0x000000008d6a9e38) 
thrown [s\src\hotspot\share\classfile\systemDictionary.cpp, line 256]
Event: 1454.916 Thread 0x0000018275877510 Exception <a 'java/lang/NoSuchMethodError'{0x00000000854d5e90}: 'java.lang.Object java.lang.invoke.DirectMethodHandle$Holder.newInvokeSpecial(java.lang.Object, java.lang.Object, java.lang.Object, java.lang.Object, java.lang.Object, java.lang.Object, java.lang.Object, java.lang.Object, java.lang.Object)'> (0x00000000854d5e90) 
thrown [s\src\hotspot\share\interpreter\linkResolver.cpp, line 759]
Event: 1454.964 Thread 0x0000018275877510 Exception <a 'java/lang/NoSuchMethodError'{0x00000000854dbb30}: 'java.lang.Object java.lang.invoke.Invokers$Holder.linkToTargetMethod(java.lang.Object, java.lang.Object, java.lang.Object, java.lang.Object, java.lang.Object, java.lang.Object, java.lang.Object, java.lang.Object, java.lang.Object)'> (0x00000000854dbb30) 
thrown [s\src\hotspot\share\interpreter\linkResolver.cpp, line 759]

VM Operations (20 events):
Event: 8533.849 Executing VM operation: Cleanup done
Event: 8535.863 Executing VM operation: Cleanup
Event: 8536.000 Executing VM operation: Cleanup done
Event: 8536.972 Executing VM operation: G1CollectForAllocation
Event: 8541.700 Executing VM operation: G1CollectForAllocation done
Event: 8541.897 Executing VM operation: G1CollectForAllocation
Event: 8556.849 Executing VM operation: G1CollectForAllocation done
Event: 8557.852 Executing VM operation: Cleanup
Event: 8558.388 Executing VM operation: Cleanup done
Event: 8558.388 Executing VM operation: G1CollectForAllocation
Event: 8560.940 Executing VM operation: G1CollectForAllocation done
Event: 8564.346 Executing VM operation: G1CollectForAllocation
Event: 8566.656 Executing VM operation: G1CollectForAllocation done
Event: 8567.671 Executing VM operation: Cleanup
Event: 8568.234 Executing VM operation: Cleanup done
Event: 8569.341 Executing VM operation: G1CollectForAllocation
Event: 8571.071 Executing VM operation: G1CollectForAllocation done
Event: 8571.527 Executing VM operation: G1CollectForAllocation
Event: 8572.075 Executing VM operation: G1CollectForAllocation done
Event: 8572.307 Executing VM operation: G1CollectForAllocation

Memory protections (0 events):
No events

Nmethod flushes (20 events):
Event: 767.945 Thread 0x0000018259a09bb0 flushing  nmethod 0x00000182428e5610
Event: 767.945 Thread 0x0000018259a09bb0 flushing  nmethod 0x00000182428e6f90
Event: 767.945 Thread 0x0000018259a09bb0 flushing  nmethod 0x00000182428ee510
Event: 767.945 Thread 0x0000018259a09bb0 flushing  nmethod 0x00000182428eea10
Event: 767.945 Thread 0x0000018259a09bb0 flushing  nmethod 0x00000182428efb90
Event: 767.945 Thread 0x0000018259a09bb0 flushing  nmethod 0x00000182428f1d10
Event: 767.945 Thread 0x0000018259a09bb0 flushing  nmethod 0x0000018242908390
Event: 767.945 Thread 0x0000018259a09bb0 flushing  nmethod 0x0000018242940f90
Event: 767.946 Thread 0x0000018259a09bb0 flushing  nmethod 0x0000018242945990
Event: 767.946 Thread 0x0000018259a09bb0 flushing  nmethod 0x0000018242955290
Event: 767.946 Thread 0x0000018259a09bb0 flushing  nmethod 0x0000018242993e10
Event: 767.946 Thread 0x0000018259a09bb0 flushing  nmethod 0x00000182429c6410
Event: 767.946 Thread 0x0000018259a09bb0 flushing  nmethod 0x00000182429cef10
Event: 767.946 Thread 0x0000018259a09bb0 flushing  nmethod 0x00000182429d1c90
Event: 767.946 Thread 0x0000018259a09bb0 flushing  nmethod 0x0000018242a37790
Event: 767.946 Thread 0x0000018259a09bb0 flushing  nmethod 0x0000018242a70810
Event: 767.946 Thread 0x0000018259a09bb0 flushing  nmethod 0x0000018242a8c690
Event: 830.166 Thread 0x0000018259a09bb0 flushing  nmethod 0x0000018242155010
Event: 830.167 Thread 0x0000018259a09bb0 flushing  nmethod 0x0000018242378010
Event: 830.168 Thread 0x0000018259a09bb0 flushing  nmethod 0x00000182425a0d90

Events (20 events):
Event: 1266.154 Thread 0x000001827d50c8e0 Thread added: 0x000001827d339d60
Event: 1266.156 Thread 0x0000018259a091b0 Thread added: 0x000001827b17a510
Event: 1267.095 Thread 0x000001827b17a510 Thread exited: 0x000001827b17a510
Event: 1272.102 Thread 0x000001827d339d60 Thread exited: 0x000001827d339d60
Event: 1272.102 Thread 0x000001827d50c8e0 Thread exited: 0x000001827d50c8e0
Event: 1454.555 Thread 0x0000018259a091b0 Thread added: 0x000001827b17a510
Event: 1454.556 Thread 0x0000018259a091b0 Thread added: 0x000001827b71fbe0
Event: 1454.557 Thread 0x0000018259a091b0 Thread added: 0x000001827b720100
Event: 1461.476 Thread 0x000001827b720100 Thread exited: 0x000001827b720100
Event: 1466.480 Thread 0x000001827b71fbe0 Thread exited: 0x000001827b71fbe0
Event: 1471.485 Thread 0x000001827b17a510 Thread exited: 0x000001827b17a510
Event: 1916.084 Thread 0x0000018259a091b0 Thread added: 0x000001827c514d50
Event: 1917.908 Thread 0x000001827c514d50 Thread exited: 0x000001827c514d50
Event: 8525.617 Thread 0x0000018259a067a0 Thread added: 0x000001827c514d50
Event: 8525.617 Thread 0x0000018259a091b0 Thread added: 0x000001827c62f810
Event: 8525.618 Thread 0x0000018259a091b0 Thread added: 0x000001827b17a510
Event: 8526.621 Thread 0x000001827b17a510 Thread exited: 0x000001827b17a510
Event: 8526.992 Thread 0x000001827c62f810 Thread exited: 0x000001827c62f810
Event: 8526.992 Thread 0x000001827c514d50 Thread exited: 0x000001827c514d50
Event: 8558.100 Thread 0x000001827b8cb2a0 Thread exited: 0x000001827b8cb2a0


Dynamic libraries:
0x00007ff687c40000 - 0x00007ff687c4e000 	C:\Program Files\Eclipse Adoptium\jdk-17.0.15.6-hotspot\bin\java.exe
0x00007fffc3680000 - 0x00007fffc38e6000 	C:\WINDOWS\SYSTEM32\ntdll.dll
0x00007fffc2160000 - 0x00007fffc2229000 	C:\WINDOWS\System32\KERNEL32.DLL
0x00007fffc0ae0000 - 0x00007fffc0eac000 	C:\WINDOWS\System32\KERNELBASE.dll
0x0000000070320000 - 0x00000000703bd000 	C:\ProgramData\Symantec\Symantec Endpoint Protection\14.3.9205.6000.105\Data\Sysfer\x64\sysfer.dll
0x00007fffc0810000 - 0x00007fffc095b000 	C:\WINDOWS\System32\ucrtbase.dll
0x00007fff9be20000 - 0x00007fff9be37000 	C:\Program Files\Eclipse Adoptium\jdk-17.0.15.6-hotspot\bin\jli.dll
0x00007fffc14c0000 - 0x00007fffc168a000 	C:\WINDOWS\System32\USER32.dll
0x00007fffc1360000 - 0x00007fffc1387000 	C:\WINDOWS\System32\win32u.dll
0x00007fffc1730000 - 0x00007fffc175b000 	C:\WINDOWS\System32\GDI32.dll
0x00007fffc0f70000 - 0x00007fffc10a2000 	C:\WINDOWS\System32\gdi32full.dll
0x00007fffc1390000 - 0x00007fffc1433000 	C:\WINDOWS\System32\msvcp_win.dll
0x00007fff99aa0000 - 0x00007fff99abe000 	C:\Program Files\Eclipse Adoptium\jdk-17.0.15.6-hotspot\bin\VCRUNTIME140.dll
0x00007fffa61a0000 - 0x00007fffa643a000 	C:\WINDOWS\WinSxS\amd64_microsoft.windows.common-controls_6595b64144ccf1df_6.0.26100.3912_none_3e07963ce335137e\COMCTL32.dll
0x00007fffc3590000 - 0x00007fffc3639000 	C:\WINDOWS\System32\msvcrt.dll
0x00007fffc2850000 - 0x00007fffc2880000 	C:\WINDOWS\System32\IMM32.DLL
0x00007fffa4250000 - 0x00007fffa425c000 	C:\Program Files\Eclipse Adoptium\jdk-17.0.15.6-hotspot\bin\vcruntime140_1.dll
0x00007fff7c670000 - 0x00007fff7c6fd000 	C:\Program Files\Eclipse Adoptium\jdk-17.0.15.6-hotspot\bin\msvcp140.dll
0x00007fff3e940000 - 0x00007fff3f5ab000 	C:\Program Files\Eclipse Adoptium\jdk-17.0.15.6-hotspot\bin\server\jvm.dll
0x00007fffc2e40000 - 0x00007fffc2ef2000 	C:\WINDOWS\System32\ADVAPI32.dll
0x00007fffc1760000 - 0x00007fffc1806000 	C:\WINDOWS\System32\sechost.dll
0x00007fffc2040000 - 0x00007fffc2156000 	C:\WINDOWS\System32\RPCRT4.dll
0x00007fffc3500000 - 0x00007fffc3574000 	C:\WINDOWS\System32\WS2_32.dll
0x00007fffc0680000 - 0x00007fffc06de000 	C:\WINDOWS\SYSTEM32\POWRPROF.dll
0x00007fffb52a0000 - 0x00007fffb52d6000 	C:\WINDOWS\SYSTEM32\WINMM.dll
0x00007fffa9820000 - 0x00007fffa982b000 	C:\WINDOWS\SYSTEM32\VERSION.dll
0x00007fffc0660000 - 0x00007fffc0674000 	C:\WINDOWS\SYSTEM32\UMPDC.dll
0x00007fffbf5d0000 - 0x00007fffbf5ea000 	C:\WINDOWS\SYSTEM32\kernel.appcore.dll
0x00007fffa41b0000 - 0x00007fffa41ba000 	C:\Program Files\Eclipse Adoptium\jdk-17.0.15.6-hotspot\bin\jimage.dll
0x00007fffbe100000 - 0x00007fffbe341000 	C:\WINDOWS\SYSTEM32\DBGHELP.DLL
0x00007fffc3000000 - 0x00007fffc3384000 	C:\WINDOWS\System32\combase.dll
0x00007fffc2b40000 - 0x00007fffc2c20000 	C:\WINDOWS\System32\OLEAUT32.dll
0x00007fff95100000 - 0x00007fff95139000 	C:\WINDOWS\SYSTEM32\dbgcore.DLL
0x00007fffc12c0000 - 0x00007fffc1359000 	C:\WINDOWS\System32\bcryptPrimitives.dll
0x00007fff988b0000 - 0x00007fff988d5000 	C:\Program Files\Eclipse Adoptium\jdk-17.0.15.6-hotspot\bin\java.dll
0x00007fff7c590000 - 0x00007fff7c667000 	C:\Program Files\Eclipse Adoptium\jdk-17.0.15.6-hotspot\bin\jsvml.dll
0x00007fffc1890000 - 0x00007fffc1fbd000 	C:\WINDOWS\System32\SHELL32.dll
0x00007fffc0960000 - 0x00007fffc0ad4000 	C:\WINDOWS\System32\wintypes.dll
0x00007fffbe450000 - 0x00007fffbeca6000 	C:\WINDOWS\SYSTEM32\windows.storage.dll
0x00007fffc2f00000 - 0x00007fffc2fef000 	C:\WINDOWS\System32\SHCORE.dll
0x00007fffc1820000 - 0x00007fffc1889000 	C:\WINDOWS\System32\shlwapi.dll
0x00007fffc0720000 - 0x00007fffc074f000 	C:\WINDOWS\SYSTEM32\profapi.dll
0x00007fff99a10000 - 0x00007fff99a29000 	C:\Program Files\Eclipse Adoptium\jdk-17.0.15.6-hotspot\bin\net.dll
0x00007fffaf2b0000 - 0x00007fffaf3ce000 	C:\WINDOWS\SYSTEM32\WINHTTP.dll
0x00007fffbfb40000 - 0x00007fffbfbaa000 	C:\WINDOWS\system32\mswsock.dll
0x00007fff98f80000 - 0x00007fff98f96000 	C:\Program Files\Eclipse Adoptium\jdk-17.0.15.6-hotspot\bin\nio.dll
0x00007fff98520000 - 0x00007fff98538000 	C:\Program Files\Eclipse Adoptium\jdk-17.0.15.6-hotspot\bin\zip.dll
0x00007fffa4150000 - 0x00007fffa4160000 	C:\Program Files\Eclipse Adoptium\jdk-17.0.15.6-hotspot\bin\verify.dll
0x00007fff98930000 - 0x00007fff98957000 	C:\Users\karth\.gradle\native\68d5fa5c4cc2d200863cafc0d521ce42e7d3e7ee720ec0a83991735586a16f82\windows-amd64\native-platform.dll
0x00007fff7c440000 - 0x00007fff7c584000 	C:\Users\karth\.gradle\native\e376f236ea51e6404a007f0833ffe2c6e607c4080706a723a18a27aeea778392\windows-amd64\native-platform-file-events.dll
0x00007fffa0910000 - 0x00007fffa091a000 	C:\Program Files\Eclipse Adoptium\jdk-17.0.15.6-hotspot\bin\management.dll
0x00007fffa0830000 - 0x00007fffa083b000 	C:\Program Files\Eclipse Adoptium\jdk-17.0.15.6-hotspot\bin\management_ext.dll
0x00007fffc3580000 - 0x00007fffc3588000 	C:\WINDOWS\System32\PSAPI.DLL
0x00007fffbfde0000 - 0x00007fffbfdfc000 	C:\WINDOWS\SYSTEM32\CRYPTSP.dll
0x00007fffbf530000 - 0x00007fffbf56a000 	C:\WINDOWS\system32\rsaenh.dll
0x00007fffbfbe0000 - 0x00007fffbfc0b000 	C:\WINDOWS\SYSTEM32\USERENV.dll
0x00007fffc06f0000 - 0x00007fffc0716000 	C:\WINDOWS\SYSTEM32\bcrypt.dll
0x00007fffbfe00000 - 0x00007fffbfe0c000 	C:\WINDOWS\SYSTEM32\CRYPTBASE.dll
0x00007fffbf070000 - 0x00007fffbf0a3000 	C:\WINDOWS\SYSTEM32\IPHLPAPI.DLL
0x00007fffc2740000 - 0x00007fffc274a000 	C:\WINDOWS\System32\NSI.dll
0x00007fffb72a0000 - 0x00007fffb72bf000 	C:\WINDOWS\SYSTEM32\dhcpcsvc6.DLL
0x00007fffb7030000 - 0x00007fffb7055000 	C:\WINDOWS\SYSTEM32\dhcpcsvc.DLL
0x00007fffbf140000 - 0x00007fffbf267000 	C:\WINDOWS\SYSTEM32\DNSAPI.dll
0x00007fff9c160000 - 0x00007fff9c169000 	C:\Program Files\Eclipse Adoptium\jdk-17.0.15.6-hotspot\bin\extnet.dll
0x00007fff9bf40000 - 0x00007fff9bf4e000 	C:\Program Files\Eclipse Adoptium\jdk-17.0.15.6-hotspot\bin\sunmscapi.dll
0x00007fffc10b0000 - 0x00007fffc1227000 	C:\WINDOWS\System32\CRYPT32.dll
0x00007fffbfff0000 - 0x00007fffc0020000 	C:\WINDOWS\SYSTEM32\ncrypt.dll
0x00007fffbffa0000 - 0x00007fffbffdf000 	C:\WINDOWS\SYSTEM32\NTASN1.dll
0x00007fffa3df0000 - 0x00007fffa3df8000 	C:\WINDOWS\system32\wshunix.dll

dbghelp: loaded successfully - version: 4.0.5 - missing functions: none
symbol engine: initialized successfully - sym options: 0x614 - pdb path: .;C:\Program Files\Eclipse Adoptium\jdk-17.0.15.6-hotspot\bin;C:\WINDOWS\SYSTEM32;C:\ProgramData\Symantec\Symantec Endpoint Protection\14.3.9205.6000.105\Data\Sysfer\x64;C:\WINDOWS\WinSxS\amd64_microsoft.windows.common-controls_6595b64144ccf1df_6.0.26100.3912_none_3e07963ce335137e;C:\Program Files\Eclipse Adoptium\jdk-17.0.15.6-hotspot\bin\server;C:\Users\karth\.gradle\native\68d5fa5c4cc2d200863cafc0d521ce42e7d3e7ee720ec0a83991735586a16f82\windows-amd64;C:\Users\karth\.gradle\native\e376f236ea51e6404a007f0833ffe2c6e607c4080706a723a18a27aeea778392\windows-amd64

VM Arguments:
jvm_args: -XX:MaxMetaspaceSize=512m --add-opens=java.base/java.util=ALL-UNNAMED --add-opens=java.base/java.lang=ALL-UNNAMED --add-opens=java.base/java.lang.invoke=ALL-UNNAMED --add-opens=java.prefs/java.util.prefs=ALL-UNNAMED --add-opens=java.base/java.nio.charset=ALL-UNNAMED --add-opens=java.base/java.net=ALL-UNNAMED --add-opens=java.base/java.util.concurrent.atomic=ALL-UNNAMED -Xmx2048m -Dfile.encoding=UTF-8 -Duser.country=CA -Duser.language=en -Duser.variant 
java_command: org.gradle.launcher.daemon.bootstrap.GradleDaemon 8.0.1
java_class_path (initial): C:\Users\karth\.gradle\wrapper\dists\gradle-8.0.1-all\aro4hu1c3oeioove7l0i4i14o\gradle-8.0.1\lib\gradle-launcher-8.0.1.jar
Launcher Type: SUN_STANDARD

[Global flags]
     intx CICompilerCount                          = 12                                        {product} {ergonomic}
   size_t CompressedClassSpaceSize                 = 436207616                                 {product} {ergonomic}
     uint ConcGCThreads                            = 3                                         {product} {ergonomic}
     uint G1ConcRefinementThreads                  = 13                                        {product} {ergonomic}
   size_t G1HeapRegionSize                         = 1048576                                   {product} {ergonomic}
    uintx GCDrainStackTargetSize                   = 64                                        {product} {ergonomic}
   size_t InitialHeapSize                          = 264241152                                 {product} {ergonomic}
   size_t MarkStackSize                            = 4194304                                   {product} {ergonomic}
   size_t MaxHeapSize                              = 2147483648                                {product} {command line}
   size_t MaxMetaspaceSize                         = 536870912                                 {product} {command line}
   size_t MaxNewSize                               = 1287651328                                {product} {ergonomic}
   size_t MinHeapDeltaBytes                        = 1048576                                   {product} {ergonomic}
   size_t MinHeapSize                              = 8388608                                   {product} {ergonomic}
    uintx NonNMethodCodeHeapSize                   = 7602480                                {pd product} {ergonomic}
    uintx NonProfiledCodeHeapSize                  = 122027880                              {pd product} {ergonomic}
    uintx ProfiledCodeHeapSize                     = 122027880                              {pd product} {ergonomic}
    uintx ReservedCodeCacheSize                    = 251658240                              {pd product} {ergonomic}
     bool SegmentedCodeCache                       = true                                      {product} {ergonomic}
   size_t SoftMaxHeapSize                          = 2147483648                             {manageable} {ergonomic}
     bool UseCompressedClassPointers               = true                           {product lp64_product} {ergonomic}
     bool UseCompressedOops                        = true                           {product lp64_product} {ergonomic}
     bool UseG1GC                                  = true                                      {product} {ergonomic}
     bool UseLargePagesIndividualAllocation        = false                                  {pd product} {ergonomic}

Logging:
Log output configuration:
 #0: stdout all=warning uptime,level,tags
 #1: stderr all=off uptime,level,tags

Environment Variables:
JAVA_HOME=C:\Program Files\Java\jdk-23
CLASSPATH=C:\Users\karth\CascadeProjects\MobileAppAndroid\android\\gradle\wrapper\gradle-wrapper.jar
PATH=C:\Users\karth\CascadeProjects\MobileAppAndroid\node_modules\.bin;C:\Users\karth\CascadeProjects\MobileAppAndroid\node_modules\.bin;C:\Users\karth\CascadeProjects\node_modules\.bin;C:\Users\karth\node_modules\.bin;C:\Users\node_modules\.bin;C:\node_modules\.bin;C:\Program Files\nodejs\node_modules\npm\node_modules\@npmcli\run-script\lib\node-gyp-bin;C:\Users\karth\CascadeProjects\MobileAppAndroid\node_modules\.bin;C:\Users\karth\CascadeProjects\MobileAppAndroid\node_modules\.bin;C:\Users\karth\CascadeProjects\node_modules\.bin;C:\Users\karth\node_modules\.bin;C:\Users\node_modules\.bin;C:\node_modules\.bin;C:\Program Files\nodejs\node_modules\npm\node_modules\@npmcli\run-script\lib\node-gyp-bin;C:\Program Files\Eclipse Adoptium\jdk-17.0.15.6-hotspot\bin;C:\Program Files\Common Files\Oracle\Java\javapath;C:\WINDOWS\system32;C:\WINDOWS;C:\WINDOWS\System32\Wbem;C:\WINDOWS\System32\WindowsPowerShell\v1.0\;C:\WINDOWS\System32\OpenSSH\;C:\Program Files\nodejs\;C:\Program Files (x86)\nikto\program;C:\Program Files (x86)\curl;D:\GoWorkspace\bin;C:\Program Files\Go\bin;C:\Program Files\Git\cmd;C:\Users\karth\AppData\Local\Android\Sdk;C:\Users\karth\AppData\Local\Android\Sdk\platform-tools;C:\Program Files\Eclipse Adoptium\jdk-17.0.15.6-hotspot\bin;C:\Program Files\Common Files\Oracle\Java\javapath;C:\WINDOWS\system32;C:\WINDOWS;C:\WINDOWS\System32\Wbem;C:\WINDOWS\System32\WindowsPowerShell\v1.0\;C:\WINDOWS\System32\OpenSSH\;C:\Program Files\nodejs\;C:\Program Files\Git\cmd;C:\Users\karth\AppData\Local\Microsoft\WindowsApps;C:\Users\karth\AppData\Local\Programs\Microsoft VS Code\bin;C:\Users\karth\AppData\Roaming\npm;C:\Users\karth\go\bin;C:\Users\karth\AppData\Local\Programs\Windsurf\bin
USERNAME=karth
OS=Windows_NT
PROCESSOR_IDENTIFIER=Intel64 Family 6 Model 154 Stepping 3, GenuineIntel
TMP=C:\Users\karth\AppData\Local\Temp
TEMP=C:\Users\karth\AppData\Local\Temp



Periodic native trim disabled


---------------  S Y S T E M  ---------------

OS:
 Windows 11 , 64 bit Build 26100 (10.0.26100.3912)
OS uptime: 10 days 15:58 hours
Hyper-V role detected

CPU: total 16 (initial active 16) (8 cores per cpu, 2 threads per core) family 6 model 154 stepping 3 microcode 0x416, cx8, cmov, fxsr, ht, mmx, 3dnowpref, sse, sse2, sse3, ssse3, sse4.1, sse4.2, popcnt, lzcnt, tsc, tscinvbit, avx, avx2, aes, erms, clmul, bmi1, bmi2, adx, sha, fma, vzeroupper, clflush, clflushopt, clwb, hv
Processor Information for processor 0
  Max Mhz: 2100, Current Mhz: 2100, Mhz Limit: 2100
Processor Information for processor 1
  Max Mhz: 2100, Current Mhz: 2100, Mhz Limit: 2100
Processor Information for processor 2
  Max Mhz: 2100, Current Mhz: 2100, Mhz Limit: 2100
Processor Information for processor 3
  Max Mhz: 2100, Current Mhz: 2100, Mhz Limit: 2100
Processor Information for processor 4
  Max Mhz: 2100, Current Mhz: 2100, Mhz Limit: 2100
Processor Information for processor 5
  Max Mhz: 2100, Current Mhz: 2100, Mhz Limit: 2100
Processor Information for processor 6
  Max Mhz: 2100, Current Mhz: 2100, Mhz Limit: 2100
Processor Information for processor 7
  Max Mhz: 2100, Current Mhz: 2100, Mhz Limit: 2100
Processor Information for processor 8
  Max Mhz: 2100, Current Mhz: 1500, Mhz Limit: 1491
Processor Information for processor 9
  Max Mhz: 2100, Current Mhz: 1500, Mhz Limit: 1491
Processor Information for processor 10
  Max Mhz: 2100, Current Mhz: 1500, Mhz Limit: 1491
Processor Information for processor 11
  Max Mhz: 2100, Current Mhz: 1500, Mhz Limit: 1491
Processor Information for processor 12
  Max Mhz: 2100, Current Mhz: 1500, Mhz Limit: 1491
Processor Information for processor 13
  Max Mhz: 2100, Current Mhz: 1500, Mhz Limit: 1491
Processor Information for processor 14
  Max Mhz: 2100, Current Mhz: 1500, Mhz Limit: 1491
Processor Information for processor 15
  Max Mhz: 2100, Current Mhz: 1500, Mhz Limit: 1491

Memory: 4k page, system-wide physical 16088M (0M free)
TotalPageFile size 64210M (AvailPageFile size 41M)
current process WorkingSet (physical memory assigned to process): 5M, peak: 233M
current process commit charge ("private bytes"): 400M, peak: 459M

vm_info: OpenJDK 64-Bit Server VM (17.0.15+6) for windows-amd64 JRE (17.0.15+6), built on Apr 15 2025 21:25:47 by "admin" with MS VC++ 17.7 (VS2022)

END.
