#
# There is insufficient memory for the Java Runtime Environment to continue.
# Native memory allocation (mmap) failed to map 113246208 bytes. Error detail: G1 virtual space
# Possible reasons:
#   The system is out of physical RAM or swap space
#   This process is running with CompressedOops enabled, and the Java Heap may be blocking the growth of the native heap
# Possible solutions:
#   Reduce memory load on the system
#   Increase physical memory or swap space
#   Check if swap backing store is full
#   Decrease Java heap size (-Xmx/-Xms)
#   Decrease number of Java threads
#   Decrease Java thread stack sizes (-Xss)
#   Set larger code cache with -XX:ReservedCodeCacheSize=
#   JVM is running with Unscaled Compressed Oops mode in which the Java heap is
#     placed in the first 4GB address space. The Java Heap base address is the
#     maximum limit for the native heap growth. Please use -XX:HeapBaseMinAddress
#     to set the Java Heap base and to place the Java Heap above 4GB virtual address.
# This output file may be truncated or incomplete.
#
#  Out of Memory Error (os_windows.cpp:3618), pid=15608, tid=51752
#
# JRE version: OpenJDK Runtime Environment Temurin-17.0.15+6 (17.0.15+6) (build 17.0.15+6)
# Java VM: OpenJDK 64-Bit Server VM Temurin-17.0.15+6 (17.0.15+6, mixed mode, sharing, tiered, compressed oops, compressed class ptrs, g1 gc, windows-amd64)
# No core dump will be written. Minidumps are not enabled by default on client versions of Windows
#

---------------  S U M M A R Y ------------

Command Line: -XX:MaxMetaspaceSize=512m --add-opens=java.base/java.util=ALL-UNNAMED --add-opens=java.base/java.lang=ALL-UNNAMED --add-opens=java.base/java.lang.invoke=ALL-UNNAMED --add-opens=java.prefs/java.util.prefs=ALL-UNNAMED --add-opens=java.base/java.nio.charset=ALL-UNNAMED --add-opens=java.base/java.net=ALL-UNNAMED --add-opens=java.base/java.util.concurrent.atomic=ALL-UNNAMED -Xmx2048m -Dfile.encoding=UTF-8 -Duser.country=CA -Duser.language=en -Duser.variant org.gradle.launcher.daemon.bootstrap.GradleDaemon 8.0.1

Host: 12th Gen Intel(R) Core(TM) i7-1260P, 16 cores, 15G,  Windows 11 , 64 bit Build 26100 (10.0.26100.3912)
Time: Mon May 26 02:11:39 2025 Eastern Daylight Time elapsed time: 8235.476018 seconds (0d 2h 17m 15s)

---------------  T H R E A D  ---------------

Current thread (0x000002264251e010):  VMThread "VM Thread" [stack: 0x000000c7efc00000,0x000000c7efd00000] [id=51752]

Stack: [0x000000c7efc00000,0x000000c7efd00000]
Native frames: (J=compiled Java code, j=interpreted, Vv=VM code, C=native code)
V  [jvm.dll+0x682fc9]
V  [jvm.dll+0x839878]
V  [jvm.dll+0x83b323]
V  [jvm.dll+0x83b993]
V  [jvm.dll+0x24725f]
V  [jvm.dll+0x67fda9]
V  [jvm.dll+0x674c9a]
V  [jvm.dll+0x304d06]
V  [jvm.dll+0x30c1c6]
V  [jvm.dll+0x35dd4e]
V  [jvm.dll+0x35df8d]
V  [jvm.dll+0x2dc0cc]
V  [jvm.dll+0x2da46f]
V  [jvm.dll+0x2d9bdc]
V  [jvm.dll+0x31d3bb]
V  [jvm.dll+0x8401cd]
V  [jvm.dll+0x840f03]
V  [jvm.dll+0x84142f]
V  [jvm.dll+0x841814]
V  [jvm.dll+0x8418de]
V  [jvm.dll+0x7e94dc]
V  [jvm.dll+0x681ea7]
C  [ucrtbase.dll+0x37b0]
C  [KERNEL32.DLL+0x2e8d7]
C  [ntdll.dll+0x9c5dc]

VM_Operation (0x000000c7f0efe9d0): G1CollectForAllocation, mode: safepoint, requested by thread 0x00000226637fc1a0


---------------  P R O C E S S  ---------------

Threads class SMR info:
_java_thread_list=0x0000022665c86850, length=80, elements={
0x00000226230be350, 0x0000022642521b60, 0x0000022642522530, 0x0000022642530080,
0x0000022642530950, 0x0000022642533230, 0x0000022642533b00, 0x0000022642536710,
0x0000022642949180, 0x00000226429a0a10, 0x0000022642a853f0, 0x0000022642a8bf30,
0x00000226637fc1a0, 0x00000226626f41a0, 0x0000022663623fa0, 0x0000022662c90050,
0x00000226632db0c0, 0x00000226632dd5b0, 0x0000022662d21ff0, 0x0000022662d1fc80,
0x0000022662d206a0, 0x0000022662d1f770, 0x0000022662d210c0, 0x0000022662d20190,
0x0000022663a88ee0, 0x0000022663a8a320, 0x0000022663a893f0, 0x0000022663a8b250,
0x0000022663a89900, 0x0000022663a884c0, 0x0000022663a89e10, 0x0000022663a889d0,
0x0000022663a87fb0, 0x0000022663a8cba0, 0x0000022663a8d0b0, 0x0000022663a8dfe0,
0x0000022663a8d5c0, 0x0000022663a8c690, 0x0000022663a8f420, 0x0000022663a8e4f0,
0x0000022663a8c180, 0x0000022663a8bc70, 0x0000022663a8f930, 0x0000022662d1f260,
0x0000022662d21ae0, 0x0000022662d20bb0, 0x0000022663aaacc0, 0x0000022663aa8950,
0x0000022663aa8e60, 0x0000022663aa9370, 0x0000022663aaa2a0, 0x0000022663aa9880,
0x0000022663aa9d90, 0x0000022663aaa7b0, 0x0000022663aab6e0, 0x0000022663aab1d0,
0x0000022663aa7f30, 0x0000022663aabbf0, 0x0000022663aa8440, 0x0000022663aaf8b0,
0x0000022663aacb20, 0x0000022663aac100, 0x0000022663aac610, 0x0000022663aad030,
0x0000022663aad540, 0x0000022663aada50, 0x0000022663aadf60, 0x0000022663aaf3a0,
0x0000022663aae470, 0x0000022663aae980, 0x0000022663aaee90, 0x0000022663d5cec0,
0x0000022663d5c4a0, 0x0000022663d5c9b0, 0x0000022663d5d3d0, 0x0000022663d5d8e0,
0x0000022663d5b570, 0x0000022663d5ddf0, 0x0000022663d5ab50, 0x0000022663d5ba80
}

Java Threads: ( => current thread )
  0x00000226230be350 JavaThread "main" [_thread_blocked, id=30444, stack(0x000000c7ef600000,0x000000c7ef700000)]
  0x0000022642521b60 JavaThread "Reference Handler" daemon [_thread_blocked, id=15248, stack(0x000000c7efd00000,0x000000c7efe00000)]
  0x0000022642522530 JavaThread "Finalizer" daemon [_thread_blocked, id=25020, stack(0x000000c7efe00000,0x000000c7eff00000)]
  0x0000022642530080 JavaThread "Signal Dispatcher" daemon [_thread_blocked, id=29332, stack(0x000000c7eff00000,0x000000c7f0000000)]
  0x0000022642530950 JavaThread "Attach Listener" daemon [_thread_blocked, id=55644, stack(0x000000c7f0000000,0x000000c7f0100000)]
  0x0000022642533230 JavaThread "Service Thread" daemon [_thread_blocked, id=52652, stack(0x000000c7f0100000,0x000000c7f0200000)]
  0x0000022642533b00 JavaThread "Monitor Deflation Thread" daemon [_thread_blocked, id=51036, stack(0x000000c7f0200000,0x000000c7f0300000)]
  0x0000022642536710 JavaThread "C2 CompilerThread0" daemon [_thread_blocked, id=50404, stack(0x000000c7f0300000,0x000000c7f0400000)]
  0x0000022642949180 JavaThread "C1 CompilerThread0" daemon [_thread_blocked, id=23120, stack(0x000000c7f0400000,0x000000c7f0500000)]
  0x00000226429a0a10 JavaThread "Sweeper thread" daemon [_thread_blocked, id=19700, stack(0x000000c7f0500000,0x000000c7f0600000)]
  0x0000022642a853f0 JavaThread "Common-Cleaner" daemon [_thread_blocked, id=51700, stack(0x000000c7f0600000,0x000000c7f0700000)]
  0x0000022642a8bf30 JavaThread "Notification Thread" daemon [_thread_blocked, id=52900, stack(0x000000c7f0700000,0x000000c7f0800000)]
  0x00000226637fc1a0 JavaThread "Daemon health stats" [_thread_blocked, id=23260, stack(0x000000c7f0e00000,0x000000c7f0f00000)]
  0x00000226626f41a0 JavaThread "Incoming local TCP Connector on port 34286" [_thread_in_native, id=66264, stack(0x000000c7f0f00000,0x000000c7f1000000)]
  0x0000022663623fa0 JavaThread "Daemon periodic checks" [_thread_blocked, id=67620, stack(0x000000c7ef300000,0x000000c7ef400000)]
  0x0000022662c90050 JavaThread "Daemon" [_thread_blocked, id=48292, stack(0x000000c7ef400000,0x000000c7ef500000)]
  0x00000226632db0c0 JavaThread "Handler for socket connection from /127.0.0.1:34286 to /127.0.0.1:34614" [_thread_blocked, id=58432, stack(0x000000c7ef500000,0x000000c7ef600000)]
  0x00000226632dd5b0 JavaThread "Cancel handler" [_thread_blocked, id=20964, stack(0x000000c7f1000000,0x000000c7f1100000)]
  0x0000022662d21ff0 JavaThread "Daemon worker" [_thread_blocked, id=29560, stack(0x000000c7f1200000,0x000000c7f1300000)]
  0x0000022662d1fc80 JavaThread "Asynchronous log dispatcher for DefaultDaemonConnection: socket connection from /127.0.0.1:34286 to /127.0.0.1:34614" [_thread_blocked, id=1996, stack(0x000000c7f1300000,0x000000c7f1400000)]
  0x0000022662d206a0 JavaThread "Daemon client event forwarder" [_thread_blocked, id=14444, stack(0x000000c7f1500000,0x000000c7f1600000)]
  0x0000022662d1f770 JavaThread "Cache worker for journal cache (C:\Users\karth\.gradle\caches\journal-1)" [_thread_blocked, id=44860, stack(0x000000c7f1d00000,0x000000c7f1e00000)]
  0x0000022662d210c0 JavaThread "File lock request listener" [_thread_in_native, id=12260, stack(0x000000c7f1e00000,0x000000c7f1f00000)]
  0x0000022662d20190 JavaThread "Cache worker for file hash cache (C:\Users\karth\.gradle\caches\8.0.1\fileHashes)" [_thread_blocked, id=32572, stack(0x000000c7f1f00000,0x000000c7f2000000)]
  0x0000022663a88ee0 JavaThread "File watcher server" daemon [_thread_in_native, id=28608, stack(0x000000c7f2300000,0x000000c7f2400000)]
  0x0000022663a8a320 JavaThread "File watcher consumer" daemon [_thread_blocked, id=33284, stack(0x000000c7f2400000,0x000000c7f2500000)]
  0x0000022663a893f0 JavaThread "Cache worker for checksums cache (C:\Users\karth\CascadeProjects\MobileAppAndroid\android\.gradle\8.0.1\checksums)" [_thread_blocked, id=4368, stack(0x000000c7f2500000,0x000000c7f2600000)]
  0x0000022663a8b250 JavaThread "Cache worker for cache directory md-rule (C:\Users\karth\.gradle\caches\8.0.1\md-rule)" [_thread_blocked, id=42736, stack(0x000000c7f2600000,0x000000c7f2700000)]
  0x0000022663a89900 JavaThread "Cache worker for file content cache (C:\Users\karth\.gradle\caches\8.0.1\fileContent)" [_thread_blocked, id=51568, stack(0x000000c7f2700000,0x000000c7f2800000)]
  0x0000022663a884c0 JavaThread "Cache worker for file hash cache (C:\Users\karth\CascadeProjects\MobileAppAndroid\android\.gradle\8.0.1\fileHashes)" [_thread_blocked, id=38748, stack(0x000000c7f2b00000,0x000000c7f2c00000)]
  0x0000022663a89e10 JavaThread "Cache worker for cache directory md-supplier (C:\Users\karth\.gradle\caches\8.0.1\md-supplier)" [_thread_blocked, id=65428, stack(0x000000c7f2c00000,0x000000c7f2d00000)]
  0x0000022663a889d0 JavaThread "Cache worker for execution history cache (C:\Users\karth\.gradle\caches\8.0.1\executionHistory)" [_thread_blocked, id=67900, stack(0x000000c7f2800000,0x000000c7f2900000)]
  0x0000022663a87fb0 JavaThread "jar transforms" [_thread_blocked, id=36524, stack(0x000000c7f2000000,0x000000c7f2100000)]
  0x0000022663a8cba0 JavaThread "jar transforms Thread 2" [_thread_blocked, id=27616, stack(0x000000c7f2100000,0x000000c7f2200000)]
  0x0000022663a8d0b0 JavaThread "jar transforms Thread 3" [_thread_blocked, id=67508, stack(0x000000c7f2200000,0x000000c7f2300000)]
  0x0000022663a8dfe0 JavaThread "jar transforms Thread 4" [_thread_blocked, id=12648, stack(0x000000c7f2e00000,0x000000c7f2f00000)]
  0x0000022663a8d5c0 JavaThread "Cache worker for kotlin-dsl (C:\Users\karth\.gradle\caches\8.0.1\kotlin-dsl)" [_thread_blocked, id=56304, stack(0x000000c7f2d00000,0x000000c7f2e00000)]
  0x0000022663a8c690 JavaThread "File lock release action executor Thread 2" [_thread_blocked, id=31112, stack(0x000000c7f2f00000,0x000000c7f3000000)]
  0x0000022663a8f420 JavaThread "jar transforms Thread 5" [_thread_blocked, id=45888, stack(0x000000c7f3100000,0x000000c7f3200000)]
  0x0000022663a8e4f0 JavaThread "jar transforms Thread 6" [_thread_blocked, id=46232, stack(0x000000c7f3000000,0x000000c7f3100000)]
  0x0000022663a8c180 JavaThread "Cache worker for dependencies-accessors (C:\Users\karth\CascadeProjects\MobileAppAndroid\android\.gradle\8.0.1\dependencies-accessors)" [_thread_blocked, id=47404, stack(0x000000c7f3200000,0x000000c7f3300000)]
  0x0000022663a8bc70 JavaThread "Cache worker for Build Output Cleanup Cache (C:\Users\karth\CascadeProjects\MobileAppAndroid\node_modules\@react-native\gradle-plugin\.gradle\buildOutputCleanup)" [_thread_blocked, id=69464, stack(0x000000c7f3300000,0x000000c7f3400000)]
  0x0000022663a8f930 JavaThread "jar transforms Thread 7" [_thread_blocked, id=26476, stack(0x000000c7f3400000,0x000000c7f3500000)]
  0x0000022662d1f260 JavaThread "Unconstrained build operations" [_thread_blocked, id=6860, stack(0x000000c7f1100000,0x000000c7f1200000)]
  0x0000022662d21ae0 JavaThread "Unconstrained build operations Thread 2" [_thread_blocked, id=24952, stack(0x000000c7f1400000,0x000000c7f1500000)]
  0x0000022662d20bb0 JavaThread "Unconstrained build operations Thread 3" [_thread_blocked, id=69300, stack(0x000000c7f3500000,0x000000c7f3600000)]
  0x0000022663aaacc0 JavaThread "Unconstrained build operations Thread 4" [_thread_blocked, id=26136, stack(0x000000c7f3600000,0x000000c7f3700000)]
  0x0000022663aa8950 JavaThread "Unconstrained build operations Thread 5" [_thread_blocked, id=70144, stack(0x000000c7f3700000,0x000000c7f3800000)]
  0x0000022663aa8e60 JavaThread "Unconstrained build operations Thread 6" [_thread_blocked, id=59024, stack(0x000000c7f3800000,0x000000c7f3900000)]
  0x0000022663aa9370 JavaThread "Unconstrained build operations Thread 7" [_thread_blocked, id=68768, stack(0x000000c7f3900000,0x000000c7f3a00000)]
  0x0000022663aaa2a0 JavaThread "Unconstrained build operations Thread 8" [_thread_blocked, id=70148, stack(0x000000c7f3a00000,0x000000c7f3b00000)]
  0x0000022663aa9880 JavaThread "Unconstrained build operations Thread 9" [_thread_blocked, id=36856, stack(0x000000c7f3b00000,0x000000c7f3c00000)]
  0x0000022663aa9d90 JavaThread "Unconstrained build operations Thread 10" [_thread_blocked, id=61956, stack(0x000000c7f3c00000,0x000000c7f3d00000)]
  0x0000022663aaa7b0 JavaThread "Unconstrained build operations Thread 11" [_thread_blocked, id=36288, stack(0x000000c7f3d00000,0x000000c7f3e00000)]
  0x0000022663aab6e0 JavaThread "Unconstrained build operations Thread 12" [_thread_blocked, id=29104, stack(0x000000c7f3e00000,0x000000c7f3f00000)]
  0x0000022663aab1d0 JavaThread "Unconstrained build operations Thread 13" [_thread_blocked, id=47116, stack(0x000000c7f3f00000,0x000000c7f4000000)]
  0x0000022663aa7f30 JavaThread "Unconstrained build operations Thread 14" [_thread_blocked, id=69948, stack(0x000000c7f4000000,0x000000c7f4100000)]
  0x0000022663aabbf0 JavaThread "Unconstrained build operations Thread 15" [_thread_blocked, id=51116, stack(0x000000c7f4100000,0x000000c7f4200000)]
  0x0000022663aa8440 JavaThread "Unconstrained build operations Thread 16" [_thread_blocked, id=70120, stack(0x000000c7f4200000,0x000000c7f4300000)]
  0x0000022663aaf8b0 JavaThread "Unconstrained build operations Thread 17" [_thread_blocked, id=15188, stack(0x000000c7f4300000,0x000000c7f4400000)]
  0x0000022663aacb20 JavaThread "Unconstrained build operations Thread 18" [_thread_blocked, id=70104, stack(0x000000c7f4400000,0x000000c7f4500000)]
  0x0000022663aac100 JavaThread "Unconstrained build operations Thread 19" [_thread_blocked, id=47000, stack(0x000000c7f4500000,0x000000c7f4600000)]
  0x0000022663aac610 JavaThread "Unconstrained build operations Thread 20" [_thread_blocked, id=71160, stack(0x000000c7f4600000,0x000000c7f4700000)]
  0x0000022663aad030 JavaThread "Unconstrained build operations Thread 21" [_thread_blocked, id=71268, stack(0x000000c7f4700000,0x000000c7f4800000)]
  0x0000022663aad540 JavaThread "Unconstrained build operations Thread 22" [_thread_blocked, id=71324, stack(0x000000c7f4800000,0x000000c7f4900000)]
  0x0000022663aada50 JavaThread "Unconstrained build operations Thread 23" [_thread_blocked, id=46660, stack(0x000000c7f4900000,0x000000c7f4a00000)]
  0x0000022663aadf60 JavaThread "Unconstrained build operations Thread 24" [_thread_blocked, id=71340, stack(0x000000c7f4a00000,0x000000c7f4b00000)]
  0x0000022663aaf3a0 JavaThread "Unconstrained build operations Thread 25" [_thread_blocked, id=71360, stack(0x000000c7f4b00000,0x000000c7f4c00000)]
  0x0000022663aae470 JavaThread "Unconstrained build operations Thread 26" [_thread_blocked, id=36076, stack(0x000000c7f4c00000,0x000000c7f4d00000)]
  0x0000022663aae980 JavaThread "jar transforms Thread 8" [_thread_blocked, id=69960, stack(0x000000c7f4d00000,0x000000c7f4e00000)]
  0x0000022663aaee90 JavaThread "jar transforms Thread 9" [_thread_blocked, id=33264, stack(0x000000c7f4e00000,0x000000c7f4f00000)]
  0x0000022663d5cec0 JavaThread "jar transforms Thread 10" [_thread_blocked, id=600, stack(0x000000c7f4f00000,0x000000c7f5000000)]
  0x0000022663d5c4a0 JavaThread "jar transforms Thread 11" [_thread_blocked, id=42524, stack(0x000000c7f5000000,0x000000c7f5100000)]
  0x0000022663d5c9b0 JavaThread "jar transforms Thread 12" [_thread_blocked, id=72204, stack(0x000000c7f5100000,0x000000c7f5200000)]
  0x0000022663d5d3d0 JavaThread "jar transforms Thread 13" [_thread_blocked, id=40924, stack(0x000000c7f5200000,0x000000c7f5300000)]
  0x0000022663d5d8e0 JavaThread "jar transforms Thread 14" [_thread_blocked, id=72208, stack(0x000000c7f5300000,0x000000c7f5400000)]
  0x0000022663d5b570 JavaThread "jar transforms Thread 15" [_thread_blocked, id=72196, stack(0x000000c7f5400000,0x000000c7f5500000)]
  0x0000022663d5ddf0 JavaThread "jar transforms Thread 16" [_thread_blocked, id=72212, stack(0x000000c7f5500000,0x000000c7f5600000)]
  0x0000022663d5ab50 JavaThread "Memory manager" [_thread_blocked, id=72236, stack(0x000000c7f5900000,0x000000c7f5a00000)]
  0x0000022663d5ba80 JavaThread "Cache worker for Build Output Cleanup Cache (C:\Users\karth\CascadeProjects\MobileAppAndroid\android\.gradle\buildOutputCleanup)" [_thread_blocked, id=72264, stack(0x000000c7f5b00000,0x000000c7f5c00000)]

Other Threads:
=>0x000002264251e010 VMThread "VM Thread" [stack: 0x000000c7efc00000,0x000000c7efd00000] [id=51752]
  0x0000022642a8e420 WatcherThread [stack: 0x000000c7f0800000,0x000000c7f0900000] [id=26676]
  0x000002262311b940 GCTaskThread "GC Thread#0" [stack: 0x000000c7ef700000,0x000000c7ef800000] [id=34604]
  0x00000226627834f0 GCTaskThread "GC Thread#1" [stack: 0x000000c7f0900000,0x000000c7f0a00000] [id=56136]
  0x00000226627b6c70 GCTaskThread "GC Thread#2" [stack: 0x000000c7f0a00000,0x000000c7f0b00000] [id=14468]
  0x00000226627b6f30 GCTaskThread "GC Thread#3" [stack: 0x000000c7f0b00000,0x000000c7f0c00000] [id=37424]
  0x00000226627b71f0 GCTaskThread "GC Thread#4" [stack: 0x000000c7f0c00000,0x000000c7f0d00000] [id=58620]
  0x0000022662f42fe0 GCTaskThread "GC Thread#5" [stack: 0x000000c7f0d00000,0x000000c7f0e00000] [id=51756]
  0x0000022662a28cc0 GCTaskThread "GC Thread#6" [stack: 0x000000c7f1600000,0x000000c7f1700000] [id=35808]
  0x0000022663543b80 GCTaskThread "GC Thread#7" [stack: 0x000000c7f1700000,0x000000c7f1800000] [id=7864]
  0x00000226637c7370 GCTaskThread "GC Thread#8" [stack: 0x000000c7f1800000,0x000000c7f1900000] [id=6320]
  0x00000226637c6870 GCTaskThread "GC Thread#9" [stack: 0x000000c7f1900000,0x000000c7f1a00000] [id=2964]
  0x00000226637c70b0 GCTaskThread "GC Thread#10" [stack: 0x000000c7f1a00000,0x000000c7f1b00000] [id=15096]
  0x00000226637c62f0 GCTaskThread "GC Thread#11" [stack: 0x000000c7f1b00000,0x000000c7f1c00000] [id=16816]
  0x00000226637c7630 GCTaskThread "GC Thread#12" [stack: 0x000000c7f1c00000,0x000000c7f1d00000] [id=28364]
  0x000002262312c6a0 ConcurrentGCThread "G1 Main Marker" [stack: 0x000000c7ef800000,0x000000c7ef900000] [id=54060]
  0x000002262312dca0 ConcurrentGCThread "G1 Conc#0" [stack: 0x000000c7ef900000,0x000000c7efa00000] [id=67028]
  0x00000226637c7bb0 ConcurrentGCThread "G1 Conc#1" [stack: 0x000000c7f2900000,0x000000c7f2a00000] [id=67856]
  0x00000226637c6df0 ConcurrentGCThread "G1 Conc#2" [stack: 0x000000c7f2a00000,0x000000c7f2b00000] [id=55220]
  0x0000022642404ec0 ConcurrentGCThread "G1 Refine#0" [stack: 0x000000c7efa00000,0x000000c7efb00000] [id=57448]
  0x00000226424065b0 ConcurrentGCThread "G1 Service" [stack: 0x000000c7efb00000,0x000000c7efc00000] [id=56524]

Threads with active compile tasks:
C2 CompilerThread0  8238856 8313   !   4       org.gradle.internal.concurrent.ManagedExecutorImpl$1::run (57 bytes)

VM state: at safepoint (normal execution)

VM Mutex/Monitor currently owned by a thread:  ([mutex/lock_event])
[0x00000226230ba4b0] Threads_lock - owner thread: 0x000002264251e010
[0x00000226230ba9c0] Heap_lock - owner thread: 0x00000226637fc1a0

Heap address: 0x0000000080000000, size: 2048 MB, Compressed Oops mode: 32-bit

CDS archive(s) mapped at: [0x0000022643000000-0x0000022643bb0000-0x0000022643bb0000), size 12255232, SharedBaseAddress: 0x0000022643000000, ArchiveRelocationMode: 1.
Compressed class space mapped at: 0x0000022644000000-0x000002265e000000, reserved size: 436207616
Narrow klass base: 0x0000022643000000, Narrow klass shift: 0, Narrow klass range: 0x100000000

GC Precious Log:
 CPUs: 16 total, 16 available
 Memory: 16088M
 Large Page Support: Disabled
 NUMA Support: Disabled
 Compressed Oops: Enabled (32-bit)
 Heap Region Size: 1M
 Heap Min Capacity: 8M
 Heap Initial Capacity: 252M
 Heap Max Capacity: 2G
 Pre-touch: Disabled
 Parallel Workers: 13
 Concurrent Workers: 3
 Concurrent Refinement Workers: 13
 Periodic GC: Disabled

Heap:
 garbage-first heap   total 110592K, used 53658K [0x0000000080000000, 0x0000000100000000)
  region size 1024K, 1 young (1024K), 1 survivors (1024K)
 Metaspace       used 58583K, committed 59200K, reserved 491520K
  class space    used 8100K, committed 8384K, reserved 425984K

Heap Regions: E=young(eden), S=young(survivor), O=old, HS=humongous(starts), HC=humongous(continues), CS=collection set, F=free, OA=open archive, CA=closed archive, TAMS=top-at-mark-start (previous, next)
|   0|0x0000000080000000, 0x0000000080100000, 0x0000000080100000|100%|HS|  |TAMS 0x0000000080100000, 0x0000000080100000| Complete 
|   1|0x0000000080100000, 0x0000000080200000, 0x0000000080200000|100%|HC|  |TAMS 0x0000000080200000, 0x0000000080200000| Complete 
|   2|0x0000000080200000, 0x0000000080300000, 0x0000000080300000|100%|HC|  |TAMS 0x0000000080300000, 0x0000000080300000| Complete 
|   3|0x0000000080300000, 0x0000000080400000, 0x0000000080400000|100%|HC|  |TAMS 0x0000000080400000, 0x0000000080400000| Complete 
|   4|0x0000000080400000, 0x0000000080500000, 0x0000000080500000|100%| O|  |TAMS 0x0000000080500000, 0x0000000080500000| Untracked 
|   5|0x0000000080500000, 0x0000000080600000, 0x0000000080600000|100%| O|  |TAMS 0x0000000080600000, 0x0000000080600000| Untracked 
|   6|0x0000000080600000, 0x0000000080700000, 0x0000000080700000|100%| O|  |TAMS 0x0000000080700000, 0x0000000080700000| Untracked 
|   7|0x0000000080700000, 0x0000000080800000, 0x0000000080800000|100%| O|  |TAMS 0x0000000080800000, 0x0000000080800000| Untracked 
|   8|0x0000000080800000, 0x0000000080900000, 0x0000000080900000|100%| O|  |TAMS 0x0000000080900000, 0x0000000080900000| Untracked 
|   9|0x0000000080900000, 0x0000000080a00000, 0x0000000080a00000|100%| O|  |TAMS 0x0000000080a00000, 0x0000000080a00000| Untracked 
|  10|0x0000000080a00000, 0x0000000080b00000, 0x0000000080b00000|100%| O|  |TAMS 0x0000000080b00000, 0x0000000080b00000| Untracked 
|  11|0x0000000080b00000, 0x0000000080c00000, 0x0000000080c00000|100%| O|  |TAMS 0x0000000080c00000, 0x0000000080c00000| Untracked 
|  12|0x0000000080c00000, 0x0000000080d00000, 0x0000000080d00000|100%| O|  |TAMS 0x0000000080d00000, 0x0000000080d00000| Untracked 
|  13|0x0000000080d00000, 0x0000000080e00000, 0x0000000080e00000|100%| O|  |TAMS 0x0000000080e00000, 0x0000000080e00000| Untracked 
|  14|0x0000000080e00000, 0x0000000080f00000, 0x0000000080f00000|100%| O|  |TAMS 0x0000000080f00000, 0x0000000080f00000| Untracked 
|  15|0x0000000080f00000, 0x0000000081000000, 0x0000000081000000|100%| O|  |TAMS 0x0000000081000000, 0x0000000081000000| Untracked 
|  16|0x0000000081000000, 0x0000000081100000, 0x0000000081100000|100%| O|  |TAMS 0x0000000081100000, 0x0000000081100000| Untracked 
|  17|0x0000000081100000, 0x00000000811e3c00, 0x0000000081200000| 88%| O|  |TAMS 0x00000000811e3c00, 0x00000000811e3c00| Untracked 
|  18|0x0000000081200000, 0x0000000081300000, 0x0000000081300000|100%| O|  |TAMS 0x0000000081300000, 0x0000000081300000| Untracked 
|  19|0x0000000081300000, 0x0000000081400000, 0x0000000081400000|100%| O|  |TAMS 0x0000000081400000, 0x0000000081400000| Untracked 
|  20|0x0000000081400000, 0x0000000081500000, 0x0000000081500000|100%| O|  |TAMS 0x0000000081500000, 0x0000000081500000| Untracked 
|  21|0x0000000081500000, 0x0000000081600000, 0x0000000081600000|100%| O|  |TAMS 0x0000000081600000, 0x0000000081600000| Untracked 
|  22|0x0000000081600000, 0x0000000081700000, 0x0000000081700000|100%| O|  |TAMS 0x0000000081700000, 0x0000000081700000| Untracked 
|  23|0x0000000081700000, 0x0000000081800000, 0x0000000081800000|100%| O|  |TAMS 0x0000000081800000, 0x0000000081800000| Untracked 
|  24|0x0000000081800000, 0x0000000081900000, 0x0000000081900000|100%| O|  |TAMS 0x0000000081900000, 0x0000000081900000| Untracked 
|  25|0x0000000081900000, 0x0000000081a00000, 0x0000000081a00000|100%| O|  |TAMS 0x0000000081a00000, 0x0000000081a00000| Untracked 
|  26|0x0000000081a00000, 0x0000000081b00000, 0x0000000081b00000|100%| O|  |TAMS 0x0000000081b00000, 0x0000000081b00000| Untracked 
|  27|0x0000000081b00000, 0x0000000081c00000, 0x0000000081c00000|100%| O|  |TAMS 0x0000000081c00000, 0x0000000081c00000| Untracked 
|  28|0x0000000081c00000, 0x0000000081d00000, 0x0000000081d00000|100%| O|  |TAMS 0x0000000081d00000, 0x0000000081d00000| Untracked 
|  29|0x0000000081d00000, 0x0000000081e00000, 0x0000000081e00000|100%| O|  |TAMS 0x0000000081e00000, 0x0000000081e00000| Untracked 
|  30|0x0000000081e00000, 0x0000000081f00000, 0x0000000081f00000|100%| O|  |TAMS 0x0000000081f00000, 0x0000000081f00000| Untracked 
|  31|0x0000000081f00000, 0x0000000082000000, 0x0000000082000000|100%| O|  |TAMS 0x0000000082000000, 0x0000000082000000| Untracked 
|  32|0x0000000082000000, 0x0000000082100000, 0x0000000082100000|100%| O|  |TAMS 0x0000000082100000, 0x0000000082100000| Untracked 
|  33|0x0000000082100000, 0x0000000082200000, 0x0000000082200000|100%| O|  |TAMS 0x0000000082200000, 0x0000000082200000| Untracked 
|  34|0x0000000082200000, 0x0000000082300000, 0x0000000082300000|100%| O|  |TAMS 0x0000000082300000, 0x0000000082300000| Untracked 
|  35|0x0000000082300000, 0x0000000082400000, 0x0000000082400000|100%|HS|  |TAMS 0x0000000082400000, 0x0000000082400000| Complete 
|  36|0x0000000082400000, 0x0000000082500000, 0x0000000082500000|100%|HC|  |TAMS 0x0000000082500000, 0x0000000082500000| Complete 
|  37|0x0000000082500000, 0x0000000082600000, 0x0000000082600000|100%|HS|  |TAMS 0x0000000082600000, 0x0000000082600000| Complete 
|  38|0x0000000082600000, 0x0000000082700000, 0x0000000082700000|100%|HC|  |TAMS 0x0000000082700000, 0x0000000082700000| Complete 
|  39|0x0000000082700000, 0x0000000082800000, 0x0000000082800000|100%|HC|  |TAMS 0x0000000082800000, 0x0000000082800000| Complete 
|  40|0x0000000082800000, 0x0000000082900000, 0x0000000082900000|100%|HC|  |TAMS 0x0000000082900000, 0x0000000082900000| Complete 
|  41|0x0000000082900000, 0x0000000082a00000, 0x0000000082a00000|100%| O|  |TAMS 0x0000000082a00000, 0x0000000082a00000| Untracked 
|  42|0x0000000082a00000, 0x0000000082b00000, 0x0000000082b00000|100%| O|  |TAMS 0x0000000082b00000, 0x0000000082b00000| Untracked 
|  43|0x0000000082b00000, 0x0000000082c00000, 0x0000000082c00000|100%| O|  |TAMS 0x0000000082c00000, 0x0000000082c00000| Untracked 
|  44|0x0000000082c00000, 0x0000000082c00000, 0x0000000082d00000|  0%| F|  |TAMS 0x0000000082c00000, 0x0000000082c00000| Untracked 
|  45|0x0000000082d00000, 0x0000000082e00000, 0x0000000082e00000|100%| O|  |TAMS 0x0000000082e00000, 0x0000000082e00000| Untracked 
|  46|0x0000000082e00000, 0x0000000082f00000, 0x0000000082f00000|100%| O|  |TAMS 0x0000000082f00000, 0x0000000082f00000| Untracked 
|  47|0x0000000082f00000, 0x0000000083000000, 0x0000000083000000|100%| O|  |TAMS 0x0000000083000000, 0x0000000083000000| Untracked 
|  48|0x0000000083000000, 0x0000000083100000, 0x0000000083100000|100%| O|  |TAMS 0x0000000083100000, 0x0000000083100000| Untracked 
|  49|0x0000000083100000, 0x0000000083200000, 0x0000000083200000|100%| O|  |TAMS 0x00000000831f2800, 0x0000000083200000| Untracked 
|  50|0x0000000083200000, 0x0000000083300000, 0x0000000083300000|100%| O|  |TAMS 0x0000000083300000, 0x0000000083300000| Untracked 
|  51|0x0000000083300000, 0x0000000083400000, 0x0000000083400000|100%| O|  |TAMS 0x0000000083300000, 0x0000000083400000| Untracked 
|  52|0x0000000083400000, 0x0000000083500000, 0x0000000083500000|100%| O|  |TAMS 0x0000000083400000, 0x0000000083500000| Untracked 
|  53|0x0000000083500000, 0x0000000083520800, 0x0000000083600000| 12%| O|  |TAMS 0x0000000083500000, 0x0000000083520800| Untracked 
|  54|0x0000000083600000, 0x0000000083600000, 0x0000000083700000|  0%| F|  |TAMS 0x0000000083600000, 0x0000000083600000| Untracked 
|  55|0x0000000083700000, 0x0000000083700000, 0x0000000083800000|  0%| F|  |TAMS 0x0000000083700000, 0x0000000083700000| Untracked 
|  56|0x0000000083800000, 0x0000000083800000, 0x0000000083900000|  0%| F|  |TAMS 0x0000000083800000, 0x0000000083800000| Untracked 
|  57|0x0000000083900000, 0x0000000083900000, 0x0000000083a00000|  0%| F|  |TAMS 0x0000000083900000, 0x0000000083900000| Untracked 
|  58|0x0000000083a00000, 0x0000000083a00000, 0x0000000083b00000|  0%| F|  |TAMS 0x0000000083a00000, 0x0000000083a00000| Untracked 
|  59|0x0000000083b00000, 0x0000000083b00000, 0x0000000083c00000|  0%| F|  |TAMS 0x0000000083b00000, 0x0000000083b00000| Untracked 
|  60|0x0000000083c00000, 0x0000000083c00000, 0x0000000083d00000|  0%| F|  |TAMS 0x0000000083c00000, 0x0000000083c00000| Untracked 
|  61|0x0000000083d00000, 0x0000000083d00000, 0x0000000083e00000|  0%| F|  |TAMS 0x0000000083d00000, 0x0000000083d00000| Untracked 
|  62|0x0000000083e00000, 0x0000000083e00000, 0x0000000083f00000|  0%| F|  |TAMS 0x0000000083e00000, 0x0000000083e00000| Untracked 
|  63|0x0000000083f00000, 0x0000000083f00000, 0x0000000084000000|  0%| F|  |TAMS 0x0000000083f00000, 0x0000000083f00000| Untracked 
|  64|0x0000000084000000, 0x0000000084000000, 0x0000000084100000|  0%| F|  |TAMS 0x0000000084000000, 0x0000000084000000| Untracked 
|  65|0x0000000084100000, 0x0000000084100000, 0x0000000084200000|  0%| F|  |TAMS 0x0000000084100000, 0x0000000084100000| Untracked 
|  66|0x0000000084200000, 0x0000000084200000, 0x0000000084300000|  0%| F|  |TAMS 0x0000000084200000, 0x0000000084200000| Untracked 
|  67|0x0000000084300000, 0x0000000084300000, 0x0000000084400000|  0%| F|  |TAMS 0x0000000084300000, 0x0000000084300000| Untracked 
|  68|0x0000000084400000, 0x0000000084400000, 0x0000000084500000|  0%| F|  |TAMS 0x0000000084400000, 0x0000000084400000| Untracked 
|  69|0x0000000084500000, 0x0000000084500000, 0x0000000084600000|  0%| F|  |TAMS 0x0000000084500000, 0x0000000084500000| Untracked 
|  70|0x0000000084600000, 0x0000000084600000, 0x0000000084700000|  0%| F|  |TAMS 0x0000000084600000, 0x0000000084600000| Untracked 
|  71|0x0000000084700000, 0x0000000084700000, 0x0000000084800000|  0%| F|  |TAMS 0x0000000084700000, 0x0000000084700000| Untracked 
|  72|0x0000000084800000, 0x0000000084800000, 0x0000000084900000|  0%| F|  |TAMS 0x0000000084800000, 0x0000000084800000| Untracked 
|  73|0x0000000084900000, 0x0000000084900000, 0x0000000084a00000|  0%| F|  |TAMS 0x0000000084900000, 0x0000000084900000| Untracked 
|  74|0x0000000084a00000, 0x0000000084a00000, 0x0000000084b00000|  0%| F|  |TAMS 0x0000000084a00000, 0x0000000084a00000| Untracked 
|  75|0x0000000084b00000, 0x0000000084b00000, 0x0000000084c00000|  0%| F|  |TAMS 0x0000000084b00000, 0x0000000084b00000| Untracked 
|  76|0x0000000084c00000, 0x0000000084c00000, 0x0000000084d00000|  0%| F|  |TAMS 0x0000000084c00000, 0x0000000084c00000| Untracked 
|  77|0x0000000084d00000, 0x0000000084d00000, 0x0000000084e00000|  0%| F|  |TAMS 0x0000000084d00000, 0x0000000084d00000| Untracked 
|  78|0x0000000084e00000, 0x0000000084e00000, 0x0000000084f00000|  0%| F|  |TAMS 0x0000000084e00000, 0x0000000084e00000| Untracked 
|  79|0x0000000084f00000, 0x0000000084f00000, 0x0000000085000000|  0%| F|  |TAMS 0x0000000084f00000, 0x0000000084f00000| Untracked 
|  80|0x0000000085000000, 0x0000000085000000, 0x0000000085100000|  0%| F|  |TAMS 0x0000000085000000, 0x0000000085000000| Untracked 
|  81|0x0000000085100000, 0x0000000085100000, 0x0000000085200000|  0%| F|  |TAMS 0x0000000085100000, 0x0000000085100000| Untracked 
|  82|0x0000000085200000, 0x0000000085200000, 0x0000000085300000|  0%| F|  |TAMS 0x0000000085200000, 0x0000000085200000| Untracked 
|  83|0x0000000085300000, 0x0000000085300000, 0x0000000085400000|  0%| F|  |TAMS 0x0000000085300000, 0x0000000085300000| Untracked 
|  84|0x0000000085400000, 0x0000000085400000, 0x0000000085500000|  0%| F|  |TAMS 0x0000000085400000, 0x0000000085400000| Untracked 
|  85|0x0000000085500000, 0x0000000085500000, 0x0000000085600000|  0%| F|  |TAMS 0x0000000085500000, 0x0000000085500000| Untracked 
|  86|0x0000000085600000, 0x0000000085600000, 0x0000000085700000|  0%| F|  |TAMS 0x0000000085600000, 0x0000000085600000| Untracked 
|  87|0x0000000085700000, 0x0000000085700000, 0x0000000085800000|  0%| F|  |TAMS 0x0000000085700000, 0x0000000085700000| Untracked 
|  88|0x0000000085800000, 0x0000000085800000, 0x0000000085900000|  0%| F|  |TAMS 0x0000000085800000, 0x0000000085800000| Untracked 
|  89|0x0000000085900000, 0x0000000085900000, 0x0000000085a00000|  0%| F|  |TAMS 0x0000000085900000, 0x0000000085900000| Untracked 
|  90|0x0000000085a00000, 0x0000000085a00000, 0x0000000085b00000|  0%| F|  |TAMS 0x0000000085a00000, 0x0000000085a00000| Untracked 
|  91|0x0000000085b00000, 0x0000000085b00000, 0x0000000085c00000|  0%| F|  |TAMS 0x0000000085b00000, 0x0000000085b00000| Untracked 
|  92|0x0000000085c00000, 0x0000000085c00000, 0x0000000085d00000|  0%| F|  |TAMS 0x0000000085c00000, 0x0000000085c00000| Untracked 
|  93|0x0000000085d00000, 0x0000000085d00000, 0x0000000085e00000|  0%| F|  |TAMS 0x0000000085d00000, 0x0000000085d00000| Untracked 
|  94|0x0000000085e00000, 0x0000000085e00000, 0x0000000085f00000|  0%| F|  |TAMS 0x0000000085e00000, 0x0000000085e00000| Untracked 
|  95|0x0000000085f00000, 0x0000000085f00000, 0x0000000086000000|  0%| F|  |TAMS 0x0000000085f00000, 0x0000000085f00000| Untracked 
|  96|0x0000000086000000, 0x0000000086000000, 0x0000000086100000|  0%| F|  |TAMS 0x0000000086000000, 0x0000000086000000| Untracked 
|  97|0x0000000086100000, 0x0000000086100000, 0x0000000086200000|  0%| F|  |TAMS 0x0000000086100000, 0x0000000086100000| Untracked 
|  98|0x0000000086200000, 0x0000000086200000, 0x0000000086300000|  0%| F|  |TAMS 0x0000000086200000, 0x0000000086200000| Untracked 
|  99|0x0000000086300000, 0x0000000086300000, 0x0000000086400000|  0%| F|  |TAMS 0x0000000086300000, 0x0000000086300000| Untracked 
| 100|0x0000000086400000, 0x0000000086400000, 0x0000000086500000|  0%| F|  |TAMS 0x0000000086400000, 0x0000000086400000| Untracked 
| 228|0x000000008e400000, 0x000000008e400000, 0x000000008e500000|  0%| F|  |TAMS 0x000000008e400000, 0x000000008e400000| Untracked 
| 229|0x000000008e500000, 0x000000008e500000, 0x000000008e600000|  0%| F|  |TAMS 0x000000008e500000, 0x000000008e500000| Untracked 
| 230|0x000000008e600000, 0x000000008e662610, 0x000000008e700000| 38%| S|CS|TAMS 0x000000008e600000, 0x000000008e600000| Complete 
| 231|0x000000008e700000, 0x000000008e700000, 0x000000008e800000|  0%| F|  |TAMS 0x000000008e700000, 0x000000008e700000| Untracked 
| 249|0x000000008f900000, 0x000000008f900000, 0x000000008fa00000|  0%| F|  |TAMS 0x000000008f900000, 0x000000008f900000| Untracked 
| 250|0x000000008fa00000, 0x000000008fa00000, 0x000000008fb00000|  0%| F|  |TAMS 0x000000008fa00000, 0x000000008fa00000| Untracked 
| 251|0x000000008fb00000, 0x000000008fb00000, 0x000000008fc00000|  0%| F|  |TAMS 0x000000008fb00000, 0x000000008fb00000| Untracked 

Card table byte_map: [0x000002263afc0000,0x000002263b3c0000] _byte_map_base: 0x000002263abc0000

Marking Bits (Prev, Next): (CMBitMap*) 0x000002262311bd70, (CMBitMap*) 0x000002262311bdb0
 Prev Bits: [0x000002263b7c0000, 0x000002263d7c0000)
 Next Bits: [0x000002263d7c0000, 0x000002263f7c0000)

Polling page: 0x0000022621800000

Metaspace:

Usage:
  Non-class:     49.30 MB used.
      Class:      7.91 MB used.
       Both:     57.21 MB used.

Virtual space:
  Non-class space:       64.00 MB reserved,      49.62 MB ( 78%) committed,  1 nodes.
      Class space:      416.00 MB reserved,       8.19 MB (  2%) committed,  1 nodes.
             Both:      480.00 MB reserved,      57.81 MB ( 12%) committed. 

Chunk freelists:
   Non-Class:  13.57 MB
       Class:  7.78 MB
        Both:  21.35 MB

MaxMetaspaceSize: 512.00 MB
CompressedClassSpaceSize: 416.00 MB
Initial GC threshold: 21.00 MB
Current GC threshold: 96.19 MB
CDS: on
MetaspaceReclaimPolicy: balanced
 - commit_granule_bytes: 65536.
 - commit_granule_words: 8192.
 - virtual_space_node_default_size: 8388608.
 - enlarge_chunks_in_place: 1.
 - new_chunks_are_fully_committed: 0.
 - uncommit_free_chunks: 1.
 - use_allocation_guard: 0.
 - handle_deallocations: 1.


Internal statistics:

num_allocs_failed_limit: 6.
num_arena_births: 712.
num_arena_deaths: 0.
num_vsnodes_births: 2.
num_vsnodes_deaths: 0.
num_space_committed: 925.
num_space_uncommitted: 0.
num_chunks_returned_to_freelist: 6.
num_chunks_taken_from_freelist: 3031.
num_chunk_merges: 6.
num_chunk_splits: 2043.
num_chunks_enlarged: 1369.
num_inconsistent_stats: 0.

CodeHeap 'non-profiled nmethods': size=119168Kb used=4938Kb max_used=4938Kb free=114229Kb
 bounds [0x00000226328a0000, 0x0000022632d80000, 0x0000022639d00000]
CodeHeap 'profiled nmethods': size=119104Kb used=14821Kb max_used=14821Kb free=104282Kb
 bounds [0x000002262ad00000, 0x000002262bb80000, 0x0000022632150000]
CodeHeap 'non-nmethods': size=7488Kb used=2357Kb max_used=4088Kb free=5130Kb
 bounds [0x0000022632150000, 0x00000226325d0000, 0x00000226328a0000]
 total_blobs=8393 nmethods=7510 adapters=793
 compilation: enabled
              stopped_count=0, restarted_count=0
 full_count=0

Compilation events (20 events):
Event: 8207.340 Thread 0x0000022642949180 8310       3       org.gradle.util.internal.DefaultGradleVersion::current (4 bytes)
Event: 8207.342 Thread 0x0000022642949180 nmethod 8310 0x000002262bb74e90 code [0x000002262bb75020, 0x000002262bb75118]
Event: 8207.348 Thread 0x0000022642536710 nmethod 8307 0x0000022632d6f790 code [0x0000022632d6f920, 0x0000022632d6faf8]
Event: 8207.365 Thread 0x0000022642536710 8311       4       java.util.stream.FindOps$FindSink::accept (18 bytes)
Event: 8207.408 Thread 0x0000022642536710 nmethod 8311 0x0000022632d6fc10 code [0x0000022632d6fd80, 0x0000022632d6fed8]
Event: 8208.029 Thread 0x0000022642536710 8312       4       jdk.management.jfr.internal.FlightRecorderMXBeanProvider$SingleMBeanComponent::mbeanInterfaceNames (11 bytes)
Event: 8208.521 Thread 0x0000022642536710 nmethod 8312 0x0000022632d6ff90 code [0x0000022632d70120, 0x0000022632d70228]
Event: 8208.546 Thread 0x0000022642536710 8317   !   4       java.util.concurrent.ScheduledThreadPoolExecutor$DelayedWorkQueue::take (203 bytes)
Event: 8209.132 Thread 0x0000022642949180 8324       1       org.gradle.launcher.daemon.registry.DaemonInfo::getContext (5 bytes)
Event: 8209.159 Thread 0x0000022642949180 nmethod 8324 0x0000022632d70390 code [0x0000022632d70520, 0x0000022632d705f8]
Event: 8209.160 Thread 0x0000022642949180 8327       3       java.util.regex.Pattern::matches (16 bytes)
Event: 8210.056 Thread 0x0000022642949180 nmethod 8327 0x000002262bb75190 code [0x000002262bb75360, 0x000002262bb75648]
Event: 8210.057 Thread 0x0000022642949180 8325       3       org.gradle.internal.jvm.Jvm::findToolsJar (166 bytes)
Event: 8227.347 Thread 0x0000022642536710 nmethod 8317 0x0000022632d70690 code [0x0000022632d708a0, 0x0000022632d715e0]
Event: 8227.591 Thread 0x0000022642949180 nmethod 8325 0x000002262bb75790 code [0x000002262bb75c80, 0x000002262bb77df8]
Event: 8227.620 Thread 0x0000022642536710 8314   !   4       java.util.concurrent.ThreadPoolExecutor::getTask (177 bytes)
Event: 8227.635 Thread 0x0000022642949180 8335       3       org.gradle.launcher.daemon.registry.DaemonRegistryContent$Serializer::readStopEvents (52 bytes)
Event: 8228.273 Thread 0x0000022642949180 nmethod 8335 0x000002262bb78910 code [0x000002262bb78b20, 0x000002262bb79338]
Event: 8228.305 Thread 0x0000022642536710 nmethod 8314 0x0000022632d71f90 code [0x0000022632d72160, 0x0000022632d724e8]
Event: 8228.461 Thread 0x0000022642536710 8313   !   4       org.gradle.internal.concurrent.ManagedExecutorImpl$1::run (57 bytes)

GC Heap History (20 events):
Event: 953.585 GC heap after
{Heap after GC invocations=21 (full 0):
 garbage-first heap   total 87040K, used 48498K [0x0000000080000000, 0x0000000100000000)
  region size 1024K, 3 young (3072K), 3 survivors (3072K)
 Metaspace       used 52598K, committed 53248K, reserved 491520K
  class space    used 7287K, committed 7552K, reserved 425984K
}
Event: 954.408 GC heap before
{Heap before GC invocations=21 (full 0):
 garbage-first heap   total 87040K, used 72050K [0x0000000080000000, 0x0000000100000000)
  region size 1024K, 26 young (26624K), 3 survivors (3072K)
 Metaspace       used 54763K, committed 55360K, reserved 491520K
  class space    used 7536K, committed 7808K, reserved 425984K
}
Event: 954.415 GC heap after
{Heap after GC invocations=22 (full 0):
 garbage-first heap   total 87040K, used 51106K [0x0000000080000000, 0x0000000100000000)
  region size 1024K, 4 young (4096K), 4 survivors (4096K)
 Metaspace       used 54763K, committed 55360K, reserved 491520K
  class space    used 7536K, committed 7808K, reserved 425984K
}
Event: 955.292 GC heap before
{Heap before GC invocations=23 (full 0):
 garbage-first heap   total 89088K, used 71586K [0x0000000080000000, 0x0000000100000000)
  region size 1024K, 24 young (24576K), 4 survivors (4096K)
 Metaspace       used 56860K, committed 57472K, reserved 491520K
  class space    used 7834K, committed 8128K, reserved 425984K
}
Event: 955.298 GC heap after
{Heap after GC invocations=24 (full 0):
 garbage-first heap   total 89088K, used 52423K [0x0000000080000000, 0x0000000100000000)
  region size 1024K, 2 young (2048K), 2 survivors (2048K)
 Metaspace       used 56860K, committed 57472K, reserved 491520K
  class space    used 7834K, committed 8128K, reserved 425984K
}
Event: 955.764 GC heap before
{Heap before GC invocations=24 (full 0):
 garbage-first heap   total 89088K, used 73927K [0x0000000080000000, 0x0000000100000000)
  region size 1024K, 23 young (23552K), 2 survivors (2048K)
 Metaspace       used 57984K, committed 58624K, reserved 491520K
  class space    used 8030K, committed 8320K, reserved 425984K
}
Event: 955.768 GC heap after
{Heap after GC invocations=25 (full 0):
 garbage-first heap   total 89088K, used 53719K [0x0000000080000000, 0x0000000100000000)
  region size 1024K, 3 young (3072K), 3 survivors (3072K)
 Metaspace       used 57984K, committed 58624K, reserved 491520K
  class space    used 8030K, committed 8320K, reserved 425984K
}
Event: 994.816 GC heap before
{Heap before GC invocations=26 (full 0):
 garbage-first heap   total 92160K, used 74199K [0x0000000080000000, 0x0000000100000000)
  region size 1024K, 23 young (23552K), 3 survivors (3072K)
 Metaspace       used 58396K, committed 59008K, reserved 491520K
  class space    used 8088K, committed 8384K, reserved 425984K
}
Event: 994.823 GC heap after
{Heap after GC invocations=27 (full 0):
 garbage-first heap   total 110592K, used 54216K [0x0000000080000000, 0x0000000100000000)
  region size 1024K, 3 young (3072K), 3 survivors (3072K)
 Metaspace       used 58396K, committed 59008K, reserved 491520K
  class space    used 8088K, committed 8384K, reserved 425984K
}
Event: 1098.618 GC heap before
{Heap before GC invocations=27 (full 0):
 garbage-first heap   total 110592K, used 90056K [0x0000000080000000, 0x0000000100000000)
  region size 1024K, 38 young (38912K), 3 survivors (3072K)
 Metaspace       used 58413K, committed 59072K, reserved 491520K
  class space    used 8089K, committed 8384K, reserved 425984K
}
Event: 1098.724 GC heap after
{Heap after GC invocations=28 (full 0):
 garbage-first heap   total 110592K, used 54350K [0x0000000080000000, 0x0000000100000000)
  region size 1024K, 3 young (3072K), 3 survivors (3072K)
 Metaspace       used 58413K, committed 59072K, reserved 491520K
  class space    used 8089K, committed 8384K, reserved 425984K
}
Event: 8186.945 GC heap before
{Heap before GC invocations=29 (full 0):
 garbage-first heap   total 110592K, used 91214K [0x0000000080000000, 0x0000000100000000)
  region size 1024K, 39 young (39936K), 3 survivors (3072K)
 Metaspace       used 58508K, committed 59200K, reserved 491520K
  class space    used 8095K, committed 8384K, reserved 425984K
}
Event: 8187.010 GC heap after
{Heap after GC invocations=30 (full 0):
 garbage-first heap   total 110592K, used 54352K [0x0000000080000000, 0x0000000100000000)
  region size 1024K, 3 young (3072K), 3 survivors (3072K)
 Metaspace       used 58508K, committed 59200K, reserved 491520K
  class space    used 8095K, committed 8384K, reserved 425984K
}
Event: 8190.123 GC heap before
{Heap before GC invocations=30 (full 0):
 garbage-first heap   total 110592K, used 55376K [0x0000000080000000, 0x0000000100000000)
  region size 1024K, 5 young (5120K), 3 survivors (3072K)
 Metaspace       used 58530K, committed 59200K, reserved 491520K
  class space    used 8097K, committed 8384K, reserved 425984K
}
Event: 8190.384 GC heap after
{Heap after GC invocations=31 (full 0):
 garbage-first heap   total 110592K, used 53932K [0x0000000080000000, 0x0000000100000000)
  region size 1024K, 1 young (1024K), 1 survivors (1024K)
 Metaspace       used 58530K, committed 59200K, reserved 491520K
  class space    used 8097K, committed 8384K, reserved 425984K
}
Event: 8200.267 GC heap before
{Heap before GC invocations=31 (full 0):
 garbage-first heap   total 110592K, used 91820K [0x0000000080000000, 0x0000000100000000)
  region size 1024K, 38 young (38912K), 1 survivors (1024K)
 Metaspace       used 58578K, committed 59200K, reserved 491520K
  class space    used 8100K, committed 8384K, reserved 425984K
}
Event: 8205.076 GC heap after
{Heap after GC invocations=32 (full 0):
 garbage-first heap   total 110592K, used 53688K [0x0000000080000000, 0x0000000100000000)
  region size 1024K, 1 young (1024K), 1 survivors (1024K)
 Metaspace       used 58578K, committed 59200K, reserved 491520K
  class space    used 8100K, committed 8384K, reserved 425984K
}
Event: 8225.401 GC heap before
{Heap before GC invocations=32 (full 0):
 garbage-first heap   total 110592K, used 92600K [0x0000000080000000, 0x0000000100000000)
  region size 1024K, 39 young (39936K), 1 survivors (1024K)
 Metaspace       used 58582K, committed 59200K, reserved 491520K
  class space    used 8100K, committed 8384K, reserved 425984K
}
Event: 8227.017 GC heap after
{Heap after GC invocations=33 (full 0):
 garbage-first heap   total 110592K, used 53737K [0x0000000080000000, 0x0000000100000000)
  region size 1024K, 1 young (1024K), 1 survivors (1024K)
 Metaspace       used 58582K, committed 59200K, reserved 491520K
  class space    used 8100K, committed 8384K, reserved 425984K
}
Event: 8228.658 GC heap before
{Heap before GC invocations=33 (full 0):
 garbage-first heap   total 110592K, used 57833K [0x0000000080000000, 0x0000000100000000)
  region size 1024K, 5 young (5120K), 1 survivors (1024K)
 Metaspace       used 58583K, committed 59200K, reserved 491520K
  class space    used 8100K, committed 8384K, reserved 425984K
}

Dll operation events (13 events):
Event: 0.307 Loaded shared library C:\Program Files\Eclipse Adoptium\jdk-17.0.15.6-hotspot\bin\java.dll
Event: 1.913 Loaded shared library C:\Program Files\Eclipse Adoptium\jdk-17.0.15.6-hotspot\bin\jsvml.dll
Event: 3.282 Loaded shared library C:\Program Files\Eclipse Adoptium\jdk-17.0.15.6-hotspot\bin\net.dll
Event: 3.441 Loaded shared library C:\Program Files\Eclipse Adoptium\jdk-17.0.15.6-hotspot\bin\nio.dll
Event: 3.478 Loaded shared library C:\Program Files\Eclipse Adoptium\jdk-17.0.15.6-hotspot\bin\zip.dll
Event: 6.128 Loaded shared library C:\Program Files\Eclipse Adoptium\jdk-17.0.15.6-hotspot\bin\jimage.dll
Event: 6.367 Loaded shared library C:\Program Files\Eclipse Adoptium\jdk-17.0.15.6-hotspot\bin\verify.dll
Event: 7.739 Loaded shared library C:\Users\karth\.gradle\native\68d5fa5c4cc2d200863cafc0d521ce42e7d3e7ee720ec0a83991735586a16f82\windows-amd64\native-platform.dll
Event: 7.863 Loaded shared library C:\Users\karth\.gradle\native\e376f236ea51e6404a007f0833ffe2c6e607c4080706a723a18a27aeea778392\windows-amd64\native-platform-file-events.dll
Event: 19.695 Loaded shared library C:\Program Files\Eclipse Adoptium\jdk-17.0.15.6-hotspot\bin\management.dll
Event: 19.742 Loaded shared library C:\Program Files\Eclipse Adoptium\jdk-17.0.15.6-hotspot\bin\management_ext.dll
Event: 21.768 Loaded shared library C:\Program Files\Eclipse Adoptium\jdk-17.0.15.6-hotspot\bin\extnet.dll
Event: 237.154 Loaded shared library C:\Program Files\Eclipse Adoptium\jdk-17.0.15.6-hotspot\bin\sunmscapi.dll

Deoptimization events (20 events):
Event: 967.079 Thread 0x0000022662d21ff0 DEOPT PACKING pc=0x0000022632c98674 sp=0x000000c7f12f7fa0
Event: 967.079 Thread 0x0000022662d21ff0 DEOPT UNPACKING pc=0x00000226321a69a3 sp=0x000000c7f12f7f20 mode 2
Event: 1024.005 Thread 0x0000022662d210c0 Uncommon trap: trap_request=0xffffff45 fr.pc=0x000002263294b640 relative=0x00000000000008a0
Event: 1024.005 Thread 0x0000022662d210c0 Uncommon trap: reason=unstable_if action=reinterpret pc=0x000002263294b640 method=sun.nio.ch.NativeSocketAddress.mismatch(Lsun/nio/ch/NativeSocketAddress;)I @ 21 c2
Event: 1024.006 Thread 0x0000022662d210c0 DEOPT PACKING pc=0x000002263294b640 sp=0x000000c7f1efebe0
Event: 1024.006 Thread 0x0000022662d210c0 DEOPT UNPACKING pc=0x00000226321a69a3 sp=0x000000c7f1efe8e8 mode 2
Event: 1041.716 Thread 0x0000022662d21ff0 DEOPT PACKING pc=0x000002262b53dcb0 sp=0x000000c7f12f79d0
Event: 1041.716 Thread 0x0000022662d21ff0 DEOPT UNPACKING pc=0x00000226321a7143 sp=0x000000c7f12f6e90 mode 0
Event: 1113.703 Thread 0x0000022662d210c0 Uncommon trap: trap_request=0xffffff45 fr.pc=0x00000226329255f8 relative=0x0000000000000858
Event: 1113.704 Thread 0x0000022662d210c0 Uncommon trap: reason=unstable_if action=reinterpret pc=0x00000226329255f8 method=sun.nio.ch.NativeSocketAddress.mismatch(Lsun/nio/ch/NativeSocketAddress;)I @ 21 c2
Event: 1113.704 Thread 0x0000022662d210c0 DEOPT PACKING pc=0x00000226329255f8 sp=0x000000c7f1efec40
Event: 1113.705 Thread 0x0000022662d210c0 DEOPT UNPACKING pc=0x00000226321a69a3 sp=0x000000c7f1efe9b0 mode 2
Event: 1573.178 Thread 0x0000022662d21ff0 Uncommon trap: trap_request=0xffffff45 fr.pc=0x00000226328e664c relative=0x000000000000012c
Event: 1573.178 Thread 0x0000022662d21ff0 Uncommon trap: reason=unstable_if action=reinterpret pc=0x00000226328e664c method=org.gradle.internal.time.DefaultCountdownTimer.hasExpired()Z @ 6 c2
Event: 1573.178 Thread 0x0000022662d21ff0 DEOPT PACKING pc=0x00000226328e664c sp=0x000000c7f12f7f30
Event: 1573.180 Thread 0x0000022662d21ff0 DEOPT UNPACKING pc=0x00000226321a69a3 sp=0x000000c7f12f7ef8 mode 2
Event: 1573.180 Thread 0x0000022662d21ff0 Uncommon trap: trap_request=0xffffff45 fr.pc=0x00000226329f565c relative=0x000000000000617c
Event: 1573.181 Thread 0x0000022662d21ff0 Uncommon trap: reason=unstable_if action=reinterpret pc=0x00000226329f565c method=org.gradle.internal.io.ExponentialBackoff.retryUntil(Lorg/gradle/internal/io/IOQuery;)Ljava/lang/Object; @ 25 c2
Event: 1573.181 Thread 0x0000022662d21ff0 DEOPT PACKING pc=0x00000226329f565c sp=0x000000c7f12f7f90
Event: 1573.181 Thread 0x0000022662d21ff0 DEOPT UNPACKING pc=0x00000226321a69a3 sp=0x000000c7f12f8028 mode 2

Classes loaded (20 events):
Event: 954.500 Loading class jdk/internal/loader/URLClassPath$FileLoader
Event: 954.500 Loading class jdk/internal/loader/URLClassPath$FileLoader done
Event: 954.510 Loading class jdk/internal/loader/URLClassPath$FileLoader$1
Event: 954.511 Loading class jdk/internal/loader/URLClassPath$FileLoader$1 done
Event: 955.017 Loading class java/lang/AbstractMethodError
Event: 955.017 Loading class java/lang/AbstractMethodError done
Event: 955.100 Loading class java/time/temporal/WeekFields
Event: 955.101 Loading class java/time/temporal/WeekFields done
Event: 955.101 Loading class java/time/temporal/WeekFields$ComputedDayOfField
Event: 955.101 Loading class java/time/temporal/WeekFields$ComputedDayOfField done
Event: 955.105 Loading class java/time/Month$1
Event: 955.105 Loading class java/time/Month$1 done
Event: 955.110 Loading class java/nio/channels/Channels
Event: 955.110 Loading class java/nio/channels/Channels done
Event: 955.111 Loading class java/nio/channels/Channels$1
Event: 955.111 Loading class java/nio/channels/Channels$1 done
Event: 955.722 Loading class jdk/internal/access/foreign/MemorySegmentProxy
Event: 955.722 Loading class jdk/internal/access/foreign/MemorySegmentProxy done
Event: 8187.030 Loading class java/util/regex/Pattern$Pos
Event: 8187.049 Loading class java/util/regex/Pattern$Pos done

Classes unloaded (0 events):
No events

Classes redefined (0 events):
No events

Internal exceptions (20 events):
Event: 955.272 Thread 0x0000022662d21ff0 Exception <a 'java/lang/ClassNotFoundException'{0x000000008433a830}: org/gradle/internal/metaobject/ConfigureDelegateBeanInfo> (0x000000008433a830) 
thrown [s\src\hotspot\share\classfile\systemDictionary.cpp, line 256]
Event: 955.273 Thread 0x0000022662d21ff0 Exception <a 'java/lang/ClassNotFoundException'{0x000000008434bd98}: org/gradle/internal/metaobject/ConfigureDelegateCustomizer> (0x000000008434bd98) 
thrown [s\src\hotspot\share\classfile\systemDictionary.cpp, line 256]
Event: 955.281 Thread 0x0000022662d21ff0 Exception <a 'java/lang/ClassNotFoundException'{0x000000008438e7f8}: org/gradle/api/internal/initialization/DefaultScriptHandlerBeanInfo> (0x000000008438e7f8) 
thrown [s\src\hotspot\share\classfile\systemDictionary.cpp, line 256]
Event: 955.282 Thread 0x0000022662d21ff0 Exception <a 'java/lang/ClassNotFoundException'{0x00000000843a0158}: org/gradle/api/internal/initialization/DefaultScriptHandlerCustomizer> (0x00000000843a0158) 
thrown [s\src\hotspot\share\classfile\systemDictionary.cpp, line 256]
Event: 955.317 Thread 0x0000022662d21ff0 Exception <a 'java/lang/ClassNotFoundException'{0x000000008e7b0c20}: org/gradle/api/internal/artifacts/dsl/DefaultRepositoryHandler_DecoratedBeanInfo> (0x000000008e7b0c20) 
thrown [s\src\hotspot\share\classfile\systemDictionary.cpp, line 256]
Event: 955.318 Thread 0x0000022662d21ff0 Exception <a 'java/lang/ClassNotFoundException'{0x000000008e7c9048}: org/gradle/api/internal/artifacts/dsl/DefaultRepositoryHandlerBeanInfo> (0x000000008e7c9048) 
thrown [s\src\hotspot\share\classfile\systemDictionary.cpp, line 256]
Event: 955.319 Thread 0x0000022662d21ff0 Exception <a 'java/lang/ClassNotFoundException'{0x000000008e7e1a18}: org/gradle/api/internal/artifacts/DefaultArtifactRepositoryContainerBeanInfo> (0x000000008e7e1a18) 
thrown [s\src\hotspot\share\classfile\systemDictionary.cpp, line 256]
Event: 955.320 Thread 0x0000022662d21ff0 Exception <a 'java/lang/ClassNotFoundException'{0x000000008e7f65d0}: org/gradle/api/internal/DefaultNamedDomainObjectListBeanInfo> (0x000000008e7f65d0) 
thrown [s\src\hotspot\share\classfile\systemDictionary.cpp, line 256]
Event: 955.321 Thread 0x0000022662d21ff0 Exception <a 'java/lang/ClassNotFoundException'{0x000000008e60b920}: org/gradle/api/internal/DefaultNamedDomainObjectCollectionBeanInfo> (0x000000008e60b920) 
thrown [s\src\hotspot\share\classfile\systemDictionary.cpp, line 256]
Event: 955.325 Thread 0x0000022662d21ff0 Exception <a 'java/lang/ClassNotFoundException'{0x000000008e620780}: org/gradle/api/internal/DefaultDomainObjectCollectionBeanInfo> (0x000000008e620780) 
thrown [s\src\hotspot\share\classfile\systemDictionary.cpp, line 256]
Event: 955.326 Thread 0x0000022662d21ff0 Exception <a 'java/lang/ClassNotFoundException'{0x000000008e635718}: org/gradle/api/internal/DefaultDomainObjectCollectionCustomizer> (0x000000008e635718) 
thrown [s\src\hotspot\share\classfile\systemDictionary.cpp, line 256]
Event: 955.330 Thread 0x0000022662d21ff0 Exception <a 'java/lang/ClassNotFoundException'{0x000000008e672be8}: org/gradle/api/internal/DefaultNamedDomainObjectCollectionCustomizer> (0x000000008e672be8) 
thrown [s\src\hotspot\share\classfile\systemDictionary.cpp, line 256]
Event: 955.334 Thread 0x0000022662d21ff0 Exception <a 'java/lang/ClassNotFoundException'{0x000000008e6ba6a8}: org/gradle/api/internal/DefaultNamedDomainObjectListCustomizer> (0x000000008e6ba6a8) 
thrown [s\src\hotspot\share\classfile\systemDictionary.cpp, line 256]
Event: 955.337 Thread 0x0000022662d21ff0 Exception <a 'java/lang/ClassNotFoundException'{0x000000008e6fef68}: org/gradle/api/internal/artifacts/DefaultArtifactRepositoryContainerCustomizer> (0x000000008e6fef68) 
thrown [s\src\hotspot\share\classfile\systemDictionary.cpp, line 256]
Event: 955.343 Thread 0x0000022662d21ff0 Exception <a 'java/lang/ClassNotFoundException'{0x000000008e53f898}: org/gradle/api/internal/artifacts/dsl/DefaultRepositoryHandlerCustomizer> (0x000000008e53f898) 
thrown [s\src\hotspot\share\classfile\systemDictionary.cpp, line 256]
Event: 955.348 Thread 0x0000022662d21ff0 Exception <a 'java/lang/ClassNotFoundException'{0x000000008e58df68}: org/gradle/api/internal/artifacts/dsl/DefaultRepositoryHandler_DecoratedCustomizer> (0x000000008e58df68) 
thrown [s\src\hotspot\share\classfile\systemDictionary.cpp, line 256]
Event: 955.362 Thread 0x0000022662d21ff0 Exception <a 'java/lang/ClassNotFoundException'{0x000000008e4216f8}: org/gradle/api/internal/artifacts/dsl/dependencies/DefaultDependencyHandler_DecoratedBeanInfo> (0x000000008e4216f8) 
thrown [s\src\hotspot\share\classfile\systemDictionary.cpp, line 256]
Event: 955.362 Thread 0x0000022662d21ff0 Exception <a 'java/lang/ClassNotFoundException'{0x000000008e4395c0}: org/gradle/api/internal/artifacts/dsl/dependencies/DefaultDependencyHandlerBeanInfo> (0x000000008e4395c0) 
thrown [s\src\hotspot\share\classfile\systemDictionary.cpp, line 256]
Event: 955.363 Thread 0x0000022662d21ff0 Exception <a 'java/lang/ClassNotFoundException'{0x000000008e450ef8}: org/gradle/api/internal/artifacts/dsl/dependencies/DefaultDependencyHandlerCustomizer> (0x000000008e450ef8) 
thrown [s\src\hotspot\share\classfile\systemDictionary.cpp, line 256]
Event: 955.366 Thread 0x0000022662d21ff0 Exception <a 'java/lang/ClassNotFoundException'{0x000000008e49ae38}: org/gradle/api/internal/artifacts/dsl/dependencies/DefaultDependencyHandler_DecoratedCustomizer> (0x000000008e49ae38) 
thrown [s\src\hotspot\share\classfile\systemDictionary.cpp, line 256]

VM Operations (20 events):
Event: 8187.010 Executing VM operation: G1CollectForAllocation done
Event: 8188.019 Executing VM operation: Cleanup
Event: 8188.465 Executing VM operation: Cleanup done
Event: 8189.471 Executing VM operation: Cleanup
Event: 8189.549 Executing VM operation: Cleanup done
Event: 8189.960 Executing VM operation: G1CollectForAllocation
Event: 8190.384 Executing VM operation: G1CollectForAllocation done
Event: 8191.398 Executing VM operation: Cleanup
Event: 8192.787 Executing VM operation: Cleanup done
Event: 8194.810 Executing VM operation: Cleanup
Event: 8195.195 Executing VM operation: Cleanup done
Event: 8197.230 Executing VM operation: Cleanup
Event: 8198.390 Executing VM operation: Cleanup done
Event: 8200.069 Executing VM operation: G1CollectForAllocation
Event: 8205.099 Executing VM operation: G1CollectForAllocation done
Event: 8208.106 Executing VM operation: Cleanup
Event: 8208.312 Executing VM operation: Cleanup done
Event: 8210.764 Executing VM operation: G1CollectForAllocation
Event: 8227.017 Executing VM operation: G1CollectForAllocation done
Event: 8228.313 Executing VM operation: G1CollectForAllocation

Memory protections (0 events):
No events

Nmethod flushes (20 events):
Event: 628.338 Thread 0x00000226429a0a10 flushing  nmethod 0x000002262b541910
Event: 628.338 Thread 0x00000226429a0a10 flushing  nmethod 0x000002262b543110
Event: 628.338 Thread 0x00000226429a0a10 flushing  nmethod 0x000002262b545190
Event: 628.338 Thread 0x00000226429a0a10 flushing  nmethod 0x000002262b547d90
Event: 628.338 Thread 0x00000226429a0a10 flushing  nmethod 0x000002262b557290
Event: 628.338 Thread 0x00000226429a0a10 flushing  nmethod 0x000002262b576010
Event: 628.338 Thread 0x00000226429a0a10 flushing  nmethod 0x000002262b586410
Event: 628.338 Thread 0x00000226429a0a10 flushing  nmethod 0x000002262b587c90
Event: 628.338 Thread 0x00000226429a0a10 flushing  nmethod 0x000002262b58a110
Event: 628.338 Thread 0x00000226429a0a10 flushing  nmethod 0x000002262b598190
Event: 628.338 Thread 0x00000226429a0a10 flushing  nmethod 0x000002262b598690
Event: 628.338 Thread 0x00000226429a0a10 flushing  nmethod 0x000002262b599810
Event: 628.338 Thread 0x00000226429a0a10 flushing  nmethod 0x000002262b59f190
Event: 628.339 Thread 0x00000226429a0a10 flushing  nmethod 0x000002262b603090
Event: 628.339 Thread 0x00000226429a0a10 flushing  nmethod 0x000002262b607f90
Event: 628.339 Thread 0x00000226429a0a10 flushing  nmethod 0x000002262b635610
Event: 628.340 Thread 0x00000226429a0a10 flushing  nmethod 0x000002262b6df110
Event: 628.340 Thread 0x00000226429a0a10 flushing  nmethod 0x000002262b6df490
Event: 954.547 Thread 0x00000226429a0a10 flushing  nmethod 0x0000022632baea10
Event: 954.552 Thread 0x00000226429a0a10 flushing  nmethod 0x000002262b57b610

Events (20 events):
Event: 950.676 Thread 0x0000022642949180 Thread added: 0x0000022665430e80
Event: 950.901 Thread 0x0000022665430e80 Thread exited: 0x0000022665430e80
Event: 951.016 Thread 0x0000022642536710 Thread added: 0x0000022665430e80
Event: 951.230 Thread 0x0000022665430e80 Thread exited: 0x0000022665430e80
Event: 951.584 Thread 0x0000022642536710 Thread added: 0x00000226646aba50
Event: 951.979 Thread 0x0000022642949180 Thread added: 0x000002266624c020
Event: 951.979 Thread 0x0000022642949180 Thread added: 0x00000226627d94e0
Event: 952.101 Thread 0x0000022662d21ff0 Thread added: 0x0000022663d5ab50
Event: 952.426 Thread 0x00000226646aba50 Thread exited: 0x00000226646aba50
Event: 952.675 Thread 0x0000022642949180 Thread added: 0x00000226646aba50
Event: 952.907 Thread 0x00000226646aba50 Thread exited: 0x00000226646aba50
Event: 953.706 Thread 0x00000226627d94e0 Thread added: 0x0000022665df1840
Event: 954.313 Thread 0x0000022665df1840 Thread added: 0x0000022665d91600
Event: 955.405 Thread 0x0000022662d21ff0 Thread added: 0x0000022663d5ba80
Event: 956.357 Thread 0x0000022665d91600 Thread exited: 0x0000022665d91600
Event: 956.889 Thread 0x0000022665df1840 Thread exited: 0x0000022665df1840
Event: 957.082 Thread 0x00000226627d94e0 Thread exited: 0x00000226627d94e0
Event: 957.082 Thread 0x000002266624c020 Thread exited: 0x000002266624c020
Event: 981.012 Thread 0x0000022642949180 Thread added: 0x0000022665df1840
Event: 983.239 Thread 0x0000022665df1840 Thread exited: 0x0000022665df1840


Dynamic libraries:
0x00007ff687c40000 - 0x00007ff687c4e000 	C:\Program Files\Eclipse Adoptium\jdk-17.0.15.6-hotspot\bin\java.exe
0x00007fffc3680000 - 0x00007fffc38e6000 	C:\WINDOWS\SYSTEM32\ntdll.dll
0x00007fffc2160000 - 0x00007fffc2229000 	C:\WINDOWS\System32\KERNEL32.DLL
0x00007fffc0ae0000 - 0x00007fffc0eac000 	C:\WINDOWS\System32\KERNELBASE.dll
0x0000000070320000 - 0x00000000703bd000 	C:\ProgramData\Symantec\Symantec Endpoint Protection\14.3.9205.6000.105\Data\Sysfer\x64\sysfer.dll
0x00007fffc0810000 - 0x00007fffc095b000 	C:\WINDOWS\System32\ucrtbase.dll
0x00007fff99aa0000 - 0x00007fff99abe000 	C:\Program Files\Eclipse Adoptium\jdk-17.0.15.6-hotspot\bin\VCRUNTIME140.dll
0x00007fff9be20000 - 0x00007fff9be37000 	C:\Program Files\Eclipse Adoptium\jdk-17.0.15.6-hotspot\bin\jli.dll
0x00007fffc14c0000 - 0x00007fffc168a000 	C:\WINDOWS\System32\USER32.dll
0x00007fffa61a0000 - 0x00007fffa643a000 	C:\WINDOWS\WinSxS\amd64_microsoft.windows.common-controls_6595b64144ccf1df_6.0.26100.3912_none_3e07963ce335137e\COMCTL32.dll
0x00007fffc3590000 - 0x00007fffc3639000 	C:\WINDOWS\System32\msvcrt.dll
0x00007fffc1730000 - 0x00007fffc175b000 	C:\WINDOWS\System32\GDI32.dll
0x00007fffc1360000 - 0x00007fffc1387000 	C:\WINDOWS\System32\win32u.dll
0x00007fffc0f70000 - 0x00007fffc10a2000 	C:\WINDOWS\System32\gdi32full.dll
0x00007fffc1390000 - 0x00007fffc1433000 	C:\WINDOWS\System32\msvcp_win.dll
0x00007fffc2850000 - 0x00007fffc2880000 	C:\WINDOWS\System32\IMM32.DLL
0x00007fffa4250000 - 0x00007fffa425c000 	C:\Program Files\Eclipse Adoptium\jdk-17.0.15.6-hotspot\bin\vcruntime140_1.dll
0x00007fff7c670000 - 0x00007fff7c6fd000 	C:\Program Files\Eclipse Adoptium\jdk-17.0.15.6-hotspot\bin\msvcp140.dll
0x00007fff3e940000 - 0x00007fff3f5ab000 	C:\Program Files\Eclipse Adoptium\jdk-17.0.15.6-hotspot\bin\server\jvm.dll
0x00007fffc2e40000 - 0x00007fffc2ef2000 	C:\WINDOWS\System32\ADVAPI32.dll
0x00007fffc1760000 - 0x00007fffc1806000 	C:\WINDOWS\System32\sechost.dll
0x00007fffc2040000 - 0x00007fffc2156000 	C:\WINDOWS\System32\RPCRT4.dll
0x00007fffc3500000 - 0x00007fffc3574000 	C:\WINDOWS\System32\WS2_32.dll
0x00007fffc0680000 - 0x00007fffc06de000 	C:\WINDOWS\SYSTEM32\POWRPROF.dll
0x00007fffb52a0000 - 0x00007fffb52d6000 	C:\WINDOWS\SYSTEM32\WINMM.dll
0x00007fffa9820000 - 0x00007fffa982b000 	C:\WINDOWS\SYSTEM32\VERSION.dll
0x00007fffc0660000 - 0x00007fffc0674000 	C:\WINDOWS\SYSTEM32\UMPDC.dll
0x00007fffbf5d0000 - 0x00007fffbf5ea000 	C:\WINDOWS\SYSTEM32\kernel.appcore.dll
0x00007fffa41b0000 - 0x00007fffa41ba000 	C:\Program Files\Eclipse Adoptium\jdk-17.0.15.6-hotspot\bin\jimage.dll
0x00007fffbe100000 - 0x00007fffbe341000 	C:\WINDOWS\SYSTEM32\DBGHELP.DLL
0x00007fffc3000000 - 0x00007fffc3384000 	C:\WINDOWS\System32\combase.dll
0x00007fffc2b40000 - 0x00007fffc2c20000 	C:\WINDOWS\System32\OLEAUT32.dll
0x00007fff95100000 - 0x00007fff95139000 	C:\WINDOWS\SYSTEM32\dbgcore.DLL
0x00007fffc12c0000 - 0x00007fffc1359000 	C:\WINDOWS\System32\bcryptPrimitives.dll
0x00007fff988b0000 - 0x00007fff988d5000 	C:\Program Files\Eclipse Adoptium\jdk-17.0.15.6-hotspot\bin\java.dll
0x00007fff7c590000 - 0x00007fff7c667000 	C:\Program Files\Eclipse Adoptium\jdk-17.0.15.6-hotspot\bin\jsvml.dll
0x00007fffc1890000 - 0x00007fffc1fbd000 	C:\WINDOWS\System32\SHELL32.dll
0x00007fffc0960000 - 0x00007fffc0ad4000 	C:\WINDOWS\System32\wintypes.dll
0x00007fffbe450000 - 0x00007fffbeca6000 	C:\WINDOWS\SYSTEM32\windows.storage.dll
0x00007fffc2f00000 - 0x00007fffc2fef000 	C:\WINDOWS\System32\SHCORE.dll
0x00007fffc1820000 - 0x00007fffc1889000 	C:\WINDOWS\System32\shlwapi.dll
0x00007fffc0720000 - 0x00007fffc074f000 	C:\WINDOWS\SYSTEM32\profapi.dll
0x00007fff99a10000 - 0x00007fff99a29000 	C:\Program Files\Eclipse Adoptium\jdk-17.0.15.6-hotspot\bin\net.dll
0x00007fffaf2b0000 - 0x00007fffaf3ce000 	C:\WINDOWS\SYSTEM32\WINHTTP.dll
0x00007fffbfb40000 - 0x00007fffbfbaa000 	C:\WINDOWS\system32\mswsock.dll
0x00007fff98f80000 - 0x00007fff98f96000 	C:\Program Files\Eclipse Adoptium\jdk-17.0.15.6-hotspot\bin\nio.dll
0x00007fff98520000 - 0x00007fff98538000 	C:\Program Files\Eclipse Adoptium\jdk-17.0.15.6-hotspot\bin\zip.dll
0x00007fffa4150000 - 0x00007fffa4160000 	C:\Program Files\Eclipse Adoptium\jdk-17.0.15.6-hotspot\bin\verify.dll
0x00007fff98930000 - 0x00007fff98957000 	C:\Users\karth\.gradle\native\68d5fa5c4cc2d200863cafc0d521ce42e7d3e7ee720ec0a83991735586a16f82\windows-amd64\native-platform.dll
0x00007fff7c440000 - 0x00007fff7c584000 	C:\Users\karth\.gradle\native\e376f236ea51e6404a007f0833ffe2c6e607c4080706a723a18a27aeea778392\windows-amd64\native-platform-file-events.dll
0x00007fffa0910000 - 0x00007fffa091a000 	C:\Program Files\Eclipse Adoptium\jdk-17.0.15.6-hotspot\bin\management.dll
0x00007fffa0830000 - 0x00007fffa083b000 	C:\Program Files\Eclipse Adoptium\jdk-17.0.15.6-hotspot\bin\management_ext.dll
0x00007fffc3580000 - 0x00007fffc3588000 	C:\WINDOWS\System32\PSAPI.DLL
0x00007fffbfde0000 - 0x00007fffbfdfc000 	C:\WINDOWS\SYSTEM32\CRYPTSP.dll
0x00007fffbf530000 - 0x00007fffbf56a000 	C:\WINDOWS\system32\rsaenh.dll
0x00007fffbfbe0000 - 0x00007fffbfc0b000 	C:\WINDOWS\SYSTEM32\USERENV.dll
0x00007fffc06f0000 - 0x00007fffc0716000 	C:\WINDOWS\SYSTEM32\bcrypt.dll
0x00007fffbfe00000 - 0x00007fffbfe0c000 	C:\WINDOWS\SYSTEM32\CRYPTBASE.dll
0x00007fffbf070000 - 0x00007fffbf0a3000 	C:\WINDOWS\SYSTEM32\IPHLPAPI.DLL
0x00007fffc2740000 - 0x00007fffc274a000 	C:\WINDOWS\System32\NSI.dll
0x00007fffb72a0000 - 0x00007fffb72bf000 	C:\WINDOWS\SYSTEM32\dhcpcsvc6.DLL
0x00007fffb7030000 - 0x00007fffb7055000 	C:\WINDOWS\SYSTEM32\dhcpcsvc.DLL
0x00007fffbf140000 - 0x00007fffbf267000 	C:\WINDOWS\SYSTEM32\DNSAPI.dll
0x00007fff9c160000 - 0x00007fff9c169000 	C:\Program Files\Eclipse Adoptium\jdk-17.0.15.6-hotspot\bin\extnet.dll
0x00007fff9bf40000 - 0x00007fff9bf4e000 	C:\Program Files\Eclipse Adoptium\jdk-17.0.15.6-hotspot\bin\sunmscapi.dll
0x00007fffc10b0000 - 0x00007fffc1227000 	C:\WINDOWS\System32\CRYPT32.dll
0x00007fffbfff0000 - 0x00007fffc0020000 	C:\WINDOWS\SYSTEM32\ncrypt.dll
0x00007fffbffa0000 - 0x00007fffbffdf000 	C:\WINDOWS\SYSTEM32\NTASN1.dll
0x00007fffa3df0000 - 0x00007fffa3df8000 	C:\WINDOWS\system32\wshunix.dll

dbghelp: loaded successfully - version: 4.0.5 - missing functions: none
symbol engine: initialized successfully - sym options: 0x614 - pdb path: .;C:\Program Files\Eclipse Adoptium\jdk-17.0.15.6-hotspot\bin;C:\WINDOWS\SYSTEM32;C:\ProgramData\Symantec\Symantec Endpoint Protection\14.3.9205.6000.105\Data\Sysfer\x64;C:\WINDOWS\WinSxS\amd64_microsoft.windows.common-controls_6595b64144ccf1df_6.0.26100.3912_none_3e07963ce335137e;C:\Program Files\Eclipse Adoptium\jdk-17.0.15.6-hotspot\bin\server;C:\Users\karth\.gradle\native\68d5fa5c4cc2d200863cafc0d521ce42e7d3e7ee720ec0a83991735586a16f82\windows-amd64;C:\Users\karth\.gradle\native\e376f236ea51e6404a007f0833ffe2c6e607c4080706a723a18a27aeea778392\windows-amd64

VM Arguments:
jvm_args: -XX:MaxMetaspaceSize=512m --add-opens=java.base/java.util=ALL-UNNAMED --add-opens=java.base/java.lang=ALL-UNNAMED --add-opens=java.base/java.lang.invoke=ALL-UNNAMED --add-opens=java.prefs/java.util.prefs=ALL-UNNAMED --add-opens=java.base/java.nio.charset=ALL-UNNAMED --add-opens=java.base/java.net=ALL-UNNAMED --add-opens=java.base/java.util.concurrent.atomic=ALL-UNNAMED -Xmx2048m -Dfile.encoding=UTF-8 -Duser.country=CA -Duser.language=en -Duser.variant 
java_command: org.gradle.launcher.daemon.bootstrap.GradleDaemon 8.0.1
java_class_path (initial): C:\Users\karth\.gradle\wrapper\dists\gradle-8.0.1-all\aro4hu1c3oeioove7l0i4i14o\gradle-8.0.1\lib\gradle-launcher-8.0.1.jar
Launcher Type: SUN_STANDARD

[Global flags]
     intx CICompilerCount                          = 12                                        {product} {ergonomic}
   size_t CompressedClassSpaceSize                 = 436207616                                 {product} {ergonomic}
     uint ConcGCThreads                            = 3                                         {product} {ergonomic}
     uint G1ConcRefinementThreads                  = 13                                        {product} {ergonomic}
   size_t G1HeapRegionSize                         = 1048576                                   {product} {ergonomic}
    uintx GCDrainStackTargetSize                   = 64                                        {product} {ergonomic}
   size_t InitialHeapSize                          = 264241152                                 {product} {ergonomic}
   size_t MarkStackSize                            = 4194304                                   {product} {ergonomic}
   size_t MaxHeapSize                              = 2147483648                                {product} {command line}
   size_t MaxMetaspaceSize                         = 536870912                                 {product} {command line}
   size_t MaxNewSize                               = 1287651328                                {product} {ergonomic}
   size_t MinHeapDeltaBytes                        = 1048576                                   {product} {ergonomic}
   size_t MinHeapSize                              = 8388608                                   {product} {ergonomic}
    uintx NonNMethodCodeHeapSize                   = 7602480                                {pd product} {ergonomic}
    uintx NonProfiledCodeHeapSize                  = 122027880                              {pd product} {ergonomic}
    uintx ProfiledCodeHeapSize                     = 122027880                              {pd product} {ergonomic}
    uintx ReservedCodeCacheSize                    = 251658240                              {pd product} {ergonomic}
     bool SegmentedCodeCache                       = true                                      {product} {ergonomic}
   size_t SoftMaxHeapSize                          = 2147483648                             {manageable} {ergonomic}
     bool UseCompressedClassPointers               = true                           {product lp64_product} {ergonomic}
     bool UseCompressedOops                        = true                           {product lp64_product} {ergonomic}
     bool UseG1GC                                  = true                                      {product} {ergonomic}
     bool UseLargePagesIndividualAllocation        = false                                  {pd product} {ergonomic}

Logging:
Log output configuration:
 #0: stdout all=warning uptime,level,tags
 #1: stderr all=off uptime,level,tags

Environment Variables:
JAVA_HOME=C:\Program Files\Java\jdk-23
CLASSPATH=C:\Users\karth\CascadeProjects\MobileAppAndroid\android\\gradle\wrapper\gradle-wrapper.jar
PATH=C:\Users\karth\CascadeProjects\MobileAppAndroid\node_modules\.bin;C:\Users\karth\CascadeProjects\MobileAppAndroid\node_modules\.bin;C:\Users\karth\CascadeProjects\node_modules\.bin;C:\Users\karth\node_modules\.bin;C:\Users\node_modules\.bin;C:\node_modules\.bin;C:\Program Files\nodejs\node_modules\npm\node_modules\@npmcli\run-script\lib\node-gyp-bin;C:\Users\karth\CascadeProjects\MobileAppAndroid\node_modules\.bin;C:\Users\karth\CascadeProjects\MobileAppAndroid\node_modules\.bin;C:\Users\karth\CascadeProjects\node_modules\.bin;C:\Users\karth\node_modules\.bin;C:\Users\node_modules\.bin;C:\node_modules\.bin;C:\Program Files\nodejs\node_modules\npm\node_modules\@npmcli\run-script\lib\node-gyp-bin;C:\Program Files\Eclipse Adoptium\jdk-17.0.15.6-hotspot\bin;C:\Program Files\Common Files\Oracle\Java\javapath;C:\WINDOWS\system32;C:\WINDOWS;C:\WINDOWS\System32\Wbem;C:\WINDOWS\System32\WindowsPowerShell\v1.0\;C:\WINDOWS\System32\OpenSSH\;C:\Program Files\nodejs\;C:\Program Files (x86)\nikto\program;C:\Program Files (x86)\curl;D:\GoWorkspace\bin;C:\Program Files\Go\bin;C:\Program Files\Git\cmd;C:\Users\karth\AppData\Local\Android\Sdk;C:\Users\karth\AppData\Local\Android\Sdk\platform-tools;C:\Program Files\Eclipse Adoptium\jdk-17.0.15.6-hotspot\bin;C:\Program Files\Common Files\Oracle\Java\javapath;C:\WINDOWS\system32;C:\WINDOWS;C:\WINDOWS\System32\Wbem;C:\WINDOWS\System32\WindowsPowerShell\v1.0\;C:\WINDOWS\System32\OpenSSH\;C:\Program Files\nodejs\;C:\Program Files\Git\cmd;C:\Users\karth\AppData\Local\Microsoft\WindowsApps;C:\Users\karth\AppData\Local\Programs\Microsoft VS Code\bin;C:\Users\karth\AppData\Roaming\npm;C:\Users\karth\go\bin;C:\Users\karth\AppData\Local\Programs\Windsurf\bin
USERNAME=karth
OS=Windows_NT
PROCESSOR_IDENTIFIER=Intel64 Family 6 Model 154 Stepping 3, GenuineIntel
TMP=C:\Users\karth\AppData\Local\Temp
TEMP=C:\Users\karth\AppData\Local\Temp



Periodic native trim disabled


---------------  S Y S T E M  ---------------

OS:
 Windows 11 , 64 bit Build 26100 (10.0.26100.3912)
OS uptime: 10 days 15:58 hours
Hyper-V role detected

CPU: total 16 (initial active 16) (8 cores per cpu, 2 threads per core) family 6 model 154 stepping 3 microcode 0x416, cx8, cmov, fxsr, ht, mmx, 3dnowpref, sse, sse2, sse3, ssse3, sse4.1, sse4.2, popcnt, lzcnt, tsc, tscinvbit, avx, avx2, aes, erms, clmul, bmi1, bmi2, adx, sha, fma, vzeroupper, clflush, clflushopt, clwb, hv
Processor Information for processor 0
  Max Mhz: 2100, Current Mhz: 2100, Mhz Limit: 2100
Processor Information for processor 1
  Max Mhz: 2100, Current Mhz: 2100, Mhz Limit: 2100
Processor Information for processor 2
  Max Mhz: 2100, Current Mhz: 2100, Mhz Limit: 2100
Processor Information for processor 3
  Max Mhz: 2100, Current Mhz: 2100, Mhz Limit: 2100
Processor Information for processor 4
  Max Mhz: 2100, Current Mhz: 2100, Mhz Limit: 2100
Processor Information for processor 5
  Max Mhz: 2100, Current Mhz: 2100, Mhz Limit: 2100
Processor Information for processor 6
  Max Mhz: 2100, Current Mhz: 2100, Mhz Limit: 2100
Processor Information for processor 7
  Max Mhz: 2100, Current Mhz: 2100, Mhz Limit: 2100
Processor Information for processor 8
  Max Mhz: 2100, Current Mhz: 1500, Mhz Limit: 1491
Processor Information for processor 9
  Max Mhz: 2100, Current Mhz: 1500, Mhz Limit: 1491
Processor Information for processor 10
  Max Mhz: 2100, Current Mhz: 1500, Mhz Limit: 1491
Processor Information for processor 11
  Max Mhz: 2100, Current Mhz: 1500, Mhz Limit: 1491
Processor Information for processor 12
  Max Mhz: 2100, Current Mhz: 1500, Mhz Limit: 1491
Processor Information for processor 13
  Max Mhz: 2100, Current Mhz: 1500, Mhz Limit: 1491
Processor Information for processor 14
  Max Mhz: 2100, Current Mhz: 1500, Mhz Limit: 1491
Processor Information for processor 15
  Max Mhz: 2100, Current Mhz: 1500, Mhz Limit: 1491

Memory: 4k page, system-wide physical 16088M (1M free)
TotalPageFile size 64210M (AvailPageFile size 16M)
current process WorkingSet (physical memory assigned to process): 3M, peak: 232M
current process commit charge ("private bytes"): 350M, peak: 458M

vm_info: OpenJDK 64-Bit Server VM (17.0.15+6) for windows-amd64 JRE (17.0.15+6), built on Apr 15 2025 21:25:47 by "admin" with MS VC++ 17.7 (VS2022)

END.
