#
# There is insufficient memory for the Java Runtime Environment to continue.
# Native memory allocation (mmap) failed to map 100663296 bytes. Error detail: G1 virtual space
# Possible reasons:
#   The system is out of physical RAM or swap space
#   This process is running with CompressedOops enabled, and the Java Heap may be blocking the growth of the native heap
# Possible solutions:
#   Reduce memory load on the system
#   Increase physical memory or swap space
#   Check if swap backing store is full
#   Decrease Java heap size (-Xmx/-Xms)
#   Decrease number of Java threads
#   Decrease Java thread stack sizes (-Xss)
#   Set larger code cache with -XX:ReservedCodeCacheSize=
#   JVM is running with Unscaled Compressed Oops mode in which the Java heap is
#     placed in the first 4GB address space. The Java Heap base address is the
#     maximum limit for the native heap growth. Please use -XX:HeapBaseMinAddress
#     to set the Java Heap base and to place the Java Heap above 4GB virtual address.
# This output file may be truncated or incomplete.
#
#  Out of Memory Error (os_windows.cpp:3618), pid=66376, tid=55808
#
# JRE version: OpenJDK Runtime Environment Temurin-17.0.15+6 (17.0.15+6) (build 17.0.15+6)
# Java VM: OpenJDK 64-Bit Server VM Temurin-17.0.15+6 (17.0.15+6, mixed mode, sharing, tiered, compressed oops, compressed class ptrs, g1 gc, windows-amd64)
# No core dump will be written. Minidumps are not enabled by default on client versions of Windows
#

---------------  S U M M A R Y ------------

Command Line: -XX:MaxMetaspaceSize=512m --add-opens=java.base/java.util=ALL-UNNAMED --add-opens=java.base/java.lang=ALL-UNNAMED --add-opens=java.base/java.lang.invoke=ALL-UNNAMED --add-opens=java.prefs/java.util.prefs=ALL-UNNAMED --add-opens=java.base/java.nio.charset=ALL-UNNAMED --add-opens=java.base/java.net=ALL-UNNAMED --add-opens=java.base/java.util.concurrent.atomic=ALL-UNNAMED -Xmx2048m -Dfile.encoding=UTF-8 -Duser.country=CA -Duser.language=en -Duser.variant org.gradle.launcher.daemon.bootstrap.GradleDaemon 8.0.1

Host: 12th Gen Intel(R) Core(TM) i7-1260P, 16 cores, 15G,  Windows 11 , 64 bit Build 26100 (10.0.26100.3912)
Time: Mon May 26 02:11:34 2025 Eastern Daylight Time elapsed time: 8654.813557 seconds (0d 2h 24m 14s)

---------------  T H R E A D  ---------------

Current thread (0x000001fc3f473010):  VMThread "VM Thread" [stack: 0x00000092dbc00000,0x00000092dbd00000] [id=55808]

Stack: [0x00000092dbc00000,0x00000092dbd00000]
Native frames: (J=compiled Java code, j=interpreted, Vv=VM code, C=native code)
V  [jvm.dll+0x682fc9]
V  [jvm.dll+0x839878]
V  [jvm.dll+0x83b323]
V  [jvm.dll+0x83b993]
V  [jvm.dll+0x24725f]
V  [jvm.dll+0x67fda9]
V  [jvm.dll+0x674c9a]
V  [jvm.dll+0x304d06]
V  [jvm.dll+0x30c1c6]
V  [jvm.dll+0x35dd4e]
V  [jvm.dll+0x35df8d]
V  [jvm.dll+0x2dc0cc]
V  [jvm.dll+0x2da46f]
V  [jvm.dll+0x2d9bdc]
V  [jvm.dll+0x31d3bb]
V  [jvm.dll+0x8401cd]
V  [jvm.dll+0x840f03]
V  [jvm.dll+0x84142f]
V  [jvm.dll+0x841814]
V  [jvm.dll+0x8418de]
V  [jvm.dll+0x7e94dc]
V  [jvm.dll+0x681ea7]
C  [ucrtbase.dll+0x37b0]
C  [KERNEL32.DLL+0x2e8d7]
C  [ntdll.dll+0x9c5dc]

VM_Operation (0x00000092dcbfe890): G1CollectForAllocation, mode: safepoint, requested by thread 0x000001fc61398590


---------------  P R O C E S S  ---------------

Threads class SMR info:
_java_thread_list=0x000001fc613bc960, length=80, elements={
0x000001fc1fe426e0, 0x000001fc3f477ad0, 0x000001fc3f479c80, 0x000001fc3f48d2b0,
0x000001fc3f48fc90, 0x000001fc3f490560, 0x000001fc3f490e30, 0x000001fc3f493e40,
0x000001fc3f49e9f0, 0x000001fc3f79fd80, 0x000001fc3f874770, 0x000001fc3f889250,
0x000001fc61398590, 0x000001fc5fa5d580, 0x000001fc3f935080, 0x000001fc3fa93020,
0x000001fc3fa93500, 0x000001fc6050a870, 0x000001fc5f2c0310, 0x000001fc5f2c0d30,
0x000001fc5f2c0820, 0x000001fc5f2beed0, 0x000001fc5f2bfe00, 0x000001fc5f2c1240,
0x000001fc5f2be4b0, 0x000001fc5f2be9c0, 0x000001fc5f2bf8f0, 0x000001fc5f81b890,
0x000001fc5f819a30, 0x000001fc5f818b00, 0x000001fc5f8180e0, 0x000001fc5f81a450,
0x000001fc5f81a960, 0x000001fc5f819010, 0x000001fc5f81ae70, 0x000001fc5f81bda0,
0x000001fc5f8185f0, 0x000001fc5f81d6f0, 0x000001fc5f81c2b0, 0x000001fc5f81c7c0,
0x000001fc5f81b380, 0x000001fc5f81e110, 0x000001fc5f81dc00, 0x000001fc5f81fa60,
0x000001fc5f81ccd0, 0x000001fc5f81d1e0, 0x000001fc5f81e620, 0x000001fc5f81eb30,
0x000001fc5f81f040, 0x000001fc5f81f550, 0x000001fc5f2bdfa0, 0x000001fc5f2bf3e0,
0x000001fc5fc79510, 0x000001fc5fc78af0, 0x000001fc5fc780d0, 0x000001fc5fc77bc0,
0x000001fc5fc79f30, 0x000001fc5fc7b370, 0x000001fc5fc79a20, 0x000001fc5fc7a440,
0x000001fc5fc7a950, 0x000001fc5fc7ae60, 0x000001fc5fc7bd90, 0x000001fc5fc7b880,
0x000001fc5fc785e0, 0x000001fc5fc7c2a0, 0x000001fc5fc7c7b0, 0x000001fc5fc79000,
0x000001fc5fc7f030, 0x000001fc5fc7f540, 0x000001fc5fc7dbf0, 0x000001fc5fc7ccc0,
0x000001fc5fc7d1d0, 0x000001fc5fc7d6e0, 0x000001fc5fc7e100, 0x000001fc5fc7e610,
0x000001fc5fc7eb20, 0x000001fc60d1be90, 0x000001fc60d1fb50, 0x000001fc60d1d7e0
}

Java Threads: ( => current thread )
  0x000001fc1fe426e0 JavaThread "main" [_thread_blocked, id=67384, stack(0x00000092db600000,0x00000092db700000)]
  0x000001fc3f477ad0 JavaThread "Reference Handler" daemon [_thread_blocked, id=64376, stack(0x00000092dbd00000,0x00000092dbe00000)]
  0x000001fc3f479c80 JavaThread "Finalizer" daemon [_thread_blocked, id=64360, stack(0x00000092dbe00000,0x00000092dbf00000)]
  0x000001fc3f48d2b0 JavaThread "Signal Dispatcher" daemon [_thread_blocked, id=63908, stack(0x00000092dbf00000,0x00000092dc000000)]
  0x000001fc3f48fc90 JavaThread "Attach Listener" daemon [_thread_blocked, id=64384, stack(0x00000092dc000000,0x00000092dc100000)]
  0x000001fc3f490560 JavaThread "Service Thread" daemon [_thread_blocked, id=65660, stack(0x00000092dc100000,0x00000092dc200000)]
  0x000001fc3f490e30 JavaThread "Monitor Deflation Thread" daemon [_thread_blocked, id=65652, stack(0x00000092dc200000,0x00000092dc300000)]
  0x000001fc3f493e40 JavaThread "C2 CompilerThread0" daemon [_thread_blocked, id=53984, stack(0x00000092dc300000,0x00000092dc400000)]
  0x000001fc3f49e9f0 JavaThread "C1 CompilerThread0" daemon [_thread_blocked, id=55864, stack(0x00000092dc400000,0x00000092dc500000)]
  0x000001fc3f79fd80 JavaThread "Sweeper thread" daemon [_thread_blocked, id=55688, stack(0x00000092dc500000,0x00000092dc600000)]
  0x000001fc3f874770 JavaThread "Common-Cleaner" daemon [_thread_blocked, id=66204, stack(0x00000092dc600000,0x00000092dc700000)]
  0x000001fc3f889250 JavaThread "Notification Thread" daemon [_thread_blocked, id=4668, stack(0x00000092dc700000,0x00000092dc800000)]
  0x000001fc61398590 JavaThread "Daemon health stats" [_thread_blocked, id=11752, stack(0x00000092dcb00000,0x00000092dcc00000)]
  0x000001fc5fa5d580 JavaThread "Incoming local TCP Connector on port 33529" [_thread_in_native, id=20808, stack(0x00000092dcc00000,0x00000092dcd00000)]
  0x000001fc3f935080 JavaThread "Daemon periodic checks" [_thread_blocked, id=26628, stack(0x00000092dcd00000,0x00000092dce00000)]
  0x000001fc3fa93020 JavaThread "Daemon" [_thread_blocked, id=37900, stack(0x00000092dce00000,0x00000092dcf00000)]
  0x000001fc3fa93500 JavaThread "Handler for socket connection from /127.0.0.1:33529 to /127.0.0.1:33563" [_thread_in_native, id=34792, stack(0x00000092dcf00000,0x00000092dd000000)]
  0x000001fc6050a870 JavaThread "Cancel handler" [_thread_blocked, id=64204, stack(0x00000092dd000000,0x00000092dd100000)]
  0x000001fc5f2c0310 JavaThread "Daemon worker" [_thread_blocked, id=67964, stack(0x00000092dd200000,0x00000092dd300000)]
  0x000001fc5f2c0d30 JavaThread "Asynchronous log dispatcher for DefaultDaemonConnection: socket connection from /127.0.0.1:33529 to /127.0.0.1:33563" [_thread_blocked, id=60544, stack(0x00000092dd300000,0x00000092dd400000)]
  0x000001fc5f2c0820 JavaThread "Daemon client event forwarder" [_thread_blocked, id=57780, stack(0x00000092dd500000,0x00000092dd600000)]
  0x000001fc5f2beed0 JavaThread "Cache worker for journal cache (C:\Users\karth\.gradle\caches\journal-1)" [_thread_blocked, id=64220, stack(0x00000092dd600000,0x00000092dd700000)]
  0x000001fc5f2bfe00 JavaThread "File lock request listener" [_thread_in_native, id=60448, stack(0x00000092dd700000,0x00000092dd800000)]
  0x000001fc5f2c1240 JavaThread "Cache worker for file hash cache (C:\Users\karth\.gradle\caches\8.0.1\fileHashes)" [_thread_blocked, id=53180, stack(0x00000092dd900000,0x00000092dda00000)]
  0x000001fc5f2be4b0 JavaThread "File watcher server" daemon [_thread_in_native, id=63096, stack(0x00000092dda00000,0x00000092ddb00000)]
  0x000001fc5f2be9c0 JavaThread "File watcher consumer" daemon [_thread_blocked, id=56812, stack(0x00000092ddb00000,0x00000092ddc00000)]
  0x000001fc5f2bf8f0 JavaThread "Cache worker for checksums cache (C:\Users\karth\CascadeProjects\MobileAppAndroid\android\.gradle\8.0.1\checksums)" [_thread_blocked, id=12580, stack(0x00000092ddc00000,0x00000092ddd00000)]
  0x000001fc5f81b890 JavaThread "Cache worker for cache directory md-rule (C:\Users\karth\.gradle\caches\8.0.1\md-rule)" [_thread_blocked, id=12504, stack(0x00000092ddd00000,0x00000092dde00000)]
  0x000001fc5f819a30 JavaThread "Cache worker for file content cache (C:\Users\karth\.gradle\caches\8.0.1\fileContent)" [_thread_blocked, id=47348, stack(0x00000092dde00000,0x00000092ddf00000)]
  0x000001fc5f818b00 JavaThread "Cache worker for file hash cache (C:\Users\karth\CascadeProjects\MobileAppAndroid\android\.gradle\8.0.1\fileHashes)" [_thread_blocked, id=21272, stack(0x00000092de800000,0x00000092de900000)]
  0x000001fc5f8180e0 JavaThread "Cache worker for cache directory md-supplier (C:\Users\karth\.gradle\caches\8.0.1\md-supplier)" [_thread_blocked, id=40896, stack(0x00000092de900000,0x00000092dea00000)]
  0x000001fc5f81a450 JavaThread "Cache worker for execution history cache (C:\Users\karth\.gradle\caches\8.0.1\executionHistory)" [_thread_blocked, id=55856, stack(0x00000092dea00000,0x00000092deb00000)]
  0x000001fc5f81a960 JavaThread "jar transforms" [_thread_blocked, id=9496, stack(0x00000092deb00000,0x00000092dec00000)]
  0x000001fc5f819010 JavaThread "jar transforms Thread 2" [_thread_blocked, id=52664, stack(0x00000092dec00000,0x00000092ded00000)]
  0x000001fc5f81ae70 JavaThread "jar transforms Thread 3" [_thread_blocked, id=52516, stack(0x00000092ded00000,0x00000092dee00000)]
  0x000001fc5f81bda0 JavaThread "jar transforms Thread 4" [_thread_blocked, id=6692, stack(0x00000092dee00000,0x00000092def00000)]
  0x000001fc5f8185f0 JavaThread "Cache worker for kotlin-dsl (C:\Users\karth\.gradle\caches\8.0.1\kotlin-dsl)" [_thread_blocked, id=38812, stack(0x00000092dd400000,0x00000092dd500000)]
  0x000001fc5f81d6f0 JavaThread "File lock release action executor Thread 2" [_thread_blocked, id=11172, stack(0x00000092dd800000,0x00000092dd900000)]
  0x000001fc5f81c2b0 JavaThread "jar transforms Thread 5" [_thread_blocked, id=19148, stack(0x00000092def00000,0x00000092df000000)]
  0x000001fc5f81c7c0 JavaThread "jar transforms Thread 6" [_thread_blocked, id=56860, stack(0x00000092df000000,0x00000092df100000)]
  0x000001fc5f81b380 JavaThread "Cache worker for dependencies-accessors (C:\Users\karth\CascadeProjects\MobileAppAndroid\android\.gradle\8.0.1\dependencies-accessors)" [_thread_blocked, id=47052, stack(0x00000092df300000,0x00000092df400000)]
  0x000001fc5f81e110 JavaThread "Cache worker for Build Output Cleanup Cache (C:\Users\karth\CascadeProjects\MobileAppAndroid\node_modules\@react-native\gradle-plugin\.gradle\buildOutputCleanup)" [_thread_blocked, id=44436, stack(0x00000092df100000,0x00000092df200000)]
  0x000001fc5f81dc00 JavaThread "jar transforms Thread 7" [_thread_blocked, id=56156, stack(0x00000092df200000,0x00000092df300000)]
  0x000001fc5f81fa60 JavaThread "Unconstrained build operations" [_thread_blocked, id=67116, stack(0x00000092df400000,0x00000092df500000)]
  0x000001fc5f81ccd0 JavaThread "Unconstrained build operations Thread 2" [_thread_blocked, id=25996, stack(0x00000092df500000,0x00000092df600000)]
  0x000001fc5f81d1e0 JavaThread "Unconstrained build operations Thread 3" [_thread_blocked, id=44900, stack(0x00000092df600000,0x00000092df700000)]
  0x000001fc5f81e620 JavaThread "Unconstrained build operations Thread 4" [_thread_blocked, id=14308, stack(0x00000092df700000,0x00000092df800000)]
  0x000001fc5f81eb30 JavaThread "Unconstrained build operations Thread 5" [_thread_blocked, id=27468, stack(0x00000092df800000,0x00000092df900000)]
  0x000001fc5f81f040 JavaThread "Unconstrained build operations Thread 6" [_thread_blocked, id=21948, stack(0x00000092df900000,0x00000092dfa00000)]
  0x000001fc5f81f550 JavaThread "Unconstrained build operations Thread 7" [_thread_blocked, id=60540, stack(0x00000092dfa00000,0x00000092dfb00000)]
  0x000001fc5f2bdfa0 JavaThread "Unconstrained build operations Thread 8" [_thread_blocked, id=67808, stack(0x00000092dfb00000,0x00000092dfc00000)]
  0x000001fc5f2bf3e0 JavaThread "Unconstrained build operations Thread 9" [_thread_blocked, id=23876, stack(0x00000092dfc00000,0x00000092dfd00000)]
  0x000001fc5fc79510 JavaThread "Unconstrained build operations Thread 10" [_thread_blocked, id=18992, stack(0x00000092dfd00000,0x00000092dfe00000)]
  0x000001fc5fc78af0 JavaThread "Unconstrained build operations Thread 11" [_thread_blocked, id=39256, stack(0x00000092dfe00000,0x00000092dff00000)]
  0x000001fc5fc780d0 JavaThread "Unconstrained build operations Thread 12" [_thread_blocked, id=50960, stack(0x00000092dff00000,0x00000092e0000000)]
  0x000001fc5fc77bc0 JavaThread "Unconstrained build operations Thread 13" [_thread_blocked, id=63184, stack(0x00000092e0000000,0x00000092e0100000)]
  0x000001fc5fc79f30 JavaThread "Unconstrained build operations Thread 14" [_thread_blocked, id=25420, stack(0x00000092e0100000,0x00000092e0200000)]
  0x000001fc5fc7b370 JavaThread "Unconstrained build operations Thread 15" [_thread_blocked, id=23636, stack(0x00000092e0200000,0x00000092e0300000)]
  0x000001fc5fc79a20 JavaThread "Unconstrained build operations Thread 16" [_thread_blocked, id=44720, stack(0x00000092e0300000,0x00000092e0400000)]
  0x000001fc5fc7a440 JavaThread "Unconstrained build operations Thread 17" [_thread_blocked, id=46152, stack(0x00000092e0400000,0x00000092e0500000)]
  0x000001fc5fc7a950 JavaThread "Unconstrained build operations Thread 18" [_thread_blocked, id=41572, stack(0x00000092e0500000,0x00000092e0600000)]
  0x000001fc5fc7ae60 JavaThread "Unconstrained build operations Thread 19" [_thread_blocked, id=11336, stack(0x00000092e0600000,0x00000092e0700000)]
  0x000001fc5fc7bd90 JavaThread "Unconstrained build operations Thread 20" [_thread_blocked, id=32980, stack(0x00000092e0700000,0x00000092e0800000)]
  0x000001fc5fc7b880 JavaThread "Unconstrained build operations Thread 21" [_thread_blocked, id=6560, stack(0x00000092e0800000,0x00000092e0900000)]
  0x000001fc5fc785e0 JavaThread "Unconstrained build operations Thread 22" [_thread_blocked, id=30132, stack(0x00000092e0900000,0x00000092e0a00000)]
  0x000001fc5fc7c2a0 JavaThread "Unconstrained build operations Thread 23" [_thread_blocked, id=63452, stack(0x00000092e0a00000,0x00000092e0b00000)]
  0x000001fc5fc7c7b0 JavaThread "Unconstrained build operations Thread 24" [_thread_blocked, id=62980, stack(0x00000092e0b00000,0x00000092e0c00000)]
  0x000001fc5fc79000 JavaThread "Unconstrained build operations Thread 25" [_thread_blocked, id=16632, stack(0x00000092e0c00000,0x00000092e0d00000)]
  0x000001fc5fc7f030 JavaThread "Unconstrained build operations Thread 26" [_thread_blocked, id=33088, stack(0x00000092e0d00000,0x00000092e0e00000)]
  0x000001fc5fc7f540 JavaThread "jar transforms Thread 8" [_thread_blocked, id=20116, stack(0x00000092dd100000,0x00000092dd200000)]
  0x000001fc5fc7dbf0 JavaThread "jar transforms Thread 9" [_thread_blocked, id=41980, stack(0x00000092e0e00000,0x00000092e0f00000)]
  0x000001fc5fc7ccc0 JavaThread "jar transforms Thread 10" [_thread_blocked, id=4500, stack(0x00000092e0f00000,0x00000092e1000000)]
  0x000001fc5fc7d1d0 JavaThread "jar transforms Thread 11" [_thread_blocked, id=56412, stack(0x00000092e1000000,0x00000092e1100000)]
  0x000001fc5fc7d6e0 JavaThread "jar transforms Thread 12" [_thread_blocked, id=62200, stack(0x00000092e1100000,0x00000092e1200000)]
  0x000001fc5fc7e100 JavaThread "jar transforms Thread 13" [_thread_blocked, id=69616, stack(0x00000092e1200000,0x00000092e1300000)]
  0x000001fc5fc7e610 JavaThread "jar transforms Thread 14" [_thread_blocked, id=51848, stack(0x00000092e1300000,0x00000092e1400000)]
  0x000001fc5fc7eb20 JavaThread "jar transforms Thread 15" [_thread_blocked, id=46460, stack(0x00000092e1400000,0x00000092e1500000)]
  0x000001fc60d1be90 JavaThread "jar transforms Thread 16" [_thread_blocked, id=67784, stack(0x00000092e1500000,0x00000092e1600000)]
  0x000001fc60d1fb50 JavaThread "Memory manager" [_thread_blocked, id=69548, stack(0x00000092e1900000,0x00000092e1a00000)]
  0x000001fc60d1d7e0 JavaThread "Cache worker for Build Output Cleanup Cache (C:\Users\karth\CascadeProjects\MobileAppAndroid\android\.gradle\buildOutputCleanup)" [_thread_blocked, id=37684, stack(0x00000092e1600000,0x00000092e1700000)]

Other Threads:
=>0x000001fc3f473010 VMThread "VM Thread" [stack: 0x00000092dbc00000,0x00000092dbd00000] [id=55808]
  0x000001fc3f889730 WatcherThread [stack: 0x00000092dc800000,0x00000092dc900000] [id=55976]
  0x000001fc1fe9fdf0 GCTaskThread "GC Thread#0" [stack: 0x00000092db700000,0x00000092db800000] [id=61692]
  0x000001fc3f8fdd50 GCTaskThread "GC Thread#1" [stack: 0x00000092db300000,0x00000092db400000] [id=63308]
  0x000001fc3f8fe010 GCTaskThread "GC Thread#2" [stack: 0x00000092db400000,0x00000092db500000] [id=63312]
  0x000001fc3f8fd250 GCTaskThread "GC Thread#3" [stack: 0x00000092db500000,0x00000092db600000] [id=38656]
  0x000001fc3f8fca10 GCTaskThread "GC Thread#4" [stack: 0x00000092dc900000,0x00000092dca00000] [id=64312]
  0x000001fc3f8fd510 GCTaskThread "GC Thread#5" [stack: 0x00000092dca00000,0x00000092dcb00000] [id=64316]
  0x000001fc5f0585f0 GCTaskThread "GC Thread#6" [stack: 0x00000092ddf00000,0x00000092de000000] [id=68324]
  0x000001fc5f058070 GCTaskThread "GC Thread#7" [stack: 0x00000092de000000,0x00000092de100000] [id=25700]
  0x000001fc5f059bf0 GCTaskThread "GC Thread#8" [stack: 0x00000092de100000,0x00000092de200000] [id=19376]
  0x000001fc5f059670 GCTaskThread "GC Thread#9" [stack: 0x00000092de200000,0x00000092de300000] [id=32816]
  0x000001fc5f05bcf0 GCTaskThread "GC Thread#10" [stack: 0x00000092de300000,0x00000092de400000] [id=13328]
  0x000001fc5f058330 GCTaskThread "GC Thread#11" [stack: 0x00000092de400000,0x00000092de500000] [id=3864]
  0x000001fc5f058b70 GCTaskThread "GC Thread#12" [stack: 0x00000092de500000,0x00000092de600000] [id=26520]
  0x000001fc1feb0c50 ConcurrentGCThread "G1 Main Marker" [stack: 0x00000092db800000,0x00000092db900000] [id=51628]
  0x000001fc1feb2250 ConcurrentGCThread "G1 Conc#0" [stack: 0x00000092db900000,0x00000092dba00000] [id=54780]
  0x000001fc5f059eb0 ConcurrentGCThread "G1 Conc#1" [stack: 0x00000092de600000,0x00000092de700000] [id=55712]
  0x000001fc5f05a170 ConcurrentGCThread "G1 Conc#2" [stack: 0x00000092de700000,0x00000092de800000] [id=27332]
  0x000001fc3f35ff40 ConcurrentGCThread "G1 Refine#0" [stack: 0x00000092dba00000,0x00000092dbb00000] [id=59996]
  0x000001fc3f360620 ConcurrentGCThread "G1 Service" [stack: 0x00000092dbb00000,0x00000092dbc00000] [id=14236]

Threads with active compile tasks:
C2 CompilerThread0  8661587 8408       4       java.lang.reflect.AccessibleObject::checkCanSetAccessible (368 bytes)
C1 CompilerThread0  8661589 8415       3       org.gradle.launcher.daemon.server.expiry.AnyDaemonExpirationStrategy::checkExpiration (114 bytes)

VM state: at safepoint (normal execution)

VM Mutex/Monitor currently owned by a thread:  ([mutex/lock_event])
[0x000001fc1e26f320] Threads_lock - owner thread: 0x000001fc3f473010
[0x000001fc1fe3f1e0] Heap_lock - owner thread: 0x000001fc61398590

Heap address: 0x0000000080000000, size: 2048 MB, Compressed Oops mode: 32-bit

CDS archive(s) mapped at: [0x000001fc40000000-0x000001fc40bb0000-0x000001fc40bb0000), size 12255232, SharedBaseAddress: 0x000001fc40000000, ArchiveRelocationMode: 1.
Compressed class space mapped at: 0x000001fc41000000-0x000001fc5b000000, reserved size: 436207616
Narrow klass base: 0x000001fc40000000, Narrow klass shift: 0, Narrow klass range: 0x100000000

GC Precious Log:
 CPUs: 16 total, 16 available
 Memory: 16088M
 Large Page Support: Disabled
 NUMA Support: Disabled
 Compressed Oops: Enabled (32-bit)
 Heap Region Size: 1M
 Heap Min Capacity: 8M
 Heap Initial Capacity: 252M
 Heap Max Capacity: 2G
 Pre-touch: Disabled
 Parallel Workers: 13
 Concurrent Workers: 3
 Concurrent Refinement Workers: 13
 Periodic GC: Disabled

Heap:
 garbage-first heap   total 142336K, used 53277K [0x0000000080000000, 0x0000000100000000)
  region size 1024K, 1 young (1024K), 1 survivors (1024K)
 Metaspace       used 58623K, committed 59200K, reserved 491520K
  class space    used 8120K, committed 8384K, reserved 425984K

Heap Regions: E=young(eden), S=young(survivor), O=old, HS=humongous(starts), HC=humongous(continues), CS=collection set, F=free, OA=open archive, CA=closed archive, TAMS=top-at-mark-start (previous, next)
|   0|0x0000000080000000, 0x0000000080100000, 0x0000000080100000|100%|HS|  |TAMS 0x0000000080100000, 0x0000000080100000| Complete 
|   1|0x0000000080100000, 0x0000000080200000, 0x0000000080200000|100%|HC|  |TAMS 0x0000000080200000, 0x0000000080200000| Complete 
|   2|0x0000000080200000, 0x0000000080300000, 0x0000000080300000|100%|HC|  |TAMS 0x0000000080300000, 0x0000000080300000| Complete 
|   3|0x0000000080300000, 0x0000000080400000, 0x0000000080400000|100%|HC|  |TAMS 0x0000000080400000, 0x0000000080400000| Complete 
|   4|0x0000000080400000, 0x0000000080500000, 0x0000000080500000|100%| O|  |TAMS 0x0000000080500000, 0x0000000080500000| Untracked 
|   5|0x0000000080500000, 0x0000000080600000, 0x0000000080600000|100%| O|  |TAMS 0x0000000080600000, 0x0000000080600000| Untracked 
|   6|0x0000000080600000, 0x0000000080700000, 0x0000000080700000|100%| O|  |TAMS 0x0000000080700000, 0x0000000080700000| Untracked 
|   7|0x0000000080700000, 0x0000000080800000, 0x0000000080800000|100%| O|  |TAMS 0x0000000080800000, 0x0000000080800000| Untracked 
|   8|0x0000000080800000, 0x0000000080900000, 0x0000000080900000|100%| O|  |TAMS 0x0000000080900000, 0x0000000080900000| Untracked 
|   9|0x0000000080900000, 0x0000000080a00000, 0x0000000080a00000|100%| O|  |TAMS 0x0000000080a00000, 0x0000000080a00000| Untracked 
|  10|0x0000000080a00000, 0x0000000080b00000, 0x0000000080b00000|100%| O|  |TAMS 0x0000000080b00000, 0x0000000080b00000| Untracked 
|  11|0x0000000080b00000, 0x0000000080c00000, 0x0000000080c00000|100%| O|  |TAMS 0x0000000080c00000, 0x0000000080c00000| Untracked 
|  12|0x0000000080c00000, 0x0000000080d00000, 0x0000000080d00000|100%| O|  |TAMS 0x0000000080d00000, 0x0000000080d00000| Untracked 
|  13|0x0000000080d00000, 0x0000000080e00000, 0x0000000080e00000|100%| O|  |TAMS 0x0000000080e00000, 0x0000000080e00000| Untracked 
|  14|0x0000000080e00000, 0x0000000080f00000, 0x0000000080f00000|100%| O|  |TAMS 0x0000000080f00000, 0x0000000080f00000| Untracked 
|  15|0x0000000080f00000, 0x0000000081000000, 0x0000000081000000|100%| O|  |TAMS 0x0000000081000000, 0x0000000081000000| Untracked 
|  16|0x0000000081000000, 0x0000000081100000, 0x0000000081100000|100%| O|  |TAMS 0x0000000081100000, 0x0000000081100000| Untracked 
|  17|0x0000000081100000, 0x0000000081200000, 0x0000000081200000|100%| O|  |TAMS 0x0000000081200000, 0x0000000081200000| Untracked 
|  18|0x0000000081200000, 0x0000000081300000, 0x0000000081300000|100%| O|  |TAMS 0x0000000081300000, 0x0000000081300000| Untracked 
|  19|0x0000000081300000, 0x0000000081400000, 0x0000000081400000|100%| O|  |TAMS 0x0000000081400000, 0x0000000081400000| Untracked 
|  20|0x0000000081400000, 0x0000000081500000, 0x0000000081500000|100%| O|  |TAMS 0x0000000081500000, 0x0000000081500000| Untracked 
|  21|0x0000000081500000, 0x0000000081600000, 0x0000000081600000|100%| O|  |TAMS 0x0000000081600000, 0x0000000081600000| Untracked 
|  22|0x0000000081600000, 0x0000000081700000, 0x0000000081700000|100%| O|  |TAMS 0x0000000081700000, 0x0000000081700000| Untracked 
|  23|0x0000000081700000, 0x0000000081800000, 0x0000000081800000|100%| O|  |TAMS 0x0000000081800000, 0x0000000081800000| Untracked 
|  24|0x0000000081800000, 0x0000000081900000, 0x0000000081900000|100%| O|  |TAMS 0x0000000081900000, 0x0000000081900000| Untracked 
|  25|0x0000000081900000, 0x0000000081a00000, 0x0000000081a00000|100%| O|  |TAMS 0x0000000081a00000, 0x0000000081a00000| Untracked 
|  26|0x0000000081a00000, 0x0000000081b00000, 0x0000000081b00000|100%| O|  |TAMS 0x0000000081b00000, 0x0000000081b00000| Untracked 
|  27|0x0000000081b00000, 0x0000000081c00000, 0x0000000081c00000|100%| O|  |TAMS 0x0000000081c00000, 0x0000000081c00000| Untracked 
|  28|0x0000000081c00000, 0x0000000081d00000, 0x0000000081d00000|100%| O|  |TAMS 0x0000000081d00000, 0x0000000081d00000| Untracked 
|  29|0x0000000081d00000, 0x0000000081e00000, 0x0000000081e00000|100%| O|  |TAMS 0x0000000081e00000, 0x0000000081e00000| Untracked 
|  30|0x0000000081e00000, 0x0000000081f00000, 0x0000000081f00000|100%| O|  |TAMS 0x0000000081f00000, 0x0000000081f00000| Untracked 
|  31|0x0000000081f00000, 0x0000000082000000, 0x0000000082000000|100%| O|  |TAMS 0x0000000082000000, 0x0000000082000000| Untracked 
|  32|0x0000000082000000, 0x0000000082100000, 0x0000000082100000|100%| O|  |TAMS 0x0000000082100000, 0x0000000082100000| Untracked 
|  33|0x0000000082100000, 0x0000000082200000, 0x0000000082200000|100%| O|  |TAMS 0x0000000082200000, 0x0000000082200000| Untracked 
|  34|0x0000000082200000, 0x0000000082300000, 0x0000000082300000|100%|HS|  |TAMS 0x0000000082300000, 0x0000000082300000| Complete 
|  35|0x0000000082300000, 0x0000000082400000, 0x0000000082400000|100%|HC|  |TAMS 0x0000000082400000, 0x0000000082400000| Complete 
|  36|0x0000000082400000, 0x0000000082500000, 0x0000000082500000|100%|HS|  |TAMS 0x0000000082500000, 0x0000000082500000| Complete 
|  37|0x0000000082500000, 0x0000000082600000, 0x0000000082600000|100%|HC|  |TAMS 0x0000000082600000, 0x0000000082600000| Complete 
|  38|0x0000000082600000, 0x0000000082700000, 0x0000000082700000|100%|HC|  |TAMS 0x0000000082700000, 0x0000000082700000| Complete 
|  39|0x0000000082700000, 0x0000000082800000, 0x0000000082800000|100%|HC|  |TAMS 0x0000000082800000, 0x0000000082800000| Complete 
|  40|0x0000000082800000, 0x0000000082900000, 0x0000000082900000|100%| O|  |TAMS 0x0000000082900000, 0x0000000082900000| Untracked 
|  41|0x0000000082900000, 0x0000000082a00000, 0x0000000082a00000|100%| O|  |TAMS 0x0000000082a00000, 0x0000000082a00000| Untracked 
|  42|0x0000000082a00000, 0x0000000082b00000, 0x0000000082b00000|100%| O|  |TAMS 0x0000000082b00000, 0x0000000082b00000| Untracked 
|  43|0x0000000082b00000, 0x0000000082c00000, 0x0000000082c00000|100%| O|  |TAMS 0x0000000082c00000, 0x0000000082c00000| Untracked 
|  44|0x0000000082c00000, 0x0000000082d00000, 0x0000000082d00000|100%| O|  |TAMS 0x0000000082d00000, 0x0000000082d00000| Untracked 
|  45|0x0000000082d00000, 0x0000000082e00000, 0x0000000082e00000|100%| O|  |TAMS 0x0000000082e00000, 0x0000000082e00000| Untracked 
|  46|0x0000000082e00000, 0x0000000082f00000, 0x0000000082f00000|100%| O|  |TAMS 0x0000000082f00000, 0x0000000082f00000| Untracked 
|  47|0x0000000082f00000, 0x0000000083000000, 0x0000000083000000|100%| O|  |TAMS 0x0000000083000000, 0x0000000083000000| Untracked 
|  48|0x0000000083000000, 0x0000000083100000, 0x0000000083100000|100%| O|  |TAMS 0x0000000083100000, 0x0000000083100000| Untracked 
|  49|0x0000000083100000, 0x0000000083200000, 0x0000000083200000|100%| O|  |TAMS 0x0000000083200000, 0x0000000083200000| Untracked 
|  50|0x0000000083200000, 0x0000000083300000, 0x0000000083300000|100%| O|  |TAMS 0x000000008321ce00, 0x000000008321ce00| Untracked 
|  51|0x0000000083300000, 0x00000000833a4a00, 0x0000000083400000| 64%| O|  |TAMS 0x0000000083300000, 0x0000000083300000| Untracked 
|  52|0x0000000083400000, 0x0000000083400000, 0x0000000083500000|  0%| F|  |TAMS 0x0000000083400000, 0x0000000083400000| Untracked 
|  53|0x0000000083500000, 0x0000000083500000, 0x0000000083600000|  0%| F|  |TAMS 0x0000000083500000, 0x0000000083500000| Untracked 
|  54|0x0000000083600000, 0x0000000083600000, 0x0000000083700000|  0%| F|  |TAMS 0x0000000083600000, 0x0000000083600000| Untracked 
|  55|0x0000000083700000, 0x0000000083700000, 0x0000000083800000|  0%| F|  |TAMS 0x0000000083700000, 0x0000000083700000| Untracked 
|  56|0x0000000083800000, 0x0000000083800000, 0x0000000083900000|  0%| F|  |TAMS 0x0000000083800000, 0x0000000083800000| Untracked 
|  57|0x0000000083900000, 0x0000000083900000, 0x0000000083a00000|  0%| F|  |TAMS 0x0000000083900000, 0x0000000083900000| Untracked 
|  58|0x0000000083a00000, 0x0000000083a00000, 0x0000000083b00000|  0%| F|  |TAMS 0x0000000083a00000, 0x0000000083a00000| Untracked 
|  59|0x0000000083b00000, 0x0000000083b00000, 0x0000000083c00000|  0%| F|  |TAMS 0x0000000083b00000, 0x0000000083b00000| Untracked 
|  60|0x0000000083c00000, 0x0000000083c00000, 0x0000000083d00000|  0%| F|  |TAMS 0x0000000083c00000, 0x0000000083c00000| Untracked 
|  61|0x0000000083d00000, 0x0000000083d00000, 0x0000000083e00000|  0%| F|  |TAMS 0x0000000083d00000, 0x0000000083d00000| Untracked 
|  62|0x0000000083e00000, 0x0000000083e00000, 0x0000000083f00000|  0%| F|  |TAMS 0x0000000083e00000, 0x0000000083e00000| Untracked 
|  63|0x0000000083f00000, 0x0000000083f00000, 0x0000000084000000|  0%| F|  |TAMS 0x0000000083f00000, 0x0000000083f00000| Untracked 
|  64|0x0000000084000000, 0x0000000084000000, 0x0000000084100000|  0%| F|  |TAMS 0x0000000084000000, 0x0000000084000000| Untracked 
|  65|0x0000000084100000, 0x0000000084100000, 0x0000000084200000|  0%| F|  |TAMS 0x0000000084100000, 0x0000000084100000| Untracked 
|  66|0x0000000084200000, 0x0000000084200000, 0x0000000084300000|  0%| F|  |TAMS 0x0000000084200000, 0x0000000084200000| Untracked 
|  67|0x0000000084300000, 0x0000000084300000, 0x0000000084400000|  0%| F|  |TAMS 0x0000000084300000, 0x0000000084300000| Untracked 
|  68|0x0000000084400000, 0x0000000084400000, 0x0000000084500000|  0%| F|  |TAMS 0x0000000084400000, 0x0000000084400000| Untracked 
|  69|0x0000000084500000, 0x0000000084500000, 0x0000000084600000|  0%| F|  |TAMS 0x0000000084500000, 0x0000000084500000| Untracked 
|  70|0x0000000084600000, 0x0000000084600000, 0x0000000084700000|  0%| F|  |TAMS 0x0000000084600000, 0x0000000084600000| Untracked 
|  71|0x0000000084700000, 0x0000000084700000, 0x0000000084800000|  0%| F|  |TAMS 0x0000000084700000, 0x0000000084700000| Untracked 
|  72|0x0000000084800000, 0x0000000084800000, 0x0000000084900000|  0%| F|  |TAMS 0x0000000084800000, 0x0000000084800000| Untracked 
|  73|0x0000000084900000, 0x0000000084900000, 0x0000000084a00000|  0%| F|  |TAMS 0x0000000084900000, 0x0000000084900000| Untracked 
|  74|0x0000000084a00000, 0x0000000084a00000, 0x0000000084b00000|  0%| F|  |TAMS 0x0000000084a00000, 0x0000000084a00000| Untracked 
|  75|0x0000000084b00000, 0x0000000084b00000, 0x0000000084c00000|  0%| F|  |TAMS 0x0000000084b00000, 0x0000000084b00000| Untracked 
|  76|0x0000000084c00000, 0x0000000084c00000, 0x0000000084d00000|  0%| F|  |TAMS 0x0000000084c00000, 0x0000000084c00000| Untracked 
|  77|0x0000000084d00000, 0x0000000084d00000, 0x0000000084e00000|  0%| F|  |TAMS 0x0000000084d00000, 0x0000000084d00000| Untracked 
|  78|0x0000000084e00000, 0x0000000084e00000, 0x0000000084f00000|  0%| F|  |TAMS 0x0000000084e00000, 0x0000000084e00000| Untracked 
|  79|0x0000000084f00000, 0x0000000084f00000, 0x0000000085000000|  0%| F|  |TAMS 0x0000000084f00000, 0x0000000084f00000| Untracked 
|  80|0x0000000085000000, 0x0000000085000000, 0x0000000085100000|  0%| F|  |TAMS 0x0000000085000000, 0x0000000085000000| Untracked 
|  81|0x0000000085100000, 0x0000000085100000, 0x0000000085200000|  0%| F|  |TAMS 0x0000000085100000, 0x0000000085100000| Untracked 
|  82|0x0000000085200000, 0x0000000085200000, 0x0000000085300000|  0%| F|  |TAMS 0x0000000085200000, 0x0000000085200000| Untracked 
|  83|0x0000000085300000, 0x0000000085300000, 0x0000000085400000|  0%| F|  |TAMS 0x0000000085300000, 0x0000000085300000| Untracked 
|  84|0x0000000085400000, 0x0000000085400000, 0x0000000085500000|  0%| F|  |TAMS 0x0000000085400000, 0x0000000085400000| Untracked 
|  85|0x0000000085500000, 0x0000000085500000, 0x0000000085600000|  0%| F|  |TAMS 0x0000000085500000, 0x0000000085500000| Untracked 
|  86|0x0000000085600000, 0x0000000085600000, 0x0000000085700000|  0%| F|  |TAMS 0x0000000085600000, 0x0000000085600000| Untracked 
|  87|0x0000000085700000, 0x0000000085700000, 0x0000000085800000|  0%| F|  |TAMS 0x0000000085700000, 0x0000000085700000| Untracked 
|  88|0x0000000085800000, 0x0000000085800000, 0x0000000085900000|  0%| F|  |TAMS 0x0000000085800000, 0x0000000085800000| Untracked 
|  89|0x0000000085900000, 0x0000000085900000, 0x0000000085a00000|  0%| F|  |TAMS 0x0000000085900000, 0x0000000085900000| Untracked 
|  90|0x0000000085a00000, 0x0000000085a00000, 0x0000000085b00000|  0%| F|  |TAMS 0x0000000085a00000, 0x0000000085a00000| Untracked 
|  91|0x0000000085b00000, 0x0000000085b00000, 0x0000000085c00000|  0%| F|  |TAMS 0x0000000085b00000, 0x0000000085b00000| Untracked 
|  92|0x0000000085c00000, 0x0000000085c00000, 0x0000000085d00000|  0%| F|  |TAMS 0x0000000085c00000, 0x0000000085c00000| Untracked 
|  93|0x0000000085d00000, 0x0000000085d00000, 0x0000000085e00000|  0%| F|  |TAMS 0x0000000085d00000, 0x0000000085d00000| Untracked 
|  94|0x0000000085e00000, 0x0000000085e00000, 0x0000000085f00000|  0%| F|  |TAMS 0x0000000085e00000, 0x0000000085e00000| Untracked 
|  95|0x0000000085f00000, 0x0000000085f00000, 0x0000000086000000|  0%| F|  |TAMS 0x0000000085f00000, 0x0000000085f00000| Untracked 
|  96|0x0000000086000000, 0x0000000086000000, 0x0000000086100000|  0%| F|  |TAMS 0x0000000086000000, 0x0000000086000000| Untracked 
|  97|0x0000000086100000, 0x0000000086100000, 0x0000000086200000|  0%| F|  |TAMS 0x0000000086100000, 0x0000000086100000| Untracked 
|  98|0x0000000086200000, 0x0000000086200000, 0x0000000086300000|  0%| F|  |TAMS 0x0000000086200000, 0x0000000086200000| Untracked 
|  99|0x0000000086300000, 0x0000000086300000, 0x0000000086400000|  0%| F|  |TAMS 0x0000000086300000, 0x0000000086300000| Untracked 
| 100|0x0000000086400000, 0x0000000086400000, 0x0000000086500000|  0%| F|  |TAMS 0x0000000086400000, 0x0000000086400000| Untracked 
| 101|0x0000000086500000, 0x0000000086500000, 0x0000000086600000|  0%| F|  |TAMS 0x0000000086500000, 0x0000000086500000| Untracked 
| 102|0x0000000086600000, 0x0000000086600000, 0x0000000086700000|  0%| F|  |TAMS 0x0000000086600000, 0x0000000086600000| Untracked 
| 103|0x0000000086700000, 0x0000000086700000, 0x0000000086800000|  0%| F|  |TAMS 0x0000000086700000, 0x0000000086700000| Untracked 
| 104|0x0000000086800000, 0x0000000086800000, 0x0000000086900000|  0%| F|  |TAMS 0x0000000086800000, 0x0000000086800000| Untracked 
| 105|0x0000000086900000, 0x0000000086900000, 0x0000000086a00000|  0%| F|  |TAMS 0x0000000086900000, 0x0000000086900000| Untracked 
| 106|0x0000000086a00000, 0x0000000086a00000, 0x0000000086b00000|  0%| F|  |TAMS 0x0000000086a00000, 0x0000000086a00000| Untracked 
| 107|0x0000000086b00000, 0x0000000086b00000, 0x0000000086c00000|  0%| F|  |TAMS 0x0000000086b00000, 0x0000000086b00000| Untracked 
| 108|0x0000000086c00000, 0x0000000086c00000, 0x0000000086d00000|  0%| F|  |TAMS 0x0000000086c00000, 0x0000000086c00000| Untracked 
| 109|0x0000000086d00000, 0x0000000086d00000, 0x0000000086e00000|  0%| F|  |TAMS 0x0000000086d00000, 0x0000000086d00000| Untracked 
| 110|0x0000000086e00000, 0x0000000086e00000, 0x0000000086f00000|  0%| F|  |TAMS 0x0000000086e00000, 0x0000000086e00000| Untracked 
| 111|0x0000000086f00000, 0x0000000086f00000, 0x0000000087000000|  0%| F|  |TAMS 0x0000000086f00000, 0x0000000086f00000| Untracked 
| 112|0x0000000087000000, 0x0000000087000000, 0x0000000087100000|  0%| F|  |TAMS 0x0000000087000000, 0x0000000087000000| Untracked 
| 113|0x0000000087100000, 0x0000000087100000, 0x0000000087200000|  0%| F|  |TAMS 0x0000000087100000, 0x0000000087100000| Untracked 
| 114|0x0000000087200000, 0x0000000087200000, 0x0000000087300000|  0%| F|  |TAMS 0x0000000087200000, 0x0000000087200000| Untracked 
| 115|0x0000000087300000, 0x0000000087300000, 0x0000000087400000|  0%| F|  |TAMS 0x0000000087300000, 0x0000000087300000| Untracked 
| 116|0x0000000087400000, 0x0000000087400000, 0x0000000087500000|  0%| F|  |TAMS 0x0000000087400000, 0x0000000087400000| Untracked 
| 117|0x0000000087500000, 0x0000000087500000, 0x0000000087600000|  0%| F|  |TAMS 0x0000000087500000, 0x0000000087500000| Untracked 
| 118|0x0000000087600000, 0x0000000087600000, 0x0000000087700000|  0%| F|  |TAMS 0x0000000087600000, 0x0000000087600000| Untracked 
| 119|0x0000000087700000, 0x0000000087700000, 0x0000000087800000|  0%| F|  |TAMS 0x0000000087700000, 0x0000000087700000| Untracked 
| 120|0x0000000087800000, 0x0000000087800000, 0x0000000087900000|  0%| F|  |TAMS 0x0000000087800000, 0x0000000087800000| Untracked 
| 121|0x0000000087900000, 0x0000000087900000, 0x0000000087a00000|  0%| F|  |TAMS 0x0000000087900000, 0x0000000087900000| Untracked 
| 122|0x0000000087a00000, 0x0000000087a00000, 0x0000000087b00000|  0%| F|  |TAMS 0x0000000087a00000, 0x0000000087a00000| Untracked 
| 123|0x0000000087b00000, 0x0000000087b00000, 0x0000000087c00000|  0%| F|  |TAMS 0x0000000087b00000, 0x0000000087b00000| Untracked 
| 124|0x0000000087c00000, 0x0000000087c00000, 0x0000000087d00000|  0%| F|  |TAMS 0x0000000087c00000, 0x0000000087c00000| Untracked 
| 125|0x0000000087d00000, 0x0000000087d00000, 0x0000000087e00000|  0%| F|  |TAMS 0x0000000087d00000, 0x0000000087d00000| Untracked 
| 126|0x0000000087e00000, 0x0000000087e00000, 0x0000000087f00000|  0%| F|  |TAMS 0x0000000087e00000, 0x0000000087e00000| Untracked 
| 127|0x0000000087f00000, 0x0000000087f00000, 0x0000000088000000|  0%| F|  |TAMS 0x0000000087f00000, 0x0000000087f00000| Untracked 
| 128|0x0000000088000000, 0x0000000088000000, 0x0000000088100000|  0%| F|  |TAMS 0x0000000088000000, 0x0000000088000000| Untracked 
| 129|0x0000000088100000, 0x0000000088100000, 0x0000000088200000|  0%| F|  |TAMS 0x0000000088100000, 0x0000000088100000| Untracked 
| 130|0x0000000088200000, 0x0000000088200000, 0x0000000088300000|  0%| F|  |TAMS 0x0000000088200000, 0x0000000088200000| Untracked 
| 131|0x0000000088300000, 0x0000000088300000, 0x0000000088400000|  0%| F|  |TAMS 0x0000000088300000, 0x0000000088300000| Untracked 
| 132|0x0000000088400000, 0x0000000088400000, 0x0000000088500000|  0%| F|  |TAMS 0x0000000088400000, 0x0000000088400000| Untracked 
| 133|0x0000000088500000, 0x0000000088562b70, 0x0000000088600000| 38%| S|CS|TAMS 0x0000000088500000, 0x0000000088500000| Complete 
| 134|0x0000000088600000, 0x0000000088600000, 0x0000000088700000|  0%| F|  |TAMS 0x0000000088600000, 0x0000000088600000| Untracked 
| 135|0x0000000088700000, 0x0000000088700000, 0x0000000088800000|  0%| F|  |TAMS 0x0000000088700000, 0x0000000088700000| Untracked 
| 136|0x0000000088800000, 0x0000000088800000, 0x0000000088900000|  0%| F|  |TAMS 0x0000000088800000, 0x0000000088800000| Untracked 
| 250|0x000000008fa00000, 0x000000008fa00000, 0x000000008fb00000|  0%| F|  |TAMS 0x000000008fa00000, 0x000000008fa00000| Untracked 
| 251|0x000000008fb00000, 0x000000008fb00000, 0x000000008fc00000|  0%| F|  |TAMS 0x000000008fb00000, 0x000000008fb00000| Untracked 

Card table byte_map: [0x000001fc37e10000,0x000001fc38210000] _byte_map_base: 0x000001fc37a10000

Marking Bits (Prev, Next): (CMBitMap*) 0x000001fc1fea0320, (CMBitMap*) 0x000001fc1fea0360
 Prev Bits: [0x000001fc38610000, 0x000001fc3a610000)
 Next Bits: [0x000001fc3a610000, 0x000001fc3c610000)

Polling page: 0x000001fc1e5a0000

Metaspace:

Usage:
  Non-class:     49.32 MB used.
      Class:      7.93 MB used.
       Both:     57.25 MB used.

Virtual space:
  Non-class space:       64.00 MB reserved,      49.62 MB ( 78%) committed,  1 nodes.
      Class space:      416.00 MB reserved,       8.19 MB (  2%) committed,  1 nodes.
             Both:      480.00 MB reserved,      57.81 MB ( 12%) committed. 

Chunk freelists:
   Non-Class:  13.83 MB
       Class:  7.76 MB
        Both:  21.59 MB

MaxMetaspaceSize: 512.00 MB
CompressedClassSpaceSize: 416.00 MB
Initial GC threshold: 21.00 MB
Current GC threshold: 96.25 MB
CDS: on
MetaspaceReclaimPolicy: balanced
 - commit_granule_bytes: 65536.
 - commit_granule_words: 8192.
 - virtual_space_node_default_size: 8388608.
 - enlarge_chunks_in_place: 1.
 - new_chunks_are_fully_committed: 0.
 - uncommit_free_chunks: 1.
 - use_allocation_guard: 0.
 - handle_deallocations: 1.


Internal statistics:

num_allocs_failed_limit: 6.
num_arena_births: 708.
num_arena_deaths: 0.
num_vsnodes_births: 2.
num_vsnodes_deaths: 0.
num_space_committed: 925.
num_space_uncommitted: 0.
num_chunks_returned_to_freelist: 6.
num_chunks_taken_from_freelist: 3034.
num_chunk_merges: 6.
num_chunk_splits: 2033.
num_chunks_enlarged: 1361.
num_inconsistent_stats: 0.

CodeHeap 'non-profiled nmethods': size=119168Kb used=4643Kb max_used=4643Kb free=114524Kb
 bounds [0x000001fc2f5f0000, 0x000001fc2fa80000, 0x000001fc36a50000]
CodeHeap 'profiled nmethods': size=119104Kb used=14869Kb max_used=14869Kb free=104234Kb
 bounds [0x000001fc27a50000, 0x000001fc288e0000, 0x000001fc2eea0000]
CodeHeap 'non-nmethods': size=7488Kb used=2354Kb max_used=4057Kb free=5133Kb
 bounds [0x000001fc2eea0000, 0x000001fc2f2b0000, 0x000001fc2f5f0000]
 total_blobs=8388 nmethods=7507 adapters=793
 compilation: enabled
              stopped_count=0, restarted_count=0
 full_count=0

Compilation events (20 events):
Event: 8616.930 Thread 0x000001fc3f493e40 8389       4       com.sun.jmx.mbeanserver.DefaultMXBeanMappingFactory$IdentityMapping::toNonNullOpenValue (2 bytes)
Event: 8616.930 Thread 0x000001fc3f493e40 nmethod 8389 0x000001fc2fa77c10 code [0x000001fc2fa77d80, 0x000001fc2fa77df8]
Event: 8617.279 Thread 0x000001fc3f493e40 8390   !   4       org.gradle.internal.concurrent.ExecutorPolicy$CatchAndRecordFailures::onExecute (29 bytes)
Event: 8617.585 Thread 0x000001fc3f493e40 nmethod 8390 0x000001fc2fa77f10 code [0x000001fc2fa780a0, 0x000001fc2fa78218]
Event: 8618.014 Thread 0x000001fc3f493e40 8391       4       org.gradle.launcher.daemon.registry.PersistentDaemonRegistry$1::isSatisfiedBy (9 bytes)
Event: 8618.024 Thread 0x000001fc3f493e40 nmethod 8391 0x000001fc2fa78390 code [0x000001fc2fa78520, 0x000001fc2fa785d8]
Event: 8619.768 Thread 0x000001fc3f493e40 8392       4       java.util.concurrent.locks.AbstractQueuedSynchronizer::acquire (20 bytes)
Event: 8619.770 Thread 0x000001fc3f493e40 nmethod 8392 0x000001fc2fa78710 code [0x000001fc2fa788a0, 0x000001fc2fa78a88]
Event: 8620.119 Thread 0x000001fc3f49e9f0 8393       3       java.util.LinkedHashMap$LinkedValues::toArray (18 bytes)
Event: 8620.141 Thread 0x000001fc3f49e9f0 nmethod 8393 0x000001fc288d3e10 code [0x000001fc288d3fc0, 0x000001fc288d41a8]
Event: 8620.141 Thread 0x000001fc3f49e9f0 8394       3       org.gradle.launcher.daemon.server.health.gc.GarbageCollectionStats::findMaxSize (23 bytes)
Event: 8620.146 Thread 0x000001fc3f49e9f0 nmethod 8394 0x000001fc288d4290 code [0x000001fc288d4460, 0x000001fc288d4838]
Event: 8620.146 Thread 0x000001fc3f49e9f0 8395       3       org.gradle.launcher.daemon.server.health.gc.GarbageCollectionStats::<init> (47 bytes)
Event: 8620.333 Thread 0x000001fc3f49e9f0 nmethod 8395 0x000001fc288d4990 code [0x000001fc288d4b40, 0x000001fc288d4d68]
Event: 8620.336 Thread 0x000001fc3f493e40 8407       4       sun.util.logging.internal.LoggingProviderImpl$JULWrapper::toJUL (40 bytes)
Event: 8620.351 Thread 0x000001fc3f493e40 nmethod 8407 0x000001fc2fa78b90 code [0x000001fc2fa78d00, 0x000001fc2fa78d98]
Event: 8620.503 Thread 0x000001fc3f493e40 8408       4       java.lang.reflect.AccessibleObject::checkCanSetAccessible (368 bytes)
Event: 8621.846 Thread 0x000001fc3f49e9f0 8410       3       org.gradle.internal.os.OperatingSystem::current (21 bytes)
Event: 8622.429 Thread 0x000001fc3f49e9f0 nmethod 8410 0x000001fc288d4e90 code [0x000001fc288d50a0, 0x000001fc288d55d8]
Event: 8623.021 Thread 0x000001fc3f49e9f0 8415       3       org.gradle.launcher.daemon.server.expiry.AnyDaemonExpirationStrategy::checkExpiration (114 bytes)

GC Heap History (20 events):
Event: 1082.348 GC heap after
{Heap after GC invocations=27 (full 0):
 garbage-first heap   total 86016K, used 51397K [0x0000000080000000, 0x0000000100000000)
  region size 1024K, 3 young (3072K), 3 survivors (3072K)
 Metaspace       used 56970K, committed 57536K, reserved 491520K
  class space    used 7863K, committed 8128K, reserved 425984K
}
Event: 1082.856 GC heap before
{Heap before GC invocations=28 (full 0):
 garbage-first heap   total 89088K, used 70853K [0x0000000080000000, 0x0000000100000000)
  region size 1024K, 22 young (22528K), 3 survivors (3072K)
 Metaspace       used 58360K, committed 59008K, reserved 491520K
  class space    used 8101K, committed 8384K, reserved 425984K
}
Event: 1082.858 GC heap after
{Heap after GC invocations=29 (full 0):
 garbage-first heap   total 89088K, used 52753K [0x0000000080000000, 0x0000000100000000)
  region size 1024K, 3 young (3072K), 3 survivors (3072K)
 Metaspace       used 58360K, committed 59008K, reserved 491520K
  class space    used 8101K, committed 8384K, reserved 425984K
}
Event: 1131.877 GC heap before
{Heap before GC invocations=29 (full 0):
 garbage-first heap   total 89088K, used 74257K [0x0000000080000000, 0x0000000100000000)
  region size 1024K, 24 young (24576K), 3 survivors (3072K)
 Metaspace       used 58458K, committed 59136K, reserved 491520K
  class space    used 8114K, committed 8384K, reserved 425984K
}
Event: 1131.883 GC heap after
{Heap after GC invocations=30 (full 0):
 garbage-first heap   total 89088K, used 53066K [0x0000000080000000, 0x0000000100000000)
  region size 1024K, 2 young (2048K), 2 survivors (2048K)
 Metaspace       used 58458K, committed 59136K, reserved 491520K
  class space    used 8114K, committed 8384K, reserved 425984K
}
Event: 1183.533 GC heap before
{Heap before GC invocations=31 (full 0):
 garbage-first heap   total 92160K, used 74570K [0x0000000080000000, 0x0000000100000000)
  region size 1024K, 23 young (23552K), 2 survivors (2048K)
 Metaspace       used 58482K, committed 59136K, reserved 491520K
  class space    used 8115K, committed 8384K, reserved 425984K
}
Event: 1183.538 GC heap after
{Heap after GC invocations=32 (full 0):
 garbage-first heap   total 110592K, used 53217K [0x0000000080000000, 0x0000000100000000)
  region size 1024K, 2 young (2048K), 2 survivors (2048K)
 Metaspace       used 58482K, committed 59136K, reserved 491520K
  class space    used 8115K, committed 8384K, reserved 425984K
}
Event: 1275.930 GC heap before
{Heap before GC invocations=32 (full 0):
 garbage-first heap   total 110592K, used 90081K [0x0000000080000000, 0x0000000100000000)
  region size 1024K, 38 young (38912K), 2 survivors (2048K)
 Metaspace       used 58492K, committed 59136K, reserved 491520K
  class space    used 8115K, committed 8384K, reserved 425984K
}
Event: 1276.056 GC heap after
{Heap after GC invocations=33 (full 0):
 garbage-first heap   total 110592K, used 53389K [0x0000000080000000, 0x0000000100000000)
  region size 1024K, 3 young (3072K), 3 survivors (3072K)
 Metaspace       used 58492K, committed 59136K, reserved 491520K
  class space    used 8115K, committed 8384K, reserved 425984K
}
Event: 1380.959 GC heap before
{Heap before GC invocations=34 (full 0):
 garbage-first heap   total 110592K, used 91277K [0x0000000080000000, 0x0000000100000000)
  region size 1024K, 40 young (40960K), 3 survivors (3072K)
 Metaspace       used 58513K, committed 59136K, reserved 491520K
  class space    used 8115K, committed 8384K, reserved 425984K
}
Event: 1380.981 GC heap after
{Heap after GC invocations=35 (full 0):
 garbage-first heap   total 110592K, used 53724K [0x0000000080000000, 0x0000000100000000)
  region size 1024K, 3 young (3072K), 3 survivors (3072K)
 Metaspace       used 58513K, committed 59136K, reserved 491520K
  class space    used 8115K, committed 8384K, reserved 425984K
}
Event: 1493.900 GC heap before
{Heap before GC invocations=35 (full 0):
 garbage-first heap   total 110592K, used 92636K [0x0000000080000000, 0x0000000100000000)
  region size 1024K, 41 young (41984K), 3 survivors (3072K)
 Metaspace       used 58519K, committed 59136K, reserved 491520K
  class space    used 8115K, committed 8384K, reserved 425984K
}
Event: 1494.044 GC heap after
{Heap after GC invocations=36 (full 0):
 garbage-first heap   total 110592K, used 53774K [0x0000000080000000, 0x0000000100000000)
  region size 1024K, 3 young (3072K), 3 survivors (3072K)
 Metaspace       used 58519K, committed 59136K, reserved 491520K
  class space    used 8115K, committed 8384K, reserved 425984K
}
Event: 8610.624 GC heap before
{Heap before GC invocations=37 (full 0):
 garbage-first heap   total 110592K, used 92686K [0x0000000080000000, 0x0000000100000000)
  region size 1024K, 41 young (41984K), 3 survivors (3072K)
 Metaspace       used 58574K, committed 59200K, reserved 491520K
  class space    used 8120K, committed 8384K, reserved 425984K
}
Event: 8610.708 GC heap after
{Heap after GC invocations=38 (full 0):
 garbage-first heap   total 110592K, used 53844K [0x0000000080000000, 0x0000000100000000)
  region size 1024K, 3 young (3072K), 3 survivors (3072K)
 Metaspace       used 58574K, committed 59200K, reserved 491520K
  class space    used 8120K, committed 8384K, reserved 425984K
}
Event: 8623.329 GC heap before
{Heap before GC invocations=38 (full 0):
 garbage-first heap   total 110592K, used 93780K [0x0000000080000000, 0x0000000100000000)
  region size 1024K, 42 young (43008K), 3 survivors (3072K)
 Metaspace       used 58623K, committed 59200K, reserved 491520K
  class space    used 8120K, committed 8384K, reserved 425984K
}
Event: 8628.200 GC heap after
{Heap after GC invocations=39 (full 0):
 garbage-first heap   total 110592K, used 53493K [0x0000000080000000, 0x0000000100000000)
  region size 1024K, 3 young (3072K), 3 survivors (3072K)
 Metaspace       used 58623K, committed 59200K, reserved 491520K
  class space    used 8120K, committed 8384K, reserved 425984K
}
Event: 8642.133 GC heap before
{Heap before GC invocations=39 (full 0):
 garbage-first heap   total 110592K, used 55541K [0x0000000080000000, 0x0000000100000000)
  region size 1024K, 5 young (5120K), 3 survivors (3072K)
 Metaspace       used 58623K, committed 59200K, reserved 491520K
  class space    used 8120K, committed 8384K, reserved 425984K
}
Event: 8647.205 GC heap after
{Heap after GC invocations=40 (full 0):
 garbage-first heap   total 110592K, used 53398K [0x0000000080000000, 0x0000000100000000)
  region size 1024K, 1 young (1024K), 1 survivors (1024K)
 Metaspace       used 58623K, committed 59200K, reserved 491520K
  class space    used 8120K, committed 8384K, reserved 425984K
}
Event: 8648.273 GC heap before
{Heap before GC invocations=40 (full 0):
 garbage-first heap   total 110592K, used 57494K [0x0000000080000000, 0x0000000100000000)
  region size 1024K, 5 young (5120K), 1 survivors (1024K)
 Metaspace       used 58623K, committed 59200K, reserved 491520K
  class space    used 8120K, committed 8384K, reserved 425984K
}

Dll operation events (13 events):
Event: 1.651 Loaded shared library C:\Program Files\Eclipse Adoptium\jdk-17.0.15.6-hotspot\bin\java.dll
Event: 2.885 Loaded shared library C:\Program Files\Eclipse Adoptium\jdk-17.0.15.6-hotspot\bin\jsvml.dll
Event: 5.324 Loaded shared library C:\Program Files\Eclipse Adoptium\jdk-17.0.15.6-hotspot\bin\net.dll
Event: 5.627 Loaded shared library C:\Program Files\Eclipse Adoptium\jdk-17.0.15.6-hotspot\bin\nio.dll
Event: 5.949 Loaded shared library C:\Program Files\Eclipse Adoptium\jdk-17.0.15.6-hotspot\bin\zip.dll
Event: 11.096 Loaded shared library C:\Program Files\Eclipse Adoptium\jdk-17.0.15.6-hotspot\bin\jimage.dll
Event: 16.167 Loaded shared library C:\Program Files\Eclipse Adoptium\jdk-17.0.15.6-hotspot\bin\verify.dll
Event: 32.444 Loaded shared library C:\Users\karth\.gradle\native\68d5fa5c4cc2d200863cafc0d521ce42e7d3e7ee720ec0a83991735586a16f82\windows-amd64\native-platform.dll
Event: 33.018 Loaded shared library C:\Users\karth\.gradle\native\e376f236ea51e6404a007f0833ffe2c6e607c4080706a723a18a27aeea778392\windows-amd64\native-platform-file-events.dll
Event: 47.719 Loaded shared library C:\Program Files\Eclipse Adoptium\jdk-17.0.15.6-hotspot\bin\management.dll
Event: 47.759 Loaded shared library C:\Program Files\Eclipse Adoptium\jdk-17.0.15.6-hotspot\bin\management_ext.dll
Event: 52.880 Loaded shared library C:\Program Files\Eclipse Adoptium\jdk-17.0.15.6-hotspot\bin\extnet.dll
Event: 65.189 Loaded shared library C:\Program Files\Eclipse Adoptium\jdk-17.0.15.6-hotspot\bin\sunmscapi.dll

Deoptimization events (20 events):
Event: 1203.549 Thread 0x000001fc3f935080 DEOPT PACKING pc=0x000001fc2f642860 sp=0x00000092dcdfe380
Event: 1203.550 Thread 0x000001fc3f935080 DEOPT UNPACKING pc=0x000001fc2eef69a3 sp=0x00000092dcdfe300 mode 2
Event: 1203.551 Thread 0x000001fc3f935080 Uncommon trap: trap_request=0xffffff45 fr.pc=0x000001fc2f62c670 relative=0x0000000000000630
Event: 1203.551 Thread 0x000001fc3f935080 Uncommon trap: reason=unstable_if action=reinterpret pc=0x000001fc2f62c670 method=java.lang.AbstractStringBuilder.append(Ljava/lang/String;)Ljava/lang/AbstractStringBuilder; @ 1 c2
Event: 1203.551 Thread 0x000001fc3f935080 DEOPT PACKING pc=0x000001fc2f62c670 sp=0x00000092dcdfe320
Event: 1203.552 Thread 0x000001fc3f935080 DEOPT UNPACKING pc=0x000001fc2eef69a3 sp=0x00000092dcdfe308 mode 2
Event: 1383.377 Thread 0x000001fc5f2c0310 DEOPT PACKING pc=0x000001fc27b1599b sp=0x00000092dd2f7c40
Event: 1383.379 Thread 0x000001fc5f2c0310 DEOPT UNPACKING pc=0x000001fc2eef7143 sp=0x00000092dd2f7160 mode 0
Event: 1383.380 Thread 0x000001fc5f2c0310 Uncommon trap: trap_request=0xffffff45 fr.pc=0x000001fc2f61d4e4 relative=0x0000000000000064
Event: 1383.380 Thread 0x000001fc5f2c0310 Uncommon trap: reason=unstable_if action=reinterpret pc=0x000001fc2f61d4e4 method=java.io.WinNTFileSystem.isSlash(C)Z @ 9 c2
Event: 1383.380 Thread 0x000001fc5f2c0310 DEOPT PACKING pc=0x000001fc2f61d4e4 sp=0x00000092dd2f7c60
Event: 1383.381 Thread 0x000001fc5f2c0310 DEOPT UNPACKING pc=0x000001fc2eef69a3 sp=0x00000092dd2f7be8 mode 2
Event: 1997.445 Thread 0x000001fc5f2c0310 Uncommon trap: trap_request=0xffffff45 fr.pc=0x000001fc2f720e44 relative=0x0000000000000124
Event: 1997.445 Thread 0x000001fc5f2c0310 Uncommon trap: reason=unstable_if action=reinterpret pc=0x000001fc2f720e44 method=org.gradle.internal.time.DefaultCountdownTimer.hasExpired()Z @ 6 c2
Event: 1997.445 Thread 0x000001fc5f2c0310 DEOPT PACKING pc=0x000001fc2f720e44 sp=0x00000092dd2f7d80
Event: 1997.447 Thread 0x000001fc5f2c0310 DEOPT UNPACKING pc=0x000001fc2eef69a3 sp=0x00000092dd2f7d48 mode 2
Event: 1997.447 Thread 0x000001fc5f2c0310 Uncommon trap: trap_request=0xffffff45 fr.pc=0x000001fc2f758f1c relative=0x00000000000057dc
Event: 1997.447 Thread 0x000001fc5f2c0310 Uncommon trap: reason=unstable_if action=reinterpret pc=0x000001fc2f758f1c method=org.gradle.internal.io.ExponentialBackoff.retryUntil(Lorg/gradle/internal/io/IOQuery;)Ljava/lang/Object; @ 25 c2
Event: 1997.448 Thread 0x000001fc5f2c0310 DEOPT PACKING pc=0x000001fc2f758f1c sp=0x00000092dd2f7de0
Event: 1997.448 Thread 0x000001fc5f2c0310 DEOPT UNPACKING pc=0x000001fc2eef69a3 sp=0x00000092dd2f7e68 mode 2

Classes loaded (20 events):
Event: 1061.696 Loading class java/lang/Byte$ByteCache
Event: 1061.696 Loading class java/lang/Byte$ByteCache done
Event: 1061.799 Loading class java/util/regex/Pattern$SliceI
Event: 1061.799 Loading class java/util/regex/Pattern$SliceI done
Event: 1079.277 Loading class jdk/internal/loader/URLClassPath$FileLoader
Event: 1079.277 Loading class jdk/internal/loader/URLClassPath$FileLoader done
Event: 1079.290 Loading class jdk/internal/loader/URLClassPath$FileLoader$1
Event: 1079.290 Loading class jdk/internal/loader/URLClassPath$FileLoader$1 done
Event: 1079.854 Loading class java/lang/AbstractMethodError
Event: 1079.854 Loading class java/lang/AbstractMethodError done
Event: 1079.914 Loading class java/time/temporal/WeekFields
Event: 1079.916 Loading class java/time/temporal/WeekFields done
Event: 1079.916 Loading class java/time/temporal/WeekFields$ComputedDayOfField
Event: 1079.917 Loading class java/time/temporal/WeekFields$ComputedDayOfField done
Event: 1079.923 Loading class java/time/Month$1
Event: 1079.923 Loading class java/time/Month$1 done
Event: 1079.934 Loading class java/nio/channels/Channels
Event: 1079.935 Loading class java/nio/channels/Channels done
Event: 1079.935 Loading class java/nio/channels/Channels$1
Event: 1079.935 Loading class java/nio/channels/Channels$1 done

Classes unloaded (0 events):
No events

Classes redefined (0 events):
No events

Internal exceptions (20 events):
Event: 1082.303 Thread 0x000001fc5f2c0310 Exception <a 'java/lang/ClassNotFoundException'{0x000000008455cc20}: org/gradle/api/internal/initialization/DefaultScriptHandlerBeanInfo> (0x000000008455cc20) 
thrown [s\src\hotspot\share\classfile\systemDictionary.cpp, line 256]
Event: 1082.304 Thread 0x000001fc5f2c0310 Exception <a 'java/lang/ClassNotFoundException'{0x000000008456e508}: org/gradle/api/internal/initialization/DefaultScriptHandlerCustomizer> (0x000000008456e508) 
thrown [s\src\hotspot\share\classfile\systemDictionary.cpp, line 256]
Event: 1082.326 Thread 0x000001fc5f2c0310 Exception <a 'java/lang/ClassNotFoundException'{0x000000008417e948}: org/gradle/api/internal/artifacts/dsl/DefaultRepositoryHandler_DecoratedBeanInfo> (0x000000008417e948) 
thrown [s\src\hotspot\share\classfile\systemDictionary.cpp, line 256]
Event: 1082.328 Thread 0x000001fc5f2c0310 Exception <a 'java/lang/ClassNotFoundException'{0x0000000084196a98}: org/gradle/api/internal/artifacts/dsl/DefaultRepositoryHandlerBeanInfo> (0x0000000084196a98) 
thrown [s\src\hotspot\share\classfile\systemDictionary.cpp, line 256]
Event: 1082.329 Thread 0x000001fc5f2c0310 Exception <a 'java/lang/ClassNotFoundException'{0x00000000841af638}: org/gradle/api/internal/artifacts/DefaultArtifactRepositoryContainerBeanInfo> (0x00000000841af638) 
thrown [s\src\hotspot\share\classfile\systemDictionary.cpp, line 256]
Event: 1082.330 Thread 0x000001fc5f2c0310 Exception <a 'java/lang/ClassNotFoundException'{0x00000000841c4178}: org/gradle/api/internal/DefaultNamedDomainObjectListBeanInfo> (0x00000000841c4178) 
thrown [s\src\hotspot\share\classfile\systemDictionary.cpp, line 256]
Event: 1082.331 Thread 0x000001fc5f2c0310 Exception <a 'java/lang/ClassNotFoundException'{0x00000000841d9120}: org/gradle/api/internal/DefaultNamedDomainObjectCollectionBeanInfo> (0x00000000841d9120) 
thrown [s\src\hotspot\share\classfile\systemDictionary.cpp, line 256]
Event: 1082.332 Thread 0x000001fc5f2c0310 Exception <a 'java/lang/ClassNotFoundException'{0x00000000841ee200}: org/gradle/api/internal/DefaultDomainObjectCollectionBeanInfo> (0x00000000841ee200) 
thrown [s\src\hotspot\share\classfile\systemDictionary.cpp, line 256]
Event: 1082.332 Thread 0x000001fc5f2c0310 Exception <a 'java/lang/ClassNotFoundException'{0x0000000084003370}: org/gradle/api/internal/DefaultDomainObjectCollectionCustomizer> (0x0000000084003370) 
thrown [s\src\hotspot\share\classfile\systemDictionary.cpp, line 256]
Event: 1082.337 Thread 0x000001fc5f2c0310 Exception <a 'java/lang/ClassNotFoundException'{0x0000000084040570}: org/gradle/api/internal/DefaultNamedDomainObjectCollectionCustomizer> (0x0000000084040570) 
thrown [s\src\hotspot\share\classfile\systemDictionary.cpp, line 256]
Event: 1082.340 Thread 0x000001fc5f2c0310 Exception <a 'java/lang/ClassNotFoundException'{0x0000000084088168}: org/gradle/api/internal/DefaultNamedDomainObjectListCustomizer> (0x0000000084088168) 
thrown [s\src\hotspot\share\classfile\systemDictionary.cpp, line 256]
Event: 1082.343 Thread 0x000001fc5f2c0310 Exception <a 'java/lang/ClassNotFoundException'{0x00000000840cca08}: org/gradle/api/internal/artifacts/DefaultArtifactRepositoryContainerCustomizer> (0x00000000840cca08) 
thrown [s\src\hotspot\share\classfile\systemDictionary.cpp, line 256]
Event: 1082.349 Thread 0x000001fc5f2c0310 Exception <a 'java/lang/ClassNotFoundException'{0x000000008fb0d520}: org/gradle/api/internal/artifacts/dsl/DefaultRepositoryHandlerCustomizer> (0x000000008fb0d520) 
thrown [s\src\hotspot\share\classfile\systemDictionary.cpp, line 256]
Event: 1082.355 Thread 0x000001fc5f2c0310 Exception <a 'java/lang/ClassNotFoundException'{0x000000008fb5c9f0}: org/gradle/api/internal/artifacts/dsl/DefaultRepositoryHandler_DecoratedCustomizer> (0x000000008fb5c9f0) 
thrown [s\src\hotspot\share\classfile\systemDictionary.cpp, line 256]
Event: 1082.374 Thread 0x000001fc5f2c0310 Exception <a 'java/lang/ClassNotFoundException'{0x000000008fbf06a0}: org/gradle/api/internal/artifacts/dsl/dependencies/DefaultDependencyHandler_DecoratedBeanInfo> (0x000000008fbf06a0) 
thrown [s\src\hotspot\share\classfile\systemDictionary.cpp, line 256]
Event: 1082.375 Thread 0x000001fc5f2c0310 Exception <a 'java/lang/ClassNotFoundException'{0x000000008fa08a00}: org/gradle/api/internal/artifacts/dsl/dependencies/DefaultDependencyHandlerBeanInfo> (0x000000008fa08a00) 
thrown [s\src\hotspot\share\classfile\systemDictionary.cpp, line 256]
Event: 1082.376 Thread 0x000001fc5f2c0310 Exception <a 'java/lang/ClassNotFoundException'{0x000000008fa202a8}: org/gradle/api/internal/artifacts/dsl/dependencies/DefaultDependencyHandlerCustomizer> (0x000000008fa202a8) 
thrown [s\src\hotspot\share\classfile\systemDictionary.cpp, line 256]
Event: 1082.381 Thread 0x000001fc5f2c0310 Exception <a 'java/lang/ClassNotFoundException'{0x000000008fa6a180}: org/gradle/api/internal/artifacts/dsl/dependencies/DefaultDependencyHandler_DecoratedCustomizer> (0x000000008fa6a180) 
thrown [s\src\hotspot\share\classfile\systemDictionary.cpp, line 256]
Event: 1203.549 Thread 0x000001fc3f935080 Implicit null exception at 0x000001fc2f642272 to 0x000001fc2f642848
Event: 1203.551 Thread 0x000001fc3f935080 Implicit null exception at 0x000001fc2f62c072 to 0x000001fc2f62c658

VM Operations (20 events):
Event: 8609.415 Executing VM operation: Cleanup done
Event: 8610.623 Executing VM operation: G1CollectForAllocation
Event: 8610.708 Executing VM operation: G1CollectForAllocation done
Event: 8611.715 Executing VM operation: Cleanup
Event: 8612.063 Executing VM operation: Cleanup done
Event: 8613.075 Executing VM operation: Cleanup
Event: 8613.160 Executing VM operation: Cleanup done
Event: 8615.170 Executing VM operation: Cleanup
Event: 8615.282 Executing VM operation: Cleanup done
Event: 8616.285 Executing VM operation: Cleanup
Event: 8616.395 Executing VM operation: Cleanup done
Event: 8617.404 Executing VM operation: Cleanup
Event: 8617.484 Executing VM operation: Cleanup done
Event: 8618.498 Executing VM operation: Cleanup
Event: 8618.546 Executing VM operation: Cleanup done
Event: 8623.167 Executing VM operation: G1CollectForAllocation
Event: 8628.202 Executing VM operation: G1CollectForAllocation done
Event: 8628.854 Executing VM operation: G1CollectForAllocation
Event: 8647.220 Executing VM operation: G1CollectForAllocation done
Event: 8647.387 Executing VM operation: G1CollectForAllocation

Memory protections (0 events):
No events

Nmethod flushes (20 events):
Event: 923.088 Thread 0x000001fc3f79fd80 flushing  nmethod 0x000001fc2829a990
Event: 923.088 Thread 0x000001fc3f79fd80 flushing  nmethod 0x000001fc282a5690
Event: 923.088 Thread 0x000001fc3f79fd80 flushing  nmethod 0x000001fc282a6a10
Event: 923.088 Thread 0x000001fc3f79fd80 flushing  nmethod 0x000001fc282a7210
Event: 923.088 Thread 0x000001fc3f79fd80 flushing  nmethod 0x000001fc282a7c90
Event: 923.088 Thread 0x000001fc3f79fd80 flushing  nmethod 0x000001fc282a9190
Event: 923.088 Thread 0x000001fc3f79fd80 flushing  nmethod 0x000001fc282b2510
Event: 923.089 Thread 0x000001fc3f79fd80 flushing  nmethod 0x000001fc282c5890
Event: 923.089 Thread 0x000001fc3f79fd80 flushing  nmethod 0x000001fc282e5a10
Event: 923.089 Thread 0x000001fc3f79fd80 flushing  nmethod 0x000001fc282eaf90
Event: 923.089 Thread 0x000001fc3f79fd80 flushing  nmethod 0x000001fc282f9410
Event: 923.089 Thread 0x000001fc3f79fd80 flushing  nmethod 0x000001fc2830a490
Event: 923.089 Thread 0x000001fc3f79fd80 flushing  nmethod 0x000001fc2830e290
Event: 923.089 Thread 0x000001fc3f79fd80 flushing  nmethod 0x000001fc2830e790
Event: 923.089 Thread 0x000001fc3f79fd80 flushing  nmethod 0x000001fc2830f910
Event: 923.089 Thread 0x000001fc3f79fd80 flushing  nmethod 0x000001fc28311810
Event: 923.089 Thread 0x000001fc3f79fd80 flushing  nmethod 0x000001fc28367e90
Event: 923.089 Thread 0x000001fc3f79fd80 flushing  nmethod 0x000001fc2836cf10
Event: 923.089 Thread 0x000001fc3f79fd80 flushing  nmethod 0x000001fc28384610
Event: 923.090 Thread 0x000001fc3f79fd80 flushing  nmethod 0x000001fc2842de90

Events (20 events):
Event: 1061.568 Thread 0x000001fc5f23dc90 Thread added: 0x000001fc61e89840
Event: 1061.685 Thread 0x000001fc5f2c0310 Thread added: 0x000001fc60d1fb50
Event: 1062.350 Thread 0x000001fc61e89840 Thread exited: 0x000001fc61e89840
Event: 1068.661 Thread 0x000001fc62576800 Thread exited: 0x000001fc62576800
Event: 1069.302 Thread 0x000001fc3f49e9f0 Thread added: 0x000001fc6143a5c0
Event: 1069.302 Thread 0x000001fc3f49e9f0 Thread added: 0x000001fc60156d80
Event: 1072.929 Thread 0x000001fc60156d80 Thread exited: 0x000001fc60156d80
Event: 1072.929 Thread 0x000001fc6143a5c0 Thread exited: 0x000001fc6143a5c0
Event: 1079.236 Thread 0x000001fc5f23dc90 Thread exited: 0x000001fc5f23dc90
Event: 1079.614 Thread 0x000001fc3f49e9f0 Thread added: 0x000001fc62d612c0
Event: 1081.598 Thread 0x000001fc62d612c0 Thread exited: 0x000001fc62d612c0
Event: 1082.427 Thread 0x000001fc5f2c0310 Thread added: 0x000001fc60d1d7e0
Event: 1082.638 Thread 0x000001fc3f49e9f0 Thread added: 0x000001fc63a6d960
Event: 1082.741 Thread 0x000001fc3f49e9f0 Thread added: 0x000001fc60bfb110
Event: 1083.814 Thread 0x000001fc60bfb110 Thread exited: 0x000001fc60bfb110
Event: 1088.823 Thread 0x000001fc63a6d960 Thread exited: 0x000001fc63a6d960
Event: 1998.322 Thread 0x000001fc3f49e9f0 Thread added: 0x000001fc6103e870
Event: 1998.324 Thread 0x000001fc3f49e9f0 Thread added: 0x000001fc6257f810
Event: 2000.206 Thread 0x000001fc6257f810 Thread exited: 0x000001fc6257f810
Event: 2001.009 Thread 0x000001fc6103e870 Thread exited: 0x000001fc6103e870


Dynamic libraries:
0x00007ff687c40000 - 0x00007ff687c4e000 	C:\Program Files\Eclipse Adoptium\jdk-17.0.15.6-hotspot\bin\java.exe
0x00007fffc3680000 - 0x00007fffc38e6000 	C:\WINDOWS\SYSTEM32\ntdll.dll
0x00007fffc2160000 - 0x00007fffc2229000 	C:\WINDOWS\System32\KERNEL32.DLL
0x00007fffc0ae0000 - 0x00007fffc0eac000 	C:\WINDOWS\System32\KERNELBASE.dll
0x0000000070320000 - 0x00000000703bd000 	C:\ProgramData\Symantec\Symantec Endpoint Protection\14.3.9205.6000.105\Data\Sysfer\x64\sysfer.dll
0x00007fffc0810000 - 0x00007fffc095b000 	C:\WINDOWS\System32\ucrtbase.dll
0x00007fff9be20000 - 0x00007fff9be37000 	C:\Program Files\Eclipse Adoptium\jdk-17.0.15.6-hotspot\bin\jli.dll
0x00007fff99aa0000 - 0x00007fff99abe000 	C:\Program Files\Eclipse Adoptium\jdk-17.0.15.6-hotspot\bin\VCRUNTIME140.dll
0x00007fffc14c0000 - 0x00007fffc168a000 	C:\WINDOWS\System32\USER32.dll
0x00007fffc1360000 - 0x00007fffc1387000 	C:\WINDOWS\System32\win32u.dll
0x00007fffc1730000 - 0x00007fffc175b000 	C:\WINDOWS\System32\GDI32.dll
0x00007fffc0f70000 - 0x00007fffc10a2000 	C:\WINDOWS\System32\gdi32full.dll
0x00007fffc1390000 - 0x00007fffc1433000 	C:\WINDOWS\System32\msvcp_win.dll
0x00007fffa61a0000 - 0x00007fffa643a000 	C:\WINDOWS\WinSxS\amd64_microsoft.windows.common-controls_6595b64144ccf1df_6.0.26100.3912_none_3e07963ce335137e\COMCTL32.dll
0x00007fffc3590000 - 0x00007fffc3639000 	C:\WINDOWS\System32\msvcrt.dll
0x00007fffc2850000 - 0x00007fffc2880000 	C:\WINDOWS\System32\IMM32.DLL
0x00007fffa4250000 - 0x00007fffa425c000 	C:\Program Files\Eclipse Adoptium\jdk-17.0.15.6-hotspot\bin\vcruntime140_1.dll
0x00007fff7c670000 - 0x00007fff7c6fd000 	C:\Program Files\Eclipse Adoptium\jdk-17.0.15.6-hotspot\bin\msvcp140.dll
0x00007fff3e940000 - 0x00007fff3f5ab000 	C:\Program Files\Eclipse Adoptium\jdk-17.0.15.6-hotspot\bin\server\jvm.dll
0x00007fffc2e40000 - 0x00007fffc2ef2000 	C:\WINDOWS\System32\ADVAPI32.dll
0x00007fffc1760000 - 0x00007fffc1806000 	C:\WINDOWS\System32\sechost.dll
0x00007fffc2040000 - 0x00007fffc2156000 	C:\WINDOWS\System32\RPCRT4.dll
0x00007fffc3500000 - 0x00007fffc3574000 	C:\WINDOWS\System32\WS2_32.dll
0x00007fffc0680000 - 0x00007fffc06de000 	C:\WINDOWS\SYSTEM32\POWRPROF.dll
0x00007fffb52a0000 - 0x00007fffb52d6000 	C:\WINDOWS\SYSTEM32\WINMM.dll
0x00007fffa9820000 - 0x00007fffa982b000 	C:\WINDOWS\SYSTEM32\VERSION.dll
0x00007fffc0660000 - 0x00007fffc0674000 	C:\WINDOWS\SYSTEM32\UMPDC.dll
0x00007fffbf5d0000 - 0x00007fffbf5ea000 	C:\WINDOWS\SYSTEM32\kernel.appcore.dll
0x00007fffa41b0000 - 0x00007fffa41ba000 	C:\Program Files\Eclipse Adoptium\jdk-17.0.15.6-hotspot\bin\jimage.dll
0x00007fffbe100000 - 0x00007fffbe341000 	C:\WINDOWS\SYSTEM32\DBGHELP.DLL
0x00007fffc3000000 - 0x00007fffc3384000 	C:\WINDOWS\System32\combase.dll
0x00007fffc2b40000 - 0x00007fffc2c20000 	C:\WINDOWS\System32\OLEAUT32.dll
0x00007fff95100000 - 0x00007fff95139000 	C:\WINDOWS\SYSTEM32\dbgcore.DLL
0x00007fffc12c0000 - 0x00007fffc1359000 	C:\WINDOWS\System32\bcryptPrimitives.dll
0x00007fff988b0000 - 0x00007fff988d5000 	C:\Program Files\Eclipse Adoptium\jdk-17.0.15.6-hotspot\bin\java.dll
0x00007fff7c590000 - 0x00007fff7c667000 	C:\Program Files\Eclipse Adoptium\jdk-17.0.15.6-hotspot\bin\jsvml.dll
0x00007fffc1890000 - 0x00007fffc1fbd000 	C:\WINDOWS\System32\SHELL32.dll
0x00007fffc0960000 - 0x00007fffc0ad4000 	C:\WINDOWS\System32\wintypes.dll
0x00007fffbe450000 - 0x00007fffbeca6000 	C:\WINDOWS\SYSTEM32\windows.storage.dll
0x00007fffc2f00000 - 0x00007fffc2fef000 	C:\WINDOWS\System32\SHCORE.dll
0x00007fffc1820000 - 0x00007fffc1889000 	C:\WINDOWS\System32\shlwapi.dll
0x00007fffc0720000 - 0x00007fffc074f000 	C:\WINDOWS\SYSTEM32\profapi.dll
0x00007fff99a10000 - 0x00007fff99a29000 	C:\Program Files\Eclipse Adoptium\jdk-17.0.15.6-hotspot\bin\net.dll
0x00007fffaf2b0000 - 0x00007fffaf3ce000 	C:\WINDOWS\SYSTEM32\WINHTTP.dll
0x00007fffbfb40000 - 0x00007fffbfbaa000 	C:\WINDOWS\system32\mswsock.dll
0x00007fff98f80000 - 0x00007fff98f96000 	C:\Program Files\Eclipse Adoptium\jdk-17.0.15.6-hotspot\bin\nio.dll
0x00007fff98520000 - 0x00007fff98538000 	C:\Program Files\Eclipse Adoptium\jdk-17.0.15.6-hotspot\bin\zip.dll
0x00007fffa4150000 - 0x00007fffa4160000 	C:\Program Files\Eclipse Adoptium\jdk-17.0.15.6-hotspot\bin\verify.dll
0x00007fff98930000 - 0x00007fff98957000 	C:\Users\karth\.gradle\native\68d5fa5c4cc2d200863cafc0d521ce42e7d3e7ee720ec0a83991735586a16f82\windows-amd64\native-platform.dll
0x00007fff7c440000 - 0x00007fff7c584000 	C:\Users\karth\.gradle\native\e376f236ea51e6404a007f0833ffe2c6e607c4080706a723a18a27aeea778392\windows-amd64\native-platform-file-events.dll
0x00007fffa0910000 - 0x00007fffa091a000 	C:\Program Files\Eclipse Adoptium\jdk-17.0.15.6-hotspot\bin\management.dll
0x00007fffa0830000 - 0x00007fffa083b000 	C:\Program Files\Eclipse Adoptium\jdk-17.0.15.6-hotspot\bin\management_ext.dll
0x00007fffc3580000 - 0x00007fffc3588000 	C:\WINDOWS\System32\PSAPI.DLL
0x00007fffbfde0000 - 0x00007fffbfdfc000 	C:\WINDOWS\SYSTEM32\CRYPTSP.dll
0x00007fffbf530000 - 0x00007fffbf56a000 	C:\WINDOWS\system32\rsaenh.dll
0x00007fffbfbe0000 - 0x00007fffbfc0b000 	C:\WINDOWS\SYSTEM32\USERENV.dll
0x00007fffc06f0000 - 0x00007fffc0716000 	C:\WINDOWS\SYSTEM32\bcrypt.dll
0x00007fffbfe00000 - 0x00007fffbfe0c000 	C:\WINDOWS\SYSTEM32\CRYPTBASE.dll
0x00007fffbf070000 - 0x00007fffbf0a3000 	C:\WINDOWS\SYSTEM32\IPHLPAPI.DLL
0x00007fffc2740000 - 0x00007fffc274a000 	C:\WINDOWS\System32\NSI.dll
0x00007fffb72a0000 - 0x00007fffb72bf000 	C:\WINDOWS\SYSTEM32\dhcpcsvc6.DLL
0x00007fffb7030000 - 0x00007fffb7055000 	C:\WINDOWS\SYSTEM32\dhcpcsvc.DLL
0x00007fffbf140000 - 0x00007fffbf267000 	C:\WINDOWS\SYSTEM32\DNSAPI.dll
0x00007fff9c160000 - 0x00007fff9c169000 	C:\Program Files\Eclipse Adoptium\jdk-17.0.15.6-hotspot\bin\extnet.dll
0x00007fff9bf40000 - 0x00007fff9bf4e000 	C:\Program Files\Eclipse Adoptium\jdk-17.0.15.6-hotspot\bin\sunmscapi.dll
0x00007fffc10b0000 - 0x00007fffc1227000 	C:\WINDOWS\System32\CRYPT32.dll
0x00007fffbfff0000 - 0x00007fffc0020000 	C:\WINDOWS\SYSTEM32\ncrypt.dll
0x00007fffbffa0000 - 0x00007fffbffdf000 	C:\WINDOWS\SYSTEM32\NTASN1.dll
0x00007fffa3df0000 - 0x00007fffa3df8000 	C:\WINDOWS\system32\wshunix.dll

dbghelp: loaded successfully - version: 4.0.5 - missing functions: none
symbol engine: initialized successfully - sym options: 0x614 - pdb path: .;C:\Program Files\Eclipse Adoptium\jdk-17.0.15.6-hotspot\bin;C:\WINDOWS\SYSTEM32;C:\ProgramData\Symantec\Symantec Endpoint Protection\14.3.9205.6000.105\Data\Sysfer\x64;C:\WINDOWS\WinSxS\amd64_microsoft.windows.common-controls_6595b64144ccf1df_6.0.26100.3912_none_3e07963ce335137e;C:\Program Files\Eclipse Adoptium\jdk-17.0.15.6-hotspot\bin\server;C:\Users\karth\.gradle\native\68d5fa5c4cc2d200863cafc0d521ce42e7d3e7ee720ec0a83991735586a16f82\windows-amd64;C:\Users\karth\.gradle\native\e376f236ea51e6404a007f0833ffe2c6e607c4080706a723a18a27aeea778392\windows-amd64

VM Arguments:
jvm_args: -XX:MaxMetaspaceSize=512m --add-opens=java.base/java.util=ALL-UNNAMED --add-opens=java.base/java.lang=ALL-UNNAMED --add-opens=java.base/java.lang.invoke=ALL-UNNAMED --add-opens=java.prefs/java.util.prefs=ALL-UNNAMED --add-opens=java.base/java.nio.charset=ALL-UNNAMED --add-opens=java.base/java.net=ALL-UNNAMED --add-opens=java.base/java.util.concurrent.atomic=ALL-UNNAMED -Xmx2048m -Dfile.encoding=UTF-8 -Duser.country=CA -Duser.language=en -Duser.variant 
java_command: org.gradle.launcher.daemon.bootstrap.GradleDaemon 8.0.1
java_class_path (initial): C:\Users\karth\.gradle\wrapper\dists\gradle-8.0.1-all\aro4hu1c3oeioove7l0i4i14o\gradle-8.0.1\lib\gradle-launcher-8.0.1.jar
Launcher Type: SUN_STANDARD

[Global flags]
     intx CICompilerCount                          = 12                                        {product} {ergonomic}
   size_t CompressedClassSpaceSize                 = 436207616                                 {product} {ergonomic}
     uint ConcGCThreads                            = 3                                         {product} {ergonomic}
     uint G1ConcRefinementThreads                  = 13                                        {product} {ergonomic}
   size_t G1HeapRegionSize                         = 1048576                                   {product} {ergonomic}
    uintx GCDrainStackTargetSize                   = 64                                        {product} {ergonomic}
   size_t InitialHeapSize                          = 264241152                                 {product} {ergonomic}
   size_t MarkStackSize                            = 4194304                                   {product} {ergonomic}
   size_t MaxHeapSize                              = 2147483648                                {product} {command line}
   size_t MaxMetaspaceSize                         = 536870912                                 {product} {command line}
   size_t MaxNewSize                               = 1287651328                                {product} {ergonomic}
   size_t MinHeapDeltaBytes                        = 1048576                                   {product} {ergonomic}
   size_t MinHeapSize                              = 8388608                                   {product} {ergonomic}
    uintx NonNMethodCodeHeapSize                   = 7602480                                {pd product} {ergonomic}
    uintx NonProfiledCodeHeapSize                  = 122027880                              {pd product} {ergonomic}
    uintx ProfiledCodeHeapSize                     = 122027880                              {pd product} {ergonomic}
    uintx ReservedCodeCacheSize                    = 251658240                              {pd product} {ergonomic}
     bool SegmentedCodeCache                       = true                                      {product} {ergonomic}
   size_t SoftMaxHeapSize                          = 2147483648                             {manageable} {ergonomic}
     bool UseCompressedClassPointers               = true                           {product lp64_product} {ergonomic}
     bool UseCompressedOops                        = true                           {product lp64_product} {ergonomic}
     bool UseG1GC                                  = true                                      {product} {ergonomic}
     bool UseLargePagesIndividualAllocation        = false                                  {pd product} {ergonomic}

Logging:
Log output configuration:
 #0: stdout all=warning uptime,level,tags
 #1: stderr all=off uptime,level,tags

Environment Variables:
JAVA_HOME=C:\Program Files\Java\jdk-23
CLASSPATH=C:\Users\karth\CascadeProjects\MobileAppAndroid\android\\gradle\wrapper\gradle-wrapper.jar
PATH=C:\Users\karth\CascadeProjects\MobileAppAndroid\node_modules\.bin;C:\Users\karth\CascadeProjects\MobileAppAndroid\node_modules\.bin;C:\Users\karth\CascadeProjects\node_modules\.bin;C:\Users\karth\node_modules\.bin;C:\Users\node_modules\.bin;C:\node_modules\.bin;C:\Program Files\nodejs\node_modules\npm\node_modules\@npmcli\run-script\lib\node-gyp-bin;C:\Users\karth\CascadeProjects\MobileAppAndroid\node_modules\.bin;C:\Users\karth\CascadeProjects\MobileAppAndroid\node_modules\.bin;C:\Users\karth\CascadeProjects\node_modules\.bin;C:\Users\karth\node_modules\.bin;C:\Users\node_modules\.bin;C:\node_modules\.bin;C:\Program Files\nodejs\node_modules\npm\node_modules\@npmcli\run-script\lib\node-gyp-bin;C:\Program Files\Eclipse Adoptium\jdk-17.0.15.6-hotspot\bin;C:\Program Files\Common Files\Oracle\Java\javapath;C:\WINDOWS\system32;C:\WINDOWS;C:\WINDOWS\System32\Wbem;C:\WINDOWS\System32\WindowsPowerShell\v1.0\;C:\WINDOWS\System32\OpenSSH\;C:\Program Files\nodejs\;C:\Program Files (x86)\nikto\program;C:\Program Files (x86)\curl;D:\GoWorkspace\bin;C:\Program Files\Go\bin;C:\Program Files\Git\cmd;C:\Users\karth\AppData\Local\Android\Sdk;C:\Users\karth\AppData\Local\Android\Sdk\platform-tools;C:\Program Files\Eclipse Adoptium\jdk-17.0.15.6-hotspot\bin;C:\Program Files\Common Files\Oracle\Java\javapath;C:\WINDOWS\system32;C:\WINDOWS;C:\WINDOWS\System32\Wbem;C:\WINDOWS\System32\WindowsPowerShell\v1.0\;C:\WINDOWS\System32\OpenSSH\;C:\Program Files\nodejs\;C:\Program Files\Git\cmd;C:\Users\karth\AppData\Local\Microsoft\WindowsApps;C:\Users\karth\AppData\Local\Programs\Microsoft VS Code\bin;C:\Users\karth\AppData\Roaming\npm;C:\Users\karth\go\bin;C:\Users\karth\AppData\Local\Programs\Windsurf\bin
USERNAME=karth
OS=Windows_NT
PROCESSOR_IDENTIFIER=Intel64 Family 6 Model 154 Stepping 3, GenuineIntel
TMP=C:\Users\karth\AppData\Local\Temp
TEMP=C:\Users\karth\AppData\Local\Temp



Periodic native trim disabled


---------------  S Y S T E M  ---------------

OS:
 Windows 11 , 64 bit Build 26100 (10.0.26100.3912)
OS uptime: 10 days 15:58 hours
Hyper-V role detected

CPU: total 16 (initial active 16) (8 cores per cpu, 2 threads per core) family 6 model 154 stepping 3 microcode 0x416, cx8, cmov, fxsr, ht, mmx, 3dnowpref, sse, sse2, sse3, ssse3, sse4.1, sse4.2, popcnt, lzcnt, tsc, tscinvbit, avx, avx2, aes, erms, clmul, bmi1, bmi2, adx, sha, fma, vzeroupper, clflush, clflushopt, clwb, hv
Processor Information for processor 0
  Max Mhz: 2100, Current Mhz: 2100, Mhz Limit: 2100
Processor Information for processor 1
  Max Mhz: 2100, Current Mhz: 2100, Mhz Limit: 2100
Processor Information for processor 2
  Max Mhz: 2100, Current Mhz: 2100, Mhz Limit: 2100
Processor Information for processor 3
  Max Mhz: 2100, Current Mhz: 2100, Mhz Limit: 2100
Processor Information for processor 4
  Max Mhz: 2100, Current Mhz: 2100, Mhz Limit: 2100
Processor Information for processor 5
  Max Mhz: 2100, Current Mhz: 2100, Mhz Limit: 2100
Processor Information for processor 6
  Max Mhz: 2100, Current Mhz: 2100, Mhz Limit: 2100
Processor Information for processor 7
  Max Mhz: 2100, Current Mhz: 2100, Mhz Limit: 2100
Processor Information for processor 8
  Max Mhz: 2100, Current Mhz: 1500, Mhz Limit: 1491
Processor Information for processor 9
  Max Mhz: 2100, Current Mhz: 1500, Mhz Limit: 1491
Processor Information for processor 10
  Max Mhz: 2100, Current Mhz: 1500, Mhz Limit: 1491
Processor Information for processor 11
  Max Mhz: 2100, Current Mhz: 1500, Mhz Limit: 1491
Processor Information for processor 12
  Max Mhz: 2100, Current Mhz: 1500, Mhz Limit: 1491
Processor Information for processor 13
  Max Mhz: 2100, Current Mhz: 1500, Mhz Limit: 1491
Processor Information for processor 14
  Max Mhz: 2100, Current Mhz: 1500, Mhz Limit: 1491
Processor Information for processor 15
  Max Mhz: 2100, Current Mhz: 1500, Mhz Limit: 1491

Memory: 4k page, system-wide physical 16088M (0M free)
TotalPageFile size 64210M (AvailPageFile size 8M)
current process WorkingSet (physical memory assigned to process): 4M, peak: 249M
current process commit charge ("private bytes"): 385M, peak: 481M

vm_info: OpenJDK 64-Bit Server VM (17.0.15+6) for windows-amd64 JRE (17.0.15+6), built on Apr 15 2025 21:25:47 by "admin" with MS VC++ 17.7 (VS2022)

END.
