#
# There is insufficient memory for the Java Runtime Environment to continue.
# Native memory allocation (mmap) failed to map 34603008 bytes. Error detail: G1 virtual space
# Possible reasons:
#   The system is out of physical RAM or swap space
#   This process is running with CompressedOops enabled, and the Java Heap may be blocking the growth of the native heap
# Possible solutions:
#   Reduce memory load on the system
#   Increase physical memory or swap space
#   Check if swap backing store is full
#   Decrease Java heap size (-Xmx/-Xms)
#   Decrease number of Java threads
#   Decrease Java thread stack sizes (-Xss)
#   Set larger code cache with -XX:ReservedCodeCacheSize=
#   JVM is running with Unscaled Compressed Oops mode in which the Java heap is
#     placed in the first 4GB address space. The Java Heap base address is the
#     maximum limit for the native heap growth. Please use -XX:HeapBaseMinAddress
#     to set the Java Heap base and to place the Java Heap above 4GB virtual address.
# This output file may be truncated or incomplete.
#
#  Out of Memory Error (os_windows.cpp:3618), pid=6432, tid=14800
#
# JRE version: OpenJDK Runtime Environment Temurin-17.0.15+6 (17.0.15+6) (build 17.0.15+6)
# Java VM: OpenJDK 64-Bit Server VM Temurin-17.0.15+6 (17.0.15+6, mixed mode, sharing, tiered, compressed oops, compressed class ptrs, g1 gc, windows-amd64)
# No core dump will be written. Minidumps are not enabled by default on client versions of Windows
#

---------------  S U M M A R Y ------------

Command Line: -XX:MaxMetaspaceSize=512m --add-opens=java.base/java.util=ALL-UNNAMED --add-opens=java.base/java.lang=ALL-UNNAMED --add-opens=java.base/java.lang.invoke=ALL-UNNAMED --add-opens=java.prefs/java.util.prefs=ALL-UNNAMED --add-opens=java.base/java.nio.charset=ALL-UNNAMED --add-opens=java.base/java.net=ALL-UNNAMED --add-opens=java.base/java.util.concurrent.atomic=ALL-UNNAMED -Xmx2048m -Dfile.encoding=UTF-8 -Duser.country=CA -Duser.language=en -Duser.variant org.gradle.launcher.daemon.bootstrap.GradleDaemon 8.0.1

Host: 12th Gen Intel(R) Core(TM) i7-1260P, 16 cores, 15G,  Windows 11 , 64 bit Build 26100 (10.0.26100.3912)
Time: Mon May 26 02:11:44 2025 Eastern Daylight Time elapsed time: 8305.425409 seconds (0d 2h 18m 25s)

---------------  T H R E A D  ---------------

Current thread (0x0000026dca081ca0):  VMThread "VM Thread" [stack: 0x000000f4c5700000,0x000000f4c5800000] [id=14800]

Stack: [0x000000f4c5700000,0x000000f4c5800000]
Native frames: (J=compiled Java code, j=interpreted, Vv=VM code, C=native code)
V  [jvm.dll+0x682fc9]
V  [jvm.dll+0x839878]
V  [jvm.dll+0x83b323]
V  [jvm.dll+0x83b993]
V  [jvm.dll+0x24725f]
V  [jvm.dll+0x67fda9]
V  [jvm.dll+0x674c9a]
V  [jvm.dll+0x304d06]
V  [jvm.dll+0x30c1c6]
V  [jvm.dll+0x35dd4e]
V  [jvm.dll+0x35df8d]
V  [jvm.dll+0x2dc0cc]
V  [jvm.dll+0x2da46f]
V  [jvm.dll+0x2d9bdc]
V  [jvm.dll+0x31d3bb]
V  [jvm.dll+0x8401cd]
V  [jvm.dll+0x840f03]
V  [jvm.dll+0x84142f]
V  [jvm.dll+0x841814]
V  [jvm.dll+0x8418de]
V  [jvm.dll+0x7e94dc]
V  [jvm.dll+0x681ea7]
C  [ucrtbase.dll+0x37b0]
C  [KERNEL32.DLL+0x2e8d7]
C  [ntdll.dll+0x9c5dc]

VM_Operation (0x000000f4c69fe790): G1CollectForAllocation, mode: safepoint, requested by thread 0x0000026dcfe36890


---------------  P R O C E S S  ---------------

Threads class SMR info:
_java_thread_list=0x0000026dd1d0cec0, length=79, elements={
0x0000026d8da70e10, 0x0000026daeb0e4e0, 0x0000026daeb0efb0, 0x0000026daeb20050,
0x0000026daeb20920, 0x0000026daeb23300, 0x0000026daeb23bd0, 0x0000026daeb267e0,
0x0000026daeb270f0, 0x0000026daeb2d920, 0x0000026dca1d4690, 0x0000026dca1e3bd0,
0x0000026dcfe36890, 0x0000026dca660ee0, 0x0000026dcaba9dd0, 0x0000026dcf882580,
0x0000026dcf7e4530, 0x0000026dcf5f0230, 0x0000026dca852cc0, 0x0000026dca854100,
0x0000026dca8522a0, 0x0000026dca8531d0, 0x0000026dca854b20, 0x0000026dca853bf0,
0x0000026dca855030, 0x0000026dca855540, 0x0000026dca851d90, 0x0000026dd0021c40,
0x0000026dd0022b70, 0x0000026dd0023590, 0x0000026dd0023080, 0x0000026dd001fde0,
0x0000026dd0021220, 0x0000026dd0022150, 0x0000026dd00202f0, 0x0000026dd0023fb0,
0x0000026dd0020800, 0x0000026dd00244c0, 0x0000026dd0020d10, 0x0000026dd0027760,
0x0000026dd0027250, 0x0000026dd00253f0, 0x0000026dd00249d0, 0x0000026dd0024ee0,
0x0000026dd0026320, 0x0000026dd0025900, 0x0000026dd0025e10, 0x0000026dd0026830,
0x0000026dd0026d40, 0x0000026dca8527b0, 0x0000026dca8536e0, 0x0000026dd178aba0,
0x0000026dd178b0b0, 0x0000026dd178b5c0, 0x0000026dd178d930, 0x0000026dd178a690,
0x0000026dd178bad0, 0x0000026dd178bfe0, 0x0000026dd178c4f0, 0x0000026dd178ca00,
0x0000026dd178d420, 0x0000026dd178a180, 0x0000026dd178cf10, 0x0000026dca9c67b0,
0x0000026dca9c8100, 0x0000026dca9c5d90, 0x0000026dca9c62a0, 0x0000026dca9c8610,
0x0000026dca9c6cc0, 0x0000026dca9c8b20, 0x0000026dca9c7bf0, 0x0000026dca9c9030,
0x0000026dca9c76e0, 0x0000026dca9c71d0, 0x0000026dca9c5880, 0x0000026dca9cb8b0,
0x0000026dca9cbdc0, 0x0000026dca9cae90, 0x0000026dca9c9f60
}

Java Threads: ( => current thread )
  0x0000026d8da70e10 JavaThread "main" [_thread_blocked, id=19036, stack(0x000000f4c5100000,0x000000f4c5200000)]
  0x0000026daeb0e4e0 JavaThread "Reference Handler" daemon [_thread_blocked, id=50476, stack(0x000000f4c5800000,0x000000f4c5900000)]
  0x0000026daeb0efb0 JavaThread "Finalizer" daemon [_thread_blocked, id=51528, stack(0x000000f4c5900000,0x000000f4c5a00000)]
  0x0000026daeb20050 JavaThread "Signal Dispatcher" daemon [_thread_blocked, id=51192, stack(0x000000f4c5a00000,0x000000f4c5b00000)]
  0x0000026daeb20920 JavaThread "Attach Listener" daemon [_thread_blocked, id=50772, stack(0x000000f4c5b00000,0x000000f4c5c00000)]
  0x0000026daeb23300 JavaThread "Service Thread" daemon [_thread_blocked, id=45152, stack(0x000000f4c5c00000,0x000000f4c5d00000)]
  0x0000026daeb23bd0 JavaThread "Monitor Deflation Thread" daemon [_thread_blocked, id=50224, stack(0x000000f4c5d00000,0x000000f4c5e00000)]
  0x0000026daeb267e0 JavaThread "C2 CompilerThread0" daemon [_thread_blocked, id=50736, stack(0x000000f4c5e00000,0x000000f4c5f00000)]
  0x0000026daeb270f0 JavaThread "C1 CompilerThread0" daemon [_thread_blocked, id=68484, stack(0x000000f4c5f00000,0x000000f4c6000000)]
  0x0000026daeb2d920 JavaThread "Sweeper thread" daemon [_thread_blocked, id=46872, stack(0x000000f4c6000000,0x000000f4c6100000)]
  0x0000026dca1d4690 JavaThread "Common-Cleaner" daemon [_thread_blocked, id=26852, stack(0x000000f4c6100000,0x000000f4c6200000)]
  0x0000026dca1e3bd0 JavaThread "Notification Thread" daemon [_thread_blocked, id=50200, stack(0x000000f4c6200000,0x000000f4c6300000)]
  0x0000026dcfe36890 JavaThread "Daemon health stats" [_thread_blocked, id=41324, stack(0x000000f4c6900000,0x000000f4c6a00000)]
  0x0000026dca660ee0 JavaThread "Incoming local TCP Connector on port 34206" [_thread_in_native, id=21072, stack(0x000000f4c6a00000,0x000000f4c6b00000)]
  0x0000026dcaba9dd0 JavaThread "Daemon periodic checks" [_thread_blocked, id=36536, stack(0x000000f4c6b00000,0x000000f4c6c00000)]
  0x0000026dcf882580 JavaThread "Daemon" [_thread_blocked, id=54988, stack(0x000000f4c6c00000,0x000000f4c6d00000)]
  0x0000026dcf7e4530 JavaThread "Handler for socket connection from /127.0.0.1:34206 to /127.0.0.1:34220" [_thread_in_native, id=30868, stack(0x000000f4c6d00000,0x000000f4c6e00000)]
  0x0000026dcf5f0230 JavaThread "Cancel handler" [_thread_blocked, id=21448, stack(0x000000f4c6e00000,0x000000f4c6f00000)]
  0x0000026dca852cc0 JavaThread "Daemon worker" [_thread_blocked, id=10716, stack(0x000000f4c4e00000,0x000000f4c4f00000)]
  0x0000026dca854100 JavaThread "Asynchronous log dispatcher for DefaultDaemonConnection: socket connection from /127.0.0.1:34206 to /127.0.0.1:34220" [_thread_blocked, id=53172, stack(0x000000f4c4f00000,0x000000f4c5000000)]
  0x0000026dca8522a0 JavaThread "Daemon client event forwarder" [_thread_blocked, id=54868, stack(0x000000f4c6f00000,0x000000f4c7000000)]
  0x0000026dca8531d0 JavaThread "Cache worker for journal cache (C:\Users\karth\.gradle\caches\journal-1)" [_thread_blocked, id=13192, stack(0x000000f4c7000000,0x000000f4c7100000)]
  0x0000026dca854b20 JavaThread "File lock request listener" [_thread_in_native, id=23524, stack(0x000000f4c7200000,0x000000f4c7300000)]
  0x0000026dca853bf0 JavaThread "Cache worker for file hash cache (C:\Users\karth\.gradle\caches\8.0.1\fileHashes)" [_thread_blocked, id=57476, stack(0x000000f4c7400000,0x000000f4c7500000)]
  0x0000026dca855030 JavaThread "File watcher server" daemon [_thread_in_native, id=39988, stack(0x000000f4c7900000,0x000000f4c7a00000)]
  0x0000026dca855540 JavaThread "File watcher consumer" daemon [_thread_blocked, id=58952, stack(0x000000f4c7a00000,0x000000f4c7b00000)]
  0x0000026dca851d90 JavaThread "Cache worker for checksums cache (C:\Users\karth\CascadeProjects\MobileAppAndroid\android\.gradle\8.0.1\checksums)" [_thread_blocked, id=51768, stack(0x000000f4c7500000,0x000000f4c7600000)]
  0x0000026dd0021c40 JavaThread "Cache worker for cache directory md-rule (C:\Users\karth\.gradle\caches\8.0.1\md-rule)" [_thread_blocked, id=51908, stack(0x000000f4c7b00000,0x000000f4c7c00000)]
  0x0000026dd0022b70 JavaThread "Cache worker for file content cache (C:\Users\karth\.gradle\caches\8.0.1\fileContent)" [_thread_blocked, id=53028, stack(0x000000f4c7c00000,0x000000f4c7d00000)]
  0x0000026dd0023590 JavaThread "Cache worker for file hash cache (C:\Users\karth\CascadeProjects\MobileAppAndroid\android\.gradle\8.0.1\fileHashes)" [_thread_blocked, id=40764, stack(0x000000f4c8600000,0x000000f4c8700000)]
  0x0000026dd0023080 JavaThread "Cache worker for cache directory md-supplier (C:\Users\karth\.gradle\caches\8.0.1\md-supplier)" [_thread_blocked, id=45892, stack(0x000000f4c8700000,0x000000f4c8800000)]
  0x0000026dd001fde0 JavaThread "Cache worker for execution history cache (C:\Users\karth\.gradle\caches\8.0.1\executionHistory)" [_thread_blocked, id=46812, stack(0x000000f4c8800000,0x000000f4c8900000)]
  0x0000026dd0021220 JavaThread "jar transforms" [_thread_blocked, id=12572, stack(0x000000f4c7800000,0x000000f4c7900000)]
  0x0000026dd0022150 JavaThread "jar transforms Thread 2" [_thread_blocked, id=29256, stack(0x000000f4c7600000,0x000000f4c7700000)]
  0x0000026dd00202f0 JavaThread "jar transforms Thread 3" [_thread_blocked, id=11288, stack(0x000000f4c7700000,0x000000f4c7800000)]
  0x0000026dd0023fb0 JavaThread "jar transforms Thread 4" [_thread_blocked, id=59752, stack(0x000000f4c8900000,0x000000f4c8a00000)]
  0x0000026dd0020800 JavaThread "Cache worker for kotlin-dsl (C:\Users\karth\.gradle\caches\8.0.1\kotlin-dsl)" [_thread_blocked, id=26560, stack(0x000000f4c5000000,0x000000f4c5100000)]
  0x0000026dd00244c0 JavaThread "jar transforms Thread 5" [_thread_blocked, id=33256, stack(0x000000f4c7300000,0x000000f4c7400000)]
  0x0000026dd0020d10 JavaThread "jar transforms Thread 6" [_thread_blocked, id=68656, stack(0x000000f4c8a00000,0x000000f4c8b00000)]
  0x0000026dd0027760 JavaThread "Cache worker for dependencies-accessors (C:\Users\karth\CascadeProjects\MobileAppAndroid\android\.gradle\8.0.1\dependencies-accessors)" [_thread_blocked, id=18084, stack(0x000000f4c8b00000,0x000000f4c8c00000)]
  0x0000026dd0027250 JavaThread "Cache worker for Build Output Cleanup Cache (C:\Users\karth\CascadeProjects\MobileAppAndroid\node_modules\@react-native\gradle-plugin\.gradle\buildOutputCleanup)" [_thread_blocked, id=45956, stack(0x000000f4c8c00000,0x000000f4c8d00000)]
  0x0000026dd00253f0 JavaThread "jar transforms Thread 7" [_thread_blocked, id=18672, stack(0x000000f4c8d00000,0x000000f4c8e00000)]
  0x0000026dd00249d0 JavaThread "Unconstrained build operations" [_thread_blocked, id=69988, stack(0x000000f4c8e00000,0x000000f4c8f00000)]
  0x0000026dd0024ee0 JavaThread "Unconstrained build operations Thread 2" [_thread_blocked, id=69992, stack(0x000000f4c8f00000,0x000000f4c9000000)]
  0x0000026dd0026320 JavaThread "Unconstrained build operations Thread 3" [_thread_blocked, id=69996, stack(0x000000f4c9000000,0x000000f4c9100000)]
  0x0000026dd0025900 JavaThread "Unconstrained build operations Thread 4" [_thread_blocked, id=70000, stack(0x000000f4c9100000,0x000000f4c9200000)]
  0x0000026dd0025e10 JavaThread "Unconstrained build operations Thread 5" [_thread_blocked, id=70004, stack(0x000000f4c9200000,0x000000f4c9300000)]
  0x0000026dd0026830 JavaThread "Unconstrained build operations Thread 6" [_thread_blocked, id=70008, stack(0x000000f4c9300000,0x000000f4c9400000)]
  0x0000026dd0026d40 JavaThread "Unconstrained build operations Thread 7" [_thread_blocked, id=70012, stack(0x000000f4c9400000,0x000000f4c9500000)]
  0x0000026dca8527b0 JavaThread "Unconstrained build operations Thread 8" [_thread_blocked, id=70016, stack(0x000000f4c9500000,0x000000f4c9600000)]
  0x0000026dca8536e0 JavaThread "Unconstrained build operations Thread 9" [_thread_blocked, id=70020, stack(0x000000f4c9600000,0x000000f4c9700000)]
  0x0000026dd178aba0 JavaThread "Unconstrained build operations Thread 10" [_thread_blocked, id=70024, stack(0x000000f4c9700000,0x000000f4c9800000)]
  0x0000026dd178b0b0 JavaThread "Unconstrained build operations Thread 11" [_thread_blocked, id=70028, stack(0x000000f4c9800000,0x000000f4c9900000)]
  0x0000026dd178b5c0 JavaThread "Unconstrained build operations Thread 12" [_thread_blocked, id=70032, stack(0x000000f4c9900000,0x000000f4c9a00000)]
  0x0000026dd178d930 JavaThread "Unconstrained build operations Thread 13" [_thread_blocked, id=70036, stack(0x000000f4c9a00000,0x000000f4c9b00000)]
  0x0000026dd178a690 JavaThread "Unconstrained build operations Thread 14" [_thread_blocked, id=70040, stack(0x000000f4c9b00000,0x000000f4c9c00000)]
  0x0000026dd178bad0 JavaThread "Unconstrained build operations Thread 15" [_thread_blocked, id=70044, stack(0x000000f4c9c00000,0x000000f4c9d00000)]
  0x0000026dd178bfe0 JavaThread "Unconstrained build operations Thread 16" [_thread_blocked, id=70048, stack(0x000000f4c9d00000,0x000000f4c9e00000)]
  0x0000026dd178c4f0 JavaThread "Unconstrained build operations Thread 17" [_thread_blocked, id=70052, stack(0x000000f4c9e00000,0x000000f4c9f00000)]
  0x0000026dd178ca00 JavaThread "Unconstrained build operations Thread 18" [_thread_blocked, id=70056, stack(0x000000f4c9f00000,0x000000f4ca000000)]
  0x0000026dd178d420 JavaThread "Unconstrained build operations Thread 19" [_thread_blocked, id=70060, stack(0x000000f4ca000000,0x000000f4ca100000)]
  0x0000026dd178a180 JavaThread "Unconstrained build operations Thread 20" [_thread_blocked, id=70064, stack(0x000000f4ca100000,0x000000f4ca200000)]
  0x0000026dd178cf10 JavaThread "Unconstrained build operations Thread 21" [_thread_blocked, id=70068, stack(0x000000f4ca200000,0x000000f4ca300000)]
  0x0000026dca9c67b0 JavaThread "Unconstrained build operations Thread 22" [_thread_blocked, id=70072, stack(0x000000f4ca300000,0x000000f4ca400000)]
  0x0000026dca9c8100 JavaThread "Unconstrained build operations Thread 23" [_thread_blocked, id=70076, stack(0x000000f4ca400000,0x000000f4ca500000)]
  0x0000026dca9c5d90 JavaThread "Unconstrained build operations Thread 24" [_thread_blocked, id=70080, stack(0x000000f4ca500000,0x000000f4ca600000)]
  0x0000026dca9c62a0 JavaThread "Unconstrained build operations Thread 25" [_thread_blocked, id=70084, stack(0x000000f4ca600000,0x000000f4ca700000)]
  0x0000026dca9c8610 JavaThread "Unconstrained build operations Thread 26" [_thread_blocked, id=70088, stack(0x000000f4ca700000,0x000000f4ca800000)]
  0x0000026dca9c6cc0 JavaThread "jar transforms Thread 8" [_thread_blocked, id=71096, stack(0x000000f4ca900000,0x000000f4caa00000)]
  0x0000026dca9c8b20 JavaThread "jar transforms Thread 9" [_thread_blocked, id=71100, stack(0x000000f4caa00000,0x000000f4cab00000)]
  0x0000026dca9c7bf0 JavaThread "jar transforms Thread 10" [_thread_blocked, id=71104, stack(0x000000f4cab00000,0x000000f4cac00000)]
  0x0000026dca9c9030 JavaThread "jar transforms Thread 11" [_thread_blocked, id=71108, stack(0x000000f4cac00000,0x000000f4cad00000)]
  0x0000026dca9c76e0 JavaThread "jar transforms Thread 12" [_thread_blocked, id=71112, stack(0x000000f4cad00000,0x000000f4cae00000)]
  0x0000026dca9c71d0 JavaThread "jar transforms Thread 13" [_thread_blocked, id=71116, stack(0x000000f4cae00000,0x000000f4caf00000)]
  0x0000026dca9c5880 JavaThread "jar transforms Thread 14" [_thread_blocked, id=71120, stack(0x000000f4caf00000,0x000000f4cb000000)]
  0x0000026dca9cb8b0 JavaThread "jar transforms Thread 15" [_thread_blocked, id=71124, stack(0x000000f4cb000000,0x000000f4cb100000)]
  0x0000026dca9cbdc0 JavaThread "jar transforms Thread 16" [_thread_blocked, id=71128, stack(0x000000f4cb100000,0x000000f4cb200000)]
  0x0000026dca9cae90 JavaThread "Memory manager" [_thread_blocked, id=71260, stack(0x000000f4cb400000,0x000000f4cb500000)]
  0x0000026dca9c9f60 JavaThread "Cache worker for Build Output Cleanup Cache (C:\Users\karth\CascadeProjects\MobileAppAndroid\android\.gradle\buildOutputCleanup)" [_thread_blocked, id=71656, stack(0x000000f4cb200000,0x000000f4cb300000)]

Other Threads:
=>0x0000026dca081ca0 VMThread "VM Thread" [stack: 0x000000f4c5700000,0x000000f4c5800000] [id=14800]
  0x0000026dca1e44c0 WatcherThread [stack: 0x000000f4c6300000,0x000000f4c6400000] [id=55164]
  0x0000026d8fe4e2b0 GCTaskThread "GC Thread#0" [stack: 0x000000f4c5200000,0x000000f4c5300000] [id=66156]
  0x0000026dcabaf100 GCTaskThread "GC Thread#1" [stack: 0x000000f4c6400000,0x000000f4c6500000] [id=22244]
  0x0000026dcabaf3c0 GCTaskThread "GC Thread#2" [stack: 0x000000f4c6500000,0x000000f4c6600000] [id=19484]
  0x0000026dcabaf680 GCTaskThread "GC Thread#3" [stack: 0x000000f4c6600000,0x000000f4c6700000] [id=66932]
  0x0000026dca5931a0 GCTaskThread "GC Thread#4" [stack: 0x000000f4c6700000,0x000000f4c6800000] [id=46696]
  0x0000026dca9b4920 GCTaskThread "GC Thread#5" [stack: 0x000000f4c6800000,0x000000f4c6900000] [id=1644]
  0x0000026dcffc8c90 GCTaskThread "GC Thread#6" [stack: 0x000000f4c7d00000,0x000000f4c7e00000] [id=58612]
  0x0000026dd00f7ac0 GCTaskThread "GC Thread#7" [stack: 0x000000f4c7e00000,0x000000f4c7f00000] [id=34980]
  0x0000026dcab11460 GCTaskThread "GC Thread#8" [stack: 0x000000f4c7f00000,0x000000f4c8000000] [id=43776]
  0x0000026dcff77550 GCTaskThread "GC Thread#9" [stack: 0x000000f4c8000000,0x000000f4c8100000] [id=13444]
  0x0000026dcf23fd80 GCTaskThread "GC Thread#10" [stack: 0x000000f4c8100000,0x000000f4c8200000] [id=32680]
  0x0000026dcff03480 GCTaskThread "GC Thread#11" [stack: 0x000000f4c8200000,0x000000f4c8300000] [id=19780]
  0x0000026dcff03740 GCTaskThread "GC Thread#12" [stack: 0x000000f4c8300000,0x000000f4c8400000] [id=36804]
  0x0000026d8fe606f0 ConcurrentGCThread "G1 Main Marker" [stack: 0x000000f4c5300000,0x000000f4c5400000] [id=65828]
  0x0000026d8fe61dd0 ConcurrentGCThread "G1 Conc#0" [stack: 0x000000f4c5400000,0x000000f4c5500000] [id=68288]
  0x0000026dd0e48eb0 ConcurrentGCThread "G1 Conc#1" [stack: 0x000000f4c8400000,0x000000f4c8500000] [id=42576]
  0x0000026dcaa19510 ConcurrentGCThread "G1 Conc#2" [stack: 0x000000f4c8500000,0x000000f4c8600000] [id=1080]
  0x0000026dae9f5260 ConcurrentGCThread "G1 Refine#0" [stack: 0x000000f4c5500000,0x000000f4c5600000] [id=44756]
  0x0000026dae9f5940 ConcurrentGCThread "G1 Service" [stack: 0x000000f4c5600000,0x000000f4c5700000] [id=58960]

Threads with active compile tasks:
C2 CompilerThread0  8307637 8380       4       java.util.concurrent.ScheduledThreadPoolExecutor::reExecutePeriodic (49 bytes)

VM state: at safepoint (normal execution)

VM Mutex/Monitor currently owned by a thread:  ([mutex/lock_event])
[0x0000026d8fdebe90] Threads_lock - owner thread: 0x0000026dca081ca0
[0x0000026d8fdeb860] Heap_lock - owner thread: 0x0000026dcfe36890

Heap address: 0x0000000080000000, size: 2048 MB, Compressed Oops mode: 32-bit

CDS archive(s) mapped at: [0x0000026daf000000-0x0000026dafbb0000-0x0000026dafbb0000), size 12255232, SharedBaseAddress: 0x0000026daf000000, ArchiveRelocationMode: 1.
Compressed class space mapped at: 0x0000026db0000000-0x0000026dca000000, reserved size: 436207616
Narrow klass base: 0x0000026daf000000, Narrow klass shift: 0, Narrow klass range: 0x100000000

GC Precious Log:
 CPUs: 16 total, 16 available
 Memory: 16088M
 Large Page Support: Disabled
 NUMA Support: Disabled
 Compressed Oops: Enabled (32-bit)
 Heap Region Size: 1M
 Heap Min Capacity: 8M
 Heap Initial Capacity: 252M
 Heap Max Capacity: 2G
 Pre-touch: Disabled
 Parallel Workers: 13
 Concurrent Workers: 3
 Concurrent Refinement Workers: 13
 Periodic GC: Disabled

Heap:
 garbage-first heap   total 113664K, used 52709K [0x0000000080000000, 0x0000000100000000)
  region size 1024K, 1 young (1024K), 1 survivors (1024K)
 Metaspace       used 58562K, committed 59200K, reserved 491520K
  class space    used 8101K, committed 8384K, reserved 425984K

Heap Regions: E=young(eden), S=young(survivor), O=old, HS=humongous(starts), HC=humongous(continues), CS=collection set, F=free, OA=open archive, CA=closed archive, TAMS=top-at-mark-start (previous, next)
|   0|0x0000000080000000, 0x0000000080100000, 0x0000000080100000|100%|HS|  |TAMS 0x0000000080100000, 0x0000000080100000| Complete 
|   1|0x0000000080100000, 0x0000000080200000, 0x0000000080200000|100%|HC|  |TAMS 0x0000000080200000, 0x0000000080200000| Complete 
|   2|0x0000000080200000, 0x0000000080300000, 0x0000000080300000|100%|HC|  |TAMS 0x0000000080300000, 0x0000000080300000| Complete 
|   3|0x0000000080300000, 0x0000000080400000, 0x0000000080400000|100%|HC|  |TAMS 0x0000000080400000, 0x0000000080400000| Complete 
|   4|0x0000000080400000, 0x0000000080500000, 0x0000000080500000|100%| O|  |TAMS 0x0000000080500000, 0x0000000080500000| Untracked 
|   5|0x0000000080500000, 0x0000000080600000, 0x0000000080600000|100%| O|  |TAMS 0x0000000080600000, 0x0000000080600000| Untracked 
|   6|0x0000000080600000, 0x0000000080700000, 0x0000000080700000|100%| O|  |TAMS 0x0000000080700000, 0x0000000080700000| Untracked 
|   7|0x0000000080700000, 0x0000000080800000, 0x0000000080800000|100%| O|  |TAMS 0x0000000080800000, 0x0000000080800000| Untracked 
|   8|0x0000000080800000, 0x0000000080900000, 0x0000000080900000|100%| O|  |TAMS 0x0000000080900000, 0x0000000080900000| Untracked 
|   9|0x0000000080900000, 0x0000000080a00000, 0x0000000080a00000|100%| O|  |TAMS 0x0000000080a00000, 0x0000000080a00000| Untracked 
|  10|0x0000000080a00000, 0x0000000080ae9800, 0x0000000080b00000| 91%| O|  |TAMS 0x0000000080ae9800, 0x0000000080ae9800| Untracked 
|  11|0x0000000080b00000, 0x0000000080c00000, 0x0000000080c00000|100%| O|  |TAMS 0x0000000080c00000, 0x0000000080c00000| Untracked 
|  12|0x0000000080c00000, 0x0000000080d00000, 0x0000000080d00000|100%| O|  |TAMS 0x0000000080d00000, 0x0000000080d00000| Untracked 
|  13|0x0000000080d00000, 0x0000000080e00000, 0x0000000080e00000|100%| O|  |TAMS 0x0000000080e00000, 0x0000000080e00000| Untracked 
|  14|0x0000000080e00000, 0x0000000080f00000, 0x0000000080f00000|100%| O|  |TAMS 0x0000000080f00000, 0x0000000080f00000| Untracked 
|  15|0x0000000080f00000, 0x0000000081000000, 0x0000000081000000|100%| O|  |TAMS 0x0000000081000000, 0x0000000081000000| Untracked 
|  16|0x0000000081000000, 0x0000000081100000, 0x0000000081100000|100%| O|  |TAMS 0x0000000081100000, 0x0000000081100000| Untracked 
|  17|0x0000000081100000, 0x0000000081200000, 0x0000000081200000|100%| O|  |TAMS 0x0000000081200000, 0x0000000081200000| Untracked 
|  18|0x0000000081200000, 0x0000000081300000, 0x0000000081300000|100%| O|  |TAMS 0x0000000081300000, 0x0000000081300000| Untracked 
|  19|0x0000000081300000, 0x0000000081400000, 0x0000000081400000|100%| O|  |TAMS 0x0000000081400000, 0x0000000081400000| Untracked 
|  20|0x0000000081400000, 0x0000000081500000, 0x0000000081500000|100%| O|  |TAMS 0x0000000081500000, 0x0000000081500000| Untracked 
|  21|0x0000000081500000, 0x0000000081600000, 0x0000000081600000|100%| O|  |TAMS 0x0000000081600000, 0x0000000081600000| Untracked 
|  22|0x0000000081600000, 0x0000000081700000, 0x0000000081700000|100%| O|  |TAMS 0x0000000081700000, 0x0000000081700000| Untracked 
|  23|0x0000000081700000, 0x0000000081800000, 0x0000000081800000|100%| O|  |TAMS 0x0000000081800000, 0x0000000081800000| Untracked 
|  24|0x0000000081800000, 0x0000000081900000, 0x0000000081900000|100%|HS|  |TAMS 0x0000000081900000, 0x0000000081900000| Complete 
|  25|0x0000000081900000, 0x0000000081a00000, 0x0000000081a00000|100%|HC|  |TAMS 0x0000000081a00000, 0x0000000081a00000| Complete 
|  26|0x0000000081a00000, 0x0000000081b00000, 0x0000000081b00000|100%| O|  |TAMS 0x0000000081b00000, 0x0000000081b00000| Untracked 
|  27|0x0000000081b00000, 0x0000000081c00000, 0x0000000081c00000|100%| O|  |TAMS 0x0000000081c00000, 0x0000000081c00000| Untracked 
|  28|0x0000000081c00000, 0x0000000081d00000, 0x0000000081d00000|100%| O|  |TAMS 0x0000000081d00000, 0x0000000081d00000| Untracked 
|  29|0x0000000081d00000, 0x0000000081e00000, 0x0000000081e00000|100%| O|  |TAMS 0x0000000081e00000, 0x0000000081e00000| Untracked 
|  30|0x0000000081e00000, 0x0000000081f00000, 0x0000000081f00000|100%| O|  |TAMS 0x0000000081f00000, 0x0000000081f00000| Untracked 
|  31|0x0000000081f00000, 0x0000000082000000, 0x0000000082000000|100%|HS|  |TAMS 0x0000000082000000, 0x0000000082000000| Complete 
|  32|0x0000000082000000, 0x0000000082100000, 0x0000000082100000|100%|HC|  |TAMS 0x0000000082100000, 0x0000000082100000| Complete 
|  33|0x0000000082100000, 0x0000000082200000, 0x0000000082200000|100%|HC|  |TAMS 0x0000000082200000, 0x0000000082200000| Complete 
|  34|0x0000000082200000, 0x0000000082300000, 0x0000000082300000|100%|HC|  |TAMS 0x0000000082300000, 0x0000000082300000| Complete 
|  35|0x0000000082300000, 0x0000000082400000, 0x0000000082400000|100%| O|  |TAMS 0x0000000082400000, 0x0000000082400000| Untracked 
|  36|0x0000000082400000, 0x0000000082500000, 0x0000000082500000|100%| O|  |TAMS 0x0000000082500000, 0x0000000082500000| Untracked 
|  37|0x0000000082500000, 0x0000000082600000, 0x0000000082600000|100%| O|  |TAMS 0x0000000082600000, 0x0000000082600000| Untracked 
|  38|0x0000000082600000, 0x0000000082700000, 0x0000000082700000|100%| O|  |TAMS 0x0000000082700000, 0x0000000082700000| Untracked 
|  39|0x0000000082700000, 0x0000000082727e00, 0x0000000082800000| 15%| O|  |TAMS 0x0000000082700000, 0x0000000082700000| Untracked 
|  40|0x0000000082800000, 0x0000000082900000, 0x0000000082900000|100%| O|  |TAMS 0x0000000082900000, 0x0000000082900000| Untracked 
|  41|0x0000000082900000, 0x0000000082a00000, 0x0000000082a00000|100%| O|  |TAMS 0x0000000082a00000, 0x0000000082a00000| Untracked 
|  42|0x0000000082a00000, 0x0000000082b00000, 0x0000000082b00000|100%| O|  |TAMS 0x0000000082b00000, 0x0000000082b00000| Untracked 
|  43|0x0000000082b00000, 0x0000000082c00000, 0x0000000082c00000|100%| O|  |TAMS 0x0000000082c00000, 0x0000000082c00000| Untracked 
|  44|0x0000000082c00000, 0x0000000082d00000, 0x0000000082d00000|100%| O|  |TAMS 0x0000000082d00000, 0x0000000082d00000| Untracked 
|  45|0x0000000082d00000, 0x0000000082e00000, 0x0000000082e00000|100%| O|  |TAMS 0x0000000082e00000, 0x0000000082e00000| Untracked 
|  46|0x0000000082e00000, 0x0000000082f00000, 0x0000000082f00000|100%| O|  |TAMS 0x0000000082f00000, 0x0000000082f00000| Untracked 
|  47|0x0000000082f00000, 0x0000000083000000, 0x0000000083000000|100%| O|  |TAMS 0x0000000083000000, 0x0000000083000000| Untracked 
|  48|0x0000000083000000, 0x0000000083100000, 0x0000000083100000|100%| O|  |TAMS 0x00000000830c1e00, 0x00000000830c1e00| Untracked 
|  49|0x0000000083100000, 0x0000000083100000, 0x0000000083200000|  0%| F|  |TAMS 0x0000000083100000, 0x0000000083100000| Untracked 
|  50|0x0000000083200000, 0x0000000083200000, 0x0000000083300000|  0%| F|  |TAMS 0x0000000083200000, 0x0000000083200000| Untracked 
|  51|0x0000000083300000, 0x0000000083300000, 0x0000000083400000|  0%| F|  |TAMS 0x0000000083300000, 0x0000000083300000| Untracked 
|  52|0x0000000083400000, 0x0000000083400000, 0x0000000083500000|  0%| F|  |TAMS 0x0000000083400000, 0x0000000083400000| Untracked 
|  53|0x0000000083500000, 0x0000000083500000, 0x0000000083600000|  0%| F|  |TAMS 0x0000000083500000, 0x0000000083500000| Untracked 
|  54|0x0000000083600000, 0x0000000083600000, 0x0000000083700000|  0%| F|  |TAMS 0x0000000083600000, 0x0000000083600000| Untracked 
|  55|0x0000000083700000, 0x0000000083700000, 0x0000000083800000|  0%| F|  |TAMS 0x0000000083700000, 0x0000000083700000| Untracked 
|  56|0x0000000083800000, 0x0000000083800000, 0x0000000083900000|  0%| F|  |TAMS 0x0000000083800000, 0x0000000083800000| Untracked 
|  57|0x0000000083900000, 0x0000000083900000, 0x0000000083a00000|  0%| F|  |TAMS 0x0000000083900000, 0x0000000083900000| Untracked 
|  58|0x0000000083a00000, 0x0000000083a00000, 0x0000000083b00000|  0%| F|  |TAMS 0x0000000083a00000, 0x0000000083a00000| Untracked 
|  59|0x0000000083b00000, 0x0000000083b00000, 0x0000000083c00000|  0%| F|  |TAMS 0x0000000083b00000, 0x0000000083b00000| Untracked 
|  60|0x0000000083c00000, 0x0000000083c00000, 0x0000000083d00000|  0%| F|  |TAMS 0x0000000083c00000, 0x0000000083c00000| Untracked 
|  61|0x0000000083d00000, 0x0000000083d00000, 0x0000000083e00000|  0%| F|  |TAMS 0x0000000083d00000, 0x0000000083d00000| Untracked 
|  62|0x0000000083e00000, 0x0000000083e00000, 0x0000000083f00000|  0%| F|  |TAMS 0x0000000083e00000, 0x0000000083e00000| Untracked 
|  63|0x0000000083f00000, 0x0000000083f00000, 0x0000000084000000|  0%| F|  |TAMS 0x0000000083f00000, 0x0000000083f00000| Untracked 
|  64|0x0000000084000000, 0x0000000084000000, 0x0000000084100000|  0%| F|  |TAMS 0x0000000084000000, 0x0000000084000000| Untracked 
|  65|0x0000000084100000, 0x0000000084100000, 0x0000000084200000|  0%| F|  |TAMS 0x0000000084100000, 0x0000000084100000| Untracked 
|  66|0x0000000084200000, 0x0000000084200000, 0x0000000084300000|  0%| F|  |TAMS 0x0000000084200000, 0x0000000084200000| Untracked 
|  67|0x0000000084300000, 0x0000000084300000, 0x0000000084400000|  0%| F|  |TAMS 0x0000000084300000, 0x0000000084300000| Untracked 
|  68|0x0000000084400000, 0x0000000084400000, 0x0000000084500000|  0%| F|  |TAMS 0x0000000084400000, 0x0000000084400000| Untracked 
|  69|0x0000000084500000, 0x0000000084500000, 0x0000000084600000|  0%| F|  |TAMS 0x0000000084500000, 0x0000000084500000| Untracked 
|  70|0x0000000084600000, 0x0000000084600000, 0x0000000084700000|  0%| F|  |TAMS 0x0000000084600000, 0x0000000084600000| Untracked 
|  71|0x0000000084700000, 0x0000000084700000, 0x0000000084800000|  0%| F|  |TAMS 0x0000000084700000, 0x0000000084700000| Untracked 
|  72|0x0000000084800000, 0x0000000084800000, 0x0000000084900000|  0%| F|  |TAMS 0x0000000084800000, 0x0000000084800000| Untracked 
|  73|0x0000000084900000, 0x0000000084900000, 0x0000000084a00000|  0%| F|  |TAMS 0x0000000084900000, 0x0000000084900000| Untracked 
|  74|0x0000000084a00000, 0x0000000084a00000, 0x0000000084b00000|  0%| F|  |TAMS 0x0000000084a00000, 0x0000000084a00000| Untracked 
|  75|0x0000000084b00000, 0x0000000084b00000, 0x0000000084c00000|  0%| F|  |TAMS 0x0000000084b00000, 0x0000000084b00000| Untracked 
|  76|0x0000000084c00000, 0x0000000084c00000, 0x0000000084d00000|  0%| F|  |TAMS 0x0000000084c00000, 0x0000000084c00000| Untracked 
|  77|0x0000000084d00000, 0x0000000084d00000, 0x0000000084e00000|  0%| F|  |TAMS 0x0000000084d00000, 0x0000000084d00000| Untracked 
|  78|0x0000000084e00000, 0x0000000084e00000, 0x0000000084f00000|  0%| F|  |TAMS 0x0000000084e00000, 0x0000000084e00000| Untracked 
|  79|0x0000000084f00000, 0x0000000084f00000, 0x0000000085000000|  0%| F|  |TAMS 0x0000000084f00000, 0x0000000084f00000| Untracked 
|  80|0x0000000085000000, 0x0000000085000000, 0x0000000085100000|  0%| F|  |TAMS 0x0000000085000000, 0x0000000085000000| Untracked 
|  81|0x0000000085100000, 0x0000000085100000, 0x0000000085200000|  0%| F|  |TAMS 0x0000000085100000, 0x0000000085100000| Untracked 
|  82|0x0000000085200000, 0x0000000085200000, 0x0000000085300000|  0%| F|  |TAMS 0x0000000085200000, 0x0000000085200000| Untracked 
|  83|0x0000000085300000, 0x0000000085300000, 0x0000000085400000|  0%| F|  |TAMS 0x0000000085300000, 0x0000000085300000| Untracked 
|  84|0x0000000085400000, 0x0000000085400000, 0x0000000085500000|  0%| F|  |TAMS 0x0000000085400000, 0x0000000085400000| Untracked 
|  85|0x0000000085500000, 0x0000000085500000, 0x0000000085600000|  0%| F|  |TAMS 0x0000000085500000, 0x0000000085500000| Untracked 
|  86|0x0000000085600000, 0x0000000085600000, 0x0000000085700000|  0%| F|  |TAMS 0x0000000085600000, 0x0000000085600000| Untracked 
|  87|0x0000000085700000, 0x0000000085700000, 0x0000000085800000|  0%| F|  |TAMS 0x0000000085700000, 0x0000000085700000| Untracked 
|  88|0x0000000085800000, 0x0000000085800000, 0x0000000085900000|  0%| F|  |TAMS 0x0000000085800000, 0x0000000085800000| Untracked 
|  89|0x0000000085900000, 0x0000000085900000, 0x0000000085a00000|  0%| F|  |TAMS 0x0000000085900000, 0x0000000085900000| Untracked 
|  90|0x0000000085a00000, 0x0000000085a00000, 0x0000000085b00000|  0%| F|  |TAMS 0x0000000085a00000, 0x0000000085a00000| Untracked 
|  91|0x0000000085b00000, 0x0000000085b00000, 0x0000000085c00000|  0%| F|  |TAMS 0x0000000085b00000, 0x0000000085b00000| Untracked 
| 125|0x0000000087d00000, 0x0000000087d00000, 0x0000000087e00000|  0%| F|  |TAMS 0x0000000087d00000, 0x0000000087d00000| Untracked 
| 126|0x0000000087e00000, 0x0000000087e00000, 0x0000000087f00000|  0%| F|  |TAMS 0x0000000087e00000, 0x0000000087e00000| Untracked 
| 127|0x0000000087f00000, 0x0000000087f00000, 0x0000000088000000|  0%| F|  |TAMS 0x0000000087f00000, 0x0000000087f00000| Untracked 
| 128|0x0000000088000000, 0x0000000088000000, 0x0000000088100000|  0%| F|  |TAMS 0x0000000088000000, 0x0000000088000000| Untracked 
| 129|0x0000000088100000, 0x0000000088100000, 0x0000000088200000|  0%| F|  |TAMS 0x0000000088100000, 0x0000000088100000| Untracked 
| 130|0x0000000088200000, 0x0000000088200000, 0x0000000088300000|  0%| F|  |TAMS 0x0000000088200000, 0x0000000088200000| Untracked 
| 131|0x0000000088300000, 0x0000000088300000, 0x0000000088400000|  0%| F|  |TAMS 0x0000000088300000, 0x0000000088300000| Untracked 
| 132|0x0000000088400000, 0x0000000088400000, 0x0000000088500000|  0%| F|  |TAMS 0x0000000088400000, 0x0000000088400000| Untracked 
| 133|0x0000000088500000, 0x0000000088500000, 0x0000000088600000|  0%| F|  |TAMS 0x0000000088500000, 0x0000000088500000| Untracked 
| 134|0x0000000088600000, 0x0000000088600000, 0x0000000088700000|  0%| F|  |TAMS 0x0000000088600000, 0x0000000088600000| Untracked 
| 135|0x0000000088700000, 0x0000000088700000, 0x0000000088800000|  0%| F|  |TAMS 0x0000000088700000, 0x0000000088700000| Untracked 
| 136|0x0000000088800000, 0x0000000088867f00, 0x0000000088900000| 40%| S|CS|TAMS 0x0000000088800000, 0x0000000088800000| Complete 
| 248|0x000000008f800000, 0x000000008f800000, 0x000000008f900000|  0%| F|  |TAMS 0x000000008f800000, 0x000000008f800000| Untracked 
| 249|0x000000008f900000, 0x000000008f900000, 0x000000008fa00000|  0%| F|  |TAMS 0x000000008f900000, 0x000000008f900000| Untracked 
| 250|0x000000008fa00000, 0x000000008fa00000, 0x000000008fb00000|  0%| F|  |TAMS 0x000000008fa00000, 0x000000008fa00000| Untracked 
| 251|0x000000008fb00000, 0x000000008fb00000, 0x000000008fc00000|  0%| F|  |TAMS 0x000000008fb00000, 0x000000008fb00000| Untracked 
|2045|0x00000000ffd00000, 0x00000000ffe00000, 0x00000000ffe00000|100%| O|  |TAMS 0x00000000ffe00000, 0x00000000ffe00000| Untracked 
|2046|0x00000000ffe00000, 0x00000000fff00000, 0x00000000fff00000|100%| O|  |TAMS 0x00000000fff00000, 0x00000000fff00000| Untracked 
|2047|0x00000000fff00000, 0x0000000100000000, 0x0000000100000000|100%| O|  |TAMS 0x0000000100000000, 0x0000000100000000| Untracked 

Card table byte_map: [0x0000026da75c0000,0x0000026da79c0000] _byte_map_base: 0x0000026da71c0000

Marking Bits (Prev, Next): (CMBitMap*) 0x0000026d8fe4e580, (CMBitMap*) 0x0000026d8fe4e5c0
 Prev Bits: [0x0000026da7dc0000, 0x0000026da9dc0000)
 Next Bits: [0x0000026da9dc0000, 0x0000026dabdc0000)

Polling page: 0x0000026d8dd40000

Metaspace:

Usage:
  Non-class:     49.28 MB used.
      Class:      7.91 MB used.
       Both:     57.19 MB used.

Virtual space:
  Non-class space:       64.00 MB reserved,      49.62 MB ( 78%) committed,  1 nodes.
      Class space:      416.00 MB reserved,       8.19 MB (  2%) committed,  1 nodes.
             Both:      480.00 MB reserved,      57.81 MB ( 12%) committed. 

Chunk freelists:
   Non-Class:  13.86 MB
       Class:  7.79 MB
        Both:  21.65 MB

MaxMetaspaceSize: 512.00 MB
CompressedClassSpaceSize: 416.00 MB
Initial GC threshold: 21.00 MB
Current GC threshold: 96.06 MB
CDS: on
MetaspaceReclaimPolicy: balanced
 - commit_granule_bytes: 65536.
 - commit_granule_words: 8192.
 - virtual_space_node_default_size: 8388608.
 - enlarge_chunks_in_place: 1.
 - new_chunks_are_fully_committed: 0.
 - uncommit_free_chunks: 1.
 - use_allocation_guard: 0.
 - handle_deallocations: 1.


Internal statistics:

num_allocs_failed_limit: 6.
num_arena_births: 714.
num_arena_deaths: 0.
num_vsnodes_births: 2.
num_vsnodes_deaths: 0.
num_space_committed: 925.
num_space_uncommitted: 0.
num_chunks_returned_to_freelist: 6.
num_chunks_taken_from_freelist: 3040.
num_chunk_merges: 6.
num_chunk_splits: 2028.
num_chunks_enlarged: 1365.
num_inconsistent_stats: 0.

CodeHeap 'non-profiled nmethods': size=119168Kb used=4866Kb max_used=4866Kb free=114301Kb
 bounds [0x0000026d9f4d0000, 0x0000026d9f9a0000, 0x0000026da6930000]
CodeHeap 'profiled nmethods': size=119104Kb used=14655Kb max_used=14655Kb free=104448Kb
 bounds [0x0000026d97930000, 0x0000026d98780000, 0x0000026d9ed80000]
CodeHeap 'non-nmethods': size=7488Kb used=2356Kb max_used=4100Kb free=5131Kb
 bounds [0x0000026d9ed80000, 0x0000026d9f1f0000, 0x0000026d9f4d0000]
 total_blobs=8340 nmethods=7459 adapters=793
 compilation: enabled
              stopped_count=0, restarted_count=0
 full_count=0

Compilation events (20 events):
Event: 8255.395 Thread 0x0000026daeb267e0 8371       4       java.util.concurrent.LinkedBlockingDeque::linkLast (69 bytes)
Event: 8255.408 Thread 0x0000026daeb267e0 nmethod 8371 0x0000026d9f989510 code [0x0000026d9f9896c0, 0x0000026d9f98a1e8]
Event: 8255.450 Thread 0x0000026daeb267e0 8372       4       java.lang.reflect.Method::invoke (65 bytes)
Event: 8256.393 Thread 0x0000026daeb267e0 nmethod 8372 0x0000026d9f98a510 code [0x0000026d9f98a700, 0x0000026d9f98afe0]
Event: 8256.413 Thread 0x0000026daeb267e0 8373   !   4       java.util.concurrent.ThreadPoolExecutor::getTask (177 bytes)
Event: 8256.884 Thread 0x0000026daeb270f0 8374       3       org.codehaus.groovy.reflection.AccessPermissionChecker::checkAccessPermission (70 bytes)
Event: 8257.006 Thread 0x0000026daeb267e0 nmethod 8373 0x0000026d9f98b510 code [0x0000026d9f98b760, 0x0000026d9f98c810]
Event: 8257.117 Thread 0x0000026daeb270f0 nmethod 8374 0x0000026d9877ed90 code [0x0000026d9877efe0, 0x0000026d9877faa8]
Event: 8257.306 Thread 0x0000026daeb267e0 8375       4       java.util.concurrent.ScheduledThreadPoolExecutor$DelayedWorkQueue::add (9 bytes)
Event: 8257.407 Thread 0x0000026daeb267e0 nmethod 8375 0x0000026d9f98d610 code [0x0000026d9f98d820, 0x0000026d9f98e790]
Event: 8257.412 Thread 0x0000026daeb267e0 8376       4       java.util.concurrent.locks.AbstractQueuedSynchronizer$ConditionObject::signal (34 bytes)
Event: 8257.434 Thread 0x0000026daeb267e0 nmethod 8376 0x0000026d9f98ef10 code [0x0000026d9f98f0a0, 0x0000026d9f98f7e8]
Event: 8257.434 Thread 0x0000026daeb267e0 8377       4       java.util.concurrent.ScheduledThreadPoolExecutor$ScheduledFutureTask::setNextRunTime (38 bytes)
Event: 8257.495 Thread 0x0000026daeb267e0 nmethod 8377 0x0000026d9f98fa10 code [0x0000026d9f98fb80, 0x0000026d9f98fc38]
Event: 8262.479 Thread 0x0000026daeb267e0 8378       4       java.util.concurrent.ThreadPoolExecutor::ensurePrestart (41 bytes)
Event: 8268.108 Thread 0x0000026daeb267e0 nmethod 8378 0x0000026d9f98fd10 code [0x0000026d9f98fea0, 0x0000026d9f98ff88]
Event: 8268.176 Thread 0x0000026daeb267e0 8379       4       java.util.concurrent.Executors$RunnableAdapter::call (14 bytes)
Event: 8268.773 Thread 0x0000026daeb267e0 nmethod 8379 0x0000026d9f990090 code [0x0000026d9f990220, 0x0000026d9f9902e8]
Event: 8295.278 Thread 0x0000026daeb267e0 8380       4       java.util.concurrent.ScheduledThreadPoolExecutor::reExecutePeriodic (49 bytes)
Event: 8302.016 Thread 0x0000026daeb267e0 nmethod 8380 0x0000026d9f990410 code [0x0000026d9f9905c0, 0x0000026d9f990778]

GC Heap History (20 events):
Event: 967.222 GC heap after
{Heap after GC invocations=21 (full 0):
 garbage-first heap   total 94208K, used 52808K [0x0000000080000000, 0x0000000100000000)
  region size 1024K, 2 young (2048K), 2 survivors (2048K)
 Metaspace       used 58397K, committed 59008K, reserved 491520K
  class space    used 8092K, committed 8384K, reserved 425984K
}
Event: 1032.301 GC heap before
{Heap before GC invocations=22 (full 0):
 garbage-first heap   total 94208K, used 78408K [0x0000000080000000, 0x0000000100000000)
  region size 1024K, 27 young (27648K), 2 survivors (2048K)
 Metaspace       used 58415K, committed 59008K, reserved 491520K
  class space    used 8092K, committed 8384K, reserved 425984K
}
Event: 1032.305 GC heap after
{Heap after GC invocations=23 (full 0):
 garbage-first heap   total 94208K, used 52777K [0x0000000080000000, 0x0000000100000000)
  region size 1024K, 2 young (2048K), 2 survivors (2048K)
 Metaspace       used 58415K, committed 59008K, reserved 491520K
  class space    used 8092K, committed 8384K, reserved 425984K
}
Event: 1039.157 GC heap before
{Heap before GC invocations=23 (full 0):
 garbage-first heap   total 94208K, used 54825K [0x0000000080000000, 0x0000000100000000)
  region size 1024K, 4 young (4096K), 2 survivors (2048K)
 Metaspace       used 58415K, committed 59008K, reserved 491520K
  class space    used 8092K, committed 8384K, reserved 425984K
}
Event: 1039.175 GC heap after
{Heap after GC invocations=24 (full 0):
 garbage-first heap   total 94208K, used 52506K [0x0000000080000000, 0x0000000100000000)
  region size 1024K, 1 young (1024K), 1 survivors (1024K)
 Metaspace       used 58415K, committed 59008K, reserved 491520K
  class space    used 8092K, committed 8384K, reserved 425984K
}
Event: 1105.639 GC heap before
{Heap before GC invocations=24 (full 0):
 garbage-first heap   total 94208K, used 78106K [0x0000000080000000, 0x0000000100000000)
  region size 1024K, 26 young (26624K), 1 survivors (1024K)
 Metaspace       used 58421K, committed 59008K, reserved 491520K
  class space    used 8092K, committed 8384K, reserved 425984K
}
Event: 1105.816 GC heap after
{Heap after GC invocations=25 (full 0):
 garbage-first heap   total 94208K, used 52605K [0x0000000080000000, 0x0000000100000000)
  region size 1024K, 1 young (1024K), 1 survivors (1024K)
 Metaspace       used 58421K, committed 59008K, reserved 491520K
  class space    used 8092K, committed 8384K, reserved 425984K
}
Event: 1190.298 GC heap before
{Heap before GC invocations=26 (full 0):
 garbage-first heap   total 94208K, used 79229K [0x0000000080000000, 0x0000000100000000)
  region size 1024K, 27 young (27648K), 1 survivors (1024K)
 Metaspace       used 58431K, committed 59072K, reserved 491520K
  class space    used 8092K, committed 8384K, reserved 425984K
}
Event: 1190.312 GC heap after
{Heap after GC invocations=27 (full 0):
 garbage-first heap   total 113664K, used 52695K [0x0000000080000000, 0x0000000100000000)
  region size 1024K, 1 young (1024K), 1 survivors (1024K)
 Metaspace       used 58431K, committed 59072K, reserved 491520K
  class space    used 8092K, committed 8384K, reserved 425984K
}
Event: 8263.013 GC heap before
{Heap before GC invocations=27 (full 0):
 garbage-first heap   total 113664K, used 95703K [0x0000000080000000, 0x0000000100000000)
  region size 1024K, 43 young (44032K), 1 survivors (1024K)
 Metaspace       used 58553K, committed 59200K, reserved 491520K
  class space    used 8100K, committed 8384K, reserved 425984K
}
Event: 8268.094 GC heap after
{Heap after GC invocations=28 (full 0):
 garbage-first heap   total 113664K, used 52757K [0x0000000080000000, 0x0000000100000000)
  region size 1024K, 1 young (1024K), 1 survivors (1024K)
 Metaspace       used 58553K, committed 59200K, reserved 491520K
  class space    used 8100K, committed 8384K, reserved 425984K
}
Event: 8290.670 GC heap before
{Heap before GC invocations=28 (full 0):
 garbage-first heap   total 113664K, used 56853K [0x0000000080000000, 0x0000000100000000)
  region size 1024K, 5 young (5120K), 1 survivors (1024K)
 Metaspace       used 58559K, committed 59200K, reserved 491520K
  class space    used 8101K, committed 8384K, reserved 425984K
}
Event: 8291.946 GC heap after
{Heap after GC invocations=29 (full 0):
 garbage-first heap   total 113664K, used 52883K [0x0000000080000000, 0x0000000100000000)
  region size 1024K, 1 young (1024K), 1 survivors (1024K)
 Metaspace       used 58559K, committed 59200K, reserved 491520K
  class space    used 8101K, committed 8384K, reserved 425984K
}
Event: 8294.256 GC heap before
{Heap before GC invocations=29 (full 0):
 garbage-first heap   total 113664K, used 56979K [0x0000000080000000, 0x0000000100000000)
  region size 1024K, 5 young (5120K), 1 survivors (1024K)
 Metaspace       used 58561K, committed 59200K, reserved 491520K
  class space    used 8101K, committed 8384K, reserved 425984K
}
Event: 8295.189 GC heap after
{Heap after GC invocations=30 (full 0):
 garbage-first heap   total 113664K, used 52732K [0x0000000080000000, 0x0000000100000000)
  region size 1024K, 1 young (1024K), 1 survivors (1024K)
 Metaspace       used 58561K, committed 59200K, reserved 491520K
  class space    used 8101K, committed 8384K, reserved 425984K
}
Event: 8297.669 GC heap before
{Heap before GC invocations=30 (full 0):
 garbage-first heap   total 113664K, used 56828K [0x0000000080000000, 0x0000000100000000)
  region size 1024K, 5 young (5120K), 1 survivors (1024K)
 Metaspace       used 58562K, committed 59200K, reserved 491520K
  class space    used 8101K, committed 8384K, reserved 425984K
}
Event: 8299.247 GC heap after
{Heap after GC invocations=31 (full 0):
 garbage-first heap   total 113664K, used 52717K [0x0000000080000000, 0x0000000100000000)
  region size 1024K, 1 young (1024K), 1 survivors (1024K)
 Metaspace       used 58562K, committed 59200K, reserved 491520K
  class space    used 8101K, committed 8384K, reserved 425984K
}
Event: 8300.343 GC heap before
{Heap before GC invocations=31 (full 0):
 garbage-first heap   total 113664K, used 56813K [0x0000000080000000, 0x0000000100000000)
  region size 1024K, 5 young (5120K), 1 survivors (1024K)
 Metaspace       used 58562K, committed 59200K, reserved 491520K
  class space    used 8101K, committed 8384K, reserved 425984K
}
Event: 8301.754 GC heap after
{Heap after GC invocations=32 (full 0):
 garbage-first heap   total 113664K, used 52711K [0x0000000080000000, 0x0000000100000000)
  region size 1024K, 1 young (1024K), 1 survivors (1024K)
 Metaspace       used 58562K, committed 59200K, reserved 491520K
  class space    used 8101K, committed 8384K, reserved 425984K
}
Event: 8302.105 GC heap before
{Heap before GC invocations=32 (full 0):
 garbage-first heap   total 113664K, used 56807K [0x0000000080000000, 0x0000000100000000)
  region size 1024K, 5 young (5120K), 1 survivors (1024K)
 Metaspace       used 58562K, committed 59200K, reserved 491520K
  class space    used 8101K, committed 8384K, reserved 425984K
}

Dll operation events (13 events):
Event: 0.792 Loaded shared library C:\Program Files\Eclipse Adoptium\jdk-17.0.15.6-hotspot\bin\java.dll
Event: 1.873 Loaded shared library C:\Program Files\Eclipse Adoptium\jdk-17.0.15.6-hotspot\bin\jsvml.dll
Event: 3.166 Loaded shared library C:\Program Files\Eclipse Adoptium\jdk-17.0.15.6-hotspot\bin\net.dll
Event: 3.241 Loaded shared library C:\Program Files\Eclipse Adoptium\jdk-17.0.15.6-hotspot\bin\nio.dll
Event: 3.307 Loaded shared library C:\Program Files\Eclipse Adoptium\jdk-17.0.15.6-hotspot\bin\zip.dll
Event: 9.284 Loaded shared library C:\Program Files\Eclipse Adoptium\jdk-17.0.15.6-hotspot\bin\jimage.dll
Event: 12.319 Loaded shared library C:\Program Files\Eclipse Adoptium\jdk-17.0.15.6-hotspot\bin\verify.dll
Event: 19.716 Loaded shared library C:\Users\karth\.gradle\native\68d5fa5c4cc2d200863cafc0d521ce42e7d3e7ee720ec0a83991735586a16f82\windows-amd64\native-platform.dll
Event: 19.916 Loaded shared library C:\Users\karth\.gradle\native\e376f236ea51e6404a007f0833ffe2c6e607c4080706a723a18a27aeea778392\windows-amd64\native-platform-file-events.dll
Event: 29.293 Loaded shared library C:\Program Files\Eclipse Adoptium\jdk-17.0.15.6-hotspot\bin\management.dll
Event: 29.693 Loaded shared library C:\Program Files\Eclipse Adoptium\jdk-17.0.15.6-hotspot\bin\management_ext.dll
Event: 36.602 Loaded shared library C:\Program Files\Eclipse Adoptium\jdk-17.0.15.6-hotspot\bin\extnet.dll
Event: 46.640 Loaded shared library C:\Program Files\Eclipse Adoptium\jdk-17.0.15.6-hotspot\bin\sunmscapi.dll

Deoptimization events (20 events):
Event: 902.947 Thread 0x0000026dca852cc0 DEOPT PACKING pc=0x0000026d9f895d6c sp=0x000000f4c4ef79d0
Event: 902.947 Thread 0x0000026dca852cc0 DEOPT UNPACKING pc=0x0000026d9edd69a3 sp=0x000000f4c4ef7950 mode 2
Event: 910.181 Thread 0x0000026dca854b20 Uncommon trap: trap_request=0xffffff45 fr.pc=0x0000026d9f555eb0 relative=0x0000000000002770
Event: 910.181 Thread 0x0000026dca854b20 Uncommon trap: reason=unstable_if action=reinterpret pc=0x0000026d9f555eb0 method=sun.nio.ch.NativeSocketAddress.mismatch(Lsun/nio/ch/NativeSocketAddress;)I @ 21 c2
Event: 910.181 Thread 0x0000026dca854b20 DEOPT PACKING pc=0x0000026d9f555eb0 sp=0x000000f4c72feff0
Event: 910.181 Thread 0x0000026dca854b20 DEOPT UNPACKING pc=0x0000026d9edd69a3 sp=0x000000f4c72feca0 mode 2
Event: 1089.204 Thread 0x0000026dca852cc0 Uncommon trap: trap_request=0xffffff45 fr.pc=0x0000026d9f94264c relative=0x000000000000198c
Event: 1089.205 Thread 0x0000026dca852cc0 Uncommon trap: reason=unstable_if action=reinterpret pc=0x0000026d9f94264c method=java.util.concurrent.locks.ReentrantLock$NonfairSync.tryAcquire(I)Z @ 13 c2
Event: 1089.205 Thread 0x0000026dca852cc0 DEOPT PACKING pc=0x0000026d9f94264c sp=0x000000f4c4ef7700
Event: 1089.206 Thread 0x0000026dca852cc0 DEOPT UNPACKING pc=0x0000026d9edd69a3 sp=0x000000f4c4ef7648 mode 2
Event: 1637.618 Thread 0x0000026dca852cc0 Uncommon trap: trap_request=0xffffff45 fr.pc=0x0000026d9f620b44 relative=0x0000000000000124
Event: 1637.619 Thread 0x0000026dca852cc0 Uncommon trap: reason=unstable_if action=reinterpret pc=0x0000026d9f620b44 method=org.gradle.internal.time.DefaultCountdownTimer.hasExpired()Z @ 6 c2
Event: 1637.620 Thread 0x0000026dca852cc0 DEOPT PACKING pc=0x0000026d9f620b44 sp=0x000000f4c4ef7830
Event: 1637.622 Thread 0x0000026dca852cc0 DEOPT UNPACKING pc=0x0000026d9edd69a3 sp=0x000000f4c4ef77f8 mode 2
Event: 1637.622 Thread 0x0000026dca852cc0 Uncommon trap: trap_request=0xffffff45 fr.pc=0x0000026d9f628418 relative=0x00000000000060b8
Event: 1637.623 Thread 0x0000026dca852cc0 Uncommon trap: reason=unstable_if action=reinterpret pc=0x0000026d9f628418 method=org.gradle.internal.io.ExponentialBackoff.retryUntil(Lorg/gradle/internal/io/IOQuery;)Ljava/lang/Object; @ 25 c2
Event: 1637.623 Thread 0x0000026dca852cc0 DEOPT PACKING pc=0x0000026d9f628418 sp=0x000000f4c4ef7890
Event: 1637.624 Thread 0x0000026dca852cc0 DEOPT UNPACKING pc=0x0000026d9edd69a3 sp=0x000000f4c4ef7918 mode 2
Event: 8248.103 Thread 0x0000026dcaba9dd0 DEOPT PACKING pc=0x0000026d979f1d9b sp=0x000000f4c6bfe090
Event: 8248.103 Thread 0x0000026dcaba9dd0 DEOPT UNPACKING pc=0x0000026d9edd7143 sp=0x000000f4c6bfd5b0 mode 0

Classes loaded (20 events):
Event: 882.949 Loading class jdk/internal/loader/URLClassPath$FileLoader
Event: 882.949 Loading class jdk/internal/loader/URLClassPath$FileLoader done
Event: 882.962 Loading class jdk/internal/loader/URLClassPath$FileLoader$1
Event: 882.962 Loading class jdk/internal/loader/URLClassPath$FileLoader$1 done
Event: 883.093 Loading class jdk/internal/access/foreign/MemorySegmentProxy
Event: 883.094 Loading class jdk/internal/access/foreign/MemorySegmentProxy done
Event: 883.462 Loading class java/lang/AbstractMethodError
Event: 883.462 Loading class java/lang/AbstractMethodError done
Event: 883.524 Loading class java/time/temporal/WeekFields
Event: 883.524 Loading class java/time/temporal/WeekFields done
Event: 883.524 Loading class java/time/temporal/WeekFields$ComputedDayOfField
Event: 883.525 Loading class java/time/temporal/WeekFields$ComputedDayOfField done
Event: 883.529 Loading class java/time/Month$1
Event: 883.529 Loading class java/time/Month$1 done
Event: 883.533 Loading class java/nio/channels/Channels
Event: 883.533 Loading class java/nio/channels/Channels done
Event: 883.534 Loading class java/nio/channels/Channels$1
Event: 883.534 Loading class java/nio/channels/Channels$1 done
Event: 8251.810 Loading class java/util/regex/Pattern$Pos
Event: 8251.837 Loading class java/util/regex/Pattern$Pos done

Classes unloaded (0 events):
No events

Classes redefined (0 events):
No events

Internal exceptions (20 events):
Event: 884.478 Thread 0x0000026dca852cc0 Exception <a 'java/lang/ClassNotFoundException'{0x000000008476e318}: org/gradle/internal/metaobject/ConfigureDelegateCustomizer> (0x000000008476e318) 
thrown [s\src\hotspot\share\classfile\systemDictionary.cpp, line 256]
Event: 884.486 Thread 0x0000026dca852cc0 Exception <a 'java/lang/ClassNotFoundException'{0x00000000847b0598}: org/gradle/api/internal/initialization/DefaultScriptHandlerBeanInfo> (0x00000000847b0598) 
thrown [s\src\hotspot\share\classfile\systemDictionary.cpp, line 256]
Event: 884.486 Thread 0x0000026dca852cc0 Exception <a 'java/lang/ClassNotFoundException'{0x00000000847c1e80}: org/gradle/api/internal/initialization/DefaultScriptHandlerCustomizer> (0x00000000847c1e80) 
thrown [s\src\hotspot\share\classfile\systemDictionary.cpp, line 256]
Event: 884.516 Thread 0x0000026dca852cc0 Exception <a 'java/lang/ClassNotFoundException'{0x00000000843d2260}: org/gradle/api/internal/artifacts/dsl/DefaultRepositoryHandler_DecoratedBeanInfo> (0x00000000843d2260) 
thrown [s\src\hotspot\share\classfile\systemDictionary.cpp, line 256]
Event: 884.518 Thread 0x0000026dca852cc0 Exception <a 'java/lang/ClassNotFoundException'{0x00000000843ea3b0}: org/gradle/api/internal/artifacts/dsl/DefaultRepositoryHandlerBeanInfo> (0x00000000843ea3b0) 
thrown [s\src\hotspot\share\classfile\systemDictionary.cpp, line 256]
Event: 884.520 Thread 0x0000026dca852cc0 Exception <a 'java/lang/ClassNotFoundException'{0x0000000084202fa8}: org/gradle/api/internal/artifacts/DefaultArtifactRepositoryContainerBeanInfo> (0x0000000084202fa8) 
thrown [s\src\hotspot\share\classfile\systemDictionary.cpp, line 256]
Event: 884.521 Thread 0x0000026dca852cc0 Exception <a 'java/lang/ClassNotFoundException'{0x0000000084217ae8}: org/gradle/api/internal/DefaultNamedDomainObjectListBeanInfo> (0x0000000084217ae8) 
thrown [s\src\hotspot\share\classfile\systemDictionary.cpp, line 256]
Event: 884.522 Thread 0x0000026dca852cc0 Exception <a 'java/lang/ClassNotFoundException'{0x000000008422ca90}: org/gradle/api/internal/DefaultNamedDomainObjectCollectionBeanInfo> (0x000000008422ca90) 
thrown [s\src\hotspot\share\classfile\systemDictionary.cpp, line 256]
Event: 884.523 Thread 0x0000026dca852cc0 Exception <a 'java/lang/ClassNotFoundException'{0x0000000084241878}: org/gradle/api/internal/DefaultDomainObjectCollectionBeanInfo> (0x0000000084241878) 
thrown [s\src\hotspot\share\classfile\systemDictionary.cpp, line 256]
Event: 884.524 Thread 0x0000026dca852cc0 Exception <a 'java/lang/ClassNotFoundException'{0x0000000084256798}: org/gradle/api/internal/DefaultDomainObjectCollectionCustomizer> (0x0000000084256798) 
thrown [s\src\hotspot\share\classfile\systemDictionary.cpp, line 256]
Event: 884.530 Thread 0x0000026dca852cc0 Exception <a 'java/lang/ClassNotFoundException'{0x0000000084293b28}: org/gradle/api/internal/DefaultNamedDomainObjectCollectionCustomizer> (0x0000000084293b28) 
thrown [s\src\hotspot\share\classfile\systemDictionary.cpp, line 256]
Event: 884.535 Thread 0x0000026dca852cc0 Exception <a 'java/lang/ClassNotFoundException'{0x00000000842db758}: org/gradle/api/internal/DefaultNamedDomainObjectListCustomizer> (0x00000000842db758) 
thrown [s\src\hotspot\share\classfile\systemDictionary.cpp, line 256]
Event: 884.541 Thread 0x0000026dca852cc0 Exception <a 'java/lang/ClassNotFoundException'{0x000000008411ffd8}: org/gradle/api/internal/artifacts/DefaultArtifactRepositoryContainerCustomizer> (0x000000008411ffd8) 
thrown [s\src\hotspot\share\classfile\systemDictionary.cpp, line 256]
Event: 884.547 Thread 0x0000026dca852cc0 Exception <a 'java/lang/ClassNotFoundException'{0x0000000084160628}: org/gradle/api/internal/artifacts/dsl/DefaultRepositoryHandlerCustomizer> (0x0000000084160628) 
thrown [s\src\hotspot\share\classfile\systemDictionary.cpp, line 256]
Event: 884.552 Thread 0x0000026dca852cc0 Exception <a 'java/lang/ClassNotFoundException'{0x00000000841aeb68}: org/gradle/api/internal/artifacts/dsl/DefaultRepositoryHandler_DecoratedCustomizer> (0x00000000841aeb68) 
thrown [s\src\hotspot\share\classfile\systemDictionary.cpp, line 256]
Event: 884.588 Thread 0x0000026dca852cc0 Exception <a 'java/lang/ClassNotFoundException'{0x000000008fb42240}: org/gradle/api/internal/artifacts/dsl/dependencies/DefaultDependencyHandler_DecoratedBeanInfo> (0x000000008fb42240) 
thrown [s\src\hotspot\share\classfile\systemDictionary.cpp, line 256]
Event: 884.589 Thread 0x0000026dca852cc0 Exception <a 'java/lang/ClassNotFoundException'{0x000000008fb5a078}: org/gradle/api/internal/artifacts/dsl/dependencies/DefaultDependencyHandlerBeanInfo> (0x000000008fb5a078) 
thrown [s\src\hotspot\share\classfile\systemDictionary.cpp, line 256]
Event: 884.592 Thread 0x0000026dca852cc0 Exception <a 'java/lang/ClassNotFoundException'{0x000000008fb725e8}: org/gradle/api/internal/artifacts/dsl/dependencies/DefaultDependencyHandlerCustomizer> (0x000000008fb725e8) 
thrown [s\src\hotspot\share\classfile\systemDictionary.cpp, line 256]
Event: 884.596 Thread 0x0000026dca852cc0 Exception <a 'java/lang/ClassNotFoundException'{0x000000008fbbc258}: org/gradle/api/internal/artifacts/dsl/dependencies/DefaultDependencyHandler_DecoratedCustomizer> (0x000000008fbbc258) 
thrown [s\src\hotspot\share\classfile\systemDictionary.cpp, line 256]
Event: 8248.163 Thread 0x0000026dca852cc0 Exception <a 'java/lang/reflect/InvocationTargetException'{0x000000008854fd40}> (0x000000008854fd40) 
thrown [s\src\hotspot\share\runtime\reflection.cpp, line 1128]

VM Operations (20 events):
Event: 8254.505 Executing VM operation: Cleanup done
Event: 8255.636 Executing VM operation: Cleanup
Event: 8255.731 Executing VM operation: Cleanup done
Event: 8256.744 Executing VM operation: Cleanup
Event: 8256.792 Executing VM operation: Cleanup done
Event: 8257.798 Executing VM operation: Cleanup
Event: 8260.754 Executing VM operation: Cleanup done
Event: 8262.784 Executing VM operation: G1CollectForAllocation
Event: 8268.105 Executing VM operation: G1CollectForAllocation done
Event: 8269.117 Executing VM operation: Cleanup
Event: 8269.325 Executing VM operation: Cleanup done
Event: 8272.058 Executing VM operation: G1CollectForAllocation
Event: 8291.947 Executing VM operation: G1CollectForAllocation done
Event: 8292.105 Executing VM operation: G1CollectForAllocation
Event: 8295.190 Executing VM operation: G1CollectForAllocation done
Event: 8295.862 Executing VM operation: G1CollectForAllocation
Event: 8299.248 Executing VM operation: G1CollectForAllocation done
Event: 8299.311 Executing VM operation: G1CollectForAllocation
Event: 8301.754 Executing VM operation: G1CollectForAllocation done
Event: 8301.978 Executing VM operation: G1CollectForAllocation

Memory protections (0 events):
No events

Nmethod flushes (20 events):
Event: 695.895 Thread 0x0000026daeb2d920 flushing  nmethod 0x0000026d98197890
Event: 695.895 Thread 0x0000026daeb2d920 flushing  nmethod 0x0000026d98198a10
Event: 695.895 Thread 0x0000026daeb2d920 flushing  nmethod 0x0000026d98199810
Event: 695.895 Thread 0x0000026daeb2d920 flushing  nmethod 0x0000026d9819f190
Event: 695.895 Thread 0x0000026daeb2d920 flushing  nmethod 0x0000026d981a0210
Event: 695.895 Thread 0x0000026daeb2d920 flushing  nmethod 0x0000026d981a1d90
Event: 695.895 Thread 0x0000026daeb2d920 flushing  nmethod 0x0000026d981b1a90
Event: 695.895 Thread 0x0000026daeb2d920 flushing  nmethod 0x0000026d981d2090
Event: 695.895 Thread 0x0000026daeb2d920 flushing  nmethod 0x0000026d981d6c90
Event: 695.895 Thread 0x0000026daeb2d920 flushing  nmethod 0x0000026d981e1d90
Event: 695.895 Thread 0x0000026daeb2d920 flushing  nmethod 0x0000026d981e2290
Event: 695.895 Thread 0x0000026daeb2d920 flushing  nmethod 0x0000026d981e3410
Event: 695.895 Thread 0x0000026daeb2d920 flushing  nmethod 0x0000026d981e5110
Event: 695.895 Thread 0x0000026daeb2d920 flushing  nmethod 0x0000026d9824cc90
Event: 695.895 Thread 0x0000026daeb2d920 flushing  nmethod 0x0000026d9826ef10
Event: 883.034 Thread 0x0000026daeb2d920 flushing  nmethod 0x0000026d9f7d9310
Event: 883.035 Thread 0x0000026daeb2d920 flushing  nmethod 0x0000026d97a1ec10
Event: 883.035 Thread 0x0000026daeb2d920 flushing  nmethod 0x0000026d97a1f010
Event: 883.035 Thread 0x0000026daeb2d920 flushing  nmethod 0x0000026d97a1f810
Event: 883.037 Thread 0x0000026daeb2d920 flushing  nmethod 0x0000026d97cf8d90

Events (20 events):
Event: 884.434 Thread 0x0000026dca18f200 Thread exited: 0x0000026dca18f200
Event: 884.676 Thread 0x0000026dca852cc0 Thread added: 0x0000026dca9c9f60
Event: 884.935 Thread 0x0000026daeb270f0 Thread added: 0x0000026dca18f200
Event: 885.079 Thread 0x0000026daeb270f0 Thread added: 0x0000026dca18e210
Event: 885.639 Thread 0x0000026dca18e210 Thread exited: 0x0000026dca18e210
Event: 885.639 Thread 0x0000026dca18f200 Thread exited: 0x0000026dca18f200
Event: 887.261 Thread 0x0000026dca18c780 Thread exited: 0x0000026dca18c780
Event: 909.284 Thread 0x0000026daeb270f0 Thread added: 0x0000026dca18ecb0
Event: 915.213 Thread 0x0000026dca18ecb0 Thread exited: 0x0000026dca18ecb0
Event: 937.799 Thread 0x0000026daeb267e0 Thread added: 0x0000026dca18ccd0
Event: 937.799 Thread 0x0000026daeb267e0 Thread added: 0x0000026dca18c780
Event: 938.990 Thread 0x0000026dca18c780 Thread exited: 0x0000026dca18c780
Event: 939.002 Thread 0x0000026dca18ccd0 Thread exited: 0x0000026dca18ccd0
Event: 8249.798 Thread 0x0000026daeb270f0 Thread added: 0x0000026dca18ecb0
Event: 8249.799 Thread 0x0000026daeb270f0 Thread added: 0x0000026dca18bce0
Event: 8249.800 Thread 0x0000026daeb270f0 Thread added: 0x0000026dca18c230
Event: 8251.473 Thread 0x0000026dca18c230 Thread exited: 0x0000026dca18c230
Event: 8251.474 Thread 0x0000026dca18bce0 Thread exited: 0x0000026dca18bce0
Event: 8253.074 Thread 0x0000026dca18ecb0 Thread exited: 0x0000026dca18ecb0
Event: 8295.991 Thread 0x0000026dd0021730 Thread exited: 0x0000026dd0021730


Dynamic libraries:
0x00007ff687c40000 - 0x00007ff687c4e000 	C:\Program Files\Eclipse Adoptium\jdk-17.0.15.6-hotspot\bin\java.exe
0x00007fffc3680000 - 0x00007fffc38e6000 	C:\WINDOWS\SYSTEM32\ntdll.dll
0x00007fffc2160000 - 0x00007fffc2229000 	C:\WINDOWS\System32\KERNEL32.DLL
0x00007fffc0ae0000 - 0x00007fffc0eac000 	C:\WINDOWS\System32\KERNELBASE.dll
0x0000000070320000 - 0x00000000703bd000 	C:\ProgramData\Symantec\Symantec Endpoint Protection\14.3.9205.6000.105\Data\Sysfer\x64\sysfer.dll
0x00007fffc0810000 - 0x00007fffc095b000 	C:\WINDOWS\System32\ucrtbase.dll
0x00007fff9be20000 - 0x00007fff9be37000 	C:\Program Files\Eclipse Adoptium\jdk-17.0.15.6-hotspot\bin\jli.dll
0x00007fffc14c0000 - 0x00007fffc168a000 	C:\WINDOWS\System32\USER32.dll
0x00007fff99aa0000 - 0x00007fff99abe000 	C:\Program Files\Eclipse Adoptium\jdk-17.0.15.6-hotspot\bin\VCRUNTIME140.dll
0x00007fffa61a0000 - 0x00007fffa643a000 	C:\WINDOWS\WinSxS\amd64_microsoft.windows.common-controls_6595b64144ccf1df_6.0.26100.3912_none_3e07963ce335137e\COMCTL32.dll
0x00007fffc3590000 - 0x00007fffc3639000 	C:\WINDOWS\System32\msvcrt.dll
0x00007fffc1360000 - 0x00007fffc1387000 	C:\WINDOWS\System32\win32u.dll
0x00007fffc1730000 - 0x00007fffc175b000 	C:\WINDOWS\System32\GDI32.dll
0x00007fffc0f70000 - 0x00007fffc10a2000 	C:\WINDOWS\System32\gdi32full.dll
0x00007fffc1390000 - 0x00007fffc1433000 	C:\WINDOWS\System32\msvcp_win.dll
0x00007fffc2850000 - 0x00007fffc2880000 	C:\WINDOWS\System32\IMM32.DLL
0x00007fffa4250000 - 0x00007fffa425c000 	C:\Program Files\Eclipse Adoptium\jdk-17.0.15.6-hotspot\bin\vcruntime140_1.dll
0x00007fff7c670000 - 0x00007fff7c6fd000 	C:\Program Files\Eclipse Adoptium\jdk-17.0.15.6-hotspot\bin\msvcp140.dll
0x00007fff3e940000 - 0x00007fff3f5ab000 	C:\Program Files\Eclipse Adoptium\jdk-17.0.15.6-hotspot\bin\server\jvm.dll
0x00007fffc2e40000 - 0x00007fffc2ef2000 	C:\WINDOWS\System32\ADVAPI32.dll
0x00007fffc1760000 - 0x00007fffc1806000 	C:\WINDOWS\System32\sechost.dll
0x00007fffc2040000 - 0x00007fffc2156000 	C:\WINDOWS\System32\RPCRT4.dll
0x00007fffc3500000 - 0x00007fffc3574000 	C:\WINDOWS\System32\WS2_32.dll
0x00007fffc0680000 - 0x00007fffc06de000 	C:\WINDOWS\SYSTEM32\POWRPROF.dll
0x00007fffb52a0000 - 0x00007fffb52d6000 	C:\WINDOWS\SYSTEM32\WINMM.dll
0x00007fffa9820000 - 0x00007fffa982b000 	C:\WINDOWS\SYSTEM32\VERSION.dll
0x00007fffc0660000 - 0x00007fffc0674000 	C:\WINDOWS\SYSTEM32\UMPDC.dll
0x00007fffbf5d0000 - 0x00007fffbf5ea000 	C:\WINDOWS\SYSTEM32\kernel.appcore.dll
0x00007fffa41b0000 - 0x00007fffa41ba000 	C:\Program Files\Eclipse Adoptium\jdk-17.0.15.6-hotspot\bin\jimage.dll
0x00007fffbe100000 - 0x00007fffbe341000 	C:\WINDOWS\SYSTEM32\DBGHELP.DLL
0x00007fffc3000000 - 0x00007fffc3384000 	C:\WINDOWS\System32\combase.dll
0x00007fffc2b40000 - 0x00007fffc2c20000 	C:\WINDOWS\System32\OLEAUT32.dll
0x00007fff95100000 - 0x00007fff95139000 	C:\WINDOWS\SYSTEM32\dbgcore.DLL
0x00007fffc12c0000 - 0x00007fffc1359000 	C:\WINDOWS\System32\bcryptPrimitives.dll
0x00007fff988b0000 - 0x00007fff988d5000 	C:\Program Files\Eclipse Adoptium\jdk-17.0.15.6-hotspot\bin\java.dll
0x00007fff7c590000 - 0x00007fff7c667000 	C:\Program Files\Eclipse Adoptium\jdk-17.0.15.6-hotspot\bin\jsvml.dll
0x00007fffc1890000 - 0x00007fffc1fbd000 	C:\WINDOWS\System32\SHELL32.dll
0x00007fffc0960000 - 0x00007fffc0ad4000 	C:\WINDOWS\System32\wintypes.dll
0x00007fffbe450000 - 0x00007fffbeca6000 	C:\WINDOWS\SYSTEM32\windows.storage.dll
0x00007fffc2f00000 - 0x00007fffc2fef000 	C:\WINDOWS\System32\SHCORE.dll
0x00007fffc1820000 - 0x00007fffc1889000 	C:\WINDOWS\System32\shlwapi.dll
0x00007fffc0720000 - 0x00007fffc074f000 	C:\WINDOWS\SYSTEM32\profapi.dll
0x00007fff99a10000 - 0x00007fff99a29000 	C:\Program Files\Eclipse Adoptium\jdk-17.0.15.6-hotspot\bin\net.dll
0x00007fffaf2b0000 - 0x00007fffaf3ce000 	C:\WINDOWS\SYSTEM32\WINHTTP.dll
0x00007fffbfb40000 - 0x00007fffbfbaa000 	C:\WINDOWS\system32\mswsock.dll
0x00007fff98f80000 - 0x00007fff98f96000 	C:\Program Files\Eclipse Adoptium\jdk-17.0.15.6-hotspot\bin\nio.dll
0x00007fff98520000 - 0x00007fff98538000 	C:\Program Files\Eclipse Adoptium\jdk-17.0.15.6-hotspot\bin\zip.dll
0x00007fffa4150000 - 0x00007fffa4160000 	C:\Program Files\Eclipse Adoptium\jdk-17.0.15.6-hotspot\bin\verify.dll
0x00007fff98930000 - 0x00007fff98957000 	C:\Users\karth\.gradle\native\68d5fa5c4cc2d200863cafc0d521ce42e7d3e7ee720ec0a83991735586a16f82\windows-amd64\native-platform.dll
0x00007fff7c440000 - 0x00007fff7c584000 	C:\Users\karth\.gradle\native\e376f236ea51e6404a007f0833ffe2c6e607c4080706a723a18a27aeea778392\windows-amd64\native-platform-file-events.dll
0x00007fffa0910000 - 0x00007fffa091a000 	C:\Program Files\Eclipse Adoptium\jdk-17.0.15.6-hotspot\bin\management.dll
0x00007fffa0830000 - 0x00007fffa083b000 	C:\Program Files\Eclipse Adoptium\jdk-17.0.15.6-hotspot\bin\management_ext.dll
0x00007fffc3580000 - 0x00007fffc3588000 	C:\WINDOWS\System32\PSAPI.DLL
0x00007fffbfde0000 - 0x00007fffbfdfc000 	C:\WINDOWS\SYSTEM32\CRYPTSP.dll
0x00007fffbf530000 - 0x00007fffbf56a000 	C:\WINDOWS\system32\rsaenh.dll
0x00007fffbfbe0000 - 0x00007fffbfc0b000 	C:\WINDOWS\SYSTEM32\USERENV.dll
0x00007fffc06f0000 - 0x00007fffc0716000 	C:\WINDOWS\SYSTEM32\bcrypt.dll
0x00007fffbfe00000 - 0x00007fffbfe0c000 	C:\WINDOWS\SYSTEM32\CRYPTBASE.dll
0x00007fffbf070000 - 0x00007fffbf0a3000 	C:\WINDOWS\SYSTEM32\IPHLPAPI.DLL
0x00007fffc2740000 - 0x00007fffc274a000 	C:\WINDOWS\System32\NSI.dll
0x00007fffb72a0000 - 0x00007fffb72bf000 	C:\WINDOWS\SYSTEM32\dhcpcsvc6.DLL
0x00007fffb7030000 - 0x00007fffb7055000 	C:\WINDOWS\SYSTEM32\dhcpcsvc.DLL
0x00007fffbf140000 - 0x00007fffbf267000 	C:\WINDOWS\SYSTEM32\DNSAPI.dll
0x00007fff9c160000 - 0x00007fff9c169000 	C:\Program Files\Eclipse Adoptium\jdk-17.0.15.6-hotspot\bin\extnet.dll
0x00007fff9bf40000 - 0x00007fff9bf4e000 	C:\Program Files\Eclipse Adoptium\jdk-17.0.15.6-hotspot\bin\sunmscapi.dll
0x00007fffc10b0000 - 0x00007fffc1227000 	C:\WINDOWS\System32\CRYPT32.dll
0x00007fffbfff0000 - 0x00007fffc0020000 	C:\WINDOWS\SYSTEM32\ncrypt.dll
0x00007fffbffa0000 - 0x00007fffbffdf000 	C:\WINDOWS\SYSTEM32\NTASN1.dll
0x00007fffa3df0000 - 0x00007fffa3df8000 	C:\WINDOWS\system32\wshunix.dll

dbghelp: loaded successfully - version: 4.0.5 - missing functions: none
symbol engine: initialized successfully - sym options: 0x614 - pdb path: .;C:\Program Files\Eclipse Adoptium\jdk-17.0.15.6-hotspot\bin;C:\WINDOWS\SYSTEM32;C:\ProgramData\Symantec\Symantec Endpoint Protection\14.3.9205.6000.105\Data\Sysfer\x64;C:\WINDOWS\WinSxS\amd64_microsoft.windows.common-controls_6595b64144ccf1df_6.0.26100.3912_none_3e07963ce335137e;C:\Program Files\Eclipse Adoptium\jdk-17.0.15.6-hotspot\bin\server;C:\Users\karth\.gradle\native\68d5fa5c4cc2d200863cafc0d521ce42e7d3e7ee720ec0a83991735586a16f82\windows-amd64;C:\Users\karth\.gradle\native\e376f236ea51e6404a007f0833ffe2c6e607c4080706a723a18a27aeea778392\windows-amd64

VM Arguments:
jvm_args: -XX:MaxMetaspaceSize=512m --add-opens=java.base/java.util=ALL-UNNAMED --add-opens=java.base/java.lang=ALL-UNNAMED --add-opens=java.base/java.lang.invoke=ALL-UNNAMED --add-opens=java.prefs/java.util.prefs=ALL-UNNAMED --add-opens=java.base/java.nio.charset=ALL-UNNAMED --add-opens=java.base/java.net=ALL-UNNAMED --add-opens=java.base/java.util.concurrent.atomic=ALL-UNNAMED -Xmx2048m -Dfile.encoding=UTF-8 -Duser.country=CA -Duser.language=en -Duser.variant 
java_command: org.gradle.launcher.daemon.bootstrap.GradleDaemon 8.0.1
java_class_path (initial): C:\Users\karth\.gradle\wrapper\dists\gradle-8.0.1-all\aro4hu1c3oeioove7l0i4i14o\gradle-8.0.1\lib\gradle-launcher-8.0.1.jar
Launcher Type: SUN_STANDARD

[Global flags]
     intx CICompilerCount                          = 12                                        {product} {ergonomic}
   size_t CompressedClassSpaceSize                 = 436207616                                 {product} {ergonomic}
     uint ConcGCThreads                            = 3                                         {product} {ergonomic}
     uint G1ConcRefinementThreads                  = 13                                        {product} {ergonomic}
   size_t G1HeapRegionSize                         = 1048576                                   {product} {ergonomic}
    uintx GCDrainStackTargetSize                   = 64                                        {product} {ergonomic}
   size_t InitialHeapSize                          = 264241152                                 {product} {ergonomic}
   size_t MarkStackSize                            = 4194304                                   {product} {ergonomic}
   size_t MaxHeapSize                              = 2147483648                                {product} {command line}
   size_t MaxMetaspaceSize                         = 536870912                                 {product} {command line}
   size_t MaxNewSize                               = 1287651328                                {product} {ergonomic}
   size_t MinHeapDeltaBytes                        = 1048576                                   {product} {ergonomic}
   size_t MinHeapSize                              = 8388608                                   {product} {ergonomic}
    uintx NonNMethodCodeHeapSize                   = 7602480                                {pd product} {ergonomic}
    uintx NonProfiledCodeHeapSize                  = 122027880                              {pd product} {ergonomic}
    uintx ProfiledCodeHeapSize                     = 122027880                              {pd product} {ergonomic}
    uintx ReservedCodeCacheSize                    = 251658240                              {pd product} {ergonomic}
     bool SegmentedCodeCache                       = true                                      {product} {ergonomic}
   size_t SoftMaxHeapSize                          = 2147483648                             {manageable} {ergonomic}
     bool UseCompressedClassPointers               = true                           {product lp64_product} {ergonomic}
     bool UseCompressedOops                        = true                           {product lp64_product} {ergonomic}
     bool UseG1GC                                  = true                                      {product} {ergonomic}
     bool UseLargePagesIndividualAllocation        = false                                  {pd product} {ergonomic}

Logging:
Log output configuration:
 #0: stdout all=warning uptime,level,tags
 #1: stderr all=off uptime,level,tags

Environment Variables:
JAVA_HOME=C:\Program Files\Java\jdk-23
CLASSPATH=C:\Users\karth\CascadeProjects\MobileAppAndroid\android\\gradle\wrapper\gradle-wrapper.jar
PATH=C:\Users\karth\CascadeProjects\MobileAppAndroid\node_modules\.bin;C:\Users\karth\CascadeProjects\MobileAppAndroid\node_modules\.bin;C:\Users\karth\CascadeProjects\node_modules\.bin;C:\Users\karth\node_modules\.bin;C:\Users\node_modules\.bin;C:\node_modules\.bin;C:\Program Files\nodejs\node_modules\npm\node_modules\@npmcli\run-script\lib\node-gyp-bin;C:\Users\karth\CascadeProjects\MobileAppAndroid\node_modules\.bin;C:\Users\karth\CascadeProjects\MobileAppAndroid\node_modules\.bin;C:\Users\karth\CascadeProjects\node_modules\.bin;C:\Users\karth\node_modules\.bin;C:\Users\node_modules\.bin;C:\node_modules\.bin;C:\Program Files\nodejs\node_modules\npm\node_modules\@npmcli\run-script\lib\node-gyp-bin;C:\Program Files\Eclipse Adoptium\jdk-17.0.15.6-hotspot\bin;C:\Program Files\Common Files\Oracle\Java\javapath;C:\WINDOWS\system32;C:\WINDOWS;C:\WINDOWS\System32\Wbem;C:\WINDOWS\System32\WindowsPowerShell\v1.0\;C:\WINDOWS\System32\OpenSSH\;C:\Program Files\nodejs\;C:\Program Files (x86)\nikto\program;C:\Program Files (x86)\curl;D:\GoWorkspace\bin;C:\Program Files\Go\bin;C:\Program Files\Git\cmd;C:\Users\karth\AppData\Local\Android\Sdk;C:\Users\karth\AppData\Local\Android\Sdk\platform-tools;C:\Program Files\Eclipse Adoptium\jdk-17.0.15.6-hotspot\bin;C:\Program Files\Common Files\Oracle\Java\javapath;C:\WINDOWS\system32;C:\WINDOWS;C:\WINDOWS\System32\Wbem;C:\WINDOWS\System32\WindowsPowerShell\v1.0\;C:\WINDOWS\System32\OpenSSH\;C:\Program Files\nodejs\;C:\Program Files\Git\cmd;C:\Users\karth\AppData\Local\Microsoft\WindowsApps;C:\Users\karth\AppData\Local\Programs\Microsoft VS Code\bin;C:\Users\karth\AppData\Roaming\npm;C:\Users\karth\go\bin;C:\Users\karth\AppData\Local\Programs\Windsurf\bin
USERNAME=karth
OS=Windows_NT
PROCESSOR_IDENTIFIER=Intel64 Family 6 Model 154 Stepping 3, GenuineIntel
TMP=C:\Users\karth\AppData\Local\Temp
TEMP=C:\Users\karth\AppData\Local\Temp



Periodic native trim disabled


---------------  S Y S T E M  ---------------

OS:
 Windows 11 , 64 bit Build 26100 (10.0.26100.3912)
OS uptime: 10 days 15:58 hours
Hyper-V role detected

CPU: total 16 (initial active 16) (8 cores per cpu, 2 threads per core) family 6 model 154 stepping 3 microcode 0x416, cx8, cmov, fxsr, ht, mmx, 3dnowpref, sse, sse2, sse3, ssse3, sse4.1, sse4.2, popcnt, lzcnt, tsc, tscinvbit, avx, avx2, aes, erms, clmul, bmi1, bmi2, adx, sha, fma, vzeroupper, clflush, clflushopt, clwb, hv
Processor Information for processor 0
  Max Mhz: 2100, Current Mhz: 2100, Mhz Limit: 2100
Processor Information for processor 1
  Max Mhz: 2100, Current Mhz: 2100, Mhz Limit: 2100
Processor Information for processor 2
  Max Mhz: 2100, Current Mhz: 2100, Mhz Limit: 2100
Processor Information for processor 3
  Max Mhz: 2100, Current Mhz: 2100, Mhz Limit: 2100
Processor Information for processor 4
  Max Mhz: 2100, Current Mhz: 2100, Mhz Limit: 2100
Processor Information for processor 5
  Max Mhz: 2100, Current Mhz: 2100, Mhz Limit: 2100
Processor Information for processor 6
  Max Mhz: 2100, Current Mhz: 2100, Mhz Limit: 2100
Processor Information for processor 7
  Max Mhz: 2100, Current Mhz: 2100, Mhz Limit: 2100
Processor Information for processor 8
  Max Mhz: 2100, Current Mhz: 1500, Mhz Limit: 1491
Processor Information for processor 9
  Max Mhz: 2100, Current Mhz: 1500, Mhz Limit: 1491
Processor Information for processor 10
  Max Mhz: 2100, Current Mhz: 1500, Mhz Limit: 1491
Processor Information for processor 11
  Max Mhz: 2100, Current Mhz: 1500, Mhz Limit: 1491
Processor Information for processor 12
  Max Mhz: 2100, Current Mhz: 1500, Mhz Limit: 1491
Processor Information for processor 13
  Max Mhz: 2100, Current Mhz: 1500, Mhz Limit: 1491
Processor Information for processor 14
  Max Mhz: 2100, Current Mhz: 1500, Mhz Limit: 1491
Processor Information for processor 15
  Max Mhz: 2100, Current Mhz: 1500, Mhz Limit: 1491

Memory: 4k page, system-wide physical 16088M (2M free)
TotalPageFile size 64210M (AvailPageFile size 27M)
current process WorkingSet (physical memory assigned to process): 27M, peak: 257M
current process commit charge ("private bytes"): 354M, peak: 426M

vm_info: OpenJDK 64-Bit Server VM (17.0.15+6) for windows-amd64 JRE (17.0.15+6), built on Apr 15 2025 21:25:47 by "admin" with MS VC++ 17.7 (VS2022)

END.
