#
# There is insufficient memory for the Java Runtime Environment to continue.
# Native memory allocation (mmap) failed to map 113246208 bytes. Error detail: G1 virtual space
# Possible reasons:
#   The system is out of physical RAM or swap space
#   This process is running with CompressedOops enabled, and the Java Heap may be blocking the growth of the native heap
# Possible solutions:
#   Reduce memory load on the system
#   Increase physical memory or swap space
#   Check if swap backing store is full
#   Decrease Java heap size (-Xmx/-Xms)
#   Decrease number of Java threads
#   Decrease Java thread stack sizes (-Xss)
#   Set larger code cache with -XX:ReservedCodeCacheSize=
#   JVM is running with Unscaled Compressed Oops mode in which the Java heap is
#     placed in the first 4GB address space. The Java Heap base address is the
#     maximum limit for the native heap growth. Please use -XX:HeapBaseMinAddress
#     to set the Java Heap base and to place the Java Heap above 4GB virtual address.
# This output file may be truncated or incomplete.
#
#  Out of Memory Error (os_windows.cpp:3618), pid=61368, tid=21168
#
# JRE version: OpenJDK Runtime Environment Temurin-17.0.15+6 (17.0.15+6) (build 17.0.15+6)
# Java VM: OpenJDK 64-Bit Server VM Temurin-17.0.15+6 (17.0.15+6, mixed mode, sharing, tiered, compressed oops, compressed class ptrs, g1 gc, windows-amd64)
# No core dump will be written. Minidumps are not enabled by default on client versions of Windows
#

---------------  S U M M A R Y ------------

Command Line: -XX:MaxMetaspaceSize=512m --add-opens=java.base/java.util=ALL-UNNAMED --add-opens=java.base/java.lang=ALL-UNNAMED --add-opens=java.base/java.lang.invoke=ALL-UNNAMED --add-opens=java.prefs/java.util.prefs=ALL-UNNAMED --add-opens=java.base/java.nio.charset=ALL-UNNAMED --add-opens=java.base/java.net=ALL-UNNAMED --add-opens=java.base/java.util.concurrent.atomic=ALL-UNNAMED -Xmx2048m -Dfile.encoding=UTF-8 -Duser.country=CA -Duser.language=en -Duser.variant org.gradle.launcher.daemon.bootstrap.GradleDaemon 8.0.1

Host: 12th Gen Intel(R) Core(TM) i7-1260P, 16 cores, 15G,  Windows 11 , 64 bit Build 26100 (10.0.26100.3912)
Time: Mon May 26 02:11:43 2025 Eastern Daylight Time elapsed time: 8130.986809 seconds (0d 2h 15m 30s)

---------------  T H R E A D  ---------------

Current thread (0x00000265a58b7010):  VMThread "VM Thread" [stack: 0x000000b3c2100000,0x000000b3c2200000] [id=21168]

Stack: [0x000000b3c2100000,0x000000b3c2200000]
Native frames: (J=compiled Java code, j=interpreted, Vv=VM code, C=native code)
V  [jvm.dll+0x682fc9]
V  [jvm.dll+0x839878]
V  [jvm.dll+0x83b323]
V  [jvm.dll+0x83b993]
V  [jvm.dll+0x24725f]
V  [jvm.dll+0x67fda9]
V  [jvm.dll+0x674c9a]
V  [jvm.dll+0x304d06]
V  [jvm.dll+0x30c1c6]
V  [jvm.dll+0x35dd4e]
V  [jvm.dll+0x35df8d]
V  [jvm.dll+0x2dc0cc]
V  [jvm.dll+0x2da46f]
V  [jvm.dll+0x2d9bdc]
V  [jvm.dll+0x31d3bb]
V  [jvm.dll+0x8401cd]
V  [jvm.dll+0x840f03]
V  [jvm.dll+0x84142f]
V  [jvm.dll+0x841814]
V  [jvm.dll+0x8418de]
V  [jvm.dll+0x7e94dc]
V  [jvm.dll+0x681ea7]
C  [ucrtbase.dll+0x37b0]
C  [KERNEL32.DLL+0x2e8d7]
C  [ntdll.dll+0x9c5dc]

VM_Operation (0x000000b3c33fea90): G1CollectForAllocation, mode: safepoint, requested by thread 0x00000265a5b85750


---------------  P R O C E S S  ---------------

Threads class SMR info:
_java_thread_list=0x00000265c78a79b0, length=80, elements={
0x00000265863526e0, 0x00000265a58bb080, 0x00000265a58bc6c0, 0x00000265a58cd2e0,
0x00000265a58cfcc0, 0x00000265a58d1100, 0x00000265a58d70c0, 0x00000265a58d9770,
0x00000265a58dd000, 0x00000265a5b85240, 0x00000265a5b833e0, 0x00000265a5b838f0,
0x00000265a5b85750, 0x00000265a5b83e00, 0x00000265a5b81fa0, 0x00000265a5b824b0,
0x00000265a5b829c0, 0x00000265a5b82ed0, 0x00000265a5b84820, 0x00000265a5b84310,
0x00000265c58c0450, 0x00000265c58c0e70, 0x00000265c58c31e0, 0x00000265c58c1da0,
0x00000265c58c36f0, 0x00000265c58bff40, 0x00000265c58c3c00, 0x00000265c58c4110,
0x00000265c58c0960, 0x00000265c58c4620, 0x00000265c58c1380, 0x00000265c58c4b30,
0x00000265c58c1890, 0x00000265c58c6990, 0x00000265c58c5f70, 0x00000265c58c6480,
0x00000265c58c22b0, 0x00000265c58c6ea0, 0x00000265c58c73b0, 0x00000265c58c78c0,
0x00000265c8586770, 0x00000265c8586c80, 0x00000265c8585840, 0x00000265c8584400,
0x00000265c8584910, 0x00000265c8586260, 0x00000265c8585d50, 0x00000265c8583ef0,
0x00000265c8585330, 0x00000265c8587190, 0x00000265c85839e0, 0x00000265c85876a0,
0x00000265c8587bb0, 0x00000265c85880c0, 0x00000265c85885d0, 0x00000265c8584e20,
0x00000265c8589a10, 0x00000265c8588ae0, 0x00000265c858a430, 0x00000265c8589500,
0x00000265c8589f20, 0x00000265c8588ff0, 0x00000265c858a940, 0x00000265c858ae50,
0x00000265c858b360, 0x00000265a5b84d30, 0x00000265c58c2cd0, 0x00000265c848b870,
0x00000265c848dbe0, 0x00000265c848a940, 0x00000265c848ae50, 0x00000265c848ccb0,
0x00000265c848c290, 0x00000265c848b360, 0x00000265c848c7a0, 0x00000265c848bd80,
0x00000265c848d1c0, 0x00000265c848d6d0, 0x00000265c848a430, 0x00000265c8490460
}

Java Threads: ( => current thread )
  0x00000265863526e0 JavaThread "main" [_thread_blocked, id=22596, stack(0x000000b3c1b00000,0x000000b3c1c00000)]
  0x00000265a58bb080 JavaThread "Reference Handler" daemon [_thread_blocked, id=7392, stack(0x000000b3c2200000,0x000000b3c2300000)]
  0x00000265a58bc6c0 JavaThread "Finalizer" daemon [_thread_blocked, id=54004, stack(0x000000b3c2300000,0x000000b3c2400000)]
  0x00000265a58cd2e0 JavaThread "Signal Dispatcher" daemon [_thread_blocked, id=48240, stack(0x000000b3c2400000,0x000000b3c2500000)]
  0x00000265a58cfcc0 JavaThread "Attach Listener" daemon [_thread_blocked, id=40284, stack(0x000000b3c2500000,0x000000b3c2600000)]
  0x00000265a58d1100 JavaThread "Service Thread" daemon [_thread_blocked, id=55816, stack(0x000000b3c2600000,0x000000b3c2700000)]
  0x00000265a58d70c0 JavaThread "Monitor Deflation Thread" daemon [_thread_blocked, id=56624, stack(0x000000b3c2700000,0x000000b3c2800000)]
  0x00000265a58d9770 JavaThread "C2 CompilerThread0" daemon [_thread_blocked, id=5380, stack(0x000000b3c2800000,0x000000b3c2900000)]
  0x00000265a58dd000 JavaThread "C1 CompilerThread0" daemon [_thread_blocked, id=18060, stack(0x000000b3c2900000,0x000000b3c2a00000)]
  0x00000265a5b85240 JavaThread "Sweeper thread" daemon [_thread_blocked, id=12040, stack(0x000000b3c2a00000,0x000000b3c2b00000)]
  0x00000265a5b833e0 JavaThread "Common-Cleaner" daemon [_thread_blocked, id=50428, stack(0x000000b3c2b00000,0x000000b3c2c00000)]
  0x00000265a5b838f0 JavaThread "Notification Thread" daemon [_thread_blocked, id=17292, stack(0x000000b3c2c00000,0x000000b3c2d00000)]
  0x00000265a5b85750 JavaThread "Daemon health stats" [_thread_blocked, id=34876, stack(0x000000b3c3300000,0x000000b3c3400000)]
  0x00000265a5b83e00 JavaThread "Incoming local TCP Connector on port 34483" [_thread_in_native, id=53140, stack(0x000000b3c3400000,0x000000b3c3500000)]
  0x00000265a5b81fa0 JavaThread "Daemon periodic checks" [_thread_blocked, id=17820, stack(0x000000b3c1a00000,0x000000b3c1b00000)]
  0x00000265a5b824b0 JavaThread "Daemon" [_thread_blocked, id=68332, stack(0x000000b3c1800000,0x000000b3c1900000)]
  0x00000265a5b829c0 JavaThread "Handler for socket connection from /127.0.0.1:34483 to /127.0.0.1:34594" [_thread_in_native, id=47204, stack(0x000000b3c1900000,0x000000b3c1a00000)]
  0x00000265a5b82ed0 JavaThread "Cancel handler" [_thread_blocked, id=34020, stack(0x000000b3c3700000,0x000000b3c3800000)]
  0x00000265a5b84820 JavaThread "Daemon worker" [_thread_blocked, id=15708, stack(0x000000b3c3a00000,0x000000b3c3b00000)]
  0x00000265a5b84310 JavaThread "Asynchronous log dispatcher for DefaultDaemonConnection: socket connection from /127.0.0.1:34483 to /127.0.0.1:34594" [_thread_blocked, id=30788, stack(0x000000b3c3b00000,0x000000b3c3c00000)]
  0x00000265c58c0450 JavaThread "Daemon client event forwarder" [_thread_blocked, id=64428, stack(0x000000b3c3d00000,0x000000b3c3e00000)]
  0x00000265c58c0e70 JavaThread "Cache worker for journal cache (C:\Users\karth\.gradle\caches\journal-1)" [_thread_blocked, id=59728, stack(0x000000b3c4400000,0x000000b3c4500000)]
  0x00000265c58c31e0 JavaThread "File lock request listener" [_thread_in_native, id=66032, stack(0x000000b3c4500000,0x000000b3c4600000)]
  0x00000265c58c1da0 JavaThread "Cache worker for file hash cache (C:\Users\karth\.gradle\caches\8.0.1\fileHashes)" [_thread_blocked, id=55052, stack(0x000000b3c4800000,0x000000b3c4900000)]
  0x00000265c58c36f0 JavaThread "File watcher server" daemon [_thread_in_native, id=4556, stack(0x000000b3c4b00000,0x000000b3c4c00000)]
  0x00000265c58bff40 JavaThread "File watcher consumer" daemon [_thread_blocked, id=33512, stack(0x000000b3c4c00000,0x000000b3c4d00000)]
  0x00000265c58c3c00 JavaThread "Cache worker for checksums cache (C:\Users\karth\CascadeProjects\MobileAppAndroid\android\.gradle\8.0.1\checksums)" [_thread_blocked, id=39832, stack(0x000000b3c4700000,0x000000b3c4800000)]
  0x00000265c58c4110 JavaThread "Cache worker for cache directory md-rule (C:\Users\karth\.gradle\caches\8.0.1\md-rule)" [_thread_blocked, id=31800, stack(0x000000b3c4d00000,0x000000b3c4e00000)]
  0x00000265c58c0960 JavaThread "Cache worker for file content cache (C:\Users\karth\.gradle\caches\8.0.1\fileContent)" [_thread_blocked, id=39704, stack(0x000000b3c4e00000,0x000000b3c4f00000)]
  0x00000265c58c4620 JavaThread "Cache worker for file hash cache (C:\Users\karth\CascadeProjects\MobileAppAndroid\android\.gradle\8.0.1\fileHashes)" [_thread_blocked, id=32468, stack(0x000000b3c5000000,0x000000b3c5100000)]
  0x00000265c58c1380 JavaThread "Cache worker for cache directory md-supplier (C:\Users\karth\.gradle\caches\8.0.1\md-supplier)" [_thread_blocked, id=16496, stack(0x000000b3c5100000,0x000000b3c5200000)]
  0x00000265c58c4b30 JavaThread "Cache worker for execution history cache (C:\Users\karth\.gradle\caches\8.0.1\executionHistory)" [_thread_blocked, id=23292, stack(0x000000b3c5200000,0x000000b3c5300000)]
  0x00000265c58c1890 JavaThread "jar transforms" [_thread_blocked, id=3476, stack(0x000000b3c3800000,0x000000b3c3900000)]
  0x00000265c58c6990 JavaThread "jar transforms Thread 2" [_thread_blocked, id=50904, stack(0x000000b3c4900000,0x000000b3c4a00000)]
  0x00000265c58c5f70 JavaThread "jar transforms Thread 3" [_thread_blocked, id=30576, stack(0x000000b3c4a00000,0x000000b3c4b00000)]
  0x00000265c58c6480 JavaThread "jar transforms Thread 4" [_thread_blocked, id=39452, stack(0x000000b3c5300000,0x000000b3c5400000)]
  0x00000265c58c22b0 JavaThread "Cache worker for kotlin-dsl (C:\Users\karth\.gradle\caches\8.0.1\kotlin-dsl)" [_thread_blocked, id=43648, stack(0x000000b3c3c00000,0x000000b3c3d00000)]
  0x00000265c58c6ea0 JavaThread "jar transforms Thread 5" [_thread_blocked, id=69340, stack(0x000000b3c5400000,0x000000b3c5500000)]
  0x00000265c58c73b0 JavaThread "jar transforms Thread 6" [_thread_blocked, id=45652, stack(0x000000b3c3600000,0x000000b3c3700000)]
  0x00000265c58c78c0 JavaThread "Cache worker for dependencies-accessors (C:\Users\karth\CascadeProjects\MobileAppAndroid\android\.gradle\8.0.1\dependencies-accessors)" [_thread_blocked, id=26008, stack(0x000000b3c5500000,0x000000b3c5600000)]
  0x00000265c8586770 JavaThread "Cache worker for Build Output Cleanup Cache (C:\Users\karth\CascadeProjects\MobileAppAndroid\node_modules\@react-native\gradle-plugin\.gradle\buildOutputCleanup)" [_thread_blocked, id=51208, stack(0x000000b3c5600000,0x000000b3c5700000)]
  0x00000265c8586c80 JavaThread "File lock release action executor Thread 3" [_thread_blocked, id=62044, stack(0x000000b3c5700000,0x000000b3c5800000)]
  0x00000265c8585840 JavaThread "jar transforms Thread 7" [_thread_blocked, id=54104, stack(0x000000b3c5800000,0x000000b3c5900000)]
  0x00000265c8584400 JavaThread "Unconstrained build operations" [_thread_blocked, id=65232, stack(0x000000b3c4600000,0x000000b3c4700000)]
  0x00000265c8584910 JavaThread "Unconstrained build operations Thread 2" [_thread_blocked, id=29472, stack(0x000000b3c5b00000,0x000000b3c5c00000)]
  0x00000265c8586260 JavaThread "Unconstrained build operations Thread 3" [_thread_blocked, id=69124, stack(0x000000b3c5c00000,0x000000b3c5d00000)]
  0x00000265c8585d50 JavaThread "Unconstrained build operations Thread 4" [_thread_blocked, id=30072, stack(0x000000b3c5d00000,0x000000b3c5e00000)]
  0x00000265c8583ef0 JavaThread "Unconstrained build operations Thread 5" [_thread_blocked, id=19788, stack(0x000000b3c5e00000,0x000000b3c5f00000)]
  0x00000265c8585330 JavaThread "Unconstrained build operations Thread 6" [_thread_blocked, id=44524, stack(0x000000b3c5f00000,0x000000b3c6000000)]
  0x00000265c8587190 JavaThread "Unconstrained build operations Thread 7" [_thread_blocked, id=49728, stack(0x000000b3c6000000,0x000000b3c6100000)]
  0x00000265c85839e0 JavaThread "Unconstrained build operations Thread 8" [_thread_blocked, id=17548, stack(0x000000b3c6100000,0x000000b3c6200000)]
  0x00000265c85876a0 JavaThread "Unconstrained build operations Thread 9" [_thread_blocked, id=39676, stack(0x000000b3c6200000,0x000000b3c6300000)]
  0x00000265c8587bb0 JavaThread "Unconstrained build operations Thread 10" [_thread_blocked, id=22020, stack(0x000000b3c6300000,0x000000b3c6400000)]
  0x00000265c85880c0 JavaThread "Unconstrained build operations Thread 11" [_thread_blocked, id=17168, stack(0x000000b3c6400000,0x000000b3c6500000)]
  0x00000265c85885d0 JavaThread "Unconstrained build operations Thread 12" [_thread_blocked, id=10172, stack(0x000000b3c6500000,0x000000b3c6600000)]
  0x00000265c8584e20 JavaThread "Unconstrained build operations Thread 13" [_thread_blocked, id=42900, stack(0x000000b3c6600000,0x000000b3c6700000)]
  0x00000265c8589a10 JavaThread "Unconstrained build operations Thread 14" [_thread_blocked, id=23888, stack(0x000000b3c6700000,0x000000b3c6800000)]
  0x00000265c8588ae0 JavaThread "Unconstrained build operations Thread 15" [_thread_blocked, id=31424, stack(0x000000b3c6800000,0x000000b3c6900000)]
  0x00000265c858a430 JavaThread "Unconstrained build operations Thread 16" [_thread_blocked, id=13672, stack(0x000000b3c6900000,0x000000b3c6a00000)]
  0x00000265c8589500 JavaThread "Unconstrained build operations Thread 17" [_thread_blocked, id=43372, stack(0x000000b3c6a00000,0x000000b3c6b00000)]
  0x00000265c8589f20 JavaThread "Unconstrained build operations Thread 18" [_thread_blocked, id=24456, stack(0x000000b3c6b00000,0x000000b3c6c00000)]
  0x00000265c8588ff0 JavaThread "Unconstrained build operations Thread 19" [_thread_blocked, id=23080, stack(0x000000b3c6c00000,0x000000b3c6d00000)]
  0x00000265c858a940 JavaThread "Unconstrained build operations Thread 20" [_thread_blocked, id=32004, stack(0x000000b3c6d00000,0x000000b3c6e00000)]
  0x00000265c858ae50 JavaThread "Unconstrained build operations Thread 21" [_thread_blocked, id=11464, stack(0x000000b3c6e00000,0x000000b3c6f00000)]
  0x00000265c858b360 JavaThread "Unconstrained build operations Thread 22" [_thread_blocked, id=17748, stack(0x000000b3c6f00000,0x000000b3c7000000)]
  0x00000265a5b84d30 JavaThread "Unconstrained build operations Thread 23" [_thread_blocked, id=23588, stack(0x000000b3c7000000,0x000000b3c7100000)]
  0x00000265c58c2cd0 JavaThread "Unconstrained build operations Thread 24" [_thread_blocked, id=31472, stack(0x000000b3c7100000,0x000000b3c7200000)]
  0x00000265c848b870 JavaThread "Unconstrained build operations Thread 25" [_thread_blocked, id=7744, stack(0x000000b3c7200000,0x000000b3c7300000)]
  0x00000265c848dbe0 JavaThread "Unconstrained build operations Thread 26" [_thread_blocked, id=22712, stack(0x000000b3c7300000,0x000000b3c7400000)]
  0x00000265c848a940 JavaThread "jar transforms Thread 8" [_thread_blocked, id=70796, stack(0x000000b3c5a00000,0x000000b3c5b00000)]
  0x00000265c848ae50 JavaThread "jar transforms Thread 9" [_thread_blocked, id=70528, stack(0x000000b3c7400000,0x000000b3c7500000)]
  0x00000265c848ccb0 JavaThread "jar transforms Thread 10" [_thread_blocked, id=63108, stack(0x000000b3c7500000,0x000000b3c7600000)]
  0x00000265c848c290 JavaThread "jar transforms Thread 11" [_thread_blocked, id=70676, stack(0x000000b3c7600000,0x000000b3c7700000)]
  0x00000265c848b360 JavaThread "jar transforms Thread 12" [_thread_blocked, id=40180, stack(0x000000b3c7700000,0x000000b3c7800000)]
  0x00000265c848c7a0 JavaThread "jar transforms Thread 13" [_thread_blocked, id=70808, stack(0x000000b3c7800000,0x000000b3c7900000)]
  0x00000265c848bd80 JavaThread "jar transforms Thread 14" [_thread_blocked, id=70812, stack(0x000000b3c7900000,0x000000b3c7a00000)]
  0x00000265c848d1c0 JavaThread "jar transforms Thread 15" [_thread_blocked, id=70344, stack(0x000000b3c7a00000,0x000000b3c7b00000)]
  0x00000265c848d6d0 JavaThread "jar transforms Thread 16" [_thread_blocked, id=70300, stack(0x000000b3c7b00000,0x000000b3c7c00000)]
  0x00000265c848a430 JavaThread "Memory manager" [_thread_blocked, id=71172, stack(0x000000b3c7e00000,0x000000b3c7f00000)]
  0x00000265c8490460 JavaThread "Cache worker for Build Output Cleanup Cache (C:\Users\karth\CascadeProjects\MobileAppAndroid\android\.gradle\buildOutputCleanup)" [_thread_blocked, id=70848, stack(0x000000b3c7d00000,0x000000b3c7e00000)]

Other Threads:
=>0x00000265a58b7010 VMThread "VM Thread" [stack: 0x000000b3c2100000,0x000000b3c2200000] [id=21168]
  0x00000265a5cca3d0 WatcherThread [stack: 0x000000b3c2d00000,0x000000b3c2e00000] [id=29984]
  0x00000265863aeeb0 GCTaskThread "GC Thread#0" [stack: 0x000000b3c1c00000,0x000000b3c1d00000] [id=8464]
  0x00000265c59a24a0 GCTaskThread "GC Thread#1" [stack: 0x000000b3c2e00000,0x000000b3c2f00000] [id=26004]
  0x00000265c59a2760 GCTaskThread "GC Thread#2" [stack: 0x000000b3c2f00000,0x000000b3c3000000] [id=11100]
  0x00000265c5df2af0 GCTaskThread "GC Thread#3" [stack: 0x000000b3c3000000,0x000000b3c3100000] [id=55108]
  0x00000265c5df2db0 GCTaskThread "GC Thread#4" [stack: 0x000000b3c3100000,0x000000b3c3200000] [id=13460]
  0x00000265a5ecc740 GCTaskThread "GC Thread#5" [stack: 0x000000b3c3200000,0x000000b3c3300000] [id=13908]
  0x00000265c6517570 GCTaskThread "GC Thread#6" [stack: 0x000000b3c3900000,0x000000b3c3a00000] [id=63688]
  0x00000265a5d5d4e0 GCTaskThread "GC Thread#7" [stack: 0x000000b3c3e00000,0x000000b3c3f00000] [id=52796]
  0x00000265a5d5c460 GCTaskThread "GC Thread#8" [stack: 0x000000b3c3f00000,0x000000b3c4000000] [id=63132]
  0x00000265a5d5cf60 GCTaskThread "GC Thread#9" [stack: 0x000000b3c4000000,0x000000b3c4100000] [id=51256]
  0x00000265a5d5d7a0 GCTaskThread "GC Thread#10" [stack: 0x000000b3c4100000,0x000000b3c4200000] [id=24872]
  0x00000265a5d5d220 GCTaskThread "GC Thread#11" [stack: 0x000000b3c4200000,0x000000b3c4300000] [id=30128]
  0x00000265a5d5da60 GCTaskThread "GC Thread#12" [stack: 0x000000b3c4300000,0x000000b3c4400000] [id=66760]
  0x00000265863bfd10 ConcurrentGCThread "G1 Main Marker" [stack: 0x000000b3c1d00000,0x000000b3c1e00000] [id=54864]
  0x00000265863c0640 ConcurrentGCThread "G1 Conc#0" [stack: 0x000000b3c1e00000,0x000000b3c1f00000] [id=28776]
  0x00000265a5d5c9e0 ConcurrentGCThread "G1 Conc#1" [stack: 0x000000b3c3500000,0x000000b3c3600000] [id=40060]
  0x00000265c71ff680 ConcurrentGCThread "G1 Conc#2" [stack: 0x000000b3c4f00000,0x000000b3c5000000] [id=19404]
  0x00000265a57a5da0 ConcurrentGCThread "G1 Refine#0" [stack: 0x000000b3c1f00000,0x000000b3c2000000] [id=26984]
  0x00000265a57a7590 ConcurrentGCThread "G1 Service" [stack: 0x000000b3c2000000,0x000000b3c2100000] [id=57348]

Threads with active compile tasks:
C2 CompilerThread0  8133362 8224   !   4       java.util.concurrent.LinkedBlockingDeque::offerLast (53 bytes)

VM state: at safepoint (normal execution)

VM Mutex/Monitor currently owned by a thread:  ([mutex/lock_event])
[0x00000265848c0ca0] Threads_lock - owner thread: 0x00000265a58b7010
[0x000002658634dda0] Heap_lock - owner thread: 0x00000265a5b85750

Heap address: 0x0000000080000000, size: 2048 MB, Compressed Oops mode: 32-bit

CDS archive(s) mapped at: [0x00000265a6000000-0x00000265a6bb0000-0x00000265a6bb0000), size 12255232, SharedBaseAddress: 0x00000265a6000000, ArchiveRelocationMode: 1.
Compressed class space mapped at: 0x00000265a7000000-0x00000265c1000000, reserved size: 436207616
Narrow klass base: 0x00000265a6000000, Narrow klass shift: 0, Narrow klass range: 0x100000000

GC Precious Log:
 CPUs: 16 total, 16 available
 Memory: 16088M
 Large Page Support: Disabled
 NUMA Support: Disabled
 Compressed Oops: Enabled (32-bit)
 Heap Region Size: 1M
 Heap Min Capacity: 8M
 Heap Initial Capacity: 252M
 Heap Max Capacity: 2G
 Pre-touch: Disabled
 Parallel Workers: 13
 Concurrent Workers: 3
 Concurrent Refinement Workers: 13
 Periodic GC: Disabled

Heap:
 garbage-first heap   total 118784K, used 54086K [0x0000000080000000, 0x0000000100000000)
  region size 1024K, 1 young (1024K), 1 survivors (1024K)
 Metaspace       used 58479K, committed 59136K, reserved 491520K
  class space    used 8105K, committed 8384K, reserved 425984K

Heap Regions: E=young(eden), S=young(survivor), O=old, HS=humongous(starts), HC=humongous(continues), CS=collection set, F=free, OA=open archive, CA=closed archive, TAMS=top-at-mark-start (previous, next)
|   0|0x0000000080000000, 0x0000000080100000, 0x0000000080100000|100%|HS|  |TAMS 0x0000000080100000, 0x0000000080100000| Complete 
|   1|0x0000000080100000, 0x0000000080200000, 0x0000000080200000|100%|HC|  |TAMS 0x0000000080200000, 0x0000000080200000| Complete 
|   2|0x0000000080200000, 0x0000000080300000, 0x0000000080300000|100%|HC|  |TAMS 0x0000000080300000, 0x0000000080300000| Complete 
|   3|0x0000000080300000, 0x0000000080400000, 0x0000000080400000|100%|HC|  |TAMS 0x0000000080400000, 0x0000000080400000| Complete 
|   4|0x0000000080400000, 0x0000000080500000, 0x0000000080500000|100%| O|  |TAMS 0x0000000080500000, 0x0000000080500000| Untracked 
|   5|0x0000000080500000, 0x0000000080600000, 0x0000000080600000|100%| O|  |TAMS 0x0000000080600000, 0x0000000080600000| Untracked 
|   6|0x0000000080600000, 0x0000000080700000, 0x0000000080700000|100%| O|  |TAMS 0x0000000080700000, 0x0000000080700000| Untracked 
|   7|0x0000000080700000, 0x0000000080800000, 0x0000000080800000|100%| O|  |TAMS 0x0000000080800000, 0x0000000080800000| Untracked 
|   8|0x0000000080800000, 0x0000000080900000, 0x0000000080900000|100%| O|  |TAMS 0x0000000080900000, 0x0000000080900000| Untracked 
|   9|0x0000000080900000, 0x0000000080a00000, 0x0000000080a00000|100%| O|  |TAMS 0x0000000080a00000, 0x0000000080a00000| Untracked 
|  10|0x0000000080a00000, 0x0000000080b00000, 0x0000000080b00000|100%| O|  |TAMS 0x0000000080b00000, 0x0000000080b00000| Untracked 
|  11|0x0000000080b00000, 0x0000000080c00000, 0x0000000080c00000|100%| O|  |TAMS 0x0000000080c00000, 0x0000000080c00000| Untracked 
|  12|0x0000000080c00000, 0x0000000080d00000, 0x0000000080d00000|100%| O|  |TAMS 0x0000000080d00000, 0x0000000080d00000| Untracked 
|  13|0x0000000080d00000, 0x0000000080e00000, 0x0000000080e00000|100%| O|  |TAMS 0x0000000080e00000, 0x0000000080e00000| Untracked 
|  14|0x0000000080e00000, 0x0000000080f00000, 0x0000000080f00000|100%| O|  |TAMS 0x0000000080f00000, 0x0000000080f00000| Untracked 
|  15|0x0000000080f00000, 0x0000000081000000, 0x0000000081000000|100%| O|  |TAMS 0x0000000081000000, 0x0000000081000000| Untracked 
|  16|0x0000000081000000, 0x0000000081100000, 0x0000000081100000|100%| O|  |TAMS 0x0000000081100000, 0x0000000081100000| Untracked 
|  17|0x0000000081100000, 0x0000000081200000, 0x0000000081200000|100%| O|  |TAMS 0x0000000081200000, 0x0000000081200000| Untracked 
|  18|0x0000000081200000, 0x0000000081300000, 0x0000000081300000|100%| O|  |TAMS 0x0000000081300000, 0x0000000081300000| Untracked 
|  19|0x0000000081300000, 0x0000000081400000, 0x0000000081400000|100%| O|  |TAMS 0x0000000081400000, 0x0000000081400000| Untracked 
|  20|0x0000000081400000, 0x0000000081500000, 0x0000000081500000|100%| O|  |TAMS 0x0000000081500000, 0x0000000081500000| Untracked 
|  21|0x0000000081500000, 0x0000000081600000, 0x0000000081600000|100%| O|  |TAMS 0x0000000081600000, 0x0000000081600000| Untracked 
|  22|0x0000000081600000, 0x0000000081700000, 0x0000000081700000|100%| O|  |TAMS 0x0000000081700000, 0x0000000081700000| Untracked 
|  23|0x0000000081700000, 0x0000000081800000, 0x0000000081800000|100%| O|  |TAMS 0x0000000081800000, 0x0000000081800000| Untracked 
|  24|0x0000000081800000, 0x0000000081900000, 0x0000000081900000|100%| O|  |TAMS 0x0000000081900000, 0x0000000081900000| Untracked 
|  25|0x0000000081900000, 0x0000000081a00000, 0x0000000081a00000|100%| O|  |TAMS 0x0000000081a00000, 0x0000000081a00000| Untracked 
|  26|0x0000000081a00000, 0x0000000081b00000, 0x0000000081b00000|100%| O|  |TAMS 0x0000000081b00000, 0x0000000081b00000| Untracked 
|  27|0x0000000081b00000, 0x0000000081c00000, 0x0000000081c00000|100%| O|  |TAMS 0x0000000081c00000, 0x0000000081c00000| Untracked 
|  28|0x0000000081c00000, 0x0000000081d00000, 0x0000000081d00000|100%| O|  |TAMS 0x0000000081d00000, 0x0000000081d00000| Untracked 
|  29|0x0000000081d00000, 0x0000000081e00000, 0x0000000081e00000|100%| O|  |TAMS 0x0000000081e00000, 0x0000000081e00000| Untracked 
|  30|0x0000000081e00000, 0x0000000081f00000, 0x0000000081f00000|100%| O|  |TAMS 0x0000000081f00000, 0x0000000081f00000| Untracked 
|  31|0x0000000081f00000, 0x0000000082000000, 0x0000000082000000|100%| O|  |TAMS 0x0000000082000000, 0x0000000082000000| Untracked 
|  32|0x0000000082000000, 0x0000000082100000, 0x0000000082100000|100%| O|  |TAMS 0x0000000082100000, 0x0000000082100000| Untracked 
|  33|0x0000000082100000, 0x0000000082200000, 0x0000000082200000|100%|HS|  |TAMS 0x0000000082200000, 0x0000000082200000| Complete 
|  34|0x0000000082200000, 0x0000000082300000, 0x0000000082300000|100%|HC|  |TAMS 0x0000000082300000, 0x0000000082300000| Complete 
|  35|0x0000000082300000, 0x0000000082400000, 0x0000000082400000|100%|HS|  |TAMS 0x0000000082400000, 0x0000000082400000| Complete 
|  36|0x0000000082400000, 0x0000000082500000, 0x0000000082500000|100%|HC|  |TAMS 0x0000000082500000, 0x0000000082500000| Complete 
|  37|0x0000000082500000, 0x0000000082600000, 0x0000000082600000|100%|HC|  |TAMS 0x0000000082600000, 0x0000000082600000| Complete 
|  38|0x0000000082600000, 0x0000000082700000, 0x0000000082700000|100%|HC|  |TAMS 0x0000000082700000, 0x0000000082700000| Complete 
|  39|0x0000000082700000, 0x0000000082800000, 0x0000000082800000|100%| O|  |TAMS 0x0000000082800000, 0x0000000082800000| Untracked 
|  40|0x0000000082800000, 0x0000000082900000, 0x0000000082900000|100%| O|  |TAMS 0x0000000082900000, 0x0000000082900000| Untracked 
|  41|0x0000000082900000, 0x0000000082a00000, 0x0000000082a00000|100%| O|  |TAMS 0x0000000082a00000, 0x0000000082a00000| Untracked 
|  42|0x0000000082a00000, 0x0000000082b00000, 0x0000000082b00000|100%| O|  |TAMS 0x0000000082b00000, 0x0000000082b00000| Untracked 
|  43|0x0000000082b00000, 0x0000000082c00000, 0x0000000082c00000|100%| O|  |TAMS 0x0000000082c00000, 0x0000000082c00000| Untracked 
|  44|0x0000000082c00000, 0x0000000082d00000, 0x0000000082d00000|100%| O|  |TAMS 0x0000000082d00000, 0x0000000082d00000| Untracked 
|  45|0x0000000082d00000, 0x0000000082e00000, 0x0000000082e00000|100%| O|  |TAMS 0x0000000082e00000, 0x0000000082e00000| Untracked 
|  46|0x0000000082e00000, 0x0000000082f00000, 0x0000000082f00000|100%| O|  |TAMS 0x0000000082f00000, 0x0000000082f00000| Untracked 
|  47|0x0000000082f00000, 0x0000000083000000, 0x0000000083000000|100%| O|  |TAMS 0x0000000082f00000, 0x0000000083000000| Untracked 
|  48|0x0000000083000000, 0x0000000083100000, 0x0000000083100000|100%| O|  |TAMS 0x0000000083000000, 0x0000000083100000| Untracked 
|  49|0x0000000083100000, 0x0000000083200000, 0x0000000083200000|100%| O|  |TAMS 0x0000000083100000, 0x0000000083200000| Untracked 
|  50|0x0000000083200000, 0x0000000083300000, 0x0000000083300000|100%| O|  |TAMS 0x0000000083200000, 0x0000000083300000| Untracked 
|  51|0x0000000083300000, 0x0000000083400000, 0x0000000083400000|100%| O|  |TAMS 0x0000000083300000, 0x0000000083400000| Untracked 
|  52|0x0000000083400000, 0x0000000083488000, 0x0000000083500000| 53%| O|  |TAMS 0x0000000083400000, 0x0000000083455800| Untracked 
|  53|0x0000000083500000, 0x0000000083500000, 0x0000000083600000|  0%| F|  |TAMS 0x0000000083500000, 0x0000000083500000| Untracked 
|  54|0x0000000083600000, 0x0000000083600000, 0x0000000083700000|  0%| F|  |TAMS 0x0000000083600000, 0x0000000083600000| Untracked 
|  55|0x0000000083700000, 0x0000000083700000, 0x0000000083800000|  0%| F|  |TAMS 0x0000000083700000, 0x0000000083700000| Untracked 
|  56|0x0000000083800000, 0x0000000083800000, 0x0000000083900000|  0%| F|  |TAMS 0x0000000083800000, 0x0000000083800000| Untracked 
|  57|0x0000000083900000, 0x0000000083900000, 0x0000000083a00000|  0%| F|  |TAMS 0x0000000083900000, 0x0000000083900000| Untracked 
|  58|0x0000000083a00000, 0x0000000083a00000, 0x0000000083b00000|  0%| F|  |TAMS 0x0000000083a00000, 0x0000000083a00000| Untracked 
|  59|0x0000000083b00000, 0x0000000083b00000, 0x0000000083c00000|  0%| F|  |TAMS 0x0000000083b00000, 0x0000000083b00000| Untracked 
|  60|0x0000000083c00000, 0x0000000083c00000, 0x0000000083d00000|  0%| F|  |TAMS 0x0000000083c00000, 0x0000000083c00000| Untracked 
|  61|0x0000000083d00000, 0x0000000083d00000, 0x0000000083e00000|  0%| F|  |TAMS 0x0000000083d00000, 0x0000000083d00000| Untracked 
|  62|0x0000000083e00000, 0x0000000083e00000, 0x0000000083f00000|  0%| F|  |TAMS 0x0000000083e00000, 0x0000000083e00000| Untracked 
|  63|0x0000000083f00000, 0x0000000083f00000, 0x0000000084000000|  0%| F|  |TAMS 0x0000000083f00000, 0x0000000083f00000| Untracked 
|  64|0x0000000084000000, 0x0000000084000000, 0x0000000084100000|  0%| F|  |TAMS 0x0000000084000000, 0x0000000084000000| Untracked 
|  65|0x0000000084100000, 0x0000000084100000, 0x0000000084200000|  0%| F|  |TAMS 0x0000000084100000, 0x0000000084100000| Untracked 
|  66|0x0000000084200000, 0x0000000084200000, 0x0000000084300000|  0%| F|  |TAMS 0x0000000084200000, 0x0000000084200000| Untracked 
|  67|0x0000000084300000, 0x0000000084300000, 0x0000000084400000|  0%| F|  |TAMS 0x0000000084300000, 0x0000000084300000| Untracked 
|  68|0x0000000084400000, 0x0000000084400000, 0x0000000084500000|  0%| F|  |TAMS 0x0000000084400000, 0x0000000084400000| Untracked 
|  69|0x0000000084500000, 0x0000000084500000, 0x0000000084600000|  0%| F|  |TAMS 0x0000000084500000, 0x0000000084500000| Untracked 
|  70|0x0000000084600000, 0x0000000084600000, 0x0000000084700000|  0%| F|  |TAMS 0x0000000084600000, 0x0000000084600000| Untracked 
|  71|0x0000000084700000, 0x0000000084700000, 0x0000000084800000|  0%| F|  |TAMS 0x0000000084700000, 0x0000000084700000| Untracked 
|  72|0x0000000084800000, 0x0000000084800000, 0x0000000084900000|  0%| F|  |TAMS 0x0000000084800000, 0x0000000084800000| Untracked 
|  73|0x0000000084900000, 0x0000000084900000, 0x0000000084a00000|  0%| F|  |TAMS 0x0000000084900000, 0x0000000084900000| Untracked 
|  74|0x0000000084a00000, 0x0000000084a00000, 0x0000000084b00000|  0%| F|  |TAMS 0x0000000084a00000, 0x0000000084a00000| Untracked 
|  75|0x0000000084b00000, 0x0000000084b00000, 0x0000000084c00000|  0%| F|  |TAMS 0x0000000084b00000, 0x0000000084b00000| Untracked 
|  76|0x0000000084c00000, 0x0000000084c00000, 0x0000000084d00000|  0%| F|  |TAMS 0x0000000084c00000, 0x0000000084c00000| Untracked 
|  77|0x0000000084d00000, 0x0000000084d00000, 0x0000000084e00000|  0%| F|  |TAMS 0x0000000084d00000, 0x0000000084d00000| Untracked 
|  78|0x0000000084e00000, 0x0000000084e00000, 0x0000000084f00000|  0%| F|  |TAMS 0x0000000084e00000, 0x0000000084e00000| Untracked 
|  79|0x0000000084f00000, 0x0000000084f00000, 0x0000000085000000|  0%| F|  |TAMS 0x0000000084f00000, 0x0000000084f00000| Untracked 
|  80|0x0000000085000000, 0x0000000085000000, 0x0000000085100000|  0%| F|  |TAMS 0x0000000085000000, 0x0000000085000000| Untracked 
|  81|0x0000000085100000, 0x0000000085100000, 0x0000000085200000|  0%| F|  |TAMS 0x0000000085100000, 0x0000000085100000| Untracked 
|  82|0x0000000085200000, 0x0000000085200000, 0x0000000085300000|  0%| F|  |TAMS 0x0000000085200000, 0x0000000085200000| Untracked 
|  83|0x0000000085300000, 0x0000000085300000, 0x0000000085400000|  0%| F|  |TAMS 0x0000000085300000, 0x0000000085300000| Untracked 
|  84|0x0000000085400000, 0x0000000085400000, 0x0000000085500000|  0%| F|  |TAMS 0x0000000085400000, 0x0000000085400000| Untracked 
|  85|0x0000000085500000, 0x0000000085500000, 0x0000000085600000|  0%| F|  |TAMS 0x0000000085500000, 0x0000000085500000| Untracked 
|  86|0x0000000085600000, 0x0000000085600000, 0x0000000085700000|  0%| F|  |TAMS 0x0000000085600000, 0x0000000085600000| Untracked 
|  87|0x0000000085700000, 0x0000000085700000, 0x0000000085800000|  0%| F|  |TAMS 0x0000000085700000, 0x0000000085700000| Untracked 
|  88|0x0000000085800000, 0x0000000085800000, 0x0000000085900000|  0%| F|  |TAMS 0x0000000085800000, 0x0000000085800000| Untracked 
|  89|0x0000000085900000, 0x0000000085900000, 0x0000000085a00000|  0%| F|  |TAMS 0x0000000085900000, 0x0000000085900000| Untracked 
|  90|0x0000000085a00000, 0x0000000085a00000, 0x0000000085b00000|  0%| F|  |TAMS 0x0000000085a00000, 0x0000000085a00000| Untracked 
|  91|0x0000000085b00000, 0x0000000085b00000, 0x0000000085c00000|  0%| F|  |TAMS 0x0000000085b00000, 0x0000000085b00000| Untracked 
|  92|0x0000000085c00000, 0x0000000085c00000, 0x0000000085d00000|  0%| F|  |TAMS 0x0000000085c00000, 0x0000000085c00000| Untracked 
|  93|0x0000000085d00000, 0x0000000085d00000, 0x0000000085e00000|  0%| F|  |TAMS 0x0000000085d00000, 0x0000000085d00000| Untracked 
|  94|0x0000000085e00000, 0x0000000085e00000, 0x0000000085f00000|  0%| F|  |TAMS 0x0000000085e00000, 0x0000000085e00000| Untracked 
|  95|0x0000000085f00000, 0x0000000085f00000, 0x0000000086000000|  0%| F|  |TAMS 0x0000000085f00000, 0x0000000085f00000| Untracked 
|  96|0x0000000086000000, 0x0000000086000000, 0x0000000086100000|  0%| F|  |TAMS 0x0000000086000000, 0x0000000086000000| Untracked 
|  97|0x0000000086100000, 0x0000000086100000, 0x0000000086200000|  0%| F|  |TAMS 0x0000000086100000, 0x0000000086100000| Untracked 
|  98|0x0000000086200000, 0x0000000086200000, 0x0000000086300000|  0%| F|  |TAMS 0x0000000086200000, 0x0000000086200000| Untracked 
|  99|0x0000000086300000, 0x0000000086300000, 0x0000000086400000|  0%| F|  |TAMS 0x0000000086300000, 0x0000000086300000| Untracked 
| 100|0x0000000086400000, 0x0000000086400000, 0x0000000086500000|  0%| F|  |TAMS 0x0000000086400000, 0x0000000086400000| Untracked 
| 101|0x0000000086500000, 0x0000000086500000, 0x0000000086600000|  0%| F|  |TAMS 0x0000000086500000, 0x0000000086500000| Untracked 
| 102|0x0000000086600000, 0x0000000086600000, 0x0000000086700000|  0%| F|  |TAMS 0x0000000086600000, 0x0000000086600000| Untracked 
| 103|0x0000000086700000, 0x0000000086700000, 0x0000000086800000|  0%| F|  |TAMS 0x0000000086700000, 0x0000000086700000| Untracked 
| 104|0x0000000086800000, 0x0000000086800000, 0x0000000086900000|  0%| F|  |TAMS 0x0000000086800000, 0x0000000086800000| Untracked 
| 105|0x0000000086900000, 0x0000000086900000, 0x0000000086a00000|  0%| F|  |TAMS 0x0000000086900000, 0x0000000086900000| Untracked 
| 106|0x0000000086a00000, 0x0000000086a00000, 0x0000000086b00000|  0%| F|  |TAMS 0x0000000086a00000, 0x0000000086a00000| Untracked 
| 107|0x0000000086b00000, 0x0000000086b00000, 0x0000000086c00000|  0%| F|  |TAMS 0x0000000086b00000, 0x0000000086b00000| Untracked 
| 108|0x0000000086c00000, 0x0000000086c00000, 0x0000000086d00000|  0%| F|  |TAMS 0x0000000086c00000, 0x0000000086c00000| Untracked 
| 109|0x0000000086d00000, 0x0000000086d00000, 0x0000000086e00000|  0%| F|  |TAMS 0x0000000086d00000, 0x0000000086d00000| Untracked 
| 110|0x0000000086e00000, 0x0000000086e49a40, 0x0000000086f00000| 28%| S|CS|TAMS 0x0000000086e00000, 0x0000000086e00000| Complete 
| 219|0x000000008db00000, 0x000000008db00000, 0x000000008dc00000|  0%| F|  |TAMS 0x000000008db00000, 0x000000008db00000| Untracked 
| 220|0x000000008dc00000, 0x000000008dc00000, 0x000000008dd00000|  0%| F|  |TAMS 0x000000008dc00000, 0x000000008dc00000| Untracked 
| 221|0x000000008dd00000, 0x000000008dd00000, 0x000000008de00000|  0%| F|  |TAMS 0x000000008dd00000, 0x000000008dd00000| Untracked 
| 222|0x000000008de00000, 0x000000008de00000, 0x000000008df00000|  0%| F|  |TAMS 0x000000008de00000, 0x000000008de00000| Untracked 
| 251|0x000000008fb00000, 0x000000008fb00000, 0x000000008fc00000|  0%| F|  |TAMS 0x000000008fb00000, 0x000000008fb00000| Untracked 

Card table byte_map: [0x000002659e250000,0x000002659e650000] _byte_map_base: 0x000002659de50000

Marking Bits (Prev, Next): (CMBitMap*) 0x00000265863af3e0, (CMBitMap*) 0x00000265863af420
 Prev Bits: [0x000002659ea50000, 0x00000265a0a50000)
 Next Bits: [0x00000265a0a50000, 0x00000265a2a50000)

Polling page: 0x0000026584840000

Metaspace:

Usage:
  Non-class:     49.19 MB used.
      Class:      7.92 MB used.
       Both:     57.11 MB used.

Virtual space:
  Non-class space:       64.00 MB reserved,      49.56 MB ( 77%) committed,  1 nodes.
      Class space:      416.00 MB reserved,       8.19 MB (  2%) committed,  1 nodes.
             Both:      480.00 MB reserved,      57.75 MB ( 12%) committed. 

Chunk freelists:
   Non-Class:  13.61 MB
       Class:  7.79 MB
        Both:  21.40 MB

MaxMetaspaceSize: 512.00 MB
CompressedClassSpaceSize: 416.00 MB
Initial GC threshold: 21.00 MB
Current GC threshold: 93.44 MB
CDS: on
MetaspaceReclaimPolicy: balanced
 - commit_granule_bytes: 65536.
 - commit_granule_words: 8192.
 - virtual_space_node_default_size: 8388608.
 - enlarge_chunks_in_place: 1.
 - new_chunks_are_fully_committed: 0.
 - uncommit_free_chunks: 1.
 - use_allocation_guard: 0.
 - handle_deallocations: 1.


Internal statistics:

num_allocs_failed_limit: 6.
num_arena_births: 704.
num_arena_deaths: 0.
num_vsnodes_births: 2.
num_vsnodes_deaths: 0.
num_space_committed: 924.
num_space_uncommitted: 0.
num_chunks_returned_to_freelist: 6.
num_chunks_taken_from_freelist: 2995.
num_chunk_merges: 6.
num_chunk_splits: 2023.
num_chunks_enlarged: 1375.
num_inconsistent_stats: 0.

CodeHeap 'non-profiled nmethods': size=119168Kb used=4597Kb max_used=4597Kb free=114570Kb
 bounds [0x0000026595b30000, 0x0000026595fb0000, 0x000002659cf90000]
CodeHeap 'profiled nmethods': size=119104Kb used=14419Kb max_used=14419Kb free=104685Kb
 bounds [0x000002658df90000, 0x000002658edb0000, 0x00000265953e0000]
CodeHeap 'non-nmethods': size=7488Kb used=2357Kb max_used=4129Kb free=5130Kb
 bounds [0x00000265953e0000, 0x0000026595860000, 0x0000026595b30000]
 total_blobs=8245 nmethods=7363 adapters=793
 compilation: enabled
              stopped_count=0, restarted_count=0
 full_count=0

Compilation events (20 events):
Event: 8080.942 Thread 0x00000265a58d9770 nmethod 8214 0x0000026595f9fc10 code [0x0000026595f9fd80, 0x0000026595f9fdf8]
Event: 8081.453 Thread 0x00000265a58d9770 8215       4       sun.management.ManagementFactoryHelper::getMemoryPoolMXBeans (51 bytes)
Event: 8081.905 Thread 0x00000265a58d9770 nmethod 8215 0x0000026595f9ff10 code [0x0000026595fa00c0, 0x0000026595fa0e78]
Event: 8081.906 Thread 0x00000265a58d9770 8216       4       org.gradle.launcher.daemon.server.health.gc.GarbageCollectionCheck::run (198 bytes)
Event: 8091.031 Thread 0x00000265a58d9770 nmethod 8216 0x0000026595fa1310 code [0x0000026595fa1880, 0x0000026595fa73f0]
Event: 8092.003 Thread 0x00000265a58dd000 8219   !   3       org.gradle.launcher.daemon.registry.PersistentDaemonRegistry::getAll (73 bytes)
Event: 8092.045 Thread 0x00000265a58d9770 8217       4       java.lang.ThreadLocal$ThreadLocalMap::expungeStaleEntry (146 bytes)
Event: 8092.251 Thread 0x00000265a58d9770 nmethod 8217 0x0000026595faa510 code [0x0000026595faa6a0, 0x0000026595faabd8]
Event: 8092.267 Thread 0x00000265a58d9770 8223       4       java.lang.ThreadLocal$ThreadLocalMap::remove (68 bytes)
Event: 8092.394 Thread 0x00000265a58d9770 nmethod 8223 0x0000026595faae90 code [0x0000026595fab040, 0x0000026595fab688]
Event: 8092.394 Thread 0x00000265a58d9770 8220       4       java.util.concurrent.locks.AbstractQueuedSynchronizer$ConditionObject::signal (34 bytes)
Event: 8095.576 Thread 0x00000265a58dd000 nmethod 8219 0x000002658eda3090 code [0x000002658eda3320, 0x000002658eda40c8]
Event: 8095.706 Thread 0x00000265a58dd000 8226       3       org.gradle.internal.time.DefaultCountdownTimer::hasExpired (15 bytes)
Event: 8099.366 Thread 0x00000265a58dd000 nmethod 8226 0x000002658eda4610 code [0x000002658eda47c0, 0x000002658eda4b08]
Event: 8106.700 Thread 0x00000265a58d9770 nmethod 8220 0x0000026595faba90 code [0x0000026595fabc20, 0x0000026595fac388]
Event: 8106.801 Thread 0x00000265a58d9770 8221       4       java.util.stream.Collectors$$Lambda$58/0x00000265a706e8c0::get (8 bytes)
Event: 8107.018 Thread 0x00000265a58d9770 nmethod 8221 0x0000026595fac610 code [0x0000026595fac7a0, 0x0000026595fac878]
Event: 8107.020 Thread 0x00000265a58d9770 8222       4       java.lang.ThreadLocal::remove (18 bytes)
Event: 8125.622 Thread 0x00000265a58d9770 nmethod 8222 0x0000026595fac910 code [0x0000026595facac0, 0x0000026595fad1a8]
Event: 8125.630 Thread 0x00000265a58d9770 8224   !   4       java.util.concurrent.LinkedBlockingDeque::offerLast (53 bytes)

GC Heap History (20 events):
Event: 718.423 GC heap after
{Heap after GC invocations=26 (full 0):
 garbage-first heap   total 86016K, used 50969K [0x0000000080000000, 0x0000000100000000)
  region size 1024K, 3 young (3072K), 3 survivors (3072K)
 Metaspace       used 54718K, committed 55296K, reserved 491520K
  class space    used 7548K, committed 7808K, reserved 425984K
}
Event: 719.955 GC heap before
{Heap before GC invocations=26 (full 0):
 garbage-first heap   total 86016K, used 70425K [0x0000000080000000, 0x0000000100000000)
  region size 1024K, 23 young (23552K), 3 survivors (3072K)
 Metaspace       used 56794K, committed 57408K, reserved 491520K
  class space    used 7847K, committed 8128K, reserved 425984K
}
Event: 719.963 GC heap after
{Heap after GC invocations=27 (full 0):
 garbage-first heap   total 86016K, used 52360K [0x0000000080000000, 0x0000000100000000)
  region size 1024K, 3 young (3072K), 3 survivors (3072K)
 Metaspace       used 56794K, committed 57408K, reserved 491520K
  class space    used 7847K, committed 8128K, reserved 425984K
}
Event: 720.374 GC heap before
{Heap before GC invocations=28 (full 0):
 garbage-first heap   total 97280K, used 70792K [0x0000000080000000, 0x0000000100000000)
  region size 1024K, 21 young (21504K), 3 survivors (3072K)
 Metaspace       used 57715K, committed 58304K, reserved 491520K
  class space    used 8014K, committed 8256K, reserved 425984K
}
Event: 720.379 GC heap after
{Heap after GC invocations=29 (full 0):
 garbage-first heap   total 118784K, used 53566K [0x0000000080000000, 0x0000000100000000)
  region size 1024K, 3 young (3072K), 3 survivors (3072K)
 Metaspace       used 57715K, committed 58304K, reserved 491520K
  class space    used 8014K, committed 8256K, reserved 425984K
}
Event: 809.051 GC heap before
{Heap before GC invocations=29 (full 0):
 garbage-first heap   total 118784K, used 94526K [0x0000000080000000, 0x0000000100000000)
  region size 1024K, 43 young (44032K), 3 survivors (3072K)
 Metaspace       used 58359K, committed 59008K, reserved 491520K
  class space    used 8101K, committed 8384K, reserved 425984K
}
Event: 809.078 GC heap after
{Heap after GC invocations=30 (full 0):
 garbage-first heap   total 118784K, used 53981K [0x0000000080000000, 0x0000000100000000)
  region size 1024K, 4 young (4096K), 4 survivors (4096K)
 Metaspace       used 58359K, committed 59008K, reserved 491520K
  class space    used 8101K, committed 8384K, reserved 425984K
}
Event: 915.052 GC heap before
{Heap before GC invocations=30 (full 0):
 garbage-first heap   total 118784K, used 95965K [0x0000000080000000, 0x0000000100000000)
  region size 1024K, 45 young (46080K), 4 survivors (4096K)
 Metaspace       used 58376K, committed 59008K, reserved 491520K
  class space    used 8101K, committed 8384K, reserved 425984K
}
Event: 915.076 GC heap after
{Heap after GC invocations=31 (full 0):
 garbage-first heap   total 118784K, used 54303K [0x0000000080000000, 0x0000000100000000)
  region size 1024K, 3 young (3072K), 3 survivors (3072K)
 Metaspace       used 58376K, committed 59008K, reserved 491520K
  class space    used 8101K, committed 8384K, reserved 425984K
}
Event: 1469.962 GC heap before
{Heap before GC invocations=31 (full 0):
 garbage-first heap   total 118784K, used 97311K [0x0000000080000000, 0x0000000100000000)
  region size 1024K, 45 young (46080K), 3 survivors (3072K)
 Metaspace       used 58426K, committed 59008K, reserved 491520K
  class space    used 8105K, committed 8384K, reserved 425984K
}
Event: 1470.067 GC heap after
{Heap after GC invocations=32 (full 0):
 garbage-first heap   total 118784K, used 54312K [0x0000000080000000, 0x0000000100000000)
  region size 1024K, 3 young (3072K), 3 survivors (3072K)
 Metaspace       used 58426K, committed 59008K, reserved 491520K
  class space    used 8105K, committed 8384K, reserved 425984K
}
Event: 8092.622 GC heap before
{Heap before GC invocations=32 (full 0):
 garbage-first heap   total 118784K, used 98344K [0x0000000080000000, 0x0000000100000000)
  region size 1024K, 46 young (47104K), 3 survivors (3072K)
 Metaspace       used 58479K, committed 59136K, reserved 491520K
  class space    used 8105K, committed 8384K, reserved 425984K
}
Event: 8095.153 GC heap after
{Heap after GC invocations=33 (full 0):
 garbage-first heap   total 118784K, used 54341K [0x0000000080000000, 0x0000000100000000)
  region size 1024K, 3 young (3072K), 3 survivors (3072K)
 Metaspace       used 58479K, committed 59136K, reserved 491520K
  class space    used 8105K, committed 8384K, reserved 425984K
}
Event: 8095.804 GC heap before
{Heap before GC invocations=33 (full 0):
 garbage-first heap   total 118784K, used 56389K [0x0000000080000000, 0x0000000100000000)
  region size 1024K, 5 young (5120K), 3 survivors (3072K)
 Metaspace       used 58479K, committed 59136K, reserved 491520K
  class space    used 8105K, committed 8384K, reserved 425984K
}
Event: 8099.177 GC heap after
{Heap after GC invocations=34 (full 0):
 garbage-first heap   total 118784K, used 54221K [0x0000000080000000, 0x0000000100000000)
  region size 1024K, 1 young (1024K), 1 survivors (1024K)
 Metaspace       used 58479K, committed 59136K, reserved 491520K
  class space    used 8105K, committed 8384K, reserved 425984K
}
Event: 8099.700 GC heap before
{Heap before GC invocations=34 (full 0):
 garbage-first heap   total 118784K, used 58317K [0x0000000080000000, 0x0000000100000000)
  region size 1024K, 5 young (5120K), 1 survivors (1024K)
 Metaspace       used 58479K, committed 59136K, reserved 491520K
  class space    used 8105K, committed 8384K, reserved 425984K
}
Event: 8105.683 GC heap after
{Heap after GC invocations=35 (full 0):
 garbage-first heap   total 118784K, used 54135K [0x0000000080000000, 0x0000000100000000)
  region size 1024K, 1 young (1024K), 1 survivors (1024K)
 Metaspace       used 58479K, committed 59136K, reserved 491520K
  class space    used 8105K, committed 8384K, reserved 425984K
}
Event: 8123.090 GC heap before
{Heap before GC invocations=35 (full 0):
 garbage-first heap   total 118784K, used 58231K [0x0000000080000000, 0x0000000100000000)
  region size 1024K, 5 young (5120K), 1 survivors (1024K)
 Metaspace       used 58479K, committed 59136K, reserved 491520K
  class space    used 8105K, committed 8384K, reserved 425984K
}
Event: 8125.621 GC heap after
{Heap after GC invocations=36 (full 0):
 garbage-first heap   total 118784K, used 54176K [0x0000000080000000, 0x0000000100000000)
  region size 1024K, 1 young (1024K), 1 survivors (1024K)
 Metaspace       used 58479K, committed 59136K, reserved 491520K
  class space    used 8105K, committed 8384K, reserved 425984K
}
Event: 8126.890 GC heap before
{Heap before GC invocations=36 (full 0):
 garbage-first heap   total 118784K, used 58272K [0x0000000080000000, 0x0000000100000000)
  region size 1024K, 5 young (5120K), 1 survivors (1024K)
 Metaspace       used 58479K, committed 59136K, reserved 491520K
  class space    used 8105K, committed 8384K, reserved 425984K
}

Dll operation events (13 events):
Event: 0.159 Loaded shared library C:\Program Files\Eclipse Adoptium\jdk-17.0.15.6-hotspot\bin\java.dll
Event: 0.896 Loaded shared library C:\Program Files\Eclipse Adoptium\jdk-17.0.15.6-hotspot\bin\jsvml.dll
Event: 1.453 Loaded shared library C:\Program Files\Eclipse Adoptium\jdk-17.0.15.6-hotspot\bin\net.dll
Event: 1.459 Loaded shared library C:\Program Files\Eclipse Adoptium\jdk-17.0.15.6-hotspot\bin\nio.dll
Event: 1.540 Loaded shared library C:\Program Files\Eclipse Adoptium\jdk-17.0.15.6-hotspot\bin\zip.dll
Event: 2.460 Loaded shared library C:\Program Files\Eclipse Adoptium\jdk-17.0.15.6-hotspot\bin\jimage.dll
Event: 4.093 Loaded shared library C:\Program Files\Eclipse Adoptium\jdk-17.0.15.6-hotspot\bin\verify.dll
Event: 11.796 Loaded shared library C:\Users\karth\.gradle\native\68d5fa5c4cc2d200863cafc0d521ce42e7d3e7ee720ec0a83991735586a16f82\windows-amd64\native-platform.dll
Event: 12.600 Loaded shared library C:\Users\karth\.gradle\native\e376f236ea51e6404a007f0833ffe2c6e607c4080706a723a18a27aeea778392\windows-amd64\native-platform-file-events.dll
Event: 26.719 Loaded shared library C:\Program Files\Eclipse Adoptium\jdk-17.0.15.6-hotspot\bin\management.dll
Event: 26.762 Loaded shared library C:\Program Files\Eclipse Adoptium\jdk-17.0.15.6-hotspot\bin\management_ext.dll
Event: 29.796 Loaded shared library C:\Program Files\Eclipse Adoptium\jdk-17.0.15.6-hotspot\bin\extnet.dll
Event: 118.203 Loaded shared library C:\Program Files\Eclipse Adoptium\jdk-17.0.15.6-hotspot\bin\sunmscapi.dll

Deoptimization events (20 events):
Event: 720.392 Thread 0x00000265a5b84820 DEOPT PACKING pc=0x0000026595eb1504 sp=0x000000b3c3af5a90
Event: 720.392 Thread 0x00000265a5b84820 DEOPT UNPACKING pc=0x00000265954369a3 sp=0x000000b3c3af5a10 mode 2
Event: 720.392 Thread 0x00000265a5b84820 Uncommon trap: trap_request=0xffffff45 fr.pc=0x0000026595e9a904 relative=0x0000000000001b84
Event: 720.392 Thread 0x00000265a5b84820 Uncommon trap: reason=unstable_if action=reinterpret pc=0x0000026595e9a904 method=org.objectweb.asm.Type.getArgumentsAndReturnSizes(Ljava/lang/String;)I @ 117 c2
Event: 720.392 Thread 0x00000265a5b84820 DEOPT PACKING pc=0x0000026595e9a904 sp=0x000000b3c3af57b0
Event: 720.392 Thread 0x00000265a5b84820 DEOPT UNPACKING pc=0x00000265954369a3 sp=0x000000b3c3af5668 mode 2
Event: 720.392 Thread 0x00000265a5b84820 Uncommon trap: trap_request=0xffffff45 fr.pc=0x0000026595bc9580 relative=0x0000000000000700
Event: 720.392 Thread 0x00000265a5b84820 Uncommon trap: reason=unstable_if action=reinterpret pc=0x0000026595bc9580 method=org.objectweb.asm.Frame.getAbstractTypeFromDescriptor(Lorg/objectweb/asm/SymbolTable;Ljava/lang/String;I)I @ 5 c2
Event: 720.392 Thread 0x00000265a5b84820 DEOPT PACKING pc=0x0000026595bc9580 sp=0x000000b3c3af5630
Event: 720.392 Thread 0x00000265a5b84820 DEOPT UNPACKING pc=0x00000265954369a3 sp=0x000000b3c3af55f0 mode 2
Event: 741.867 Thread 0x00000265a5b84820 DEOPT PACKING pc=0x000002658eaab8b0 sp=0x000000b3c3af75a0
Event: 741.867 Thread 0x00000265a5b84820 DEOPT UNPACKING pc=0x0000026595437143 sp=0x000000b3c3af6a60 mode 0
Event: 1463.911 Thread 0x00000265a5b84820 Uncommon trap: trap_request=0xffffff45 fr.pc=0x0000026595c140cc relative=0x000000000000012c
Event: 1463.912 Thread 0x00000265a5b84820 Uncommon trap: reason=unstable_if action=reinterpret pc=0x0000026595c140cc method=org.gradle.internal.time.DefaultCountdownTimer.hasExpired()Z @ 6 c2
Event: 1463.912 Thread 0x00000265a5b84820 DEOPT PACKING pc=0x0000026595c140cc sp=0x000000b3c3af79c0
Event: 1463.917 Thread 0x00000265a5b84820 DEOPT UNPACKING pc=0x00000265954369a3 sp=0x000000b3c3af7988 mode 2
Event: 1463.924 Thread 0x00000265a5b84820 Uncommon trap: trap_request=0xffffff45 fr.pc=0x0000026595c69dc4 relative=0x0000000000005764
Event: 1463.926 Thread 0x00000265a5b84820 Uncommon trap: reason=unstable_if action=reinterpret pc=0x0000026595c69dc4 method=org.gradle.internal.io.ExponentialBackoff.retryUntil(Lorg/gradle/internal/io/IOQuery;)Ljava/lang/Object; @ 25 c2
Event: 1463.927 Thread 0x00000265a5b84820 DEOPT PACKING pc=0x0000026595c69dc4 sp=0x000000b3c3af7a20
Event: 1463.930 Thread 0x00000265a5b84820 DEOPT UNPACKING pc=0x00000265954369a3 sp=0x000000b3c3af7aa8 mode 2

Classes loaded (20 events):
Event: 715.325 Loading class java/lang/Byte$ByteCache
Event: 715.325 Loading class java/lang/Byte$ByteCache done
Event: 715.429 Loading class java/util/regex/Pattern$SliceI
Event: 715.429 Loading class java/util/regex/Pattern$SliceI done
Event: 719.111 Loading class jdk/internal/loader/URLClassPath$FileLoader
Event: 719.111 Loading class jdk/internal/loader/URLClassPath$FileLoader done
Event: 719.121 Loading class jdk/internal/loader/URLClassPath$FileLoader$1
Event: 719.122 Loading class jdk/internal/loader/URLClassPath$FileLoader$1 done
Event: 719.615 Loading class java/lang/AbstractMethodError
Event: 719.616 Loading class java/lang/AbstractMethodError done
Event: 719.721 Loading class java/time/temporal/WeekFields
Event: 719.721 Loading class java/time/temporal/WeekFields done
Event: 719.721 Loading class java/time/temporal/WeekFields$ComputedDayOfField
Event: 719.722 Loading class java/time/temporal/WeekFields$ComputedDayOfField done
Event: 719.725 Loading class java/time/Month$1
Event: 719.726 Loading class java/time/Month$1 done
Event: 719.731 Loading class java/nio/channels/Channels
Event: 719.732 Loading class java/nio/channels/Channels done
Event: 719.732 Loading class java/nio/channels/Channels$1
Event: 719.732 Loading class java/nio/channels/Channels$1 done

Classes unloaded (0 events):
No events

Classes redefined (0 events):
No events

Internal exceptions (20 events):
Event: 719.935 Thread 0x00000265a5b84820 Exception <a 'java/lang/ClassNotFoundException'{0x0000000083d00c50}: org/gradle/internal/metaobject/ConfigureDelegateBeanInfo> (0x0000000083d00c50) 
thrown [s\src\hotspot\share\classfile\systemDictionary.cpp, line 256]
Event: 719.935 Thread 0x00000265a5b84820 Exception <a 'java/lang/ClassNotFoundException'{0x0000000083d121b8}: org/gradle/internal/metaobject/ConfigureDelegateCustomizer> (0x0000000083d121b8) 
thrown [s\src\hotspot\share\classfile\systemDictionary.cpp, line 256]
Event: 719.943 Thread 0x00000265a5b84820 Exception <a 'java/lang/ClassNotFoundException'{0x0000000083d54c18}: org/gradle/api/internal/initialization/DefaultScriptHandlerBeanInfo> (0x0000000083d54c18) 
thrown [s\src\hotspot\share\classfile\systemDictionary.cpp, line 256]
Event: 719.943 Thread 0x00000265a5b84820 Exception <a 'java/lang/ClassNotFoundException'{0x0000000083d66578}: org/gradle/api/internal/initialization/DefaultScriptHandlerCustomizer> (0x0000000083d66578) 
thrown [s\src\hotspot\share\classfile\systemDictionary.cpp, line 256]
Event: 719.974 Thread 0x00000265a5b84820 Exception <a 'java/lang/ClassNotFoundException'{0x000000008dc77560}: org/gradle/api/internal/artifacts/dsl/DefaultRepositoryHandler_DecoratedBeanInfo> (0x000000008dc77560) 
thrown [s\src\hotspot\share\classfile\systemDictionary.cpp, line 256]
Event: 719.976 Thread 0x00000265a5b84820 Exception <a 'java/lang/ClassNotFoundException'{0x000000008dc8f740}: org/gradle/api/internal/artifacts/dsl/DefaultRepositoryHandlerBeanInfo> (0x000000008dc8f740) 
thrown [s\src\hotspot\share\classfile\systemDictionary.cpp, line 256]
Event: 719.977 Thread 0x00000265a5b84820 Exception <a 'java/lang/ClassNotFoundException'{0x000000008dca83b8}: org/gradle/api/internal/artifacts/DefaultArtifactRepositoryContainerBeanInfo> (0x000000008dca83b8) 
thrown [s\src\hotspot\share\classfile\systemDictionary.cpp, line 256]
Event: 719.978 Thread 0x00000265a5b84820 Exception <a 'java/lang/ClassNotFoundException'{0x000000008dcbcf70}: org/gradle/api/internal/DefaultNamedDomainObjectListBeanInfo> (0x000000008dcbcf70) 
thrown [s\src\hotspot\share\classfile\systemDictionary.cpp, line 256]
Event: 719.979 Thread 0x00000265a5b84820 Exception <a 'java/lang/ClassNotFoundException'{0x000000008dcd1f90}: org/gradle/api/internal/DefaultNamedDomainObjectCollectionBeanInfo> (0x000000008dcd1f90) 
thrown [s\src\hotspot\share\classfile\systemDictionary.cpp, line 256]
Event: 719.980 Thread 0x00000265a5b84820 Exception <a 'java/lang/ClassNotFoundException'{0x000000008dce6df0}: org/gradle/api/internal/DefaultDomainObjectCollectionBeanInfo> (0x000000008dce6df0) 
thrown [s\src\hotspot\share\classfile\systemDictionary.cpp, line 256]
Event: 719.981 Thread 0x00000265a5b84820 Exception <a 'java/lang/ClassNotFoundException'{0x000000008dcfc040}: org/gradle/api/internal/DefaultDomainObjectCollectionCustomizer> (0x000000008dcfc040) 
thrown [s\src\hotspot\share\classfile\systemDictionary.cpp, line 256]
Event: 719.985 Thread 0x00000265a5b84820 Exception <a 'java/lang/ClassNotFoundException'{0x000000008db39500}: org/gradle/api/internal/DefaultNamedDomainObjectCollectionCustomizer> (0x000000008db39500) 
thrown [s\src\hotspot\share\classfile\systemDictionary.cpp, line 256]
Event: 719.995 Thread 0x00000265a5b84820 Exception <a 'java/lang/ClassNotFoundException'{0x000000008db811e0}: org/gradle/api/internal/DefaultNamedDomainObjectListCustomizer> (0x000000008db811e0) 
thrown [s\src\hotspot\share\classfile\systemDictionary.cpp, line 256]
Event: 719.999 Thread 0x00000265a5b84820 Exception <a 'java/lang/ClassNotFoundException'{0x000000008dbc5ad0}: org/gradle/api/internal/artifacts/DefaultArtifactRepositoryContainerCustomizer> (0x000000008dbc5ad0) 
thrown [s\src\hotspot\share\classfile\systemDictionary.cpp, line 256]
Event: 720.002 Thread 0x00000265a5b84820 Exception <a 'java/lang/ClassNotFoundException'{0x00000000859065a0}: org/gradle/api/internal/artifacts/dsl/DefaultRepositoryHandlerCustomizer> (0x00000000859065a0) 
thrown [s\src\hotspot\share\classfile\systemDictionary.cpp, line 256]
Event: 720.005 Thread 0x00000265a5b84820 Exception <a 'java/lang/ClassNotFoundException'{0x0000000085954c20}: org/gradle/api/internal/artifacts/dsl/DefaultRepositoryHandler_DecoratedCustomizer> (0x0000000085954c20) 
thrown [s\src\hotspot\share\classfile\systemDictionary.cpp, line 256]
Event: 720.018 Thread 0x00000265a5b84820 Exception <a 'java/lang/ClassNotFoundException'{0x00000000859e81f0}: org/gradle/api/internal/artifacts/dsl/dependencies/DefaultDependencyHandler_DecoratedBeanInfo> (0x00000000859e81f0) 
thrown [s\src\hotspot\share\classfile\systemDictionary.cpp, line 256]
Event: 720.019 Thread 0x00000265a5b84820 Exception <a 'java/lang/ClassNotFoundException'{0x0000000085800598}: org/gradle/api/internal/artifacts/dsl/dependencies/DefaultDependencyHandlerBeanInfo> (0x0000000085800598) 
thrown [s\src\hotspot\share\classfile\systemDictionary.cpp, line 256]
Event: 720.020 Thread 0x00000265a5b84820 Exception <a 'java/lang/ClassNotFoundException'{0x0000000085817ed0}: org/gradle/api/internal/artifacts/dsl/dependencies/DefaultDependencyHandlerCustomizer> (0x0000000085817ed0) 
thrown [s\src\hotspot\share\classfile\systemDictionary.cpp, line 256]
Event: 720.025 Thread 0x00000265a5b84820 Exception <a 'java/lang/ClassNotFoundException'{0x0000000085861e58}: org/gradle/api/internal/artifacts/dsl/dependencies/DefaultDependencyHandler_DecoratedCustomizer> (0x0000000085861e58) 
thrown [s\src\hotspot\share\classfile\systemDictionary.cpp, line 256]

VM Operations (20 events):
Event: 1472.174 Executing VM operation: Cleanup done
Event: 1473.174 Executing VM operation: Cleanup
Event: 1473.174 Executing VM operation: Cleanup done
Event: 8074.771 Executing VM operation: Cleanup
Event: 8074.818 Executing VM operation: Cleanup done
Event: 8075.822 Executing VM operation: Cleanup
Event: 8075.837 Executing VM operation: Cleanup done
Event: 8076.850 Executing VM operation: Cleanup
Event: 8076.914 Executing VM operation: Cleanup done
Event: 8077.914 Executing VM operation: Cleanup
Event: 8078.548 Executing VM operation: Cleanup done
Event: 8092.464 Executing VM operation: G1CollectForAllocation
Event: 8095.153 Executing VM operation: G1CollectForAllocation done
Event: 8095.716 Executing VM operation: G1CollectForAllocation
Event: 8099.192 Executing VM operation: G1CollectForAllocation done
Event: 8099.542 Executing VM operation: G1CollectForAllocation
Event: 8105.794 Executing VM operation: G1CollectForAllocation done
Event: 8107.541 Executing VM operation: G1CollectForAllocation
Event: 8125.621 Executing VM operation: G1CollectForAllocation done
Event: 8126.437 Executing VM operation: G1CollectForAllocation

Memory protections (0 events):
No events

Nmethod flushes (20 events):
Event: 549.738 Thread 0x00000265a5b85240 flushing  nmethod 0x000002658e7e9990
Event: 549.738 Thread 0x00000265a5b85240 flushing  nmethod 0x000002658e810b90
Event: 549.738 Thread 0x00000265a5b85240 flushing  nmethod 0x000002658e84ac10
Event: 549.738 Thread 0x00000265a5b85240 flushing  nmethod 0x000002658e853490
Event: 549.738 Thread 0x00000265a5b85240 flushing  nmethod 0x000002658e87a490
Event: 549.739 Thread 0x00000265a5b85240 flushing  nmethod 0x000002658e8afe90
Event: 549.739 Thread 0x00000265a5b85240 flushing  nmethod 0x000002658e8b8810
Event: 549.739 Thread 0x00000265a5b85240 flushing  nmethod 0x000002658e932490
Event: 549.739 Thread 0x00000265a5b85240 flushing  nmethod 0x000002658e932810
Event: 549.739 Thread 0x00000265a5b85240 flushing  nmethod 0x000002658e954390
Event: 549.739 Thread 0x00000265a5b85240 flushing  nmethod 0x000002658e96a810
Event: 549.739 Thread 0x00000265a5b85240 flushing  nmethod 0x000002658e986c10
Event: 549.740 Thread 0x00000265a5b85240 flushing  nmethod 0x000002658ea68b90
Event: 549.740 Thread 0x00000265a5b85240 flushing  nmethod 0x000002658ea6e710
Event: 549.740 Thread 0x00000265a5b85240 flushing  nmethod 0x000002658ea70090
Event: 719.417 Thread 0x00000265a5b85240 flushing  nmethod 0x0000026595b52190
Event: 719.418 Thread 0x00000265a5b85240 flushing  nmethod 0x0000026595b8f090
Event: 719.418 Thread 0x00000265a5b85240 flushing  nmethod 0x0000026595b93290
Event: 719.421 Thread 0x00000265a5b85240 flushing  nmethod 0x000002658e0ff910
Event: 719.421 Thread 0x00000265a5b85240 flushing  nmethod 0x000002658e27d910

Events (20 events):
Event: 719.468 Thread 0x00000265c66b1930 Thread added: 0x00000265c8825760
Event: 719.886 Thread 0x00000265c8825760 Thread exited: 0x00000265c8825760
Event: 720.056 Thread 0x00000265a5b84820 Thread added: 0x00000265c8490460
Event: 720.289 Thread 0x00000265c66b1930 Thread added: 0x00000265c9a79980
Event: 720.396 Thread 0x00000265c66b1930 Thread added: 0x00000265c75c57f0
Event: 720.805 Thread 0x00000265c75c57f0 Thread exited: 0x00000265c75c57f0
Event: 720.805 Thread 0x00000265c9a79980 Thread exited: 0x00000265c9a79980
Event: 721.084 Thread 0x00000265c95c9a10 Thread exited: 0x00000265c95c9a10
Event: 721.841 Thread 0x00000265c5cce060 Thread exited: 0x00000265c5cce060
Event: 721.841 Thread 0x00000265c66b1930 Thread exited: 0x00000265c66b1930
Event: 728.440 Thread 0x00000265a58dd000 Thread added: 0x00000265c66b1930
Event: 733.443 Thread 0x00000265c66b1930 Thread exited: 0x00000265c66b1930
Event: 1472.213 Thread 0x00000265a58dd000 Thread added: 0x00000265c95c9a10
Event: 8074.699 Thread 0x00000265c95c9a10 Thread exited: 0x00000265c95c9a10
Event: 8076.247 Thread 0x00000265a58dd000 Thread added: 0x00000265c95c9a10
Event: 8076.248 Thread 0x00000265a58dd000 Thread added: 0x00000265ca110890
Event: 8076.250 Thread 0x00000265a58dd000 Thread added: 0x00000265c871e330
Event: 8077.620 Thread 0x00000265c871e330 Thread exited: 0x00000265c871e330
Event: 8077.656 Thread 0x00000265c95c9a10 Thread exited: 0x00000265c95c9a10
Event: 8077.656 Thread 0x00000265ca110890 Thread exited: 0x00000265ca110890


Dynamic libraries:
0x00007ff687c40000 - 0x00007ff687c4e000 	C:\Program Files\Eclipse Adoptium\jdk-17.0.15.6-hotspot\bin\java.exe
0x00007fffc3680000 - 0x00007fffc38e6000 	C:\WINDOWS\SYSTEM32\ntdll.dll
0x00007fffc2160000 - 0x00007fffc2229000 	C:\WINDOWS\System32\KERNEL32.DLL
0x00007fffc0ae0000 - 0x00007fffc0eac000 	C:\WINDOWS\System32\KERNELBASE.dll
0x0000000070320000 - 0x00000000703bd000 	C:\ProgramData\Symantec\Symantec Endpoint Protection\14.3.9205.6000.105\Data\Sysfer\x64\sysfer.dll
0x00007fffc0810000 - 0x00007fffc095b000 	C:\WINDOWS\System32\ucrtbase.dll
0x00007fff9be20000 - 0x00007fff9be37000 	C:\Program Files\Eclipse Adoptium\jdk-17.0.15.6-hotspot\bin\jli.dll
0x00007fff99aa0000 - 0x00007fff99abe000 	C:\Program Files\Eclipse Adoptium\jdk-17.0.15.6-hotspot\bin\VCRUNTIME140.dll
0x00007fffc14c0000 - 0x00007fffc168a000 	C:\WINDOWS\System32\USER32.dll
0x00007fffa61a0000 - 0x00007fffa643a000 	C:\WINDOWS\WinSxS\amd64_microsoft.windows.common-controls_6595b64144ccf1df_6.0.26100.3912_none_3e07963ce335137e\COMCTL32.dll
0x00007fffc1360000 - 0x00007fffc1387000 	C:\WINDOWS\System32\win32u.dll
0x00007fffc1730000 - 0x00007fffc175b000 	C:\WINDOWS\System32\GDI32.dll
0x00007fffc3590000 - 0x00007fffc3639000 	C:\WINDOWS\System32\msvcrt.dll
0x00007fffc0f70000 - 0x00007fffc10a2000 	C:\WINDOWS\System32\gdi32full.dll
0x00007fffc1390000 - 0x00007fffc1433000 	C:\WINDOWS\System32\msvcp_win.dll
0x00007fffc2850000 - 0x00007fffc2880000 	C:\WINDOWS\System32\IMM32.DLL
0x00007fffa4250000 - 0x00007fffa425c000 	C:\Program Files\Eclipse Adoptium\jdk-17.0.15.6-hotspot\bin\vcruntime140_1.dll
0x00007fff7c670000 - 0x00007fff7c6fd000 	C:\Program Files\Eclipse Adoptium\jdk-17.0.15.6-hotspot\bin\msvcp140.dll
0x00007fff3e940000 - 0x00007fff3f5ab000 	C:\Program Files\Eclipse Adoptium\jdk-17.0.15.6-hotspot\bin\server\jvm.dll
0x00007fffc2e40000 - 0x00007fffc2ef2000 	C:\WINDOWS\System32\ADVAPI32.dll
0x00007fffc1760000 - 0x00007fffc1806000 	C:\WINDOWS\System32\sechost.dll
0x00007fffc2040000 - 0x00007fffc2156000 	C:\WINDOWS\System32\RPCRT4.dll
0x00007fffc3500000 - 0x00007fffc3574000 	C:\WINDOWS\System32\WS2_32.dll
0x00007fffc0680000 - 0x00007fffc06de000 	C:\WINDOWS\SYSTEM32\POWRPROF.dll
0x00007fffb52a0000 - 0x00007fffb52d6000 	C:\WINDOWS\SYSTEM32\WINMM.dll
0x00007fffa9820000 - 0x00007fffa982b000 	C:\WINDOWS\SYSTEM32\VERSION.dll
0x00007fffc0660000 - 0x00007fffc0674000 	C:\WINDOWS\SYSTEM32\UMPDC.dll
0x00007fffbf5d0000 - 0x00007fffbf5ea000 	C:\WINDOWS\SYSTEM32\kernel.appcore.dll
0x00007fffa41b0000 - 0x00007fffa41ba000 	C:\Program Files\Eclipse Adoptium\jdk-17.0.15.6-hotspot\bin\jimage.dll
0x00007fffbe100000 - 0x00007fffbe341000 	C:\WINDOWS\SYSTEM32\DBGHELP.DLL
0x00007fffc3000000 - 0x00007fffc3384000 	C:\WINDOWS\System32\combase.dll
0x00007fffc2b40000 - 0x00007fffc2c20000 	C:\WINDOWS\System32\OLEAUT32.dll
0x00007fff95100000 - 0x00007fff95139000 	C:\WINDOWS\SYSTEM32\dbgcore.DLL
0x00007fffc12c0000 - 0x00007fffc1359000 	C:\WINDOWS\System32\bcryptPrimitives.dll
0x00007fff988b0000 - 0x00007fff988d5000 	C:\Program Files\Eclipse Adoptium\jdk-17.0.15.6-hotspot\bin\java.dll
0x00007fff7c590000 - 0x00007fff7c667000 	C:\Program Files\Eclipse Adoptium\jdk-17.0.15.6-hotspot\bin\jsvml.dll
0x00007fffc1890000 - 0x00007fffc1fbd000 	C:\WINDOWS\System32\SHELL32.dll
0x00007fffc0960000 - 0x00007fffc0ad4000 	C:\WINDOWS\System32\wintypes.dll
0x00007fffbe450000 - 0x00007fffbeca6000 	C:\WINDOWS\SYSTEM32\windows.storage.dll
0x00007fffc2f00000 - 0x00007fffc2fef000 	C:\WINDOWS\System32\SHCORE.dll
0x00007fffc1820000 - 0x00007fffc1889000 	C:\WINDOWS\System32\shlwapi.dll
0x00007fffc0720000 - 0x00007fffc074f000 	C:\WINDOWS\SYSTEM32\profapi.dll
0x00007fff99a10000 - 0x00007fff99a29000 	C:\Program Files\Eclipse Adoptium\jdk-17.0.15.6-hotspot\bin\net.dll
0x00007fffaf2b0000 - 0x00007fffaf3ce000 	C:\WINDOWS\SYSTEM32\WINHTTP.dll
0x00007fffbfb40000 - 0x00007fffbfbaa000 	C:\WINDOWS\system32\mswsock.dll
0x00007fff98f80000 - 0x00007fff98f96000 	C:\Program Files\Eclipse Adoptium\jdk-17.0.15.6-hotspot\bin\nio.dll
0x00007fff98520000 - 0x00007fff98538000 	C:\Program Files\Eclipse Adoptium\jdk-17.0.15.6-hotspot\bin\zip.dll
0x00007fffa4150000 - 0x00007fffa4160000 	C:\Program Files\Eclipse Adoptium\jdk-17.0.15.6-hotspot\bin\verify.dll
0x00007fff98930000 - 0x00007fff98957000 	C:\Users\karth\.gradle\native\68d5fa5c4cc2d200863cafc0d521ce42e7d3e7ee720ec0a83991735586a16f82\windows-amd64\native-platform.dll
0x00007fff7c440000 - 0x00007fff7c584000 	C:\Users\karth\.gradle\native\e376f236ea51e6404a007f0833ffe2c6e607c4080706a723a18a27aeea778392\windows-amd64\native-platform-file-events.dll
0x00007fffa0910000 - 0x00007fffa091a000 	C:\Program Files\Eclipse Adoptium\jdk-17.0.15.6-hotspot\bin\management.dll
0x00007fffa0830000 - 0x00007fffa083b000 	C:\Program Files\Eclipse Adoptium\jdk-17.0.15.6-hotspot\bin\management_ext.dll
0x00007fffc3580000 - 0x00007fffc3588000 	C:\WINDOWS\System32\PSAPI.DLL
0x00007fffbfde0000 - 0x00007fffbfdfc000 	C:\WINDOWS\SYSTEM32\CRYPTSP.dll
0x00007fffbf530000 - 0x00007fffbf56a000 	C:\WINDOWS\system32\rsaenh.dll
0x00007fffbfbe0000 - 0x00007fffbfc0b000 	C:\WINDOWS\SYSTEM32\USERENV.dll
0x00007fffc06f0000 - 0x00007fffc0716000 	C:\WINDOWS\SYSTEM32\bcrypt.dll
0x00007fffbfe00000 - 0x00007fffbfe0c000 	C:\WINDOWS\SYSTEM32\CRYPTBASE.dll
0x00007fffbf070000 - 0x00007fffbf0a3000 	C:\WINDOWS\SYSTEM32\IPHLPAPI.DLL
0x00007fffc2740000 - 0x00007fffc274a000 	C:\WINDOWS\System32\NSI.dll
0x00007fffb72a0000 - 0x00007fffb72bf000 	C:\WINDOWS\SYSTEM32\dhcpcsvc6.DLL
0x00007fffb7030000 - 0x00007fffb7055000 	C:\WINDOWS\SYSTEM32\dhcpcsvc.DLL
0x00007fffbf140000 - 0x00007fffbf267000 	C:\WINDOWS\SYSTEM32\DNSAPI.dll
0x00007fff9c160000 - 0x00007fff9c169000 	C:\Program Files\Eclipse Adoptium\jdk-17.0.15.6-hotspot\bin\extnet.dll
0x00007fff9bf40000 - 0x00007fff9bf4e000 	C:\Program Files\Eclipse Adoptium\jdk-17.0.15.6-hotspot\bin\sunmscapi.dll
0x00007fffc10b0000 - 0x00007fffc1227000 	C:\WINDOWS\System32\CRYPT32.dll
0x00007fffbfff0000 - 0x00007fffc0020000 	C:\WINDOWS\SYSTEM32\ncrypt.dll
0x00007fffbffa0000 - 0x00007fffbffdf000 	C:\WINDOWS\SYSTEM32\NTASN1.dll
0x00007fffa3df0000 - 0x00007fffa3df8000 	C:\WINDOWS\system32\wshunix.dll

dbghelp: loaded successfully - version: 4.0.5 - missing functions: none
symbol engine: initialized successfully - sym options: 0x614 - pdb path: .;C:\Program Files\Eclipse Adoptium\jdk-17.0.15.6-hotspot\bin;C:\WINDOWS\SYSTEM32;C:\ProgramData\Symantec\Symantec Endpoint Protection\14.3.9205.6000.105\Data\Sysfer\x64;C:\WINDOWS\WinSxS\amd64_microsoft.windows.common-controls_6595b64144ccf1df_6.0.26100.3912_none_3e07963ce335137e;C:\Program Files\Eclipse Adoptium\jdk-17.0.15.6-hotspot\bin\server;C:\Users\karth\.gradle\native\68d5fa5c4cc2d200863cafc0d521ce42e7d3e7ee720ec0a83991735586a16f82\windows-amd64;C:\Users\karth\.gradle\native\e376f236ea51e6404a007f0833ffe2c6e607c4080706a723a18a27aeea778392\windows-amd64

VM Arguments:
jvm_args: -XX:MaxMetaspaceSize=512m --add-opens=java.base/java.util=ALL-UNNAMED --add-opens=java.base/java.lang=ALL-UNNAMED --add-opens=java.base/java.lang.invoke=ALL-UNNAMED --add-opens=java.prefs/java.util.prefs=ALL-UNNAMED --add-opens=java.base/java.nio.charset=ALL-UNNAMED --add-opens=java.base/java.net=ALL-UNNAMED --add-opens=java.base/java.util.concurrent.atomic=ALL-UNNAMED -Xmx2048m -Dfile.encoding=UTF-8 -Duser.country=CA -Duser.language=en -Duser.variant 
java_command: org.gradle.launcher.daemon.bootstrap.GradleDaemon 8.0.1
java_class_path (initial): C:\Users\karth\.gradle\wrapper\dists\gradle-8.0.1-all\aro4hu1c3oeioove7l0i4i14o\gradle-8.0.1\lib\gradle-launcher-8.0.1.jar
Launcher Type: SUN_STANDARD

[Global flags]
     intx CICompilerCount                          = 12                                        {product} {ergonomic}
   size_t CompressedClassSpaceSize                 = 436207616                                 {product} {ergonomic}
     uint ConcGCThreads                            = 3                                         {product} {ergonomic}
     uint G1ConcRefinementThreads                  = 13                                        {product} {ergonomic}
   size_t G1HeapRegionSize                         = 1048576                                   {product} {ergonomic}
    uintx GCDrainStackTargetSize                   = 64                                        {product} {ergonomic}
   size_t InitialHeapSize                          = 264241152                                 {product} {ergonomic}
   size_t MarkStackSize                            = 4194304                                   {product} {ergonomic}
   size_t MaxHeapSize                              = 2147483648                                {product} {command line}
   size_t MaxMetaspaceSize                         = 536870912                                 {product} {command line}
   size_t MaxNewSize                               = 1287651328                                {product} {ergonomic}
   size_t MinHeapDeltaBytes                        = 1048576                                   {product} {ergonomic}
   size_t MinHeapSize                              = 8388608                                   {product} {ergonomic}
    uintx NonNMethodCodeHeapSize                   = 7602480                                {pd product} {ergonomic}
    uintx NonProfiledCodeHeapSize                  = 122027880                              {pd product} {ergonomic}
    uintx ProfiledCodeHeapSize                     = 122027880                              {pd product} {ergonomic}
    uintx ReservedCodeCacheSize                    = 251658240                              {pd product} {ergonomic}
     bool SegmentedCodeCache                       = true                                      {product} {ergonomic}
   size_t SoftMaxHeapSize                          = 2147483648                             {manageable} {ergonomic}
     bool UseCompressedClassPointers               = true                           {product lp64_product} {ergonomic}
     bool UseCompressedOops                        = true                           {product lp64_product} {ergonomic}
     bool UseG1GC                                  = true                                      {product} {ergonomic}
     bool UseLargePagesIndividualAllocation        = false                                  {pd product} {ergonomic}

Logging:
Log output configuration:
 #0: stdout all=warning uptime,level,tags
 #1: stderr all=off uptime,level,tags

Environment Variables:
JAVA_HOME=C:\Program Files\Java\jdk-23
CLASSPATH=C:\Users\karth\CascadeProjects\MobileAppAndroid\android\\gradle\wrapper\gradle-wrapper.jar
PATH=C:\Users\karth\CascadeProjects\MobileAppAndroid\node_modules\.bin;C:\Users\karth\CascadeProjects\MobileAppAndroid\node_modules\.bin;C:\Users\karth\CascadeProjects\node_modules\.bin;C:\Users\karth\node_modules\.bin;C:\Users\node_modules\.bin;C:\node_modules\.bin;C:\Program Files\nodejs\node_modules\npm\node_modules\@npmcli\run-script\lib\node-gyp-bin;C:\Users\karth\CascadeProjects\MobileAppAndroid\node_modules\.bin;C:\Users\karth\CascadeProjects\MobileAppAndroid\node_modules\.bin;C:\Users\karth\CascadeProjects\node_modules\.bin;C:\Users\karth\node_modules\.bin;C:\Users\node_modules\.bin;C:\node_modules\.bin;C:\Program Files\nodejs\node_modules\npm\node_modules\@npmcli\run-script\lib\node-gyp-bin;C:\Program Files\Eclipse Adoptium\jdk-17.0.15.6-hotspot\bin;C:\Program Files\Common Files\Oracle\Java\javapath;C:\WINDOWS\system32;C:\WINDOWS;C:\WINDOWS\System32\Wbem;C:\WINDOWS\System32\WindowsPowerShell\v1.0\;C:\WINDOWS\System32\OpenSSH\;C:\Program Files\nodejs\;C:\Program Files (x86)\nikto\program;C:\Program Files (x86)\curl;D:\GoWorkspace\bin;C:\Program Files\Go\bin;C:\Program Files\Git\cmd;C:\Users\karth\AppData\Local\Android\Sdk;C:\Users\karth\AppData\Local\Android\Sdk\platform-tools;C:\Program Files\Eclipse Adoptium\jdk-17.0.15.6-hotspot\bin;C:\Program Files\Common Files\Oracle\Java\javapath;C:\WINDOWS\system32;C:\WINDOWS;C:\WINDOWS\System32\Wbem;C:\WINDOWS\System32\WindowsPowerShell\v1.0\;C:\WINDOWS\System32\OpenSSH\;C:\Program Files\nodejs\;C:\Program Files\Git\cmd;C:\Users\karth\AppData\Local\Microsoft\WindowsApps;C:\Users\karth\AppData\Local\Programs\Microsoft VS Code\bin;C:\Users\karth\AppData\Roaming\npm;C:\Users\karth\go\bin;C:\Users\karth\AppData\Local\Programs\Windsurf\bin
USERNAME=karth
OS=Windows_NT
PROCESSOR_IDENTIFIER=Intel64 Family 6 Model 154 Stepping 3, GenuineIntel
TMP=C:\Users\karth\AppData\Local\Temp
TEMP=C:\Users\karth\AppData\Local\Temp



Periodic native trim disabled


---------------  S Y S T E M  ---------------

OS:
 Windows 11 , 64 bit Build 26100 (10.0.26100.3912)
OS uptime: 10 days 15:58 hours
Hyper-V role detected

CPU: total 16 (initial active 16) (8 cores per cpu, 2 threads per core) family 6 model 154 stepping 3 microcode 0x416, cx8, cmov, fxsr, ht, mmx, 3dnowpref, sse, sse2, sse3, ssse3, sse4.1, sse4.2, popcnt, lzcnt, tsc, tscinvbit, avx, avx2, aes, erms, clmul, bmi1, bmi2, adx, sha, fma, vzeroupper, clflush, clflushopt, clwb, hv
Processor Information for processor 0
  Max Mhz: 2100, Current Mhz: 2100, Mhz Limit: 2100
Processor Information for processor 1
  Max Mhz: 2100, Current Mhz: 2100, Mhz Limit: 2100
Processor Information for processor 2
  Max Mhz: 2100, Current Mhz: 2100, Mhz Limit: 2100
Processor Information for processor 3
  Max Mhz: 2100, Current Mhz: 2100, Mhz Limit: 2100
Processor Information for processor 4
  Max Mhz: 2100, Current Mhz: 2100, Mhz Limit: 2100
Processor Information for processor 5
  Max Mhz: 2100, Current Mhz: 2100, Mhz Limit: 2100
Processor Information for processor 6
  Max Mhz: 2100, Current Mhz: 2100, Mhz Limit: 2100
Processor Information for processor 7
  Max Mhz: 2100, Current Mhz: 2100, Mhz Limit: 2100
Processor Information for processor 8
  Max Mhz: 2100, Current Mhz: 1500, Mhz Limit: 1491
Processor Information for processor 9
  Max Mhz: 2100, Current Mhz: 1500, Mhz Limit: 1491
Processor Information for processor 10
  Max Mhz: 2100, Current Mhz: 1500, Mhz Limit: 1491
Processor Information for processor 11
  Max Mhz: 2100, Current Mhz: 1500, Mhz Limit: 1491
Processor Information for processor 12
  Max Mhz: 2100, Current Mhz: 1500, Mhz Limit: 1491
Processor Information for processor 13
  Max Mhz: 2100, Current Mhz: 1500, Mhz Limit: 1491
Processor Information for processor 14
  Max Mhz: 2100, Current Mhz: 1500, Mhz Limit: 1491
Processor Information for processor 15
  Max Mhz: 2100, Current Mhz: 1500, Mhz Limit: 1491

Memory: 4k page, system-wide physical 16088M (1M free)
TotalPageFile size 64210M (AvailPageFile size 20M)
current process WorkingSet (physical memory assigned to process): 12M, peak: 254M
current process commit charge ("private bytes"): 340M, peak: 448M

vm_info: OpenJDK 64-Bit Server VM (17.0.15+6) for windows-amd64 JRE (17.0.15+6), built on Apr 15 2025 21:25:47 by "admin" with MS VC++ 17.7 (VS2022)

END.
