#
# There is insufficient memory for the Java Runtime Environment to continue.
# Native memory allocation (mmap) failed to map 34603008 bytes. Error detail: G1 virtual space
# Possible reasons:
#   The system is out of physical RAM or swap space
#   This process is running with CompressedOops enabled, and the Java Heap may be blocking the growth of the native heap
# Possible solutions:
#   Reduce memory load on the system
#   Increase physical memory or swap space
#   Check if swap backing store is full
#   Decrease Java heap size (-Xmx/-Xms)
#   Decrease number of Java threads
#   Decrease Java thread stack sizes (-Xss)
#   Set larger code cache with -XX:ReservedCodeCacheSize=
#   JVM is running with Unscaled Compressed Oops mode in which the Java heap is
#     placed in the first 4GB address space. The Java Heap base address is the
#     maximum limit for the native heap growth. Please use -XX:HeapBaseMinAddress
#     to set the Java Heap base and to place the Java Heap above 4GB virtual address.
# This output file may be truncated or incomplete.
#
#  Out of Memory Error (os_windows.cpp:3618), pid=8324, tid=7240
#
# JRE version: OpenJDK Runtime Environment Temurin-17.0.15+6 (17.0.15+6) (build 17.0.15+6)
# Java VM: OpenJDK 64-Bit Server VM Temurin-17.0.15+6 (17.0.15+6, mixed mode, sharing, tiered, compressed oops, compressed class ptrs, g1 gc, windows-amd64)
# No core dump will be written. Minidumps are not enabled by default on client versions of Windows
#

---------------  S U M M A R Y ------------

Command Line: -XX:MaxMetaspaceSize=512m --add-opens=java.base/java.util=ALL-UNNAMED --add-opens=java.base/java.lang=ALL-UNNAMED --add-opens=java.base/java.lang.invoke=ALL-UNNAMED --add-opens=java.prefs/java.util.prefs=ALL-UNNAMED --add-opens=java.base/java.nio.charset=ALL-UNNAMED --add-opens=java.base/java.net=ALL-UNNAMED --add-opens=java.base/java.util.concurrent.atomic=ALL-UNNAMED -Xmx2048m -Dfile.encoding=UTF-8 -Duser.country=CA -Duser.language=en -Duser.variant org.gradle.launcher.daemon.bootstrap.GradleDaemon 8.0.1

Host: 12th Gen Intel(R) Core(TM) i7-1260P, 16 cores, 15G,  Windows 11 , 64 bit Build 26100 (10.0.26100.3912)
Time: Mon May 26 02:11:34 2025 Eastern Daylight Time elapsed time: 8670.482503 seconds (0d 2h 24m 30s)

---------------  T H R E A D  ---------------

Current thread (0x000001d2252a6010):  VMThread "VM Thread" [stack: 0x000000325e100000,0x000000325e200000] [id=7240]

Stack: [0x000000325e100000,0x000000325e200000]
Native frames: (J=compiled Java code, j=interpreted, Vv=VM code, C=native code)
V  [jvm.dll+0x682fc9]
V  [jvm.dll+0x839878]
V  [jvm.dll+0x83b323]
V  [jvm.dll+0x83b993]
V  [jvm.dll+0x24725f]
V  [jvm.dll+0x67fda9]
V  [jvm.dll+0x674c9a]
V  [jvm.dll+0x304d06]
V  [jvm.dll+0x30c1c6]
V  [jvm.dll+0x35dd4e]
V  [jvm.dll+0x35df8d]
V  [jvm.dll+0x2dc0cc]
V  [jvm.dll+0x2da46f]
V  [jvm.dll+0x2d9bdc]
V  [jvm.dll+0x31d3bb]
V  [jvm.dll+0x8401cd]
V  [jvm.dll+0x840f03]
V  [jvm.dll+0x84142f]
V  [jvm.dll+0x841814]
V  [jvm.dll+0x8418de]
V  [jvm.dll+0x7e94dc]
V  [jvm.dll+0x681ea7]
C  [ucrtbase.dll+0x37b0]
C  [KERNEL32.DLL+0x2e8d7]
C  [ntdll.dll+0x9c5dc]

VM_Operation (0x000000325f6fe270): G1CollectForAllocation, mode: safepoint, requested by thread 0x000001d245cc30e0


---------------  P R O C E S S  ---------------

Threads class SMR info:
_java_thread_list=0x000001d245332c40, length=80, elements={
0x000001d206480ae0, 0x000001d2252a9b60, 0x000001d2252ab0a0, 0x000001d2252bdd50,
0x000001d2252be620, 0x000001d2252c1000, 0x000001d2252c18d0, 0x000001d2252c24d0,
0x000001d2252cb130, 0x000001d2252cb650, 0x000001d2256b4fc0, 0x000001d2256bb8d0,
0x000001d245877240, 0x000001d2464b8a10, 0x000001d245cc30e0, 0x000001d2457402b0,
0x000001d2456ff490, 0x000001d245c05ab0, 0x000001d245c08840, 0x000001d245c05090,
0x000001d245c064d0, 0x000001d245c06ef0, 0x000001d245c07400, 0x000001d245c07e20,
0x000001d245c08330, 0x000001d245c055a0, 0x000001d248bb3e90, 0x000001d248bb43a0,
0x000001d248bb48b0, 0x000001d248bb3980, 0x000001d248bb4dc0, 0x000001d248bb52d0,
0x000001d248bb57e0, 0x000001d248bb6200, 0x000001d248bb6710, 0x000001d248bb2f60,
0x000001d245c07910, 0x000001d245c05fc0, 0x000001d247fbc9e0, 0x000001d247fbde20,
0x000001d247fba670, 0x000001d247fbe330, 0x000001d247fbd910, 0x000001d247fbb090,
0x000001d247fbc4d0, 0x000001d247fbab80, 0x000001d247fbcef0, 0x000001d247fbe840,
0x000001d247fbb5a0, 0x000001d247fbbfc0, 0x000001d247fbbab0, 0x000001d247fc06a0,
0x000001d247fc0190, 0x000001d247fbf770, 0x000001d247fbfc80, 0x000001d247fbed50,
0x000001d247fbf260, 0x000001d247fc0bb0, 0x000001d247fbd400, 0x000001d247fc10c0,
0x000001d247fc1ff0, 0x000001d247fc15d0, 0x000001d247fc1ae0, 0x000001d247d6b8a0,
0x000001d247d6bdb0, 0x000001d247d69f50, 0x000001d247d6cce0, 0x000001d247d6c2c0,
0x000001d247d69a40, 0x000001d247d6d1f0, 0x000001d247d6d700, 0x000001d247d6a970,
0x000001d247d6c7d0, 0x000001d247d6ae80, 0x000001d247d6dc10, 0x000001d247d6a460,
0x000001d247d6eb40, 0x000001d247d6b390, 0x000001d247d6f050, 0x000001d247d6f560
}

Java Threads: ( => current thread )
  0x000001d206480ae0 JavaThread "main" [_thread_blocked, id=62836, stack(0x000000325db00000,0x000000325dc00000)]
  0x000001d2252a9b60 JavaThread "Reference Handler" daemon [_thread_blocked, id=64668, stack(0x000000325e200000,0x000000325e300000)]
  0x000001d2252ab0a0 JavaThread "Finalizer" daemon [_thread_blocked, id=19068, stack(0x000000325e300000,0x000000325e400000)]
  0x000001d2252bdd50 JavaThread "Signal Dispatcher" daemon [_thread_blocked, id=24472, stack(0x000000325e400000,0x000000325e500000)]
  0x000001d2252be620 JavaThread "Attach Listener" daemon [_thread_blocked, id=60564, stack(0x000000325e500000,0x000000325e600000)]
  0x000001d2252c1000 JavaThread "Service Thread" daemon [_thread_blocked, id=15208, stack(0x000000325e600000,0x000000325e700000)]
  0x000001d2252c18d0 JavaThread "Monitor Deflation Thread" daemon [_thread_blocked, id=65116, stack(0x000000325e700000,0x000000325e800000)]
  0x000001d2252c24d0 JavaThread "C2 CompilerThread0" daemon [_thread_blocked, id=11184, stack(0x000000325e800000,0x000000325e900000)]
  0x000001d2252cb130 JavaThread "C1 CompilerThread0" daemon [_thread_blocked, id=24428, stack(0x000000325e900000,0x000000325ea00000)]
  0x000001d2252cb650 JavaThread "Sweeper thread" daemon [_thread_blocked, id=15044, stack(0x000000325ea00000,0x000000325eb00000)]
  0x000001d2256b4fc0 JavaThread "Common-Cleaner" daemon [_thread_blocked, id=65848, stack(0x000000325eb00000,0x000000325ec00000)]
  0x000001d2256bb8d0 JavaThread "Notification Thread" daemon [_thread_blocked, id=65864, stack(0x000000325ec00000,0x000000325ed00000)]
  0x000001d245877240 JavaThread "Daemon health stats" [_thread_blocked, id=65268, stack(0x000000325f200000,0x000000325f300000)]
  0x000001d2464b8a10 JavaThread "Incoming local TCP Connector on port 33784" [_thread_in_native, id=26860, stack(0x000000325f300000,0x000000325f400000)]
  0x000001d245cc30e0 JavaThread "Daemon periodic checks" [_thread_blocked, id=53764, stack(0x000000325f600000,0x000000325f700000)]
  0x000001d2457402b0 JavaThread "Daemon" [_thread_blocked, id=68292, stack(0x000000325f700000,0x000000325f800000)]
  0x000001d2456ff490 JavaThread "Handler for socket connection from /127.0.0.1:33784 to /127.0.0.1:34527" [_thread_in_native, id=28316, stack(0x000000325f800000,0x000000325f900000)]
  0x000001d245c05ab0 JavaThread "Cancel handler" [_thread_blocked, id=43060, stack(0x000000325f900000,0x000000325fa00000)]
  0x000001d245c08840 JavaThread "Daemon worker" [_thread_blocked, id=48696, stack(0x000000325fa00000,0x000000325fb00000)]
  0x000001d245c05090 JavaThread "Asynchronous log dispatcher for DefaultDaemonConnection: socket connection from /127.0.0.1:33784 to /127.0.0.1:34527" [_thread_blocked, id=56496, stack(0x000000325fb00000,0x000000325fc00000)]
  0x000001d245c064d0 JavaThread "Daemon client event forwarder" [_thread_blocked, id=53596, stack(0x000000325fd00000,0x000000325fe00000)]
  0x000001d245c06ef0 JavaThread "Cache worker for journal cache (C:\Users\karth\.gradle\caches\journal-1)" [_thread_blocked, id=16472, stack(0x000000325fe00000,0x000000325ff00000)]
  0x000001d245c07400 JavaThread "File lock request listener" [_thread_in_native, id=44100, stack(0x000000325ff00000,0x0000003260000000)]
  0x000001d245c07e20 JavaThread "Cache worker for file hash cache (C:\Users\karth\.gradle\caches\8.0.1\fileHashes)" [_thread_blocked, id=21904, stack(0x0000003260300000,0x0000003260400000)]
  0x000001d245c08330 JavaThread "File watcher server" daemon [_thread_in_native, id=23236, stack(0x0000003260400000,0x0000003260500000)]
  0x000001d245c055a0 JavaThread "File watcher consumer" daemon [_thread_blocked, id=20732, stack(0x0000003260c00000,0x0000003260d00000)]
  0x000001d248bb3e90 JavaThread "Cache worker for checksums cache (C:\Users\karth\CascadeProjects\MobileAppAndroid\android\.gradle\8.0.1\checksums)" [_thread_blocked, id=44788, stack(0x0000003260000000,0x0000003260100000)]
  0x000001d248bb43a0 JavaThread "Cache worker for cache directory md-rule (C:\Users\karth\.gradle\caches\8.0.1\md-rule)" [_thread_blocked, id=38040, stack(0x0000003260100000,0x0000003260200000)]
  0x000001d248bb48b0 JavaThread "Cache worker for file content cache (C:\Users\karth\.gradle\caches\8.0.1\fileContent)" [_thread_blocked, id=65160, stack(0x0000003260d00000,0x0000003260e00000)]
  0x000001d248bb3980 JavaThread "Cache worker for file hash cache (C:\Users\karth\CascadeProjects\MobileAppAndroid\android\.gradle\8.0.1\fileHashes)" [_thread_blocked, id=20516, stack(0x0000003261000000,0x0000003261100000)]
  0x000001d248bb4dc0 JavaThread "Cache worker for cache directory md-supplier (C:\Users\karth\.gradle\caches\8.0.1\md-supplier)" [_thread_blocked, id=45336, stack(0x0000003261100000,0x0000003261200000)]
  0x000001d248bb52d0 JavaThread "Cache worker for execution history cache (C:\Users\karth\.gradle\caches\8.0.1\executionHistory)" [_thread_blocked, id=48924, stack(0x0000003261300000,0x0000003261400000)]
  0x000001d248bb57e0 JavaThread "jar transforms" [_thread_blocked, id=8420, stack(0x0000003261500000,0x0000003261600000)]
  0x000001d248bb6200 JavaThread "jar transforms Thread 2" [_thread_blocked, id=5616, stack(0x0000003261200000,0x0000003261300000)]
  0x000001d248bb6710 JavaThread "jar transforms Thread 3" [_thread_blocked, id=64048, stack(0x0000003261400000,0x0000003261500000)]
  0x000001d248bb2f60 JavaThread "jar transforms Thread 4" [_thread_blocked, id=54564, stack(0x0000003261600000,0x0000003261700000)]
  0x000001d245c07910 JavaThread "Cache worker for kotlin-dsl (C:\Users\karth\.gradle\caches\8.0.1\kotlin-dsl)" [_thread_blocked, id=62468, stack(0x000000325f500000,0x000000325f600000)]
  0x000001d245c05fc0 JavaThread "File lock release action executor Thread 2" [_thread_blocked, id=56964, stack(0x000000325fc00000,0x000000325fd00000)]
  0x000001d247fbc9e0 JavaThread "jar transforms Thread 5" [_thread_blocked, id=54136, stack(0x0000003260200000,0x0000003260300000)]
  0x000001d247fbde20 JavaThread "jar transforms Thread 6" [_thread_blocked, id=37172, stack(0x000000325f400000,0x000000325f500000)]
  0x000001d247fba670 JavaThread "Cache worker for dependencies-accessors (C:\Users\karth\CascadeProjects\MobileAppAndroid\android\.gradle\8.0.1\dependencies-accessors)" [_thread_blocked, id=34236, stack(0x0000003261800000,0x0000003261900000)]
  0x000001d247fbe330 JavaThread "Cache worker for Build Output Cleanup Cache (C:\Users\karth\CascadeProjects\MobileAppAndroid\node_modules\@react-native\gradle-plugin\.gradle\buildOutputCleanup)" [_thread_blocked, id=69288, stack(0x0000003261900000,0x0000003261a00000)]
  0x000001d247fbd910 JavaThread "jar transforms Thread 7" [_thread_blocked, id=68700, stack(0x0000003261700000,0x0000003261800000)]
  0x000001d247fbb090 JavaThread "Unconstrained build operations" [_thread_blocked, id=70576, stack(0x0000003261a00000,0x0000003261b00000)]
  0x000001d247fbc4d0 JavaThread "Unconstrained build operations Thread 2" [_thread_blocked, id=70580, stack(0x0000003261b00000,0x0000003261c00000)]
  0x000001d247fbab80 JavaThread "Unconstrained build operations Thread 3" [_thread_blocked, id=70584, stack(0x0000003261c00000,0x0000003261d00000)]
  0x000001d247fbcef0 JavaThread "Unconstrained build operations Thread 4" [_thread_blocked, id=70588, stack(0x0000003261d00000,0x0000003261e00000)]
  0x000001d247fbe840 JavaThread "Unconstrained build operations Thread 5" [_thread_blocked, id=70592, stack(0x0000003261e00000,0x0000003261f00000)]
  0x000001d247fbb5a0 JavaThread "Unconstrained build operations Thread 6" [_thread_blocked, id=70596, stack(0x0000003261f00000,0x0000003262000000)]
  0x000001d247fbbfc0 JavaThread "Unconstrained build operations Thread 7" [_thread_blocked, id=70600, stack(0x0000003262000000,0x0000003262100000)]
  0x000001d247fbbab0 JavaThread "Unconstrained build operations Thread 8" [_thread_blocked, id=70604, stack(0x0000003262100000,0x0000003262200000)]
  0x000001d247fc06a0 JavaThread "Unconstrained build operations Thread 9" [_thread_blocked, id=70608, stack(0x0000003262200000,0x0000003262300000)]
  0x000001d247fc0190 JavaThread "Unconstrained build operations Thread 10" [_thread_blocked, id=70612, stack(0x0000003262300000,0x0000003262400000)]
  0x000001d247fbf770 JavaThread "Unconstrained build operations Thread 11" [_thread_blocked, id=70616, stack(0x0000003262400000,0x0000003262500000)]
  0x000001d247fbfc80 JavaThread "Unconstrained build operations Thread 12" [_thread_blocked, id=70620, stack(0x0000003262500000,0x0000003262600000)]
  0x000001d247fbed50 JavaThread "Unconstrained build operations Thread 13" [_thread_blocked, id=70624, stack(0x0000003262600000,0x0000003262700000)]
  0x000001d247fbf260 JavaThread "Unconstrained build operations Thread 14" [_thread_blocked, id=70628, stack(0x0000003262700000,0x0000003262800000)]
  0x000001d247fc0bb0 JavaThread "Unconstrained build operations Thread 15" [_thread_blocked, id=70632, stack(0x0000003262800000,0x0000003262900000)]
  0x000001d247fbd400 JavaThread "Unconstrained build operations Thread 16" [_thread_blocked, id=70636, stack(0x0000003262900000,0x0000003262a00000)]
  0x000001d247fc10c0 JavaThread "Unconstrained build operations Thread 17" [_thread_blocked, id=70640, stack(0x0000003262a00000,0x0000003262b00000)]
  0x000001d247fc1ff0 JavaThread "Unconstrained build operations Thread 18" [_thread_blocked, id=70644, stack(0x0000003262b00000,0x0000003262c00000)]
  0x000001d247fc15d0 JavaThread "Unconstrained build operations Thread 19" [_thread_blocked, id=70648, stack(0x0000003262c00000,0x0000003262d00000)]
  0x000001d247fc1ae0 JavaThread "Unconstrained build operations Thread 20" [_thread_blocked, id=70652, stack(0x0000003262d00000,0x0000003262e00000)]
  0x000001d247d6b8a0 JavaThread "Unconstrained build operations Thread 21" [_thread_blocked, id=69328, stack(0x0000003262e00000,0x0000003262f00000)]
  0x000001d247d6bdb0 JavaThread "Unconstrained build operations Thread 22" [_thread_blocked, id=69308, stack(0x0000003262f00000,0x0000003263000000)]
  0x000001d247d69f50 JavaThread "Unconstrained build operations Thread 23" [_thread_blocked, id=54688, stack(0x0000003263000000,0x0000003263100000)]
  0x000001d247d6cce0 JavaThread "Unconstrained build operations Thread 24" [_thread_blocked, id=23380, stack(0x0000003263100000,0x0000003263200000)]
  0x000001d247d6c2c0 JavaThread "Unconstrained build operations Thread 25" [_thread_blocked, id=38732, stack(0x0000003263200000,0x0000003263300000)]
  0x000001d247d69a40 JavaThread "Unconstrained build operations Thread 26" [_thread_blocked, id=57152, stack(0x0000003263300000,0x0000003263400000)]
  0x000001d247d6d1f0 JavaThread "jar transforms Thread 8" [_thread_blocked, id=51028, stack(0x0000003263700000,0x0000003263800000)]
  0x000001d247d6d700 JavaThread "jar transforms Thread 9" [_thread_blocked, id=58800, stack(0x0000003263800000,0x0000003263900000)]
  0x000001d247d6a970 JavaThread "jar transforms Thread 10" [_thread_blocked, id=7224, stack(0x0000003263900000,0x0000003263a00000)]
  0x000001d247d6c7d0 JavaThread "jar transforms Thread 11" [_thread_blocked, id=70352, stack(0x0000003263a00000,0x0000003263b00000)]
  0x000001d247d6ae80 JavaThread "jar transforms Thread 12" [_thread_blocked, id=70356, stack(0x0000003263b00000,0x0000003263c00000)]
  0x000001d247d6dc10 JavaThread "jar transforms Thread 13" [_thread_blocked, id=70360, stack(0x0000003263c00000,0x0000003263d00000)]
  0x000001d247d6a460 JavaThread "jar transforms Thread 14" [_thread_blocked, id=70368, stack(0x0000003263d00000,0x0000003263e00000)]
  0x000001d247d6eb40 JavaThread "jar transforms Thread 15" [_thread_blocked, id=70364, stack(0x0000003263e00000,0x0000003263f00000)]
  0x000001d247d6b390 JavaThread "jar transforms Thread 16" [_thread_blocked, id=13904, stack(0x0000003263f00000,0x0000003264000000)]
  0x000001d247d6f050 JavaThread "Memory manager" [_thread_blocked, id=44016, stack(0x0000003264100000,0x0000003264200000)]
  0x000001d247d6f560 JavaThread "Cache worker for Build Output Cleanup Cache (C:\Users\karth\CascadeProjects\MobileAppAndroid\android\.gradle\buildOutputCleanup)" [_thread_blocked, id=32592, stack(0x0000003264300000,0x0000003264400000)]

Other Threads:
=>0x000001d2252a6010 VMThread "VM Thread" [stack: 0x000000325e100000,0x000000325e200000] [id=7240]
  0x000001d2256bddc0 WatcherThread [stack: 0x000000325ed00000,0x000000325ee00000] [id=65868]
  0x000001d2064e0160 GCTaskThread "GC Thread#0" [stack: 0x000000325dc00000,0x000000325dd00000] [id=30504]
  0x000001d225761890 GCTaskThread "GC Thread#1" [stack: 0x000000325da00000,0x000000325db00000] [id=29068]
  0x000001d2457fe230 GCTaskThread "GC Thread#2" [stack: 0x000000325ee00000,0x000000325ef00000] [id=42356]
  0x000001d2457fe4f0 GCTaskThread "GC Thread#3" [stack: 0x000000325ef00000,0x000000325f000000] [id=25044]
  0x000001d2457fe7b0 GCTaskThread "GC Thread#4" [stack: 0x000000325f000000,0x000000325f100000] [id=7876]
  0x000001d2457fea70 GCTaskThread "GC Thread#5" [stack: 0x000000325f100000,0x000000325f200000] [id=14328]
  0x000001d245759b30 GCTaskThread "GC Thread#6" [stack: 0x0000003260500000,0x0000003260600000] [id=46504]
  0x000001d24575a370 GCTaskThread "GC Thread#7" [stack: 0x0000003260600000,0x0000003260700000] [id=13284]
  0x000001d245759df0 GCTaskThread "GC Thread#8" [stack: 0x0000003260700000,0x0000003260800000] [id=68584]
  0x000001d24575a8f0 GCTaskThread "GC Thread#9" [stack: 0x0000003260800000,0x0000003260900000] [id=49612]
  0x000001d2457592f0 GCTaskThread "GC Thread#10" [stack: 0x0000003260900000,0x0000003260a00000] [id=67084]
  0x000001d2457595b0 GCTaskThread "GC Thread#11" [stack: 0x0000003260a00000,0x0000003260b00000] [id=59888]
  0x000001d245759030 GCTaskThread "GC Thread#12" [stack: 0x0000003260b00000,0x0000003260c00000] [id=36216]
  0x000001d2064f0fc0 ConcurrentGCThread "G1 Main Marker" [stack: 0x000000325dd00000,0x000000325de00000] [id=4432]
  0x000001d2064f18f0 ConcurrentGCThread "G1 Conc#0" [stack: 0x000000325de00000,0x000000325df00000] [id=39852]
  0x000001d246f816c0 ConcurrentGCThread "G1 Conc#1" [stack: 0x0000003260e00000,0x0000003260f00000] [id=26068]
  0x000001d246f7fb40 ConcurrentGCThread "G1 Conc#2" [stack: 0x0000003260f00000,0x0000003261000000] [id=55456]
  0x000001d2251933f0 ConcurrentGCThread "G1 Refine#0" [stack: 0x000000325df00000,0x000000325e000000] [id=28860]
  0x000001d225193bd0 ConcurrentGCThread "G1 Service" [stack: 0x000000325e000000,0x000000325e100000] [id=26820]

Threads with active compile tasks:
C2 CompilerThread0  8676137 8501       4       org.gradle.launcher.daemon.registry.DaemonRegistryContent$Serializer::readInfosMap (74 bytes)

VM state: at safepoint (normal execution)

VM Mutex/Monitor currently owned by a thread:  ([mutex/lock_event])
[0x000001d2041ae930] Threads_lock - owner thread: 0x000001d2252a6010
[0x000001d20647be50] Heap_lock - owner thread: 0x000001d245cc30e0

Heap address: 0x0000000080000000, size: 2048 MB, Compressed Oops mode: 32-bit

CDS archive(s) mapped at: [0x000001d226000000-0x000001d226bb0000-0x000001d226bb0000), size 12255232, SharedBaseAddress: 0x000001d226000000, ArchiveRelocationMode: 1.
Compressed class space mapped at: 0x000001d227000000-0x000001d241000000, reserved size: 436207616
Narrow klass base: 0x000001d226000000, Narrow klass shift: 0, Narrow klass range: 0x100000000

GC Precious Log:
 CPUs: 16 total, 16 available
 Memory: 16088M
 Large Page Support: Disabled
 NUMA Support: Disabled
 Compressed Oops: Enabled (32-bit)
 Heap Region Size: 1M
 Heap Min Capacity: 8M
 Heap Initial Capacity: 252M
 Heap Max Capacity: 2G
 Pre-touch: Disabled
 Parallel Workers: 13
 Concurrent Workers: 3
 Concurrent Refinement Workers: 13
 Periodic GC: Disabled

Heap:
 garbage-first heap   total 224256K, used 54315K [0x0000000080000000, 0x0000000100000000)
  region size 1024K, 1 young (1024K), 1 survivors (1024K)
 Metaspace       used 58703K, committed 59328K, reserved 491520K
  class space    used 8110K, committed 8384K, reserved 425984K

Heap Regions: E=young(eden), S=young(survivor), O=old, HS=humongous(starts), HC=humongous(continues), CS=collection set, F=free, OA=open archive, CA=closed archive, TAMS=top-at-mark-start (previous, next)
|   0|0x0000000080000000, 0x0000000080100000, 0x0000000080100000|100%|HS|  |TAMS 0x0000000080100000, 0x0000000080100000| Complete 
|   1|0x0000000080100000, 0x0000000080200000, 0x0000000080200000|100%|HC|  |TAMS 0x0000000080200000, 0x0000000080200000| Complete 
|   2|0x0000000080200000, 0x0000000080300000, 0x0000000080300000|100%|HC|  |TAMS 0x0000000080300000, 0x0000000080300000| Complete 
|   3|0x0000000080300000, 0x0000000080400000, 0x0000000080400000|100%|HC|  |TAMS 0x0000000080400000, 0x0000000080400000| Complete 
|   4|0x0000000080400000, 0x0000000080500000, 0x0000000080500000|100%| O|  |TAMS 0x0000000080500000, 0x0000000080500000| Untracked 
|   5|0x0000000080500000, 0x0000000080600000, 0x0000000080600000|100%| O|  |TAMS 0x0000000080600000, 0x0000000080600000| Untracked 
|   6|0x0000000080600000, 0x0000000080700000, 0x0000000080700000|100%| O|  |TAMS 0x0000000080700000, 0x0000000080700000| Untracked 
|   7|0x0000000080700000, 0x0000000080800000, 0x0000000080800000|100%| O|  |TAMS 0x0000000080800000, 0x0000000080800000| Untracked 
|   8|0x0000000080800000, 0x0000000080876000, 0x0000000080900000| 46%| O|  |TAMS 0x0000000080800000, 0x0000000080876000| Untracked 
|   9|0x0000000080900000, 0x0000000080a00000, 0x0000000080a00000|100%| O|  |TAMS 0x0000000080a00000, 0x0000000080a00000| Untracked 
|  10|0x0000000080a00000, 0x0000000080b00000, 0x0000000080b00000|100%| O|  |TAMS 0x0000000080b00000, 0x0000000080b00000| Untracked 
|  11|0x0000000080b00000, 0x0000000080c00000, 0x0000000080c00000|100%| O|  |TAMS 0x0000000080c00000, 0x0000000080c00000| Untracked 
|  12|0x0000000080c00000, 0x0000000080d00000, 0x0000000080d00000|100%| O|  |TAMS 0x0000000080d00000, 0x0000000080d00000| Untracked 
|  13|0x0000000080d00000, 0x0000000080e00000, 0x0000000080e00000|100%| O|  |TAMS 0x0000000080e00000, 0x0000000080e00000| Untracked 
|  14|0x0000000080e00000, 0x0000000080f00000, 0x0000000080f00000|100%| O|  |TAMS 0x0000000080e8ec00, 0x0000000080f00000| Untracked 
|  15|0x0000000080f00000, 0x0000000081000000, 0x0000000081000000|100%| O|  |TAMS 0x0000000081000000, 0x0000000081000000| Untracked 
|  16|0x0000000081000000, 0x0000000081100000, 0x0000000081100000|100%| O|  |TAMS 0x0000000081100000, 0x0000000081100000| Untracked 
|  17|0x0000000081100000, 0x0000000081200000, 0x0000000081200000|100%| O|  |TAMS 0x0000000081200000, 0x0000000081200000| Untracked 
|  18|0x0000000081200000, 0x0000000081300000, 0x0000000081300000|100%| O|  |TAMS 0x0000000081300000, 0x0000000081300000| Untracked 
|  19|0x0000000081300000, 0x00000000813fb800, 0x0000000081400000| 98%| O|  |TAMS 0x00000000813fb800, 0x00000000813fb800| Untracked 
|  20|0x0000000081400000, 0x0000000081500000, 0x0000000081500000|100%| O|  |TAMS 0x0000000081500000, 0x0000000081500000| Untracked 
|  21|0x0000000081500000, 0x0000000081600000, 0x0000000081600000|100%| O|  |TAMS 0x0000000081600000, 0x0000000081600000| Untracked 
|  22|0x0000000081600000, 0x0000000081700000, 0x0000000081700000|100%| O|  |TAMS 0x0000000081700000, 0x0000000081700000| Untracked 
|  23|0x0000000081700000, 0x0000000081800000, 0x0000000081800000|100%| O|  |TAMS 0x0000000081800000, 0x0000000081800000| Untracked 
|  24|0x0000000081800000, 0x0000000081900000, 0x0000000081900000|100%| O|  |TAMS 0x0000000081900000, 0x0000000081900000| Untracked 
|  25|0x0000000081900000, 0x0000000081a00000, 0x0000000081a00000|100%| O|  |TAMS 0x0000000081a00000, 0x0000000081a00000| Untracked 
|  26|0x0000000081a00000, 0x0000000081b00000, 0x0000000081b00000|100%| O|  |TAMS 0x0000000081b00000, 0x0000000081b00000| Untracked 
|  27|0x0000000081b00000, 0x0000000081c00000, 0x0000000081c00000|100%| O|  |TAMS 0x0000000081c00000, 0x0000000081c00000| Untracked 
|  28|0x0000000081c00000, 0x0000000081d00000, 0x0000000081d00000|100%| O|  |TAMS 0x0000000081d00000, 0x0000000081d00000| Untracked 
|  29|0x0000000081d00000, 0x0000000081e00000, 0x0000000081e00000|100%| O|  |TAMS 0x0000000081e00000, 0x0000000081e00000| Untracked 
|  30|0x0000000081e00000, 0x0000000081f00000, 0x0000000081f00000|100%| O|  |TAMS 0x0000000081f00000, 0x0000000081f00000| Untracked 
|  31|0x0000000081f00000, 0x0000000082000000, 0x0000000082000000|100%| O|  |TAMS 0x0000000082000000, 0x0000000082000000| Untracked 
|  32|0x0000000082000000, 0x0000000082100000, 0x0000000082100000|100%| O|  |TAMS 0x0000000082100000, 0x0000000082100000| Untracked 
|  33|0x0000000082100000, 0x0000000082200000, 0x0000000082200000|100%| O|  |TAMS 0x0000000082200000, 0x0000000082200000| Untracked 
|  34|0x0000000082200000, 0x0000000082300000, 0x0000000082300000|100%|HS|  |TAMS 0x0000000082300000, 0x0000000082300000| Complete 
|  35|0x0000000082300000, 0x0000000082400000, 0x0000000082400000|100%|HC|  |TAMS 0x0000000082400000, 0x0000000082400000| Complete 
|  36|0x0000000082400000, 0x0000000082500000, 0x0000000082500000|100%|HS|  |TAMS 0x0000000082500000, 0x0000000082500000| Complete 
|  37|0x0000000082500000, 0x0000000082600000, 0x0000000082600000|100%|HC|  |TAMS 0x0000000082600000, 0x0000000082600000| Complete 
|  38|0x0000000082600000, 0x0000000082700000, 0x0000000082700000|100%|HC|  |TAMS 0x0000000082700000, 0x0000000082700000| Complete 
|  39|0x0000000082700000, 0x0000000082800000, 0x0000000082800000|100%|HC|  |TAMS 0x0000000082800000, 0x0000000082800000| Complete 
|  40|0x0000000082800000, 0x0000000082900000, 0x0000000082900000|100%| O|  |TAMS 0x0000000082900000, 0x0000000082900000| Untracked 
|  41|0x0000000082900000, 0x0000000082a00000, 0x0000000082a00000|100%| O|  |TAMS 0x0000000082a00000, 0x0000000082a00000| Untracked 
|  42|0x0000000082a00000, 0x0000000082b00000, 0x0000000082b00000|100%| O|  |TAMS 0x0000000082b00000, 0x0000000082b00000| Untracked 
|  43|0x0000000082b00000, 0x0000000082c00000, 0x0000000082c00000|100%| O|  |TAMS 0x0000000082c00000, 0x0000000082c00000| Untracked 
|  44|0x0000000082c00000, 0x0000000082c00000, 0x0000000082d00000|  0%| F|  |TAMS 0x0000000082c00000, 0x0000000082c00000| Untracked 
|  45|0x0000000082d00000, 0x0000000082e00000, 0x0000000082e00000|100%| O|  |TAMS 0x0000000082e00000, 0x0000000082e00000| Untracked 
|  46|0x0000000082e00000, 0x0000000082f00000, 0x0000000082f00000|100%| O|  |TAMS 0x0000000082f00000, 0x0000000082f00000| Untracked 
|  47|0x0000000082f00000, 0x0000000083000000, 0x0000000083000000|100%| O|  |TAMS 0x0000000083000000, 0x0000000083000000| Untracked 
|  48|0x0000000083000000, 0x0000000083100000, 0x0000000083100000|100%| O|  |TAMS 0x0000000083100000, 0x0000000083100000| Untracked 
|  49|0x0000000083100000, 0x0000000083200000, 0x0000000083200000|100%| O|  |TAMS 0x0000000083200000, 0x0000000083200000| Untracked 
|  50|0x0000000083200000, 0x0000000083300000, 0x0000000083300000|100%| O|  |TAMS 0x0000000083300000, 0x0000000083300000| Untracked 
|  51|0x0000000083300000, 0x0000000083400000, 0x0000000083400000|100%| O|  |TAMS 0x0000000083400000, 0x0000000083400000| Untracked 
|  52|0x0000000083400000, 0x0000000083500000, 0x0000000083500000|100%| O|  |TAMS 0x0000000083500000, 0x0000000083500000| Untracked 
|  53|0x0000000083500000, 0x0000000083600000, 0x0000000083600000|100%| O|  |TAMS 0x0000000083600000, 0x0000000083600000| Untracked 
|  54|0x0000000083600000, 0x0000000083600000, 0x0000000083700000|  0%| F|  |TAMS 0x0000000083600000, 0x0000000083600000| Untracked 
|  55|0x0000000083700000, 0x0000000083700000, 0x0000000083800000|  0%| F|  |TAMS 0x0000000083700000, 0x0000000083700000| Untracked 
|  56|0x0000000083800000, 0x0000000083800000, 0x0000000083900000|  0%| F|  |TAMS 0x0000000083800000, 0x0000000083800000| Untracked 
|  57|0x0000000083900000, 0x0000000083900000, 0x0000000083a00000|  0%| F|  |TAMS 0x0000000083900000, 0x0000000083900000| Untracked 
|  58|0x0000000083a00000, 0x0000000083a00000, 0x0000000083b00000|  0%| F|  |TAMS 0x0000000083a00000, 0x0000000083a00000| Untracked 
|  59|0x0000000083b00000, 0x0000000083b00000, 0x0000000083c00000|  0%| F|  |TAMS 0x0000000083b00000, 0x0000000083b00000| Untracked 
|  60|0x0000000083c00000, 0x0000000083c00000, 0x0000000083d00000|  0%| F|  |TAMS 0x0000000083c00000, 0x0000000083c00000| Untracked 
|  61|0x0000000083d00000, 0x0000000083d00000, 0x0000000083e00000|  0%| F|  |TAMS 0x0000000083d00000, 0x0000000083d00000| Untracked 
|  62|0x0000000083e00000, 0x0000000083e00000, 0x0000000083f00000|  0%| F|  |TAMS 0x0000000083e00000, 0x0000000083e00000| Untracked 
|  63|0x0000000083f00000, 0x0000000083f00000, 0x0000000084000000|  0%| F|  |TAMS 0x0000000083f00000, 0x0000000083f00000| Untracked 
|  64|0x0000000084000000, 0x0000000084000000, 0x0000000084100000|  0%| F|  |TAMS 0x0000000084000000, 0x0000000084000000| Untracked 
|  65|0x0000000084100000, 0x0000000084100000, 0x0000000084200000|  0%| F|  |TAMS 0x0000000084100000, 0x0000000084100000| Untracked 
|  66|0x0000000084200000, 0x0000000084200000, 0x0000000084300000|  0%| F|  |TAMS 0x0000000084200000, 0x0000000084200000| Untracked 
|  67|0x0000000084300000, 0x0000000084300000, 0x0000000084400000|  0%| F|  |TAMS 0x0000000084300000, 0x0000000084300000| Untracked 
|  68|0x0000000084400000, 0x0000000084400000, 0x0000000084500000|  0%| F|  |TAMS 0x0000000084400000, 0x0000000084400000| Untracked 
|  69|0x0000000084500000, 0x0000000084500000, 0x0000000084600000|  0%| F|  |TAMS 0x0000000084500000, 0x0000000084500000| Untracked 
|  70|0x0000000084600000, 0x0000000084600000, 0x0000000084700000|  0%| F|  |TAMS 0x0000000084600000, 0x0000000084600000| Untracked 
|  71|0x0000000084700000, 0x0000000084700000, 0x0000000084800000|  0%| F|  |TAMS 0x0000000084700000, 0x0000000084700000| Untracked 
|  72|0x0000000084800000, 0x0000000084800000, 0x0000000084900000|  0%| F|  |TAMS 0x0000000084800000, 0x0000000084800000| Untracked 
|  73|0x0000000084900000, 0x0000000084900000, 0x0000000084a00000|  0%| F|  |TAMS 0x0000000084900000, 0x0000000084900000| Untracked 
|  74|0x0000000084a00000, 0x0000000084a00000, 0x0000000084b00000|  0%| F|  |TAMS 0x0000000084a00000, 0x0000000084a00000| Untracked 
|  75|0x0000000084b00000, 0x0000000084b00000, 0x0000000084c00000|  0%| F|  |TAMS 0x0000000084b00000, 0x0000000084b00000| Untracked 
|  76|0x0000000084c00000, 0x0000000084c00000, 0x0000000084d00000|  0%| F|  |TAMS 0x0000000084c00000, 0x0000000084c00000| Untracked 
|  77|0x0000000084d00000, 0x0000000084d00000, 0x0000000084e00000|  0%| F|  |TAMS 0x0000000084d00000, 0x0000000084d00000| Untracked 
|  78|0x0000000084e00000, 0x0000000084e00000, 0x0000000084f00000|  0%| F|  |TAMS 0x0000000084e00000, 0x0000000084e00000| Untracked 
|  79|0x0000000084f00000, 0x0000000084f00000, 0x0000000085000000|  0%| F|  |TAMS 0x0000000084f00000, 0x0000000084f00000| Untracked 
|  80|0x0000000085000000, 0x0000000085000000, 0x0000000085100000|  0%| F|  |TAMS 0x0000000085000000, 0x0000000085000000| Untracked 
|  81|0x0000000085100000, 0x0000000085100000, 0x0000000085200000|  0%| F|  |TAMS 0x0000000085100000, 0x0000000085100000| Untracked 
|  82|0x0000000085200000, 0x0000000085200000, 0x0000000085300000|  0%| F|  |TAMS 0x0000000085200000, 0x0000000085200000| Untracked 
|  83|0x0000000085300000, 0x0000000085300000, 0x0000000085400000|  0%| F|  |TAMS 0x0000000085300000, 0x0000000085300000| Untracked 
|  84|0x0000000085400000, 0x0000000085400000, 0x0000000085500000|  0%| F|  |TAMS 0x0000000085400000, 0x0000000085400000| Untracked 
|  85|0x0000000085500000, 0x0000000085500000, 0x0000000085600000|  0%| F|  |TAMS 0x0000000085500000, 0x0000000085500000| Untracked 
|  86|0x0000000085600000, 0x0000000085600000, 0x0000000085700000|  0%| F|  |TAMS 0x0000000085600000, 0x0000000085600000| Untracked 
|  87|0x0000000085700000, 0x0000000085700000, 0x0000000085800000|  0%| F|  |TAMS 0x0000000085700000, 0x0000000085700000| Untracked 
|  88|0x0000000085800000, 0x0000000085800000, 0x0000000085900000|  0%| F|  |TAMS 0x0000000085800000, 0x0000000085800000| Untracked 
|  89|0x0000000085900000, 0x0000000085900000, 0x0000000085a00000|  0%| F|  |TAMS 0x0000000085900000, 0x0000000085900000| Untracked 
|  90|0x0000000085a00000, 0x0000000085a00000, 0x0000000085b00000|  0%| F|  |TAMS 0x0000000085a00000, 0x0000000085a00000| Untracked 
|  91|0x0000000085b00000, 0x0000000085b00000, 0x0000000085c00000|  0%| F|  |TAMS 0x0000000085b00000, 0x0000000085b00000| Untracked 
|  92|0x0000000085c00000, 0x0000000085c00000, 0x0000000085d00000|  0%| F|  |TAMS 0x0000000085c00000, 0x0000000085c00000| Untracked 
|  93|0x0000000085d00000, 0x0000000085d00000, 0x0000000085e00000|  0%| F|  |TAMS 0x0000000085d00000, 0x0000000085d00000| Untracked 
|  94|0x0000000085e00000, 0x0000000085e00000, 0x0000000085f00000|  0%| F|  |TAMS 0x0000000085e00000, 0x0000000085e00000| Untracked 
|  95|0x0000000085f00000, 0x0000000085f00000, 0x0000000086000000|  0%| F|  |TAMS 0x0000000085f00000, 0x0000000085f00000| Untracked 
|  96|0x0000000086000000, 0x0000000086000000, 0x0000000086100000|  0%| F|  |TAMS 0x0000000086000000, 0x0000000086000000| Untracked 
|  97|0x0000000086100000, 0x0000000086100000, 0x0000000086200000|  0%| F|  |TAMS 0x0000000086100000, 0x0000000086100000| Untracked 
|  98|0x0000000086200000, 0x0000000086200000, 0x0000000086300000|  0%| F|  |TAMS 0x0000000086200000, 0x0000000086200000| Untracked 
|  99|0x0000000086300000, 0x0000000086300000, 0x0000000086400000|  0%| F|  |TAMS 0x0000000086300000, 0x0000000086300000| Untracked 
| 100|0x0000000086400000, 0x0000000086400000, 0x0000000086500000|  0%| F|  |TAMS 0x0000000086400000, 0x0000000086400000| Untracked 
| 101|0x0000000086500000, 0x0000000086500000, 0x0000000086600000|  0%| F|  |TAMS 0x0000000086500000, 0x0000000086500000| Untracked 
| 102|0x0000000086600000, 0x0000000086600000, 0x0000000086700000|  0%| F|  |TAMS 0x0000000086600000, 0x0000000086600000| Untracked 
| 103|0x0000000086700000, 0x0000000086700000, 0x0000000086800000|  0%| F|  |TAMS 0x0000000086700000, 0x0000000086700000| Untracked 
| 104|0x0000000086800000, 0x0000000086800000, 0x0000000086900000|  0%| F|  |TAMS 0x0000000086800000, 0x0000000086800000| Untracked 
| 105|0x0000000086900000, 0x0000000086900000, 0x0000000086a00000|  0%| F|  |TAMS 0x0000000086900000, 0x0000000086900000| Untracked 
| 106|0x0000000086a00000, 0x0000000086a00000, 0x0000000086b00000|  0%| F|  |TAMS 0x0000000086a00000, 0x0000000086a00000| Untracked 
| 107|0x0000000086b00000, 0x0000000086b00000, 0x0000000086c00000|  0%| F|  |TAMS 0x0000000086b00000, 0x0000000086b00000| Untracked 
| 108|0x0000000086c00000, 0x0000000086c00000, 0x0000000086d00000|  0%| F|  |TAMS 0x0000000086c00000, 0x0000000086c00000| Untracked 
| 109|0x0000000086d00000, 0x0000000086d00000, 0x0000000086e00000|  0%| F|  |TAMS 0x0000000086d00000, 0x0000000086d00000| Untracked 
| 110|0x0000000086e00000, 0x0000000086e00000, 0x0000000086f00000|  0%| F|  |TAMS 0x0000000086e00000, 0x0000000086e00000| Untracked 
| 111|0x0000000086f00000, 0x0000000086f00000, 0x0000000087000000|  0%| F|  |TAMS 0x0000000086f00000, 0x0000000086f00000| Untracked 
| 112|0x0000000087000000, 0x0000000087000000, 0x0000000087100000|  0%| F|  |TAMS 0x0000000087000000, 0x0000000087000000| Untracked 
| 113|0x0000000087100000, 0x0000000087100000, 0x0000000087200000|  0%| F|  |TAMS 0x0000000087100000, 0x0000000087100000| Untracked 
| 114|0x0000000087200000, 0x0000000087200000, 0x0000000087300000|  0%| F|  |TAMS 0x0000000087200000, 0x0000000087200000| Untracked 
| 115|0x0000000087300000, 0x0000000087300000, 0x0000000087400000|  0%| F|  |TAMS 0x0000000087300000, 0x0000000087300000| Untracked 
| 116|0x0000000087400000, 0x0000000087400000, 0x0000000087500000|  0%| F|  |TAMS 0x0000000087400000, 0x0000000087400000| Untracked 
| 117|0x0000000087500000, 0x0000000087500000, 0x0000000087600000|  0%| F|  |TAMS 0x0000000087500000, 0x0000000087500000| Untracked 
| 118|0x0000000087600000, 0x0000000087600000, 0x0000000087700000|  0%| F|  |TAMS 0x0000000087600000, 0x0000000087600000| Untracked 
| 119|0x0000000087700000, 0x0000000087700000, 0x0000000087800000|  0%| F|  |TAMS 0x0000000087700000, 0x0000000087700000| Untracked 
| 120|0x0000000087800000, 0x0000000087800000, 0x0000000087900000|  0%| F|  |TAMS 0x0000000087800000, 0x0000000087800000| Untracked 
| 121|0x0000000087900000, 0x0000000087900000, 0x0000000087a00000|  0%| F|  |TAMS 0x0000000087900000, 0x0000000087900000| Untracked 
| 122|0x0000000087a00000, 0x0000000087a00000, 0x0000000087b00000|  0%| F|  |TAMS 0x0000000087a00000, 0x0000000087a00000| Untracked 
| 123|0x0000000087b00000, 0x0000000087b00000, 0x0000000087c00000|  0%| F|  |TAMS 0x0000000087b00000, 0x0000000087b00000| Untracked 
| 124|0x0000000087c00000, 0x0000000087c00000, 0x0000000087d00000|  0%| F|  |TAMS 0x0000000087c00000, 0x0000000087c00000| Untracked 
| 125|0x0000000087d00000, 0x0000000087d00000, 0x0000000087e00000|  0%| F|  |TAMS 0x0000000087d00000, 0x0000000087d00000| Untracked 
| 126|0x0000000087e00000, 0x0000000087e00000, 0x0000000087f00000|  0%| F|  |TAMS 0x0000000087e00000, 0x0000000087e00000| Untracked 
| 127|0x0000000087f00000, 0x0000000087f00000, 0x0000000088000000|  0%| F|  |TAMS 0x0000000087f00000, 0x0000000087f00000| Untracked 
| 128|0x0000000088000000, 0x0000000088000000, 0x0000000088100000|  0%| F|  |TAMS 0x0000000088000000, 0x0000000088000000| Untracked 
| 129|0x0000000088100000, 0x0000000088100000, 0x0000000088200000|  0%| F|  |TAMS 0x0000000088100000, 0x0000000088100000| Untracked 
| 130|0x0000000088200000, 0x0000000088200000, 0x0000000088300000|  0%| F|  |TAMS 0x0000000088200000, 0x0000000088200000| Untracked 
| 131|0x0000000088300000, 0x0000000088300000, 0x0000000088400000|  0%| F|  |TAMS 0x0000000088300000, 0x0000000088300000| Untracked 
| 132|0x0000000088400000, 0x0000000088400000, 0x0000000088500000|  0%| F|  |TAMS 0x0000000088400000, 0x0000000088400000| Untracked 
| 133|0x0000000088500000, 0x0000000088500000, 0x0000000088600000|  0%| F|  |TAMS 0x0000000088500000, 0x0000000088500000| Untracked 
| 134|0x0000000088600000, 0x0000000088600000, 0x0000000088700000|  0%| F|  |TAMS 0x0000000088600000, 0x0000000088600000| Untracked 
| 135|0x0000000088700000, 0x0000000088700000, 0x0000000088800000|  0%| F|  |TAMS 0x0000000088700000, 0x0000000088700000| Untracked 
| 136|0x0000000088800000, 0x0000000088800000, 0x0000000088900000|  0%| F|  |TAMS 0x0000000088800000, 0x0000000088800000| Untracked 
| 137|0x0000000088900000, 0x0000000088900000, 0x0000000088a00000|  0%| F|  |TAMS 0x0000000088900000, 0x0000000088900000| Untracked 
| 138|0x0000000088a00000, 0x0000000088a00000, 0x0000000088b00000|  0%| F|  |TAMS 0x0000000088a00000, 0x0000000088a00000| Untracked 
| 139|0x0000000088b00000, 0x0000000088b00000, 0x0000000088c00000|  0%| F|  |TAMS 0x0000000088b00000, 0x0000000088b00000| Untracked 
| 140|0x0000000088c00000, 0x0000000088c00000, 0x0000000088d00000|  0%| F|  |TAMS 0x0000000088c00000, 0x0000000088c00000| Untracked 
| 141|0x0000000088d00000, 0x0000000088d00000, 0x0000000088e00000|  0%| F|  |TAMS 0x0000000088d00000, 0x0000000088d00000| Untracked 
| 142|0x0000000088e00000, 0x0000000088e00000, 0x0000000088f00000|  0%| F|  |TAMS 0x0000000088e00000, 0x0000000088e00000| Untracked 
| 143|0x0000000088f00000, 0x0000000088f00000, 0x0000000089000000|  0%| F|  |TAMS 0x0000000088f00000, 0x0000000088f00000| Untracked 
| 144|0x0000000089000000, 0x0000000089000000, 0x0000000089100000|  0%| F|  |TAMS 0x0000000089000000, 0x0000000089000000| Untracked 
| 145|0x0000000089100000, 0x0000000089100000, 0x0000000089200000|  0%| F|  |TAMS 0x0000000089100000, 0x0000000089100000| Untracked 
| 146|0x0000000089200000, 0x0000000089200000, 0x0000000089300000|  0%| F|  |TAMS 0x0000000089200000, 0x0000000089200000| Untracked 
| 147|0x0000000089300000, 0x0000000089300000, 0x0000000089400000|  0%| F|  |TAMS 0x0000000089300000, 0x0000000089300000| Untracked 
| 148|0x0000000089400000, 0x0000000089400000, 0x0000000089500000|  0%| F|  |TAMS 0x0000000089400000, 0x0000000089400000| Untracked 
| 149|0x0000000089500000, 0x0000000089500000, 0x0000000089600000|  0%| F|  |TAMS 0x0000000089500000, 0x0000000089500000| Untracked 
| 150|0x0000000089600000, 0x0000000089600000, 0x0000000089700000|  0%| F|  |TAMS 0x0000000089600000, 0x0000000089600000| Untracked 
| 151|0x0000000089700000, 0x0000000089700000, 0x0000000089800000|  0%| F|  |TAMS 0x0000000089700000, 0x0000000089700000| Untracked 
| 152|0x0000000089800000, 0x0000000089800000, 0x0000000089900000|  0%| F|  |TAMS 0x0000000089800000, 0x0000000089800000| Untracked 
| 153|0x0000000089900000, 0x0000000089900000, 0x0000000089a00000|  0%| F|  |TAMS 0x0000000089900000, 0x0000000089900000| Untracked 
| 154|0x0000000089a00000, 0x0000000089a00000, 0x0000000089b00000|  0%| F|  |TAMS 0x0000000089a00000, 0x0000000089a00000| Untracked 
| 155|0x0000000089b00000, 0x0000000089b00000, 0x0000000089c00000|  0%| F|  |TAMS 0x0000000089b00000, 0x0000000089b00000| Untracked 
| 156|0x0000000089c00000, 0x0000000089c00000, 0x0000000089d00000|  0%| F|  |TAMS 0x0000000089c00000, 0x0000000089c00000| Untracked 
| 157|0x0000000089d00000, 0x0000000089d00000, 0x0000000089e00000|  0%| F|  |TAMS 0x0000000089d00000, 0x0000000089d00000| Untracked 
| 158|0x0000000089e00000, 0x0000000089e00000, 0x0000000089f00000|  0%| F|  |TAMS 0x0000000089e00000, 0x0000000089e00000| Untracked 
| 159|0x0000000089f00000, 0x0000000089f00000, 0x000000008a000000|  0%| F|  |TAMS 0x0000000089f00000, 0x0000000089f00000| Untracked 
| 160|0x000000008a000000, 0x000000008a000000, 0x000000008a100000|  0%| F|  |TAMS 0x000000008a000000, 0x000000008a000000| Untracked 
| 161|0x000000008a100000, 0x000000008a100000, 0x000000008a200000|  0%| F|  |TAMS 0x000000008a100000, 0x000000008a100000| Untracked 
| 162|0x000000008a200000, 0x000000008a200000, 0x000000008a300000|  0%| F|  |TAMS 0x000000008a200000, 0x000000008a200000| Untracked 
| 163|0x000000008a300000, 0x000000008a300000, 0x000000008a400000|  0%| F|  |TAMS 0x000000008a300000, 0x000000008a300000| Untracked 
| 164|0x000000008a400000, 0x000000008a400000, 0x000000008a500000|  0%| F|  |TAMS 0x000000008a400000, 0x000000008a400000| Untracked 
| 165|0x000000008a500000, 0x000000008a500000, 0x000000008a600000|  0%| F|  |TAMS 0x000000008a500000, 0x000000008a500000| Untracked 
| 166|0x000000008a600000, 0x000000008a600000, 0x000000008a700000|  0%| F|  |TAMS 0x000000008a600000, 0x000000008a600000| Untracked 
| 167|0x000000008a700000, 0x000000008a700000, 0x000000008a800000|  0%| F|  |TAMS 0x000000008a700000, 0x000000008a700000| Untracked 
| 168|0x000000008a800000, 0x000000008a800000, 0x000000008a900000|  0%| F|  |TAMS 0x000000008a800000, 0x000000008a800000| Untracked 
| 169|0x000000008a900000, 0x000000008a900000, 0x000000008aa00000|  0%| F|  |TAMS 0x000000008a900000, 0x000000008a900000| Untracked 
| 170|0x000000008aa00000, 0x000000008aa00000, 0x000000008ab00000|  0%| F|  |TAMS 0x000000008aa00000, 0x000000008aa00000| Untracked 
| 171|0x000000008ab00000, 0x000000008ab00000, 0x000000008ac00000|  0%| F|  |TAMS 0x000000008ab00000, 0x000000008ab00000| Untracked 
| 172|0x000000008ac00000, 0x000000008ac00000, 0x000000008ad00000|  0%| F|  |TAMS 0x000000008ac00000, 0x000000008ac00000| Untracked 
| 173|0x000000008ad00000, 0x000000008ad00000, 0x000000008ae00000|  0%| F|  |TAMS 0x000000008ad00000, 0x000000008ad00000| Untracked 
| 174|0x000000008ae00000, 0x000000008ae00000, 0x000000008af00000|  0%| F|  |TAMS 0x000000008ae00000, 0x000000008ae00000| Untracked 
| 175|0x000000008af00000, 0x000000008af00000, 0x000000008b000000|  0%| F|  |TAMS 0x000000008af00000, 0x000000008af00000| Untracked 
| 176|0x000000008b000000, 0x000000008b000000, 0x000000008b100000|  0%| F|  |TAMS 0x000000008b000000, 0x000000008b000000| Untracked 
| 177|0x000000008b100000, 0x000000008b100000, 0x000000008b200000|  0%| F|  |TAMS 0x000000008b100000, 0x000000008b100000| Untracked 
| 178|0x000000008b200000, 0x000000008b200000, 0x000000008b300000|  0%| F|  |TAMS 0x000000008b200000, 0x000000008b200000| Untracked 
| 179|0x000000008b300000, 0x000000008b300000, 0x000000008b400000|  0%| F|  |TAMS 0x000000008b300000, 0x000000008b300000| Untracked 
| 180|0x000000008b400000, 0x000000008b400000, 0x000000008b500000|  0%| F|  |TAMS 0x000000008b400000, 0x000000008b400000| Untracked 
| 181|0x000000008b500000, 0x000000008b500000, 0x000000008b600000|  0%| F|  |TAMS 0x000000008b500000, 0x000000008b500000| Untracked 
| 182|0x000000008b600000, 0x000000008b600000, 0x000000008b700000|  0%| F|  |TAMS 0x000000008b600000, 0x000000008b600000| Untracked 
| 183|0x000000008b700000, 0x000000008b700000, 0x000000008b800000|  0%| F|  |TAMS 0x000000008b700000, 0x000000008b700000| Untracked 
| 184|0x000000008b800000, 0x000000008b800000, 0x000000008b900000|  0%| F|  |TAMS 0x000000008b800000, 0x000000008b800000| Untracked 
| 185|0x000000008b900000, 0x000000008b900000, 0x000000008ba00000|  0%| F|  |TAMS 0x000000008b900000, 0x000000008b900000| Untracked 
| 186|0x000000008ba00000, 0x000000008ba99580, 0x000000008bb00000| 59%| S|CS|TAMS 0x000000008ba00000, 0x000000008ba00000| Complete 
| 187|0x000000008bb00000, 0x000000008bb00000, 0x000000008bc00000|  0%| F|  |TAMS 0x000000008bb00000, 0x000000008bb00000| Untracked 
| 188|0x000000008bc00000, 0x000000008bc00000, 0x000000008bd00000|  0%| F|  |TAMS 0x000000008bc00000, 0x000000008bc00000| Untracked 
| 189|0x000000008bd00000, 0x000000008bd00000, 0x000000008be00000|  0%| F|  |TAMS 0x000000008bd00000, 0x000000008bd00000| Untracked 
| 190|0x000000008be00000, 0x000000008be00000, 0x000000008bf00000|  0%| F|  |TAMS 0x000000008be00000, 0x000000008be00000| Untracked 
| 191|0x000000008bf00000, 0x000000008bf00000, 0x000000008c000000|  0%| F|  |TAMS 0x000000008bf00000, 0x000000008bf00000| Untracked 
| 192|0x000000008c000000, 0x000000008c000000, 0x000000008c100000|  0%| F|  |TAMS 0x000000008c000000, 0x000000008c000000| Untracked 
| 193|0x000000008c100000, 0x000000008c100000, 0x000000008c200000|  0%| F|  |TAMS 0x000000008c100000, 0x000000008c100000| Untracked 
| 194|0x000000008c200000, 0x000000008c200000, 0x000000008c300000|  0%| F|  |TAMS 0x000000008c200000, 0x000000008c200000| Untracked 
| 195|0x000000008c300000, 0x000000008c300000, 0x000000008c400000|  0%| F|  |TAMS 0x000000008c300000, 0x000000008c300000| Untracked 
| 196|0x000000008c400000, 0x000000008c400000, 0x000000008c500000|  0%| F|  |TAMS 0x000000008c400000, 0x000000008c400000| Untracked 
| 197|0x000000008c500000, 0x000000008c500000, 0x000000008c600000|  0%| F|  |TAMS 0x000000008c500000, 0x000000008c500000| Untracked 
| 198|0x000000008c600000, 0x000000008c600000, 0x000000008c700000|  0%| F|  |TAMS 0x000000008c600000, 0x000000008c600000| Untracked 
| 199|0x000000008c700000, 0x000000008c700000, 0x000000008c800000|  0%| F|  |TAMS 0x000000008c700000, 0x000000008c700000| Untracked 
| 200|0x000000008c800000, 0x000000008c800000, 0x000000008c900000|  0%| F|  |TAMS 0x000000008c800000, 0x000000008c800000| Untracked 
| 201|0x000000008c900000, 0x000000008c900000, 0x000000008ca00000|  0%| F|  |TAMS 0x000000008c900000, 0x000000008c900000| Untracked 
| 202|0x000000008ca00000, 0x000000008ca00000, 0x000000008cb00000|  0%| F|  |TAMS 0x000000008ca00000, 0x000000008ca00000| Untracked 
| 203|0x000000008cb00000, 0x000000008cb00000, 0x000000008cc00000|  0%| F|  |TAMS 0x000000008cb00000, 0x000000008cb00000| Untracked 
| 204|0x000000008cc00000, 0x000000008cc00000, 0x000000008cd00000|  0%| F|  |TAMS 0x000000008cc00000, 0x000000008cc00000| Untracked 
| 205|0x000000008cd00000, 0x000000008cd00000, 0x000000008ce00000|  0%| F|  |TAMS 0x000000008cd00000, 0x000000008cd00000| Untracked 
| 206|0x000000008ce00000, 0x000000008ce00000, 0x000000008cf00000|  0%| F|  |TAMS 0x000000008ce00000, 0x000000008ce00000| Untracked 
| 207|0x000000008cf00000, 0x000000008cf00000, 0x000000008d000000|  0%| F|  |TAMS 0x000000008cf00000, 0x000000008cf00000| Untracked 
| 208|0x000000008d000000, 0x000000008d000000, 0x000000008d100000|  0%| F|  |TAMS 0x000000008d000000, 0x000000008d000000| Untracked 
| 209|0x000000008d100000, 0x000000008d100000, 0x000000008d200000|  0%| F|  |TAMS 0x000000008d100000, 0x000000008d100000| Untracked 
| 210|0x000000008d200000, 0x000000008d200000, 0x000000008d300000|  0%| F|  |TAMS 0x000000008d200000, 0x000000008d200000| Untracked 
| 211|0x000000008d300000, 0x000000008d300000, 0x000000008d400000|  0%| F|  |TAMS 0x000000008d300000, 0x000000008d300000| Untracked 
| 212|0x000000008d400000, 0x000000008d400000, 0x000000008d500000|  0%| F|  |TAMS 0x000000008d400000, 0x000000008d400000| Untracked 
| 213|0x000000008d500000, 0x000000008d500000, 0x000000008d600000|  0%| F|  |TAMS 0x000000008d500000, 0x000000008d500000| Untracked 
| 214|0x000000008d600000, 0x000000008d600000, 0x000000008d700000|  0%| F|  |TAMS 0x000000008d600000, 0x000000008d600000| Untracked 
| 215|0x000000008d700000, 0x000000008d700000, 0x000000008d800000|  0%| F|  |TAMS 0x000000008d700000, 0x000000008d700000| Untracked 
| 216|0x000000008d800000, 0x000000008d800000, 0x000000008d900000|  0%| F|  |TAMS 0x000000008d800000, 0x000000008d800000| Untracked 
| 217|0x000000008d900000, 0x000000008d900000, 0x000000008da00000|  0%| F|  |TAMS 0x000000008d900000, 0x000000008d900000| Untracked 
| 251|0x000000008fb00000, 0x000000008fb00000, 0x000000008fc00000|  0%| F|  |TAMS 0x000000008fb00000, 0x000000008fb00000| Untracked 

Card table byte_map: [0x000001d21dc50000,0x000001d21e050000] _byte_map_base: 0x000001d21d850000

Marking Bits (Prev, Next): (CMBitMap*) 0x000001d2064e0690, (CMBitMap*) 0x000001d2064e06d0
 Prev Bits: [0x000001d21e450000, 0x000001d220450000)
 Next Bits: [0x000001d220450000, 0x000001d222450000)

Polling page: 0x000001d2043e0000

Metaspace:

Usage:
  Non-class:     49.41 MB used.
      Class:      7.92 MB used.
       Both:     57.33 MB used.

Virtual space:
  Non-class space:       64.00 MB reserved,      49.75 MB ( 78%) committed,  1 nodes.
      Class space:      416.00 MB reserved,       8.19 MB (  2%) committed,  1 nodes.
             Both:      480.00 MB reserved,      57.94 MB ( 12%) committed. 

Chunk freelists:
   Non-Class:  13.78 MB
       Class:  7.78 MB
        Both:  21.57 MB

MaxMetaspaceSize: 512.00 MB
CompressedClassSpaceSize: 416.00 MB
Initial GC threshold: 21.00 MB
Current GC threshold: 96.19 MB
CDS: on
MetaspaceReclaimPolicy: balanced
 - commit_granule_bytes: 65536.
 - commit_granule_words: 8192.
 - virtual_space_node_default_size: 8388608.
 - enlarge_chunks_in_place: 1.
 - new_chunks_are_fully_committed: 0.
 - uncommit_free_chunks: 1.
 - use_allocation_guard: 0.
 - handle_deallocations: 1.


Internal statistics:

num_allocs_failed_limit: 6.
num_arena_births: 714.
num_arena_deaths: 0.
num_vsnodes_births: 2.
num_vsnodes_deaths: 0.
num_space_committed: 927.
num_space_uncommitted: 0.
num_chunks_returned_to_freelist: 6.
num_chunks_taken_from_freelist: 3033.
num_chunk_merges: 6.
num_chunk_splits: 2032.
num_chunks_enlarged: 1374.
num_inconsistent_stats: 0.

CodeHeap 'non-profiled nmethods': size=119168Kb used=4881Kb max_used=4881Kb free=114286Kb
 bounds [0x000001d215b60000, 0x000001d216030000, 0x000001d21cfc0000]
CodeHeap 'profiled nmethods': size=119104Kb used=15172Kb max_used=15172Kb free=103932Kb
 bounds [0x000001d20dfc0000, 0x000001d20eea0000, 0x000001d215410000]
CodeHeap 'non-nmethods': size=7488Kb used=2355Kb max_used=4100Kb free=5133Kb
 bounds [0x000001d215410000, 0x000001d2158b0000, 0x000001d215b60000]
 total_blobs=8523 nmethods=7642 adapters=793
 compilation: enabled
              stopped_count=0, restarted_count=0
 full_count=0

Compilation events (20 events):
Event: 8643.827 Thread 0x000001d2252cb130 8484       3       org.gradle.launcher.daemon.server.health.gc.GarbageCollectionStats::calculateRate (69 bytes)
Event: 8644.069 Thread 0x000001d2252cb130 nmethod 8484 0x000001d20ee8ae10 code [0x000001d20ee8b020, 0x000001d20ee8b708]
Event: 8644.069 Thread 0x000001d2252cb130 8485       3       org.gradle.launcher.daemon.server.CompatibleDaemonExpirationStrategy::checkExpiration (53 bytes)
Event: 8644.395 Thread 0x000001d2252cb130 nmethod 8485 0x000001d20ee8b910 code [0x000001d20ee8bba0, 0x000001d20ee8c798]
Event: 8644.395 Thread 0x000001d2252cb130 8486       3       org.gradle.launcher.daemon.server.CompatibleDaemonExpirationStrategy$1::<init> (10 bytes)
Event: 8644.395 Thread 0x000001d2252cb130 nmethod 8486 0x000001d20ee8cb90 code [0x000001d20ee8cd20, 0x000001d20ee8cef8]
Event: 8644.395 Thread 0x000001d2252cb130 8489       3       org.gradle.launcher.daemon.server.DaemonRegistryUnavailableExpirationStrategy$1::<init> (10 bytes)
Event: 8644.483 Thread 0x000001d2252cb130 nmethod 8489 0x000001d20ee8d010 code [0x000001d20ee8d1a0, 0x000001d20ee8d378]
Event: 8649.509 Thread 0x000001d2252cb130 8497       3       org.gradle.launcher.daemon.server.health.gc.GarbageCollectionStats::forNonHeap (37 bytes)
Event: 8650.041 Thread 0x000001d2252cb130 nmethod 8497 0x000001d20ee8d490 code [0x000001d20ee8d6c0, 0x000001d20ee8de08]
Event: 8653.794 Thread 0x000001d2252c24d0 nmethod 8481% 0x000001d21601e110 code [0x000001d21601e3e0, 0x000001d216020540]
Event: 8653.974 Thread 0x000001d2252c24d0 8498       4       org.gradle.launcher.daemon.registry.DaemonRegistryContent$Serializer::readAddresses (137 bytes)
Event: 8655.029 Thread 0x000001d2252cb130 8499   !   3       sun.nio.fs.WindowsFileSystemProvider::isSameFile (180 bytes)
Event: 8656.048 Thread 0x000001d2252c24d0 nmethod 8498 0x000001d216021b10 code [0x000001d216021ce0, 0x000001d216022698]
Event: 8656.117 Thread 0x000001d2252c24d0 8496       4       java.util.regex.Pattern::sequence (647 bytes)
Event: 8657.639 Thread 0x000001d2252cb130 nmethod 8499 0x000001d20ee8e090 code [0x000001d20ee8e400, 0x000001d20ee8fd88]
Event: 8660.706 Thread 0x000001d2252c24d0 nmethod 8496 0x000001d216022c10 code [0x000001d216022e80, 0x000001d216023ee0]
Event: 8661.009 Thread 0x000001d2252c24d0 8501       4       org.gradle.launcher.daemon.registry.DaemonRegistryContent$Serializer::readInfosMap (74 bytes)
Event: 8661.226 Thread 0x000001d2252cb130 8502       3       org.gradle.launcher.daemon.context.DaemonCompatibilitySpec::daemonOptsMatch (57 bytes)
Event: 8661.851 Thread 0x000001d2252cb130 nmethod 8502 0x000001d20ee90690 code [0x000001d20ee90880, 0x000001d20ee90de8]

GC Heap History (20 events):
Event: 2018.777 GC heap after
{Heap after GC invocations=36 (full 0):
 garbage-first heap   total 96256K, used 54428K [0x0000000080000000, 0x0000000100000000)
  region size 1024K, 1 young (1024K), 1 survivors (1024K)
 Metaspace       used 58531K, committed 59136K, reserved 491520K
  class space    used 8098K, committed 8384K, reserved 425984K
}
Event: 8627.618 GC heap before
{Heap before GC invocations=37 (full 0):
 garbage-first heap   total 96256K, used 83100K [0x0000000080000000, 0x0000000100000000)
  region size 1024K, 29 young (29696K), 1 survivors (1024K)
 Metaspace       used 58632K, committed 59264K, reserved 491520K
  class space    used 8104K, committed 8384K, reserved 425984K
}
Event: 8627.644 GC heap after
{Heap after GC invocations=38 (full 0):
 garbage-first heap   total 96256K, used 54460K [0x0000000080000000, 0x0000000100000000)
  region size 1024K, 1 young (1024K), 1 survivors (1024K)
 Metaspace       used 58632K, committed 59264K, reserved 491520K
  class space    used 8104K, committed 8384K, reserved 425984K
}
Event: 8628.104 GC heap before
{Heap before GC invocations=38 (full 0):
 garbage-first heap   total 96256K, used 57532K [0x0000000080000000, 0x0000000100000000)
  region size 1024K, 4 young (4096K), 1 survivors (1024K)
 Metaspace       used 58636K, committed 59264K, reserved 491520K
  class space    used 8105K, committed 8384K, reserved 425984K
}
Event: 8628.119 GC heap after
{Heap after GC invocations=39 (full 0):
 garbage-first heap   total 96256K, used 54305K [0x0000000080000000, 0x0000000100000000)
  region size 1024K, 1 young (1024K), 1 survivors (1024K)
 Metaspace       used 58636K, committed 59264K, reserved 491520K
  class space    used 8105K, committed 8384K, reserved 425984K
}
Event: 8629.685 GC heap before
{Heap before GC invocations=39 (full 0):
 garbage-first heap   total 96256K, used 82977K [0x0000000080000000, 0x0000000100000000)
  region size 1024K, 29 young (29696K), 1 survivors (1024K)
 Metaspace       used 58646K, committed 59264K, reserved 491520K
  class space    used 8107K, committed 8384K, reserved 425984K
}
Event: 8629.745 GC heap after
{Heap after GC invocations=40 (full 0):
 garbage-first heap   total 96256K, used 54295K [0x0000000080000000, 0x0000000100000000)
  region size 1024K, 1 young (1024K), 1 survivors (1024K)
 Metaspace       used 58646K, committed 59264K, reserved 491520K
  class space    used 8107K, committed 8384K, reserved 425984K
}
Event: 8630.152 GC heap before
{Heap before GC invocations=40 (full 0):
 garbage-first heap   total 96256K, used 82967K [0x0000000080000000, 0x0000000100000000)
  region size 1024K, 29 young (29696K), 1 survivors (1024K)
 Metaspace       used 58646K, committed 59264K, reserved 491520K
  class space    used 8107K, committed 8384K, reserved 425984K
}
Event: 8630.468 GC heap after
{Heap after GC invocations=41 (full 0):
 garbage-first heap   total 96256K, used 54232K [0x0000000080000000, 0x0000000100000000)
  region size 1024K, 1 young (1024K), 1 survivors (1024K)
 Metaspace       used 58646K, committed 59264K, reserved 491520K
  class space    used 8107K, committed 8384K, reserved 425984K
}
Event: 8633.577 GC heap before
{Heap before GC invocations=41 (full 0):
 garbage-first heap   total 96256K, used 82904K [0x0000000080000000, 0x0000000100000000)
  region size 1024K, 29 young (29696K), 1 survivors (1024K)
 Metaspace       used 58672K, committed 59328K, reserved 491520K
  class space    used 8107K, committed 8384K, reserved 425984K
}
Event: 8633.723 GC heap after
{Heap after GC invocations=42 (full 0):
 garbage-first heap   total 96256K, used 54258K [0x0000000080000000, 0x0000000100000000)
  region size 1024K, 1 young (1024K), 1 survivors (1024K)
 Metaspace       used 58672K, committed 59328K, reserved 491520K
  class space    used 8107K, committed 8384K, reserved 425984K
}
Event: 8640.138 GC heap before
{Heap before GC invocations=42 (full 0):
 garbage-first heap   total 96256K, used 83954K [0x0000000080000000, 0x0000000100000000)
  region size 1024K, 30 young (30720K), 1 survivors (1024K)
 Metaspace       used 58688K, committed 59328K, reserved 491520K
  class space    used 8108K, committed 8384K, reserved 425984K
}
Event: 8642.171 GC heap after
{Heap after GC invocations=43 (full 0):
 garbage-first heap   total 200704K, used 54351K [0x0000000080000000, 0x0000000100000000)
  region size 1024K, 1 young (1024K), 1 survivors (1024K)
 Metaspace       used 58688K, committed 59328K, reserved 491520K
  class space    used 8108K, committed 8384K, reserved 425984K
}
Event: 8647.465 GC heap before
{Heap before GC invocations=43 (full 0):
 garbage-first heap   total 200704K, used 62543K [0x0000000080000000, 0x0000000100000000)
  region size 1024K, 9 young (9216K), 1 survivors (1024K)
 Metaspace       used 58693K, committed 59328K, reserved 491520K
  class space    used 8108K, committed 8384K, reserved 425984K
}
Event: 8649.332 GC heap after
{Heap after GC invocations=44 (full 0):
 garbage-first heap   total 200704K, used 54377K [0x0000000080000000, 0x0000000100000000)
  region size 1024K, 1 young (1024K), 1 survivors (1024K)
 Metaspace       used 58693K, committed 59328K, reserved 491520K
  class space    used 8108K, committed 8384K, reserved 425984K
}
Event: 8651.704 GC heap before
{Heap before GC invocations=44 (full 0):
 garbage-first heap   total 200704K, used 62569K [0x0000000080000000, 0x0000000100000000)
  region size 1024K, 9 young (9216K), 1 survivors (1024K)
 Metaspace       used 58695K, committed 59328K, reserved 491520K
  class space    used 8109K, committed 8384K, reserved 425984K
}
Event: 8653.035 GC heap after
{Heap after GC invocations=45 (full 0):
 garbage-first heap   total 200704K, used 54361K [0x0000000080000000, 0x0000000100000000)
  region size 1024K, 1 young (1024K), 1 survivors (1024K)
 Metaspace       used 58695K, committed 59328K, reserved 491520K
  class space    used 8109K, committed 8384K, reserved 425984K
}
Event: 8656.566 GC heap before
{Heap before GC invocations=45 (full 0):
 garbage-first heap   total 200704K, used 62553K [0x0000000080000000, 0x0000000100000000)
  region size 1024K, 9 young (9216K), 1 survivors (1024K)
 Metaspace       used 58697K, committed 59328K, reserved 491520K
  class space    used 8109K, committed 8384K, reserved 425984K
}
Event: 8657.346 GC heap after
{Heap after GC invocations=46 (full 0):
 garbage-first heap   total 200704K, used 54300K [0x0000000080000000, 0x0000000100000000)
  region size 1024K, 1 young (1024K), 1 survivors (1024K)
 Metaspace       used 58697K, committed 59328K, reserved 491520K
  class space    used 8109K, committed 8384K, reserved 425984K
}
Event: 8665.849 GC heap before
{Heap before GC invocations=46 (full 0):
 garbage-first heap   total 200704K, used 62492K [0x0000000080000000, 0x0000000100000000)
  region size 1024K, 9 young (9216K), 1 survivors (1024K)
 Metaspace       used 58703K, committed 59328K, reserved 491520K
  class space    used 8110K, committed 8384K, reserved 425984K
}

Dll operation events (13 events):
Event: 0.334 Loaded shared library C:\Program Files\Eclipse Adoptium\jdk-17.0.15.6-hotspot\bin\java.dll
Event: 1.288 Loaded shared library C:\Program Files\Eclipse Adoptium\jdk-17.0.15.6-hotspot\bin\jsvml.dll
Event: 6.804 Loaded shared library C:\Program Files\Eclipse Adoptium\jdk-17.0.15.6-hotspot\bin\net.dll
Event: 6.831 Loaded shared library C:\Program Files\Eclipse Adoptium\jdk-17.0.15.6-hotspot\bin\nio.dll
Event: 8.108 Loaded shared library C:\Program Files\Eclipse Adoptium\jdk-17.0.15.6-hotspot\bin\zip.dll
Event: 34.115 Loaded shared library C:\Program Files\Eclipse Adoptium\jdk-17.0.15.6-hotspot\bin\jimage.dll
Event: 45.167 Loaded shared library C:\Program Files\Eclipse Adoptium\jdk-17.0.15.6-hotspot\bin\verify.dll
Event: 68.233 Loaded shared library C:\Users\karth\.gradle\native\68d5fa5c4cc2d200863cafc0d521ce42e7d3e7ee720ec0a83991735586a16f82\windows-amd64\native-platform.dll
Event: 68.841 Loaded shared library C:\Users\karth\.gradle\native\e376f236ea51e6404a007f0833ffe2c6e607c4080706a723a18a27aeea778392\windows-amd64\native-platform-file-events.dll
Event: 212.711 Loaded shared library C:\Program Files\Eclipse Adoptium\jdk-17.0.15.6-hotspot\bin\management.dll
Event: 213.892 Loaded shared library C:\Program Files\Eclipse Adoptium\jdk-17.0.15.6-hotspot\bin\management_ext.dll
Event: 236.198 Loaded shared library C:\Program Files\Eclipse Adoptium\jdk-17.0.15.6-hotspot\bin\extnet.dll
Event: 616.267 Loaded shared library C:\Program Files\Eclipse Adoptium\jdk-17.0.15.6-hotspot\bin\sunmscapi.dll

Deoptimization events (20 events):
Event: 1247.866 Thread 0x000001d245c08840 DEOPT PACKING pc=0x000001d215f50acc sp=0x000000325faf7d90
Event: 1247.866 Thread 0x000001d245c08840 DEOPT UNPACKING pc=0x000001d2154669a3 sp=0x000000325faf7d10 mode 2
Event: 2012.535 Thread 0x000001d245c08840 Uncommon trap: trap_request=0xffffff45 fr.pc=0x000001d215d5d5c4 relative=0x0000000000000124
Event: 2012.535 Thread 0x000001d245c08840 Uncommon trap: reason=unstable_if action=reinterpret pc=0x000001d215d5d5c4 method=org.gradle.internal.time.DefaultCountdownTimer.hasExpired()Z @ 6 c2
Event: 2012.536 Thread 0x000001d245c08840 DEOPT PACKING pc=0x000001d215d5d5c4 sp=0x000000325faf7c10
Event: 2012.538 Thread 0x000001d245c08840 DEOPT UNPACKING pc=0x000001d2154669a3 sp=0x000000325faf7bd8 mode 2
Event: 2012.541 Thread 0x000001d245c08840 Uncommon trap: trap_request=0xffffff45 fr.pc=0x000001d215e7eaac relative=0x0000000000005b6c
Event: 2012.542 Thread 0x000001d245c08840 Uncommon trap: reason=unstable_if action=reinterpret pc=0x000001d215e7eaac method=org.gradle.internal.io.ExponentialBackoff.retryUntil(Lorg/gradle/internal/io/IOQuery;)Ljava/lang/Object; @ 25 c2
Event: 2012.542 Thread 0x000001d245c08840 DEOPT PACKING pc=0x000001d215e7eaac sp=0x000000325faf7c70
Event: 2012.543 Thread 0x000001d245c08840 DEOPT UNPACKING pc=0x000001d2154669a3 sp=0x000000325faf7d08 mode 2
Event: 8625.650 Thread 0x000001d245c08840 Uncommon trap: trap_request=0xffffff45 fr.pc=0x000001d215cdb9b8 relative=0x00000000000000b8
Event: 8625.650 Thread 0x000001d245c08840 Uncommon trap: reason=unstable_if action=reinterpret pc=0x000001d215cdb9b8 method=java.lang.ref.SoftReference.get()Ljava/lang/Object; @ 6 c2
Event: 8625.650 Thread 0x000001d245c08840 DEOPT PACKING pc=0x000001d215cdb9b8 sp=0x000000325faf7a40
Event: 8625.650 Thread 0x000001d245c08840 DEOPT UNPACKING pc=0x000001d2154669a3 sp=0x000000325faf79f0 mode 2
Event: 8638.082 Thread 0x000001d245cc30e0 DEOPT PACKING pc=0x000001d20e9b8fb0 sp=0x000000325f6fec90
Event: 8638.083 Thread 0x000001d245cc30e0 DEOPT UNPACKING pc=0x000001d215467143 sp=0x000000325f6fe150 mode 0
Event: 8649.762 Thread 0x000001d245cc30e0 DEOPT PACKING pc=0x000001d20edbba98 sp=0x000000325f6fe8b0
Event: 8649.927 Thread 0x000001d245cc30e0 DEOPT UNPACKING pc=0x000001d215467143 sp=0x000000325f6fddd0 mode 0
Event: 8660.347 Thread 0x000001d245cc30e0 DEOPT PACKING pc=0x000001d20e27bf8e sp=0x000000325f6fe700
Event: 8660.413 Thread 0x000001d245cc30e0 DEOPT UNPACKING pc=0x000001d215467143 sp=0x000000325f6fdbe0 mode 0

Classes loaded (20 events):
Event: 1234.931 Loading class jdk/internal/access/foreign/MemorySegmentProxy
Event: 1234.933 Loading class jdk/internal/access/foreign/MemorySegmentProxy done
Event: 1235.423 Loading class jdk/internal/loader/URLClassPath$FileLoader
Event: 1235.423 Loading class jdk/internal/loader/URLClassPath$FileLoader done
Event: 1235.433 Loading class jdk/internal/loader/URLClassPath$FileLoader$1
Event: 1235.433 Loading class jdk/internal/loader/URLClassPath$FileLoader$1 done
Event: 1235.905 Loading class java/lang/AbstractMethodError
Event: 1235.905 Loading class java/lang/AbstractMethodError done
Event: 1235.982 Loading class java/time/temporal/WeekFields
Event: 1235.982 Loading class java/time/temporal/WeekFields done
Event: 1235.982 Loading class java/time/temporal/WeekFields$ComputedDayOfField
Event: 1235.983 Loading class java/time/temporal/WeekFields$ComputedDayOfField done
Event: 1235.986 Loading class java/time/Month$1
Event: 1235.986 Loading class java/time/Month$1 done
Event: 1235.991 Loading class java/nio/channels/Channels
Event: 1235.991 Loading class java/nio/channels/Channels done
Event: 1235.991 Loading class java/nio/channels/Channels$1
Event: 1235.991 Loading class java/nio/channels/Channels$1 done
Event: 8625.714 Loading class java/util/regex/Pattern$Pos
Event: 8625.786 Loading class java/util/regex/Pattern$Pos done

Classes unloaded (0 events):
No events

Classes redefined (0 events):
No events

Internal exceptions (20 events):
Event: 1236.079 Thread 0x000001d245c08840 Exception <a 'java/lang/ClassNotFoundException'{0x0000000084e68450}: org/gradle/internal/metaobject/ConfigureDelegateCustomizer> (0x0000000084e68450) 
thrown [s\src\hotspot\share\classfile\systemDictionary.cpp, line 256]
Event: 1236.084 Thread 0x000001d245c08840 Exception <a 'java/lang/ClassNotFoundException'{0x0000000084eaa9f8}: org/gradle/api/internal/initialization/DefaultScriptHandlerBeanInfo> (0x0000000084eaa9f8) 
thrown [s\src\hotspot\share\classfile\systemDictionary.cpp, line 256]
Event: 1236.085 Thread 0x000001d245c08840 Exception <a 'java/lang/ClassNotFoundException'{0x0000000084ebc5e8}: org/gradle/api/internal/initialization/DefaultScriptHandlerCustomizer> (0x0000000084ebc5e8) 
thrown [s\src\hotspot\share\classfile\systemDictionary.cpp, line 256]
Event: 1236.106 Thread 0x000001d245c08840 Exception <a 'java/lang/ClassNotFoundException'{0x0000000084acc428}: org/gradle/api/internal/artifacts/dsl/DefaultRepositoryHandler_DecoratedBeanInfo> (0x0000000084acc428) 
thrown [s\src\hotspot\share\classfile\systemDictionary.cpp, line 256]
Event: 1236.107 Thread 0x000001d245c08840 Exception <a 'java/lang/ClassNotFoundException'{0x0000000084ae4608}: org/gradle/api/internal/artifacts/dsl/DefaultRepositoryHandlerBeanInfo> (0x0000000084ae4608) 
thrown [s\src\hotspot\share\classfile\systemDictionary.cpp, line 256]
Event: 1236.108 Thread 0x000001d245c08840 Exception <a 'java/lang/ClassNotFoundException'{0x0000000084afcfd8}: org/gradle/api/internal/artifacts/DefaultArtifactRepositoryContainerBeanInfo> (0x0000000084afcfd8) 
thrown [s\src\hotspot\share\classfile\systemDictionary.cpp, line 256]
Event: 1236.109 Thread 0x000001d245c08840 Exception <a 'java/lang/ClassNotFoundException'{0x0000000084911df0}: org/gradle/api/internal/DefaultNamedDomainObjectListBeanInfo> (0x0000000084911df0) 
thrown [s\src\hotspot\share\classfile\systemDictionary.cpp, line 256]
Event: 1236.110 Thread 0x000001d245c08840 Exception <a 'java/lang/ClassNotFoundException'{0x0000000084926e10}: org/gradle/api/internal/DefaultNamedDomainObjectCollectionBeanInfo> (0x0000000084926e10) 
thrown [s\src\hotspot\share\classfile\systemDictionary.cpp, line 256]
Event: 1236.110 Thread 0x000001d245c08840 Exception <a 'java/lang/ClassNotFoundException'{0x000000008493bc70}: org/gradle/api/internal/DefaultDomainObjectCollectionBeanInfo> (0x000000008493bc70) 
thrown [s\src\hotspot\share\classfile\systemDictionary.cpp, line 256]
Event: 1236.111 Thread 0x000001d245c08840 Exception <a 'java/lang/ClassNotFoundException'{0x0000000084950c08}: org/gradle/api/internal/DefaultDomainObjectCollectionCustomizer> (0x0000000084950c08) 
thrown [s\src\hotspot\share\classfile\systemDictionary.cpp, line 256]
Event: 1236.114 Thread 0x000001d245c08840 Exception <a 'java/lang/ClassNotFoundException'{0x000000008498e0a0}: org/gradle/api/internal/DefaultNamedDomainObjectCollectionCustomizer> (0x000000008498e0a0) 
thrown [s\src\hotspot\share\classfile\systemDictionary.cpp, line 256]
Event: 1236.117 Thread 0x000001d245c08840 Exception <a 'java/lang/ClassNotFoundException'{0x00000000849d5d78}: org/gradle/api/internal/DefaultNamedDomainObjectListCustomizer> (0x00000000849d5d78) 
thrown [s\src\hotspot\share\classfile\systemDictionary.cpp, line 256]
Event: 1236.121 Thread 0x000001d245c08840 Exception <a 'java/lang/ClassNotFoundException'{0x000000008481a668}: org/gradle/api/internal/artifacts/DefaultArtifactRepositoryContainerCustomizer> (0x000000008481a668) 
thrown [s\src\hotspot\share\classfile\systemDictionary.cpp, line 256]
Event: 1236.130 Thread 0x000001d245c08840 Exception <a 'java/lang/ClassNotFoundException'{0x000000008485af00}: org/gradle/api/internal/artifacts/dsl/DefaultRepositoryHandlerCustomizer> (0x000000008485af00) 
thrown [s\src\hotspot\share\classfile\systemDictionary.cpp, line 256]
Event: 1236.135 Thread 0x000001d245c08840 Exception <a 'java/lang/ClassNotFoundException'{0x00000000848a92e8}: org/gradle/api/internal/artifacts/dsl/DefaultRepositoryHandler_DecoratedCustomizer> (0x00000000848a92e8) 
thrown [s\src\hotspot\share\classfile\systemDictionary.cpp, line 256]
Event: 1236.151 Thread 0x000001d245c08840 Exception <a 'java/lang/ClassNotFoundException'{0x000000008473cba8}: org/gradle/api/internal/artifacts/dsl/dependencies/DefaultDependencyHandler_DecoratedBeanInfo> (0x000000008473cba8) 
thrown [s\src\hotspot\share\classfile\systemDictionary.cpp, line 256]
Event: 1236.153 Thread 0x000001d245c08840 Exception <a 'java/lang/ClassNotFoundException'{0x0000000084754a70}: org/gradle/api/internal/artifacts/dsl/dependencies/DefaultDependencyHandlerBeanInfo> (0x0000000084754a70) 
thrown [s\src\hotspot\share\classfile\systemDictionary.cpp, line 256]
Event: 1236.154 Thread 0x000001d245c08840 Exception <a 'java/lang/ClassNotFoundException'{0x000000008476c5e8}: org/gradle/api/internal/artifacts/dsl/dependencies/DefaultDependencyHandlerCustomizer> (0x000000008476c5e8) 
thrown [s\src\hotspot\share\classfile\systemDictionary.cpp, line 256]
Event: 1236.158 Thread 0x000001d245c08840 Exception <a 'java/lang/ClassNotFoundException'{0x00000000847b6580}: org/gradle/api/internal/artifacts/dsl/dependencies/DefaultDependencyHandler_DecoratedCustomizer> (0x00000000847b6580) 
thrown [s\src\hotspot\share\classfile\systemDictionary.cpp, line 256]
Event: 8623.050 Thread 0x000001d245c08840 Exception <a 'java/lang/reflect/InvocationTargetException'{0x000000008fb57658}> (0x000000008fb57658) 
thrown [s\src\hotspot\share\runtime\reflection.cpp, line 1128]

VM Operations (20 events):
Event: 8630.469 Executing VM operation: G1CollectForAllocation done
Event: 8631.470 Executing VM operation: Cleanup
Event: 8631.605 Executing VM operation: Cleanup done
Event: 8632.454 Executing VM operation: G1CollectForAllocation
Event: 8633.766 Executing VM operation: G1CollectForAllocation done
Event: 8635.787 Executing VM operation: Cleanup
Event: 8636.109 Executing VM operation: Cleanup done
Event: 8638.489 Executing VM operation: G1CollectForAllocation
Event: 8642.172 Executing VM operation: G1CollectForAllocation done
Event: 8643.176 Executing VM operation: Cleanup
Event: 8643.318 Executing VM operation: Cleanup done
Event: 8646.537 Executing VM operation: G1CollectForAllocation
Event: 8649.334 Executing VM operation: G1CollectForAllocation done
Event: 8651.110 Executing VM operation: G1CollectForAllocation
Event: 8653.036 Executing VM operation: G1CollectForAllocation done
Event: 8655.070 Executing VM operation: G1CollectForAllocation
Event: 8657.347 Executing VM operation: G1CollectForAllocation done
Event: 8659.338 Executing VM operation: Cleanup
Event: 8660.706 Executing VM operation: Cleanup done
Event: 8665.672 Executing VM operation: G1CollectForAllocation

Memory protections (0 events):
No events

Nmethod flushes (20 events):
Event: 1047.081 Thread 0x000001d2252cb650 flushing  nmethod 0x000001d20e865010
Event: 1047.081 Thread 0x000001d2252cb650 flushing  nmethod 0x000001d20e866b90
Event: 1047.081 Thread 0x000001d2252cb650 flushing  nmethod 0x000001d20e877010
Event: 1047.081 Thread 0x000001d2252cb650 flushing  nmethod 0x000001d20e890a90
Event: 1047.081 Thread 0x000001d2252cb650 flushing  nmethod 0x000001d20e891b90
Event: 1047.081 Thread 0x000001d2252cb650 flushing  nmethod 0x000001d20e898a90
Event: 1047.082 Thread 0x000001d2252cb650 flushing  nmethod 0x000001d20e8be910
Event: 1047.082 Thread 0x000001d2252cb650 flushing  nmethod 0x000001d20e8bf210
Event: 1047.082 Thread 0x000001d2252cb650 flushing  nmethod 0x000001d20e8bff90
Event: 1047.082 Thread 0x000001d2252cb650 flushing  nmethod 0x000001d20e8c3210
Event: 1047.082 Thread 0x000001d2252cb650 flushing  nmethod 0x000001d20e92b410
Event: 1047.082 Thread 0x000001d2252cb650 flushing  nmethod 0x000001d20e92fe10
Event: 1047.082 Thread 0x000001d2252cb650 flushing  nmethod 0x000001d20e9e0790
Event: 1047.082 Thread 0x000001d2252cb650 flushing  nmethod 0x000001d20e9e0b10
Event: 1235.477 Thread 0x000001d2252cb650 flushing  nmethod 0x000001d215d82f10
Event: 1235.479 Thread 0x000001d2252cb650 flushing  nmethod 0x000001d20e0fcc90
Event: 1235.479 Thread 0x000001d2252cb650 flushing  nmethod 0x000001d20e13a110
Event: 1235.481 Thread 0x000001d2252cb650 flushing  nmethod 0x000001d20e2cd910
Event: 1235.481 Thread 0x000001d2252cb650 flushing  nmethod 0x000001d20e2d6e90
Event: 1235.483 Thread 0x000001d2252cb650 flushing  nmethod 0x000001d20e523990

Events (20 events):
Event: 1233.951 Thread 0x000001d245228b20 Thread exited: 0x000001d245228b20
Event: 1234.439 Thread 0x000001d24522a5b0 Thread added: 0x000001d245228b20
Event: 1235.794 Thread 0x000001d24522ab00 Thread added: 0x000001d248f4cc00
Event: 1236.187 Thread 0x000001d245c08840 Thread added: 0x000001d247d6f560
Event: 1236.582 Thread 0x000001d24522a5b0 Thread added: 0x000001d248f4a6d0
Event: 1237.873 Thread 0x000001d248f4a6d0 Thread exited: 0x000001d248f4a6d0
Event: 1237.873 Thread 0x000001d24522ab00 Thread exited: 0x000001d24522ab00
Event: 1237.873 Thread 0x000001d245228b20 Thread exited: 0x000001d245228b20
Event: 1238.409 Thread 0x000001d248f4cc00 Thread exited: 0x000001d248f4cc00
Event: 1238.409 Thread 0x000001d24522a5b0 Thread exited: 0x000001d24522a5b0
Event: 1270.340 Thread 0x000001d2252cb130 Thread added: 0x000001d245228b20
Event: 1277.848 Thread 0x000001d245228b20 Thread exited: 0x000001d245228b20
Event: 2014.804 Thread 0x000001d2252cb130 Thread added: 0x000001d245228b20
Event: 2016.390 Thread 0x000001d245228b20 Thread exited: 0x000001d245228b20
Event: 8623.538 Thread 0x000001d2252cb130 Thread added: 0x000001d24522a5b0
Event: 8623.540 Thread 0x000001d2252cb130 Thread added: 0x000001d245228b20
Event: 8623.545 Thread 0x000001d2252cb130 Thread added: 0x000001d24522ab00
Event: 8624.798 Thread 0x000001d24522ab00 Thread exited: 0x000001d24522ab00
Event: 8624.798 Thread 0x000001d245228b20 Thread exited: 0x000001d245228b20
Event: 8624.992 Thread 0x000001d24522a5b0 Thread exited: 0x000001d24522a5b0


Dynamic libraries:
0x00007ff687c40000 - 0x00007ff687c4e000 	C:\Program Files\Eclipse Adoptium\jdk-17.0.15.6-hotspot\bin\java.exe
0x00007fffc3680000 - 0x00007fffc38e6000 	C:\WINDOWS\SYSTEM32\ntdll.dll
0x00007fffc2160000 - 0x00007fffc2229000 	C:\WINDOWS\System32\KERNEL32.DLL
0x00007fffc0ae0000 - 0x00007fffc0eac000 	C:\WINDOWS\System32\KERNELBASE.dll
0x0000000070320000 - 0x00000000703bd000 	C:\ProgramData\Symantec\Symantec Endpoint Protection\14.3.9205.6000.105\Data\Sysfer\x64\sysfer.dll
0x00007fffc0810000 - 0x00007fffc095b000 	C:\WINDOWS\System32\ucrtbase.dll
0x00007fff9be20000 - 0x00007fff9be37000 	C:\Program Files\Eclipse Adoptium\jdk-17.0.15.6-hotspot\bin\jli.dll
0x00007fffc14c0000 - 0x00007fffc168a000 	C:\WINDOWS\System32\USER32.dll
0x00007fffc1360000 - 0x00007fffc1387000 	C:\WINDOWS\System32\win32u.dll
0x00007fffc1730000 - 0x00007fffc175b000 	C:\WINDOWS\System32\GDI32.dll
0x00007fffc0f70000 - 0x00007fffc10a2000 	C:\WINDOWS\System32\gdi32full.dll
0x00007fffc1390000 - 0x00007fffc1433000 	C:\WINDOWS\System32\msvcp_win.dll
0x00007fff99aa0000 - 0x00007fff99abe000 	C:\Program Files\Eclipse Adoptium\jdk-17.0.15.6-hotspot\bin\VCRUNTIME140.dll
0x00007fffa61a0000 - 0x00007fffa643a000 	C:\WINDOWS\WinSxS\amd64_microsoft.windows.common-controls_6595b64144ccf1df_6.0.26100.3912_none_3e07963ce335137e\COMCTL32.dll
0x00007fffc3590000 - 0x00007fffc3639000 	C:\WINDOWS\System32\msvcrt.dll
0x00007fffc2850000 - 0x00007fffc2880000 	C:\WINDOWS\System32\IMM32.DLL
0x00007fffa4250000 - 0x00007fffa425c000 	C:\Program Files\Eclipse Adoptium\jdk-17.0.15.6-hotspot\bin\vcruntime140_1.dll
0x00007fff7c670000 - 0x00007fff7c6fd000 	C:\Program Files\Eclipse Adoptium\jdk-17.0.15.6-hotspot\bin\msvcp140.dll
0x00007fff3e940000 - 0x00007fff3f5ab000 	C:\Program Files\Eclipse Adoptium\jdk-17.0.15.6-hotspot\bin\server\jvm.dll
0x00007fffc2e40000 - 0x00007fffc2ef2000 	C:\WINDOWS\System32\ADVAPI32.dll
0x00007fffc1760000 - 0x00007fffc1806000 	C:\WINDOWS\System32\sechost.dll
0x00007fffc2040000 - 0x00007fffc2156000 	C:\WINDOWS\System32\RPCRT4.dll
0x00007fffc3500000 - 0x00007fffc3574000 	C:\WINDOWS\System32\WS2_32.dll
0x00007fffc0680000 - 0x00007fffc06de000 	C:\WINDOWS\SYSTEM32\POWRPROF.dll
0x00007fffb52a0000 - 0x00007fffb52d6000 	C:\WINDOWS\SYSTEM32\WINMM.dll
0x00007fffa9820000 - 0x00007fffa982b000 	C:\WINDOWS\SYSTEM32\VERSION.dll
0x00007fffc0660000 - 0x00007fffc0674000 	C:\WINDOWS\SYSTEM32\UMPDC.dll
0x00007fffbf5d0000 - 0x00007fffbf5ea000 	C:\WINDOWS\SYSTEM32\kernel.appcore.dll
0x00007fffa41b0000 - 0x00007fffa41ba000 	C:\Program Files\Eclipse Adoptium\jdk-17.0.15.6-hotspot\bin\jimage.dll
0x00007fffbe100000 - 0x00007fffbe341000 	C:\WINDOWS\SYSTEM32\DBGHELP.DLL
0x00007fffc3000000 - 0x00007fffc3384000 	C:\WINDOWS\System32\combase.dll
0x00007fffc2b40000 - 0x00007fffc2c20000 	C:\WINDOWS\System32\OLEAUT32.dll
0x00007fff95100000 - 0x00007fff95139000 	C:\WINDOWS\SYSTEM32\dbgcore.DLL
0x00007fffc12c0000 - 0x00007fffc1359000 	C:\WINDOWS\System32\bcryptPrimitives.dll
0x00007fff988b0000 - 0x00007fff988d5000 	C:\Program Files\Eclipse Adoptium\jdk-17.0.15.6-hotspot\bin\java.dll
0x00007fff7c590000 - 0x00007fff7c667000 	C:\Program Files\Eclipse Adoptium\jdk-17.0.15.6-hotspot\bin\jsvml.dll
0x00007fffc1890000 - 0x00007fffc1fbd000 	C:\WINDOWS\System32\SHELL32.dll
0x00007fffc0960000 - 0x00007fffc0ad4000 	C:\WINDOWS\System32\wintypes.dll
0x00007fffbe450000 - 0x00007fffbeca6000 	C:\WINDOWS\SYSTEM32\windows.storage.dll
0x00007fffc2f00000 - 0x00007fffc2fef000 	C:\WINDOWS\System32\SHCORE.dll
0x00007fffc1820000 - 0x00007fffc1889000 	C:\WINDOWS\System32\shlwapi.dll
0x00007fffc0720000 - 0x00007fffc074f000 	C:\WINDOWS\SYSTEM32\profapi.dll
0x00007fff99a10000 - 0x00007fff99a29000 	C:\Program Files\Eclipse Adoptium\jdk-17.0.15.6-hotspot\bin\net.dll
0x00007fffaf2b0000 - 0x00007fffaf3ce000 	C:\WINDOWS\SYSTEM32\WINHTTP.dll
0x00007fffbfb40000 - 0x00007fffbfbaa000 	C:\WINDOWS\system32\mswsock.dll
0x00007fff98f80000 - 0x00007fff98f96000 	C:\Program Files\Eclipse Adoptium\jdk-17.0.15.6-hotspot\bin\nio.dll
0x00007fff98520000 - 0x00007fff98538000 	C:\Program Files\Eclipse Adoptium\jdk-17.0.15.6-hotspot\bin\zip.dll
0x00007fffa4150000 - 0x00007fffa4160000 	C:\Program Files\Eclipse Adoptium\jdk-17.0.15.6-hotspot\bin\verify.dll
0x00007fff98930000 - 0x00007fff98957000 	C:\Users\karth\.gradle\native\68d5fa5c4cc2d200863cafc0d521ce42e7d3e7ee720ec0a83991735586a16f82\windows-amd64\native-platform.dll
0x00007fff7c440000 - 0x00007fff7c584000 	C:\Users\karth\.gradle\native\e376f236ea51e6404a007f0833ffe2c6e607c4080706a723a18a27aeea778392\windows-amd64\native-platform-file-events.dll
0x00007fffa0910000 - 0x00007fffa091a000 	C:\Program Files\Eclipse Adoptium\jdk-17.0.15.6-hotspot\bin\management.dll
0x00007fffa0830000 - 0x00007fffa083b000 	C:\Program Files\Eclipse Adoptium\jdk-17.0.15.6-hotspot\bin\management_ext.dll
0x00007fffc3580000 - 0x00007fffc3588000 	C:\WINDOWS\System32\PSAPI.DLL
0x00007fffbfde0000 - 0x00007fffbfdfc000 	C:\WINDOWS\SYSTEM32\CRYPTSP.dll
0x00007fffbf530000 - 0x00007fffbf56a000 	C:\WINDOWS\system32\rsaenh.dll
0x00007fffbfbe0000 - 0x00007fffbfc0b000 	C:\WINDOWS\SYSTEM32\USERENV.dll
0x00007fffc06f0000 - 0x00007fffc0716000 	C:\WINDOWS\SYSTEM32\bcrypt.dll
0x00007fffbfe00000 - 0x00007fffbfe0c000 	C:\WINDOWS\SYSTEM32\CRYPTBASE.dll
0x00007fffbf070000 - 0x00007fffbf0a3000 	C:\WINDOWS\SYSTEM32\IPHLPAPI.DLL
0x00007fffc2740000 - 0x00007fffc274a000 	C:\WINDOWS\System32\NSI.dll
0x00007fffb72a0000 - 0x00007fffb72bf000 	C:\WINDOWS\SYSTEM32\dhcpcsvc6.DLL
0x00007fffb7030000 - 0x00007fffb7055000 	C:\WINDOWS\SYSTEM32\dhcpcsvc.DLL
0x00007fffbf140000 - 0x00007fffbf267000 	C:\WINDOWS\SYSTEM32\DNSAPI.dll
0x00007fff9c160000 - 0x00007fff9c169000 	C:\Program Files\Eclipse Adoptium\jdk-17.0.15.6-hotspot\bin\extnet.dll
0x00007fff9bf40000 - 0x00007fff9bf4e000 	C:\Program Files\Eclipse Adoptium\jdk-17.0.15.6-hotspot\bin\sunmscapi.dll
0x00007fffc10b0000 - 0x00007fffc1227000 	C:\WINDOWS\System32\CRYPT32.dll
0x00007fffbfff0000 - 0x00007fffc0020000 	C:\WINDOWS\SYSTEM32\ncrypt.dll
0x00007fffbffa0000 - 0x00007fffbffdf000 	C:\WINDOWS\SYSTEM32\NTASN1.dll
0x00007fffa3df0000 - 0x00007fffa3df8000 	C:\WINDOWS\system32\wshunix.dll

dbghelp: loaded successfully - version: 4.0.5 - missing functions: none
symbol engine: initialized successfully - sym options: 0x614 - pdb path: .;C:\Program Files\Eclipse Adoptium\jdk-17.0.15.6-hotspot\bin;C:\WINDOWS\SYSTEM32;C:\ProgramData\Symantec\Symantec Endpoint Protection\14.3.9205.6000.105\Data\Sysfer\x64;C:\WINDOWS\WinSxS\amd64_microsoft.windows.common-controls_6595b64144ccf1df_6.0.26100.3912_none_3e07963ce335137e;C:\Program Files\Eclipse Adoptium\jdk-17.0.15.6-hotspot\bin\server;C:\Users\karth\.gradle\native\68d5fa5c4cc2d200863cafc0d521ce42e7d3e7ee720ec0a83991735586a16f82\windows-amd64;C:\Users\karth\.gradle\native\e376f236ea51e6404a007f0833ffe2c6e607c4080706a723a18a27aeea778392\windows-amd64

VM Arguments:
jvm_args: -XX:MaxMetaspaceSize=512m --add-opens=java.base/java.util=ALL-UNNAMED --add-opens=java.base/java.lang=ALL-UNNAMED --add-opens=java.base/java.lang.invoke=ALL-UNNAMED --add-opens=java.prefs/java.util.prefs=ALL-UNNAMED --add-opens=java.base/java.nio.charset=ALL-UNNAMED --add-opens=java.base/java.net=ALL-UNNAMED --add-opens=java.base/java.util.concurrent.atomic=ALL-UNNAMED -Xmx2048m -Dfile.encoding=UTF-8 -Duser.country=CA -Duser.language=en -Duser.variant 
java_command: org.gradle.launcher.daemon.bootstrap.GradleDaemon 8.0.1
java_class_path (initial): C:\Users\karth\.gradle\wrapper\dists\gradle-8.0.1-all\aro4hu1c3oeioove7l0i4i14o\gradle-8.0.1\lib\gradle-launcher-8.0.1.jar
Launcher Type: SUN_STANDARD

[Global flags]
     intx CICompilerCount                          = 12                                        {product} {ergonomic}
   size_t CompressedClassSpaceSize                 = 436207616                                 {product} {ergonomic}
     uint ConcGCThreads                            = 3                                         {product} {ergonomic}
     uint G1ConcRefinementThreads                  = 13                                        {product} {ergonomic}
   size_t G1HeapRegionSize                         = 1048576                                   {product} {ergonomic}
    uintx GCDrainStackTargetSize                   = 64                                        {product} {ergonomic}
   size_t InitialHeapSize                          = 264241152                                 {product} {ergonomic}
   size_t MarkStackSize                            = 4194304                                   {product} {ergonomic}
   size_t MaxHeapSize                              = 2147483648                                {product} {command line}
   size_t MaxMetaspaceSize                         = 536870912                                 {product} {command line}
   size_t MaxNewSize                               = 1287651328                                {product} {ergonomic}
   size_t MinHeapDeltaBytes                        = 1048576                                   {product} {ergonomic}
   size_t MinHeapSize                              = 8388608                                   {product} {ergonomic}
    uintx NonNMethodCodeHeapSize                   = 7602480                                {pd product} {ergonomic}
    uintx NonProfiledCodeHeapSize                  = 122027880                              {pd product} {ergonomic}
    uintx ProfiledCodeHeapSize                     = 122027880                              {pd product} {ergonomic}
    uintx ReservedCodeCacheSize                    = 251658240                              {pd product} {ergonomic}
     bool SegmentedCodeCache                       = true                                      {product} {ergonomic}
   size_t SoftMaxHeapSize                          = 2147483648                             {manageable} {ergonomic}
     bool UseCompressedClassPointers               = true                           {product lp64_product} {ergonomic}
     bool UseCompressedOops                        = true                           {product lp64_product} {ergonomic}
     bool UseG1GC                                  = true                                      {product} {ergonomic}
     bool UseLargePagesIndividualAllocation        = false                                  {pd product} {ergonomic}

Logging:
Log output configuration:
 #0: stdout all=warning uptime,level,tags
 #1: stderr all=off uptime,level,tags

Environment Variables:
JAVA_HOME=C:\Program Files\Java\jdk-23
CLASSPATH=C:\Users\karth\CascadeProjects\MobileAppAndroid\android\\gradle\wrapper\gradle-wrapper.jar
PATH=C:\Users\karth\CascadeProjects\MobileAppAndroid\node_modules\.bin;C:\Users\karth\CascadeProjects\MobileAppAndroid\node_modules\.bin;C:\Users\karth\CascadeProjects\node_modules\.bin;C:\Users\karth\node_modules\.bin;C:\Users\node_modules\.bin;C:\node_modules\.bin;C:\Program Files\nodejs\node_modules\npm\node_modules\@npmcli\run-script\lib\node-gyp-bin;C:\Users\karth\CascadeProjects\MobileAppAndroid\node_modules\.bin;C:\Users\karth\CascadeProjects\MobileAppAndroid\node_modules\.bin;C:\Users\karth\CascadeProjects\node_modules\.bin;C:\Users\karth\node_modules\.bin;C:\Users\node_modules\.bin;C:\node_modules\.bin;C:\Program Files\nodejs\node_modules\npm\node_modules\@npmcli\run-script\lib\node-gyp-bin;C:\Program Files\Eclipse Adoptium\jdk-17.0.15.6-hotspot\bin;C:\Program Files\Common Files\Oracle\Java\javapath;C:\WINDOWS\system32;C:\WINDOWS;C:\WINDOWS\System32\Wbem;C:\WINDOWS\System32\WindowsPowerShell\v1.0\;C:\WINDOWS\System32\OpenSSH\;C:\Program Files\nodejs\;C:\Program Files (x86)\nikto\program;C:\Program Files (x86)\curl;D:\GoWorkspace\bin;C:\Program Files\Go\bin;C:\Program Files\Git\cmd;C:\Users\karth\AppData\Local\Android\Sdk;C:\Users\karth\AppData\Local\Android\Sdk\platform-tools;C:\Program Files\Eclipse Adoptium\jdk-17.0.15.6-hotspot\bin;C:\Program Files\Common Files\Oracle\Java\javapath;C:\WINDOWS\system32;C:\WINDOWS;C:\WINDOWS\System32\Wbem;C:\WINDOWS\System32\WindowsPowerShell\v1.0\;C:\WINDOWS\System32\OpenSSH\;C:\Program Files\nodejs\;C:\Program Files\Git\cmd;C:\Users\karth\AppData\Local\Microsoft\WindowsApps;C:\Users\karth\AppData\Local\Programs\Microsoft VS Code\bin;C:\Users\karth\AppData\Roaming\npm;C:\Users\karth\go\bin;C:\Users\karth\AppData\Local\Programs\Windsurf\bin
USERNAME=karth
OS=Windows_NT
PROCESSOR_IDENTIFIER=Intel64 Family 6 Model 154 Stepping 3, GenuineIntel
TMP=C:\Users\karth\AppData\Local\Temp
TEMP=C:\Users\karth\AppData\Local\Temp



Periodic native trim disabled


---------------  S Y S T E M  ---------------

OS:
 Windows 11 , 64 bit Build 26100 (10.0.26100.3912)
OS uptime: 10 days 15:58 hours
Hyper-V role detected

CPU: total 16 (initial active 16) (8 cores per cpu, 2 threads per core) family 6 model 154 stepping 3 microcode 0x416, cx8, cmov, fxsr, ht, mmx, 3dnowpref, sse, sse2, sse3, ssse3, sse4.1, sse4.2, popcnt, lzcnt, tsc, tscinvbit, avx, avx2, aes, erms, clmul, bmi1, bmi2, adx, sha, fma, vzeroupper, clflush, clflushopt, clwb, hv
Processor Information for processor 0
  Max Mhz: 2100, Current Mhz: 2100, Mhz Limit: 2100
Processor Information for processor 1
  Max Mhz: 2100, Current Mhz: 2100, Mhz Limit: 2100
Processor Information for processor 2
  Max Mhz: 2100, Current Mhz: 2100, Mhz Limit: 2100
Processor Information for processor 3
  Max Mhz: 2100, Current Mhz: 2100, Mhz Limit: 2100
Processor Information for processor 4
  Max Mhz: 2100, Current Mhz: 2100, Mhz Limit: 2100
Processor Information for processor 5
  Max Mhz: 2100, Current Mhz: 2100, Mhz Limit: 2100
Processor Information for processor 6
  Max Mhz: 2100, Current Mhz: 2100, Mhz Limit: 2100
Processor Information for processor 7
  Max Mhz: 2100, Current Mhz: 2100, Mhz Limit: 2100
Processor Information for processor 8
  Max Mhz: 2100, Current Mhz: 1500, Mhz Limit: 1491
Processor Information for processor 9
  Max Mhz: 2100, Current Mhz: 1500, Mhz Limit: 1491
Processor Information for processor 10
  Max Mhz: 2100, Current Mhz: 1500, Mhz Limit: 1491
Processor Information for processor 11
  Max Mhz: 2100, Current Mhz: 1500, Mhz Limit: 1491
Processor Information for processor 12
  Max Mhz: 2100, Current Mhz: 1500, Mhz Limit: 1491
Processor Information for processor 13
  Max Mhz: 2100, Current Mhz: 1500, Mhz Limit: 1491
Processor Information for processor 14
  Max Mhz: 2100, Current Mhz: 1500, Mhz Limit: 1491
Processor Information for processor 15
  Max Mhz: 2100, Current Mhz: 1500, Mhz Limit: 1491

Memory: 4k page, system-wide physical 16088M (1M free)
TotalPageFile size 64210M (AvailPageFile size 10M)
current process WorkingSet (physical memory assigned to process): 2M, peak: 251M
current process commit charge ("private bytes"): 468M, peak: 501M

vm_info: OpenJDK 64-Bit Server VM (17.0.15+6) for windows-amd64 JRE (17.0.15+6), built on Apr 15 2025 21:25:47 by "admin" with MS VC++ 17.7 (VS2022)

END.
