#
# There is insufficient memory for the Java Runtime Environment to continue.
# Native memory allocation (mmap) failed to map 90177536 bytes. Error detail: G1 virtual space
# Possible reasons:
#   The system is out of physical RAM or swap space
#   This process is running with CompressedOops enabled, and the Java Heap may be blocking the growth of the native heap
# Possible solutions:
#   Reduce memory load on the system
#   Increase physical memory or swap space
#   Check if swap backing store is full
#   Decrease Java heap size (-Xmx/-Xms)
#   Decrease number of Java threads
#   Decrease Java thread stack sizes (-Xss)
#   Set larger code cache with -XX:ReservedCodeCacheSize=
#   JVM is running with Unscaled Compressed Oops mode in which the Java heap is
#     placed in the first 4GB address space. The Java Heap base address is the
#     maximum limit for the native heap growth. Please use -XX:HeapBaseMinAddress
#     to set the Java Heap base and to place the Java Heap above 4GB virtual address.
# This output file may be truncated or incomplete.
#
#  Out of Memory Error (os_windows.cpp:3618), pid=12492, tid=27624
#
# JRE version: OpenJDK Runtime Environment Temurin-17.0.15+6 (17.0.15+6) (build 17.0.15+6)
# Java VM: OpenJDK 64-Bit Server VM Temurin-17.0.15+6 (17.0.15+6, mixed mode, sharing, tiered, compressed oops, compressed class ptrs, g1 gc, windows-amd64)
# No core dump will be written. Minidumps are not enabled by default on client versions of Windows
#

---------------  S U M M A R Y ------------

Command Line: -XX:MaxMetaspaceSize=512m --add-opens=java.base/java.util=ALL-UNNAMED --add-opens=java.base/java.lang=ALL-UNNAMED --add-opens=java.base/java.lang.invoke=ALL-UNNAMED --add-opens=java.prefs/java.util.prefs=ALL-UNNAMED --add-opens=java.base/java.nio.charset=ALL-UNNAMED --add-opens=java.base/java.net=ALL-UNNAMED --add-opens=java.base/java.util.concurrent.atomic=ALL-UNNAMED -Xmx2048m -Dfile.encoding=UTF-8 -Duser.country=CA -Duser.language=en -Duser.variant org.gradle.launcher.daemon.bootstrap.GradleDaemon 8.0.1

Host: 12th Gen Intel(R) Core(TM) i7-1260P, 16 cores, 15G,  Windows 11 , 64 bit Build 26100 (10.0.26100.3912)
Time: Mon May 26 02:11:50 2025 Eastern Daylight Time elapsed time: 8429.742347 seconds (0d 2h 20m 29s)

---------------  T H R E A D  ---------------

Current thread (0x00000220ffa4a4b0):  VMThread "VM Thread" [stack: 0x000000adc5100000,0x000000adc5200000] [id=27624]

Stack: [0x000000adc5100000,0x000000adc5200000]
Native frames: (J=compiled Java code, j=interpreted, Vv=VM code, C=native code)
V  [jvm.dll+0x682fc9]
V  [jvm.dll+0x839878]
V  [jvm.dll+0x83b323]
V  [jvm.dll+0x83b993]
V  [jvm.dll+0x24725f]
V  [jvm.dll+0x67fda9]
V  [jvm.dll+0x674c9a]
V  [jvm.dll+0x304d06]
V  [jvm.dll+0x30c1c6]
V  [jvm.dll+0x35dd4e]
V  [jvm.dll+0x35df8d]
V  [jvm.dll+0x2dc0cc]
V  [jvm.dll+0x2da46f]
V  [jvm.dll+0x2d9bdc]
V  [jvm.dll+0x31d3bb]
V  [jvm.dll+0x8401cd]
V  [jvm.dll+0x840f03]
V  [jvm.dll+0x84142f]
V  [jvm.dll+0x841814]
V  [jvm.dll+0x8418de]
V  [jvm.dll+0x7e94dc]
V  [jvm.dll+0x681ea7]
C  [ucrtbase.dll+0x37b0]
C  [KERNEL32.DLL+0x2e8d7]
C  [ntdll.dll+0x9c5dc]

VM_Operation (0x000000adc63fed60): G1CollectForAllocation, mode: safepoint, requested by thread 0x00000220ffa609d0


---------------  P R O C E S S  ---------------

Threads class SMR info:
_java_thread_list=0x00000220a382ad80, length=79, elements={
0x00000220e336a1b0, 0x00000220ffa4e020, 0x00000220ffa4f460, 0x00000220ffa613f0,
0x00000220ffa5f590, 0x00000220ffa62d40, 0x00000220ffa5faa0, 0x00000220ffa67600,
0x00000220ffa6aa90, 0x00000220ffa62830, 0x00000220ffa5ffb0, 0x00000220ffa604c0,
0x00000220ffa609d0, 0x00000220ffa60ee0, 0x00000220ffa61900, 0x00000220ffa61e10,
0x00000220ffa62320, 0x00000220a34ae9d0, 0x00000220a34af900, 0x00000220a34ad080,
0x00000220a34b0320, 0x00000220a34af3f0, 0x00000220a34adfb0, 0x00000220a34ae4c0,
0x00000220a34aeee0, 0x00000220a34b1250, 0x00000220a34afe10, 0x00000220a34b35c0,
0x00000220a34b2180, 0x00000220a34b3fe0, 0x00000220a34b0830, 0x00000220a34b1760,
0x00000220a34b3ad0, 0x00000220a34b0d40, 0x00000220a34b1c70, 0x00000220a34b2690,
0x00000220a34acb70, 0x00000220a34b44f0, 0x00000220a3bc6df0, 0x00000220a3bc59b0,
0x00000220a3bc5ec0, 0x00000220a3bc63d0, 0x00000220a3bc68e0, 0x00000220a3bc7300,
0x00000220a3bc7810, 0x00000220a3bc8230, 0x00000220a3bc7d20, 0x00000220a3bc8740,
0x00000220a3bc4f90, 0x00000220a3bc8c50, 0x00000220a3bc54a0, 0x00000220a3bc9670,
0x00000220a3bca090, 0x00000220a3bcb4d0, 0x00000220a3bcc910, 0x00000220a3bc9b80,
0x00000220a3bcafc0, 0x00000220a3bcb9e0, 0x00000220a3bc9160, 0x00000220a3bca5a0,
0x00000220a3bcbef0, 0x00000220a3bcc400, 0x00000220a3bcaab0, 0x00000220a52a61d0,
0x00000220a52a3e60, 0x00000220a52a7b20, 0x00000220a52a6bf0, 0x00000220a52a66e0,
0x00000220a52a5cc0, 0x00000220a52a52a0, 0x00000220a52a7100, 0x00000220a52a4880,
0x00000220a52a4d90, 0x00000220a52a57b0, 0x00000220a52a7610, 0x00000220a52a4370,
0x00000220a52a8f60, 0x00000220a52aa8b0, 0x00000220a52a9980
}

Java Threads: ( => current thread )
  0x00000220e336a1b0 JavaThread "main" [_thread_blocked, id=59828, stack(0x000000adc4b00000,0x000000adc4c00000)]
  0x00000220ffa4e020 JavaThread "Reference Handler" daemon [_thread_blocked, id=38488, stack(0x000000adc5200000,0x000000adc5300000)]
  0x00000220ffa4f460 JavaThread "Finalizer" daemon [_thread_blocked, id=50096, stack(0x000000adc5300000,0x000000adc5400000)]
  0x00000220ffa613f0 JavaThread "Signal Dispatcher" daemon [_thread_blocked, id=19000, stack(0x000000adc5400000,0x000000adc5500000)]
  0x00000220ffa5f590 JavaThread "Attach Listener" daemon [_thread_blocked, id=6460, stack(0x000000adc5500000,0x000000adc5600000)]
  0x00000220ffa62d40 JavaThread "Service Thread" daemon [_thread_blocked, id=50496, stack(0x000000adc5600000,0x000000adc5700000)]
  0x00000220ffa5faa0 JavaThread "Monitor Deflation Thread" daemon [_thread_blocked, id=48552, stack(0x000000adc5700000,0x000000adc5800000)]
  0x00000220ffa67600 JavaThread "C2 CompilerThread0" daemon [_thread_blocked, id=65260, stack(0x000000adc5800000,0x000000adc5900000)]
  0x00000220ffa6aa90 JavaThread "C1 CompilerThread0" daemon [_thread_blocked, id=47400, stack(0x000000adc5900000,0x000000adc5a00000)]
  0x00000220ffa62830 JavaThread "Sweeper thread" daemon [_thread_blocked, id=25936, stack(0x000000adc5a00000,0x000000adc5b00000)]
  0x00000220ffa5ffb0 JavaThread "Common-Cleaner" daemon [_thread_blocked, id=59608, stack(0x000000adc5b00000,0x000000adc5c00000)]
  0x00000220ffa604c0 JavaThread "Notification Thread" daemon [_thread_blocked, id=64472, stack(0x000000adc5c00000,0x000000adc5d00000)]
  0x00000220ffa609d0 JavaThread "Daemon health stats" [_thread_blocked, id=68200, stack(0x000000adc6300000,0x000000adc6400000)]
  0x00000220ffa60ee0 JavaThread "Incoming local TCP Connector on port 33903" [_thread_in_native, id=68164, stack(0x000000adc6400000,0x000000adc6500000)]
  0x00000220ffa61900 JavaThread "Daemon periodic checks" [_thread_blocked, id=34288, stack(0x000000adc6500000,0x000000adc6600000)]
  0x00000220ffa61e10 JavaThread "Daemon" [_thread_blocked, id=53740, stack(0x000000adc4a00000,0x000000adc4b00000)]
  0x00000220ffa62320 JavaThread "Handler for socket connection from /127.0.0.1:33903 to /127.0.0.1:34001" [_thread_in_native, id=26472, stack(0x000000adc6600000,0x000000adc6700000)]
  0x00000220a34ae9d0 JavaThread "Cancel handler" [_thread_blocked, id=57012, stack(0x000000adc6700000,0x000000adc6800000)]
  0x00000220a34af900 JavaThread "Daemon worker" [_thread_blocked, id=51884, stack(0x000000adc6800000,0x000000adc6900000)]
  0x00000220a34ad080 JavaThread "Asynchronous log dispatcher for DefaultDaemonConnection: socket connection from /127.0.0.1:33903 to /127.0.0.1:34001" [_thread_blocked, id=22108, stack(0x000000adc6900000,0x000000adc6a00000)]
  0x00000220a34b0320 JavaThread "Daemon client event forwarder" [_thread_blocked, id=65880, stack(0x000000adc6b00000,0x000000adc6c00000)]
  0x00000220a34af3f0 JavaThread "Cache worker for journal cache (C:\Users\karth\.gradle\caches\journal-1)" [_thread_blocked, id=45316, stack(0x000000adc6c00000,0x000000adc6d00000)]
  0x00000220a34adfb0 JavaThread "File lock request listener" [_thread_in_native, id=7768, stack(0x000000adc6d00000,0x000000adc6e00000)]
  0x00000220a34ae4c0 JavaThread "Cache worker for file hash cache (C:\Users\karth\.gradle\caches\8.0.1\fileHashes)" [_thread_blocked, id=13128, stack(0x000000adc6e00000,0x000000adc6f00000)]
  0x00000220a34aeee0 JavaThread "File watcher server" daemon [_thread_in_native, id=33408, stack(0x000000adc7000000,0x000000adc7100000)]
  0x00000220a34b1250 JavaThread "File watcher consumer" daemon [_thread_blocked, id=67404, stack(0x000000adc7100000,0x000000adc7200000)]
  0x00000220a34afe10 JavaThread "Cache worker for checksums cache (C:\Users\karth\CascadeProjects\MobileAppAndroid\android\.gradle\8.0.1\checksums)" [_thread_blocked, id=60804, stack(0x000000adc7200000,0x000000adc7300000)]
  0x00000220a34b35c0 JavaThread "Cache worker for cache directory md-rule (C:\Users\karth\.gradle\caches\8.0.1\md-rule)" [_thread_blocked, id=8088, stack(0x000000adc7300000,0x000000adc7400000)]
  0x00000220a34b2180 JavaThread "Cache worker for file content cache (C:\Users\karth\.gradle\caches\8.0.1\fileContent)" [_thread_blocked, id=33860, stack(0x000000adc7400000,0x000000adc7500000)]
  0x00000220a34b3fe0 JavaThread "Cache worker for file hash cache (C:\Users\karth\CascadeProjects\MobileAppAndroid\android\.gradle\8.0.1\fileHashes)" [_thread_blocked, id=54804, stack(0x000000adc7e00000,0x000000adc7f00000)]
  0x00000220a34b0830 JavaThread "Cache worker for cache directory md-supplier (C:\Users\karth\.gradle\caches\8.0.1\md-supplier)" [_thread_blocked, id=56264, stack(0x000000adc7f00000,0x000000adc8000000)]
  0x00000220a34b1760 JavaThread "Cache worker for execution history cache (C:\Users\karth\.gradle\caches\8.0.1\executionHistory)" [_thread_blocked, id=492, stack(0x000000adc8000000,0x000000adc8100000)]
  0x00000220a34b3ad0 JavaThread "jar transforms" [_thread_blocked, id=7268, stack(0x000000adc4800000,0x000000adc4900000)]
  0x00000220a34b0d40 JavaThread "jar transforms Thread 2" [_thread_blocked, id=13868, stack(0x000000adc6a00000,0x000000adc6b00000)]
  0x00000220a34b1c70 JavaThread "jar transforms Thread 3" [_thread_blocked, id=8552, stack(0x000000adc8100000,0x000000adc8200000)]
  0x00000220a34b2690 JavaThread "jar transforms Thread 4" [_thread_blocked, id=54112, stack(0x000000adc8300000,0x000000adc8400000)]
  0x00000220a34acb70 JavaThread "Cache worker for kotlin-dsl (C:\Users\karth\.gradle\caches\8.0.1\kotlin-dsl)" [_thread_blocked, id=55556, stack(0x000000adc8200000,0x000000adc8300000)]
  0x00000220a34b44f0 JavaThread "jar transforms Thread 5" [_thread_blocked, id=62016, stack(0x000000adc8500000,0x000000adc8600000)]
  0x00000220a3bc6df0 JavaThread "jar transforms Thread 6" [_thread_blocked, id=37616, stack(0x000000adc8600000,0x000000adc8700000)]
  0x00000220a3bc59b0 JavaThread "Cache worker for dependencies-accessors (C:\Users\karth\CascadeProjects\MobileAppAndroid\android\.gradle\8.0.1\dependencies-accessors)" [_thread_blocked, id=49280, stack(0x000000adc8700000,0x000000adc8800000)]
  0x00000220a3bc5ec0 JavaThread "Cache worker for Build Output Cleanup Cache (C:\Users\karth\CascadeProjects\MobileAppAndroid\node_modules\@react-native\gradle-plugin\.gradle\buildOutputCleanup)" [_thread_blocked, id=24376, stack(0x000000adc8800000,0x000000adc8900000)]
  0x00000220a3bc63d0 JavaThread "jar transforms Thread 7" [_thread_blocked, id=14268, stack(0x000000adc8900000,0x000000adc8a00000)]
  0x00000220a3bc68e0 JavaThread "Unconstrained build operations" [_thread_blocked, id=54952, stack(0x000000adc4900000,0x000000adc4a00000)]
  0x00000220a3bc7300 JavaThread "Unconstrained build operations Thread 2" [_thread_blocked, id=13508, stack(0x000000adc6f00000,0x000000adc7000000)]
  0x00000220a3bc7810 JavaThread "Unconstrained build operations Thread 3" [_thread_blocked, id=53404, stack(0x000000adc8a00000,0x000000adc8b00000)]
  0x00000220a3bc8230 JavaThread "Unconstrained build operations Thread 4" [_thread_blocked, id=47816, stack(0x000000adc8b00000,0x000000adc8c00000)]
  0x00000220a3bc7d20 JavaThread "Unconstrained build operations Thread 5" [_thread_blocked, id=572, stack(0x000000adc8c00000,0x000000adc8d00000)]
  0x00000220a3bc8740 JavaThread "Unconstrained build operations Thread 6" [_thread_blocked, id=52120, stack(0x000000adc8d00000,0x000000adc8e00000)]
  0x00000220a3bc4f90 JavaThread "Unconstrained build operations Thread 7" [_thread_blocked, id=49608, stack(0x000000adc8e00000,0x000000adc8f00000)]
  0x00000220a3bc8c50 JavaThread "Unconstrained build operations Thread 8" [_thread_blocked, id=59184, stack(0x000000adc8f00000,0x000000adc9000000)]
  0x00000220a3bc54a0 JavaThread "Unconstrained build operations Thread 9" [_thread_blocked, id=48632, stack(0x000000adc9000000,0x000000adc9100000)]
  0x00000220a3bc9670 JavaThread "Unconstrained build operations Thread 10" [_thread_blocked, id=49180, stack(0x000000adc9100000,0x000000adc9200000)]
  0x00000220a3bca090 JavaThread "Unconstrained build operations Thread 11" [_thread_blocked, id=29352, stack(0x000000adc9200000,0x000000adc9300000)]
  0x00000220a3bcb4d0 JavaThread "Unconstrained build operations Thread 12" [_thread_blocked, id=11952, stack(0x000000adc9300000,0x000000adc9400000)]
  0x00000220a3bcc910 JavaThread "Unconstrained build operations Thread 13" [_thread_blocked, id=48908, stack(0x000000adc9400000,0x000000adc9500000)]
  0x00000220a3bc9b80 JavaThread "Unconstrained build operations Thread 14" [_thread_blocked, id=46124, stack(0x000000adc9500000,0x000000adc9600000)]
  0x00000220a3bcafc0 JavaThread "Unconstrained build operations Thread 15" [_thread_blocked, id=49604, stack(0x000000adc9600000,0x000000adc9700000)]
  0x00000220a3bcb9e0 JavaThread "Unconstrained build operations Thread 16" [_thread_blocked, id=31168, stack(0x000000adc9700000,0x000000adc9800000)]
  0x00000220a3bc9160 JavaThread "Unconstrained build operations Thread 17" [_thread_blocked, id=14000, stack(0x000000adc9800000,0x000000adc9900000)]
  0x00000220a3bca5a0 JavaThread "Unconstrained build operations Thread 18" [_thread_blocked, id=61380, stack(0x000000adc9900000,0x000000adc9a00000)]
  0x00000220a3bcbef0 JavaThread "Unconstrained build operations Thread 19" [_thread_blocked, id=27112, stack(0x000000adc9a00000,0x000000adc9b00000)]
  0x00000220a3bcc400 JavaThread "Unconstrained build operations Thread 20" [_thread_blocked, id=6836, stack(0x000000adc9b00000,0x000000adc9c00000)]
  0x00000220a3bcaab0 JavaThread "Unconstrained build operations Thread 21" [_thread_blocked, id=42468, stack(0x000000adc9c00000,0x000000adc9d00000)]
  0x00000220a52a61d0 JavaThread "Unconstrained build operations Thread 22" [_thread_blocked, id=19536, stack(0x000000adc9d00000,0x000000adc9e00000)]
  0x00000220a52a3e60 JavaThread "Unconstrained build operations Thread 23" [_thread_blocked, id=64172, stack(0x000000adc9e00000,0x000000adc9f00000)]
  0x00000220a52a7b20 JavaThread "Unconstrained build operations Thread 24" [_thread_blocked, id=60996, stack(0x000000adc9f00000,0x000000adca000000)]
  0x00000220a52a6bf0 JavaThread "Unconstrained build operations Thread 25" [_thread_blocked, id=34468, stack(0x000000adca000000,0x000000adca100000)]
  0x00000220a52a66e0 JavaThread "Unconstrained build operations Thread 26" [_thread_blocked, id=40244, stack(0x000000adca100000,0x000000adca200000)]
  0x00000220a52a5cc0 JavaThread "jar transforms Thread 8" [_thread_blocked, id=41188, stack(0x000000adca200000,0x000000adca300000)]
  0x00000220a52a52a0 JavaThread "jar transforms Thread 9" [_thread_blocked, id=35012, stack(0x000000adca300000,0x000000adca400000)]
  0x00000220a52a7100 JavaThread "jar transforms Thread 10" [_thread_blocked, id=50620, stack(0x000000adca400000,0x000000adca500000)]
  0x00000220a52a4880 JavaThread "jar transforms Thread 11" [_thread_blocked, id=35492, stack(0x000000adca500000,0x000000adca600000)]
  0x00000220a52a4d90 JavaThread "jar transforms Thread 12" [_thread_blocked, id=53240, stack(0x000000adca600000,0x000000adca700000)]
  0x00000220a52a57b0 JavaThread "jar transforms Thread 13" [_thread_blocked, id=47536, stack(0x000000adca700000,0x000000adca800000)]
  0x00000220a52a7610 JavaThread "jar transforms Thread 14" [_thread_blocked, id=49920, stack(0x000000adca800000,0x000000adca900000)]
  0x00000220a52a4370 JavaThread "jar transforms Thread 15" [_thread_blocked, id=17864, stack(0x000000adca900000,0x000000adcaa00000)]
  0x00000220a52a8f60 JavaThread "jar transforms Thread 16" [_thread_blocked, id=64624, stack(0x000000adcaa00000,0x000000adcab00000)]
  0x00000220a52aa8b0 JavaThread "Memory manager" [_thread_blocked, id=23152, stack(0x000000adcad00000,0x000000adcae00000)]
  0x00000220a52a9980 JavaThread "Cache worker for Build Output Cleanup Cache (C:\Users\karth\CascadeProjects\MobileAppAndroid\android\.gradle\buildOutputCleanup)" [_thread_blocked, id=51164, stack(0x000000adcab00000,0x000000adcac00000)]

Other Threads:
=>0x00000220ffa4a4b0 VMThread "VM Thread" [stack: 0x000000adc5100000,0x000000adc5200000] [id=27624]
  0x00000220824ddd10 WatcherThread [stack: 0x000000adc5d00000,0x000000adc5e00000] [id=60596]
  0x00000220e33c5240 GCTaskThread "GC Thread#0" [stack: 0x000000adc4c00000,0x000000adc4d00000] [id=33848]
  0x00000220a28d4e70 GCTaskThread "GC Thread#1" [stack: 0x000000adc5e00000,0x000000adc5f00000] [id=52348]
  0x00000220a28d5130 GCTaskThread "GC Thread#2" [stack: 0x000000adc5f00000,0x000000adc6000000] [id=27288]
  0x00000220a28d53f0 GCTaskThread "GC Thread#3" [stack: 0x000000adc6000000,0x000000adc6100000] [id=59772]
  0x00000220a28d56b0 GCTaskThread "GC Thread#4" [stack: 0x000000adc6100000,0x000000adc6200000] [id=66516]
  0x00000220a2ca4440 GCTaskThread "GC Thread#5" [stack: 0x000000adc6200000,0x000000adc6300000] [id=8640]
  0x00000220a28cb0e0 GCTaskThread "GC Thread#6" [stack: 0x000000adc7500000,0x000000adc7600000] [id=16240]
  0x00000220a28ca8a0 GCTaskThread "GC Thread#7" [stack: 0x000000adc7600000,0x000000adc7700000] [id=47456]
  0x00000220a28cab60 GCTaskThread "GC Thread#8" [stack: 0x000000adc7700000,0x000000adc7800000] [id=40440]
  0x00000220a28cb660 GCTaskThread "GC Thread#9" [stack: 0x000000adc7800000,0x000000adc7900000] [id=48836]
  0x00000220a28cae20 GCTaskThread "GC Thread#10" [stack: 0x000000adc7900000,0x000000adc7a00000] [id=12652]
  0x00000220a28cb3a0 GCTaskThread "GC Thread#11" [stack: 0x000000adc7a00000,0x000000adc7b00000] [id=40608]
  0x00000220a422e9a0 GCTaskThread "GC Thread#12" [stack: 0x000000adc7b00000,0x000000adc7c00000] [id=53236]
  0x00000220e33d7680 ConcurrentGCThread "G1 Main Marker" [stack: 0x000000adc4d00000,0x000000adc4e00000] [id=54280]
  0x00000220e33d7eb0 ConcurrentGCThread "G1 Conc#0" [stack: 0x000000adc4e00000,0x000000adc4f00000] [id=24808]
  0x00000220a4230520 ConcurrentGCThread "G1 Conc#1" [stack: 0x000000adc7c00000,0x000000adc7d00000] [id=19664]
  0x00000220a42307e0 ConcurrentGCThread "G1 Conc#2" [stack: 0x000000adc7d00000,0x000000adc7e00000] [id=47240]
  0x00000220e33fe3c0 ConcurrentGCThread "G1 Refine#0" [stack: 0x000000adc4f00000,0x000000adc5000000] [id=49640]
  0x00000220e33feaa0 ConcurrentGCThread "G1 Service" [stack: 0x000000adc5000000,0x000000adc5100000] [id=32084]

Threads with active compile tasks:
C2 CompilerThread0  8430933 8486       4       java.util.concurrent.ScheduledThreadPoolExecutor$ScheduledFutureTask::run (57 bytes)
C1 CompilerThread0  8430933 8490       3       org.gradle.internal.jvm.Jvm::findToolsJar (166 bytes)

VM state: at safepoint (normal execution)

VM Mutex/Monitor currently owned by a thread:  ([mutex/lock_event])
[0x00000220e335f580] Threads_lock - owner thread: 0x00000220ffa4a4b0
[0x00000220e335f6a0] Heap_lock - owner thread: 0x00000220ffa609d0

Heap address: 0x0000000080000000, size: 2048 MB, Compressed Oops mode: 32-bit

CDS archive(s) mapped at: [0x0000022083000000-0x0000022083bb0000-0x0000022083bb0000), size 12255232, SharedBaseAddress: 0x0000022083000000, ArchiveRelocationMode: 1.
Compressed class space mapped at: 0x0000022084000000-0x000002209e000000, reserved size: 436207616
Narrow klass base: 0x0000022083000000, Narrow klass shift: 0, Narrow klass range: 0x100000000

GC Precious Log:
 CPUs: 16 total, 16 available
 Memory: 16088M
 Large Page Support: Disabled
 NUMA Support: Disabled
 Compressed Oops: Enabled (32-bit)
 Heap Region Size: 1M
 Heap Min Capacity: 8M
 Heap Initial Capacity: 252M
 Heap Max Capacity: 2G
 Pre-touch: Disabled
 Parallel Workers: 13
 Concurrent Workers: 3
 Concurrent Refinement Workers: 13
 Periodic GC: Disabled

Heap:
 garbage-first heap   total 149504K, used 54344K [0x0000000080000000, 0x0000000100000000)
  region size 1024K, 1 young (1024K), 1 survivors (1024K)
 Metaspace       used 58595K, committed 59200K, reserved 491520K
  class space    used 8095K, committed 8384K, reserved 425984K

Heap Regions: E=young(eden), S=young(survivor), O=old, HS=humongous(starts), HC=humongous(continues), CS=collection set, F=free, OA=open archive, CA=closed archive, TAMS=top-at-mark-start (previous, next)
|   0|0x0000000080000000, 0x0000000080100000, 0x0000000080100000|100%|HS|  |TAMS 0x0000000080100000, 0x0000000080100000| Complete 
|   1|0x0000000080100000, 0x0000000080200000, 0x0000000080200000|100%|HC|  |TAMS 0x0000000080200000, 0x0000000080200000| Complete 
|   2|0x0000000080200000, 0x0000000080300000, 0x0000000080300000|100%|HC|  |TAMS 0x0000000080300000, 0x0000000080300000| Complete 
|   3|0x0000000080300000, 0x0000000080400000, 0x0000000080400000|100%|HC|  |TAMS 0x0000000080400000, 0x0000000080400000| Complete 
|   4|0x0000000080400000, 0x0000000080500000, 0x0000000080500000|100%| O|  |TAMS 0x0000000080500000, 0x0000000080500000| Untracked 
|   5|0x0000000080500000, 0x0000000080600000, 0x0000000080600000|100%| O|  |TAMS 0x0000000080600000, 0x0000000080600000| Untracked 
|   6|0x0000000080600000, 0x0000000080700000, 0x0000000080700000|100%| O|  |TAMS 0x0000000080700000, 0x0000000080700000| Untracked 
|   7|0x0000000080700000, 0x0000000080800000, 0x0000000080800000|100%| O|  |TAMS 0x0000000080800000, 0x0000000080800000| Untracked 
|   8|0x0000000080800000, 0x0000000080900000, 0x0000000080900000|100%| O|  |TAMS 0x0000000080900000, 0x0000000080900000| Untracked 
|   9|0x0000000080900000, 0x0000000080a00000, 0x0000000080a00000|100%| O|  |TAMS 0x0000000080a00000, 0x0000000080a00000| Untracked 
|  10|0x0000000080a00000, 0x0000000080b00000, 0x0000000080b00000|100%| O|  |TAMS 0x0000000080b00000, 0x0000000080b00000| Untracked 
|  11|0x0000000080b00000, 0x0000000080b83e00, 0x0000000080c00000| 51%| O|  |TAMS 0x0000000080b83e00, 0x0000000080b83e00| Untracked 
|  12|0x0000000080c00000, 0x0000000080d00000, 0x0000000080d00000|100%| O|  |TAMS 0x0000000080d00000, 0x0000000080d00000| Untracked 
|  13|0x0000000080d00000, 0x0000000080e00000, 0x0000000080e00000|100%| O|  |TAMS 0x0000000080e00000, 0x0000000080e00000| Untracked 
|  14|0x0000000080e00000, 0x0000000080f00000, 0x0000000080f00000|100%| O|  |TAMS 0x0000000080f00000, 0x0000000080f00000| Untracked 
|  15|0x0000000080f00000, 0x0000000081000000, 0x0000000081000000|100%| O|  |TAMS 0x0000000081000000, 0x0000000081000000| Untracked 
|  16|0x0000000081000000, 0x0000000081100000, 0x0000000081100000|100%| O|  |TAMS 0x0000000081100000, 0x0000000081100000| Untracked 
|  17|0x0000000081100000, 0x0000000081200000, 0x0000000081200000|100%| O|  |TAMS 0x0000000081200000, 0x0000000081200000| Untracked 
|  18|0x0000000081200000, 0x0000000081300000, 0x0000000081300000|100%| O|  |TAMS 0x0000000081300000, 0x0000000081300000| Untracked 
|  19|0x0000000081300000, 0x0000000081400000, 0x0000000081400000|100%| O|  |TAMS 0x0000000081400000, 0x0000000081400000| Untracked 
|  20|0x0000000081400000, 0x0000000081500000, 0x0000000081500000|100%| O|  |TAMS 0x0000000081500000, 0x0000000081500000| Untracked 
|  21|0x0000000081500000, 0x0000000081600000, 0x0000000081600000|100%| O|  |TAMS 0x0000000081600000, 0x0000000081600000| Untracked 
|  22|0x0000000081600000, 0x0000000081700000, 0x0000000081700000|100%| O|  |TAMS 0x0000000081700000, 0x0000000081700000| Untracked 
|  23|0x0000000081700000, 0x0000000081800000, 0x0000000081800000|100%| O|  |TAMS 0x0000000081800000, 0x0000000081800000| Untracked 
|  24|0x0000000081800000, 0x0000000081900000, 0x0000000081900000|100%| O|  |TAMS 0x0000000081900000, 0x0000000081900000| Untracked 
|  25|0x0000000081900000, 0x0000000081a00000, 0x0000000081a00000|100%| O|  |TAMS 0x0000000081a00000, 0x0000000081a00000| Untracked 
|  26|0x0000000081a00000, 0x0000000081b00000, 0x0000000081b00000|100%| O|  |TAMS 0x0000000081b00000, 0x0000000081b00000| Untracked 
|  27|0x0000000081b00000, 0x0000000081c00000, 0x0000000081c00000|100%| O|  |TAMS 0x0000000081c00000, 0x0000000081c00000| Untracked 
|  28|0x0000000081c00000, 0x0000000081d00000, 0x0000000081d00000|100%| O|  |TAMS 0x0000000081d00000, 0x0000000081d00000| Untracked 
|  29|0x0000000081d00000, 0x0000000081e00000, 0x0000000081e00000|100%| O|  |TAMS 0x0000000081e00000, 0x0000000081e00000| Untracked 
|  30|0x0000000081e00000, 0x0000000081f00000, 0x0000000081f00000|100%| O|  |TAMS 0x0000000081f00000, 0x0000000081f00000| Untracked 
|  31|0x0000000081f00000, 0x0000000082000000, 0x0000000082000000|100%| O|  |TAMS 0x0000000082000000, 0x0000000082000000| Untracked 
|  32|0x0000000082000000, 0x0000000082100000, 0x0000000082100000|100%| O|  |TAMS 0x0000000082100000, 0x0000000082100000| Untracked 
|  33|0x0000000082100000, 0x0000000082200000, 0x0000000082200000|100%|HS|  |TAMS 0x0000000082200000, 0x0000000082200000| Complete 
|  34|0x0000000082200000, 0x0000000082300000, 0x0000000082300000|100%|HC|  |TAMS 0x0000000082300000, 0x0000000082300000| Complete 
|  35|0x0000000082300000, 0x0000000082400000, 0x0000000082400000|100%|HS|  |TAMS 0x0000000082400000, 0x0000000082400000| Complete 
|  36|0x0000000082400000, 0x0000000082500000, 0x0000000082500000|100%|HC|  |TAMS 0x0000000082500000, 0x0000000082500000| Complete 
|  37|0x0000000082500000, 0x0000000082600000, 0x0000000082600000|100%|HC|  |TAMS 0x0000000082600000, 0x0000000082600000| Complete 
|  38|0x0000000082600000, 0x0000000082700000, 0x0000000082700000|100%|HC|  |TAMS 0x0000000082700000, 0x0000000082700000| Complete 
|  39|0x0000000082700000, 0x0000000082800000, 0x0000000082800000|100%| O|  |TAMS 0x0000000082800000, 0x0000000082800000| Untracked 
|  40|0x0000000082800000, 0x0000000082900000, 0x0000000082900000|100%| O|  |TAMS 0x0000000082900000, 0x0000000082900000| Untracked 
|  41|0x0000000082900000, 0x0000000082a00000, 0x0000000082a00000|100%| O|  |TAMS 0x0000000082a00000, 0x0000000082a00000| Untracked 
|  42|0x0000000082a00000, 0x0000000082b00000, 0x0000000082b00000|100%| O|  |TAMS 0x0000000082b00000, 0x0000000082b00000| Untracked 
|  43|0x0000000082b00000, 0x0000000082c00000, 0x0000000082c00000|100%| O|  |TAMS 0x0000000082c00000, 0x0000000082c00000| Untracked 
|  44|0x0000000082c00000, 0x0000000082d00000, 0x0000000082d00000|100%| O|  |TAMS 0x0000000082d00000, 0x0000000082d00000| Untracked 
|  45|0x0000000082d00000, 0x0000000082e00000, 0x0000000082e00000|100%| O|  |TAMS 0x0000000082e00000, 0x0000000082e00000| Untracked 
|  46|0x0000000082e00000, 0x0000000082f00000, 0x0000000082f00000|100%| O|  |TAMS 0x0000000082eb7800, 0x0000000082f00000| Untracked 
|  47|0x0000000082f00000, 0x0000000083000000, 0x0000000083000000|100%| O|  |TAMS 0x0000000082f00000, 0x0000000083000000| Untracked 
|  48|0x0000000083000000, 0x0000000083100000, 0x0000000083100000|100%| O|  |TAMS 0x0000000083000000, 0x0000000083100000| Untracked 
|  49|0x0000000083100000, 0x0000000083200000, 0x0000000083200000|100%| O|  |TAMS 0x0000000083100000, 0x0000000083200000| Untracked 
|  50|0x0000000083200000, 0x0000000083300000, 0x0000000083300000|100%| O|  |TAMS 0x0000000083200000, 0x0000000083300000| Untracked 
|  51|0x0000000083300000, 0x0000000083400000, 0x0000000083400000|100%| O|  |TAMS 0x0000000083300000, 0x0000000083400000| Untracked 
|  52|0x0000000083400000, 0x0000000083500000, 0x0000000083500000|100%| O|  |TAMS 0x0000000083400000, 0x0000000083419600| Untracked 
|  53|0x0000000083500000, 0x000000008352ae00, 0x0000000083600000| 16%| O|  |TAMS 0x0000000083500000, 0x0000000083500000| Untracked 
|  54|0x0000000083600000, 0x0000000083600000, 0x0000000083700000|  0%| F|  |TAMS 0x0000000083600000, 0x0000000083600000| Untracked 
|  55|0x0000000083700000, 0x0000000083700000, 0x0000000083800000|  0%| F|  |TAMS 0x0000000083700000, 0x0000000083700000| Untracked 
|  56|0x0000000083800000, 0x0000000083800000, 0x0000000083900000|  0%| F|  |TAMS 0x0000000083800000, 0x0000000083800000| Untracked 
|  57|0x0000000083900000, 0x0000000083900000, 0x0000000083a00000|  0%| F|  |TAMS 0x0000000083900000, 0x0000000083900000| Untracked 
|  58|0x0000000083a00000, 0x0000000083a00000, 0x0000000083b00000|  0%| F|  |TAMS 0x0000000083a00000, 0x0000000083a00000| Untracked 
|  59|0x0000000083b00000, 0x0000000083b00000, 0x0000000083c00000|  0%| F|  |TAMS 0x0000000083b00000, 0x0000000083b00000| Untracked 
|  60|0x0000000083c00000, 0x0000000083c00000, 0x0000000083d00000|  0%| F|  |TAMS 0x0000000083c00000, 0x0000000083c00000| Untracked 
|  61|0x0000000083d00000, 0x0000000083d00000, 0x0000000083e00000|  0%| F|  |TAMS 0x0000000083d00000, 0x0000000083d00000| Untracked 
|  62|0x0000000083e00000, 0x0000000083e00000, 0x0000000083f00000|  0%| F|  |TAMS 0x0000000083e00000, 0x0000000083e00000| Untracked 
|  63|0x0000000083f00000, 0x0000000083f00000, 0x0000000084000000|  0%| F|  |TAMS 0x0000000083f00000, 0x0000000083f00000| Untracked 
|  64|0x0000000084000000, 0x0000000084000000, 0x0000000084100000|  0%| F|  |TAMS 0x0000000084000000, 0x0000000084000000| Untracked 
|  65|0x0000000084100000, 0x0000000084100000, 0x0000000084200000|  0%| F|  |TAMS 0x0000000084100000, 0x0000000084100000| Untracked 
|  66|0x0000000084200000, 0x0000000084200000, 0x0000000084300000|  0%| F|  |TAMS 0x0000000084200000, 0x0000000084200000| Untracked 
|  67|0x0000000084300000, 0x0000000084300000, 0x0000000084400000|  0%| F|  |TAMS 0x0000000084300000, 0x0000000084300000| Untracked 
|  68|0x0000000084400000, 0x0000000084400000, 0x0000000084500000|  0%| F|  |TAMS 0x0000000084400000, 0x0000000084400000| Untracked 
|  69|0x0000000084500000, 0x0000000084500000, 0x0000000084600000|  0%| F|  |TAMS 0x0000000084500000, 0x0000000084500000| Untracked 
|  70|0x0000000084600000, 0x0000000084600000, 0x0000000084700000|  0%| F|  |TAMS 0x0000000084600000, 0x0000000084600000| Untracked 
|  71|0x0000000084700000, 0x0000000084700000, 0x0000000084800000|  0%| F|  |TAMS 0x0000000084700000, 0x0000000084700000| Untracked 
|  72|0x0000000084800000, 0x0000000084800000, 0x0000000084900000|  0%| F|  |TAMS 0x0000000084800000, 0x0000000084800000| Untracked 
|  73|0x0000000084900000, 0x0000000084900000, 0x0000000084a00000|  0%| F|  |TAMS 0x0000000084900000, 0x0000000084900000| Untracked 
|  74|0x0000000084a00000, 0x0000000084a00000, 0x0000000084b00000|  0%| F|  |TAMS 0x0000000084a00000, 0x0000000084a00000| Untracked 
|  75|0x0000000084b00000, 0x0000000084b00000, 0x0000000084c00000|  0%| F|  |TAMS 0x0000000084b00000, 0x0000000084b00000| Untracked 
|  76|0x0000000084c00000, 0x0000000084c00000, 0x0000000084d00000|  0%| F|  |TAMS 0x0000000084c00000, 0x0000000084c00000| Untracked 
|  77|0x0000000084d00000, 0x0000000084d00000, 0x0000000084e00000|  0%| F|  |TAMS 0x0000000084d00000, 0x0000000084d00000| Untracked 
|  78|0x0000000084e00000, 0x0000000084e00000, 0x0000000084f00000|  0%| F|  |TAMS 0x0000000084e00000, 0x0000000084e00000| Untracked 
|  79|0x0000000084f00000, 0x0000000084f00000, 0x0000000085000000|  0%| F|  |TAMS 0x0000000084f00000, 0x0000000084f00000| Untracked 
|  80|0x0000000085000000, 0x0000000085000000, 0x0000000085100000|  0%| F|  |TAMS 0x0000000085000000, 0x0000000085000000| Untracked 
|  81|0x0000000085100000, 0x0000000085100000, 0x0000000085200000|  0%| F|  |TAMS 0x0000000085100000, 0x0000000085100000| Untracked 
|  82|0x0000000085200000, 0x0000000085200000, 0x0000000085300000|  0%| F|  |TAMS 0x0000000085200000, 0x0000000085200000| Untracked 
|  83|0x0000000085300000, 0x0000000085300000, 0x0000000085400000|  0%| F|  |TAMS 0x0000000085300000, 0x0000000085300000| Untracked 
|  84|0x0000000085400000, 0x0000000085400000, 0x0000000085500000|  0%| F|  |TAMS 0x0000000085400000, 0x0000000085400000| Untracked 
|  85|0x0000000085500000, 0x0000000085500000, 0x0000000085600000|  0%| F|  |TAMS 0x0000000085500000, 0x0000000085500000| Untracked 
|  86|0x0000000085600000, 0x0000000085600000, 0x0000000085700000|  0%| F|  |TAMS 0x0000000085600000, 0x0000000085600000| Untracked 
|  87|0x0000000085700000, 0x0000000085700000, 0x0000000085800000|  0%| F|  |TAMS 0x0000000085700000, 0x0000000085700000| Untracked 
|  88|0x0000000085800000, 0x0000000085800000, 0x0000000085900000|  0%| F|  |TAMS 0x0000000085800000, 0x0000000085800000| Untracked 
|  89|0x0000000085900000, 0x0000000085900000, 0x0000000085a00000|  0%| F|  |TAMS 0x0000000085900000, 0x0000000085900000| Untracked 
|  90|0x0000000085a00000, 0x0000000085a00000, 0x0000000085b00000|  0%| F|  |TAMS 0x0000000085a00000, 0x0000000085a00000| Untracked 
|  91|0x0000000085b00000, 0x0000000085b00000, 0x0000000085c00000|  0%| F|  |TAMS 0x0000000085b00000, 0x0000000085b00000| Untracked 
|  92|0x0000000085c00000, 0x0000000085c00000, 0x0000000085d00000|  0%| F|  |TAMS 0x0000000085c00000, 0x0000000085c00000| Untracked 
|  93|0x0000000085d00000, 0x0000000085d00000, 0x0000000085e00000|  0%| F|  |TAMS 0x0000000085d00000, 0x0000000085d00000| Untracked 
|  94|0x0000000085e00000, 0x0000000085e00000, 0x0000000085f00000|  0%| F|  |TAMS 0x0000000085e00000, 0x0000000085e00000| Untracked 
|  95|0x0000000085f00000, 0x0000000085f00000, 0x0000000086000000|  0%| F|  |TAMS 0x0000000085f00000, 0x0000000085f00000| Untracked 
|  96|0x0000000086000000, 0x0000000086000000, 0x0000000086100000|  0%| F|  |TAMS 0x0000000086000000, 0x0000000086000000| Untracked 
|  97|0x0000000086100000, 0x0000000086100000, 0x0000000086200000|  0%| F|  |TAMS 0x0000000086100000, 0x0000000086100000| Untracked 
|  98|0x0000000086200000, 0x0000000086200000, 0x0000000086300000|  0%| F|  |TAMS 0x0000000086200000, 0x0000000086200000| Untracked 
|  99|0x0000000086300000, 0x0000000086300000, 0x0000000086400000|  0%| F|  |TAMS 0x0000000086300000, 0x0000000086300000| Untracked 
| 100|0x0000000086400000, 0x0000000086400000, 0x0000000086500000|  0%| F|  |TAMS 0x0000000086400000, 0x0000000086400000| Untracked 
| 101|0x0000000086500000, 0x0000000086500000, 0x0000000086600000|  0%| F|  |TAMS 0x0000000086500000, 0x0000000086500000| Untracked 
| 102|0x0000000086600000, 0x0000000086600000, 0x0000000086700000|  0%| F|  |TAMS 0x0000000086600000, 0x0000000086600000| Untracked 
| 103|0x0000000086700000, 0x0000000086700000, 0x0000000086800000|  0%| F|  |TAMS 0x0000000086700000, 0x0000000086700000| Untracked 
| 104|0x0000000086800000, 0x0000000086800000, 0x0000000086900000|  0%| F|  |TAMS 0x0000000086800000, 0x0000000086800000| Untracked 
| 105|0x0000000086900000, 0x0000000086900000, 0x0000000086a00000|  0%| F|  |TAMS 0x0000000086900000, 0x0000000086900000| Untracked 
| 106|0x0000000086a00000, 0x0000000086a00000, 0x0000000086b00000|  0%| F|  |TAMS 0x0000000086a00000, 0x0000000086a00000| Untracked 
| 107|0x0000000086b00000, 0x0000000086b00000, 0x0000000086c00000|  0%| F|  |TAMS 0x0000000086b00000, 0x0000000086b00000| Untracked 
| 108|0x0000000086c00000, 0x0000000086c00000, 0x0000000086d00000|  0%| F|  |TAMS 0x0000000086c00000, 0x0000000086c00000| Untracked 
| 109|0x0000000086d00000, 0x0000000086d00000, 0x0000000086e00000|  0%| F|  |TAMS 0x0000000086d00000, 0x0000000086d00000| Untracked 
| 110|0x0000000086e00000, 0x0000000086e00000, 0x0000000086f00000|  0%| F|  |TAMS 0x0000000086e00000, 0x0000000086e00000| Untracked 
| 111|0x0000000086f00000, 0x0000000086f00000, 0x0000000087000000|  0%| F|  |TAMS 0x0000000086f00000, 0x0000000086f00000| Untracked 
| 112|0x0000000087000000, 0x0000000087000000, 0x0000000087100000|  0%| F|  |TAMS 0x0000000087000000, 0x0000000087000000| Untracked 
| 113|0x0000000087100000, 0x0000000087100000, 0x0000000087200000|  0%| F|  |TAMS 0x0000000087100000, 0x0000000087100000| Untracked 
| 114|0x0000000087200000, 0x0000000087200000, 0x0000000087300000|  0%| F|  |TAMS 0x0000000087200000, 0x0000000087200000| Untracked 
| 115|0x0000000087300000, 0x0000000087300000, 0x0000000087400000|  0%| F|  |TAMS 0x0000000087300000, 0x0000000087300000| Untracked 
| 116|0x0000000087400000, 0x0000000087400000, 0x0000000087500000|  0%| F|  |TAMS 0x0000000087400000, 0x0000000087400000| Untracked 
| 117|0x0000000087500000, 0x0000000087500000, 0x0000000087600000|  0%| F|  |TAMS 0x0000000087500000, 0x0000000087500000| Untracked 
| 118|0x0000000087600000, 0x0000000087600000, 0x0000000087700000|  0%| F|  |TAMS 0x0000000087600000, 0x0000000087600000| Untracked 
| 119|0x0000000087700000, 0x0000000087700000, 0x0000000087800000|  0%| F|  |TAMS 0x0000000087700000, 0x0000000087700000| Untracked 
| 120|0x0000000087800000, 0x0000000087800000, 0x0000000087900000|  0%| F|  |TAMS 0x0000000087800000, 0x0000000087800000| Untracked 
| 121|0x0000000087900000, 0x0000000087900000, 0x0000000087a00000|  0%| F|  |TAMS 0x0000000087900000, 0x0000000087900000| Untracked 
| 122|0x0000000087a00000, 0x0000000087a00000, 0x0000000087b00000|  0%| F|  |TAMS 0x0000000087a00000, 0x0000000087a00000| Untracked 
| 123|0x0000000087b00000, 0x0000000087b00000, 0x0000000087c00000|  0%| F|  |TAMS 0x0000000087b00000, 0x0000000087b00000| Untracked 
| 124|0x0000000087c00000, 0x0000000087c00000, 0x0000000087d00000|  0%| F|  |TAMS 0x0000000087c00000, 0x0000000087c00000| Untracked 
| 125|0x0000000087d00000, 0x0000000087d00000, 0x0000000087e00000|  0%| F|  |TAMS 0x0000000087d00000, 0x0000000087d00000| Untracked 
| 126|0x0000000087e00000, 0x0000000087e00000, 0x0000000087f00000|  0%| F|  |TAMS 0x0000000087e00000, 0x0000000087e00000| Untracked 
| 127|0x0000000087f00000, 0x0000000087f00000, 0x0000000088000000|  0%| F|  |TAMS 0x0000000087f00000, 0x0000000087f00000| Untracked 
| 128|0x0000000088000000, 0x0000000088000000, 0x0000000088100000|  0%| F|  |TAMS 0x0000000088000000, 0x0000000088000000| Untracked 
| 129|0x0000000088100000, 0x0000000088100000, 0x0000000088200000|  0%| F|  |TAMS 0x0000000088100000, 0x0000000088100000| Untracked 
| 130|0x0000000088200000, 0x0000000088200000, 0x0000000088300000|  0%| F|  |TAMS 0x0000000088200000, 0x0000000088200000| Untracked 
| 131|0x0000000088300000, 0x0000000088300000, 0x0000000088400000|  0%| F|  |TAMS 0x0000000088300000, 0x0000000088300000| Untracked 
| 132|0x0000000088400000, 0x0000000088400000, 0x0000000088500000|  0%| F|  |TAMS 0x0000000088400000, 0x0000000088400000| Untracked 
| 133|0x0000000088500000, 0x0000000088500000, 0x0000000088600000|  0%| F|  |TAMS 0x0000000088500000, 0x0000000088500000| Untracked 
| 134|0x0000000088600000, 0x0000000088600000, 0x0000000088700000|  0%| F|  |TAMS 0x0000000088600000, 0x0000000088600000| Untracked 
| 135|0x0000000088700000, 0x0000000088700000, 0x0000000088800000|  0%| F|  |TAMS 0x0000000088700000, 0x0000000088700000| Untracked 
| 136|0x0000000088800000, 0x0000000088800000, 0x0000000088900000|  0%| F|  |TAMS 0x0000000088800000, 0x0000000088800000| Untracked 
| 137|0x0000000088900000, 0x0000000088900000, 0x0000000088a00000|  0%| F|  |TAMS 0x0000000088900000, 0x0000000088900000| Untracked 
| 138|0x0000000088a00000, 0x0000000088a00000, 0x0000000088b00000|  0%| F|  |TAMS 0x0000000088a00000, 0x0000000088a00000| Untracked 
| 139|0x0000000088b00000, 0x0000000088b00000, 0x0000000088c00000|  0%| F|  |TAMS 0x0000000088b00000, 0x0000000088b00000| Untracked 
| 140|0x0000000088c00000, 0x0000000088c00000, 0x0000000088d00000|  0%| F|  |TAMS 0x0000000088c00000, 0x0000000088c00000| Untracked 
| 141|0x0000000088d00000, 0x0000000088d63470, 0x0000000088e00000| 38%| S|CS|TAMS 0x0000000088d00000, 0x0000000088d00000| Complete 
| 142|0x0000000088e00000, 0x0000000088e00000, 0x0000000088f00000|  0%| F|  |TAMS 0x0000000088e00000, 0x0000000088e00000| Untracked 
| 143|0x0000000088f00000, 0x0000000088f00000, 0x0000000089000000|  0%| F|  |TAMS 0x0000000088f00000, 0x0000000088f00000| Untracked 
| 144|0x0000000089000000, 0x0000000089000000, 0x0000000089100000|  0%| F|  |TAMS 0x0000000089000000, 0x0000000089000000| Untracked 
| 251|0x000000008fb00000, 0x000000008fb00000, 0x000000008fc00000|  0%| F|  |TAMS 0x000000008fb00000, 0x000000008fb00000| Untracked 

Card table byte_map: [0x00000220fab30000,0x00000220faf30000] _byte_map_base: 0x00000220fa730000

Marking Bits (Prev, Next): (CMBitMap*) 0x00000220e33c5510, (CMBitMap*) 0x00000220e33c5550
 Prev Bits: [0x00000220fb330000, 0x00000220fd330000)
 Next Bits: [0x00000220fd330000, 0x00000220ff330000)

Polling page: 0x00000220e1270000

Metaspace:

Usage:
  Non-class:     49.32 MB used.
      Class:      7.91 MB used.
       Both:     57.22 MB used.

Virtual space:
  Non-class space:       64.00 MB reserved,      49.62 MB ( 78%) committed,  1 nodes.
      Class space:      416.00 MB reserved,       8.19 MB (  2%) committed,  1 nodes.
             Both:      480.00 MB reserved,      57.81 MB ( 12%) committed. 

Chunk freelists:
   Non-Class:  13.54 MB
       Class:  7.79 MB
        Both:  21.33 MB

MaxMetaspaceSize: 512.00 MB
CompressedClassSpaceSize: 416.00 MB
Initial GC threshold: 21.00 MB
Current GC threshold: 95.75 MB
CDS: on
MetaspaceReclaimPolicy: balanced
 - commit_granule_bytes: 65536.
 - commit_granule_words: 8192.
 - virtual_space_node_default_size: 8388608.
 - enlarge_chunks_in_place: 1.
 - new_chunks_are_fully_committed: 0.
 - uncommit_free_chunks: 1.
 - use_allocation_guard: 0.
 - handle_deallocations: 1.


Internal statistics:

num_allocs_failed_limit: 6.
num_arena_births: 712.
num_arena_deaths: 0.
num_vsnodes_births: 2.
num_vsnodes_deaths: 0.
num_space_committed: 925.
num_space_uncommitted: 0.
num_chunks_returned_to_freelist: 6.
num_chunks_taken_from_freelist: 3025.
num_chunk_merges: 6.
num_chunk_splits: 2023.
num_chunks_enlarged: 1370.
num_inconsistent_stats: 0.

CodeHeap 'non-profiled nmethods': size=119168Kb used=4852Kb max_used=4852Kb free=114315Kb
 bounds [0x00000220f2a40000, 0x00000220f2f00000, 0x00000220f9ea0000]
CodeHeap 'profiled nmethods': size=119104Kb used=14822Kb max_used=14822Kb free=104281Kb
 bounds [0x00000220eaea0000, 0x00000220ebd20000, 0x00000220f22f0000]
CodeHeap 'non-nmethods': size=7488Kb used=2355Kb max_used=4059Kb free=5132Kb
 bounds [0x00000220f22f0000, 0x00000220f2700000, 0x00000220f2a40000]
 total_blobs=8494 nmethods=7613 adapters=793
 compilation: enabled
              stopped_count=0, restarted_count=0
 full_count=0

Compilation events (20 events):
Event: 8390.937 Thread 0x00000220ffa67600 8475       4       java.util.concurrent.ScheduledThreadPoolExecutor$DelayedWorkQueue::add (9 bytes)
Event: 8393.867 Thread 0x00000220ffa67600 nmethod 8475 0x00000220f2ef7110 code [0x00000220f2ef7300, 0x00000220f2ef8270]
Event: 8393.976 Thread 0x00000220ffa67600 8476       4       java.util.concurrent.ThreadPoolExecutor::ensurePrestart (41 bytes)
Event: 8395.282 Thread 0x00000220ffa67600 nmethod 8476 0x00000220f2ef8990 code [0x00000220f2ef8b20, 0x00000220f2ef8c08]
Event: 8395.969 Thread 0x00000220ffa6aa90 8477       3       org.gradle.launcher.daemon.server.expiry.AnyDaemonExpirationStrategy::checkExpiration (114 bytes)
Event: 8398.064 Thread 0x00000220ffa6aa90 nmethod 8477 0x00000220ebd13a10 code [0x00000220ebd13da0, 0x00000220ebd15958]
Event: 8399.556 Thread 0x00000220ffa6aa90 8478       3       org.gradle.internal.time.DefaultCountdownTimer::hasExpired (15 bytes)
Event: 8399.560 Thread 0x00000220ffa6aa90 nmethod 8478 0x00000220ebd16290 code [0x00000220ebd16440, 0x00000220ebd16788]
Event: 8414.234 Thread 0x00000220ffa67600 8479   !   4       java.util.concurrent.ThreadPoolExecutor::getTask (177 bytes)
Event: 8414.524 Thread 0x00000220ffa6aa90 8480       1       java.util.Formatter$FixedString::index (3 bytes)
Event: 8414.524 Thread 0x00000220ffa6aa90 nmethod 8480 0x00000220f2ef8d10 code [0x00000220f2ef8ea0, 0x00000220f2ef8f78]
Event: 8425.204 Thread 0x00000220ffa67600 nmethod 8479 0x00000220f2ef9010 code [0x00000220f2ef9280, 0x00000220f2efa420]
Event: 8425.206 Thread 0x00000220ffa67600 8484   !   4       java.util.concurrent.ScheduledThreadPoolExecutor$DelayedWorkQueue::take (203 bytes)
Event: 8425.222 Thread 0x00000220ffa6aa90 8489       1       org.gradle.launcher.daemon.registry.DaemonInfo::getContext (5 bytes)
Event: 8425.304 Thread 0x00000220ffa6aa90 nmethod 8489 0x00000220f2efb290 code [0x00000220f2efb420, 0x00000220f2efb4f8]
Event: 8425.304 Thread 0x00000220ffa6aa90 8490       3       org.gradle.internal.jvm.Jvm::findToolsJar (166 bytes)
Event: 8425.513 Thread 0x00000220ffa67600 nmethod 8484 0x00000220f2efb590 code [0x00000220f2efb7a0, 0x00000220f2efc520]
Event: 8425.513 Thread 0x00000220ffa67600 8485       4       java.util.concurrent.ScheduledThreadPoolExecutor$ScheduledFutureTask::setNextRunTime (38 bytes)
Event: 8425.556 Thread 0x00000220ffa67600 nmethod 8485 0x00000220f2efcf10 code [0x00000220f2efd080, 0x00000220f2efd138]
Event: 8425.556 Thread 0x00000220ffa67600 8486       4       java.util.concurrent.ScheduledThreadPoolExecutor$ScheduledFutureTask::run (57 bytes)

GC Heap History (20 events):
Event: 863.357 GC heap after
{Heap after GC invocations=27 (full 0):
 garbage-first heap   total 118784K, used 53729K [0x0000000080000000, 0x0000000100000000)
  region size 1024K, 3 young (3072K), 3 survivors (3072K)
 Metaspace       used 58383K, committed 58944K, reserved 491520K
  class space    used 8091K, committed 8384K, reserved 425984K
}
Event: 977.302 GC heap before
{Heap before GC invocations=27 (full 0):
 garbage-first heap   total 118784K, used 98785K [0x0000000080000000, 0x0000000100000000)
  region size 1024K, 47 young (48128K), 3 survivors (3072K)
 Metaspace       used 58395K, committed 59008K, reserved 491520K
  class space    used 8091K, committed 8384K, reserved 425984K
}
Event: 977.331 GC heap after
{Heap after GC invocations=28 (full 0):
 garbage-first heap   total 118784K, used 54009K [0x0000000080000000, 0x0000000100000000)
  region size 1024K, 4 young (4096K), 4 survivors (4096K)
 Metaspace       used 58395K, committed 59008K, reserved 491520K
  class space    used 8091K, committed 8384K, reserved 425984K
}
Event: 1097.314 GC heap before
{Heap before GC invocations=28 (full 0):
 garbage-first heap   total 118784K, used 99065K [0x0000000080000000, 0x0000000100000000)
  region size 1024K, 48 young (49152K), 4 survivors (4096K)
 Metaspace       used 58436K, committed 59072K, reserved 491520K
  class space    used 8091K, committed 8384K, reserved 425984K
}
Event: 1097.355 GC heap after
{Heap after GC invocations=29 (full 0):
 garbage-first heap   total 118784K, used 54536K [0x0000000080000000, 0x0000000100000000)
  region size 1024K, 4 young (4096K), 4 survivors (4096K)
 Metaspace       used 58436K, committed 59072K, reserved 491520K
  class space    used 8091K, committed 8384K, reserved 425984K
}
Event: 1222.195 GC heap before
{Heap before GC invocations=29 (full 0):
 garbage-first heap   total 118784K, used 100616K [0x0000000080000000, 0x0000000100000000)
  region size 1024K, 49 young (50176K), 4 survivors (4096K)
 Metaspace       used 58482K, committed 59136K, reserved 491520K
  class space    used 8091K, committed 8384K, reserved 425984K
}
Event: 1222.246 GC heap after
{Heap after GC invocations=30 (full 0):
 garbage-first heap   total 118784K, used 54963K [0x0000000080000000, 0x0000000100000000)
  region size 1024K, 5 young (5120K), 5 survivors (5120K)
 Metaspace       used 58482K, committed 59136K, reserved 491520K
  class space    used 8091K, committed 8384K, reserved 425984K
}
Event: 1763.074 GC heap before
{Heap before GC invocations=30 (full 0):
 garbage-first heap   total 118784K, used 98995K [0x0000000080000000, 0x0000000100000000)
  region size 1024K, 48 young (49152K), 5 survivors (5120K)
 Metaspace       used 58558K, committed 59200K, reserved 491520K
  class space    used 8092K, committed 8384K, reserved 425984K
}
Event: 1763.127 GC heap after
{Heap after GC invocations=31 (full 0):
 garbage-first heap   total 118784K, used 54678K [0x0000000080000000, 0x0000000100000000)
  region size 1024K, 2 young (2048K), 2 survivors (2048K)
 Metaspace       used 58558K, committed 59200K, reserved 491520K
  class space    used 8092K, committed 8384K, reserved 425984K
}
Event: 8404.241 GC heap before
{Heap before GC invocations=31 (full 0):
 garbage-first heap   total 118784K, used 101782K [0x0000000080000000, 0x0000000100000000)
  region size 1024K, 48 young (49152K), 2 survivors (2048K)
 Metaspace       used 58592K, committed 59200K, reserved 491520K
  class space    used 8095K, committed 8384K, reserved 425984K
}
Event: 8412.718 GC heap after
{Heap after GC invocations=32 (full 0):
 garbage-first heap   total 118784K, used 54618K [0x0000000080000000, 0x0000000100000000)
  region size 1024K, 2 young (2048K), 2 survivors (2048K)
 Metaspace       used 58592K, committed 59200K, reserved 491520K
  class space    used 8095K, committed 8384K, reserved 425984K
}
Event: 8423.097 GC heap before
{Heap before GC invocations=32 (full 0):
 garbage-first heap   total 118784K, used 57690K [0x0000000080000000, 0x0000000100000000)
  region size 1024K, 5 young (5120K), 2 survivors (2048K)
 Metaspace       used 58593K, committed 59200K, reserved 491520K
  class space    used 8095K, committed 8384K, reserved 425984K
}
Event: 8423.834 GC heap after
{Heap after GC invocations=33 (full 0):
 garbage-first heap   total 118784K, used 54476K [0x0000000080000000, 0x0000000100000000)
  region size 1024K, 1 young (1024K), 1 survivors (1024K)
 Metaspace       used 58593K, committed 59200K, reserved 491520K
  class space    used 8095K, committed 8384K, reserved 425984K
}
Event: 8424.601 GC heap before
{Heap before GC invocations=33 (full 0):
 garbage-first heap   total 118784K, used 58572K [0x0000000080000000, 0x0000000100000000)
  region size 1024K, 5 young (5120K), 1 survivors (1024K)
 Metaspace       used 58593K, committed 59200K, reserved 491520K
  class space    used 8095K, committed 8384K, reserved 425984K
}
Event: 8424.731 GC heap after
{Heap after GC invocations=34 (full 0):
 garbage-first heap   total 118784K, used 54362K [0x0000000080000000, 0x0000000100000000)
  region size 1024K, 1 young (1024K), 1 survivors (1024K)
 Metaspace       used 58593K, committed 59200K, reserved 491520K
  class space    used 8095K, committed 8384K, reserved 425984K
}
Event: 8425.111 GC heap before
{Heap before GC invocations=34 (full 0):
 garbage-first heap   total 118784K, used 58458K [0x0000000080000000, 0x0000000100000000)
  region size 1024K, 5 young (5120K), 1 survivors (1024K)
 Metaspace       used 58593K, committed 59200K, reserved 491520K
  class space    used 8095K, committed 8384K, reserved 425984K
}
Event: 8425.132 GC heap after
{Heap after GC invocations=35 (full 0):
 garbage-first heap   total 118784K, used 54432K [0x0000000080000000, 0x0000000100000000)
  region size 1024K, 1 young (1024K), 1 survivors (1024K)
 Metaspace       used 58593K, committed 59200K, reserved 491520K
  class space    used 8095K, committed 8384K, reserved 425984K
}
Event: 8425.454 GC heap before
{Heap before GC invocations=35 (full 0):
 garbage-first heap   total 118784K, used 58528K [0x0000000080000000, 0x0000000100000000)
  region size 1024K, 5 young (5120K), 1 survivors (1024K)
 Metaspace       used 58593K, committed 59200K, reserved 491520K
  class space    used 8095K, committed 8384K, reserved 425984K
}
Event: 8425.485 GC heap after
{Heap after GC invocations=36 (full 0):
 garbage-first heap   total 118784K, used 54366K [0x0000000080000000, 0x0000000100000000)
  region size 1024K, 1 young (1024K), 1 survivors (1024K)
 Metaspace       used 58593K, committed 59200K, reserved 491520K
  class space    used 8095K, committed 8384K, reserved 425984K
}
Event: 8425.814 GC heap before
{Heap before GC invocations=36 (full 0):
 garbage-first heap   total 118784K, used 58462K [0x0000000080000000, 0x0000000100000000)
  region size 1024K, 5 young (5120K), 1 survivors (1024K)
 Metaspace       used 58595K, committed 59200K, reserved 491520K
  class space    used 8095K, committed 8384K, reserved 425984K
}

Dll operation events (13 events):
Event: 0.075 Loaded shared library C:\Program Files\Eclipse Adoptium\jdk-17.0.15.6-hotspot\bin\java.dll
Event: 0.247 Loaded shared library C:\Program Files\Eclipse Adoptium\jdk-17.0.15.6-hotspot\bin\jsvml.dll
Event: 0.578 Loaded shared library C:\Program Files\Eclipse Adoptium\jdk-17.0.15.6-hotspot\bin\net.dll
Event: 0.601 Loaded shared library C:\Program Files\Eclipse Adoptium\jdk-17.0.15.6-hotspot\bin\nio.dll
Event: 0.686 Loaded shared library C:\Program Files\Eclipse Adoptium\jdk-17.0.15.6-hotspot\bin\zip.dll
Event: 1.628 Loaded shared library C:\Program Files\Eclipse Adoptium\jdk-17.0.15.6-hotspot\bin\jimage.dll
Event: 2.153 Loaded shared library C:\Program Files\Eclipse Adoptium\jdk-17.0.15.6-hotspot\bin\verify.dll
Event: 3.755 Loaded shared library C:\Users\karth\.gradle\native\68d5fa5c4cc2d200863cafc0d521ce42e7d3e7ee720ec0a83991735586a16f82\windows-amd64\native-platform.dll
Event: 4.170 Loaded shared library C:\Users\karth\.gradle\native\e376f236ea51e6404a007f0833ffe2c6e607c4080706a723a18a27aeea778392\windows-amd64\native-platform-file-events.dll
Event: 15.753 Loaded shared library C:\Program Files\Eclipse Adoptium\jdk-17.0.15.6-hotspot\bin\management.dll
Event: 15.771 Loaded shared library C:\Program Files\Eclipse Adoptium\jdk-17.0.15.6-hotspot\bin\management_ext.dll
Event: 19.906 Loaded shared library C:\Program Files\Eclipse Adoptium\jdk-17.0.15.6-hotspot\bin\extnet.dll
Event: 61.132 Loaded shared library C:\Program Files\Eclipse Adoptium\jdk-17.0.15.6-hotspot\bin\sunmscapi.dll

Deoptimization events (20 events):
Event: 965.710 Thread 0x00000220ffa61900 Uncommon trap: trap_request=0xffffff45 fr.pc=0x00000220f2a9c1e0 relative=0x0000000000000620
Event: 965.710 Thread 0x00000220ffa61900 Uncommon trap: reason=unstable_if action=reinterpret pc=0x00000220f2a9c1e0 method=java.lang.AbstractStringBuilder.append(Ljava/lang/String;)Ljava/lang/AbstractStringBuilder; @ 1 c2
Event: 965.710 Thread 0x00000220ffa61900 DEOPT PACKING pc=0x00000220f2a9c1e0 sp=0x000000adc65fe230
Event: 965.711 Thread 0x00000220ffa61900 DEOPT UNPACKING pc=0x00000220f23469a3 sp=0x000000adc65fe1b0 mode 2
Event: 965.714 Thread 0x00000220ffa61900 Uncommon trap: trap_request=0xffffff45 fr.pc=0x00000220f2a7bbf0 relative=0x0000000000000630
Event: 965.714 Thread 0x00000220ffa61900 Uncommon trap: reason=unstable_if action=reinterpret pc=0x00000220f2a7bbf0 method=java.lang.AbstractStringBuilder.append(Ljava/lang/String;)Ljava/lang/AbstractStringBuilder; @ 1 c2
Event: 965.715 Thread 0x00000220ffa61900 DEOPT PACKING pc=0x00000220f2a7bbf0 sp=0x000000adc65fe1d0
Event: 965.715 Thread 0x00000220ffa61900 DEOPT UNPACKING pc=0x00000220f23469a3 sp=0x000000adc65fe1b8 mode 2
Event: 1000.774 Thread 0x00000220a34af900 Uncommon trap: trap_request=0xffffff45 fr.pc=0x00000220f2e52f20 relative=0x0000000000001b60
Event: 1000.774 Thread 0x00000220a34af900 Uncommon trap: reason=unstable_if action=reinterpret pc=0x00000220f2e52f20 method=java.util.concurrent.locks.ReentrantLock$NonfairSync.tryAcquire(I)Z @ 13 c2
Event: 1000.774 Thread 0x00000220a34af900 DEOPT PACKING pc=0x00000220f2e52f20 sp=0x000000adc68f77e0
Event: 1000.774 Thread 0x00000220a34af900 DEOPT UNPACKING pc=0x00000220f23469a3 sp=0x000000adc68f7728 mode 2
Event: 1756.164 Thread 0x00000220a34af900 Uncommon trap: trap_request=0xffffff45 fr.pc=0x00000220f2e9ffc4 relative=0x0000000000000124
Event: 1756.166 Thread 0x00000220a34af900 Uncommon trap: reason=unstable_if action=reinterpret pc=0x00000220f2e9ffc4 method=org.gradle.internal.time.DefaultCountdownTimer.hasExpired()Z @ 6 c2
Event: 1756.166 Thread 0x00000220a34af900 DEOPT PACKING pc=0x00000220f2e9ffc4 sp=0x000000adc68f79e0
Event: 1756.167 Thread 0x00000220a34af900 DEOPT UNPACKING pc=0x00000220f23469a3 sp=0x000000adc68f79a8 mode 2
Event: 1756.168 Thread 0x00000220a34af900 Uncommon trap: trap_request=0xffffff45 fr.pc=0x00000220f2e84fc4 relative=0x0000000000006444
Event: 1756.170 Thread 0x00000220a34af900 Uncommon trap: reason=unstable_if action=reinterpret pc=0x00000220f2e84fc4 method=org.gradle.internal.io.ExponentialBackoff.retryUntil(Lorg/gradle/internal/io/IOQuery;)Ljava/lang/Object; @ 25 c2
Event: 1756.171 Thread 0x00000220a34af900 DEOPT PACKING pc=0x00000220f2e84fc4 sp=0x000000adc68f7a40
Event: 1756.173 Thread 0x00000220a34af900 DEOPT UNPACKING pc=0x00000220f23469a3 sp=0x000000adc68f7ab8 mode 2

Classes loaded (20 events):
Event: 702.075 Loading class java/lang/Byte$ByteCache
Event: 702.075 Loading class java/lang/Byte$ByteCache done
Event: 702.551 Loading class java/util/regex/Pattern$SliceI
Event: 702.551 Loading class java/util/regex/Pattern$SliceI done
Event: 725.511 Loading class jdk/internal/loader/URLClassPath$FileLoader
Event: 725.511 Loading class jdk/internal/loader/URLClassPath$FileLoader done
Event: 725.589 Loading class jdk/internal/loader/URLClassPath$FileLoader$1
Event: 725.589 Loading class jdk/internal/loader/URLClassPath$FileLoader$1 done
Event: 728.264 Loading class java/lang/AbstractMethodError
Event: 728.264 Loading class java/lang/AbstractMethodError done
Event: 728.657 Loading class java/time/temporal/WeekFields
Event: 728.658 Loading class java/time/temporal/WeekFields done
Event: 728.658 Loading class java/time/temporal/WeekFields$ComputedDayOfField
Event: 728.659 Loading class java/time/temporal/WeekFields$ComputedDayOfField done
Event: 728.709 Loading class java/time/Month$1
Event: 728.709 Loading class java/time/Month$1 done
Event: 728.728 Loading class java/nio/channels/Channels
Event: 728.728 Loading class java/nio/channels/Channels done
Event: 728.728 Loading class java/nio/channels/Channels$1
Event: 728.729 Loading class java/nio/channels/Channels$1 done

Classes unloaded (0 events):
No events

Classes redefined (0 events):
No events

Internal exceptions (20 events):
Event: 730.231 Thread 0x00000220a34af900 Exception <a 'java/lang/ClassNotFoundException'{0x0000000088fdd168}: org/gradle/api/internal/initialization/DefaultScriptHandlerCustomizer> (0x0000000088fdd168) 
thrown [s\src\hotspot\share\classfile\systemDictionary.cpp, line 256]
Event: 730.394 Thread 0x00000220a34af900 Exception <a 'java/lang/ClassNotFoundException'{0x0000000088bf0b88}: org/gradle/api/internal/artifacts/dsl/DefaultRepositoryHandler_DecoratedBeanInfo> (0x0000000088bf0b88) 
thrown [s\src\hotspot\share\classfile\systemDictionary.cpp, line 256]
Event: 730.394 Thread 0x00000220a34af900 Exception <a 'java/lang/ClassNotFoundException'{0x0000000088a091c8}: org/gradle/api/internal/artifacts/dsl/DefaultRepositoryHandlerBeanInfo> (0x0000000088a091c8) 
thrown [s\src\hotspot\share\classfile\systemDictionary.cpp, line 256]
Event: 730.395 Thread 0x00000220a34af900 Exception <a 'java/lang/ClassNotFoundException'{0x0000000088a21b08}: org/gradle/api/internal/artifacts/DefaultArtifactRepositoryContainerBeanInfo> (0x0000000088a21b08) 
thrown [s\src\hotspot\share\classfile\systemDictionary.cpp, line 256]
Event: 730.406 Thread 0x00000220a34af900 Exception <a 'java/lang/ClassNotFoundException'{0x0000000088a36648}: org/gradle/api/internal/DefaultNamedDomainObjectListBeanInfo> (0x0000000088a36648) 
thrown [s\src\hotspot\share\classfile\systemDictionary.cpp, line 256]
Event: 730.407 Thread 0x00000220a34af900 Exception <a 'java/lang/ClassNotFoundException'{0x0000000088a4b5f0}: org/gradle/api/internal/DefaultNamedDomainObjectCollectionBeanInfo> (0x0000000088a4b5f0) 
thrown [s\src\hotspot\share\classfile\systemDictionary.cpp, line 256]
Event: 730.418 Thread 0x00000220a34af900 Exception <a 'java/lang/ClassNotFoundException'{0x0000000088a603d8}: org/gradle/api/internal/DefaultDomainObjectCollectionBeanInfo> (0x0000000088a603d8) 
thrown [s\src\hotspot\share\classfile\systemDictionary.cpp, line 256]
Event: 730.419 Thread 0x00000220a34af900 Exception <a 'java/lang/ClassNotFoundException'{0x0000000088a752f8}: org/gradle/api/internal/DefaultDomainObjectCollectionCustomizer> (0x0000000088a752f8) 
thrown [s\src\hotspot\share\classfile\systemDictionary.cpp, line 256]
Event: 730.442 Thread 0x00000220a34af900 Exception <a 'java/lang/ClassNotFoundException'{0x0000000088ab2770}: org/gradle/api/internal/DefaultNamedDomainObjectCollectionCustomizer> (0x0000000088ab2770) 
thrown [s\src\hotspot\share\classfile\systemDictionary.cpp, line 256]
Event: 730.464 Thread 0x00000220a34af900 Exception <a 'java/lang/ClassNotFoundException'{0x0000000088afa3f0}: org/gradle/api/internal/DefaultNamedDomainObjectListCustomizer> (0x0000000088afa3f0) 
thrown [s\src\hotspot\share\classfile\systemDictionary.cpp, line 256]
Event: 730.493 Thread 0x00000220a34af900 Exception <a 'java/lang/ClassNotFoundException'{0x000000008893ec50}: org/gradle/api/internal/artifacts/DefaultArtifactRepositoryContainerCustomizer> (0x000000008893ec50) 
thrown [s\src\hotspot\share\classfile\systemDictionary.cpp, line 256]
Event: 730.502 Thread 0x00000220a34af900 Exception <a 'java/lang/ClassNotFoundException'{0x000000008897f4b8}: org/gradle/api/internal/artifacts/dsl/DefaultRepositoryHandlerCustomizer> (0x000000008897f4b8) 
thrown [s\src\hotspot\share\classfile\systemDictionary.cpp, line 256]
Event: 730.647 Thread 0x00000220a34af900 Exception <a 'java/lang/ClassNotFoundException'{0x00000000889cd7c0}: org/gradle/api/internal/artifacts/dsl/DefaultRepositoryHandler_DecoratedCustomizer> (0x00000000889cd7c0) 
thrown [s\src\hotspot\share\classfile\systemDictionary.cpp, line 256]
Event: 730.708 Thread 0x00000220a34af900 Exception <a 'java/lang/ClassNotFoundException'{0x0000000088860fd8}: org/gradle/api/internal/artifacts/dsl/dependencies/DefaultDependencyHandler_DecoratedBeanInfo> (0x0000000088860fd8) 
thrown [s\src\hotspot\share\classfile\systemDictionary.cpp, line 256]
Event: 730.709 Thread 0x00000220a34af900 Exception <a 'java/lang/ClassNotFoundException'{0x0000000088878e10}: org/gradle/api/internal/artifacts/dsl/dependencies/DefaultDependencyHandlerBeanInfo> (0x0000000088878e10) 
thrown [s\src\hotspot\share\classfile\systemDictionary.cpp, line 256]
Event: 730.722 Thread 0x00000220a34af900 Exception <a 'java/lang/ClassNotFoundException'{0x0000000088890948}: org/gradle/api/internal/artifacts/dsl/dependencies/DefaultDependencyHandlerCustomizer> (0x0000000088890948) 
thrown [s\src\hotspot\share\classfile\systemDictionary.cpp, line 256]
Event: 730.735 Thread 0x00000220a34af900 Exception <a 'java/lang/ClassNotFoundException'{0x00000000888da648}: org/gradle/api/internal/artifacts/dsl/dependencies/DefaultDependencyHandler_DecoratedCustomizer> (0x00000000888da648) 
thrown [s\src\hotspot\share\classfile\systemDictionary.cpp, line 256]
Event: 965.709 Thread 0x00000220ffa61900 Implicit null exception at 0x00000220f2a9bbf2 to 0x00000220f2a9c1c8
Event: 965.714 Thread 0x00000220ffa61900 Implicit null exception at 0x00000220f2a7b5f2 to 0x00000220f2a7bbd8
Event: 8416.496 Thread 0x00000220a34af900 Exception <a 'java/lang/reflect/InvocationTargetException'{0x000000008fb12418}> (0x000000008fb12418) 
thrown [s\src\hotspot\share\runtime\reflection.cpp, line 1128]

VM Operations (20 events):
Event: 8394.892 Executing VM operation: Cleanup done
Event: 8399.932 Executing VM operation: Cleanup
Event: 8400.167 Executing VM operation: Cleanup done
Event: 8401.181 Executing VM operation: Cleanup
Event: 8401.219 Executing VM operation: Cleanup done
Event: 8403.996 Executing VM operation: G1CollectForAllocation
Event: 8412.728 Executing VM operation: G1CollectForAllocation done
Event: 8413.728 Executing VM operation: Cleanup
Event: 8413.981 Executing VM operation: Cleanup done
Event: 8416.000 Executing VM operation: Cleanup
Event: 8416.067 Executing VM operation: Cleanup done
Event: 8416.507 Executing VM operation: G1CollectForAllocation
Event: 8423.834 Executing VM operation: G1CollectForAllocation done
Event: 8424.122 Executing VM operation: G1CollectForAllocation
Event: 8424.731 Executing VM operation: G1CollectForAllocation done
Event: 8424.940 Executing VM operation: G1CollectForAllocation
Event: 8425.204 Executing VM operation: G1CollectForAllocation done
Event: 8425.313 Executing VM operation: G1CollectForAllocation
Event: 8425.485 Executing VM operation: G1CollectForAllocation done
Event: 8425.537 Executing VM operation: G1CollectForAllocation

Memory protections (0 events):
No events

Nmethod flushes (20 events):
Event: 657.435 Thread 0x00000220ffa62830 flushing  nmethod 0x00000220eb6cc790
Event: 657.435 Thread 0x00000220ffa62830 flushing  nmethod 0x00000220eb6d6210
Event: 657.435 Thread 0x00000220ffa62830 flushing  nmethod 0x00000220eb6dcf10
Event: 657.435 Thread 0x00000220ffa62830 flushing  nmethod 0x00000220eb6dd410
Event: 657.435 Thread 0x00000220ffa62830 flushing  nmethod 0x00000220eb6de190
Event: 657.435 Thread 0x00000220ffa62830 flushing  nmethod 0x00000220eb6e1d90
Event: 657.435 Thread 0x00000220ffa62830 flushing  nmethod 0x00000220eb6fdb90
Event: 657.435 Thread 0x00000220ffa62830 flushing  nmethod 0x00000220eb718310
Event: 657.435 Thread 0x00000220ffa62830 flushing  nmethod 0x00000220eb730290
Event: 657.435 Thread 0x00000220ffa62830 flushing  nmethod 0x00000220eb736110
Event: 657.435 Thread 0x00000220ffa62830 flushing  nmethod 0x00000220eb74b410
Event: 657.435 Thread 0x00000220ffa62830 flushing  nmethod 0x00000220eb78c890
Event: 657.435 Thread 0x00000220ffa62830 flushing  nmethod 0x00000220eb81ff90
Event: 657.435 Thread 0x00000220ffa62830 flushing  nmethod 0x00000220eb820310
Event: 657.435 Thread 0x00000220ffa62830 flushing  nmethod 0x00000220eb842510
Event: 657.435 Thread 0x00000220ffa62830 flushing  nmethod 0x00000220eb862a90
Event: 657.435 Thread 0x00000220ffa62830 flushing  nmethod 0x00000220eb877a90
Event: 730.717 Thread 0x00000220ffa62830 flushing  nmethod 0x00000220eaf22c90
Event: 730.720 Thread 0x00000220ffa62830 flushing  nmethod 0x00000220eb144110
Event: 730.725 Thread 0x00000220ffa62830 flushing  nmethod 0x00000220eb389a90

Events (20 events):
Event: 1001.796 Thread 0x00000220a4e6c630 Thread exited: 0x00000220a4e6c630
Event: 1034.873 Thread 0x00000220ffa6aa90 Thread added: 0x00000220a4e6c630
Event: 1035.675 Thread 0x00000220a4e6c630 Thread exited: 0x00000220a4e6c630
Event: 1121.106 Thread 0x00000220ffa6aa90 Thread added: 0x00000220a581f050
Event: 1121.112 Thread 0x00000220ffa6aa90 Thread added: 0x00000220a581f5a0
Event: 1121.113 Thread 0x00000220ffa6aa90 Thread added: 0x00000220a581e060
Event: 1126.319 Thread 0x00000220a581e060 Thread exited: 0x00000220a581e060
Event: 1131.327 Thread 0x00000220a581f5a0 Thread exited: 0x00000220a581f5a0
Event: 1131.328 Thread 0x00000220a581f050 Thread exited: 0x00000220a581f050
Event: 1135.650 Thread 0x00000220ffa6aa90 Thread added: 0x00000220a581f050
Event: 1140.699 Thread 0x00000220a581f050 Thread exited: 0x00000220a581f050
Event: 1758.383 Thread 0x00000220ffa6aa90 Thread added: 0x00000220a581f050
Event: 1758.384 Thread 0x00000220ffa6aa90 Thread added: 0x00000220a581e5b0
Event: 1760.810 Thread 0x00000220a581e5b0 Thread exited: 0x00000220a581e5b0
Event: 1761.325 Thread 0x00000220a581f050 Thread exited: 0x00000220a581f050
Event: 8368.403 Thread 0x00000220ffa6aa90 Thread added: 0x00000220a5d9b5c0
Event: 8368.403 Thread 0x00000220ffa6aa90 Thread added: 0x00000220a5d9a080
Event: 8369.333 Thread 0x00000220a5d9a080 Thread exited: 0x00000220a5d9a080
Event: 8369.334 Thread 0x00000220a5d9b5c0 Thread exited: 0x00000220a5d9b5c0
Event: 8414.815 Thread 0x00000220a34b30b0 Thread exited: 0x00000220a34b30b0


Dynamic libraries:
0x00007ff687c40000 - 0x00007ff687c4e000 	C:\Program Files\Eclipse Adoptium\jdk-17.0.15.6-hotspot\bin\java.exe
0x00007fffc3680000 - 0x00007fffc38e6000 	C:\WINDOWS\SYSTEM32\ntdll.dll
0x00007fffc2160000 - 0x00007fffc2229000 	C:\WINDOWS\System32\KERNEL32.DLL
0x00007fffc0ae0000 - 0x00007fffc0eac000 	C:\WINDOWS\System32\KERNELBASE.dll
0x0000000070320000 - 0x00000000703bd000 	C:\ProgramData\Symantec\Symantec Endpoint Protection\14.3.9205.6000.105\Data\Sysfer\x64\sysfer.dll
0x00007fffc0810000 - 0x00007fffc095b000 	C:\WINDOWS\System32\ucrtbase.dll
0x00007fff99aa0000 - 0x00007fff99abe000 	C:\Program Files\Eclipse Adoptium\jdk-17.0.15.6-hotspot\bin\VCRUNTIME140.dll
0x00007fff9be20000 - 0x00007fff9be37000 	C:\Program Files\Eclipse Adoptium\jdk-17.0.15.6-hotspot\bin\jli.dll
0x00007fffc14c0000 - 0x00007fffc168a000 	C:\WINDOWS\System32\USER32.dll
0x00007fffa61a0000 - 0x00007fffa643a000 	C:\WINDOWS\WinSxS\amd64_microsoft.windows.common-controls_6595b64144ccf1df_6.0.26100.3912_none_3e07963ce335137e\COMCTL32.dll
0x00007fffc1360000 - 0x00007fffc1387000 	C:\WINDOWS\System32\win32u.dll
0x00007fffc1730000 - 0x00007fffc175b000 	C:\WINDOWS\System32\GDI32.dll
0x00007fffc3590000 - 0x00007fffc3639000 	C:\WINDOWS\System32\msvcrt.dll
0x00007fffc0f70000 - 0x00007fffc10a2000 	C:\WINDOWS\System32\gdi32full.dll
0x00007fffc1390000 - 0x00007fffc1433000 	C:\WINDOWS\System32\msvcp_win.dll
0x00007fffc2850000 - 0x00007fffc2880000 	C:\WINDOWS\System32\IMM32.DLL
0x00007fffa4250000 - 0x00007fffa425c000 	C:\Program Files\Eclipse Adoptium\jdk-17.0.15.6-hotspot\bin\vcruntime140_1.dll
0x00007fff7c670000 - 0x00007fff7c6fd000 	C:\Program Files\Eclipse Adoptium\jdk-17.0.15.6-hotspot\bin\msvcp140.dll
0x00007fff3e940000 - 0x00007fff3f5ab000 	C:\Program Files\Eclipse Adoptium\jdk-17.0.15.6-hotspot\bin\server\jvm.dll
0x00007fffc2e40000 - 0x00007fffc2ef2000 	C:\WINDOWS\System32\ADVAPI32.dll
0x00007fffc1760000 - 0x00007fffc1806000 	C:\WINDOWS\System32\sechost.dll
0x00007fffc2040000 - 0x00007fffc2156000 	C:\WINDOWS\System32\RPCRT4.dll
0x00007fffc3500000 - 0x00007fffc3574000 	C:\WINDOWS\System32\WS2_32.dll
0x00007fffc0680000 - 0x00007fffc06de000 	C:\WINDOWS\SYSTEM32\POWRPROF.dll
0x00007fffb52a0000 - 0x00007fffb52d6000 	C:\WINDOWS\SYSTEM32\WINMM.dll
0x00007fffa9820000 - 0x00007fffa982b000 	C:\WINDOWS\SYSTEM32\VERSION.dll
0x00007fffc0660000 - 0x00007fffc0674000 	C:\WINDOWS\SYSTEM32\UMPDC.dll
0x00007fffbf5d0000 - 0x00007fffbf5ea000 	C:\WINDOWS\SYSTEM32\kernel.appcore.dll
0x00007fffa41b0000 - 0x00007fffa41ba000 	C:\Program Files\Eclipse Adoptium\jdk-17.0.15.6-hotspot\bin\jimage.dll
0x00007fffbe100000 - 0x00007fffbe341000 	C:\WINDOWS\SYSTEM32\DBGHELP.DLL
0x00007fffc3000000 - 0x00007fffc3384000 	C:\WINDOWS\System32\combase.dll
0x00007fffc2b40000 - 0x00007fffc2c20000 	C:\WINDOWS\System32\OLEAUT32.dll
0x00007fff95100000 - 0x00007fff95139000 	C:\WINDOWS\SYSTEM32\dbgcore.DLL
0x00007fffc12c0000 - 0x00007fffc1359000 	C:\WINDOWS\System32\bcryptPrimitives.dll
0x00007fff988b0000 - 0x00007fff988d5000 	C:\Program Files\Eclipse Adoptium\jdk-17.0.15.6-hotspot\bin\java.dll
0x00007fff7c590000 - 0x00007fff7c667000 	C:\Program Files\Eclipse Adoptium\jdk-17.0.15.6-hotspot\bin\jsvml.dll
0x00007fffc1890000 - 0x00007fffc1fbd000 	C:\WINDOWS\System32\SHELL32.dll
0x00007fffc0960000 - 0x00007fffc0ad4000 	C:\WINDOWS\System32\wintypes.dll
0x00007fffbe450000 - 0x00007fffbeca6000 	C:\WINDOWS\SYSTEM32\windows.storage.dll
0x00007fffc2f00000 - 0x00007fffc2fef000 	C:\WINDOWS\System32\SHCORE.dll
0x00007fffc1820000 - 0x00007fffc1889000 	C:\WINDOWS\System32\shlwapi.dll
0x00007fffc0720000 - 0x00007fffc074f000 	C:\WINDOWS\SYSTEM32\profapi.dll
0x00007fff99a10000 - 0x00007fff99a29000 	C:\Program Files\Eclipse Adoptium\jdk-17.0.15.6-hotspot\bin\net.dll
0x00007fffaf2b0000 - 0x00007fffaf3ce000 	C:\WINDOWS\SYSTEM32\WINHTTP.dll
0x00007fffbfb40000 - 0x00007fffbfbaa000 	C:\WINDOWS\system32\mswsock.dll
0x00007fff98f80000 - 0x00007fff98f96000 	C:\Program Files\Eclipse Adoptium\jdk-17.0.15.6-hotspot\bin\nio.dll
0x00007fff98520000 - 0x00007fff98538000 	C:\Program Files\Eclipse Adoptium\jdk-17.0.15.6-hotspot\bin\zip.dll
0x00007fffa4150000 - 0x00007fffa4160000 	C:\Program Files\Eclipse Adoptium\jdk-17.0.15.6-hotspot\bin\verify.dll
0x00007fff98930000 - 0x00007fff98957000 	C:\Users\karth\.gradle\native\68d5fa5c4cc2d200863cafc0d521ce42e7d3e7ee720ec0a83991735586a16f82\windows-amd64\native-platform.dll
0x00007fff7c440000 - 0x00007fff7c584000 	C:\Users\karth\.gradle\native\e376f236ea51e6404a007f0833ffe2c6e607c4080706a723a18a27aeea778392\windows-amd64\native-platform-file-events.dll
0x00007fffa0910000 - 0x00007fffa091a000 	C:\Program Files\Eclipse Adoptium\jdk-17.0.15.6-hotspot\bin\management.dll
0x00007fffa0830000 - 0x00007fffa083b000 	C:\Program Files\Eclipse Adoptium\jdk-17.0.15.6-hotspot\bin\management_ext.dll
0x00007fffc3580000 - 0x00007fffc3588000 	C:\WINDOWS\System32\PSAPI.DLL
0x00007fffbfde0000 - 0x00007fffbfdfc000 	C:\WINDOWS\SYSTEM32\CRYPTSP.dll
0x00007fffbf530000 - 0x00007fffbf56a000 	C:\WINDOWS\system32\rsaenh.dll
0x00007fffbfbe0000 - 0x00007fffbfc0b000 	C:\WINDOWS\SYSTEM32\USERENV.dll
0x00007fffc06f0000 - 0x00007fffc0716000 	C:\WINDOWS\SYSTEM32\bcrypt.dll
0x00007fffbfe00000 - 0x00007fffbfe0c000 	C:\WINDOWS\SYSTEM32\CRYPTBASE.dll
0x00007fffbf070000 - 0x00007fffbf0a3000 	C:\WINDOWS\SYSTEM32\IPHLPAPI.DLL
0x00007fffc2740000 - 0x00007fffc274a000 	C:\WINDOWS\System32\NSI.dll
0x00007fffb72a0000 - 0x00007fffb72bf000 	C:\WINDOWS\SYSTEM32\dhcpcsvc6.DLL
0x00007fffb7030000 - 0x00007fffb7055000 	C:\WINDOWS\SYSTEM32\dhcpcsvc.DLL
0x00007fffbf140000 - 0x00007fffbf267000 	C:\WINDOWS\SYSTEM32\DNSAPI.dll
0x00007fff9c160000 - 0x00007fff9c169000 	C:\Program Files\Eclipse Adoptium\jdk-17.0.15.6-hotspot\bin\extnet.dll
0x00007fff9bf40000 - 0x00007fff9bf4e000 	C:\Program Files\Eclipse Adoptium\jdk-17.0.15.6-hotspot\bin\sunmscapi.dll
0x00007fffc10b0000 - 0x00007fffc1227000 	C:\WINDOWS\System32\CRYPT32.dll
0x00007fffbfff0000 - 0x00007fffc0020000 	C:\WINDOWS\SYSTEM32\ncrypt.dll
0x00007fffbffa0000 - 0x00007fffbffdf000 	C:\WINDOWS\SYSTEM32\NTASN1.dll
0x00007fffa3df0000 - 0x00007fffa3df8000 	C:\WINDOWS\system32\wshunix.dll

dbghelp: loaded successfully - version: 4.0.5 - missing functions: none
symbol engine: initialized successfully - sym options: 0x614 - pdb path: .;C:\Program Files\Eclipse Adoptium\jdk-17.0.15.6-hotspot\bin;C:\WINDOWS\SYSTEM32;C:\ProgramData\Symantec\Symantec Endpoint Protection\14.3.9205.6000.105\Data\Sysfer\x64;C:\WINDOWS\WinSxS\amd64_microsoft.windows.common-controls_6595b64144ccf1df_6.0.26100.3912_none_3e07963ce335137e;C:\Program Files\Eclipse Adoptium\jdk-17.0.15.6-hotspot\bin\server;C:\Users\karth\.gradle\native\68d5fa5c4cc2d200863cafc0d521ce42e7d3e7ee720ec0a83991735586a16f82\windows-amd64;C:\Users\karth\.gradle\native\e376f236ea51e6404a007f0833ffe2c6e607c4080706a723a18a27aeea778392\windows-amd64

VM Arguments:
jvm_args: -XX:MaxMetaspaceSize=512m --add-opens=java.base/java.util=ALL-UNNAMED --add-opens=java.base/java.lang=ALL-UNNAMED --add-opens=java.base/java.lang.invoke=ALL-UNNAMED --add-opens=java.prefs/java.util.prefs=ALL-UNNAMED --add-opens=java.base/java.nio.charset=ALL-UNNAMED --add-opens=java.base/java.net=ALL-UNNAMED --add-opens=java.base/java.util.concurrent.atomic=ALL-UNNAMED -Xmx2048m -Dfile.encoding=UTF-8 -Duser.country=CA -Duser.language=en -Duser.variant 
java_command: org.gradle.launcher.daemon.bootstrap.GradleDaemon 8.0.1
java_class_path (initial): C:\Users\karth\.gradle\wrapper\dists\gradle-8.0.1-all\aro4hu1c3oeioove7l0i4i14o\gradle-8.0.1\lib\gradle-launcher-8.0.1.jar
Launcher Type: SUN_STANDARD

[Global flags]
     intx CICompilerCount                          = 12                                        {product} {ergonomic}
   size_t CompressedClassSpaceSize                 = 436207616                                 {product} {ergonomic}
     uint ConcGCThreads                            = 3                                         {product} {ergonomic}
     uint G1ConcRefinementThreads                  = 13                                        {product} {ergonomic}
   size_t G1HeapRegionSize                         = 1048576                                   {product} {ergonomic}
    uintx GCDrainStackTargetSize                   = 64                                        {product} {ergonomic}
   size_t InitialHeapSize                          = 264241152                                 {product} {ergonomic}
   size_t MarkStackSize                            = 4194304                                   {product} {ergonomic}
   size_t MaxHeapSize                              = 2147483648                                {product} {command line}
   size_t MaxMetaspaceSize                         = 536870912                                 {product} {command line}
   size_t MaxNewSize                               = 1287651328                                {product} {ergonomic}
   size_t MinHeapDeltaBytes                        = 1048576                                   {product} {ergonomic}
   size_t MinHeapSize                              = 8388608                                   {product} {ergonomic}
    uintx NonNMethodCodeHeapSize                   = 7602480                                {pd product} {ergonomic}
    uintx NonProfiledCodeHeapSize                  = 122027880                              {pd product} {ergonomic}
    uintx ProfiledCodeHeapSize                     = 122027880                              {pd product} {ergonomic}
    uintx ReservedCodeCacheSize                    = 251658240                              {pd product} {ergonomic}
     bool SegmentedCodeCache                       = true                                      {product} {ergonomic}
   size_t SoftMaxHeapSize                          = 2147483648                             {manageable} {ergonomic}
     bool UseCompressedClassPointers               = true                           {product lp64_product} {ergonomic}
     bool UseCompressedOops                        = true                           {product lp64_product} {ergonomic}
     bool UseG1GC                                  = true                                      {product} {ergonomic}
     bool UseLargePagesIndividualAllocation        = false                                  {pd product} {ergonomic}

Logging:
Log output configuration:
 #0: stdout all=warning uptime,level,tags
 #1: stderr all=off uptime,level,tags

Environment Variables:
JAVA_HOME=C:\Program Files\Java\jdk-23
CLASSPATH=C:\Users\karth\CascadeProjects\MobileAppAndroid\android\\gradle\wrapper\gradle-wrapper.jar
PATH=C:\Users\karth\CascadeProjects\MobileAppAndroid\node_modules\.bin;C:\Users\karth\CascadeProjects\MobileAppAndroid\node_modules\.bin;C:\Users\karth\CascadeProjects\node_modules\.bin;C:\Users\karth\node_modules\.bin;C:\Users\node_modules\.bin;C:\node_modules\.bin;C:\Program Files\nodejs\node_modules\npm\node_modules\@npmcli\run-script\lib\node-gyp-bin;C:\Users\karth\CascadeProjects\MobileAppAndroid\node_modules\.bin;C:\Users\karth\CascadeProjects\MobileAppAndroid\node_modules\.bin;C:\Users\karth\CascadeProjects\node_modules\.bin;C:\Users\karth\node_modules\.bin;C:\Users\node_modules\.bin;C:\node_modules\.bin;C:\Program Files\nodejs\node_modules\npm\node_modules\@npmcli\run-script\lib\node-gyp-bin;C:\Program Files\Eclipse Adoptium\jdk-17.0.15.6-hotspot\bin;C:\Program Files\Common Files\Oracle\Java\javapath;C:\WINDOWS\system32;C:\WINDOWS;C:\WINDOWS\System32\Wbem;C:\WINDOWS\System32\WindowsPowerShell\v1.0\;C:\WINDOWS\System32\OpenSSH\;C:\Program Files\nodejs\;C:\Program Files (x86)\nikto\program;C:\Program Files (x86)\curl;D:\GoWorkspace\bin;C:\Program Files\Go\bin;C:\Program Files\Git\cmd;C:\Users\karth\AppData\Local\Android\Sdk;C:\Users\karth\AppData\Local\Android\Sdk\platform-tools;C:\Program Files\Eclipse Adoptium\jdk-17.0.15.6-hotspot\bin;C:\Program Files\Common Files\Oracle\Java\javapath;C:\WINDOWS\system32;C:\WINDOWS;C:\WINDOWS\System32\Wbem;C:\WINDOWS\System32\WindowsPowerShell\v1.0\;C:\WINDOWS\System32\OpenSSH\;C:\Program Files\nodejs\;C:\Program Files\Git\cmd;C:\Users\karth\AppData\Local\Microsoft\WindowsApps;C:\Users\karth\AppData\Local\Programs\Microsoft VS Code\bin;C:\Users\karth\AppData\Roaming\npm;C:\Users\karth\go\bin;C:\Users\karth\AppData\Local\Programs\Windsurf\bin
USERNAME=karth
OS=Windows_NT
PROCESSOR_IDENTIFIER=Intel64 Family 6 Model 154 Stepping 3, GenuineIntel
TMP=C:\Users\karth\AppData\Local\Temp
TEMP=C:\Users\karth\AppData\Local\Temp



Periodic native trim disabled


---------------  S Y S T E M  ---------------

OS:
 Windows 11 , 64 bit Build 26100 (10.0.26100.3912)
OS uptime: 10 days 15:58 hours
Hyper-V role detected

CPU: total 16 (initial active 16) (8 cores per cpu, 2 threads per core) family 6 model 154 stepping 3 microcode 0x416, cx8, cmov, fxsr, ht, mmx, 3dnowpref, sse, sse2, sse3, ssse3, sse4.1, sse4.2, popcnt, lzcnt, tsc, tscinvbit, avx, avx2, aes, erms, clmul, bmi1, bmi2, adx, sha, fma, vzeroupper, clflush, clflushopt, clwb, hv
Processor Information for processor 0
  Max Mhz: 2100, Current Mhz: 2100, Mhz Limit: 2100
Processor Information for processor 1
  Max Mhz: 2100, Current Mhz: 2100, Mhz Limit: 2100
Processor Information for processor 2
  Max Mhz: 2100, Current Mhz: 2100, Mhz Limit: 2100
Processor Information for processor 3
  Max Mhz: 2100, Current Mhz: 2100, Mhz Limit: 2100
Processor Information for processor 4
  Max Mhz: 2100, Current Mhz: 2100, Mhz Limit: 2100
Processor Information for processor 5
  Max Mhz: 2100, Current Mhz: 2100, Mhz Limit: 2100
Processor Information for processor 6
  Max Mhz: 2100, Current Mhz: 2100, Mhz Limit: 2100
Processor Information for processor 7
  Max Mhz: 2100, Current Mhz: 2100, Mhz Limit: 2100
Processor Information for processor 8
  Max Mhz: 2100, Current Mhz: 1500, Mhz Limit: 1491
Processor Information for processor 9
  Max Mhz: 2100, Current Mhz: 1500, Mhz Limit: 1491
Processor Information for processor 10
  Max Mhz: 2100, Current Mhz: 1500, Mhz Limit: 1491
Processor Information for processor 11
  Max Mhz: 2100, Current Mhz: 1500, Mhz Limit: 1491
Processor Information for processor 12
  Max Mhz: 2100, Current Mhz: 1500, Mhz Limit: 1491
Processor Information for processor 13
  Max Mhz: 2100, Current Mhz: 1500, Mhz Limit: 1491
Processor Information for processor 14
  Max Mhz: 2100, Current Mhz: 1500, Mhz Limit: 1491
Processor Information for processor 15
  Max Mhz: 2100, Current Mhz: 1500, Mhz Limit: 1491

Memory: 4k page, system-wide physical 16088M (0M free)
TotalPageFile size 64210M (AvailPageFile size 8M)
current process WorkingSet (physical memory assigned to process): 6M, peak: 210M
current process commit charge ("private bytes"): 383M, peak: 469M

vm_info: OpenJDK 64-Bit Server VM (17.0.15+6) for windows-amd64 JRE (17.0.15+6), built on Apr 15 2025 21:25:47 by "admin" with MS VC++ 17.7 (VS2022)

END.
