#
# There is insufficient memory for the Java Runtime Environment to continue.
# Native memory allocation (mmap) failed to map 75497472 bytes. Error detail: G1 virtual space
# Possible reasons:
#   The system is out of physical RAM or swap space
#   This process is running with CompressedOops enabled, and the Java Heap may be blocking the growth of the native heap
# Possible solutions:
#   Reduce memory load on the system
#   Increase physical memory or swap space
#   Check if swap backing store is full
#   Decrease Java heap size (-Xmx/-Xms)
#   Decrease number of Java threads
#   Decrease Java thread stack sizes (-Xss)
#   Set larger code cache with -XX:ReservedCodeCacheSize=
#   JVM is running with Unscaled Compressed Oops mode in which the Java heap is
#     placed in the first 4GB address space. The Java Heap base address is the
#     maximum limit for the native heap growth. Please use -XX:HeapBaseMinAddress
#     to set the Java Heap base and to place the Java Heap above 4GB virtual address.
# This output file may be truncated or incomplete.
#
#  Out of Memory Error (os_windows.cpp:3618), pid=63828, tid=38792
#
# JRE version: OpenJDK Runtime Environment Temurin-17.0.15+6 (17.0.15+6) (build 17.0.15+6)
# Java VM: OpenJDK 64-Bit Server VM Temurin-17.0.15+6 (17.0.15+6, mixed mode, sharing, tiered, compressed oops, compressed class ptrs, g1 gc, windows-amd64)
# No core dump will be written. Minidumps are not enabled by default on client versions of Windows
#

---------------  S U M M A R Y ------------

Command Line: -XX:MaxMetaspaceSize=512m --add-opens=java.base/java.util=ALL-UNNAMED --add-opens=java.base/java.lang=ALL-UNNAMED --add-opens=java.base/java.lang.invoke=ALL-UNNAMED --add-opens=java.prefs/java.util.prefs=ALL-UNNAMED --add-opens=java.base/java.nio.charset=ALL-UNNAMED --add-opens=java.base/java.net=ALL-UNNAMED --add-opens=java.base/java.util.concurrent.atomic=ALL-UNNAMED -Xmx2048m -Dfile.encoding=UTF-8 -Duser.country=CA -Duser.language=en -Duser.variant org.gradle.launcher.daemon.bootstrap.GradleDaemon 8.0.1

Host: 12th Gen Intel(R) Core(TM) i7-1260P, 16 cores, 15G,  Windows 11 , 64 bit Build 26100 (10.0.26100.3912)
Time: Mon May 26 02:11:39 2025 Eastern Daylight Time elapsed time: 8686.319383 seconds (0d 2h 24m 46s)

---------------  T H R E A D  ---------------

Current thread (0x000001c23e055010):  VMThread "VM Thread" [stack: 0x00000018ba600000,0x00000018ba700000] [id=38792]

Stack: [0x00000018ba600000,0x00000018ba700000]
Native frames: (J=compiled Java code, j=interpreted, Vv=VM code, C=native code)
V  [jvm.dll+0x682fc9]
V  [jvm.dll+0x839878]
V  [jvm.dll+0x83b323]
V  [jvm.dll+0x83b993]
V  [jvm.dll+0x24725f]
V  [jvm.dll+0x67fda9]
V  [jvm.dll+0x674c9a]
V  [jvm.dll+0x304d06]
V  [jvm.dll+0x30c1c6]
V  [jvm.dll+0x35dd4e]
V  [jvm.dll+0x35df8d]
V  [jvm.dll+0x2dc0cc]
V  [jvm.dll+0x2da46f]
V  [jvm.dll+0x2d9bdc]
V  [jvm.dll+0x31d3bb]
V  [jvm.dll+0x8401cd]
V  [jvm.dll+0x840f03]
V  [jvm.dll+0x84142f]
V  [jvm.dll+0x841814]
V  [jvm.dll+0x8418de]
V  [jvm.dll+0x7e94dc]
V  [jvm.dll+0x681ea7]
C  [ucrtbase.dll+0x37b0]
C  [KERNEL32.DLL+0x2e8d7]
C  [ntdll.dll+0x9c5dc]

VM_Operation (0x00000018bb7feaf0): G1CollectForAllocation, mode: safepoint, requested by thread 0x000001c23e11df70


---------------  P R O C E S S  ---------------

Threads class SMR info:
_java_thread_list=0x000001c245857b20, length=80, elements={
0x000001c202019aa0, 0x000001c23e0596d0, 0x000001c23e05ac10, 0x000001c23e06ef80,
0x000001c23e06f850, 0x000001c23e070320, 0x000001c23e073100, 0x000001c23e073d00,
0x000001c23e0e09e0, 0x000001c23e0e1a70, 0x000001c23e1baad0, 0x000001c23e1cb020,
0x000001c23e11df70, 0x000001c24448e160, 0x000001c243328520, 0x000001c2434e62a0,
0x000001c243632ed0, 0x000001c23eb971e0, 0x000001c24307f6e0, 0x000001c243080100,
0x000001c243080610, 0x000001c24307ecc0, 0x000001c24362c960, 0x000001c24362d380,
0x000001c24362dda0, 0x000001c24362f1e0, 0x000001c24362e2b0, 0x000001c24362bf40,
0x000001c24362e7c0, 0x000001c24362ecd0, 0x000001c24362ba30, 0x000001c24362c450,
0x000001c243fe1a00, 0x000001c243fe0ad0, 0x000001c243fe1f10, 0x000001c243fe3860,
0x000001c243fe2420, 0x000001c243fe14f0, 0x000001c243fe2930, 0x000001c243fe2e40,
0x000001c243fe0fe0, 0x000001c243fe00b0, 0x000001c243fe05c0, 0x000001c243fe60e0,
0x000001c243fe4280, 0x000001c243fe65f0, 0x000001c243fe5bd0, 0x000001c243fe51b0,
0x000001c243fe56c0, 0x000001c243fe6b00, 0x000001c243fe7010, 0x000001c243fe7520,
0x000001c243fe3d70, 0x000001c243fe7a30, 0x000001c243fe4790, 0x000001c243fe4ca0,
0x000001c24307f1d0, 0x000001c24362d890, 0x000001c244ae3410, 0x000001c244ae4850,
0x000001c244ae2f00, 0x000001c244ae24e0, 0x000001c244ae3920, 0x000001c244ae29f0,
0x000001c244ae3e30, 0x000001c244ae4d60, 0x000001c244ae5270, 0x000001c244ae5780,
0x000001c244ae4340, 0x000001c244ae1fd0, 0x000001c244ae8f30, 0x000001c244ae70d0,
0x000001c244ae7af0, 0x000001c244ae75e0, 0x000001c244ae8510, 0x000001c244ae8a20,
0x000001c244ae9440, 0x000001c244ae8000, 0x000001c244ae5c90, 0x000001c244ae61a0
}

Java Threads: ( => current thread )
  0x000001c202019aa0 JavaThread "main" [_thread_blocked, id=34752, stack(0x00000018ba000000,0x00000018ba100000)]
  0x000001c23e0596d0 JavaThread "Reference Handler" daemon [_thread_blocked, id=21184, stack(0x00000018ba700000,0x00000018ba800000)]
  0x000001c23e05ac10 JavaThread "Finalizer" daemon [_thread_blocked, id=44872, stack(0x00000018ba800000,0x00000018ba900000)]
  0x000001c23e06ef80 JavaThread "Signal Dispatcher" daemon [_thread_blocked, id=10412, stack(0x00000018ba900000,0x00000018baa00000)]
  0x000001c23e06f850 JavaThread "Attach Listener" daemon [_thread_blocked, id=35948, stack(0x00000018baa00000,0x00000018bab00000)]
  0x000001c23e070320 JavaThread "Service Thread" daemon [_thread_blocked, id=33676, stack(0x00000018bab00000,0x00000018bac00000)]
  0x000001c23e073100 JavaThread "Monitor Deflation Thread" daemon [_thread_blocked, id=22252, stack(0x00000018bac00000,0x00000018bad00000)]
  0x000001c23e073d00 JavaThread "C2 CompilerThread0" daemon [_thread_blocked, id=35252, stack(0x00000018bad00000,0x00000018bae00000)]
  0x000001c23e0e09e0 JavaThread "C1 CompilerThread0" daemon [_thread_blocked, id=20748, stack(0x00000018bae00000,0x00000018baf00000)]
  0x000001c23e0e1a70 JavaThread "Sweeper thread" daemon [_thread_blocked, id=41064, stack(0x00000018baf00000,0x00000018bb000000)]
  0x000001c23e1baad0 JavaThread "Common-Cleaner" daemon [_thread_blocked, id=65072, stack(0x00000018bb000000,0x00000018bb100000)]
  0x000001c23e1cb020 JavaThread "Notification Thread" daemon [_thread_blocked, id=24804, stack(0x00000018bb100000,0x00000018bb200000)]
  0x000001c23e11df70 JavaThread "Daemon health stats" [_thread_blocked, id=28932, stack(0x00000018bb700000,0x00000018bb800000)]
  0x000001c24448e160 JavaThread "Incoming local TCP Connector on port 33721" [_thread_in_native, id=19028, stack(0x00000018bb800000,0x00000018bb900000)]
  0x000001c243328520 JavaThread "Daemon periodic checks" [_thread_blocked, id=59648, stack(0x00000018bbb00000,0x00000018bbc00000)]
  0x000001c2434e62a0 JavaThread "Daemon" [_thread_blocked, id=53460, stack(0x00000018bbc00000,0x00000018bbd00000)]
  0x000001c243632ed0 JavaThread "Handler for socket connection from /127.0.0.1:33721 to /127.0.0.1:33902" [_thread_in_native, id=55924, stack(0x00000018bbd00000,0x00000018bbe00000)]
  0x000001c23eb971e0 JavaThread "Cancel handler" [_thread_blocked, id=57172, stack(0x00000018bbe00000,0x00000018bbf00000)]
  0x000001c24307f6e0 JavaThread "Daemon worker" [_thread_blocked, id=53860, stack(0x00000018bb900000,0x00000018bba00000)]
  0x000001c243080100 JavaThread "Asynchronous log dispatcher for DefaultDaemonConnection: socket connection from /127.0.0.1:33721 to /127.0.0.1:33902" [_thread_blocked, id=2820, stack(0x00000018bba00000,0x00000018bbb00000)]
  0x000001c243080610 JavaThread "Daemon client event forwarder" [_thread_blocked, id=2524, stack(0x00000018bc000000,0x00000018bc100000)]
  0x000001c24307ecc0 JavaThread "Cache worker for journal cache (C:\Users\karth\.gradle\caches\journal-1)" [_thread_blocked, id=48340, stack(0x00000018bc100000,0x00000018bc200000)]
  0x000001c24362c960 JavaThread "File lock request listener" [_thread_in_native, id=41172, stack(0x00000018bc200000,0x00000018bc300000)]
  0x000001c24362d380 JavaThread "Cache worker for file hash cache (C:\Users\karth\.gradle\caches\8.0.1\fileHashes)" [_thread_blocked, id=59812, stack(0x00000018bc300000,0x00000018bc400000)]
  0x000001c24362dda0 JavaThread "File watcher server" daemon [_thread_in_native, id=49256, stack(0x00000018bcc00000,0x00000018bcd00000)]
  0x000001c24362f1e0 JavaThread "File watcher consumer" daemon [_thread_blocked, id=31904, stack(0x00000018bcd00000,0x00000018bce00000)]
  0x000001c24362e2b0 JavaThread "Cache worker for checksums cache (C:\Users\karth\CascadeProjects\MobileAppAndroid\android\.gradle\8.0.1\checksums)" [_thread_blocked, id=37496, stack(0x00000018bce00000,0x00000018bcf00000)]
  0x000001c24362bf40 JavaThread "Cache worker for cache directory md-rule (C:\Users\karth\.gradle\caches\8.0.1\md-rule)" [_thread_blocked, id=9168, stack(0x00000018bcf00000,0x00000018bd000000)]
  0x000001c24362e7c0 JavaThread "Cache worker for file content cache (C:\Users\karth\.gradle\caches\8.0.1\fileContent)" [_thread_blocked, id=62108, stack(0x00000018bd000000,0x00000018bd100000)]
  0x000001c24362ecd0 JavaThread "Cache worker for file hash cache (C:\Users\karth\CascadeProjects\MobileAppAndroid\android\.gradle\8.0.1\fileHashes)" [_thread_blocked, id=40208, stack(0x00000018bd300000,0x00000018bd400000)]
  0x000001c24362ba30 JavaThread "Cache worker for cache directory md-supplier (C:\Users\karth\.gradle\caches\8.0.1\md-supplier)" [_thread_blocked, id=8348, stack(0x00000018bd400000,0x00000018bd500000)]
  0x000001c24362c450 JavaThread "Cache worker for execution history cache (C:\Users\karth\.gradle\caches\8.0.1\executionHistory)" [_thread_blocked, id=41656, stack(0x00000018bd500000,0x00000018bd600000)]
  0x000001c243fe1a00 JavaThread "jar transforms" [_thread_blocked, id=25244, stack(0x00000018bd600000,0x00000018bd700000)]
  0x000001c243fe0ad0 JavaThread "jar transforms Thread 2" [_thread_blocked, id=2528, stack(0x00000018bd700000,0x00000018bd800000)]
  0x000001c243fe1f10 JavaThread "jar transforms Thread 3" [_thread_blocked, id=14684, stack(0x00000018bd800000,0x00000018bd900000)]
  0x000001c243fe3860 JavaThread "jar transforms Thread 4" [_thread_blocked, id=23692, stack(0x00000018bd900000,0x00000018bda00000)]
  0x000001c243fe2420 JavaThread "Cache worker for kotlin-dsl (C:\Users\karth\.gradle\caches\8.0.1\kotlin-dsl)" [_thread_blocked, id=62920, stack(0x00000018bda00000,0x00000018bdb00000)]
  0x000001c243fe14f0 JavaThread "File lock release action executor Thread 2" [_thread_blocked, id=58988, stack(0x00000018bdb00000,0x00000018bdc00000)]
  0x000001c243fe2930 JavaThread "jar transforms Thread 5" [_thread_blocked, id=10516, stack(0x00000018bc400000,0x00000018bc500000)]
  0x000001c243fe2e40 JavaThread "jar transforms Thread 6" [_thread_blocked, id=50380, stack(0x00000018bdc00000,0x00000018bdd00000)]
  0x000001c243fe0fe0 JavaThread "Cache worker for dependencies-accessors (C:\Users\karth\CascadeProjects\MobileAppAndroid\android\.gradle\8.0.1\dependencies-accessors)" [_thread_blocked, id=31576, stack(0x00000018bdd00000,0x00000018bde00000)]
  0x000001c243fe00b0 JavaThread "Cache worker for Build Output Cleanup Cache (C:\Users\karth\CascadeProjects\MobileAppAndroid\node_modules\@react-native\gradle-plugin\.gradle\buildOutputCleanup)" [_thread_blocked, id=44256, stack(0x00000018bde00000,0x00000018bdf00000)]
  0x000001c243fe05c0 JavaThread "jar transforms Thread 7" [_thread_blocked, id=26064, stack(0x00000018bdf00000,0x00000018be000000)]
  0x000001c243fe60e0 JavaThread "Unconstrained build operations" [_thread_blocked, id=68776, stack(0x00000018bbf00000,0x00000018bc000000)]
  0x000001c243fe4280 JavaThread "Unconstrained build operations Thread 2" [_thread_blocked, id=68780, stack(0x00000018be000000,0x00000018be100000)]
  0x000001c243fe65f0 JavaThread "Unconstrained build operations Thread 3" [_thread_blocked, id=68784, stack(0x00000018be100000,0x00000018be200000)]
  0x000001c243fe5bd0 JavaThread "Unconstrained build operations Thread 4" [_thread_blocked, id=68788, stack(0x00000018be200000,0x00000018be300000)]
  0x000001c243fe51b0 JavaThread "Unconstrained build operations Thread 5" [_thread_blocked, id=68792, stack(0x00000018be300000,0x00000018be400000)]
  0x000001c243fe56c0 JavaThread "Unconstrained build operations Thread 6" [_thread_blocked, id=68796, stack(0x00000018be400000,0x00000018be500000)]
  0x000001c243fe6b00 JavaThread "Unconstrained build operations Thread 7" [_thread_blocked, id=68800, stack(0x00000018be500000,0x00000018be600000)]
  0x000001c243fe7010 JavaThread "Unconstrained build operations Thread 8" [_thread_blocked, id=68804, stack(0x00000018be600000,0x00000018be700000)]
  0x000001c243fe7520 JavaThread "Unconstrained build operations Thread 9" [_thread_blocked, id=68808, stack(0x00000018be700000,0x00000018be800000)]
  0x000001c243fe3d70 JavaThread "Unconstrained build operations Thread 10" [_thread_blocked, id=68812, stack(0x00000018be800000,0x00000018be900000)]
  0x000001c243fe7a30 JavaThread "Unconstrained build operations Thread 11" [_thread_blocked, id=68816, stack(0x00000018be900000,0x00000018bea00000)]
  0x000001c243fe4790 JavaThread "Unconstrained build operations Thread 12" [_thread_blocked, id=68820, stack(0x00000018bea00000,0x00000018beb00000)]
  0x000001c243fe4ca0 JavaThread "Unconstrained build operations Thread 13" [_thread_blocked, id=68824, stack(0x00000018beb00000,0x00000018bec00000)]
  0x000001c24307f1d0 JavaThread "Unconstrained build operations Thread 14" [_thread_blocked, id=68828, stack(0x00000018bec00000,0x00000018bed00000)]
  0x000001c24362d890 JavaThread "Unconstrained build operations Thread 15" [_thread_blocked, id=68832, stack(0x00000018bed00000,0x00000018bee00000)]
  0x000001c244ae3410 JavaThread "Unconstrained build operations Thread 16" [_thread_blocked, id=68836, stack(0x00000018bee00000,0x00000018bef00000)]
  0x000001c244ae4850 JavaThread "Unconstrained build operations Thread 17" [_thread_blocked, id=68840, stack(0x00000018bef00000,0x00000018bf000000)]
  0x000001c244ae2f00 JavaThread "Unconstrained build operations Thread 18" [_thread_blocked, id=68844, stack(0x00000018bf000000,0x00000018bf100000)]
  0x000001c244ae24e0 JavaThread "Unconstrained build operations Thread 19" [_thread_blocked, id=68848, stack(0x00000018bf100000,0x00000018bf200000)]
  0x000001c244ae3920 JavaThread "Unconstrained build operations Thread 20" [_thread_blocked, id=68852, stack(0x00000018bf200000,0x00000018bf300000)]
  0x000001c244ae29f0 JavaThread "Unconstrained build operations Thread 21" [_thread_blocked, id=68856, stack(0x00000018bf300000,0x00000018bf400000)]
  0x000001c244ae3e30 JavaThread "Unconstrained build operations Thread 22" [_thread_blocked, id=68860, stack(0x00000018bf400000,0x00000018bf500000)]
  0x000001c244ae4d60 JavaThread "Unconstrained build operations Thread 23" [_thread_blocked, id=68864, stack(0x00000018bf500000,0x00000018bf600000)]
  0x000001c244ae5270 JavaThread "Unconstrained build operations Thread 24" [_thread_blocked, id=68868, stack(0x00000018bf600000,0x00000018bf700000)]
  0x000001c244ae5780 JavaThread "Unconstrained build operations Thread 25" [_thread_blocked, id=68872, stack(0x00000018bf700000,0x00000018bf800000)]
  0x000001c244ae4340 JavaThread "Unconstrained build operations Thread 26" [_thread_blocked, id=68876, stack(0x00000018bf800000,0x00000018bf900000)]
  0x000001c244ae1fd0 JavaThread "jar transforms Thread 8" [_thread_blocked, id=43512, stack(0x00000018bfa00000,0x00000018bfb00000)]
  0x000001c244ae8f30 JavaThread "jar transforms Thread 9" [_thread_blocked, id=18636, stack(0x00000018bfb00000,0x00000018bfc00000)]
  0x000001c244ae70d0 JavaThread "jar transforms Thread 10" [_thread_blocked, id=60796, stack(0x00000018bfc00000,0x00000018bfd00000)]
  0x000001c244ae7af0 JavaThread "jar transforms Thread 11" [_thread_blocked, id=25440, stack(0x00000018bfd00000,0x00000018bfe00000)]
  0x000001c244ae75e0 JavaThread "jar transforms Thread 12" [_thread_blocked, id=33168, stack(0x00000018bfe00000,0x00000018bff00000)]
  0x000001c244ae8510 JavaThread "jar transforms Thread 13" [_thread_blocked, id=8476, stack(0x00000018bff00000,0x00000018c0000000)]
  0x000001c244ae8a20 JavaThread "jar transforms Thread 14" [_thread_blocked, id=38740, stack(0x00000018c0000000,0x00000018c0100000)]
  0x000001c244ae9440 JavaThread "jar transforms Thread 15" [_thread_blocked, id=58944, stack(0x00000018c0100000,0x00000018c0200000)]
  0x000001c244ae8000 JavaThread "jar transforms Thread 16" [_thread_blocked, id=46256, stack(0x00000018c0200000,0x00000018c0300000)]
  0x000001c244ae5c90 JavaThread "Memory manager" [_thread_blocked, id=26516, stack(0x00000018c0600000,0x00000018c0700000)]
  0x000001c244ae61a0 JavaThread "Cache worker for Build Output Cleanup Cache (C:\Users\karth\CascadeProjects\MobileAppAndroid\android\.gradle\buildOutputCleanup)" [_thread_blocked, id=57560, stack(0x00000018bf900000,0x00000018bfa00000)]

Other Threads:
=>0x000001c23e055010 VMThread "VM Thread" [stack: 0x00000018ba600000,0x00000018ba700000] [id=38792]
  0x000001c23e1cd510 WatcherThread [stack: 0x00000018bb200000,0x00000018bb300000] [id=6444]
  0x000001c202072e00 GCTaskThread "GC Thread#0" [stack: 0x00000018ba100000,0x00000018ba200000] [id=64692]
  0x000001c23e557af0 GCTaskThread "GC Thread#1" [stack: 0x00000018b9f00000,0x00000018ba000000] [id=44812]
  0x000001c2434aaa50 GCTaskThread "GC Thread#2" [stack: 0x00000018bb300000,0x00000018bb400000] [id=47604]
  0x000001c2434aad10 GCTaskThread "GC Thread#3" [stack: 0x00000018bb400000,0x00000018bb500000] [id=40480]
  0x000001c23ea35f90 GCTaskThread "GC Thread#4" [stack: 0x00000018bb500000,0x00000018bb600000] [id=39252]
  0x000001c23ea36250 GCTaskThread "GC Thread#5" [stack: 0x00000018bb600000,0x00000018bb700000] [id=49804]
  0x000001c2433ae530 GCTaskThread "GC Thread#6" [stack: 0x00000018bc500000,0x00000018bc600000] [id=2924]
  0x000001c2433af2f0 GCTaskThread "GC Thread#7" [stack: 0x00000018bc600000,0x00000018bc700000] [id=11868]
  0x000001c2433af030 GCTaskThread "GC Thread#8" [stack: 0x00000018bc700000,0x00000018bc800000] [id=30816]
  0x000001c2433aed70 GCTaskThread "GC Thread#9" [stack: 0x00000018bc800000,0x00000018bc900000] [id=34384]
  0x000001c2433ae7f0 GCTaskThread "GC Thread#10" [stack: 0x00000018bc900000,0x00000018bca00000] [id=41700]
  0x000001c243d32b10 GCTaskThread "GC Thread#11" [stack: 0x00000018bca00000,0x00000018bcb00000] [id=13844]
  0x000001c243d322d0 GCTaskThread "GC Thread#12" [stack: 0x00000018bcb00000,0x00000018bcc00000] [id=60272]
  0x000001c202083c60 ConcurrentGCThread "G1 Main Marker" [stack: 0x00000018ba200000,0x00000018ba300000] [id=64696]
  0x000001c202084590 ConcurrentGCThread "G1 Conc#0" [stack: 0x00000018ba300000,0x00000018ba400000] [id=64700]
  0x000001c243d32590 ConcurrentGCThread "G1 Conc#1" [stack: 0x00000018bd100000,0x00000018bd200000] [id=29652]
  0x000001c243d33090 ConcurrentGCThread "G1 Conc#2" [stack: 0x00000018bd200000,0x00000018bd300000] [id=67328]
  0x000001c2020aec50 ConcurrentGCThread "G1 Refine#0" [stack: 0x00000018ba400000,0x00000018ba500000] [id=64704]
  0x000001c222b95050 ConcurrentGCThread "G1 Service" [stack: 0x00000018ba500000,0x00000018ba600000] [id=64708]

Threads with active compile tasks:
C2 CompilerThread0  8690093 8480   !   4       java.util.concurrent.ScheduledThreadPoolExecutor$DelayedWorkQueue::take (203 bytes)

VM state: at safepoint (normal execution)

VM Mutex/Monitor currently owned by a thread:  ([mutex/lock_event])
[0x000001c201e11730] Threads_lock - owner thread: 0x000001c23e055010
[0x000001c202010600] Heap_lock - owner thread: 0x000001c23e11df70

Heap address: 0x0000000080000000, size: 2048 MB, Compressed Oops mode: 32-bit

CDS archive(s) mapped at: [0x000001c223000000-0x000001c223bb0000-0x000001c223bb0000), size 12255232, SharedBaseAddress: 0x000001c223000000, ArchiveRelocationMode: 1.
Compressed class space mapped at: 0x000001c224000000-0x000001c23e000000, reserved size: 436207616
Narrow klass base: 0x000001c223000000, Narrow klass shift: 0, Narrow klass range: 0x100000000

GC Precious Log:
 CPUs: 16 total, 16 available
 Memory: 16088M
 Large Page Support: Disabled
 NUMA Support: Disabled
 Compressed Oops: Enabled (32-bit)
 Heap Region Size: 1M
 Heap Min Capacity: 8M
 Heap Initial Capacity: 252M
 Heap Max Capacity: 2G
 Pre-touch: Disabled
 Parallel Workers: 13
 Concurrent Workers: 3
 Concurrent Refinement Workers: 13
 Periodic GC: Disabled

Heap:
 garbage-first heap   total 148480K, used 53752K [0x0000000080000000, 0x0000000100000000)
  region size 1024K, 1 young (1024K), 1 survivors (1024K)
 Metaspace       used 58635K, committed 59200K, reserved 491520K
  class space    used 8118K, committed 8384K, reserved 425984K

Heap Regions: E=young(eden), S=young(survivor), O=old, HS=humongous(starts), HC=humongous(continues), CS=collection set, F=free, OA=open archive, CA=closed archive, TAMS=top-at-mark-start (previous, next)
|   0|0x0000000080000000, 0x0000000080100000, 0x0000000080100000|100%|HS|  |TAMS 0x0000000080100000, 0x0000000080000000| Complete 
|   1|0x0000000080100000, 0x0000000080200000, 0x0000000080200000|100%|HC|  |TAMS 0x0000000080200000, 0x0000000080100000| Complete 
|   2|0x0000000080200000, 0x0000000080300000, 0x0000000080300000|100%|HC|  |TAMS 0x0000000080300000, 0x0000000080200000| Complete 
|   3|0x0000000080300000, 0x0000000080400000, 0x0000000080400000|100%|HC|  |TAMS 0x0000000080400000, 0x0000000080300000| Complete 
|   4|0x0000000080400000, 0x0000000080500000, 0x0000000080500000|100%| O|  |TAMS 0x0000000080500000, 0x0000000080400000| Untracked 
|   5|0x0000000080500000, 0x0000000080600000, 0x0000000080600000|100%| O|  |TAMS 0x0000000080600000, 0x0000000080500000| Untracked 
|   6|0x0000000080600000, 0x0000000080700000, 0x0000000080700000|100%| O|  |TAMS 0x0000000080700000, 0x0000000080600000| Untracked 
|   7|0x0000000080700000, 0x0000000080800000, 0x0000000080800000|100%| O|  |TAMS 0x0000000080800000, 0x0000000080700000| Untracked 
|   8|0x0000000080800000, 0x0000000080900000, 0x0000000080900000|100%| O|  |TAMS 0x0000000080900000, 0x0000000080800000| Untracked 
|   9|0x0000000080900000, 0x0000000080a00000, 0x0000000080a00000|100%| O|  |TAMS 0x0000000080a00000, 0x0000000080900000| Untracked 
|  10|0x0000000080a00000, 0x0000000080b00000, 0x0000000080b00000|100%| O|  |TAMS 0x0000000080b00000, 0x0000000080a00000| Untracked 
|  11|0x0000000080b00000, 0x0000000080c00000, 0x0000000080c00000|100%| O|  |TAMS 0x0000000080c00000, 0x0000000080b00000| Untracked 
|  12|0x0000000080c00000, 0x0000000080d00000, 0x0000000080d00000|100%| O|  |TAMS 0x0000000080d00000, 0x0000000080c00000| Untracked 
|  13|0x0000000080d00000, 0x0000000080e00000, 0x0000000080e00000|100%| O|  |TAMS 0x0000000080e00000, 0x0000000080d00000| Untracked 
|  14|0x0000000080e00000, 0x0000000080f00000, 0x0000000080f00000|100%| O|  |TAMS 0x0000000080f00000, 0x0000000080e00000| Untracked 
|  15|0x0000000080f00000, 0x0000000081000000, 0x0000000081000000|100%| O|  |TAMS 0x0000000081000000, 0x0000000080f00000| Untracked 
|  16|0x0000000081000000, 0x0000000081100000, 0x0000000081100000|100%| O|  |TAMS 0x0000000081100000, 0x0000000081000000| Untracked 
|  17|0x0000000081100000, 0x0000000081200000, 0x0000000081200000|100%| O|  |TAMS 0x0000000081200000, 0x0000000081100000| Untracked 
|  18|0x0000000081200000, 0x0000000081300000, 0x0000000081300000|100%| O|  |TAMS 0x0000000081300000, 0x0000000081200000| Untracked 
|  19|0x0000000081300000, 0x000000008133b400, 0x0000000081400000| 23%| O|  |TAMS 0x000000008133b400, 0x0000000081300000| Untracked 
|  20|0x0000000081400000, 0x0000000081500000, 0x0000000081500000|100%| O|  |TAMS 0x0000000081500000, 0x0000000081400000| Untracked 
|  21|0x0000000081500000, 0x0000000081600000, 0x0000000081600000|100%| O|  |TAMS 0x0000000081600000, 0x0000000081500000| Untracked 
|  22|0x0000000081600000, 0x0000000081700000, 0x0000000081700000|100%| O|  |TAMS 0x0000000081700000, 0x0000000081600000| Untracked 
|  23|0x0000000081700000, 0x0000000081800000, 0x0000000081800000|100%| O|  |TAMS 0x0000000081800000, 0x0000000081700000| Untracked 
|  24|0x0000000081800000, 0x0000000081900000, 0x0000000081900000|100%| O|  |TAMS 0x0000000081900000, 0x0000000081800000| Untracked 
|  25|0x0000000081900000, 0x0000000081a00000, 0x0000000081a00000|100%| O|  |TAMS 0x0000000081a00000, 0x0000000081900000| Untracked 
|  26|0x0000000081a00000, 0x0000000081b00000, 0x0000000081b00000|100%| O|  |TAMS 0x0000000081b00000, 0x0000000081a00000| Untracked 
|  27|0x0000000081b00000, 0x0000000081c00000, 0x0000000081c00000|100%| O|  |TAMS 0x0000000081c00000, 0x0000000081b00000| Untracked 
|  28|0x0000000081c00000, 0x0000000081d00000, 0x0000000081d00000|100%| O|  |TAMS 0x0000000081d00000, 0x0000000081c00000| Untracked 
|  29|0x0000000081d00000, 0x0000000081e00000, 0x0000000081e00000|100%|HS|  |TAMS 0x0000000081e00000, 0x0000000081d00000| Complete 
|  30|0x0000000081e00000, 0x0000000081f00000, 0x0000000081f00000|100%|HC|  |TAMS 0x0000000081f00000, 0x0000000081e00000| Complete 
|  31|0x0000000081f00000, 0x0000000082000000, 0x0000000082000000|100%| O|  |TAMS 0x0000000082000000, 0x0000000081f00000| Untracked 
|  32|0x0000000082000000, 0x0000000082100000, 0x0000000082100000|100%| O|  |TAMS 0x0000000082100000, 0x0000000082000000| Untracked 
|  33|0x0000000082100000, 0x0000000082200000, 0x0000000082200000|100%| O|  |TAMS 0x0000000082200000, 0x0000000082100000| Untracked 
|  34|0x0000000082200000, 0x0000000082300000, 0x0000000082300000|100%| O|  |TAMS 0x0000000082300000, 0x0000000082200000| Untracked 
|  35|0x0000000082300000, 0x0000000082400000, 0x0000000082400000|100%| O|  |TAMS 0x0000000082400000, 0x0000000082300000| Untracked 
|  36|0x0000000082400000, 0x0000000082500000, 0x0000000082500000|100%| O|  |TAMS 0x0000000082500000, 0x0000000082400000| Untracked 
|  37|0x0000000082500000, 0x0000000082600000, 0x0000000082600000|100%|HS|  |TAMS 0x0000000082600000, 0x0000000082500000| Complete 
|  38|0x0000000082600000, 0x0000000082700000, 0x0000000082700000|100%|HC|  |TAMS 0x0000000082700000, 0x0000000082600000| Complete 
|  39|0x0000000082700000, 0x0000000082800000, 0x0000000082800000|100%|HC|  |TAMS 0x0000000082800000, 0x0000000082700000| Complete 
|  40|0x0000000082800000, 0x0000000082900000, 0x0000000082900000|100%|HC|  |TAMS 0x0000000082900000, 0x0000000082800000| Complete 
|  41|0x0000000082900000, 0x0000000082a00000, 0x0000000082a00000|100%| O|  |TAMS 0x0000000082a00000, 0x0000000082900000| Untracked 
|  42|0x0000000082a00000, 0x0000000082b00000, 0x0000000082b00000|100%| O|  |TAMS 0x0000000082b00000, 0x0000000082a00000| Untracked 
|  43|0x0000000082b00000, 0x0000000082c00000, 0x0000000082c00000|100%| O|  |TAMS 0x0000000082c00000, 0x0000000082b00000| Untracked 
|  44|0x0000000082c00000, 0x0000000082d00000, 0x0000000082d00000|100%| O|  |TAMS 0x0000000082d00000, 0x0000000082c00000| Untracked 
|  45|0x0000000082d00000, 0x0000000082e00000, 0x0000000082e00000|100%| O|  |TAMS 0x0000000082e00000, 0x0000000082d00000| Untracked 
|  46|0x0000000082e00000, 0x0000000082f00000, 0x0000000082f00000|100%| O|  |TAMS 0x0000000082f00000, 0x0000000082e00000| Untracked 
|  47|0x0000000082f00000, 0x0000000083000000, 0x0000000083000000|100%| O|  |TAMS 0x0000000083000000, 0x0000000082f00000| Untracked 
|  48|0x0000000083000000, 0x0000000083100000, 0x0000000083100000|100%| O|  |TAMS 0x0000000083100000, 0x0000000083000000| Untracked 
|  49|0x0000000083100000, 0x0000000083200000, 0x0000000083200000|100%| O|  |TAMS 0x0000000083200000, 0x0000000083100000| Untracked 
|  50|0x0000000083200000, 0x0000000083300000, 0x0000000083300000|100%| O|  |TAMS 0x0000000083262000, 0x0000000083200000| Untracked 
|  51|0x0000000083300000, 0x0000000083400000, 0x0000000083400000|100%| O|  |TAMS 0x0000000083300000, 0x0000000083300000| Untracked 
|  52|0x0000000083400000, 0x0000000083500000, 0x0000000083500000|100%| O|  |TAMS 0x0000000083400000, 0x0000000083400000| Untracked 
|  53|0x0000000083500000, 0x0000000083519400, 0x0000000083600000|  9%| O|  |TAMS 0x0000000083500000, 0x0000000083500000| Untracked 
|  54|0x0000000083600000, 0x0000000083600000, 0x0000000083700000|  0%| F|  |TAMS 0x0000000083600000, 0x0000000083600000| Untracked 
|  55|0x0000000083700000, 0x0000000083700000, 0x0000000083800000|  0%| F|  |TAMS 0x0000000083700000, 0x0000000083700000| Untracked 
|  56|0x0000000083800000, 0x0000000083800000, 0x0000000083900000|  0%| F|  |TAMS 0x0000000083800000, 0x0000000083800000| Untracked 
|  57|0x0000000083900000, 0x0000000083900000, 0x0000000083a00000|  0%| F|  |TAMS 0x0000000083900000, 0x0000000083900000| Untracked 
|  58|0x0000000083a00000, 0x0000000083a00000, 0x0000000083b00000|  0%| F|  |TAMS 0x0000000083a00000, 0x0000000083a00000| Untracked 
|  59|0x0000000083b00000, 0x0000000083b00000, 0x0000000083c00000|  0%| F|  |TAMS 0x0000000083b00000, 0x0000000083b00000| Untracked 
|  60|0x0000000083c00000, 0x0000000083c00000, 0x0000000083d00000|  0%| F|  |TAMS 0x0000000083c00000, 0x0000000083c00000| Untracked 
|  61|0x0000000083d00000, 0x0000000083d00000, 0x0000000083e00000|  0%| F|  |TAMS 0x0000000083d00000, 0x0000000083d00000| Untracked 
|  62|0x0000000083e00000, 0x0000000083e00000, 0x0000000083f00000|  0%| F|  |TAMS 0x0000000083e00000, 0x0000000083e00000| Untracked 
|  63|0x0000000083f00000, 0x0000000083f00000, 0x0000000084000000|  0%| F|  |TAMS 0x0000000083f00000, 0x0000000083f00000| Untracked 
|  64|0x0000000084000000, 0x0000000084000000, 0x0000000084100000|  0%| F|  |TAMS 0x0000000084000000, 0x0000000084000000| Untracked 
|  65|0x0000000084100000, 0x0000000084100000, 0x0000000084200000|  0%| F|  |TAMS 0x0000000084100000, 0x0000000084100000| Untracked 
|  66|0x0000000084200000, 0x0000000084200000, 0x0000000084300000|  0%| F|  |TAMS 0x0000000084200000, 0x0000000084200000| Untracked 
|  67|0x0000000084300000, 0x0000000084300000, 0x0000000084400000|  0%| F|  |TAMS 0x0000000084300000, 0x0000000084300000| Untracked 
|  68|0x0000000084400000, 0x0000000084400000, 0x0000000084500000|  0%| F|  |TAMS 0x0000000084400000, 0x0000000084400000| Untracked 
|  69|0x0000000084500000, 0x0000000084500000, 0x0000000084600000|  0%| F|  |TAMS 0x0000000084500000, 0x0000000084500000| Untracked 
|  70|0x0000000084600000, 0x0000000084600000, 0x0000000084700000|  0%| F|  |TAMS 0x0000000084600000, 0x0000000084600000| Untracked 
|  71|0x0000000084700000, 0x0000000084700000, 0x0000000084800000|  0%| F|  |TAMS 0x0000000084700000, 0x0000000084700000| Untracked 
|  72|0x0000000084800000, 0x0000000084800000, 0x0000000084900000|  0%| F|  |TAMS 0x0000000084800000, 0x0000000084800000| Untracked 
|  73|0x0000000084900000, 0x0000000084900000, 0x0000000084a00000|  0%| F|  |TAMS 0x0000000084900000, 0x0000000084900000| Untracked 
|  74|0x0000000084a00000, 0x0000000084a00000, 0x0000000084b00000|  0%| F|  |TAMS 0x0000000084a00000, 0x0000000084a00000| Untracked 
|  75|0x0000000084b00000, 0x0000000084b00000, 0x0000000084c00000|  0%| F|  |TAMS 0x0000000084b00000, 0x0000000084b00000| Untracked 
|  76|0x0000000084c00000, 0x0000000084c00000, 0x0000000084d00000|  0%| F|  |TAMS 0x0000000084c00000, 0x0000000084c00000| Untracked 
|  77|0x0000000084d00000, 0x0000000084d00000, 0x0000000084e00000|  0%| F|  |TAMS 0x0000000084d00000, 0x0000000084d00000| Untracked 
|  78|0x0000000084e00000, 0x0000000084e00000, 0x0000000084f00000|  0%| F|  |TAMS 0x0000000084e00000, 0x0000000084e00000| Untracked 
|  79|0x0000000084f00000, 0x0000000084f00000, 0x0000000085000000|  0%| F|  |TAMS 0x0000000084f00000, 0x0000000084f00000| Untracked 
|  80|0x0000000085000000, 0x0000000085000000, 0x0000000085100000|  0%| F|  |TAMS 0x0000000085000000, 0x0000000085000000| Untracked 
|  81|0x0000000085100000, 0x0000000085100000, 0x0000000085200000|  0%| F|  |TAMS 0x0000000085100000, 0x0000000085100000| Untracked 
|  82|0x0000000085200000, 0x0000000085200000, 0x0000000085300000|  0%| F|  |TAMS 0x0000000085200000, 0x0000000085200000| Untracked 
|  83|0x0000000085300000, 0x0000000085300000, 0x0000000085400000|  0%| F|  |TAMS 0x0000000085300000, 0x0000000085300000| Untracked 
|  84|0x0000000085400000, 0x0000000085400000, 0x0000000085500000|  0%| F|  |TAMS 0x0000000085400000, 0x0000000085400000| Untracked 
|  85|0x0000000085500000, 0x0000000085500000, 0x0000000085600000|  0%| F|  |TAMS 0x0000000085500000, 0x0000000085500000| Untracked 
|  86|0x0000000085600000, 0x0000000085600000, 0x0000000085700000|  0%| F|  |TAMS 0x0000000085600000, 0x0000000085600000| Untracked 
|  87|0x0000000085700000, 0x0000000085700000, 0x0000000085800000|  0%| F|  |TAMS 0x0000000085700000, 0x0000000085700000| Untracked 
|  88|0x0000000085800000, 0x0000000085800000, 0x0000000085900000|  0%| F|  |TAMS 0x0000000085800000, 0x0000000085800000| Untracked 
|  89|0x0000000085900000, 0x0000000085900000, 0x0000000085a00000|  0%| F|  |TAMS 0x0000000085900000, 0x0000000085900000| Untracked 
|  90|0x0000000085a00000, 0x0000000085a00000, 0x0000000085b00000|  0%| F|  |TAMS 0x0000000085a00000, 0x0000000085a00000| Untracked 
|  91|0x0000000085b00000, 0x0000000085b00000, 0x0000000085c00000|  0%| F|  |TAMS 0x0000000085b00000, 0x0000000085b00000| Untracked 
|  92|0x0000000085c00000, 0x0000000085c00000, 0x0000000085d00000|  0%| F|  |TAMS 0x0000000085c00000, 0x0000000085c00000| Untracked 
|  93|0x0000000085d00000, 0x0000000085d00000, 0x0000000085e00000|  0%| F|  |TAMS 0x0000000085d00000, 0x0000000085d00000| Untracked 
|  94|0x0000000085e00000, 0x0000000085e00000, 0x0000000085f00000|  0%| F|  |TAMS 0x0000000085e00000, 0x0000000085e00000| Untracked 
|  95|0x0000000085f00000, 0x0000000085f00000, 0x0000000086000000|  0%| F|  |TAMS 0x0000000085f00000, 0x0000000085f00000| Untracked 
|  96|0x0000000086000000, 0x0000000086000000, 0x0000000086100000|  0%| F|  |TAMS 0x0000000086000000, 0x0000000086000000| Untracked 
|  97|0x0000000086100000, 0x0000000086100000, 0x0000000086200000|  0%| F|  |TAMS 0x0000000086100000, 0x0000000086100000| Untracked 
|  98|0x0000000086200000, 0x0000000086200000, 0x0000000086300000|  0%| F|  |TAMS 0x0000000086200000, 0x0000000086200000| Untracked 
|  99|0x0000000086300000, 0x0000000086300000, 0x0000000086400000|  0%| F|  |TAMS 0x0000000086300000, 0x0000000086300000| Untracked 
| 100|0x0000000086400000, 0x0000000086400000, 0x0000000086500000|  0%| F|  |TAMS 0x0000000086400000, 0x0000000086400000| Untracked 
| 101|0x0000000086500000, 0x0000000086500000, 0x0000000086600000|  0%| F|  |TAMS 0x0000000086500000, 0x0000000086500000| Untracked 
| 102|0x0000000086600000, 0x0000000086600000, 0x0000000086700000|  0%| F|  |TAMS 0x0000000086600000, 0x0000000086600000| Untracked 
| 103|0x0000000086700000, 0x0000000086700000, 0x0000000086800000|  0%| F|  |TAMS 0x0000000086700000, 0x0000000086700000| Untracked 
| 104|0x0000000086800000, 0x0000000086800000, 0x0000000086900000|  0%| F|  |TAMS 0x0000000086800000, 0x0000000086800000| Untracked 
| 105|0x0000000086900000, 0x0000000086900000, 0x0000000086a00000|  0%| F|  |TAMS 0x0000000086900000, 0x0000000086900000| Untracked 
| 106|0x0000000086a00000, 0x0000000086a00000, 0x0000000086b00000|  0%| F|  |TAMS 0x0000000086a00000, 0x0000000086a00000| Untracked 
| 107|0x0000000086b00000, 0x0000000086b00000, 0x0000000086c00000|  0%| F|  |TAMS 0x0000000086b00000, 0x0000000086b00000| Untracked 
| 108|0x0000000086c00000, 0x0000000086c00000, 0x0000000086d00000|  0%| F|  |TAMS 0x0000000086c00000, 0x0000000086c00000| Untracked 
| 109|0x0000000086d00000, 0x0000000086d00000, 0x0000000086e00000|  0%| F|  |TAMS 0x0000000086d00000, 0x0000000086d00000| Untracked 
| 110|0x0000000086e00000, 0x0000000086e00000, 0x0000000086f00000|  0%| F|  |TAMS 0x0000000086e00000, 0x0000000086e00000| Untracked 
| 111|0x0000000086f00000, 0x0000000086f00000, 0x0000000087000000|  0%| F|  |TAMS 0x0000000086f00000, 0x0000000086f00000| Untracked 
| 112|0x0000000087000000, 0x0000000087000000, 0x0000000087100000|  0%| F|  |TAMS 0x0000000087000000, 0x0000000087000000| Untracked 
| 113|0x0000000087100000, 0x0000000087100000, 0x0000000087200000|  0%| F|  |TAMS 0x0000000087100000, 0x0000000087100000| Untracked 
| 114|0x0000000087200000, 0x0000000087200000, 0x0000000087300000|  0%| F|  |TAMS 0x0000000087200000, 0x0000000087200000| Untracked 
| 115|0x0000000087300000, 0x0000000087300000, 0x0000000087400000|  0%| F|  |TAMS 0x0000000087300000, 0x0000000087300000| Untracked 
| 116|0x0000000087400000, 0x0000000087400000, 0x0000000087500000|  0%| F|  |TAMS 0x0000000087400000, 0x0000000087400000| Untracked 
| 117|0x0000000087500000, 0x0000000087500000, 0x0000000087600000|  0%| F|  |TAMS 0x0000000087500000, 0x0000000087500000| Untracked 
| 118|0x0000000087600000, 0x0000000087600000, 0x0000000087700000|  0%| F|  |TAMS 0x0000000087600000, 0x0000000087600000| Untracked 
| 119|0x0000000087700000, 0x0000000087700000, 0x0000000087800000|  0%| F|  |TAMS 0x0000000087700000, 0x0000000087700000| Untracked 
| 120|0x0000000087800000, 0x0000000087800000, 0x0000000087900000|  0%| F|  |TAMS 0x0000000087800000, 0x0000000087800000| Untracked 
| 121|0x0000000087900000, 0x0000000087900000, 0x0000000087a00000|  0%| F|  |TAMS 0x0000000087900000, 0x0000000087900000| Untracked 
| 122|0x0000000087a00000, 0x0000000087a00000, 0x0000000087b00000|  0%| F|  |TAMS 0x0000000087a00000, 0x0000000087a00000| Untracked 
| 123|0x0000000087b00000, 0x0000000087b00000, 0x0000000087c00000|  0%| F|  |TAMS 0x0000000087b00000, 0x0000000087b00000| Untracked 
| 124|0x0000000087c00000, 0x0000000087c00000, 0x0000000087d00000|  0%| F|  |TAMS 0x0000000087c00000, 0x0000000087c00000| Untracked 
| 125|0x0000000087d00000, 0x0000000087d00000, 0x0000000087e00000|  0%| F|  |TAMS 0x0000000087d00000, 0x0000000087d00000| Untracked 
| 126|0x0000000087e00000, 0x0000000087e00000, 0x0000000087f00000|  0%| F|  |TAMS 0x0000000087e00000, 0x0000000087e00000| Untracked 
| 127|0x0000000087f00000, 0x0000000087f00000, 0x0000000088000000|  0%| F|  |TAMS 0x0000000087f00000, 0x0000000087f00000| Untracked 
| 128|0x0000000088000000, 0x0000000088000000, 0x0000000088100000|  0%| F|  |TAMS 0x0000000088000000, 0x0000000088000000| Untracked 
| 129|0x0000000088100000, 0x0000000088100000, 0x0000000088200000|  0%| F|  |TAMS 0x0000000088100000, 0x0000000088100000| Untracked 
| 130|0x0000000088200000, 0x0000000088200000, 0x0000000088300000|  0%| F|  |TAMS 0x0000000088200000, 0x0000000088200000| Untracked 
| 131|0x0000000088300000, 0x0000000088300000, 0x0000000088400000|  0%| F|  |TAMS 0x0000000088300000, 0x0000000088300000| Untracked 
| 132|0x0000000088400000, 0x0000000088400000, 0x0000000088500000|  0%| F|  |TAMS 0x0000000088400000, 0x0000000088400000| Untracked 
| 133|0x0000000088500000, 0x0000000088500000, 0x0000000088600000|  0%| F|  |TAMS 0x0000000088500000, 0x0000000088500000| Untracked 
| 134|0x0000000088600000, 0x0000000088600000, 0x0000000088700000|  0%| F|  |TAMS 0x0000000088600000, 0x0000000088600000| Untracked 
| 135|0x0000000088700000, 0x0000000088700000, 0x0000000088800000|  0%| F|  |TAMS 0x0000000088700000, 0x0000000088700000| Untracked 
| 136|0x0000000088800000, 0x0000000088800000, 0x0000000088900000|  0%| F|  |TAMS 0x0000000088800000, 0x0000000088800000| Untracked 
| 137|0x0000000088900000, 0x0000000088900000, 0x0000000088a00000|  0%| F|  |TAMS 0x0000000088900000, 0x0000000088900000| Untracked 
| 138|0x0000000088a00000, 0x0000000088a298c0, 0x0000000088b00000| 16%| S|CS|TAMS 0x0000000088a00000, 0x0000000088a00000| Complete 
| 139|0x0000000088b00000, 0x0000000088b00000, 0x0000000088c00000|  0%| F|  |TAMS 0x0000000088b00000, 0x0000000088b00000| Untracked 
| 140|0x0000000088c00000, 0x0000000088c00000, 0x0000000088d00000|  0%| F|  |TAMS 0x0000000088c00000, 0x0000000088c00000| Untracked 
| 213|0x000000008d500000, 0x000000008d500000, 0x000000008d600000|  0%| F|  |TAMS 0x000000008d500000, 0x000000008d500000| Untracked 
| 214|0x000000008d600000, 0x000000008d600000, 0x000000008d700000|  0%| F|  |TAMS 0x000000008d600000, 0x000000008d600000| Untracked 
| 215|0x000000008d700000, 0x000000008d700000, 0x000000008d800000|  0%| F|  |TAMS 0x000000008d700000, 0x000000008d700000| Untracked 
| 251|0x000000008fb00000, 0x000000008fb00000, 0x000000008fc00000|  0%| F|  |TAMS 0x000000008fb00000, 0x000000008fb00000| Untracked 

Card table byte_map: [0x000001c21b750000,0x000001c21bb50000] _byte_map_base: 0x000001c21b350000

Marking Bits (Prev, Next): (CMBitMap*) 0x000001c202073330, (CMBitMap*) 0x000001c202073370
 Prev Bits: [0x000001c21bf50000, 0x000001c21df50000)
 Next Bits: [0x000001c21df50000, 0x000001c21ff50000)

Polling page: 0x000001c2020b0000

Metaspace:

Usage:
  Non-class:     49.33 MB used.
      Class:      7.93 MB used.
       Both:     57.26 MB used.

Virtual space:
  Non-class space:       64.00 MB reserved,      49.62 MB ( 78%) committed,  1 nodes.
      Class space:      416.00 MB reserved,       8.19 MB (  2%) committed,  1 nodes.
             Both:      480.00 MB reserved,      57.81 MB ( 12%) committed. 

Chunk freelists:
   Non-Class:  13.81 MB
       Class:  7.76 MB
        Both:  21.58 MB

MaxMetaspaceSize: 512.00 MB
CompressedClassSpaceSize: 416.00 MB
Initial GC threshold: 21.00 MB
Current GC threshold: 96.06 MB
CDS: on
MetaspaceReclaimPolicy: balanced
 - commit_granule_bytes: 65536.
 - commit_granule_words: 8192.
 - virtual_space_node_default_size: 8388608.
 - enlarge_chunks_in_place: 1.
 - new_chunks_are_fully_committed: 0.
 - uncommit_free_chunks: 1.
 - use_allocation_guard: 0.
 - handle_deallocations: 1.


Internal statistics:

num_allocs_failed_limit: 6.
num_arena_births: 714.
num_arena_deaths: 0.
num_vsnodes_births: 2.
num_vsnodes_deaths: 0.
num_space_committed: 925.
num_space_uncommitted: 0.
num_chunks_returned_to_freelist: 6.
num_chunks_taken_from_freelist: 3040.
num_chunk_merges: 6.
num_chunk_splits: 2036.
num_chunks_enlarged: 1365.
num_inconsistent_stats: 0.

CodeHeap 'non-profiled nmethods': size=119168Kb used=4774Kb max_used=4774Kb free=114393Kb
 bounds [0x000001c213020000, 0x000001c2134d0000, 0x000001c21a480000]
CodeHeap 'profiled nmethods': size=119104Kb used=14898Kb max_used=14898Kb free=104205Kb
 bounds [0x000001c20b480000, 0x000001c20c310000, 0x000001c2128d0000]
CodeHeap 'non-nmethods': size=7488Kb used=2353Kb max_used=4074Kb free=5134Kb
 bounds [0x000001c2128d0000, 0x000001c212ce0000, 0x000001c213020000]
 total_blobs=8468 nmethods=7587 adapters=793
 compilation: enabled
              stopped_count=0, restarted_count=0
 full_count=0

Compilation events (20 events):
Event: 8653.374 Thread 0x000001c23e073d00 nmethod 8461 0x000001c2134c4490 code [0x000001c2134c46a0, 0x000001c2134c5650]
Event: 8653.374 Thread 0x000001c23e073d00 8462   !   4       java.util.concurrent.ScheduledThreadPoolExecutor$DelayedWorkQueue::offer (123 bytes)
Event: 8653.445 Thread 0x000001c23e073d00 nmethod 8462 0x000001c2134c5e10 code [0x000001c2134c6020, 0x000001c2134c6fd0]
Event: 8654.611 Thread 0x000001c23e0e09e0 8464       3       org.gradle.launcher.daemon.registry.DaemonRegistryContent$Serializer::readStopEvents (52 bytes)
Event: 8655.262 Thread 0x000001c23e0e09e0 nmethod 8464 0x000001c20c306710 code [0x000001c20c306920, 0x000001c20c307138]
Event: 8655.281 Thread 0x000001c23e0e09e0 8465       3       java.util.LinkedHashMap$LinkedValues::toArray (18 bytes)
Event: 8655.703 Thread 0x000001c23e0e09e0 nmethod 8465 0x000001c20c307490 code [0x000001c20c307640, 0x000001c20c307828]
Event: 8655.723 Thread 0x000001c23e0e09e0 8467       3       org.gradle.internal.util.NumberUtil::percentOf (75 bytes)
Event: 8656.672 Thread 0x000001c23e0e09e0 nmethod 8467 0x000001c20c307910 code [0x000001c20c307ba0, 0x000001c20c3084a8]
Event: 8656.675 Thread 0x000001c23e0e09e0 8469       3       org.gradle.launcher.daemon.server.expiry.AllDaemonExpirationStrategy::checkExpiration (125 bytes)
Event: 8662.136 Thread 0x000001c23e0e09e0 nmethod 8469 0x000001c20c308810 code [0x000001c20c308ba0, 0x000001c20c30a7d8]
Event: 8662.172 Thread 0x000001c23e0e09e0 8468       3       org.gradle.launcher.daemon.server.health.gc.GarbageCollectionStats::isValid (15 bytes)
Event: 8662.176 Thread 0x000001c23e0e09e0 nmethod 8468 0x000001c20c30b190 code [0x000001c20c30b320, 0x000001c20c30b498]
Event: 8662.176 Thread 0x000001c23e0e09e0 8470       3       org.gradle.launcher.daemon.server.DaemonIdleTimeoutExpirationStrategy::checkExpiration (85 bytes)
Event: 8662.707 Thread 0x000001c23e0e09e0 nmethod 8470 0x000001c20c30b510 code [0x000001c20c30b7c0, 0x000001c20c30c4b8]
Event: 8671.522 Thread 0x000001c23e073d00 8473       4       java.util.concurrent.ThreadPoolExecutor$Worker::lock (6 bytes)
Event: 8671.739 Thread 0x000001c23e073d00 nmethod 8473 0x000001c2134c7790 code [0x000001c2134c7900, 0x000001c2134c7a78]
Event: 8671.739 Thread 0x000001c23e073d00 8474   !   4       org.gradle.internal.concurrent.ManagedExecutorImpl$1::run (57 bytes)
Event: 8679.975 Thread 0x000001c23e073d00 nmethod 8474 0x000001c2134c7b10 code [0x000001c2134c7d40, 0x000001c2134c8df0]
Event: 8680.131 Thread 0x000001c23e073d00 8480   !   4       java.util.concurrent.ScheduledThreadPoolExecutor$DelayedWorkQueue::take (203 bytes)

GC Heap History (20 events):
Event: 1157.122 GC heap after
{Heap after GC invocations=28 (full 0):
 garbage-first heap   total 94208K, used 52697K [0x0000000080000000, 0x0000000100000000)
  region size 1024K, 2 young (2048K), 2 survivors (2048K)
 Metaspace       used 58435K, committed 59008K, reserved 491520K
  class space    used 8112K, committed 8384K, reserved 425984K
}
Event: 1215.134 GC heap before
{Heap before GC invocations=29 (full 0):
 garbage-first heap   total 94208K, used 78297K [0x0000000080000000, 0x0000000100000000)
  region size 1024K, 27 young (27648K), 2 survivors (2048K)
 Metaspace       used 58475K, committed 59072K, reserved 491520K
  class space    used 8114K, committed 8384K, reserved 425984K
}
Event: 1215.150 GC heap after
{Heap after GC invocations=30 (full 0):
 garbage-first heap   total 94208K, used 52880K [0x0000000080000000, 0x0000000100000000)
  region size 1024K, 3 young (3072K), 3 survivors (3072K)
 Metaspace       used 58475K, committed 59072K, reserved 491520K
  class space    used 8114K, committed 8384K, reserved 425984K
}
Event: 1273.630 GC heap before
{Heap before GC invocations=30 (full 0):
 garbage-first heap   total 94208K, used 76432K [0x0000000080000000, 0x0000000100000000)
  region size 1024K, 27 young (27648K), 3 survivors (3072K)
 Metaspace       used 58484K, committed 59072K, reserved 491520K
  class space    used 8114K, committed 8384K, reserved 425984K
}
Event: 1273.652 GC heap after
{Heap after GC invocations=31 (full 0):
 garbage-first heap   total 94208K, used 53059K [0x0000000080000000, 0x0000000100000000)
  region size 1024K, 3 young (3072K), 3 survivors (3072K)
 Metaspace       used 58484K, committed 59072K, reserved 491520K
  class space    used 8114K, committed 8384K, reserved 425984K
}
Event: 1349.484 GC heap before
{Heap before GC invocations=32 (full 0):
 garbage-first heap   total 94208K, used 77635K [0x0000000080000000, 0x0000000100000000)
  region size 1024K, 28 young (28672K), 3 survivors (3072K)
 Metaspace       used 58486K, committed 59072K, reserved 491520K
  class space    used 8114K, committed 8384K, reserved 425984K
}
Event: 1349.520 GC heap after
{Heap after GC invocations=33 (full 0):
 garbage-first heap   total 148480K, used 53266K [0x0000000080000000, 0x0000000100000000)
  region size 1024K, 2 young (2048K), 2 survivors (2048K)
 Metaspace       used 58486K, committed 59072K, reserved 491520K
  class space    used 8114K, committed 8384K, reserved 425984K
}
Event: 1529.484 GC heap before
{Heap before GC invocations=33 (full 0):
 garbage-first heap   total 148480K, used 120850K [0x0000000080000000, 0x0000000100000000)
  region size 1024K, 69 young (70656K), 2 survivors (2048K)
 Metaspace       used 58531K, committed 59136K, reserved 491520K
  class space    used 8114K, committed 8384K, reserved 425984K
}
Event: 1529.512 GC heap after
{Heap after GC invocations=34 (full 0):
 garbage-first heap   total 148480K, used 53692K [0x0000000080000000, 0x0000000100000000)
  region size 1024K, 2 young (2048K), 2 survivors (2048K)
 Metaspace       used 58531K, committed 59136K, reserved 491520K
  class space    used 8114K, committed 8384K, reserved 425984K
}
Event: 8657.349 GC heap before
{Heap before GC invocations=34 (full 0):
 garbage-first heap   total 148480K, used 124348K [0x0000000080000000, 0x0000000100000000)
  region size 1024K, 71 young (72704K), 2 survivors (2048K)
 Metaspace       used 58630K, committed 59200K, reserved 491520K
  class space    used 8118K, committed 8384K, reserved 425984K
}
Event: 8660.726 GC heap after
{Heap after GC invocations=35 (full 0):
 garbage-first heap   total 148480K, used 53882K [0x0000000080000000, 0x0000000100000000)
  region size 1024K, 2 young (2048K), 2 survivors (2048K)
 Metaspace       used 58630K, committed 59200K, reserved 491520K
  class space    used 8118K, committed 8384K, reserved 425984K
}
Event: 8668.316 GC heap before
{Heap before GC invocations=35 (full 0):
 garbage-first heap   total 148480K, used 59002K [0x0000000080000000, 0x0000000100000000)
  region size 1024K, 7 young (7168K), 2 survivors (2048K)
 Metaspace       used 58635K, committed 59200K, reserved 491520K
  class space    used 8118K, committed 8384K, reserved 425984K
}
Event: 8671.299 GC heap after
{Heap after GC invocations=36 (full 0):
 garbage-first heap   total 148480K, used 54010K [0x0000000080000000, 0x0000000100000000)
  region size 1024K, 1 young (1024K), 1 survivors (1024K)
 Metaspace       used 58635K, committed 59200K, reserved 491520K
  class space    used 8118K, committed 8384K, reserved 425984K
}
Event: 8672.743 GC heap before
{Heap before GC invocations=36 (full 0):
 garbage-first heap   total 148480K, used 60154K [0x0000000080000000, 0x0000000100000000)
  region size 1024K, 7 young (7168K), 1 survivors (1024K)
 Metaspace       used 58635K, committed 59200K, reserved 491520K
  class space    used 8118K, committed 8384K, reserved 425984K
}
Event: 8673.435 GC heap after
{Heap after GC invocations=37 (full 0):
 garbage-first heap   total 148480K, used 53803K [0x0000000080000000, 0x0000000100000000)
  region size 1024K, 1 young (1024K), 1 survivors (1024K)
 Metaspace       used 58635K, committed 59200K, reserved 491520K
  class space    used 8118K, committed 8384K, reserved 425984K
}
Event: 8675.931 GC heap before
{Heap before GC invocations=37 (full 0):
 garbage-first heap   total 148480K, used 59947K [0x0000000080000000, 0x0000000100000000)
  region size 1024K, 7 young (7168K), 1 survivors (1024K)
 Metaspace       used 58635K, committed 59200K, reserved 491520K
  class space    used 8118K, committed 8384K, reserved 425984K
}
Event: 8676.856 GC heap after
{Heap after GC invocations=38 (full 0):
 garbage-first heap   total 148480K, used 53776K [0x0000000080000000, 0x0000000100000000)
  region size 1024K, 1 young (1024K), 1 survivors (1024K)
 Metaspace       used 58635K, committed 59200K, reserved 491520K
  class space    used 8118K, committed 8384K, reserved 425984K
}
Event: 8678.142 GC heap before
{Heap before GC invocations=38 (full 0):
 garbage-first heap   total 148480K, used 59920K [0x0000000080000000, 0x0000000100000000)
  region size 1024K, 7 young (7168K), 1 survivors (1024K)
 Metaspace       used 58635K, committed 59200K, reserved 491520K
  class space    used 8118K, committed 8384K, reserved 425984K
}
Event: 8679.916 GC heap after
{Heap after GC invocations=39 (full 0):
 garbage-first heap   total 148480K, used 53760K [0x0000000080000000, 0x0000000100000000)
  region size 1024K, 1 young (1024K), 1 survivors (1024K)
 Metaspace       used 58635K, committed 59200K, reserved 491520K
  class space    used 8118K, committed 8384K, reserved 425984K
}
Event: 8680.595 GC heap before
{Heap before GC invocations=39 (full 0):
 garbage-first heap   total 148480K, used 59904K [0x0000000080000000, 0x0000000100000000)
  region size 1024K, 7 young (7168K), 1 survivors (1024K)
 Metaspace       used 58635K, committed 59200K, reserved 491520K
  class space    used 8118K, committed 8384K, reserved 425984K
}

Dll operation events (13 events):
Event: 1.674 Loaded shared library C:\Program Files\Eclipse Adoptium\jdk-17.0.15.6-hotspot\bin\java.dll
Event: 3.794 Loaded shared library C:\Program Files\Eclipse Adoptium\jdk-17.0.15.6-hotspot\bin\jsvml.dll
Event: 8.421 Loaded shared library C:\Program Files\Eclipse Adoptium\jdk-17.0.15.6-hotspot\bin\net.dll
Event: 8.428 Loaded shared library C:\Program Files\Eclipse Adoptium\jdk-17.0.15.6-hotspot\bin\nio.dll
Event: 8.673 Loaded shared library C:\Program Files\Eclipse Adoptium\jdk-17.0.15.6-hotspot\bin\zip.dll
Event: 21.559 Loaded shared library C:\Program Files\Eclipse Adoptium\jdk-17.0.15.6-hotspot\bin\jimage.dll
Event: 31.805 Loaded shared library C:\Program Files\Eclipse Adoptium\jdk-17.0.15.6-hotspot\bin\verify.dll
Event: 65.304 Loaded shared library C:\Users\karth\.gradle\native\68d5fa5c4cc2d200863cafc0d521ce42e7d3e7ee720ec0a83991735586a16f82\windows-amd64\native-platform.dll
Event: 66.135 Loaded shared library C:\Users\karth\.gradle\native\e376f236ea51e6404a007f0833ffe2c6e607c4080706a723a18a27aeea778392\windows-amd64\native-platform-file-events.dll
Event: 161.085 Loaded shared library C:\Program Files\Eclipse Adoptium\jdk-17.0.15.6-hotspot\bin\management.dll
Event: 161.106 Loaded shared library C:\Program Files\Eclipse Adoptium\jdk-17.0.15.6-hotspot\bin\management_ext.dll
Event: 208.159 Loaded shared library C:\Program Files\Eclipse Adoptium\jdk-17.0.15.6-hotspot\bin\extnet.dll
Event: 296.327 Loaded shared library C:\Program Files\Eclipse Adoptium\jdk-17.0.15.6-hotspot\bin\sunmscapi.dll

Deoptimization events (20 events):
Event: 1117.205 Thread 0x000001c24307f6e0 DEOPT PACKING pc=0x000001c2133c1090 sp=0x00000018bb9f78d0
Event: 1117.205 Thread 0x000001c24307f6e0 DEOPT UNPACKING pc=0x000001c2129269a3 sp=0x00000018bb9f7850 mode 2
Event: 1121.177 Thread 0x000001c24307f6e0 Uncommon trap: trap_request=0xffffffde fr.pc=0x000001c2133c1090 relative=0x00000000000012f0
Event: 1121.177 Thread 0x000001c24307f6e0 Uncommon trap: reason=class_check action=maybe_recompile pc=0x000001c2133c1090 method=java.util.concurrent.ConcurrentHashMap.putVal(Ljava/lang/Object;Ljava/lang/Object;Z)Ljava/lang/Object; @ 242 c2
Event: 1121.178 Thread 0x000001c24307f6e0 DEOPT PACKING pc=0x000001c2133c1090 sp=0x00000018bb9f78d0
Event: 1121.178 Thread 0x000001c24307f6e0 DEOPT UNPACKING pc=0x000001c2129269a3 sp=0x00000018bb9f7850 mode 2
Event: 1229.483 Thread 0x000001c243328520 Uncommon trap: trap_request=0xffffff45 fr.pc=0x000001c213475c84 relative=0x0000000000000064
Event: 1229.484 Thread 0x000001c243328520 Uncommon trap: reason=unstable_if action=reinterpret pc=0x000001c213475c84 method=org.gradle.launcher.daemon.registry.PersistentDaemonRegistry$1.isSatisfiedBy(Lorg/gradle/launcher/daemon/registry/DaemonInfo;)Z @ 7 c2
Event: 1229.484 Thread 0x000001c243328520 DEOPT PACKING pc=0x000001c213475c84 sp=0x00000018bbbfea40
Event: 1229.485 Thread 0x000001c243328520 DEOPT UNPACKING pc=0x000001c2129269a3 sp=0x00000018bbbfe970 mode 2
Event: 1327.563 Thread 0x000001c24307f6e0 DEOPT PACKING pc=0x000001c20b540b9b sp=0x00000018bb9f7640
Event: 1327.565 Thread 0x000001c24307f6e0 DEOPT UNPACKING pc=0x000001c212927143 sp=0x00000018bb9f6b60 mode 0
Event: 2023.576 Thread 0x000001c24307f6e0 Uncommon trap: trap_request=0xffffff45 fr.pc=0x000001c2133d6cc4 relative=0x0000000000000124
Event: 2023.577 Thread 0x000001c24307f6e0 Uncommon trap: reason=unstable_if action=reinterpret pc=0x000001c2133d6cc4 method=org.gradle.internal.time.DefaultCountdownTimer.hasExpired()Z @ 6 c2
Event: 2023.577 Thread 0x000001c24307f6e0 DEOPT PACKING pc=0x000001c2133d6cc4 sp=0x00000018bb9f77f0
Event: 2023.577 Thread 0x000001c24307f6e0 DEOPT UNPACKING pc=0x000001c2129269a3 sp=0x00000018bb9f77b8 mode 2
Event: 2023.578 Thread 0x000001c24307f6e0 Uncommon trap: trap_request=0xffffff45 fr.pc=0x000001c2134522e8 relative=0x0000000000005968
Event: 2023.580 Thread 0x000001c24307f6e0 Uncommon trap: reason=unstable_if action=reinterpret pc=0x000001c2134522e8 method=org.gradle.internal.io.ExponentialBackoff.retryUntil(Lorg/gradle/internal/io/IOQuery;)Ljava/lang/Object; @ 25 c2
Event: 2023.580 Thread 0x000001c24307f6e0 DEOPT PACKING pc=0x000001c2134522e8 sp=0x00000018bb9f7850
Event: 2023.581 Thread 0x000001c24307f6e0 DEOPT UNPACKING pc=0x000001c2129269a3 sp=0x00000018bb9f78d8 mode 2

Classes loaded (20 events):
Event: 1069.109 Loading class java/util/regex/Pattern$SliceI
Event: 1069.109 Loading class java/util/regex/Pattern$SliceI done
Event: 1087.667 Loading class jdk/internal/access/foreign/MemorySegmentProxy
Event: 1087.667 Loading class jdk/internal/access/foreign/MemorySegmentProxy done
Event: 1107.823 Loading class jdk/internal/loader/URLClassPath$FileLoader
Event: 1107.823 Loading class jdk/internal/loader/URLClassPath$FileLoader done
Event: 1107.852 Loading class jdk/internal/loader/URLClassPath$FileLoader$1
Event: 1107.852 Loading class jdk/internal/loader/URLClassPath$FileLoader$1 done
Event: 1108.357 Loading class java/lang/AbstractMethodError
Event: 1108.357 Loading class java/lang/AbstractMethodError done
Event: 1108.427 Loading class java/time/temporal/WeekFields
Event: 1108.427 Loading class java/time/temporal/WeekFields done
Event: 1108.428 Loading class java/time/temporal/WeekFields$ComputedDayOfField
Event: 1108.428 Loading class java/time/temporal/WeekFields$ComputedDayOfField done
Event: 1108.434 Loading class java/time/Month$1
Event: 1108.434 Loading class java/time/Month$1 done
Event: 1108.444 Loading class java/nio/channels/Channels
Event: 1108.445 Loading class java/nio/channels/Channels done
Event: 1108.445 Loading class java/nio/channels/Channels$1
Event: 1108.445 Loading class java/nio/channels/Channels$1 done

Classes unloaded (0 events):
No events

Classes redefined (0 events):
No events

Internal exceptions (20 events):
Event: 1111.172 Thread 0x000001c24307f6e0 Exception <a 'java/lang/ClassNotFoundException'{0x00000000841c7a30}: org/gradle/internal/metaobject/ConfigureDelegateBeanInfo> (0x00000000841c7a30) 
thrown [s\src\hotspot\share\classfile\systemDictionary.cpp, line 256]
Event: 1111.173 Thread 0x000001c24307f6e0 Exception <a 'java/lang/ClassNotFoundException'{0x00000000841d8f38}: org/gradle/internal/metaobject/ConfigureDelegateCustomizer> (0x00000000841d8f38) 
thrown [s\src\hotspot\share\classfile\systemDictionary.cpp, line 256]
Event: 1111.184 Thread 0x000001c24307f6e0 Exception <a 'java/lang/ClassNotFoundException'{0x000000008401b860}: org/gradle/api/internal/initialization/DefaultScriptHandlerBeanInfo> (0x000000008401b860) 
thrown [s\src\hotspot\share\classfile\systemDictionary.cpp, line 256]
Event: 1111.184 Thread 0x000001c24307f6e0 Exception <a 'java/lang/ClassNotFoundException'{0x000000008402d160}: org/gradle/api/internal/initialization/DefaultScriptHandlerCustomizer> (0x000000008402d160) 
thrown [s\src\hotspot\share\classfile\systemDictionary.cpp, line 256]
Event: 1111.223 Thread 0x000001c24307f6e0 Exception <a 'java/lang/ClassNotFoundException'{0x000000008d640e98}: org/gradle/api/internal/artifacts/dsl/DefaultRepositoryHandler_DecoratedBeanInfo> (0x000000008d640e98) 
thrown [s\src\hotspot\share\classfile\systemDictionary.cpp, line 256]
Event: 1111.227 Thread 0x000001c24307f6e0 Exception <a 'java/lang/ClassNotFoundException'{0x000000008d659268}: org/gradle/api/internal/artifacts/dsl/DefaultRepositoryHandlerBeanInfo> (0x000000008d659268) 
thrown [s\src\hotspot\share\classfile\systemDictionary.cpp, line 256]
Event: 1111.237 Thread 0x000001c24307f6e0 Exception <a 'java/lang/ClassNotFoundException'{0x000000008d671bd8}: org/gradle/api/internal/artifacts/DefaultArtifactRepositoryContainerBeanInfo> (0x000000008d671bd8) 
thrown [s\src\hotspot\share\classfile\systemDictionary.cpp, line 256]
Event: 1111.238 Thread 0x000001c24307f6e0 Exception <a 'java/lang/ClassNotFoundException'{0x000000008d686730}: org/gradle/api/internal/DefaultNamedDomainObjectListBeanInfo> (0x000000008d686730) 
thrown [s\src\hotspot\share\classfile\systemDictionary.cpp, line 256]
Event: 1111.239 Thread 0x000001c24307f6e0 Exception <a 'java/lang/ClassNotFoundException'{0x000000008d69b6f0}: org/gradle/api/internal/DefaultNamedDomainObjectCollectionBeanInfo> (0x000000008d69b6f0) 
thrown [s\src\hotspot\share\classfile\systemDictionary.cpp, line 256]
Event: 1111.240 Thread 0x000001c24307f6e0 Exception <a 'java/lang/ClassNotFoundException'{0x000000008d6b0780}: org/gradle/api/internal/DefaultDomainObjectCollectionBeanInfo> (0x000000008d6b0780) 
thrown [s\src\hotspot\share\classfile\systemDictionary.cpp, line 256]
Event: 1111.242 Thread 0x000001c24307f6e0 Exception <a 'java/lang/ClassNotFoundException'{0x000000008d6c56b8}: org/gradle/api/internal/DefaultDomainObjectCollectionCustomizer> (0x000000008d6c56b8) 
thrown [s\src\hotspot\share\classfile\systemDictionary.cpp, line 256]
Event: 1111.252 Thread 0x000001c24307f6e0 Exception <a 'java/lang/ClassNotFoundException'{0x000000008d502d88}: org/gradle/api/internal/DefaultNamedDomainObjectCollectionCustomizer> (0x000000008d502d88) 
thrown [s\src\hotspot\share\classfile\systemDictionary.cpp, line 256]
Event: 1111.259 Thread 0x000001c24307f6e0 Exception <a 'java/lang/ClassNotFoundException'{0x000000008d54a840}: org/gradle/api/internal/DefaultNamedDomainObjectListCustomizer> (0x000000008d54a840) 
thrown [s\src\hotspot\share\classfile\systemDictionary.cpp, line 256]
Event: 1111.266 Thread 0x000001c24307f6e0 Exception <a 'java/lang/ClassNotFoundException'{0x000000008d58f0e8}: org/gradle/api/internal/artifacts/DefaultArtifactRepositoryContainerCustomizer> (0x000000008d58f0e8) 
thrown [s\src\hotspot\share\classfile\systemDictionary.cpp, line 256]
Event: 1111.269 Thread 0x000001c24307f6e0 Exception <a 'java/lang/ClassNotFoundException'{0x000000008d5cfaa8}: org/gradle/api/internal/artifacts/dsl/DefaultRepositoryHandlerCustomizer> (0x000000008d5cfaa8) 
thrown [s\src\hotspot\share\classfile\systemDictionary.cpp, line 256]
Event: 1111.272 Thread 0x000001c24307f6e0 Exception <a 'java/lang/ClassNotFoundException'{0x000000008571e308}: org/gradle/api/internal/artifacts/dsl/DefaultRepositoryHandler_DecoratedCustomizer> (0x000000008571e308) 
thrown [s\src\hotspot\share\classfile\systemDictionary.cpp, line 256]
Event: 1111.298 Thread 0x000001c24307f6e0 Exception <a 'java/lang/ClassNotFoundException'{0x00000000857b1da0}: org/gradle/api/internal/artifacts/dsl/dependencies/DefaultDependencyHandler_DecoratedBeanInfo> (0x00000000857b1da0) 
thrown [s\src\hotspot\share\classfile\systemDictionary.cpp, line 256]
Event: 1111.300 Thread 0x000001c24307f6e0 Exception <a 'java/lang/ClassNotFoundException'{0x00000000857c9c08}: org/gradle/api/internal/artifacts/dsl/dependencies/DefaultDependencyHandlerBeanInfo> (0x00000000857c9c08) 
thrown [s\src\hotspot\share\classfile\systemDictionary.cpp, line 256]
Event: 1111.302 Thread 0x000001c24307f6e0 Exception <a 'java/lang/ClassNotFoundException'{0x00000000857e14e0}: org/gradle/api/internal/artifacts/dsl/dependencies/DefaultDependencyHandlerCustomizer> (0x00000000857e14e0) 
thrown [s\src\hotspot\share\classfile\systemDictionary.cpp, line 256]
Event: 1111.309 Thread 0x000001c24307f6e0 Exception <a 'java/lang/ClassNotFoundException'{0x000000008562b658}: org/gradle/api/internal/artifacts/dsl/dependencies/DefaultDependencyHandler_DecoratedCustomizer> (0x000000008562b658) 
thrown [s\src\hotspot\share\classfile\systemDictionary.cpp, line 256]

VM Operations (20 events):
Event: 8645.516 Executing VM operation: Cleanup done
Event: 8647.540 Executing VM operation: Cleanup
Event: 8647.593 Executing VM operation: Cleanup done
Event: 8650.621 Executing VM operation: Cleanup
Event: 8650.717 Executing VM operation: Cleanup done
Event: 8653.742 Executing VM operation: Cleanup
Event: 8653.784 Executing VM operation: Cleanup done
Event: 8657.103 Executing VM operation: G1CollectForAllocation
Event: 8660.783 Executing VM operation: G1CollectForAllocation done
Event: 8663.788 Executing VM operation: Cleanup
Event: 8663.866 Executing VM operation: Cleanup done
Event: 8668.261 Executing VM operation: G1CollectForAllocation
Event: 8671.439 Executing VM operation: G1CollectForAllocation done
Event: 8672.742 Executing VM operation: G1CollectForAllocation
Event: 8673.435 Executing VM operation: G1CollectForAllocation done
Event: 8675.349 Executing VM operation: G1CollectForAllocation
Event: 8676.857 Executing VM operation: G1CollectForAllocation done
Event: 8677.943 Executing VM operation: G1CollectForAllocation
Event: 8679.975 Executing VM operation: G1CollectForAllocation done
Event: 8680.405 Executing VM operation: G1CollectForAllocation

Memory protections (0 events):
No events

Nmethod flushes (20 events):
Event: 966.091 Thread 0x000001c23e0e1a70 flushing  nmethod 0x000001c20bce7390
Event: 966.091 Thread 0x000001c23e0e1a70 flushing  nmethod 0x000001c20bce8710
Event: 966.091 Thread 0x000001c23e0e1a70 flushing  nmethod 0x000001c20bce8f10
Event: 966.091 Thread 0x000001c23e0e1a70 flushing  nmethod 0x000001c20bce9990
Event: 966.091 Thread 0x000001c23e0e1a70 flushing  nmethod 0x000001c20bceae90
Event: 966.091 Thread 0x000001c23e0e1a70 flushing  nmethod 0x000001c20bcf4210
Event: 966.091 Thread 0x000001c23e0e1a70 flushing  nmethod 0x000001c20bcf5f10
Event: 966.091 Thread 0x000001c23e0e1a70 flushing  nmethod 0x000001c20bd09890
Event: 966.091 Thread 0x000001c23e0e1a70 flushing  nmethod 0x000001c20bd29610
Event: 966.091 Thread 0x000001c23e0e1a70 flushing  nmethod 0x000001c20bd30990
Event: 966.091 Thread 0x000001c23e0e1a70 flushing  nmethod 0x000001c20bd3f890
Event: 966.091 Thread 0x000001c23e0e1a70 flushing  nmethod 0x000001c20bd3fd90
Event: 966.091 Thread 0x000001c23e0e1a70 flushing  nmethod 0x000001c20bd40f10
Event: 966.091 Thread 0x000001c23e0e1a70 flushing  nmethod 0x000001c20bd44a10
Event: 966.091 Thread 0x000001c23e0e1a70 flushing  nmethod 0x000001c20bd96810
Event: 966.091 Thread 0x000001c23e0e1a70 flushing  nmethod 0x000001c20bd9b210
Event: 966.091 Thread 0x000001c23e0e1a70 flushing  nmethod 0x000001c20bda9b90
Event: 966.091 Thread 0x000001c23e0e1a70 flushing  nmethod 0x000001c20be60510
Event: 966.091 Thread 0x000001c23e0e1a70 flushing  nmethod 0x000001c20be60890
Event: 1108.214 Thread 0x000001c23e0e1a70 flushing  nmethod 0x000001c20b89e310

Events (20 events):
Event: 1456.127 Thread 0x000001c23e0e09e0 Thread added: 0x000001c243f91a10
Event: 1456.128 Thread 0x000001c23e0e09e0 Thread added: 0x000001c24621ff40
Event: 1456.130 Thread 0x000001c23e0e09e0 Thread added: 0x000001c2457923d0
Event: 1461.149 Thread 0x000001c2457923d0 Thread exited: 0x000001c2457923d0
Event: 1461.150 Thread 0x000001c24621ff40 Thread exited: 0x000001c24621ff40
Event: 1461.150 Thread 0x000001c243f91a10 Thread exited: 0x000001c243f91a10
Event: 1467.947 Thread 0x000001c23e0e09e0 Thread added: 0x000001c243f91a10
Event: 1472.963 Thread 0x000001c243f91a10 Thread exited: 0x000001c243f91a10
Event: 1538.301 Thread 0x000001c23e0e09e0 Thread added: 0x000001c246718d10
Event: 1544.495 Thread 0x000001c246718d10 Thread exited: 0x000001c246718d10
Event: 1549.514 Thread 0x000001c23e0e09e0 Thread added: 0x000001c246718d10
Event: 1552.158 Thread 0x000001c246718d10 Thread exited: 0x000001c246718d10
Event: 2025.625 Thread 0x000001c23e0e09e0 Thread added: 0x000001c246718d10
Event: 2025.625 Thread 0x000001c23e0e09e0 Thread added: 0x000001c2445b60a0
Event: 2031.134 Thread 0x000001c2445b60a0 Thread exited: 0x000001c2445b60a0
Event: 2031.818 Thread 0x000001c246718d10 Thread exited: 0x000001c246718d10
Event: 8635.375 Thread 0x000001c23e0e09e0 Thread added: 0x000001c246718d10
Event: 8635.375 Thread 0x000001c23e0e09e0 Thread added: 0x000001c2445b60a0
Event: 8636.543 Thread 0x000001c2445b60a0 Thread exited: 0x000001c2445b60a0
Event: 8636.548 Thread 0x000001c246718d10 Thread exited: 0x000001c246718d10


Dynamic libraries:
0x00007ff687c40000 - 0x00007ff687c4e000 	C:\Program Files\Eclipse Adoptium\jdk-17.0.15.6-hotspot\bin\java.exe
0x00007fffc3680000 - 0x00007fffc38e6000 	C:\WINDOWS\SYSTEM32\ntdll.dll
0x00007fffc2160000 - 0x00007fffc2229000 	C:\WINDOWS\System32\KERNEL32.DLL
0x00007fffc0ae0000 - 0x00007fffc0eac000 	C:\WINDOWS\System32\KERNELBASE.dll
0x0000000070320000 - 0x00000000703bd000 	C:\ProgramData\Symantec\Symantec Endpoint Protection\14.3.9205.6000.105\Data\Sysfer\x64\sysfer.dll
0x00007fffc0810000 - 0x00007fffc095b000 	C:\WINDOWS\System32\ucrtbase.dll
0x00007fff9be20000 - 0x00007fff9be37000 	C:\Program Files\Eclipse Adoptium\jdk-17.0.15.6-hotspot\bin\jli.dll
0x00007fffc14c0000 - 0x00007fffc168a000 	C:\WINDOWS\System32\USER32.dll
0x00007fffc1360000 - 0x00007fffc1387000 	C:\WINDOWS\System32\win32u.dll
0x00007fffc1730000 - 0x00007fffc175b000 	C:\WINDOWS\System32\GDI32.dll
0x00007fffc0f70000 - 0x00007fffc10a2000 	C:\WINDOWS\System32\gdi32full.dll
0x00007fffc1390000 - 0x00007fffc1433000 	C:\WINDOWS\System32\msvcp_win.dll
0x00007fff99aa0000 - 0x00007fff99abe000 	C:\Program Files\Eclipse Adoptium\jdk-17.0.15.6-hotspot\bin\VCRUNTIME140.dll
0x00007fffa61a0000 - 0x00007fffa643a000 	C:\WINDOWS\WinSxS\amd64_microsoft.windows.common-controls_6595b64144ccf1df_6.0.26100.3912_none_3e07963ce335137e\COMCTL32.dll
0x00007fffc3590000 - 0x00007fffc3639000 	C:\WINDOWS\System32\msvcrt.dll
0x00007fffc2850000 - 0x00007fffc2880000 	C:\WINDOWS\System32\IMM32.DLL
0x00007fffa4250000 - 0x00007fffa425c000 	C:\Program Files\Eclipse Adoptium\jdk-17.0.15.6-hotspot\bin\vcruntime140_1.dll
0x00007fff7c670000 - 0x00007fff7c6fd000 	C:\Program Files\Eclipse Adoptium\jdk-17.0.15.6-hotspot\bin\msvcp140.dll
0x00007fff3e940000 - 0x00007fff3f5ab000 	C:\Program Files\Eclipse Adoptium\jdk-17.0.15.6-hotspot\bin\server\jvm.dll
0x00007fffc2e40000 - 0x00007fffc2ef2000 	C:\WINDOWS\System32\ADVAPI32.dll
0x00007fffc1760000 - 0x00007fffc1806000 	C:\WINDOWS\System32\sechost.dll
0x00007fffc2040000 - 0x00007fffc2156000 	C:\WINDOWS\System32\RPCRT4.dll
0x00007fffc3500000 - 0x00007fffc3574000 	C:\WINDOWS\System32\WS2_32.dll
0x00007fffc0680000 - 0x00007fffc06de000 	C:\WINDOWS\SYSTEM32\POWRPROF.dll
0x00007fffb52a0000 - 0x00007fffb52d6000 	C:\WINDOWS\SYSTEM32\WINMM.dll
0x00007fffa9820000 - 0x00007fffa982b000 	C:\WINDOWS\SYSTEM32\VERSION.dll
0x00007fffc0660000 - 0x00007fffc0674000 	C:\WINDOWS\SYSTEM32\UMPDC.dll
0x00007fffbf5d0000 - 0x00007fffbf5ea000 	C:\WINDOWS\SYSTEM32\kernel.appcore.dll
0x00007fffa41b0000 - 0x00007fffa41ba000 	C:\Program Files\Eclipse Adoptium\jdk-17.0.15.6-hotspot\bin\jimage.dll
0x00007fffbe100000 - 0x00007fffbe341000 	C:\WINDOWS\SYSTEM32\DBGHELP.DLL
0x00007fffc3000000 - 0x00007fffc3384000 	C:\WINDOWS\System32\combase.dll
0x00007fffc2b40000 - 0x00007fffc2c20000 	C:\WINDOWS\System32\OLEAUT32.dll
0x00007fff95100000 - 0x00007fff95139000 	C:\WINDOWS\SYSTEM32\dbgcore.DLL
0x00007fffc12c0000 - 0x00007fffc1359000 	C:\WINDOWS\System32\bcryptPrimitives.dll
0x00007fff988b0000 - 0x00007fff988d5000 	C:\Program Files\Eclipse Adoptium\jdk-17.0.15.6-hotspot\bin\java.dll
0x00007fff7c590000 - 0x00007fff7c667000 	C:\Program Files\Eclipse Adoptium\jdk-17.0.15.6-hotspot\bin\jsvml.dll
0x00007fffc1890000 - 0x00007fffc1fbd000 	C:\WINDOWS\System32\SHELL32.dll
0x00007fffc0960000 - 0x00007fffc0ad4000 	C:\WINDOWS\System32\wintypes.dll
0x00007fffbe450000 - 0x00007fffbeca6000 	C:\WINDOWS\SYSTEM32\windows.storage.dll
0x00007fffc2f00000 - 0x00007fffc2fef000 	C:\WINDOWS\System32\SHCORE.dll
0x00007fffc1820000 - 0x00007fffc1889000 	C:\WINDOWS\System32\shlwapi.dll
0x00007fffc0720000 - 0x00007fffc074f000 	C:\WINDOWS\SYSTEM32\profapi.dll
0x00007fff99a10000 - 0x00007fff99a29000 	C:\Program Files\Eclipse Adoptium\jdk-17.0.15.6-hotspot\bin\net.dll
0x00007fffaf2b0000 - 0x00007fffaf3ce000 	C:\WINDOWS\SYSTEM32\WINHTTP.dll
0x00007fffbfb40000 - 0x00007fffbfbaa000 	C:\WINDOWS\system32\mswsock.dll
0x00007fff98f80000 - 0x00007fff98f96000 	C:\Program Files\Eclipse Adoptium\jdk-17.0.15.6-hotspot\bin\nio.dll
0x00007fff98520000 - 0x00007fff98538000 	C:\Program Files\Eclipse Adoptium\jdk-17.0.15.6-hotspot\bin\zip.dll
0x00007fffa4150000 - 0x00007fffa4160000 	C:\Program Files\Eclipse Adoptium\jdk-17.0.15.6-hotspot\bin\verify.dll
0x00007fff98930000 - 0x00007fff98957000 	C:\Users\karth\.gradle\native\68d5fa5c4cc2d200863cafc0d521ce42e7d3e7ee720ec0a83991735586a16f82\windows-amd64\native-platform.dll
0x00007fff7c440000 - 0x00007fff7c584000 	C:\Users\karth\.gradle\native\e376f236ea51e6404a007f0833ffe2c6e607c4080706a723a18a27aeea778392\windows-amd64\native-platform-file-events.dll
0x00007fffa0910000 - 0x00007fffa091a000 	C:\Program Files\Eclipse Adoptium\jdk-17.0.15.6-hotspot\bin\management.dll
0x00007fffa0830000 - 0x00007fffa083b000 	C:\Program Files\Eclipse Adoptium\jdk-17.0.15.6-hotspot\bin\management_ext.dll
0x00007fffc3580000 - 0x00007fffc3588000 	C:\WINDOWS\System32\PSAPI.DLL
0x00007fffbfde0000 - 0x00007fffbfdfc000 	C:\WINDOWS\SYSTEM32\CRYPTSP.dll
0x00007fffbf530000 - 0x00007fffbf56a000 	C:\WINDOWS\system32\rsaenh.dll
0x00007fffbfbe0000 - 0x00007fffbfc0b000 	C:\WINDOWS\SYSTEM32\USERENV.dll
0x00007fffc06f0000 - 0x00007fffc0716000 	C:\WINDOWS\SYSTEM32\bcrypt.dll
0x00007fffbfe00000 - 0x00007fffbfe0c000 	C:\WINDOWS\SYSTEM32\CRYPTBASE.dll
0x00007fffbf070000 - 0x00007fffbf0a3000 	C:\WINDOWS\SYSTEM32\IPHLPAPI.DLL
0x00007fffc2740000 - 0x00007fffc274a000 	C:\WINDOWS\System32\NSI.dll
0x00007fffb72a0000 - 0x00007fffb72bf000 	C:\WINDOWS\SYSTEM32\dhcpcsvc6.DLL
0x00007fffb7030000 - 0x00007fffb7055000 	C:\WINDOWS\SYSTEM32\dhcpcsvc.DLL
0x00007fffbf140000 - 0x00007fffbf267000 	C:\WINDOWS\SYSTEM32\DNSAPI.dll
0x00007fff9c160000 - 0x00007fff9c169000 	C:\Program Files\Eclipse Adoptium\jdk-17.0.15.6-hotspot\bin\extnet.dll
0x00007fff9bf40000 - 0x00007fff9bf4e000 	C:\Program Files\Eclipse Adoptium\jdk-17.0.15.6-hotspot\bin\sunmscapi.dll
0x00007fffc10b0000 - 0x00007fffc1227000 	C:\WINDOWS\System32\CRYPT32.dll
0x00007fffbfff0000 - 0x00007fffc0020000 	C:\WINDOWS\SYSTEM32\ncrypt.dll
0x00007fffbffa0000 - 0x00007fffbffdf000 	C:\WINDOWS\SYSTEM32\NTASN1.dll
0x00007fffa3df0000 - 0x00007fffa3df8000 	C:\WINDOWS\system32\wshunix.dll

dbghelp: loaded successfully - version: 4.0.5 - missing functions: none
symbol engine: initialized successfully - sym options: 0x614 - pdb path: .;C:\Program Files\Eclipse Adoptium\jdk-17.0.15.6-hotspot\bin;C:\WINDOWS\SYSTEM32;C:\ProgramData\Symantec\Symantec Endpoint Protection\14.3.9205.6000.105\Data\Sysfer\x64;C:\WINDOWS\WinSxS\amd64_microsoft.windows.common-controls_6595b64144ccf1df_6.0.26100.3912_none_3e07963ce335137e;C:\Program Files\Eclipse Adoptium\jdk-17.0.15.6-hotspot\bin\server;C:\Users\karth\.gradle\native\68d5fa5c4cc2d200863cafc0d521ce42e7d3e7ee720ec0a83991735586a16f82\windows-amd64;C:\Users\karth\.gradle\native\e376f236ea51e6404a007f0833ffe2c6e607c4080706a723a18a27aeea778392\windows-amd64

VM Arguments:
jvm_args: -XX:MaxMetaspaceSize=512m --add-opens=java.base/java.util=ALL-UNNAMED --add-opens=java.base/java.lang=ALL-UNNAMED --add-opens=java.base/java.lang.invoke=ALL-UNNAMED --add-opens=java.prefs/java.util.prefs=ALL-UNNAMED --add-opens=java.base/java.nio.charset=ALL-UNNAMED --add-opens=java.base/java.net=ALL-UNNAMED --add-opens=java.base/java.util.concurrent.atomic=ALL-UNNAMED -Xmx2048m -Dfile.encoding=UTF-8 -Duser.country=CA -Duser.language=en -Duser.variant 
java_command: org.gradle.launcher.daemon.bootstrap.GradleDaemon 8.0.1
java_class_path (initial): C:\Users\karth\.gradle\wrapper\dists\gradle-8.0.1-all\aro4hu1c3oeioove7l0i4i14o\gradle-8.0.1\lib\gradle-launcher-8.0.1.jar
Launcher Type: SUN_STANDARD

[Global flags]
     intx CICompilerCount                          = 12                                        {product} {ergonomic}
   size_t CompressedClassSpaceSize                 = 436207616                                 {product} {ergonomic}
     uint ConcGCThreads                            = 3                                         {product} {ergonomic}
     uint G1ConcRefinementThreads                  = 13                                        {product} {ergonomic}
   size_t G1HeapRegionSize                         = 1048576                                   {product} {ergonomic}
    uintx GCDrainStackTargetSize                   = 64                                        {product} {ergonomic}
   size_t InitialHeapSize                          = 264241152                                 {product} {ergonomic}
   size_t MarkStackSize                            = 4194304                                   {product} {ergonomic}
   size_t MaxHeapSize                              = 2147483648                                {product} {command line}
   size_t MaxMetaspaceSize                         = 536870912                                 {product} {command line}
   size_t MaxNewSize                               = 1287651328                                {product} {ergonomic}
   size_t MinHeapDeltaBytes                        = 1048576                                   {product} {ergonomic}
   size_t MinHeapSize                              = 8388608                                   {product} {ergonomic}
    uintx NonNMethodCodeHeapSize                   = 7602480                                {pd product} {ergonomic}
    uintx NonProfiledCodeHeapSize                  = 122027880                              {pd product} {ergonomic}
    uintx ProfiledCodeHeapSize                     = 122027880                              {pd product} {ergonomic}
    uintx ReservedCodeCacheSize                    = 251658240                              {pd product} {ergonomic}
     bool SegmentedCodeCache                       = true                                      {product} {ergonomic}
   size_t SoftMaxHeapSize                          = 2147483648                             {manageable} {ergonomic}
     bool UseCompressedClassPointers               = true                           {product lp64_product} {ergonomic}
     bool UseCompressedOops                        = true                           {product lp64_product} {ergonomic}
     bool UseG1GC                                  = true                                      {product} {ergonomic}
     bool UseLargePagesIndividualAllocation        = false                                  {pd product} {ergonomic}

Logging:
Log output configuration:
 #0: stdout all=warning uptime,level,tags
 #1: stderr all=off uptime,level,tags

Environment Variables:
JAVA_HOME=C:\Program Files\Java\jdk-23
CLASSPATH=C:\Users\karth\CascadeProjects\MobileAppAndroid\android\\gradle\wrapper\gradle-wrapper.jar
PATH=C:\Users\karth\CascadeProjects\MobileAppAndroid\node_modules\.bin;C:\Users\karth\CascadeProjects\MobileAppAndroid\node_modules\.bin;C:\Users\karth\CascadeProjects\node_modules\.bin;C:\Users\karth\node_modules\.bin;C:\Users\node_modules\.bin;C:\node_modules\.bin;C:\Program Files\nodejs\node_modules\npm\node_modules\@npmcli\run-script\lib\node-gyp-bin;C:\Users\karth\CascadeProjects\MobileAppAndroid\node_modules\.bin;C:\Users\karth\CascadeProjects\MobileAppAndroid\node_modules\.bin;C:\Users\karth\CascadeProjects\node_modules\.bin;C:\Users\karth\node_modules\.bin;C:\Users\node_modules\.bin;C:\node_modules\.bin;C:\Program Files\nodejs\node_modules\npm\node_modules\@npmcli\run-script\lib\node-gyp-bin;C:\Program Files\Eclipse Adoptium\jdk-17.0.15.6-hotspot\bin;C:\Program Files\Common Files\Oracle\Java\javapath;C:\WINDOWS\system32;C:\WINDOWS;C:\WINDOWS\System32\Wbem;C:\WINDOWS\System32\WindowsPowerShell\v1.0\;C:\WINDOWS\System32\OpenSSH\;C:\Program Files\nodejs\;C:\Program Files (x86)\nikto\program;C:\Program Files (x86)\curl;D:\GoWorkspace\bin;C:\Program Files\Go\bin;C:\Program Files\Git\cmd;C:\Users\karth\AppData\Local\Android\Sdk;C:\Users\karth\AppData\Local\Android\Sdk\platform-tools;C:\Program Files\Eclipse Adoptium\jdk-17.0.15.6-hotspot\bin;C:\Program Files\Common Files\Oracle\Java\javapath;C:\WINDOWS\system32;C:\WINDOWS;C:\WINDOWS\System32\Wbem;C:\WINDOWS\System32\WindowsPowerShell\v1.0\;C:\WINDOWS\System32\OpenSSH\;C:\Program Files\nodejs\;C:\Program Files\Git\cmd;C:\Users\karth\AppData\Local\Microsoft\WindowsApps;C:\Users\karth\AppData\Local\Programs\Microsoft VS Code\bin;C:\Users\karth\AppData\Roaming\npm;C:\Users\karth\go\bin;C:\Users\karth\AppData\Local\Programs\Windsurf\bin
USERNAME=karth
OS=Windows_NT
PROCESSOR_IDENTIFIER=Intel64 Family 6 Model 154 Stepping 3, GenuineIntel
TMP=C:\Users\karth\AppData\Local\Temp
TEMP=C:\Users\karth\AppData\Local\Temp



Periodic native trim disabled


---------------  S Y S T E M  ---------------

OS:
 Windows 11 , 64 bit Build 26100 (10.0.26100.3912)
OS uptime: 10 days 15:58 hours
Hyper-V role detected

CPU: total 16 (initial active 16) (8 cores per cpu, 2 threads per core) family 6 model 154 stepping 3 microcode 0x416, cx8, cmov, fxsr, ht, mmx, 3dnowpref, sse, sse2, sse3, ssse3, sse4.1, sse4.2, popcnt, lzcnt, tsc, tscinvbit, avx, avx2, aes, erms, clmul, bmi1, bmi2, adx, sha, fma, vzeroupper, clflush, clflushopt, clwb, hv
Processor Information for processor 0
  Max Mhz: 2100, Current Mhz: 2100, Mhz Limit: 2100
Processor Information for processor 1
  Max Mhz: 2100, Current Mhz: 2100, Mhz Limit: 2100
Processor Information for processor 2
  Max Mhz: 2100, Current Mhz: 2100, Mhz Limit: 2100
Processor Information for processor 3
  Max Mhz: 2100, Current Mhz: 2100, Mhz Limit: 2100
Processor Information for processor 4
  Max Mhz: 2100, Current Mhz: 2100, Mhz Limit: 2100
Processor Information for processor 5
  Max Mhz: 2100, Current Mhz: 2100, Mhz Limit: 2100
Processor Information for processor 6
  Max Mhz: 2100, Current Mhz: 2100, Mhz Limit: 2100
Processor Information for processor 7
  Max Mhz: 2100, Current Mhz: 2100, Mhz Limit: 2100
Processor Information for processor 8
  Max Mhz: 2100, Current Mhz: 1500, Mhz Limit: 1491
Processor Information for processor 9
  Max Mhz: 2100, Current Mhz: 1500, Mhz Limit: 1491
Processor Information for processor 10
  Max Mhz: 2100, Current Mhz: 1500, Mhz Limit: 1491
Processor Information for processor 11
  Max Mhz: 2100, Current Mhz: 1500, Mhz Limit: 1491
Processor Information for processor 12
  Max Mhz: 2100, Current Mhz: 1500, Mhz Limit: 1491
Processor Information for processor 13
  Max Mhz: 2100, Current Mhz: 1500, Mhz Limit: 1491
Processor Information for processor 14
  Max Mhz: 2100, Current Mhz: 1500, Mhz Limit: 1491
Processor Information for processor 15
  Max Mhz: 2100, Current Mhz: 1500, Mhz Limit: 1491

Memory: 4k page, system-wide physical 16088M (0M free)
TotalPageFile size 64210M (AvailPageFile size 42M)
current process WorkingSet (physical memory assigned to process): 5M, peak: 218M
current process commit charge ("private bytes"): 387M, peak: 459M

vm_info: OpenJDK 64-Bit Server VM (17.0.15+6) for windows-amd64 JRE (17.0.15+6), built on Apr 15 2025 21:25:47 by "admin" with MS VC++ 17.7 (VS2022)

END.
