#
# There is insufficient memory for the Java Runtime Environment to continue.
# Native memory allocation (malloc) failed to allocate 1628192 bytes. Error detail: Chunk::new
# Possible reasons:
#   The system is out of physical RAM or swap space
#   This process is running with CompressedOops enabled, and the Java Heap may be blocking the growth of the native heap
# Possible solutions:
#   Reduce memory load on the system
#   Increase physical memory or swap space
#   Check if swap backing store is full
#   Decrease Java heap size (-Xmx/-Xms)
#   Decrease number of Java threads
#   Decrease Java thread stack sizes (-Xss)
#   Set larger code cache with -XX:ReservedCodeCacheSize=
#   JVM is running with Unscaled Compressed Oops mode in which the Java heap is
#     placed in the first 4GB address space. The Java Heap base address is the
#     maximum limit for the native heap growth. Please use -XX:HeapBaseMinAddress
#     to set the Java Heap base and to place the Java Heap above 4GB virtual address.
# This output file may be truncated or incomplete.
#
#  Out of Memory Error (arena.cpp:191), pid=62960, tid=60052
#
# JRE version: OpenJDK Runtime Environment Temurin-17.0.15+6 (17.0.15+6) (build 17.0.15+6)
# Java VM: OpenJDK 64-Bit Server VM Temurin-17.0.15+6 (17.0.15+6, mixed mode, sharing, tiered, compressed oops, compressed class ptrs, g1 gc, windows-amd64)
# No core dump will be written. Minidumps are not enabled by default on client versions of Windows
#

---------------  S U M M A R Y ------------

Command Line: -XX:MaxMetaspaceSize=512m --add-opens=java.base/java.util=ALL-UNNAMED --add-opens=java.base/java.lang=ALL-UNNAMED --add-opens=java.base/java.lang.invoke=ALL-UNNAMED --add-opens=java.prefs/java.util.prefs=ALL-UNNAMED --add-opens=java.base/java.nio.charset=ALL-UNNAMED --add-opens=java.base/java.net=ALL-UNNAMED --add-opens=java.base/java.util.concurrent.atomic=ALL-UNNAMED -Xmx2048m -Dfile.encoding=UTF-8 -Duser.country=CA -Duser.language=en -Duser.variant org.gradle.launcher.daemon.bootstrap.GradleDaemon 8.0.1

Host: 12th Gen Intel(R) Core(TM) i7-1260P, 16 cores, 15G,  Windows 11 , 64 bit Build 26100 (10.0.26100.3912)
Time: Sun May 25 23:54:08 2025 Eastern Daylight Time elapsed time: 109.039907 seconds (0d 0h 1m 49s)

---------------  T H R E A D  ---------------

Current thread (0x00000264137c5b90):  JavaThread "C2 CompilerThread0" daemon [_thread_in_native, id=60052, stack(0x000000fc27b00000,0x000000fc27c00000)]


Current CompileTask:
C2: 109040 4511       4       javax.management.ObjectName::construct (1135 bytes)

Stack: [0x000000fc27b00000,0x000000fc27c00000]
Native frames: (J=compiled Java code, j=interpreted, Vv=VM code, C=native code)
V  [jvm.dll+0x682fc9]
V  [jvm.dll+0x839878]
V  [jvm.dll+0x83b323]
V  [jvm.dll+0x83b993]
V  [jvm.dll+0x24725f]
V  [jvm.dll+0xacea4]
V  [jvm.dll+0xad53c]
V  [jvm.dll+0x365c6e]
V  [jvm.dll+0x32fe58]
V  [jvm.dll+0x32f2da]
V  [jvm.dll+0x21824f]
V  [jvm.dll+0x21768f]
V  [jvm.dll+0x1a31b0]
V  [jvm.dll+0x227a9c]
V  [jvm.dll+0x225bfb]
V  [jvm.dll+0x7ef018]
V  [jvm.dll+0x7e94dc]
V  [jvm.dll+0x681ea7]
C  [ucrtbase.dll+0x37b0]
C  [KERNEL32.DLL+0x2e8d7]
C  [ntdll.dll+0x9c5dc]


---------------  P R O C E S S  ---------------

Threads class SMR info:
_java_thread_list=0x0000026435de7900, length=37, elements={
0x0000026473e7ffc0, 0x00000264137b0450, 0x00000264137b1890, 0x00000264137bf400,
0x00000264137c1de0, 0x00000264137c26b0, 0x00000264137c2f80, 0x00000264137c5b90,
0x000002641382ce90, 0x0000026413844a90, 0x00000264139072f0, 0x000002641391a660,
0x000002643451a0d0, 0x00000264345fbc30, 0x0000026434a0cb90, 0x00000264347c9ac0,
0x00000264346338a0, 0x0000026434d20810, 0x000002643326d5d0, 0x000002643326bc80,
0x000002643326c6a0, 0x000002643326d0c0, 0x000002643326ad50, 0x000002643326cbb0,
0x0000026433269e20, 0x000002643326a840, 0x000002643326b260, 0x000002643326b770,
0x0000026433b3bdc0, 0x0000026433b3a470, 0x0000026433b3ae90, 0x0000026433b3c7e0,
0x0000026433b3c2d0, 0x0000026433b3d200, 0x0000026433b3a980, 0x0000026433b3eb50,
0x0000026433b3b3a0
}

Java Threads: ( => current thread )
  0x0000026473e7ffc0 JavaThread "main" [_thread_blocked, id=39684, stack(0x000000fc26e00000,0x000000fc26f00000)]
  0x00000264137b0450 JavaThread "Reference Handler" daemon [_thread_blocked, id=23564, stack(0x000000fc27500000,0x000000fc27600000)]
  0x00000264137b1890 JavaThread "Finalizer" daemon [_thread_blocked, id=64404, stack(0x000000fc27600000,0x000000fc27700000)]
  0x00000264137bf400 JavaThread "Signal Dispatcher" daemon [_thread_blocked, id=39268, stack(0x000000fc27700000,0x000000fc27800000)]
  0x00000264137c1de0 JavaThread "Attach Listener" daemon [_thread_blocked, id=67900, stack(0x000000fc27800000,0x000000fc27900000)]
  0x00000264137c26b0 JavaThread "Service Thread" daemon [_thread_blocked, id=51172, stack(0x000000fc27900000,0x000000fc27a00000)]
  0x00000264137c2f80 JavaThread "Monitor Deflation Thread" daemon [_thread_blocked, id=13396, stack(0x000000fc27a00000,0x000000fc27b00000)]
=>0x00000264137c5b90 JavaThread "C2 CompilerThread0" daemon [_thread_in_native, id=60052, stack(0x000000fc27b00000,0x000000fc27c00000)]
  0x000002641382ce90 JavaThread "C1 CompilerThread0" daemon [_thread_blocked, id=34576, stack(0x000000fc27c00000,0x000000fc27d00000)]
  0x0000026413844a90 JavaThread "Sweeper thread" daemon [_thread_blocked, id=42864, stack(0x000000fc27d00000,0x000000fc27e00000)]
  0x00000264139072f0 JavaThread "Common-Cleaner" daemon [_thread_blocked, id=23524, stack(0x000000fc27e00000,0x000000fc27f00000)]
  0x000002641391a660 JavaThread "Notification Thread" daemon [_thread_blocked, id=25928, stack(0x000000fc27f00000,0x000000fc28000000)]
  0x000002643451a0d0 JavaThread "Daemon health stats" [_thread_blocked, id=59116, stack(0x000000fc28100000,0x000000fc28200000)]
  0x00000264345fbc30 JavaThread "Incoming local TCP Connector on port 34019" [_thread_in_native, id=30944, stack(0x000000fc28700000,0x000000fc28800000)]
  0x0000026434a0cb90 JavaThread "Daemon periodic checks" [_thread_blocked, id=15472, stack(0x000000fc28800000,0x000000fc28900000)]
  0x00000264347c9ac0 JavaThread "Daemon" [_thread_blocked, id=13580, stack(0x000000fc28900000,0x000000fc28a00000)]
  0x00000264346338a0 JavaThread "Handler for socket connection from /127.0.0.1:34019 to /127.0.0.1:34037" [_thread_in_native, id=34588, stack(0x000000fc28a00000,0x000000fc28b00000)]
  0x0000026434d20810 JavaThread "Cancel handler" [_thread_blocked, id=47096, stack(0x000000fc28b00000,0x000000fc28c00000)]
  0x000002643326d5d0 JavaThread "Daemon worker" [_thread_in_native, id=51856, stack(0x000000fc28c00000,0x000000fc28d00000)]
  0x000002643326bc80 JavaThread "Asynchronous log dispatcher for DefaultDaemonConnection: socket connection from /127.0.0.1:34019 to /127.0.0.1:34037" [_thread_blocked, id=31388, stack(0x000000fc28d00000,0x000000fc28e00000)]
  0x000002643326c6a0 JavaThread "Daemon client event forwarder" [_thread_blocked, id=51000, stack(0x000000fc28f00000,0x000000fc29000000)]
  0x000002643326d0c0 JavaThread "Cache worker for journal cache (C:\Users\karth\.gradle\caches\journal-1)" [_thread_blocked, id=61088, stack(0x000000fc29000000,0x000000fc29100000)]
  0x000002643326ad50 JavaThread "File lock request listener" [_thread_in_native, id=40244, stack(0x000000fc29100000,0x000000fc29200000)]
  0x000002643326cbb0 JavaThread "File lock release action executor" [_thread_blocked, id=44232, stack(0x000000fc29200000,0x000000fc29300000)]
  0x0000026433269e20 JavaThread "Cache worker for file hash cache (C:\Users\karth\.gradle\caches\8.0.1\fileHashes)" [_thread_blocked, id=33068, stack(0x000000fc29500000,0x000000fc29600000)]
  0x000002643326a840 JavaThread "File watcher server" daemon [_thread_in_native, id=45824, stack(0x000000fc26b00000,0x000000fc26c00000)]
  0x000002643326b260 JavaThread "File watcher consumer" daemon [_thread_blocked, id=6024, stack(0x000000fc26c00000,0x000000fc26d00000)]
  0x000002643326b770 JavaThread "Cache worker for checksums cache (C:\Users\karth\CascadeProjects\MobileAppAndroid\android\.gradle\8.0.1\checksums)" [_thread_blocked, id=13940, stack(0x000000fc26d00000,0x000000fc26e00000)]
  0x0000026433b3bdc0 JavaThread "Cache worker for cache directory md-rule (C:\Users\karth\.gradle\caches\8.0.1\md-rule)" [_thread_blocked, id=28572, stack(0x000000fc29600000,0x000000fc29700000)]
  0x0000026433b3a470 JavaThread "Cache worker for file content cache (C:\Users\karth\.gradle\caches\8.0.1\fileContent)" [_thread_blocked, id=64144, stack(0x000000fc29700000,0x000000fc29800000)]
  0x0000026433b3ae90 JavaThread "Cache worker for file hash cache (C:\Users\karth\CascadeProjects\MobileAppAndroid\android\.gradle\8.0.1\fileHashes)" [_thread_blocked, id=11332, stack(0x000000fc2a100000,0x000000fc2a200000)]
  0x0000026433b3c7e0 JavaThread "Cache worker for cache directory md-supplier (C:\Users\karth\.gradle\caches\8.0.1\md-supplier)" [_thread_blocked, id=20096, stack(0x000000fc2a200000,0x000000fc2a300000)]
  0x0000026433b3c2d0 JavaThread "Cache worker for execution history cache (C:\Users\karth\.gradle\caches\8.0.1\executionHistory)" [_thread_blocked, id=29540, stack(0x000000fc2a300000,0x000000fc2a400000)]
  0x0000026433b3d200 JavaThread "jar transforms" [_thread_blocked, id=47288, stack(0x000000fc2a400000,0x000000fc2a500000)]
  0x0000026433b3a980 JavaThread "jar transforms Thread 2" [_thread_blocked, id=58096, stack(0x000000fc28e00000,0x000000fc28f00000)]
  0x0000026433b3eb50 JavaThread "jar transforms Thread 3" [_thread_blocked, id=47460, stack(0x000000fc2a500000,0x000000fc2a600000)]
  0x0000026433b3b3a0 JavaThread "jar transforms Thread 4" [_thread_blocked, id=58028, stack(0x000000fc2a600000,0x000000fc2a700000)]

Other Threads:
  0x00000264137ac010 VMThread "VM Thread" [stack: 0x000000fc27400000,0x000000fc27500000] [id=32320]
  0x000002641391cf60 WatcherThread [stack: 0x000000fc28000000,0x000000fc28100000] [id=66236]
  0x0000026473edcb30 GCTaskThread "GC Thread#0" [stack: 0x000000fc26f00000,0x000000fc27000000] [id=31256]
  0x0000026433790e70 GCTaskThread "GC Thread#1" [stack: 0x000000fc28200000,0x000000fc28300000] [id=65264]
  0x0000026433dab450 GCTaskThread "GC Thread#2" [stack: 0x000000fc28300000,0x000000fc28400000] [id=24408]
  0x00000264331236f0 GCTaskThread "GC Thread#3" [stack: 0x000000fc28400000,0x000000fc28500000] [id=27128]
  0x0000026433dab710 GCTaskThread "GC Thread#4" [stack: 0x000000fc28500000,0x000000fc28600000] [id=28132]
  0x0000026433bc43b0 GCTaskThread "GC Thread#5" [stack: 0x000000fc28600000,0x000000fc28700000] [id=20292]
  0x0000026433d8d780 GCTaskThread "GC Thread#6" [stack: 0x000000fc29800000,0x000000fc29900000] [id=61908]
  0x0000026433d8e800 GCTaskThread "GC Thread#7" [stack: 0x000000fc29900000,0x000000fc29a00000] [id=67348]
  0x0000026433d8dd00 GCTaskThread "GC Thread#8" [stack: 0x000000fc29a00000,0x000000fc29b00000] [id=19560]
  0x0000026433d8dfc0 GCTaskThread "GC Thread#9" [stack: 0x000000fc29b00000,0x000000fc29c00000] [id=56908]
  0x0000026433d8e280 GCTaskThread "GC Thread#10" [stack: 0x000000fc29c00000,0x000000fc29d00000] [id=41428]
  0x0000026413945fd0 GCTaskThread "GC Thread#11" [stack: 0x000000fc29d00000,0x000000fc29e00000] [id=27152]
  0x0000026413946290 GCTaskThread "GC Thread#12" [stack: 0x000000fc29e00000,0x000000fc29f00000] [id=10480]
  0x0000026473eed890 ConcurrentGCThread "G1 Main Marker" [stack: 0x000000fc27000000,0x000000fc27100000] [id=42108]
  0x0000026473eee0c0 ConcurrentGCThread "G1 Conc#0" [stack: 0x000000fc27100000,0x000000fc27200000] [id=28608]
  0x0000026413943110 ConcurrentGCThread "G1 Conc#1" [stack: 0x000000fc29f00000,0x000000fc2a000000] [id=47296]
  0x00000264139433d0 ConcurrentGCThread "G1 Conc#2" [stack: 0x000000fc2a000000,0x000000fc2a100000] [id=51368]
  0x00000264134ffcd0 ConcurrentGCThread "G1 Refine#0" [stack: 0x000000fc27200000,0x000000fc27300000] [id=28300]
  0x00000264135014c0 ConcurrentGCThread "G1 Service" [stack: 0x000000fc27300000,0x000000fc27400000] [id=46444]

Threads with active compile tasks:
C2 CompilerThread0   109898 4511       4       javax.management.ObjectName::construct (1135 bytes)

VM state: not at safepoint (normal execution)

VM Mutex/Monitor currently owned by a thread: None

Heap address: 0x0000000080000000, size: 2048 MB, Compressed Oops mode: 32-bit

CDS archive(s) mapped at: [0x0000026414000000-0x0000026414bb0000-0x0000026414bb0000), size 12255232, SharedBaseAddress: 0x0000026414000000, ArchiveRelocationMode: 1.
Compressed class space mapped at: 0x0000026415000000-0x000002642f000000, reserved size: 436207616
Narrow klass base: 0x0000026414000000, Narrow klass shift: 0, Narrow klass range: 0x100000000

GC Precious Log:
 CPUs: 16 total, 16 available
 Memory: 16088M
 Large Page Support: Disabled
 NUMA Support: Disabled
 Compressed Oops: Enabled (32-bit)
 Heap Region Size: 1M
 Heap Min Capacity: 8M
 Heap Initial Capacity: 252M
 Heap Max Capacity: 2G
 Pre-touch: Disabled
 Parallel Workers: 13
 Concurrent Workers: 3
 Concurrent Refinement Workers: 13
 Periodic GC: Disabled

Heap:
 garbage-first heap   total 81920K, used 47839K [0x0000000080000000, 0x0000000100000000)
  region size 1024K, 24 young (24576K), 3 survivors (3072K)
 Metaspace       used 32186K, committed 32576K, reserved 491520K
  class space    used 4398K, committed 4544K, reserved 425984K

Heap Regions: E=young(eden), S=young(survivor), O=old, HS=humongous(starts), HC=humongous(continues), CS=collection set, F=free, OA=open archive, CA=closed archive, TAMS=top-at-mark-start (previous, next)
|   0|0x0000000080000000, 0x0000000080100000, 0x0000000080100000|100%|HS|  |TAMS 0x0000000080100000, 0x0000000080000000| Complete 
|   1|0x0000000080100000, 0x0000000080200000, 0x0000000080200000|100%|HC|  |TAMS 0x0000000080200000, 0x0000000080100000| Complete 
|   2|0x0000000080200000, 0x0000000080300000, 0x0000000080300000|100%|HC|  |TAMS 0x0000000080300000, 0x0000000080200000| Complete 
|   3|0x0000000080300000, 0x0000000080400000, 0x0000000080400000|100%|HC|  |TAMS 0x0000000080400000, 0x0000000080300000| Complete 
|   4|0x0000000080400000, 0x0000000080500000, 0x0000000080500000|100%| O|  |TAMS 0x0000000080500000, 0x0000000080400000| Untracked 
|   5|0x0000000080500000, 0x0000000080600000, 0x0000000080600000|100%| O|  |TAMS 0x0000000080600000, 0x0000000080500000| Untracked 
|   6|0x0000000080600000, 0x0000000080700000, 0x0000000080700000|100%| O|  |TAMS 0x0000000080700000, 0x0000000080600000| Untracked 
|   7|0x0000000080700000, 0x0000000080800000, 0x0000000080800000|100%| O|  |TAMS 0x0000000080800000, 0x0000000080700000| Untracked 
|   8|0x0000000080800000, 0x0000000080900000, 0x0000000080900000|100%| O|  |TAMS 0x0000000080800000, 0x0000000080800000| Untracked 
|   9|0x0000000080900000, 0x0000000080a00000, 0x0000000080a00000|100%| O|  |TAMS 0x0000000080a00000, 0x0000000080900000| Untracked 
|  10|0x0000000080a00000, 0x0000000080b00000, 0x0000000080b00000|100%| O|  |TAMS 0x0000000080b00000, 0x0000000080a00000| Untracked 
|  11|0x0000000080b00000, 0x0000000080b00000, 0x0000000080c00000|  0%| F|  |TAMS 0x0000000080b00000, 0x0000000080b00000| Untracked 
|  12|0x0000000080c00000, 0x0000000080d00000, 0x0000000080d00000|100%| O|  |TAMS 0x0000000080c00000, 0x0000000080c00000| Untracked 
|  13|0x0000000080d00000, 0x0000000080e00000, 0x0000000080e00000|100%| O|  |TAMS 0x0000000080d00000, 0x0000000080d00000| Untracked 
|  14|0x0000000080e00000, 0x0000000080f00000, 0x0000000080f00000|100%| O|  |TAMS 0x0000000080e00000, 0x0000000080e00000| Untracked 
|  15|0x0000000080f00000, 0x0000000081000000, 0x0000000081000000|100%| O|  |TAMS 0x0000000080f00000, 0x0000000080f00000| Untracked 
|  16|0x0000000081000000, 0x0000000081100000, 0x0000000081100000|100%| O|  |TAMS 0x0000000081000000, 0x0000000081000000| Untracked 
|  17|0x0000000081100000, 0x0000000081200000, 0x0000000081200000|100%| O|  |TAMS 0x0000000081100000, 0x0000000081100000| Untracked 
|  18|0x0000000081200000, 0x0000000081300000, 0x0000000081300000|100%| O|  |TAMS 0x0000000081200000, 0x0000000081200000| Untracked 
|  19|0x0000000081300000, 0x0000000081400000, 0x0000000081400000|100%| O|  |TAMS 0x0000000081300000, 0x0000000081300000| Untracked 
|  20|0x0000000081400000, 0x0000000081500000, 0x0000000081500000|100%| O|  |TAMS 0x0000000081400000, 0x0000000081400000| Untracked 
|  21|0x0000000081500000, 0x0000000081600000, 0x0000000081600000|100%| O|  |TAMS 0x0000000081500000, 0x0000000081500000| Untracked 
|  22|0x0000000081600000, 0x0000000081700000, 0x0000000081700000|100%| O|  |TAMS 0x0000000081600000, 0x0000000081600000| Untracked 
|  23|0x0000000081700000, 0x0000000081800000, 0x0000000081800000|100%| O|  |TAMS 0x0000000081700000, 0x0000000081700000| Untracked 
|  24|0x0000000081800000, 0x0000000081900000, 0x0000000081900000|100%| O|  |TAMS 0x0000000081800000, 0x0000000081800000| Untracked 
|  25|0x0000000081900000, 0x0000000081a00000, 0x0000000081a00000|100%| O|  |TAMS 0x0000000081900000, 0x0000000081900000| Untracked 
|  26|0x0000000081a00000, 0x0000000081a00000, 0x0000000081b00000|  0%| F|  |TAMS 0x0000000081a00000, 0x0000000081a00000| Untracked 
|  27|0x0000000081b00000, 0x0000000081b00000, 0x0000000081c00000|  0%| F|  |TAMS 0x0000000081b00000, 0x0000000081b00000| Untracked 
|  28|0x0000000081c00000, 0x0000000081c00000, 0x0000000081d00000|  0%| F|  |TAMS 0x0000000081c00000, 0x0000000081c00000| Untracked 
|  29|0x0000000081d00000, 0x0000000081d00000, 0x0000000081e00000|  0%| F|  |TAMS 0x0000000081d00000, 0x0000000081d00000| Untracked 
|  30|0x0000000081e00000, 0x0000000081e00000, 0x0000000081f00000|  0%| F|  |TAMS 0x0000000081e00000, 0x0000000081e00000| Untracked 
|  31|0x0000000081f00000, 0x0000000081f00000, 0x0000000082000000|  0%| F|  |TAMS 0x0000000081f00000, 0x0000000081f00000| Untracked 
|  32|0x0000000082000000, 0x0000000082015a00, 0x0000000082100000|  8%| O|  |TAMS 0x0000000082000000, 0x0000000082000000| Untracked 
|  33|0x0000000082100000, 0x0000000082100000, 0x0000000082200000|  0%| F|  |TAMS 0x0000000082100000, 0x0000000082100000| Untracked 
|  34|0x0000000082200000, 0x0000000082200000, 0x0000000082300000|  0%| F|  |TAMS 0x0000000082200000, 0x0000000082200000| Untracked 
|  35|0x0000000082300000, 0x0000000082300000, 0x0000000082400000|  0%| F|  |TAMS 0x0000000082300000, 0x0000000082300000| Untracked 
|  36|0x0000000082400000, 0x0000000082400000, 0x0000000082500000|  0%| F|  |TAMS 0x0000000082400000, 0x0000000082400000| Untracked 
|  37|0x0000000082500000, 0x0000000082500000, 0x0000000082600000|  0%| F|  |TAMS 0x0000000082500000, 0x0000000082500000| Untracked 
|  38|0x0000000082600000, 0x0000000082600000, 0x0000000082700000|  0%| F|  |TAMS 0x0000000082600000, 0x0000000082600000| Untracked 
|  39|0x0000000082700000, 0x0000000082700000, 0x0000000082800000|  0%| F|  |TAMS 0x0000000082700000, 0x0000000082700000| Untracked 
|  40|0x0000000082800000, 0x0000000082800000, 0x0000000082900000|  0%| F|  |TAMS 0x0000000082800000, 0x0000000082800000| Untracked 
|  41|0x0000000082900000, 0x0000000082900000, 0x0000000082a00000|  0%| F|  |TAMS 0x0000000082900000, 0x0000000082900000| Untracked 
|  42|0x0000000082a00000, 0x0000000082a00000, 0x0000000082b00000|  0%| F|  |TAMS 0x0000000082a00000, 0x0000000082a00000| Untracked 
|  43|0x0000000082b00000, 0x0000000082b00000, 0x0000000082c00000|  0%| F|  |TAMS 0x0000000082b00000, 0x0000000082b00000| Untracked 
|  44|0x0000000082c00000, 0x0000000082c00000, 0x0000000082d00000|  0%| F|  |TAMS 0x0000000082c00000, 0x0000000082c00000| Untracked 
|  45|0x0000000082d00000, 0x0000000082da2260, 0x0000000082e00000| 63%| S|CS|TAMS 0x0000000082d00000, 0x0000000082d00000| Complete 
|  46|0x0000000082e00000, 0x0000000082f00000, 0x0000000082f00000|100%| S|CS|TAMS 0x0000000082e00000, 0x0000000082e00000| Complete 
|  47|0x0000000082f00000, 0x0000000083000000, 0x0000000083000000|100%| S|CS|TAMS 0x0000000082f00000, 0x0000000082f00000| Complete 
|  48|0x0000000083000000, 0x0000000083000000, 0x0000000083100000|  0%| F|  |TAMS 0x0000000083000000, 0x0000000083000000| Untracked 
|  49|0x0000000083100000, 0x0000000083100000, 0x0000000083200000|  0%| F|  |TAMS 0x0000000083100000, 0x0000000083100000| Untracked 
|  50|0x0000000083200000, 0x0000000083200000, 0x0000000083300000|  0%| F|  |TAMS 0x0000000083200000, 0x0000000083200000| Untracked 
|  51|0x0000000083300000, 0x0000000083300000, 0x0000000083400000|  0%| F|  |TAMS 0x0000000083300000, 0x0000000083300000| Untracked 
|  52|0x0000000083400000, 0x0000000083400000, 0x0000000083500000|  0%| F|  |TAMS 0x0000000083400000, 0x0000000083400000| Untracked 
|  53|0x0000000083500000, 0x0000000083500000, 0x0000000083600000|  0%| F|  |TAMS 0x0000000083500000, 0x0000000083500000| Untracked 
|  54|0x0000000083600000, 0x0000000083600000, 0x0000000083700000|  0%| F|  |TAMS 0x0000000083600000, 0x0000000083600000| Untracked 
|  55|0x0000000083700000, 0x0000000083700000, 0x0000000083800000|  0%| F|  |TAMS 0x0000000083700000, 0x0000000083700000| Untracked 
|  56|0x0000000083800000, 0x0000000083800000, 0x0000000083900000|  0%| F|  |TAMS 0x0000000083800000, 0x0000000083800000| Untracked 
|  57|0x0000000083900000, 0x0000000083900000, 0x0000000083a00000|  0%| F|  |TAMS 0x0000000083900000, 0x0000000083900000| Untracked 
|  58|0x0000000083a00000, 0x0000000083a00000, 0x0000000083b00000|  0%| F|  |TAMS 0x0000000083a00000, 0x0000000083a00000| Untracked 
|  59|0x0000000083b00000, 0x0000000083bb02a8, 0x0000000083c00000| 68%| E|  |TAMS 0x0000000083b00000, 0x0000000083b00000| Complete 
|  60|0x0000000083c00000, 0x0000000083d00000, 0x0000000083d00000|100%| E|CS|TAMS 0x0000000083c00000, 0x0000000083c00000| Complete 
|  61|0x0000000083d00000, 0x0000000083e00000, 0x0000000083e00000|100%| E|CS|TAMS 0x0000000083d00000, 0x0000000083d00000| Complete 
|  62|0x0000000083e00000, 0x0000000083f00000, 0x0000000083f00000|100%| E|CS|TAMS 0x0000000083e00000, 0x0000000083e00000| Complete 
|  63|0x0000000083f00000, 0x0000000084000000, 0x0000000084000000|100%| E|CS|TAMS 0x0000000083f00000, 0x0000000083f00000| Complete 
|  64|0x0000000084000000, 0x0000000084100000, 0x0000000084100000|100%| E|CS|TAMS 0x0000000084000000, 0x0000000084000000| Complete 
|  65|0x0000000084100000, 0x0000000084200000, 0x0000000084200000|100%| E|CS|TAMS 0x0000000084100000, 0x0000000084100000| Complete 
|  66|0x0000000084200000, 0x0000000084300000, 0x0000000084300000|100%| E|CS|TAMS 0x0000000084200000, 0x0000000084200000| Complete 
| 133|0x0000000088500000, 0x0000000088600000, 0x0000000088600000|100%| E|CS|TAMS 0x0000000088500000, 0x0000000088500000| Complete 
| 134|0x0000000088600000, 0x0000000088700000, 0x0000000088700000|100%| E|CS|TAMS 0x0000000088600000, 0x0000000088600000| Complete 
| 135|0x0000000088700000, 0x0000000088800000, 0x0000000088800000|100%| E|CS|TAMS 0x0000000088700000, 0x0000000088700000| Complete 
| 136|0x0000000088800000, 0x0000000088900000, 0x0000000088900000|100%| E|CS|TAMS 0x0000000088800000, 0x0000000088800000| Complete 
| 137|0x0000000088900000, 0x0000000088a00000, 0x0000000088a00000|100%| E|CS|TAMS 0x0000000088900000, 0x0000000088900000| Complete 
| 138|0x0000000088a00000, 0x0000000088b00000, 0x0000000088b00000|100%| E|CS|TAMS 0x0000000088a00000, 0x0000000088a00000| Complete 
| 139|0x0000000088b00000, 0x0000000088c00000, 0x0000000088c00000|100%| E|CS|TAMS 0x0000000088b00000, 0x0000000088b00000| Complete 
| 140|0x0000000088c00000, 0x0000000088d00000, 0x0000000088d00000|100%| E|CS|TAMS 0x0000000088c00000, 0x0000000088c00000| Complete 
| 141|0x0000000088d00000, 0x0000000088e00000, 0x0000000088e00000|100%| E|CS|TAMS 0x0000000088d00000, 0x0000000088d00000| Complete 
| 142|0x0000000088e00000, 0x0000000088f00000, 0x0000000088f00000|100%| E|CS|TAMS 0x0000000088e00000, 0x0000000088e00000| Complete 
| 143|0x0000000088f00000, 0x0000000089000000, 0x0000000089000000|100%| E|CS|TAMS 0x0000000088f00000, 0x0000000088f00000| Complete 
| 144|0x0000000089000000, 0x0000000089100000, 0x0000000089100000|100%| E|  |TAMS 0x0000000089000000, 0x0000000089000000| Complete 
| 251|0x000000008fb00000, 0x000000008fc00000, 0x000000008fc00000|100%| E|CS|TAMS 0x000000008fb00000, 0x000000008fb00000| Complete 

Card table byte_map: [0x000002647ce20000,0x000002647d220000] _byte_map_base: 0x000002647ca20000

Marking Bits (Prev, Next): (CMBitMap*) 0x0000026473edcfa0, (CMBitMap*) 0x0000026473edcf60
 Prev Bits: [0x000002640f000000, 0x0000026411000000)
 Next Bits: [0x000002647d620000, 0x000002647f620000)

Polling page: 0x0000026473f20000

Metaspace:

Usage:
  Non-class:     27.14 MB used.
      Class:      4.30 MB used.
       Both:     31.43 MB used.

Virtual space:
  Non-class space:       64.00 MB reserved,      27.38 MB ( 43%) committed,  1 nodes.
      Class space:      416.00 MB reserved,       4.44 MB (  1%) committed,  1 nodes.
             Both:      480.00 MB reserved,      31.81 MB (  7%) committed. 

Chunk freelists:
   Non-Class:  4.35 MB
       Class:  11.57 MB
        Both:  15.92 MB

MaxMetaspaceSize: 512.00 MB
CompressedClassSpaceSize: 416.00 MB
Initial GC threshold: 21.00 MB
Current GC threshold: 35.25 MB
CDS: on
MetaspaceReclaimPolicy: balanced
 - commit_granule_bytes: 65536.
 - commit_granule_words: 8192.
 - virtual_space_node_default_size: 8388608.
 - enlarge_chunks_in_place: 1.
 - new_chunks_are_fully_committed: 0.
 - uncommit_free_chunks: 1.
 - use_allocation_guard: 0.
 - handle_deallocations: 1.


Internal statistics:

num_allocs_failed_limit: 3.
num_arena_births: 340.
num_arena_deaths: 0.
num_vsnodes_births: 2.
num_vsnodes_deaths: 0.
num_space_committed: 509.
num_space_uncommitted: 0.
num_chunks_returned_to_freelist: 3.
num_chunks_taken_from_freelist: 1447.
num_chunk_merges: 3.
num_chunk_splits: 980.
num_chunks_enlarged: 725.
num_inconsistent_stats: 0.

CodeHeap 'non-profiled nmethods': size=119168Kb used=2575Kb max_used=2575Kb free=116592Kb
 bounds [0x0000026407ba0000, 0x0000026407e30000, 0x000002640f000000]
CodeHeap 'profiled nmethods': size=119104Kb used=9263Kb max_used=9263Kb free=109840Kb
 bounds [0x0000026400000000, 0x0000026400910000, 0x0000026407450000]
CodeHeap 'non-nmethods': size=7488Kb used=2285Kb max_used=2324Kb free=5202Kb
 bounds [0x0000026407450000, 0x00000264076c0000, 0x0000026407ba0000]
 total_blobs=5268 nmethods=4478 adapters=702
 compilation: enabled
              stopped_count=0, restarted_count=0
 full_count=0

Compilation events (20 events):
Event: 105.919 Thread 0x000002641382ce90 4505       3       org.codehaus.groovy.reflection.CachedClass$1::lambda$initValue$0 (7 bytes)
Event: 105.919 Thread 0x000002641382ce90 nmethod 4505 0x0000026400908490 code [0x0000026400908640, 0x00000264009087e8]
Event: 105.924 Thread 0x00000264137c5b90 nmethod 4501 0x0000026407e22410 code [0x0000026407e225e0, 0x0000026407e229f8]
Event: 105.925 Thread 0x00000264137c5b90 4502       4       java.util.stream.AbstractPipeline::copyInto (54 bytes)
Event: 105.930 Thread 0x00000264137c5b90 nmethod 4502 0x0000026407e22f10 code [0x0000026407e230e0, 0x0000026407e233d8]
Event: 105.946 Thread 0x000002641382ce90 4506       3       java.util.TimSort::binarySort (223 bytes)
Event: 105.946 Thread 0x000002641382ce90 nmethod 4506 0x0000026400908910 code [0x0000026400908b20, 0x0000026400909618]
Event: 105.946 Thread 0x00000264137c5b90 4507       4       java.util.Collections$UnmodifiableCollection$1::next (10 bytes)
Event: 105.947 Thread 0x00000264137c5b90 nmethod 4507 0x0000026407e23790 code [0x0000026407e23900, 0x0000026407e23998]
Event: 105.950 Thread 0x000002641382ce90 4508       3       java.beans.MethodDescriptor::resolve (32 bytes)
Event: 105.950 Thread 0x000002641382ce90 nmethod 4508 0x0000026400909910 code [0x0000026400909b00, 0x000002640090a058]
Event: 105.952 Thread 0x000002641382ce90 4509       3       java.beans.MethodDescriptor::<init> (111 bytes)
Event: 105.953 Thread 0x000002641382ce90 nmethod 4509 0x000002640090a210 code [0x000002640090a460, 0x000002640090af78]
Event: 105.955 Thread 0x000002641382ce90 4510       3       com.sun.beans.util.Cache::getEntryValue (33 bytes)
Event: 105.955 Thread 0x000002641382ce90 nmethod 4510 0x000002640090b290 code [0x000002640090b460, 0x000002640090b858]
Event: 107.816 Thread 0x00000264137c5b90 4511       4       javax.management.ObjectName::construct (1135 bytes)
Event: 108.076 Thread 0x000002641382ce90 4512       3       sun.net.util.IPAddressUtil::convertFromIPv4MappedAddress (24 bytes)
Event: 108.077 Thread 0x000002641382ce90 nmethod 4512 0x000002640090ba10 code [0x000002640090bbc0, 0x000002640090be98]
Event: 108.077 Thread 0x000002641382ce90 4513       1       com.google.common.cache.LocalCache$StrongValueReference::getWeight (2 bytes)
Event: 108.077 Thread 0x000002641382ce90 nmethod 4513 0x0000026407e23a90 code [0x0000026407e23c20, 0x0000026407e23cf8]

GC Heap History (12 events):
Event: 4.489 GC heap before
{Heap before GC invocations=0 (full 0):
 garbage-first heap   total 258048K, used 26624K [0x0000000080000000, 0x0000000100000000)
  region size 1024K, 23 young (23552K), 0 survivors (0K)
 Metaspace       used 3055K, committed 3200K, reserved 491520K
  class space    used 380K, committed 448K, reserved 425984K
}
Event: 5.144 GC heap after
{Heap after GC invocations=1 (full 0):
 garbage-first heap   total 258048K, used 10275K [0x0000000080000000, 0x0000000100000000)
  region size 1024K, 3 young (3072K), 3 survivors (3072K)
 Metaspace       used 3055K, committed 3200K, reserved 491520K
  class space    used 380K, committed 448K, reserved 425984K
}
Event: 6.816 GC heap before
{Heap before GC invocations=1 (full 0):
 garbage-first heap   total 258048K, used 38947K [0x0000000080000000, 0x0000000100000000)
  region size 1024K, 31 young (31744K), 3 survivors (3072K)
 Metaspace       used 3991K, committed 4160K, reserved 491520K
  class space    used 477K, committed 576K, reserved 425984K
}
Event: 6.823 GC heap after
{Heap after GC invocations=2 (full 0):
 garbage-first heap   total 258048K, used 13565K [0x0000000080000000, 0x0000000100000000)
  region size 1024K, 4 young (4096K), 4 survivors (4096K)
 Metaspace       used 3991K, committed 4160K, reserved 491520K
  class space    used 477K, committed 576K, reserved 425984K
}
Event: 80.276 GC heap before
{Heap before GC invocations=2 (full 0):
 garbage-first heap   total 258048K, used 118013K [0x0000000080000000, 0x0000000100000000)
  region size 1024K, 107 young (109568K), 4 survivors (4096K)
 Metaspace       used 21183K, committed 21504K, reserved 491520K
  class space    used 3101K, committed 3264K, reserved 425984K
}
Event: 80.455 GC heap after
{Heap after GC invocations=3 (full 0):
 garbage-first heap   total 258048K, used 21614K [0x0000000080000000, 0x0000000100000000)
  region size 1024K, 12 young (12288K), 12 survivors (12288K)
 Metaspace       used 21183K, committed 21504K, reserved 491520K
  class space    used 3101K, committed 3264K, reserved 425984K
}
Event: 84.680 GC heap before
{Heap before GC invocations=4 (full 0):
 garbage-first heap   total 81920K, used 58478K [0x0000000080000000, 0x0000000100000000)
  region size 1024K, 48 young (49152K), 12 survivors (12288K)
 Metaspace       used 28736K, committed 29120K, reserved 491520K
  class space    used 4025K, committed 4224K, reserved 425984K
}
Event: 85.082 GC heap after
{Heap after GC invocations=5 (full 0):
 garbage-first heap   total 81920K, used 26911K [0x0000000080000000, 0x0000000100000000)
  region size 1024K, 6 young (6144K), 6 survivors (6144K)
 Metaspace       used 28736K, committed 29120K, reserved 491520K
  class space    used 4025K, committed 4224K, reserved 425984K
}
Event: 85.320 GC heap before
{Heap before GC invocations=5 (full 0):
 garbage-first heap   total 81920K, used 27935K [0x0000000080000000, 0x0000000100000000)
  region size 1024K, 7 young (7168K), 6 survivors (6144K)
 Metaspace       used 28787K, committed 29184K, reserved 491520K
  class space    used 4030K, committed 4224K, reserved 425984K
}
Event: 85.401 GC heap after
{Heap after GC invocations=6 (full 0):
 garbage-first heap   total 81920K, used 26573K [0x0000000080000000, 0x0000000100000000)
  region size 1024K, 1 young (1024K), 1 survivors (1024K)
 Metaspace       used 28787K, committed 29184K, reserved 491520K
  class space    used 4030K, committed 4224K, reserved 425984K
}
Event: 96.962 GC heap before
{Heap before GC invocations=6 (full 0):
 garbage-first heap   total 81920K, used 60365K [0x0000000080000000, 0x0000000100000000)
  region size 1024K, 32 young (32768K), 1 survivors (1024K)
 Metaspace       used 31509K, committed 31936K, reserved 491520K
  class space    used 4302K, committed 4480K, reserved 425984K
}
Event: 96.971 GC heap after
{Heap after GC invocations=7 (full 0):
 garbage-first heap   total 81920K, used 28383K [0x0000000080000000, 0x0000000100000000)
  region size 1024K, 3 young (3072K), 3 survivors (3072K)
 Metaspace       used 31509K, committed 31936K, reserved 491520K
  class space    used 4302K, committed 4480K, reserved 425984K
}

Dll operation events (13 events):
Event: 0.158 Loaded shared library C:\Program Files\Eclipse Adoptium\jdk-17.0.15.6-hotspot\bin\java.dll
Event: 1.455 Loaded shared library C:\Program Files\Eclipse Adoptium\jdk-17.0.15.6-hotspot\bin\jsvml.dll
Event: 2.206 Loaded shared library C:\Program Files\Eclipse Adoptium\jdk-17.0.15.6-hotspot\bin\net.dll
Event: 2.213 Loaded shared library C:\Program Files\Eclipse Adoptium\jdk-17.0.15.6-hotspot\bin\nio.dll
Event: 2.229 Loaded shared library C:\Program Files\Eclipse Adoptium\jdk-17.0.15.6-hotspot\bin\zip.dll
Event: 3.059 Loaded shared library C:\Program Files\Eclipse Adoptium\jdk-17.0.15.6-hotspot\bin\jimage.dll
Event: 3.304 Loaded shared library C:\Program Files\Eclipse Adoptium\jdk-17.0.15.6-hotspot\bin\verify.dll
Event: 4.140 Loaded shared library C:\Users\karth\.gradle\native\68d5fa5c4cc2d200863cafc0d521ce42e7d3e7ee720ec0a83991735586a16f82\windows-amd64\native-platform.dll
Event: 4.195 Loaded shared library C:\Users\karth\.gradle\native\e376f236ea51e6404a007f0833ffe2c6e607c4080706a723a18a27aeea778392\windows-amd64\native-platform-file-events.dll
Event: 7.622 Loaded shared library C:\Program Files\Eclipse Adoptium\jdk-17.0.15.6-hotspot\bin\management.dll
Event: 7.653 Loaded shared library C:\Program Files\Eclipse Adoptium\jdk-17.0.15.6-hotspot\bin\management_ext.dll
Event: 9.146 Loaded shared library C:\Program Files\Eclipse Adoptium\jdk-17.0.15.6-hotspot\bin\extnet.dll
Event: 21.693 Loaded shared library C:\Program Files\Eclipse Adoptium\jdk-17.0.15.6-hotspot\bin\sunmscapi.dll

Deoptimization events (20 events):
Event: 105.509 Thread 0x000002643326d5d0 Uncommon trap: trap_request=0xffffffde fr.pc=0x0000026407d896b0 relative=0x00000000000002f0
Event: 105.509 Thread 0x000002643326d5d0 Uncommon trap: reason=class_check action=maybe_recompile pc=0x0000026407d896b0 method=java.util.regex.Pattern$Start.match(Ljava/util/regex/Matcher;ILjava/lang/CharSequence;)Z @ 44 c2
Event: 105.509 Thread 0x000002643326d5d0 DEOPT PACKING pc=0x0000026407d896b0 sp=0x000000fc28cf7170
Event: 105.509 Thread 0x000002643326d5d0 DEOPT UNPACKING pc=0x00000264074a69a3 sp=0x000000fc28cf7130 mode 2
Event: 105.524 Thread 0x000002643326d5d0 Uncommon trap: trap_request=0xffffffde fr.pc=0x0000026407e0d424 relative=0x0000000000000ca4
Event: 105.524 Thread 0x000002643326d5d0 Uncommon trap: reason=class_check action=maybe_recompile pc=0x0000026407e0d424 method=org.codehaus.groovy.reflection.ParameterTypes.getParametersTypes0()V @ 16 c2
Event: 105.524 Thread 0x000002643326d5d0 DEOPT PACKING pc=0x0000026407e0d424 sp=0x000000fc28cf7bf0
Event: 105.524 Thread 0x000002643326d5d0 DEOPT UNPACKING pc=0x00000264074a69a3 sp=0x000000fc28cf7b78 mode 2
Event: 105.524 Thread 0x000002643326d5d0 Uncommon trap: trap_request=0xffffffde fr.pc=0x0000026407e0d424 relative=0x0000000000000ca4
Event: 105.524 Thread 0x000002643326d5d0 Uncommon trap: reason=class_check action=maybe_recompile pc=0x0000026407e0d424 method=org.codehaus.groovy.reflection.ParameterTypes.getParametersTypes0()V @ 16 c2
Event: 105.524 Thread 0x000002643326d5d0 DEOPT PACKING pc=0x0000026407e0d424 sp=0x000000fc28cf7bf0
Event: 105.524 Thread 0x000002643326d5d0 DEOPT UNPACKING pc=0x00000264074a69a3 sp=0x000000fc28cf7b78 mode 2
Event: 105.681 Thread 0x000002643326d5d0 Uncommon trap: trap_request=0xffffffde fr.pc=0x0000026407e0d424 relative=0x0000000000000ca4
Event: 105.681 Thread 0x000002643326d5d0 Uncommon trap: reason=class_check action=maybe_recompile pc=0x0000026407e0d424 method=org.codehaus.groovy.reflection.ParameterTypes.getParametersTypes0()V @ 16 c2
Event: 105.681 Thread 0x000002643326d5d0 DEOPT PACKING pc=0x0000026407e0d424 sp=0x000000fc28cf7bf0
Event: 105.681 Thread 0x000002643326d5d0 DEOPT UNPACKING pc=0x00000264074a69a3 sp=0x000000fc28cf7b78 mode 2
Event: 105.962 Thread 0x000002643326d5d0 Uncommon trap: trap_request=0xffffffde fr.pc=0x0000026407dd838c relative=0x000000000000090c
Event: 105.962 Thread 0x000002643326d5d0 Uncommon trap: reason=class_check action=maybe_recompile pc=0x0000026407dd838c method=java.io.BufferedInputStream.read1([BII)I @ 39 c2
Event: 105.962 Thread 0x000002643326d5d0 DEOPT PACKING pc=0x0000026407dd838c sp=0x000000fc28cf7990
Event: 105.962 Thread 0x000002643326d5d0 DEOPT UNPACKING pc=0x00000264074a69a3 sp=0x000000fc28cf78c8 mode 2

Classes loaded (20 events):
Event: 105.917 Loading class java/io/BufferedReaderCustomizer
Event: 105.917 Loading class java/io/BufferedReaderCustomizer done
Event: 105.917 Loading class java/io/BufferedReaderCustomizer
Event: 105.917 Loading class java/io/BufferedReaderCustomizer done
Event: 105.924 Loading class java/lang/StringBufferBeanInfo
Event: 105.924 Loading class java/lang/StringBufferBeanInfo done
Event: 105.924 Loading class java/lang/StringBufferBeanInfo
Event: 105.924 Loading class java/lang/StringBufferBeanInfo done
Event: 105.924 Loading class java/lang/AbstractStringBuilderBeanInfo
Event: 105.924 Loading class java/lang/AbstractStringBuilderBeanInfo done
Event: 105.924 Loading class java/lang/AbstractStringBuilderBeanInfo
Event: 105.924 Loading class java/lang/AbstractStringBuilderBeanInfo done
Event: 105.925 Loading class java/lang/AbstractStringBuilderCustomizer
Event: 105.925 Loading class java/lang/AbstractStringBuilderCustomizer done
Event: 105.925 Loading class java/lang/AbstractStringBuilderCustomizer
Event: 105.925 Loading class java/lang/AbstractStringBuilderCustomizer done
Event: 105.947 Loading class java/lang/StringBufferCustomizer
Event: 105.947 Loading class java/lang/StringBufferCustomizer done
Event: 105.948 Loading class java/lang/StringBufferCustomizer
Event: 105.948 Loading class java/lang/StringBufferCustomizer done

Classes unloaded (0 events):
No events

Classes redefined (0 events):
No events

Internal exceptions (20 events):
Event: 105.696 Thread 0x000002643326d5d0 Exception <a 'java/lang/ClassNotFoundException'{0x0000000083f8d640}: java/lang/RuntimeBeanInfo> (0x0000000083f8d640) 
thrown [s\src\hotspot\share\classfile\systemDictionary.cpp, line 256]
Event: 105.697 Thread 0x000002643326d5d0 Exception <a 'java/lang/ClassNotFoundException'{0x0000000083f92f68}: java/lang/RuntimeCustomizer> (0x0000000083f92f68) 
thrown [s\src\hotspot\share\classfile\systemDictionary.cpp, line 256]
Event: 105.844 Thread 0x000002643326d5d0 Exception <a 'java/lang/NoSuchMethodError'{0x0000000083fb8ee0}: 'void java.lang.invoke.DirectMethodHandle$Holder.invokeStatic(java.lang.Object, long)'> (0x0000000083fb8ee0) 
thrown [s\src\hotspot\share\interpreter\linkResolver.cpp, line 759]
Event: 105.847 Thread 0x000002643326d5d0 Exception <a 'java/lang/NoSuchMethodError'{0x0000000083fbf520}: 'java.lang.Object java.lang.invoke.DirectMethodHandle$Holder.newInvokeSpecial(java.lang.Object, long)'> (0x0000000083fbf520) 
thrown [s\src\hotspot\share\interpreter\linkResolver.cpp, line 759]
Event: 105.873 Thread 0x000002643326d5d0 Exception <a 'java/lang/NoSuchMethodError'{0x0000000083fc7030}: 'java.lang.Object java.lang.invoke.DirectMethodHandle$Holder.invokeStatic(java.lang.Object, java.lang.Object, long, java.lang.Object)'> (0x0000000083fc7030) 
thrown [s\src\hotspot\share\interpreter\linkResolver.cpp, line 759]
Event: 105.878 Thread 0x000002643326d5d0 Exception <a 'java/lang/NoSuchMethodError'{0x0000000083fcb7f8}: 'java.lang.Object java.lang.invoke.DirectMethodHandle$Holder.invokeStaticInit(java.lang.Object, java.lang.Object, long, java.lang.Object)'> (0x0000000083fcb7f8) 
thrown [s\src\hotspot\share\interpreter\linkResolver.cpp, line 759]
Event: 105.890 Thread 0x000002643326d5d0 Exception <a 'java/lang/ClassNotFoundException'{0x0000000083feb288}: java/lang/ProcessImplBeanInfo> (0x0000000083feb288) 
thrown [s\src\hotspot\share\classfile\systemDictionary.cpp, line 256]
Event: 105.890 Thread 0x000002643326d5d0 Exception <a 'java/lang/ClassNotFoundException'{0x0000000083ff0be8}: java/lang/ProcessBeanInfo> (0x0000000083ff0be8) 
thrown [s\src\hotspot\share\classfile\systemDictionary.cpp, line 256]
Event: 105.890 Thread 0x000002643326d5d0 Exception <a 'java/lang/ClassNotFoundException'{0x0000000083ff6510}: java/lang/ProcessCustomizer> (0x0000000083ff6510) 
thrown [s\src\hotspot\share\classfile\systemDictionary.cpp, line 256]
Event: 105.892 Thread 0x000002643326d5d0 Exception <a 'java/lang/ClassNotFoundException'{0x0000000083e08ba8}: java/lang/ProcessImplCustomizer> (0x0000000083e08ba8) 
thrown [s\src\hotspot\share\classfile\systemDictionary.cpp, line 256]
Event: 105.912 Thread 0x000002643326d5d0 Exception <a 'java/lang/ClassNotFoundException'{0x0000000083e52fd8}: java/io/InputStreamReaderBeanInfo> (0x0000000083e52fd8) 
thrown [s\src\hotspot\share\classfile\systemDictionary.cpp, line 256]
Event: 105.912 Thread 0x000002643326d5d0 Exception <a 'java/lang/ClassNotFoundException'{0x0000000083e588c0}: java/io/ReaderBeanInfo> (0x0000000083e588c0) 
thrown [s\src\hotspot\share\classfile\systemDictionary.cpp, line 256]
Event: 105.913 Thread 0x000002643326d5d0 Exception <a 'java/lang/ClassNotFoundException'{0x0000000083e5e1c0}: java/io/ReaderCustomizer> (0x0000000083e5e1c0) 
thrown [s\src\hotspot\share\classfile\systemDictionary.cpp, line 256]
Event: 105.914 Thread 0x000002643326d5d0 Exception <a 'java/lang/ClassNotFoundException'{0x0000000083e699b0}: java/io/InputStreamReaderCustomizer> (0x0000000083e699b0) 
thrown [s\src\hotspot\share\classfile\systemDictionary.cpp, line 256]
Event: 105.917 Thread 0x000002643326d5d0 Exception <a 'java/lang/ClassNotFoundException'{0x0000000083e883e8}: java/io/BufferedReaderBeanInfo> (0x0000000083e883e8) 
thrown [s\src\hotspot\share\classfile\systemDictionary.cpp, line 256]
Event: 105.917 Thread 0x000002643326d5d0 Exception <a 'java/lang/ClassNotFoundException'{0x0000000083e8dd18}: java/io/BufferedReaderCustomizer> (0x0000000083e8dd18) 
thrown [s\src\hotspot\share\classfile\systemDictionary.cpp, line 256]
Event: 105.924 Thread 0x000002643326d5d0 Exception <a 'java/lang/ClassNotFoundException'{0x0000000083dc1d58}: java/lang/StringBufferBeanInfo> (0x0000000083dc1d58) 
thrown [s\src\hotspot\share\classfile\systemDictionary.cpp, line 256]
Event: 105.924 Thread 0x000002643326d5d0 Exception <a 'java/lang/ClassNotFoundException'{0x0000000083dc76f0}: java/lang/AbstractStringBuilderBeanInfo> (0x0000000083dc76f0) 
thrown [s\src\hotspot\share\classfile\systemDictionary.cpp, line 256]
Event: 105.925 Thread 0x000002643326d5d0 Exception <a 'java/lang/ClassNotFoundException'{0x0000000083dcd1b0}: java/lang/AbstractStringBuilderCustomizer> (0x0000000083dcd1b0) 
thrown [s\src\hotspot\share\classfile\systemDictionary.cpp, line 256]
Event: 105.948 Thread 0x000002643326d5d0 Exception <a 'java/lang/ClassNotFoundException'{0x0000000083cb9da0}: java/lang/StringBufferCustomizer> (0x0000000083cb9da0) 
thrown [s\src\hotspot\share\classfile\systemDictionary.cpp, line 256]

VM Operations (20 events):
Event: 95.814 Executing VM operation: Cleanup
Event: 95.845 Executing VM operation: Cleanup done
Event: 96.853 Executing VM operation: Cleanup
Event: 96.853 Executing VM operation: Cleanup done
Event: 96.961 Executing VM operation: G1CollectForAllocation
Event: 96.971 Executing VM operation: G1CollectForAllocation done
Event: 97.986 Executing VM operation: Cleanup
Event: 97.986 Executing VM operation: Cleanup done
Event: 98.996 Executing VM operation: Cleanup
Event: 99.017 Executing VM operation: Cleanup done
Event: 100.021 Executing VM operation: Cleanup
Event: 100.037 Executing VM operation: Cleanup done
Event: 102.046 Executing VM operation: Cleanup
Event: 102.047 Executing VM operation: Cleanup done
Event: 104.053 Executing VM operation: Cleanup
Event: 104.393 Executing VM operation: Cleanup done
Event: 105.399 Executing VM operation: Cleanup
Event: 105.445 Executing VM operation: Cleanup done
Event: 106.456 Executing VM operation: Cleanup
Event: 106.456 Executing VM operation: Cleanup done

Memory protections (0 events):
No events

Nmethod flushes (0 events):
No events

Events (20 events):
Event: 31.497 Thread 0x000002643326d5d0 Thread added: 0x000002643326bc80
Event: 31.578 Thread 0x000002643326d5d0 Thread added: 0x000002643326c190
Event: 31.739 Thread 0x000002643326d5d0 Thread added: 0x000002643326c6a0
Event: 36.100 Thread 0x000002643326d5d0 Thread added: 0x000002643326d0c0
Event: 36.181 Thread 0x000002643326d5d0 Thread added: 0x000002643326ad50
Event: 37.136 Thread 0x000002643326ad50 Thread added: 0x000002643326cbb0
Event: 49.282 Thread 0x000002643326d5d0 Thread added: 0x0000026433269e20
Event: 65.796 Thread 0x000002643326d5d0 Thread added: 0x000002643326a840
Event: 66.969 Thread 0x000002643326d5d0 Thread added: 0x000002643326b260
Event: 75.037 Thread 0x000002643326d5d0 Thread added: 0x000002643326b770
Event: 76.373 Thread 0x000002643326d5d0 Thread added: 0x0000026433b3bdc0
Event: 77.649 Thread 0x000002643326d5d0 Thread added: 0x0000026433b3a470
Event: 80.515 Thread 0x000002643326d5d0 Thread added: 0x0000026433b3ae90
Event: 80.644 Thread 0x000002643326d5d0 Thread added: 0x0000026433b3c7e0
Event: 80.910 Thread 0x000002643326d5d0 Thread added: 0x0000026433b3c2d0
Event: 87.728 Thread 0x000002643326d5d0 Thread added: 0x0000026433b3d200
Event: 91.621 Thread 0x000002643326c190 Thread exited: 0x000002643326c190
Event: 91.799 Thread 0x000002643326d5d0 Thread added: 0x0000026433b3a980
Event: 99.075 Thread 0x000002643326d5d0 Thread added: 0x0000026433b3eb50
Event: 103.257 Thread 0x000002643326d5d0 Thread added: 0x0000026433b3b3a0


Dynamic libraries:
0x00007ff687c40000 - 0x00007ff687c4e000 	C:\Program Files\Eclipse Adoptium\jdk-17.0.15.6-hotspot\bin\java.exe
0x00007fffc3680000 - 0x00007fffc38e6000 	C:\WINDOWS\SYSTEM32\ntdll.dll
0x00007fffc2160000 - 0x00007fffc2229000 	C:\WINDOWS\System32\KERNEL32.DLL
0x00007fffc0ae0000 - 0x00007fffc0eac000 	C:\WINDOWS\System32\KERNELBASE.dll
0x0000000070320000 - 0x00000000703bd000 	C:\ProgramData\Symantec\Symantec Endpoint Protection\14.3.9205.6000.105\Data\Sysfer\x64\sysfer.dll
0x00007fffc0810000 - 0x00007fffc095b000 	C:\WINDOWS\System32\ucrtbase.dll
0x00007fff99aa0000 - 0x00007fff99abe000 	C:\Program Files\Eclipse Adoptium\jdk-17.0.15.6-hotspot\bin\VCRUNTIME140.dll
0x00007fff9be20000 - 0x00007fff9be37000 	C:\Program Files\Eclipse Adoptium\jdk-17.0.15.6-hotspot\bin\jli.dll
0x00007fffa61a0000 - 0x00007fffa643a000 	C:\WINDOWS\WinSxS\amd64_microsoft.windows.common-controls_6595b64144ccf1df_6.0.26100.3912_none_3e07963ce335137e\COMCTL32.dll
0x00007fffc3590000 - 0x00007fffc3639000 	C:\WINDOWS\System32\msvcrt.dll
0x00007fffc1730000 - 0x00007fffc175b000 	C:\WINDOWS\System32\GDI32.dll
0x00007fffc1360000 - 0x00007fffc1387000 	C:\WINDOWS\System32\win32u.dll
0x00007fffc0f70000 - 0x00007fffc10a2000 	C:\WINDOWS\System32\gdi32full.dll
0x00007fffc1390000 - 0x00007fffc1433000 	C:\WINDOWS\System32\msvcp_win.dll
0x00007fffc14c0000 - 0x00007fffc168a000 	C:\WINDOWS\System32\USER32.dll
0x00007fffc2850000 - 0x00007fffc2880000 	C:\WINDOWS\System32\IMM32.DLL
0x00007fffa4250000 - 0x00007fffa425c000 	C:\Program Files\Eclipse Adoptium\jdk-17.0.15.6-hotspot\bin\vcruntime140_1.dll
0x00007fff7c670000 - 0x00007fff7c6fd000 	C:\Program Files\Eclipse Adoptium\jdk-17.0.15.6-hotspot\bin\msvcp140.dll
0x00007fff3e940000 - 0x00007fff3f5ab000 	C:\Program Files\Eclipse Adoptium\jdk-17.0.15.6-hotspot\bin\server\jvm.dll
0x00007fffc2e40000 - 0x00007fffc2ef2000 	C:\WINDOWS\System32\ADVAPI32.dll
0x00007fffc1760000 - 0x00007fffc1806000 	C:\WINDOWS\System32\sechost.dll
0x00007fffc2040000 - 0x00007fffc2156000 	C:\WINDOWS\System32\RPCRT4.dll
0x00007fffc3500000 - 0x00007fffc3574000 	C:\WINDOWS\System32\WS2_32.dll
0x00007fffc0680000 - 0x00007fffc06de000 	C:\WINDOWS\SYSTEM32\POWRPROF.dll
0x00007fffb52a0000 - 0x00007fffb52d6000 	C:\WINDOWS\SYSTEM32\WINMM.dll
0x00007fffa9820000 - 0x00007fffa982b000 	C:\WINDOWS\SYSTEM32\VERSION.dll
0x00007fffc0660000 - 0x00007fffc0674000 	C:\WINDOWS\SYSTEM32\UMPDC.dll
0x00007fffbf5d0000 - 0x00007fffbf5ea000 	C:\WINDOWS\SYSTEM32\kernel.appcore.dll
0x00007fffa41b0000 - 0x00007fffa41ba000 	C:\Program Files\Eclipse Adoptium\jdk-17.0.15.6-hotspot\bin\jimage.dll
0x00007fffbe100000 - 0x00007fffbe341000 	C:\WINDOWS\SYSTEM32\DBGHELP.DLL
0x00007fffc3000000 - 0x00007fffc3384000 	C:\WINDOWS\System32\combase.dll
0x00007fffc2b40000 - 0x00007fffc2c20000 	C:\WINDOWS\System32\OLEAUT32.dll
0x00007fff95100000 - 0x00007fff95139000 	C:\WINDOWS\SYSTEM32\dbgcore.DLL
0x00007fffc12c0000 - 0x00007fffc1359000 	C:\WINDOWS\System32\bcryptPrimitives.dll
0x00007fff988b0000 - 0x00007fff988d5000 	C:\Program Files\Eclipse Adoptium\jdk-17.0.15.6-hotspot\bin\java.dll
0x00007fff7c590000 - 0x00007fff7c667000 	C:\Program Files\Eclipse Adoptium\jdk-17.0.15.6-hotspot\bin\jsvml.dll
0x00007fffc1890000 - 0x00007fffc1fbd000 	C:\WINDOWS\System32\SHELL32.dll
0x00007fffc0960000 - 0x00007fffc0ad4000 	C:\WINDOWS\System32\wintypes.dll
0x00007fffbe450000 - 0x00007fffbeca6000 	C:\WINDOWS\SYSTEM32\windows.storage.dll
0x00007fffc2f00000 - 0x00007fffc2fef000 	C:\WINDOWS\System32\SHCORE.dll
0x00007fffc1820000 - 0x00007fffc1889000 	C:\WINDOWS\System32\shlwapi.dll
0x00007fffc0720000 - 0x00007fffc074f000 	C:\WINDOWS\SYSTEM32\profapi.dll
0x00007fff99a10000 - 0x00007fff99a29000 	C:\Program Files\Eclipse Adoptium\jdk-17.0.15.6-hotspot\bin\net.dll
0x00007fffaf2b0000 - 0x00007fffaf3ce000 	C:\WINDOWS\SYSTEM32\WINHTTP.dll
0x00007fffbfb40000 - 0x00007fffbfbaa000 	C:\WINDOWS\system32\mswsock.dll
0x00007fff98f80000 - 0x00007fff98f96000 	C:\Program Files\Eclipse Adoptium\jdk-17.0.15.6-hotspot\bin\nio.dll
0x00007fff98520000 - 0x00007fff98538000 	C:\Program Files\Eclipse Adoptium\jdk-17.0.15.6-hotspot\bin\zip.dll
0x00007fffa4150000 - 0x00007fffa4160000 	C:\Program Files\Eclipse Adoptium\jdk-17.0.15.6-hotspot\bin\verify.dll
0x00007fff98930000 - 0x00007fff98957000 	C:\Users\karth\.gradle\native\68d5fa5c4cc2d200863cafc0d521ce42e7d3e7ee720ec0a83991735586a16f82\windows-amd64\native-platform.dll
0x00007fff7c440000 - 0x00007fff7c584000 	C:\Users\karth\.gradle\native\e376f236ea51e6404a007f0833ffe2c6e607c4080706a723a18a27aeea778392\windows-amd64\native-platform-file-events.dll
0x00007fffa0910000 - 0x00007fffa091a000 	C:\Program Files\Eclipse Adoptium\jdk-17.0.15.6-hotspot\bin\management.dll
0x00007fffa0830000 - 0x00007fffa083b000 	C:\Program Files\Eclipse Adoptium\jdk-17.0.15.6-hotspot\bin\management_ext.dll
0x00007fffc3580000 - 0x00007fffc3588000 	C:\WINDOWS\System32\PSAPI.DLL
0x00007fffbfde0000 - 0x00007fffbfdfc000 	C:\WINDOWS\SYSTEM32\CRYPTSP.dll
0x00007fffbf530000 - 0x00007fffbf56a000 	C:\WINDOWS\system32\rsaenh.dll
0x00007fffbfbe0000 - 0x00007fffbfc0b000 	C:\WINDOWS\SYSTEM32\USERENV.dll
0x00007fffc06f0000 - 0x00007fffc0716000 	C:\WINDOWS\SYSTEM32\bcrypt.dll
0x00007fffbfe00000 - 0x00007fffbfe0c000 	C:\WINDOWS\SYSTEM32\CRYPTBASE.dll
0x00007fffbf070000 - 0x00007fffbf0a3000 	C:\WINDOWS\SYSTEM32\IPHLPAPI.DLL
0x00007fffc2740000 - 0x00007fffc274a000 	C:\WINDOWS\System32\NSI.dll
0x00007fffb72a0000 - 0x00007fffb72bf000 	C:\WINDOWS\SYSTEM32\dhcpcsvc6.DLL
0x00007fffb7030000 - 0x00007fffb7055000 	C:\WINDOWS\SYSTEM32\dhcpcsvc.DLL
0x00007fffbf140000 - 0x00007fffbf267000 	C:\WINDOWS\SYSTEM32\DNSAPI.dll
0x00007fff9c160000 - 0x00007fff9c169000 	C:\Program Files\Eclipse Adoptium\jdk-17.0.15.6-hotspot\bin\extnet.dll
0x00007fff9bf40000 - 0x00007fff9bf4e000 	C:\Program Files\Eclipse Adoptium\jdk-17.0.15.6-hotspot\bin\sunmscapi.dll
0x00007fffc10b0000 - 0x00007fffc1227000 	C:\WINDOWS\System32\CRYPT32.dll
0x00007fffbfff0000 - 0x00007fffc0020000 	C:\WINDOWS\SYSTEM32\ncrypt.dll
0x00007fffbffa0000 - 0x00007fffbffdf000 	C:\WINDOWS\SYSTEM32\NTASN1.dll
0x00007fffa3df0000 - 0x00007fffa3df8000 	C:\WINDOWS\system32\wshunix.dll

dbghelp: loaded successfully - version: 4.0.5 - missing functions: none
symbol engine: initialized successfully - sym options: 0x614 - pdb path: .;C:\Program Files\Eclipse Adoptium\jdk-17.0.15.6-hotspot\bin;C:\WINDOWS\SYSTEM32;C:\ProgramData\Symantec\Symantec Endpoint Protection\14.3.9205.6000.105\Data\Sysfer\x64;C:\WINDOWS\WinSxS\amd64_microsoft.windows.common-controls_6595b64144ccf1df_6.0.26100.3912_none_3e07963ce335137e;C:\Program Files\Eclipse Adoptium\jdk-17.0.15.6-hotspot\bin\server;C:\Users\karth\.gradle\native\68d5fa5c4cc2d200863cafc0d521ce42e7d3e7ee720ec0a83991735586a16f82\windows-amd64;C:\Users\karth\.gradle\native\e376f236ea51e6404a007f0833ffe2c6e607c4080706a723a18a27aeea778392\windows-amd64

VM Arguments:
jvm_args: -XX:MaxMetaspaceSize=512m --add-opens=java.base/java.util=ALL-UNNAMED --add-opens=java.base/java.lang=ALL-UNNAMED --add-opens=java.base/java.lang.invoke=ALL-UNNAMED --add-opens=java.prefs/java.util.prefs=ALL-UNNAMED --add-opens=java.base/java.nio.charset=ALL-UNNAMED --add-opens=java.base/java.net=ALL-UNNAMED --add-opens=java.base/java.util.concurrent.atomic=ALL-UNNAMED -Xmx2048m -Dfile.encoding=UTF-8 -Duser.country=CA -Duser.language=en -Duser.variant 
java_command: org.gradle.launcher.daemon.bootstrap.GradleDaemon 8.0.1
java_class_path (initial): C:\Users\karth\.gradle\wrapper\dists\gradle-8.0.1-all\aro4hu1c3oeioove7l0i4i14o\gradle-8.0.1\lib\gradle-launcher-8.0.1.jar
Launcher Type: SUN_STANDARD

[Global flags]
     intx CICompilerCount                          = 12                                        {product} {ergonomic}
   size_t CompressedClassSpaceSize                 = 436207616                                 {product} {ergonomic}
     uint ConcGCThreads                            = 3                                         {product} {ergonomic}
     uint G1ConcRefinementThreads                  = 13                                        {product} {ergonomic}
   size_t G1HeapRegionSize                         = 1048576                                   {product} {ergonomic}
    uintx GCDrainStackTargetSize                   = 64                                        {product} {ergonomic}
   size_t InitialHeapSize                          = 264241152                                 {product} {ergonomic}
   size_t MarkStackSize                            = 4194304                                   {product} {ergonomic}
   size_t MaxHeapSize                              = 2147483648                                {product} {command line}
   size_t MaxMetaspaceSize                         = 536870912                                 {product} {command line}
   size_t MaxNewSize                               = 1287651328                                {product} {ergonomic}
   size_t MinHeapDeltaBytes                        = 1048576                                   {product} {ergonomic}
   size_t MinHeapSize                              = 8388608                                   {product} {ergonomic}
    uintx NonNMethodCodeHeapSize                   = 7602480                                {pd product} {ergonomic}
    uintx NonProfiledCodeHeapSize                  = 122027880                              {pd product} {ergonomic}
    uintx ProfiledCodeHeapSize                     = 122027880                              {pd product} {ergonomic}
    uintx ReservedCodeCacheSize                    = 251658240                              {pd product} {ergonomic}
     bool SegmentedCodeCache                       = true                                      {product} {ergonomic}
   size_t SoftMaxHeapSize                          = 2147483648                             {manageable} {ergonomic}
     bool UseCompressedClassPointers               = true                           {product lp64_product} {ergonomic}
     bool UseCompressedOops                        = true                           {product lp64_product} {ergonomic}
     bool UseG1GC                                  = true                                      {product} {ergonomic}
     bool UseLargePagesIndividualAllocation        = false                                  {pd product} {ergonomic}

Logging:
Log output configuration:
 #0: stdout all=warning uptime,level,tags
 #1: stderr all=off uptime,level,tags

Environment Variables:
JAVA_HOME=C:\Program Files\Java\jdk-23
CLASSPATH=C:\Users\karth\CascadeProjects\MobileAppAndroid\android\\gradle\wrapper\gradle-wrapper.jar
PATH=C:\Users\karth\CascadeProjects\MobileAppAndroid\node_modules\.bin;C:\Users\karth\CascadeProjects\MobileAppAndroid\node_modules\.bin;C:\Users\karth\CascadeProjects\node_modules\.bin;C:\Users\karth\node_modules\.bin;C:\Users\node_modules\.bin;C:\node_modules\.bin;C:\Program Files\nodejs\node_modules\npm\node_modules\@npmcli\run-script\lib\node-gyp-bin;C:\Users\karth\CascadeProjects\MobileAppAndroid\node_modules\.bin;C:\Users\karth\CascadeProjects\MobileAppAndroid\node_modules\.bin;C:\Users\karth\CascadeProjects\node_modules\.bin;C:\Users\karth\node_modules\.bin;C:\Users\node_modules\.bin;C:\node_modules\.bin;C:\Program Files\nodejs\node_modules\npm\node_modules\@npmcli\run-script\lib\node-gyp-bin;C:\Program Files\Eclipse Adoptium\jdk-17.0.15.6-hotspot\bin;C:\Program Files\Common Files\Oracle\Java\javapath;C:\WINDOWS\system32;C:\WINDOWS;C:\WINDOWS\System32\Wbem;C:\WINDOWS\System32\WindowsPowerShell\v1.0\;C:\WINDOWS\System32\OpenSSH\;C:\Program Files\nodejs\;C:\Program Files (x86)\nikto\program;C:\Program Files (x86)\curl;D:\GoWorkspace\bin;C:\Program Files\Go\bin;C:\Program Files\Git\cmd;C:\Users\karth\AppData\Local\Android\Sdk;C:\Users\karth\AppData\Local\Android\Sdk\platform-tools;C:\Program Files\Eclipse Adoptium\jdk-17.0.15.6-hotspot\bin;C:\Program Files\Common Files\Oracle\Java\javapath;C:\WINDOWS\system32;C:\WINDOWS;C:\WINDOWS\System32\Wbem;C:\WINDOWS\System32\WindowsPowerShell\v1.0\;C:\WINDOWS\System32\OpenSSH\;C:\Program Files\nodejs\;C:\Program Files\Git\cmd;C:\Users\karth\AppData\Local\Microsoft\WindowsApps;C:\Users\karth\AppData\Local\Programs\Microsoft VS Code\bin;C:\Users\karth\AppData\Roaming\npm;C:\Users\karth\go\bin;C:\Users\karth\AppData\Local\Programs\Windsurf\bin
USERNAME=karth
OS=Windows_NT
PROCESSOR_IDENTIFIER=Intel64 Family 6 Model 154 Stepping 3, GenuineIntel
TMP=C:\Users\karth\AppData\Local\Temp
TEMP=C:\Users\karth\AppData\Local\Temp



Periodic native trim disabled


---------------  S Y S T E M  ---------------

OS:
 Windows 11 , 64 bit Build 26100 (10.0.26100.3912)
OS uptime: 10 days 13:41 hours
Hyper-V role detected

CPU: total 16 (initial active 16) (8 cores per cpu, 2 threads per core) family 6 model 154 stepping 3 microcode 0x416, cx8, cmov, fxsr, ht, mmx, 3dnowpref, sse, sse2, sse3, ssse3, sse4.1, sse4.2, popcnt, lzcnt, tsc, tscinvbit, avx, avx2, aes, erms, clmul, bmi1, bmi2, adx, sha, fma, vzeroupper, clflush, clflushopt, clwb, hv
Processor Information for processor 0
  Max Mhz: 2100, Current Mhz: 2100, Mhz Limit: 2100
Processor Information for processor 1
  Max Mhz: 2100, Current Mhz: 2100, Mhz Limit: 2100
Processor Information for processor 2
  Max Mhz: 2100, Current Mhz: 2100, Mhz Limit: 2100
Processor Information for processor 3
  Max Mhz: 2100, Current Mhz: 2100, Mhz Limit: 2100
Processor Information for processor 4
  Max Mhz: 2100, Current Mhz: 2100, Mhz Limit: 2100
Processor Information for processor 5
  Max Mhz: 2100, Current Mhz: 2100, Mhz Limit: 2100
Processor Information for processor 6
  Max Mhz: 2100, Current Mhz: 2100, Mhz Limit: 2100
Processor Information for processor 7
  Max Mhz: 2100, Current Mhz: 2100, Mhz Limit: 2100
Processor Information for processor 8
  Max Mhz: 2100, Current Mhz: 1500, Mhz Limit: 1491
Processor Information for processor 9
  Max Mhz: 2100, Current Mhz: 1500, Mhz Limit: 1491
Processor Information for processor 10
  Max Mhz: 2100, Current Mhz: 1500, Mhz Limit: 1491
Processor Information for processor 11
  Max Mhz: 2100, Current Mhz: 1500, Mhz Limit: 1491
Processor Information for processor 12
  Max Mhz: 2100, Current Mhz: 1500, Mhz Limit: 1491
Processor Information for processor 13
  Max Mhz: 2100, Current Mhz: 1500, Mhz Limit: 1491
Processor Information for processor 14
  Max Mhz: 2100, Current Mhz: 1500, Mhz Limit: 1491
Processor Information for processor 15
  Max Mhz: 2100, Current Mhz: 1500, Mhz Limit: 1491

Memory: 4k page, system-wide physical 16088M (4M free)
TotalPageFile size 64210M (AvailPageFile size 0M)
current process WorkingSet (physical memory assigned to process): 60M, peak: 135M
current process commit charge ("private bytes"): 266M, peak: 419M

vm_info: OpenJDK 64-Bit Server VM (17.0.15+6) for windows-amd64 JRE (17.0.15+6), built on Apr 15 2025 21:25:47 by "admin" with MS VC++ 17.7 (VS2022)

END.
