#
# There is insufficient memory for the Java Runtime Environment to continue.
# Native memory allocation (mmap) failed to map 33554432 bytes. Error detail: G1 virtual space
# Possible reasons:
#   The system is out of physical RAM or swap space
#   This process is running with CompressedOops enabled, and the Java Heap may be blocking the growth of the native heap
# Possible solutions:
#   Reduce memory load on the system
#   Increase physical memory or swap space
#   Check if swap backing store is full
#   Decrease Java heap size (-Xmx/-Xms)
#   Decrease number of Java threads
#   Decrease Java thread stack sizes (-Xss)
#   Set larger code cache with -XX:ReservedCodeCacheSize=
#   JVM is running with Unscaled Compressed Oops mode in which the Java heap is
#     placed in the first 4GB address space. The Java Heap base address is the
#     maximum limit for the native heap growth. Please use -XX:HeapBaseMinAddress
#     to set the Java Heap base and to place the Java Heap above 4GB virtual address.
# This output file may be truncated or incomplete.
#
#  Out of Memory Error (os_windows.cpp:3618), pid=66356, tid=24840
#
# JRE version: OpenJDK Runtime Environment Temurin-17.0.15+6 (17.0.15+6) (build 17.0.15+6)
# Java VM: OpenJDK 64-Bit Server VM Temurin-17.0.15+6 (17.0.15+6, mixed mode, sharing, tiered, compressed oops, compressed class ptrs, g1 gc, windows-amd64)
# No core dump will be written. Minidumps are not enabled by default on client versions of Windows
#

---------------  S U M M A R Y ------------

Command Line: -XX:MaxMetaspaceSize=512m --add-opens=java.base/java.util=ALL-UNNAMED --add-opens=java.base/java.lang=ALL-UNNAMED --add-opens=java.base/java.lang.invoke=ALL-UNNAMED --add-opens=java.prefs/java.util.prefs=ALL-UNNAMED --add-opens=java.base/java.nio.charset=ALL-UNNAMED --add-opens=java.base/java.net=ALL-UNNAMED --add-opens=java.base/java.util.concurrent.atomic=ALL-UNNAMED -Xmx2048m -Dfile.encoding=UTF-8 -Duser.country=CA -Duser.language=en -Duser.variant org.gradle.launcher.daemon.bootstrap.GradleDaemon 8.0.1

Host: 12th Gen Intel(R) Core(TM) i7-1260P, 16 cores, 15G,  Windows 11 , 64 bit Build 26100 (10.0.26100.3912)
Time: Mon May 26 02:11:34 2025 Eastern Daylight Time elapsed time: 8653.930800 seconds (0d 2h 24m 13s)

---------------  T H R E A D  ---------------

Current thread (0x0000024721ce6010):  VMThread "VM Thread" [stack: 0x00000060ae400000,0x00000060ae500000] [id=24840]

Stack: [0x00000060ae400000,0x00000060ae500000]
Native frames: (J=compiled Java code, j=interpreted, Vv=VM code, C=native code)
V  [jvm.dll+0x682fc9]
V  [jvm.dll+0x839878]
V  [jvm.dll+0x83b323]
V  [jvm.dll+0x83b993]
V  [jvm.dll+0x24725f]
V  [jvm.dll+0x67fda9]
V  [jvm.dll+0x674c9a]
V  [jvm.dll+0x304d06]
V  [jvm.dll+0x30c1c6]
V  [jvm.dll+0x35dd4e]
V  [jvm.dll+0x35df8d]
V  [jvm.dll+0x2dc0cc]
V  [jvm.dll+0x2da46f]
V  [jvm.dll+0x2d9bdc]
V  [jvm.dll+0x31d3bb]
V  [jvm.dll+0x8401cd]
V  [jvm.dll+0x840f03]
V  [jvm.dll+0x84142f]
V  [jvm.dll+0x841814]
V  [jvm.dll+0x8418de]
V  [jvm.dll+0x7e94dc]
V  [jvm.dll+0x681ea7]
C  [ucrtbase.dll+0x37b0]
C  [KERNEL32.DLL+0x2e8d7]
C  [ntdll.dll+0x9c5dc]

VM_Operation (0x00000060af3fe850): G1CollectForAllocation, mode: safepoint, requested by thread 0x000002474269f9e0


---------------  P R O C E S S  ---------------

Threads class SMR info:
_java_thread_list=0x00000247451b2c90, length=80, elements={
0x0000024702ec2940, 0x0000024721cea300, 0x0000024721ceb940, 0x0000024721cfd0b0,
0x0000024721cff990, 0x0000024721d00260, 0x0000024721d00b30, 0x0000024721d01730,
0x0000024721d05760, 0x0000024721d0e840, 0x000002473d1bd270, 0x000002473d1cbb90,
0x000002474269f9e0, 0x0000024742d45e90, 0x000002473d2615e0, 0x000002473d3af820,
0x0000024742bbe850, 0x0000024742747da0, 0x00000247427482b0, 0x00000247427487c0,
0x0000024742745f40, 0x0000024742746960, 0x0000024742747380, 0x0000024742745520,
0x0000024742745a30, 0x0000024742746450, 0x0000024742747890, 0x0000024743b0df90,
0x0000024743b10300, 0x0000024743b0d060, 0x0000024743b0e9b0, 0x0000024743b0eec0,
0x0000024743b0f8e0, 0x0000024743b10810, 0x0000024743b10d20, 0x0000024743b0fdf0,
0x0000024743b0da80, 0x0000024743b0d570, 0x0000024743b144d0, 0x0000024743b149e0,
0x0000024743b13fc0, 0x0000024743b11230, 0x0000024743b12160, 0x0000024743b13090,
0x0000024743b11740, 0x0000024743b11c50, 0x0000024743b12670, 0x0000024743b135a0,
0x0000024743b13ab0, 0x0000024743b12b80, 0x0000024742746e70, 0x0000024744ab52a0,
0x0000024744ab3440, 0x0000024744ab57b0, 0x0000024744ab2a20, 0x0000024744ab2510,
0x0000024744ab2f30, 0x0000024744ab2000, 0x0000024744ab5cc0, 0x0000024744ab61d0,
0x0000024744ab6bf0, 0x0000024744ab66e0, 0x0000024744ab7100, 0x0000024744ab3950,
0x0000024744ab7610, 0x0000024744ab3e60, 0x0000024744ab7b20, 0x0000024744ab4370,
0x0000024744ab8030, 0x0000024744ab4880, 0x0000024744ab4d90, 0x0000024744ab8540,
0x0000024744ab9980, 0x0000024744ab8a50, 0x0000024744ab8f60, 0x0000024744ab9470,
0x0000024743ab20a0, 0x0000024743ab1b90, 0x0000024743ab4410, 0x0000024743ab4e30
}

Java Threads: ( => current thread )
  0x0000024702ec2940 JavaThread "main" [_thread_blocked, id=67488, stack(0x00000060ade00000,0x00000060adf00000)]
  0x0000024721cea300 JavaThread "Reference Handler" daemon [_thread_blocked, id=66060, stack(0x00000060ae500000,0x00000060ae600000)]
  0x0000024721ceb940 JavaThread "Finalizer" daemon [_thread_blocked, id=64160, stack(0x00000060ae600000,0x00000060ae700000)]
  0x0000024721cfd0b0 JavaThread "Signal Dispatcher" daemon [_thread_blocked, id=27328, stack(0x00000060ae700000,0x00000060ae800000)]
  0x0000024721cff990 JavaThread "Attach Listener" daemon [_thread_blocked, id=63768, stack(0x00000060ae800000,0x00000060ae900000)]
  0x0000024721d00260 JavaThread "Service Thread" daemon [_thread_blocked, id=66564, stack(0x00000060ae900000,0x00000060aea00000)]
  0x0000024721d00b30 JavaThread "Monitor Deflation Thread" daemon [_thread_blocked, id=53536, stack(0x00000060aea00000,0x00000060aeb00000)]
  0x0000024721d01730 JavaThread "C2 CompilerThread0" daemon [_thread_blocked, id=66568, stack(0x00000060aeb00000,0x00000060aec00000)]
  0x0000024721d05760 JavaThread "C1 CompilerThread0" daemon [_thread_blocked, id=55536, stack(0x00000060aec00000,0x00000060aed00000)]
  0x0000024721d0e840 JavaThread "Sweeper thread" daemon [_thread_blocked, id=39248, stack(0x00000060aed00000,0x00000060aee00000)]
  0x000002473d1bd270 JavaThread "Common-Cleaner" daemon [_thread_blocked, id=66996, stack(0x00000060aee00000,0x00000060aef00000)]
  0x000002473d1cbb90 JavaThread "Notification Thread" daemon [_thread_blocked, id=67000, stack(0x00000060aef00000,0x00000060af000000)]
  0x000002474269f9e0 JavaThread "Daemon health stats" [_thread_blocked, id=58464, stack(0x00000060af300000,0x00000060af400000)]
  0x0000024742d45e90 JavaThread "Incoming local TCP Connector on port 33539" [_thread_in_native, id=52784, stack(0x00000060af400000,0x00000060af500000)]
  0x000002473d2615e0 JavaThread "Daemon periodic checks" [_thread_blocked, id=3024, stack(0x00000060af500000,0x00000060af600000)]
  0x000002473d3af820 JavaThread "Daemon" [_thread_blocked, id=66224, stack(0x00000060af600000,0x00000060af700000)]
  0x0000024742bbe850 JavaThread "Handler for socket connection from /127.0.0.1:33539 to /127.0.0.1:33560" [_thread_in_native, id=3284, stack(0x00000060af700000,0x00000060af800000)]
  0x0000024742747da0 JavaThread "Cancel handler" [_thread_blocked, id=50900, stack(0x00000060af800000,0x00000060af900000)]
  0x00000247427482b0 JavaThread "Daemon worker" [_thread_blocked, id=54840, stack(0x00000060af900000,0x00000060afa00000)]
  0x00000247427487c0 JavaThread "Asynchronous log dispatcher for DefaultDaemonConnection: socket connection from /127.0.0.1:33539 to /127.0.0.1:33560" [_thread_blocked, id=27700, stack(0x00000060afa00000,0x00000060afb00000)]
  0x0000024742745f40 JavaThread "Daemon client event forwarder" [_thread_blocked, id=9760, stack(0x00000060afc00000,0x00000060afd00000)]
  0x0000024742746960 JavaThread "Cache worker for journal cache (C:\Users\karth\.gradle\caches\journal-1)" [_thread_blocked, id=21464, stack(0x00000060aff00000,0x00000060b0000000)]
  0x0000024742747380 JavaThread "File lock request listener" [_thread_in_native, id=47068, stack(0x00000060b0000000,0x00000060b0100000)]
  0x0000024742745520 JavaThread "Cache worker for file hash cache (C:\Users\karth\.gradle\caches\8.0.1\fileHashes)" [_thread_blocked, id=44960, stack(0x00000060afd00000,0x00000060afe00000)]
  0x0000024742745a30 JavaThread "File watcher server" daemon [_thread_in_native, id=40500, stack(0x00000060afe00000,0x00000060aff00000)]
  0x0000024742746450 JavaThread "File watcher consumer" daemon [_thread_blocked, id=48936, stack(0x00000060b0100000,0x00000060b0200000)]
  0x0000024742747890 JavaThread "Cache worker for checksums cache (C:\Users\karth\CascadeProjects\MobileAppAndroid\android\.gradle\8.0.1\checksums)" [_thread_blocked, id=67800, stack(0x00000060b0200000,0x00000060b0300000)]
  0x0000024743b0df90 JavaThread "Cache worker for cache directory md-rule (C:\Users\karth\.gradle\caches\8.0.1\md-rule)" [_thread_blocked, id=50024, stack(0x00000060b0300000,0x00000060b0400000)]
  0x0000024743b10300 JavaThread "Cache worker for file content cache (C:\Users\karth\.gradle\caches\8.0.1\fileContent)" [_thread_blocked, id=67688, stack(0x00000060b0400000,0x00000060b0500000)]
  0x0000024743b0d060 JavaThread "Cache worker for file hash cache (C:\Users\karth\CascadeProjects\MobileAppAndroid\android\.gradle\8.0.1\fileHashes)" [_thread_blocked, id=61936, stack(0x00000060b0e00000,0x00000060b0f00000)]
  0x0000024743b0e9b0 JavaThread "Cache worker for cache directory md-supplier (C:\Users\karth\.gradle\caches\8.0.1\md-supplier)" [_thread_blocked, id=18624, stack(0x00000060b0f00000,0x00000060b1000000)]
  0x0000024743b0eec0 JavaThread "Cache worker for execution history cache (C:\Users\karth\.gradle\caches\8.0.1\executionHistory)" [_thread_blocked, id=46684, stack(0x00000060b1000000,0x00000060b1100000)]
  0x0000024743b0f8e0 JavaThread "jar transforms" [_thread_blocked, id=66528, stack(0x00000060b1200000,0x00000060b1300000)]
  0x0000024743b10810 JavaThread "jar transforms Thread 2" [_thread_blocked, id=58392, stack(0x00000060b1300000,0x00000060b1400000)]
  0x0000024743b10d20 JavaThread "jar transforms Thread 3" [_thread_blocked, id=21596, stack(0x00000060b1400000,0x00000060b1500000)]
  0x0000024743b0fdf0 JavaThread "jar transforms Thread 4" [_thread_blocked, id=35196, stack(0x00000060b1500000,0x00000060b1600000)]
  0x0000024743b0da80 JavaThread "Cache worker for kotlin-dsl (C:\Users\karth\.gradle\caches\8.0.1\kotlin-dsl)" [_thread_blocked, id=38880, stack(0x00000060afb00000,0x00000060afc00000)]
  0x0000024743b0d570 JavaThread "File lock release action executor Thread 2" [_thread_blocked, id=56888, stack(0x00000060b1100000,0x00000060b1200000)]
  0x0000024743b144d0 JavaThread "jar transforms Thread 5" [_thread_blocked, id=33904, stack(0x00000060b1600000,0x00000060b1700000)]
  0x0000024743b149e0 JavaThread "jar transforms Thread 6" [_thread_blocked, id=5540, stack(0x00000060b1800000,0x00000060b1900000)]
  0x0000024743b13fc0 JavaThread "Cache worker for dependencies-accessors (C:\Users\karth\CascadeProjects\MobileAppAndroid\android\.gradle\8.0.1\dependencies-accessors)" [_thread_blocked, id=31392, stack(0x00000060b1900000,0x00000060b1a00000)]
  0x0000024743b11230 JavaThread "Cache worker for Build Output Cleanup Cache (C:\Users\karth\CascadeProjects\MobileAppAndroid\node_modules\@react-native\gradle-plugin\.gradle\buildOutputCleanup)" [_thread_blocked, id=48940, stack(0x00000060b1a00000,0x00000060b1b00000)]
  0x0000024743b12160 JavaThread "jar transforms Thread 7" [_thread_blocked, id=26244, stack(0x00000060b1700000,0x00000060b1800000)]
  0x0000024743b13090 JavaThread "Unconstrained build operations" [_thread_blocked, id=49168, stack(0x00000060b1d00000,0x00000060b1e00000)]
  0x0000024743b11740 JavaThread "Unconstrained build operations Thread 2" [_thread_blocked, id=45460, stack(0x00000060b1e00000,0x00000060b1f00000)]
  0x0000024743b11c50 JavaThread "Unconstrained build operations Thread 3" [_thread_blocked, id=35720, stack(0x00000060b1f00000,0x00000060b2000000)]
  0x0000024743b12670 JavaThread "Unconstrained build operations Thread 4" [_thread_blocked, id=67788, stack(0x00000060b2000000,0x00000060b2100000)]
  0x0000024743b135a0 JavaThread "Unconstrained build operations Thread 5" [_thread_blocked, id=37932, stack(0x00000060b2100000,0x00000060b2200000)]
  0x0000024743b13ab0 JavaThread "Unconstrained build operations Thread 6" [_thread_blocked, id=21012, stack(0x00000060b2200000,0x00000060b2300000)]
  0x0000024743b12b80 JavaThread "Unconstrained build operations Thread 7" [_thread_blocked, id=42748, stack(0x00000060b2300000,0x00000060b2400000)]
  0x0000024742746e70 JavaThread "Unconstrained build operations Thread 8" [_thread_blocked, id=9460, stack(0x00000060b2400000,0x00000060b2500000)]
  0x0000024744ab52a0 JavaThread "Unconstrained build operations Thread 9" [_thread_blocked, id=55028, stack(0x00000060b2500000,0x00000060b2600000)]
  0x0000024744ab3440 JavaThread "Unconstrained build operations Thread 10" [_thread_blocked, id=57124, stack(0x00000060b2600000,0x00000060b2700000)]
  0x0000024744ab57b0 JavaThread "Unconstrained build operations Thread 11" [_thread_blocked, id=14696, stack(0x00000060b2700000,0x00000060b2800000)]
  0x0000024744ab2a20 JavaThread "Unconstrained build operations Thread 12" [_thread_blocked, id=38688, stack(0x00000060b2800000,0x00000060b2900000)]
  0x0000024744ab2510 JavaThread "Unconstrained build operations Thread 13" [_thread_blocked, id=59256, stack(0x00000060b2900000,0x00000060b2a00000)]
  0x0000024744ab2f30 JavaThread "Unconstrained build operations Thread 14" [_thread_blocked, id=24924, stack(0x00000060b2a00000,0x00000060b2b00000)]
  0x0000024744ab2000 JavaThread "Unconstrained build operations Thread 15" [_thread_blocked, id=47824, stack(0x00000060b2b00000,0x00000060b2c00000)]
  0x0000024744ab5cc0 JavaThread "Unconstrained build operations Thread 16" [_thread_blocked, id=60352, stack(0x00000060b2c00000,0x00000060b2d00000)]
  0x0000024744ab61d0 JavaThread "Unconstrained build operations Thread 17" [_thread_blocked, id=4308, stack(0x00000060b2d00000,0x00000060b2e00000)]
  0x0000024744ab6bf0 JavaThread "Unconstrained build operations Thread 18" [_thread_blocked, id=21608, stack(0x00000060b2e00000,0x00000060b2f00000)]
  0x0000024744ab66e0 JavaThread "Unconstrained build operations Thread 19" [_thread_blocked, id=29444, stack(0x00000060b2f00000,0x00000060b3000000)]
  0x0000024744ab7100 JavaThread "Unconstrained build operations Thread 20" [_thread_blocked, id=50280, stack(0x00000060b3000000,0x00000060b3100000)]
  0x0000024744ab3950 JavaThread "Unconstrained build operations Thread 21" [_thread_blocked, id=60348, stack(0x00000060b3100000,0x00000060b3200000)]
  0x0000024744ab7610 JavaThread "Unconstrained build operations Thread 22" [_thread_blocked, id=26504, stack(0x00000060b3200000,0x00000060b3300000)]
  0x0000024744ab3e60 JavaThread "Unconstrained build operations Thread 23" [_thread_blocked, id=51444, stack(0x00000060b3300000,0x00000060b3400000)]
  0x0000024744ab7b20 JavaThread "Unconstrained build operations Thread 24" [_thread_blocked, id=60488, stack(0x00000060b3400000,0x00000060b3500000)]
  0x0000024744ab4370 JavaThread "Unconstrained build operations Thread 25" [_thread_blocked, id=47436, stack(0x00000060b3500000,0x00000060b3600000)]
  0x0000024744ab8030 JavaThread "Unconstrained build operations Thread 26" [_thread_blocked, id=38256, stack(0x00000060b3600000,0x00000060b3700000)]
  0x0000024744ab4880 JavaThread "jar transforms Thread 8" [_thread_blocked, id=42804, stack(0x00000060b1c00000,0x00000060b1d00000)]
  0x0000024744ab4d90 JavaThread "jar transforms Thread 9" [_thread_blocked, id=30336, stack(0x00000060b3700000,0x00000060b3800000)]
  0x0000024744ab8540 JavaThread "jar transforms Thread 10" [_thread_blocked, id=3800, stack(0x00000060b3800000,0x00000060b3900000)]
  0x0000024744ab9980 JavaThread "jar transforms Thread 11" [_thread_blocked, id=63384, stack(0x00000060b3900000,0x00000060b3a00000)]
  0x0000024744ab8a50 JavaThread "jar transforms Thread 12" [_thread_blocked, id=15184, stack(0x00000060b3a00000,0x00000060b3b00000)]
  0x0000024744ab8f60 JavaThread "jar transforms Thread 13" [_thread_blocked, id=53124, stack(0x00000060b3b00000,0x00000060b3c00000)]
  0x0000024744ab9470 JavaThread "jar transforms Thread 14" [_thread_blocked, id=2796, stack(0x00000060b3c00000,0x00000060b3d00000)]
  0x0000024743ab20a0 JavaThread "jar transforms Thread 15" [_thread_blocked, id=51880, stack(0x00000060b3d00000,0x00000060b3e00000)]
  0x0000024743ab1b90 JavaThread "jar transforms Thread 16" [_thread_blocked, id=64068, stack(0x00000060b3e00000,0x00000060b3f00000)]
  0x0000024743ab4410 JavaThread "Memory manager" [_thread_blocked, id=56732, stack(0x00000060b4000000,0x00000060b4100000)]
  0x0000024743ab4e30 JavaThread "Cache worker for Build Output Cleanup Cache (C:\Users\karth\CascadeProjects\MobileAppAndroid\android\.gradle\buildOutputCleanup)" [_thread_blocked, id=64412, stack(0x00000060b3f00000,0x00000060b4000000)]

Other Threads:
=>0x0000024721ce6010 VMThread "VM Thread" [stack: 0x00000060ae400000,0x00000060ae500000] [id=24840]
  0x000002473d1ce490 WatcherThread [stack: 0x00000060af000000,0x00000060af100000] [id=67004]
  0x0000024702f1f090 GCTaskThread "GC Thread#0" [stack: 0x00000060adf00000,0x00000060ae000000] [id=26540]
  0x000002474228e3c0 GCTaskThread "GC Thread#1" [stack: 0x00000060adb00000,0x00000060adc00000] [id=64272]
  0x000002473d681b10 GCTaskThread "GC Thread#2" [stack: 0x00000060adc00000,0x00000060add00000] [id=60912]
  0x000002473d681dd0 GCTaskThread "GC Thread#3" [stack: 0x00000060add00000,0x00000060ade00000] [id=29272]
  0x000002473d682090 GCTaskThread "GC Thread#4" [stack: 0x00000060af100000,0x00000060af200000] [id=60720]
  0x000002473d682350 GCTaskThread "GC Thread#5" [stack: 0x00000060af200000,0x00000060af300000] [id=63640]
  0x000002474352f3b0 GCTaskThread "GC Thread#6" [stack: 0x00000060b0500000,0x00000060b0600000] [id=57656]
  0x000002474352e330 GCTaskThread "GC Thread#7" [stack: 0x00000060b0600000,0x00000060b0700000] [id=23752]
  0x000002474352e5f0 GCTaskThread "GC Thread#8" [stack: 0x00000060b0700000,0x00000060b0800000] [id=20396]
  0x000002474352f670 GCTaskThread "GC Thread#9" [stack: 0x00000060b0800000,0x00000060b0900000] [id=49616]
  0x000002474352f930 GCTaskThread "GC Thread#10" [stack: 0x00000060b0900000,0x00000060b0a00000] [id=36608]
  0x000002474352fbf0 GCTaskThread "GC Thread#11" [stack: 0x00000060b0a00000,0x00000060b0b00000] [id=33728]
  0x000002474352f0f0 GCTaskThread "GC Thread#12" [stack: 0x00000060b0b00000,0x00000060b0c00000] [id=49712]
  0x0000024702f2fef0 ConcurrentGCThread "G1 Main Marker" [stack: 0x00000060ae000000,0x00000060ae100000] [id=25444]
  0x0000024702f30820 ConcurrentGCThread "G1 Conc#0" [stack: 0x00000060ae100000,0x00000060ae200000] [id=14560]
  0x000002474352e070 ConcurrentGCThread "G1 Conc#1" [stack: 0x00000060b0c00000,0x00000060b0d00000] [id=22620]
  0x000002474352eb70 ConcurrentGCThread "G1 Conc#2" [stack: 0x00000060b0d00000,0x00000060b0e00000] [id=52288]
  0x0000024721bd5580 ConcurrentGCThread "G1 Refine#0" [stack: 0x00000060ae200000,0x00000060ae300000] [id=48408]
  0x0000024721bd5d60 ConcurrentGCThread "G1 Service" [stack: 0x00000060ae300000,0x00000060ae400000] [id=46228]

Threads with active compile tasks:
C2 CompilerThread0  8661106 8447       4       java.util.concurrent.locks.AbstractQueuedSynchronizer$ConditionObject::signal (34 bytes)

VM state: at safepoint (normal execution)

VM Mutex/Monitor currently owned by a thread:  ([mutex/lock_event])
[0x0000024700b00160] Threads_lock - owner thread: 0x0000024721ce6010
[0x0000024700bacfa0] Heap_lock - owner thread: 0x000002474269f9e0

Heap address: 0x0000000080000000, size: 2048 MB, Compressed Oops mode: 32-bit

CDS archive(s) mapped at: [0x0000024722000000-0x0000024722bb0000-0x0000024722bb0000), size 12255232, SharedBaseAddress: 0x0000024722000000, ArchiveRelocationMode: 1.
Compressed class space mapped at: 0x0000024723000000-0x000002473d000000, reserved size: 436207616
Narrow klass base: 0x0000024722000000, Narrow klass shift: 0, Narrow klass range: 0x100000000

GC Precious Log:
 CPUs: 16 total, 16 available
 Memory: 16088M
 Large Page Support: Disabled
 NUMA Support: Disabled
 Compressed Oops: Enabled (32-bit)
 Heap Region Size: 1M
 Heap Min Capacity: 8M
 Heap Initial Capacity: 252M
 Heap Max Capacity: 2G
 Pre-touch: Disabled
 Parallel Workers: 13
 Concurrent Workers: 3
 Concurrent Refinement Workers: 13
 Periodic GC: Disabled

Heap:
 garbage-first heap   total 113664K, used 53705K [0x0000000080000000, 0x0000000100000000)
  region size 1024K, 1 young (1024K), 1 survivors (1024K)
 Metaspace       used 58631K, committed 59200K, reserved 491520K
  class space    used 8105K, committed 8384K, reserved 425984K

Heap Regions: E=young(eden), S=young(survivor), O=old, HS=humongous(starts), HC=humongous(continues), CS=collection set, F=free, OA=open archive, CA=closed archive, TAMS=top-at-mark-start (previous, next)
|   0|0x0000000080000000, 0x0000000080100000, 0x0000000080100000|100%|HS|  |TAMS 0x0000000080100000, 0x0000000080100000| Complete 
|   1|0x0000000080100000, 0x0000000080200000, 0x0000000080200000|100%|HC|  |TAMS 0x0000000080200000, 0x0000000080200000| Complete 
|   2|0x0000000080200000, 0x0000000080300000, 0x0000000080300000|100%|HC|  |TAMS 0x0000000080300000, 0x0000000080300000| Complete 
|   3|0x0000000080300000, 0x0000000080400000, 0x0000000080400000|100%|HC|  |TAMS 0x0000000080400000, 0x0000000080400000| Complete 
|   4|0x0000000080400000, 0x0000000080500000, 0x0000000080500000|100%| O|  |TAMS 0x0000000080500000, 0x0000000080500000| Untracked 
|   5|0x0000000080500000, 0x0000000080600000, 0x0000000080600000|100%| O|  |TAMS 0x0000000080600000, 0x0000000080600000| Untracked 
|   6|0x0000000080600000, 0x0000000080700000, 0x0000000080700000|100%| O|  |TAMS 0x0000000080700000, 0x0000000080700000| Untracked 
|   7|0x0000000080700000, 0x0000000080800000, 0x0000000080800000|100%| O|  |TAMS 0x0000000080800000, 0x0000000080800000| Untracked 
|   8|0x0000000080800000, 0x0000000080900000, 0x0000000080900000|100%| O|  |TAMS 0x0000000080900000, 0x0000000080900000| Untracked 
|   9|0x0000000080900000, 0x0000000080a00000, 0x0000000080a00000|100%| O|  |TAMS 0x0000000080a00000, 0x0000000080a00000| Untracked 
|  10|0x0000000080a00000, 0x0000000080b00000, 0x0000000080b00000|100%| O|  |TAMS 0x0000000080b00000, 0x0000000080b00000| Untracked 
|  11|0x0000000080b00000, 0x0000000080b17800, 0x0000000080c00000|  9%| O|  |TAMS 0x0000000080b17800, 0x0000000080b17800| Untracked 
|  12|0x0000000080c00000, 0x0000000080d00000, 0x0000000080d00000|100%| O|  |TAMS 0x0000000080d00000, 0x0000000080d00000| Untracked 
|  13|0x0000000080d00000, 0x0000000080e00000, 0x0000000080e00000|100%| O|  |TAMS 0x0000000080e00000, 0x0000000080e00000| Untracked 
|  14|0x0000000080e00000, 0x0000000080f00000, 0x0000000080f00000|100%| O|  |TAMS 0x0000000080f00000, 0x0000000080f00000| Untracked 
|  15|0x0000000080f00000, 0x0000000081000000, 0x0000000081000000|100%| O|  |TAMS 0x0000000081000000, 0x0000000081000000| Untracked 
|  16|0x0000000081000000, 0x0000000081100000, 0x0000000081100000|100%| O|  |TAMS 0x0000000081100000, 0x0000000081100000| Untracked 
|  17|0x0000000081100000, 0x0000000081200000, 0x0000000081200000|100%| O|  |TAMS 0x0000000081200000, 0x0000000081200000| Untracked 
|  18|0x0000000081200000, 0x0000000081300000, 0x0000000081300000|100%| O|  |TAMS 0x0000000081300000, 0x0000000081300000| Untracked 
|  19|0x0000000081300000, 0x0000000081400000, 0x0000000081400000|100%| O|  |TAMS 0x0000000081400000, 0x0000000081400000| Untracked 
|  20|0x0000000081400000, 0x0000000081500000, 0x0000000081500000|100%| O|  |TAMS 0x0000000081500000, 0x0000000081500000| Untracked 
|  21|0x0000000081500000, 0x0000000081600000, 0x0000000081600000|100%| O|  |TAMS 0x0000000081600000, 0x0000000081600000| Untracked 
|  22|0x0000000081600000, 0x0000000081700000, 0x0000000081700000|100%| O|  |TAMS 0x0000000081700000, 0x0000000081700000| Untracked 
|  23|0x0000000081700000, 0x0000000081800000, 0x0000000081800000|100%| O|  |TAMS 0x0000000081800000, 0x0000000081800000| Untracked 
|  24|0x0000000081800000, 0x0000000081900000, 0x0000000081900000|100%| O|  |TAMS 0x0000000081900000, 0x0000000081900000| Untracked 
|  25|0x0000000081900000, 0x0000000081a00000, 0x0000000081a00000|100%| O|  |TAMS 0x0000000081a00000, 0x0000000081a00000| Untracked 
|  26|0x0000000081a00000, 0x0000000081b00000, 0x0000000081b00000|100%| O|  |TAMS 0x0000000081b00000, 0x0000000081b00000| Untracked 
|  27|0x0000000081b00000, 0x0000000081c00000, 0x0000000081c00000|100%| O|  |TAMS 0x0000000081c00000, 0x0000000081c00000| Untracked 
|  28|0x0000000081c00000, 0x0000000081d00000, 0x0000000081d00000|100%| O|  |TAMS 0x0000000081d00000, 0x0000000081d00000| Untracked 
|  29|0x0000000081d00000, 0x0000000081e00000, 0x0000000081e00000|100%| O|  |TAMS 0x0000000081e00000, 0x0000000081e00000| Untracked 
|  30|0x0000000081e00000, 0x0000000081f00000, 0x0000000081f00000|100%| O|  |TAMS 0x0000000081f00000, 0x0000000081f00000| Untracked 
|  31|0x0000000081f00000, 0x0000000082000000, 0x0000000082000000|100%| O|  |TAMS 0x0000000082000000, 0x0000000082000000| Untracked 
|  32|0x0000000082000000, 0x0000000082100000, 0x0000000082100000|100%| O|  |TAMS 0x0000000082100000, 0x0000000082100000| Untracked 
|  33|0x0000000082100000, 0x0000000082200000, 0x0000000082200000|100%| O|  |TAMS 0x0000000082200000, 0x0000000082200000| Untracked 
|  34|0x0000000082200000, 0x0000000082300000, 0x0000000082300000|100%|HS|  |TAMS 0x0000000082300000, 0x0000000082300000| Complete 
|  35|0x0000000082300000, 0x0000000082400000, 0x0000000082400000|100%|HC|  |TAMS 0x0000000082400000, 0x0000000082400000| Complete 
|  36|0x0000000082400000, 0x0000000082500000, 0x0000000082500000|100%|HS|  |TAMS 0x0000000082500000, 0x0000000082500000| Complete 
|  37|0x0000000082500000, 0x0000000082600000, 0x0000000082600000|100%|HC|  |TAMS 0x0000000082600000, 0x0000000082600000| Complete 
|  38|0x0000000082600000, 0x0000000082700000, 0x0000000082700000|100%|HC|  |TAMS 0x0000000082700000, 0x0000000082700000| Complete 
|  39|0x0000000082700000, 0x0000000082800000, 0x0000000082800000|100%|HC|  |TAMS 0x0000000082800000, 0x0000000082800000| Complete 
|  40|0x0000000082800000, 0x0000000082900000, 0x0000000082900000|100%| O|  |TAMS 0x0000000082900000, 0x0000000082900000| Untracked 
|  41|0x0000000082900000, 0x0000000082a00000, 0x0000000082a00000|100%| O|  |TAMS 0x0000000082a00000, 0x0000000082a00000| Untracked 
|  42|0x0000000082a00000, 0x0000000082b00000, 0x0000000082b00000|100%| O|  |TAMS 0x0000000082b00000, 0x0000000082b00000| Untracked 
|  43|0x0000000082b00000, 0x0000000082c00000, 0x0000000082c00000|100%| O|  |TAMS 0x0000000082c00000, 0x0000000082c00000| Untracked 
|  44|0x0000000082c00000, 0x0000000082d00000, 0x0000000082d00000|100%| O|  |TAMS 0x0000000082d00000, 0x0000000082d00000| Untracked 
|  45|0x0000000082d00000, 0x0000000082e00000, 0x0000000082e00000|100%| O|  |TAMS 0x0000000082e00000, 0x0000000082e00000| Untracked 
|  46|0x0000000082e00000, 0x0000000082f00000, 0x0000000082f00000|100%| O|  |TAMS 0x0000000082f00000, 0x0000000082f00000| Untracked 
|  47|0x0000000082f00000, 0x0000000083000000, 0x0000000083000000|100%| O|  |TAMS 0x0000000083000000, 0x0000000083000000| Untracked 
|  48|0x0000000083000000, 0x0000000083100000, 0x0000000083100000|100%| O|  |TAMS 0x0000000083100000, 0x0000000083100000| Untracked 
|  49|0x0000000083100000, 0x0000000083200000, 0x0000000083200000|100%| O|  |TAMS 0x0000000083200000, 0x0000000083200000| Untracked 
|  50|0x0000000083200000, 0x0000000083300000, 0x0000000083300000|100%| O|  |TAMS 0x0000000083300000, 0x0000000083300000| Untracked 
|  51|0x0000000083300000, 0x0000000083400000, 0x0000000083400000|100%| O|  |TAMS 0x000000008332e200, 0x000000008332e200| Untracked 
|  52|0x0000000083400000, 0x0000000083500000, 0x0000000083500000|100%| O|  |TAMS 0x0000000083400000, 0x0000000083400000| Untracked 
|  53|0x0000000083500000, 0x0000000083525a00, 0x0000000083600000| 14%| O|  |TAMS 0x0000000083500000, 0x0000000083500000| Untracked 
|  54|0x0000000083600000, 0x0000000083600000, 0x0000000083700000|  0%| F|  |TAMS 0x0000000083600000, 0x0000000083600000| Untracked 
|  55|0x0000000083700000, 0x0000000083700000, 0x0000000083800000|  0%| F|  |TAMS 0x0000000083700000, 0x0000000083700000| Untracked 
|  56|0x0000000083800000, 0x0000000083800000, 0x0000000083900000|  0%| F|  |TAMS 0x0000000083800000, 0x0000000083800000| Untracked 
|  57|0x0000000083900000, 0x0000000083900000, 0x0000000083a00000|  0%| F|  |TAMS 0x0000000083900000, 0x0000000083900000| Untracked 
|  58|0x0000000083a00000, 0x0000000083a00000, 0x0000000083b00000|  0%| F|  |TAMS 0x0000000083a00000, 0x0000000083a00000| Untracked 
|  59|0x0000000083b00000, 0x0000000083b00000, 0x0000000083c00000|  0%| F|  |TAMS 0x0000000083b00000, 0x0000000083b00000| Untracked 
|  60|0x0000000083c00000, 0x0000000083c00000, 0x0000000083d00000|  0%| F|  |TAMS 0x0000000083c00000, 0x0000000083c00000| Untracked 
|  61|0x0000000083d00000, 0x0000000083d00000, 0x0000000083e00000|  0%| F|  |TAMS 0x0000000083d00000, 0x0000000083d00000| Untracked 
|  62|0x0000000083e00000, 0x0000000083e00000, 0x0000000083f00000|  0%| F|  |TAMS 0x0000000083e00000, 0x0000000083e00000| Untracked 
|  63|0x0000000083f00000, 0x0000000083f00000, 0x0000000084000000|  0%| F|  |TAMS 0x0000000083f00000, 0x0000000083f00000| Untracked 
|  64|0x0000000084000000, 0x0000000084000000, 0x0000000084100000|  0%| F|  |TAMS 0x0000000084000000, 0x0000000084000000| Untracked 
|  65|0x0000000084100000, 0x0000000084100000, 0x0000000084200000|  0%| F|  |TAMS 0x0000000084100000, 0x0000000084100000| Untracked 
|  66|0x0000000084200000, 0x0000000084200000, 0x0000000084300000|  0%| F|  |TAMS 0x0000000084200000, 0x0000000084200000| Untracked 
|  67|0x0000000084300000, 0x0000000084300000, 0x0000000084400000|  0%| F|  |TAMS 0x0000000084300000, 0x0000000084300000| Untracked 
|  68|0x0000000084400000, 0x0000000084400000, 0x0000000084500000|  0%| F|  |TAMS 0x0000000084400000, 0x0000000084400000| Untracked 
|  69|0x0000000084500000, 0x0000000084500000, 0x0000000084600000|  0%| F|  |TAMS 0x0000000084500000, 0x0000000084500000| Untracked 
|  70|0x0000000084600000, 0x0000000084600000, 0x0000000084700000|  0%| F|  |TAMS 0x0000000084600000, 0x0000000084600000| Untracked 
|  71|0x0000000084700000, 0x0000000084700000, 0x0000000084800000|  0%| F|  |TAMS 0x0000000084700000, 0x0000000084700000| Untracked 
|  72|0x0000000084800000, 0x0000000084800000, 0x0000000084900000|  0%| F|  |TAMS 0x0000000084800000, 0x0000000084800000| Untracked 
|  73|0x0000000084900000, 0x0000000084900000, 0x0000000084a00000|  0%| F|  |TAMS 0x0000000084900000, 0x0000000084900000| Untracked 
|  74|0x0000000084a00000, 0x0000000084a00000, 0x0000000084b00000|  0%| F|  |TAMS 0x0000000084a00000, 0x0000000084a00000| Untracked 
|  75|0x0000000084b00000, 0x0000000084b00000, 0x0000000084c00000|  0%| F|  |TAMS 0x0000000084b00000, 0x0000000084b00000| Untracked 
|  76|0x0000000084c00000, 0x0000000084c00000, 0x0000000084d00000|  0%| F|  |TAMS 0x0000000084c00000, 0x0000000084c00000| Untracked 
|  77|0x0000000084d00000, 0x0000000084d00000, 0x0000000084e00000|  0%| F|  |TAMS 0x0000000084d00000, 0x0000000084d00000| Untracked 
|  78|0x0000000084e00000, 0x0000000084e00000, 0x0000000084f00000|  0%| F|  |TAMS 0x0000000084e00000, 0x0000000084e00000| Untracked 
|  79|0x0000000084f00000, 0x0000000084f00000, 0x0000000085000000|  0%| F|  |TAMS 0x0000000084f00000, 0x0000000084f00000| Untracked 
|  80|0x0000000085000000, 0x0000000085000000, 0x0000000085100000|  0%| F|  |TAMS 0x0000000085000000, 0x0000000085000000| Untracked 
|  81|0x0000000085100000, 0x0000000085100000, 0x0000000085200000|  0%| F|  |TAMS 0x0000000085100000, 0x0000000085100000| Untracked 
|  82|0x0000000085200000, 0x0000000085200000, 0x0000000085300000|  0%| F|  |TAMS 0x0000000085200000, 0x0000000085200000| Untracked 
|  83|0x0000000085300000, 0x0000000085300000, 0x0000000085400000|  0%| F|  |TAMS 0x0000000085300000, 0x0000000085300000| Untracked 
|  84|0x0000000085400000, 0x0000000085400000, 0x0000000085500000|  0%| F|  |TAMS 0x0000000085400000, 0x0000000085400000| Untracked 
|  85|0x0000000085500000, 0x0000000085500000, 0x0000000085600000|  0%| F|  |TAMS 0x0000000085500000, 0x0000000085500000| Untracked 
|  86|0x0000000085600000, 0x0000000085600000, 0x0000000085700000|  0%| F|  |TAMS 0x0000000085600000, 0x0000000085600000| Untracked 
|  87|0x0000000085700000, 0x0000000085700000, 0x0000000085800000|  0%| F|  |TAMS 0x0000000085700000, 0x0000000085700000| Untracked 
|  88|0x0000000085800000, 0x0000000085800000, 0x0000000085900000|  0%| F|  |TAMS 0x0000000085800000, 0x0000000085800000| Untracked 
|  89|0x0000000085900000, 0x0000000085900000, 0x0000000085a00000|  0%| F|  |TAMS 0x0000000085900000, 0x0000000085900000| Untracked 
|  90|0x0000000085a00000, 0x0000000085a00000, 0x0000000085b00000|  0%| F|  |TAMS 0x0000000085a00000, 0x0000000085a00000| Untracked 
|  91|0x0000000085b00000, 0x0000000085b00000, 0x0000000085c00000|  0%| F|  |TAMS 0x0000000085b00000, 0x0000000085b00000| Untracked 
|  92|0x0000000085c00000, 0x0000000085c00000, 0x0000000085d00000|  0%| F|  |TAMS 0x0000000085c00000, 0x0000000085c00000| Untracked 
|  93|0x0000000085d00000, 0x0000000085d00000, 0x0000000085e00000|  0%| F|  |TAMS 0x0000000085d00000, 0x0000000085d00000| Untracked 
|  94|0x0000000085e00000, 0x0000000085e00000, 0x0000000085f00000|  0%| F|  |TAMS 0x0000000085e00000, 0x0000000085e00000| Untracked 
|  95|0x0000000085f00000, 0x0000000085f00000, 0x0000000086000000|  0%| F|  |TAMS 0x0000000085f00000, 0x0000000085f00000| Untracked 
|  96|0x0000000086000000, 0x0000000086000000, 0x0000000086100000|  0%| F|  |TAMS 0x0000000086000000, 0x0000000086000000| Untracked 
|  97|0x0000000086100000, 0x0000000086100000, 0x0000000086200000|  0%| F|  |TAMS 0x0000000086100000, 0x0000000086100000| Untracked 
| 130|0x0000000088200000, 0x0000000088200000, 0x0000000088300000|  0%| F|  |TAMS 0x0000000088200000, 0x0000000088200000| Untracked 
| 131|0x0000000088300000, 0x0000000088300000, 0x0000000088400000|  0%| F|  |TAMS 0x0000000088300000, 0x0000000088300000| Untracked 
| 132|0x0000000088400000, 0x0000000088400000, 0x0000000088500000|  0%| F|  |TAMS 0x0000000088400000, 0x0000000088400000| Untracked 
| 133|0x0000000088500000, 0x0000000088500000, 0x0000000088600000|  0%| F|  |TAMS 0x0000000088500000, 0x0000000088500000| Untracked 
| 134|0x0000000088600000, 0x0000000088600000, 0x0000000088700000|  0%| F|  |TAMS 0x0000000088600000, 0x0000000088600000| Untracked 
| 135|0x0000000088700000, 0x0000000088700000, 0x0000000088800000|  0%| F|  |TAMS 0x0000000088700000, 0x0000000088700000| Untracked 
| 136|0x0000000088800000, 0x0000000088800000, 0x0000000088900000|  0%| F|  |TAMS 0x0000000088800000, 0x0000000088800000| Untracked 
| 137|0x0000000088900000, 0x0000000088900000, 0x0000000088a00000|  0%| F|  |TAMS 0x0000000088900000, 0x0000000088900000| Untracked 
| 138|0x0000000088a00000, 0x0000000088a35200, 0x0000000088b00000| 20%| S|CS|TAMS 0x0000000088a00000, 0x0000000088a00000| Complete 
| 139|0x0000000088b00000, 0x0000000088b00000, 0x0000000088c00000|  0%| F|  |TAMS 0x0000000088b00000, 0x0000000088b00000| Untracked 
| 140|0x0000000088c00000, 0x0000000088c00000, 0x0000000088d00000|  0%| F|  |TAMS 0x0000000088c00000, 0x0000000088c00000| Untracked 
| 141|0x0000000088d00000, 0x0000000088d00000, 0x0000000088e00000|  0%| F|  |TAMS 0x0000000088d00000, 0x0000000088d00000| Untracked 
| 251|0x000000008fb00000, 0x000000008fb00000, 0x000000008fc00000|  0%| F|  |TAMS 0x000000008fb00000, 0x000000008fb00000| Untracked 

Card table byte_map: [0x000002471a680000,0x000002471aa80000] _byte_map_base: 0x000002471a280000

Marking Bits (Prev, Next): (CMBitMap*) 0x0000024702f1f5c0, (CMBitMap*) 0x0000024702f1f600
 Prev Bits: [0x000002471ae80000, 0x000002471ce80000)
 Next Bits: [0x000002471ce80000, 0x000002471ee80000)

Polling page: 0x00000247025e0000

Metaspace:

Usage:
  Non-class:     49.34 MB used.
      Class:      7.92 MB used.
       Both:     57.26 MB used.

Virtual space:
  Non-class space:       64.00 MB reserved,      49.62 MB ( 78%) committed,  1 nodes.
      Class space:      416.00 MB reserved,       8.19 MB (  2%) committed,  1 nodes.
             Both:      480.00 MB reserved,      57.81 MB ( 12%) committed. 

Chunk freelists:
   Non-Class:  13.51 MB
       Class:  7.78 MB
        Both:  21.28 MB

MaxMetaspaceSize: 512.00 MB
CompressedClassSpaceSize: 416.00 MB
Initial GC threshold: 21.00 MB
Current GC threshold: 96.25 MB
CDS: on
MetaspaceReclaimPolicy: balanced
 - commit_granule_bytes: 65536.
 - commit_granule_words: 8192.
 - virtual_space_node_default_size: 8388608.
 - enlarge_chunks_in_place: 1.
 - new_chunks_are_fully_committed: 0.
 - uncommit_free_chunks: 1.
 - use_allocation_guard: 0.
 - handle_deallocations: 1.


Internal statistics:

num_allocs_failed_limit: 6.
num_arena_births: 712.
num_arena_deaths: 0.
num_vsnodes_births: 2.
num_vsnodes_deaths: 0.
num_space_committed: 925.
num_space_uncommitted: 0.
num_chunks_returned_to_freelist: 6.
num_chunks_taken_from_freelist: 3031.
num_chunk_merges: 6.
num_chunk_splits: 2029.
num_chunks_enlarged: 1369.
num_inconsistent_stats: 0.

CodeHeap 'non-profiled nmethods': size=119168Kb used=4714Kb max_used=4714Kb free=114453Kb
 bounds [0x00000247125a0000, 0x0000024712a40000, 0x0000024719a00000]
CodeHeap 'profiled nmethods': size=119104Kb used=14855Kb max_used=14855Kb free=104248Kb
 bounds [0x000002470aa00000, 0x000002470b890000, 0x0000024711e50000]
CodeHeap 'non-nmethods': size=7488Kb used=2355Kb max_used=4045Kb free=5132Kb
 bounds [0x0000024711e50000, 0x0000024712260000, 0x00000247125a0000]
 total_blobs=8479 nmethods=7598 adapters=793
 compilation: enabled
              stopped_count=0, restarted_count=0
 full_count=0

Compilation events (20 events):
Event: 8617.749 Thread 0x0000024721d01730 nmethod 8437 0x0000024712a35190 code [0x0000024712a35340, 0x0000024712a35a48]
Event: 8618.288 Thread 0x0000024721d05760 8438       3       com.google.common.collect.TransformedIterator::<init> (16 bytes)
Event: 8620.180 Thread 0x0000024721d05760 nmethod 8438 0x000002470b880710 code [0x000002470b8808e0, 0x000002470b880d28]
Event: 8620.310 Thread 0x0000024721d01730 8439   !   4       org.gradle.internal.concurrent.ExecutorPolicy$CatchAndRecordFailures::onExecute (29 bytes)
Event: 8621.657 Thread 0x0000024721d01730 nmethod 8439 0x0000024712a35e90 code [0x0000024712a36020, 0x0000024712a36198]
Event: 8621.666 Thread 0x0000024721d01730 8440   !   4       java.util.concurrent.LinkedBlockingDeque::offerLast (53 bytes)
Event: 8623.297 Thread 0x0000024721d01730 nmethod 8440 0x0000024712a36310 code [0x0000024712a36500, 0x0000024712a37650]
Event: 8623.298 Thread 0x0000024721d01730 8442       4       org.gradle.internal.logging.slf4j.BuildOperationAwareLogger::debug (18 bytes)
Event: 8623.581 Thread 0x0000024721d01730 nmethod 8442 0x0000024712a37d10 code [0x0000024712a37ea0, 0x0000024712a37fd8]
Event: 8623.603 Thread 0x0000024721d01730 8441       4       sun.util.logging.internal.LoggingProviderImpl$JULWrapper::toJUL (40 bytes)
Event: 8623.727 Thread 0x0000024721d01730 nmethod 8441 0x0000024712a38210 code [0x0000024712a38380, 0x0000024712a38418]
Event: 8623.727 Thread 0x0000024721d01730 8443       4       java.util.concurrent.ThreadPoolExecutor$Worker::lock (6 bytes)
Event: 8623.736 Thread 0x0000024721d01730 nmethod 8443 0x0000024712a38510 code [0x0000024712a38680, 0x0000024712a387f8]
Event: 8623.792 Thread 0x0000024721d01730 8444   !   4       java.util.concurrent.ThreadPoolExecutor::getTask (177 bytes)
Event: 8624.556 Thread 0x0000024721d05760 8451       3       org.gradle.util.internal.CollectionUtils::filter (49 bytes)
Event: 8624.562 Thread 0x0000024721d05760 nmethod 8451 0x000002470b880e90 code [0x000002470b881080, 0x000002470b881648]
Event: 8624.562 Thread 0x0000024721d05760 8450       3       org.gradle.util.internal.CollectionUtils::filter (18 bytes)
Event: 8631.545 Thread 0x0000024721d05760 nmethod 8450 0x000002470b881810 code [0x000002470b881a00, 0x000002470b881e38]
Event: 8645.430 Thread 0x0000024721d01730 nmethod 8444 0x0000024712a38890 code [0x0000024712a38b00, 0x0000024712a39c40]
Event: 8649.110 Thread 0x0000024721d01730 8447       4       java.util.concurrent.locks.AbstractQueuedSynchronizer$ConditionObject::signal (34 bytes)

GC Heap History (20 events):
Event: 1120.482 GC heap after
{Heap after GC invocations=31 (full 0):
 garbage-first heap   total 92160K, used 52588K [0x0000000080000000, 0x0000000100000000)
  region size 1024K, 2 young (2048K), 2 survivors (2048K)
 Metaspace       used 58355K, committed 59008K, reserved 491520K
  class space    used 8095K, committed 8384K, reserved 425984K
}
Event: 1177.367 GC heap before
{Heap before GC invocations=31 (full 0):
 garbage-first heap   total 92160K, used 77164K [0x0000000080000000, 0x0000000100000000)
  region size 1024K, 26 young (26624K), 2 survivors (2048K)
 Metaspace       used 58366K, committed 59008K, reserved 491520K
  class space    used 8095K, committed 8384K, reserved 425984K
}
Event: 1177.405 GC heap after
{Heap after GC invocations=32 (full 0):
 garbage-first heap   total 92160K, used 52639K [0x0000000080000000, 0x0000000100000000)
  region size 1024K, 2 young (2048K), 2 survivors (2048K)
 Metaspace       used 58366K, committed 59008K, reserved 491520K
  class space    used 8095K, committed 8384K, reserved 425984K
}
Event: 1232.063 GC heap before
{Heap before GC invocations=33 (full 0):
 garbage-first heap   total 94208K, used 76191K [0x0000000080000000, 0x0000000100000000)
  region size 1024K, 25 young (25600K), 2 survivors (2048K)
 Metaspace       used 58386K, committed 59072K, reserved 491520K
  class space    used 8095K, committed 8384K, reserved 425984K
}
Event: 1232.067 GC heap after
{Heap after GC invocations=34 (full 0):
 garbage-first heap   total 94208K, used 52979K [0x0000000080000000, 0x0000000100000000)
  region size 1024K, 2 young (2048K), 2 survivors (2048K)
 Metaspace       used 58386K, committed 59072K, reserved 491520K
  class space    used 8095K, committed 8384K, reserved 425984K
}
Event: 1300.456 GC heap before
{Heap before GC invocations=34 (full 0):
 garbage-first heap   total 94208K, used 78579K [0x0000000080000000, 0x0000000100000000)
  region size 1024K, 27 young (27648K), 2 survivors (2048K)
 Metaspace       used 58412K, committed 59072K, reserved 491520K
  class space    used 8095K, committed 8384K, reserved 425984K
}
Event: 1300.508 GC heap after
{Heap after GC invocations=35 (full 0):
 garbage-first heap   total 94208K, used 53280K [0x0000000080000000, 0x0000000100000000)
  region size 1024K, 2 young (2048K), 2 survivors (2048K)
 Metaspace       used 58412K, committed 59072K, reserved 491520K
  class space    used 8095K, committed 8384K, reserved 425984K
}
Event: 1369.270 GC heap before
{Heap before GC invocations=36 (full 0):
 garbage-first heap   total 94208K, used 79904K [0x0000000080000000, 0x0000000100000000)
  region size 1024K, 28 young (28672K), 2 survivors (2048K)
 Metaspace       used 58433K, committed 59072K, reserved 491520K
  class space    used 8095K, committed 8384K, reserved 425984K
}
Event: 1369.279 GC heap after
{Heap after GC invocations=37 (full 0):
 garbage-first heap   total 113664K, used 53383K [0x0000000080000000, 0x0000000100000000)
  region size 1024K, 2 young (2048K), 2 survivors (2048K)
 Metaspace       used 58433K, committed 59072K, reserved 491520K
  class space    used 8095K, committed 8384K, reserved 425984K
}
Event: 1485.800 GC heap before
{Heap before GC invocations=37 (full 0):
 garbage-first heap   total 113664K, used 96391K [0x0000000080000000, 0x0000000100000000)
  region size 1024K, 44 young (45056K), 2 survivors (2048K)
 Metaspace       used 58479K, committed 59136K, reserved 491520K
  class space    used 8095K, committed 8384K, reserved 425984K
}
Event: 1485.903 GC heap after
{Heap after GC invocations=38 (full 0):
 garbage-first heap   total 113664K, used 53598K [0x0000000080000000, 0x0000000100000000)
  region size 1024K, 3 young (3072K), 3 survivors (3072K)
 Metaspace       used 58479K, committed 59136K, reserved 491520K
  class space    used 8095K, committed 8384K, reserved 425984K
}
Event: 8607.919 GC heap before
{Heap before GC invocations=39 (full 0):
 garbage-first heap   total 113664K, used 95582K [0x0000000080000000, 0x0000000100000000)
  region size 1024K, 44 young (45056K), 3 survivors (3072K)
 Metaspace       used 58558K, committed 59136K, reserved 491520K
  class space    used 8099K, committed 8384K, reserved 425984K
}
Event: 8607.982 GC heap after
{Heap after GC invocations=40 (full 0):
 garbage-first heap   total 113664K, used 53909K [0x0000000080000000, 0x0000000100000000)
  region size 1024K, 3 young (3072K), 3 survivors (3072K)
 Metaspace       used 58558K, committed 59136K, reserved 491520K
  class space    used 8099K, committed 8384K, reserved 425984K
}
Event: 8626.050 GC heap before
{Heap before GC invocations=40 (full 0):
 garbage-first heap   total 113664K, used 95893K [0x0000000080000000, 0x0000000100000000)
  region size 1024K, 44 young (45056K), 3 survivors (3072K)
 Metaspace       used 58630K, committed 59200K, reserved 491520K
  class space    used 8105K, committed 8384K, reserved 425984K
}
Event: 8631.542 GC heap after
{Heap after GC invocations=41 (full 0):
 garbage-first heap   total 113664K, used 53836K [0x0000000080000000, 0x0000000100000000)
  region size 1024K, 3 young (3072K), 3 survivors (3072K)
 Metaspace       used 58630K, committed 59200K, reserved 491520K
  class space    used 8105K, committed 8384K, reserved 425984K
}
Event: 8643.163 GC heap before
{Heap before GC invocations=41 (full 0):
 garbage-first heap   total 113664K, used 55884K [0x0000000080000000, 0x0000000100000000)
  region size 1024K, 5 young (5120K), 3 survivors (3072K)
 Metaspace       used 58630K, committed 59200K, reserved 491520K
  class space    used 8105K, committed 8384K, reserved 425984K
}
Event: 8645.416 GC heap after
{Heap after GC invocations=42 (full 0):
 garbage-first heap   total 113664K, used 53823K [0x0000000080000000, 0x0000000100000000)
  region size 1024K, 1 young (1024K), 1 survivors (1024K)
 Metaspace       used 58630K, committed 59200K, reserved 491520K
  class space    used 8105K, committed 8384K, reserved 425984K
}
Event: 8646.872 GC heap before
{Heap before GC invocations=42 (full 0):
 garbage-first heap   total 113664K, used 57919K [0x0000000080000000, 0x0000000100000000)
  region size 1024K, 5 young (5120K), 1 survivors (1024K)
 Metaspace       used 58630K, committed 59200K, reserved 491520K
  class space    used 8105K, committed 8384K, reserved 425984K
}
Event: 8649.063 GC heap after
{Heap after GC invocations=43 (full 0):
 garbage-first heap   total 113664K, used 53857K [0x0000000080000000, 0x0000000100000000)
  region size 1024K, 1 young (1024K), 1 survivors (1024K)
 Metaspace       used 58630K, committed 59200K, reserved 491520K
  class space    used 8105K, committed 8384K, reserved 425984K
}
Event: 8649.785 GC heap before
{Heap before GC invocations=43 (full 0):
 garbage-first heap   total 113664K, used 57953K [0x0000000080000000, 0x0000000100000000)
  region size 1024K, 5 young (5120K), 1 survivors (1024K)
 Metaspace       used 58631K, committed 59200K, reserved 491520K
  class space    used 8105K, committed 8384K, reserved 425984K
}

Dll operation events (13 events):
Event: 0.629 Loaded shared library C:\Program Files\Eclipse Adoptium\jdk-17.0.15.6-hotspot\bin\java.dll
Event: 2.215 Loaded shared library C:\Program Files\Eclipse Adoptium\jdk-17.0.15.6-hotspot\bin\jsvml.dll
Event: 4.710 Loaded shared library C:\Program Files\Eclipse Adoptium\jdk-17.0.15.6-hotspot\bin\net.dll
Event: 4.761 Loaded shared library C:\Program Files\Eclipse Adoptium\jdk-17.0.15.6-hotspot\bin\nio.dll
Event: 5.096 Loaded shared library C:\Program Files\Eclipse Adoptium\jdk-17.0.15.6-hotspot\bin\zip.dll
Event: 10.231 Loaded shared library C:\Program Files\Eclipse Adoptium\jdk-17.0.15.6-hotspot\bin\jimage.dll
Event: 15.239 Loaded shared library C:\Program Files\Eclipse Adoptium\jdk-17.0.15.6-hotspot\bin\verify.dll
Event: 31.569 Loaded shared library C:\Users\karth\.gradle\native\68d5fa5c4cc2d200863cafc0d521ce42e7d3e7ee720ec0a83991735586a16f82\windows-amd64\native-platform.dll
Event: 32.196 Loaded shared library C:\Users\karth\.gradle\native\e376f236ea51e6404a007f0833ffe2c6e607c4080706a723a18a27aeea778392\windows-amd64\native-platform-file-events.dll
Event: 47.696 Loaded shared library C:\Program Files\Eclipse Adoptium\jdk-17.0.15.6-hotspot\bin\management.dll
Event: 47.707 Loaded shared library C:\Program Files\Eclipse Adoptium\jdk-17.0.15.6-hotspot\bin\management_ext.dll
Event: 54.122 Loaded shared library C:\Program Files\Eclipse Adoptium\jdk-17.0.15.6-hotspot\bin\extnet.dll
Event: 64.797 Loaded shared library C:\Program Files\Eclipse Adoptium\jdk-17.0.15.6-hotspot\bin\sunmscapi.dll

Deoptimization events (20 events):
Event: 971.148 Thread 0x00000247427482b0 DEOPT PACKING pc=0x0000024712701d84 sp=0x00000060af9f6cb0
Event: 971.148 Thread 0x00000247427482b0 DEOPT UNPACKING pc=0x0000024711ea69a3 sp=0x00000060af9f6c40 mode 2
Event: 1071.665 Thread 0x00000247427482b0 DEOPT PACKING pc=0x000002470aac351b sp=0x00000060af9f7750
Event: 1071.667 Thread 0x00000247427482b0 DEOPT UNPACKING pc=0x0000024711ea7143 sp=0x00000060af9f6c70 mode 0
Event: 1071.667 Thread 0x00000247427482b0 Uncommon trap: trap_request=0xffffff45 fr.pc=0x00000247125cbde4 relative=0x0000000000000064
Event: 1071.667 Thread 0x00000247427482b0 Uncommon trap: reason=unstable_if action=reinterpret pc=0x00000247125cbde4 method=java.io.WinNTFileSystem.isSlash(C)Z @ 9 c2
Event: 1071.667 Thread 0x00000247427482b0 DEOPT PACKING pc=0x00000247125cbde4 sp=0x00000060af9f7770
Event: 1071.667 Thread 0x00000247427482b0 DEOPT UNPACKING pc=0x0000024711ea69a3 sp=0x00000060af9f76f8 mode 2
Event: 1399.506 Thread 0x00000247427482b0 Uncommon trap: trap_request=0xffffff45 fr.pc=0x00000247129a5028 relative=0x0000000000001948
Event: 1399.506 Thread 0x00000247427482b0 Uncommon trap: reason=unstable_if action=reinterpret pc=0x00000247129a5028 method=java.util.concurrent.locks.ReentrantLock$NonfairSync.tryAcquire(I)Z @ 13 c2
Event: 1399.507 Thread 0x00000247427482b0 DEOPT PACKING pc=0x00000247129a5028 sp=0x00000060af9f77b0
Event: 1399.508 Thread 0x00000247427482b0 DEOPT UNPACKING pc=0x0000024711ea69a3 sp=0x00000060af9f76f8 mode 2
Event: 1996.492 Thread 0x00000247427482b0 Uncommon trap: trap_request=0xffffff45 fr.pc=0x00000247129ef344 relative=0x0000000000000124
Event: 1996.492 Thread 0x00000247427482b0 Uncommon trap: reason=unstable_if action=reinterpret pc=0x00000247129ef344 method=org.gradle.internal.time.DefaultCountdownTimer.hasExpired()Z @ 6 c2
Event: 1996.492 Thread 0x00000247427482b0 DEOPT PACKING pc=0x00000247129ef344 sp=0x00000060af9f78a0
Event: 1996.493 Thread 0x00000247427482b0 DEOPT UNPACKING pc=0x0000024711ea69a3 sp=0x00000060af9f7868 mode 2
Event: 1996.494 Thread 0x00000247427482b0 Uncommon trap: trap_request=0xffffff45 fr.pc=0x00000247129ce16c relative=0x0000000000005cac
Event: 1996.495 Thread 0x00000247427482b0 Uncommon trap: reason=unstable_if action=reinterpret pc=0x00000247129ce16c method=org.gradle.internal.io.ExponentialBackoff.retryUntil(Lorg/gradle/internal/io/IOQuery;)Ljava/lang/Object; @ 25 c2
Event: 1996.495 Thread 0x00000247427482b0 DEOPT PACKING pc=0x00000247129ce16c sp=0x00000060af9f7900
Event: 1996.496 Thread 0x00000247427482b0 DEOPT UNPACKING pc=0x0000024711ea69a3 sp=0x00000060af9f7978 mode 2

Classes loaded (20 events):
Event: 930.589 Loading class java/util/regex/Pattern$SliceI
Event: 930.589 Loading class java/util/regex/Pattern$SliceI done
Event: 954.008 Loading class jdk/internal/loader/URLClassPath$FileLoader
Event: 954.008 Loading class jdk/internal/loader/URLClassPath$FileLoader done
Event: 954.156 Loading class jdk/internal/loader/URLClassPath$FileLoader$1
Event: 954.156 Loading class jdk/internal/loader/URLClassPath$FileLoader$1 done
Event: 956.232 Loading class java/lang/AbstractMethodError
Event: 956.232 Loading class java/lang/AbstractMethodError done
Event: 956.578 Loading class java/time/temporal/WeekFields
Event: 956.578 Loading class java/time/temporal/WeekFields done
Event: 956.578 Loading class java/time/temporal/WeekFields$ComputedDayOfField
Event: 956.579 Loading class java/time/temporal/WeekFields$ComputedDayOfField done
Event: 956.601 Loading class java/time/Month$1
Event: 956.601 Loading class java/time/Month$1 done
Event: 956.641 Loading class java/nio/channels/Channels
Event: 956.642 Loading class java/nio/channels/Channels done
Event: 956.642 Loading class java/nio/channels/Channels$1
Event: 956.642 Loading class java/nio/channels/Channels$1 done
Event: 8610.606 Loading class java/util/regex/Pattern$Pos
Event: 8610.671 Loading class java/util/regex/Pattern$Pos done

Classes unloaded (0 events):
No events

Classes redefined (0 events):
No events

Internal exceptions (20 events):
Event: 958.033 Thread 0x00000247427482b0 Exception <a 'java/lang/ClassNotFoundException'{0x000000008fb6d648}: org/gradle/internal/metaobject/ConfigureDelegateCustomizer> (0x000000008fb6d648) 
thrown [s\src\hotspot\share\classfile\systemDictionary.cpp, line 256]
Event: 958.059 Thread 0x00000247427482b0 Exception <a 'java/lang/ClassNotFoundException'{0x000000008fbafcf8}: org/gradle/api/internal/initialization/DefaultScriptHandlerBeanInfo> (0x000000008fbafcf8) 
thrown [s\src\hotspot\share\classfile\systemDictionary.cpp, line 256]
Event: 958.060 Thread 0x00000247427482b0 Exception <a 'java/lang/ClassNotFoundException'{0x000000008fbc18a8}: org/gradle/api/internal/initialization/DefaultScriptHandlerCustomizer> (0x000000008fbc18a8) 
thrown [s\src\hotspot\share\classfile\systemDictionary.cpp, line 256]
Event: 958.123 Thread 0x00000247427482b0 Exception <a 'java/lang/ClassNotFoundException'{0x0000000088ad4b08}: org/gradle/api/internal/artifacts/dsl/DefaultRepositoryHandler_DecoratedBeanInfo> (0x0000000088ad4b08) 
thrown [s\src\hotspot\share\classfile\systemDictionary.cpp, line 256]
Event: 958.124 Thread 0x00000247427482b0 Exception <a 'java/lang/ClassNotFoundException'{0x0000000088aecc88}: org/gradle/api/internal/artifacts/dsl/DefaultRepositoryHandlerBeanInfo> (0x0000000088aecc88) 
thrown [s\src\hotspot\share\classfile\systemDictionary.cpp, line 256]
Event: 958.128 Thread 0x00000247427482b0 Exception <a 'java/lang/ClassNotFoundException'{0x0000000088905c38}: org/gradle/api/internal/artifacts/DefaultArtifactRepositoryContainerBeanInfo> (0x0000000088905c38) 
thrown [s\src\hotspot\share\classfile\systemDictionary.cpp, line 256]
Event: 958.132 Thread 0x00000247427482b0 Exception <a 'java/lang/ClassNotFoundException'{0x000000008891a790}: org/gradle/api/internal/DefaultNamedDomainObjectListBeanInfo> (0x000000008891a790) 
thrown [s\src\hotspot\share\classfile\systemDictionary.cpp, line 256]
Event: 958.135 Thread 0x00000247427482b0 Exception <a 'java/lang/ClassNotFoundException'{0x000000008892f750}: org/gradle/api/internal/DefaultNamedDomainObjectCollectionBeanInfo> (0x000000008892f750) 
thrown [s\src\hotspot\share\classfile\systemDictionary.cpp, line 256]
Event: 958.144 Thread 0x00000247427482b0 Exception <a 'java/lang/ClassNotFoundException'{0x0000000088944550}: org/gradle/api/internal/DefaultDomainObjectCollectionBeanInfo> (0x0000000088944550) 
thrown [s\src\hotspot\share\classfile\systemDictionary.cpp, line 256]
Event: 958.145 Thread 0x00000247427482b0 Exception <a 'java/lang/ClassNotFoundException'{0x0000000088959730}: org/gradle/api/internal/DefaultDomainObjectCollectionCustomizer> (0x0000000088959730) 
thrown [s\src\hotspot\share\classfile\systemDictionary.cpp, line 256]
Event: 958.165 Thread 0x00000247427482b0 Exception <a 'java/lang/ClassNotFoundException'{0x0000000088996918}: org/gradle/api/internal/DefaultNamedDomainObjectCollectionCustomizer> (0x0000000088996918) 
thrown [s\src\hotspot\share\classfile\systemDictionary.cpp, line 256]
Event: 958.175 Thread 0x00000247427482b0 Exception <a 'java/lang/ClassNotFoundException'{0x00000000889de628}: org/gradle/api/internal/DefaultNamedDomainObjectListCustomizer> (0x00000000889de628) 
thrown [s\src\hotspot\share\classfile\systemDictionary.cpp, line 256]
Event: 958.186 Thread 0x00000247427482b0 Exception <a 'java/lang/ClassNotFoundException'{0x0000000088823238}: org/gradle/api/internal/artifacts/DefaultArtifactRepositoryContainerCustomizer> (0x0000000088823238) 
thrown [s\src\hotspot\share\classfile\systemDictionary.cpp, line 256]
Event: 958.192 Thread 0x00000247427482b0 Exception <a 'java/lang/ClassNotFoundException'{0x0000000088863b40}: org/gradle/api/internal/artifacts/dsl/DefaultRepositoryHandlerCustomizer> (0x0000000088863b40) 
thrown [s\src\hotspot\share\classfile\systemDictionary.cpp, line 256]
Event: 958.202 Thread 0x00000247427482b0 Exception <a 'java/lang/ClassNotFoundException'{0x00000000888b20e8}: org/gradle/api/internal/artifacts/dsl/DefaultRepositoryHandler_DecoratedCustomizer> (0x00000000888b20e8) 
thrown [s\src\hotspot\share\classfile\systemDictionary.cpp, line 256]
Event: 958.334 Thread 0x00000247427482b0 Exception <a 'java/lang/ClassNotFoundException'{0x0000000088745db0}: org/gradle/api/internal/artifacts/dsl/dependencies/DefaultDependencyHandler_DecoratedBeanInfo> (0x0000000088745db0) 
thrown [s\src\hotspot\share\classfile\systemDictionary.cpp, line 256]
Event: 958.335 Thread 0x00000247427482b0 Exception <a 'java/lang/ClassNotFoundException'{0x000000008875de58}: org/gradle/api/internal/artifacts/dsl/dependencies/DefaultDependencyHandlerBeanInfo> (0x000000008875de58) 
thrown [s\src\hotspot\share\classfile\systemDictionary.cpp, line 256]
Event: 958.344 Thread 0x00000247427482b0 Exception <a 'java/lang/ClassNotFoundException'{0x0000000088775730}: org/gradle/api/internal/artifacts/dsl/dependencies/DefaultDependencyHandlerCustomizer> (0x0000000088775730) 
thrown [s\src\hotspot\share\classfile\systemDictionary.cpp, line 256]
Event: 958.353 Thread 0x00000247427482b0 Exception <a 'java/lang/ClassNotFoundException'{0x00000000887bf680}: org/gradle/api/internal/artifacts/dsl/dependencies/DefaultDependencyHandler_DecoratedCustomizer> (0x00000000887bf680) 
thrown [s\src\hotspot\share\classfile\systemDictionary.cpp, line 256]
Event: 8607.080 Thread 0x00000247427482b0 Exception <a 'java/lang/reflect/InvocationTargetException'{0x0000000084761900}> (0x0000000084761900) 
thrown [s\src\hotspot\share\runtime\reflection.cpp, line 1128]

VM Operations (20 events):
Event: 8611.210 Executing VM operation: Cleanup done
Event: 8613.235 Executing VM operation: Cleanup
Event: 8613.336 Executing VM operation: Cleanup done
Event: 8614.360 Executing VM operation: Cleanup
Event: 8614.381 Executing VM operation: Cleanup done
Event: 8615.384 Executing VM operation: Cleanup
Event: 8616.136 Executing VM operation: Cleanup done
Event: 8617.141 Executing VM operation: Cleanup
Event: 8617.332 Executing VM operation: Cleanup done
Event: 8618.332 Executing VM operation: Cleanup
Event: 8620.094 Executing VM operation: Cleanup done
Event: 8622.115 Executing VM operation: Cleanup
Event: 8622.178 Executing VM operation: Cleanup done
Event: 8624.650 Executing VM operation: G1CollectForAllocation
Event: 8631.545 Executing VM operation: G1CollectForAllocation done
Event: 8632.036 Executing VM operation: G1CollectForAllocation
Event: 8645.418 Executing VM operation: G1CollectForAllocation done
Event: 8645.443 Executing VM operation: G1CollectForAllocation
Event: 8649.090 Executing VM operation: G1CollectForAllocation done
Event: 8649.199 Executing VM operation: G1CollectForAllocation

Memory protections (0 events):
No events

Nmethod flushes (20 events):
Event: 860.296 Thread 0x0000024721d0e840 flushing  nmethod 0x000002470b207090
Event: 860.296 Thread 0x0000024721d0e840 flushing  nmethod 0x000002470b20ec90
Event: 860.296 Thread 0x0000024721d0e840 flushing  nmethod 0x000002470b213890
Event: 860.296 Thread 0x0000024721d0e840 flushing  nmethod 0x000002470b227690
Event: 860.296 Thread 0x0000024721d0e840 flushing  nmethod 0x000002470b246190
Event: 860.296 Thread 0x0000024721d0e840 flushing  nmethod 0x000002470b251c90
Event: 860.296 Thread 0x0000024721d0e840 flushing  nmethod 0x000002470b252010
Event: 860.296 Thread 0x0000024721d0e840 flushing  nmethod 0x000002470b25d790
Event: 860.296 Thread 0x0000024721d0e840 flushing  nmethod 0x000002470b25dc90
Event: 860.296 Thread 0x0000024721d0e840 flushing  nmethod 0x000002470b25ee10
Event: 860.296 Thread 0x0000024721d0e840 flushing  nmethod 0x000002470b260e90
Event: 860.296 Thread 0x0000024721d0e840 flushing  nmethod 0x000002470b294190
Event: 860.296 Thread 0x0000024721d0e840 flushing  nmethod 0x000002470b2e9d90
Event: 860.296 Thread 0x0000024721d0e840 flushing  nmethod 0x000002470b311b90
Event: 860.296 Thread 0x0000024721d0e840 flushing  nmethod 0x000002470b327c10
Event: 860.296 Thread 0x0000024721d0e840 flushing  nmethod 0x000002470b328090
Event: 860.296 Thread 0x0000024721d0e840 flushing  nmethod 0x000002470b336a10
Event: 860.296 Thread 0x0000024721d0e840 flushing  nmethod 0x000002470b392490
Event: 860.296 Thread 0x0000024721d0e840 flushing  nmethod 0x000002470b392810
Event: 955.471 Thread 0x0000024721d0e840 flushing  nmethod 0x000002470b095510

Events (20 events):
Event: 1198.190 Thread 0x0000024721d05760 Thread added: 0x0000024744f43480
Event: 1203.241 Thread 0x0000024744f43480 Thread exited: 0x0000024744f43480
Event: 1208.250 Thread 0x00000247450d4870 Thread exited: 0x00000247450d4870
Event: 1213.256 Thread 0x00000247436f15d0 Thread exited: 0x00000247436f15d0
Event: 1221.817 Thread 0x0000024721d05760 Thread added: 0x00000247436f15d0
Event: 1226.838 Thread 0x00000247436f15d0 Thread exited: 0x00000247436f15d0
Event: 1286.289 Thread 0x0000024721d05760 Thread added: 0x00000247436f15d0
Event: 1286.290 Thread 0x0000024721d05760 Thread added: 0x00000247450d4870
Event: 1290.447 Thread 0x00000247450d4870 Thread exited: 0x00000247450d4870
Event: 1297.322 Thread 0x00000247436f15d0 Thread exited: 0x00000247436f15d0
Event: 1370.716 Thread 0x0000024721d05760 Thread added: 0x000002473dc42790
Event: 1370.717 Thread 0x0000024721d05760 Thread added: 0x000002474388f070
Event: 1370.718 Thread 0x0000024721d05760 Thread added: 0x000002473d8b1ac0
Event: 1375.728 Thread 0x000002473d8b1ac0 Thread exited: 0x000002473d8b1ac0
Event: 1380.058 Thread 0x000002474388f070 Thread exited: 0x000002474388f070
Event: 1385.489 Thread 0x000002473dc42790 Thread exited: 0x000002473dc42790
Event: 1418.157 Thread 0x0000024721d05760 Thread added: 0x000002473dc42790
Event: 1420.802 Thread 0x000002473dc42790 Thread exited: 0x000002473dc42790
Event: 1537.097 Thread 0x0000024721d05760 Thread added: 0x00000247450d2060
Event: 1540.452 Thread 0x00000247450d2060 Thread exited: 0x00000247450d2060


Dynamic libraries:
0x00007ff687c40000 - 0x00007ff687c4e000 	C:\Program Files\Eclipse Adoptium\jdk-17.0.15.6-hotspot\bin\java.exe
0x00007fffc3680000 - 0x00007fffc38e6000 	C:\WINDOWS\SYSTEM32\ntdll.dll
0x00007fffc2160000 - 0x00007fffc2229000 	C:\WINDOWS\System32\KERNEL32.DLL
0x00007fffc0ae0000 - 0x00007fffc0eac000 	C:\WINDOWS\System32\KERNELBASE.dll
0x0000000070320000 - 0x00000000703bd000 	C:\ProgramData\Symantec\Symantec Endpoint Protection\14.3.9205.6000.105\Data\Sysfer\x64\sysfer.dll
0x00007fffc0810000 - 0x00007fffc095b000 	C:\WINDOWS\System32\ucrtbase.dll
0x00007fff9be20000 - 0x00007fff9be37000 	C:\Program Files\Eclipse Adoptium\jdk-17.0.15.6-hotspot\bin\jli.dll
0x00007fffc14c0000 - 0x00007fffc168a000 	C:\WINDOWS\System32\USER32.dll
0x00007fffc1360000 - 0x00007fffc1387000 	C:\WINDOWS\System32\win32u.dll
0x00007fffc1730000 - 0x00007fffc175b000 	C:\WINDOWS\System32\GDI32.dll
0x00007fffc0f70000 - 0x00007fffc10a2000 	C:\WINDOWS\System32\gdi32full.dll
0x00007fffc1390000 - 0x00007fffc1433000 	C:\WINDOWS\System32\msvcp_win.dll
0x00007fff99aa0000 - 0x00007fff99abe000 	C:\Program Files\Eclipse Adoptium\jdk-17.0.15.6-hotspot\bin\VCRUNTIME140.dll
0x00007fffa61a0000 - 0x00007fffa643a000 	C:\WINDOWS\WinSxS\amd64_microsoft.windows.common-controls_6595b64144ccf1df_6.0.26100.3912_none_3e07963ce335137e\COMCTL32.dll
0x00007fffc3590000 - 0x00007fffc3639000 	C:\WINDOWS\System32\msvcrt.dll
0x00007fffc2850000 - 0x00007fffc2880000 	C:\WINDOWS\System32\IMM32.DLL
0x00007fffa4250000 - 0x00007fffa425c000 	C:\Program Files\Eclipse Adoptium\jdk-17.0.15.6-hotspot\bin\vcruntime140_1.dll
0x00007fff7c670000 - 0x00007fff7c6fd000 	C:\Program Files\Eclipse Adoptium\jdk-17.0.15.6-hotspot\bin\msvcp140.dll
0x00007fff3e940000 - 0x00007fff3f5ab000 	C:\Program Files\Eclipse Adoptium\jdk-17.0.15.6-hotspot\bin\server\jvm.dll
0x00007fffc2e40000 - 0x00007fffc2ef2000 	C:\WINDOWS\System32\ADVAPI32.dll
0x00007fffc1760000 - 0x00007fffc1806000 	C:\WINDOWS\System32\sechost.dll
0x00007fffc2040000 - 0x00007fffc2156000 	C:\WINDOWS\System32\RPCRT4.dll
0x00007fffc3500000 - 0x00007fffc3574000 	C:\WINDOWS\System32\WS2_32.dll
0x00007fffc0680000 - 0x00007fffc06de000 	C:\WINDOWS\SYSTEM32\POWRPROF.dll
0x00007fffb52a0000 - 0x00007fffb52d6000 	C:\WINDOWS\SYSTEM32\WINMM.dll
0x00007fffa9820000 - 0x00007fffa982b000 	C:\WINDOWS\SYSTEM32\VERSION.dll
0x00007fffc0660000 - 0x00007fffc0674000 	C:\WINDOWS\SYSTEM32\UMPDC.dll
0x00007fffbf5d0000 - 0x00007fffbf5ea000 	C:\WINDOWS\SYSTEM32\kernel.appcore.dll
0x00007fffa41b0000 - 0x00007fffa41ba000 	C:\Program Files\Eclipse Adoptium\jdk-17.0.15.6-hotspot\bin\jimage.dll
0x00007fffbe100000 - 0x00007fffbe341000 	C:\WINDOWS\SYSTEM32\DBGHELP.DLL
0x00007fffc3000000 - 0x00007fffc3384000 	C:\WINDOWS\System32\combase.dll
0x00007fffc2b40000 - 0x00007fffc2c20000 	C:\WINDOWS\System32\OLEAUT32.dll
0x00007fff95100000 - 0x00007fff95139000 	C:\WINDOWS\SYSTEM32\dbgcore.DLL
0x00007fffc12c0000 - 0x00007fffc1359000 	C:\WINDOWS\System32\bcryptPrimitives.dll
0x00007fff988b0000 - 0x00007fff988d5000 	C:\Program Files\Eclipse Adoptium\jdk-17.0.15.6-hotspot\bin\java.dll
0x00007fff7c590000 - 0x00007fff7c667000 	C:\Program Files\Eclipse Adoptium\jdk-17.0.15.6-hotspot\bin\jsvml.dll
0x00007fffc1890000 - 0x00007fffc1fbd000 	C:\WINDOWS\System32\SHELL32.dll
0x00007fffc0960000 - 0x00007fffc0ad4000 	C:\WINDOWS\System32\wintypes.dll
0x00007fffbe450000 - 0x00007fffbeca6000 	C:\WINDOWS\SYSTEM32\windows.storage.dll
0x00007fffc2f00000 - 0x00007fffc2fef000 	C:\WINDOWS\System32\SHCORE.dll
0x00007fffc1820000 - 0x00007fffc1889000 	C:\WINDOWS\System32\shlwapi.dll
0x00007fffc0720000 - 0x00007fffc074f000 	C:\WINDOWS\SYSTEM32\profapi.dll
0x00007fff99a10000 - 0x00007fff99a29000 	C:\Program Files\Eclipse Adoptium\jdk-17.0.15.6-hotspot\bin\net.dll
0x00007fffaf2b0000 - 0x00007fffaf3ce000 	C:\WINDOWS\SYSTEM32\WINHTTP.dll
0x00007fffbfb40000 - 0x00007fffbfbaa000 	C:\WINDOWS\system32\mswsock.dll
0x00007fff98f80000 - 0x00007fff98f96000 	C:\Program Files\Eclipse Adoptium\jdk-17.0.15.6-hotspot\bin\nio.dll
0x00007fff98520000 - 0x00007fff98538000 	C:\Program Files\Eclipse Adoptium\jdk-17.0.15.6-hotspot\bin\zip.dll
0x00007fffa4150000 - 0x00007fffa4160000 	C:\Program Files\Eclipse Adoptium\jdk-17.0.15.6-hotspot\bin\verify.dll
0x00007fff98930000 - 0x00007fff98957000 	C:\Users\karth\.gradle\native\68d5fa5c4cc2d200863cafc0d521ce42e7d3e7ee720ec0a83991735586a16f82\windows-amd64\native-platform.dll
0x00007fff7c440000 - 0x00007fff7c584000 	C:\Users\karth\.gradle\native\e376f236ea51e6404a007f0833ffe2c6e607c4080706a723a18a27aeea778392\windows-amd64\native-platform-file-events.dll
0x00007fffa0910000 - 0x00007fffa091a000 	C:\Program Files\Eclipse Adoptium\jdk-17.0.15.6-hotspot\bin\management.dll
0x00007fffa0830000 - 0x00007fffa083b000 	C:\Program Files\Eclipse Adoptium\jdk-17.0.15.6-hotspot\bin\management_ext.dll
0x00007fffc3580000 - 0x00007fffc3588000 	C:\WINDOWS\System32\PSAPI.DLL
0x00007fffbfde0000 - 0x00007fffbfdfc000 	C:\WINDOWS\SYSTEM32\CRYPTSP.dll
0x00007fffbf530000 - 0x00007fffbf56a000 	C:\WINDOWS\system32\rsaenh.dll
0x00007fffbfbe0000 - 0x00007fffbfc0b000 	C:\WINDOWS\SYSTEM32\USERENV.dll
0x00007fffc06f0000 - 0x00007fffc0716000 	C:\WINDOWS\SYSTEM32\bcrypt.dll
0x00007fffbfe00000 - 0x00007fffbfe0c000 	C:\WINDOWS\SYSTEM32\CRYPTBASE.dll
0x00007fffbf070000 - 0x00007fffbf0a3000 	C:\WINDOWS\SYSTEM32\IPHLPAPI.DLL
0x00007fffc2740000 - 0x00007fffc274a000 	C:\WINDOWS\System32\NSI.dll
0x00007fffb72a0000 - 0x00007fffb72bf000 	C:\WINDOWS\SYSTEM32\dhcpcsvc6.DLL
0x00007fffb7030000 - 0x00007fffb7055000 	C:\WINDOWS\SYSTEM32\dhcpcsvc.DLL
0x00007fffbf140000 - 0x00007fffbf267000 	C:\WINDOWS\SYSTEM32\DNSAPI.dll
0x00007fff9c160000 - 0x00007fff9c169000 	C:\Program Files\Eclipse Adoptium\jdk-17.0.15.6-hotspot\bin\extnet.dll
0x00007fff9bf40000 - 0x00007fff9bf4e000 	C:\Program Files\Eclipse Adoptium\jdk-17.0.15.6-hotspot\bin\sunmscapi.dll
0x00007fffc10b0000 - 0x00007fffc1227000 	C:\WINDOWS\System32\CRYPT32.dll
0x00007fffbfff0000 - 0x00007fffc0020000 	C:\WINDOWS\SYSTEM32\ncrypt.dll
0x00007fffbffa0000 - 0x00007fffbffdf000 	C:\WINDOWS\SYSTEM32\NTASN1.dll
0x00007fffa3df0000 - 0x00007fffa3df8000 	C:\WINDOWS\system32\wshunix.dll

dbghelp: loaded successfully - version: 4.0.5 - missing functions: none
symbol engine: initialized successfully - sym options: 0x614 - pdb path: .;C:\Program Files\Eclipse Adoptium\jdk-17.0.15.6-hotspot\bin;C:\WINDOWS\SYSTEM32;C:\ProgramData\Symantec\Symantec Endpoint Protection\14.3.9205.6000.105\Data\Sysfer\x64;C:\WINDOWS\WinSxS\amd64_microsoft.windows.common-controls_6595b64144ccf1df_6.0.26100.3912_none_3e07963ce335137e;C:\Program Files\Eclipse Adoptium\jdk-17.0.15.6-hotspot\bin\server;C:\Users\karth\.gradle\native\68d5fa5c4cc2d200863cafc0d521ce42e7d3e7ee720ec0a83991735586a16f82\windows-amd64;C:\Users\karth\.gradle\native\e376f236ea51e6404a007f0833ffe2c6e607c4080706a723a18a27aeea778392\windows-amd64

VM Arguments:
jvm_args: -XX:MaxMetaspaceSize=512m --add-opens=java.base/java.util=ALL-UNNAMED --add-opens=java.base/java.lang=ALL-UNNAMED --add-opens=java.base/java.lang.invoke=ALL-UNNAMED --add-opens=java.prefs/java.util.prefs=ALL-UNNAMED --add-opens=java.base/java.nio.charset=ALL-UNNAMED --add-opens=java.base/java.net=ALL-UNNAMED --add-opens=java.base/java.util.concurrent.atomic=ALL-UNNAMED -Xmx2048m -Dfile.encoding=UTF-8 -Duser.country=CA -Duser.language=en -Duser.variant 
java_command: org.gradle.launcher.daemon.bootstrap.GradleDaemon 8.0.1
java_class_path (initial): C:\Users\karth\.gradle\wrapper\dists\gradle-8.0.1-all\aro4hu1c3oeioove7l0i4i14o\gradle-8.0.1\lib\gradle-launcher-8.0.1.jar
Launcher Type: SUN_STANDARD

[Global flags]
     intx CICompilerCount                          = 12                                        {product} {ergonomic}
   size_t CompressedClassSpaceSize                 = 436207616                                 {product} {ergonomic}
     uint ConcGCThreads                            = 3                                         {product} {ergonomic}
     uint G1ConcRefinementThreads                  = 13                                        {product} {ergonomic}
   size_t G1HeapRegionSize                         = 1048576                                   {product} {ergonomic}
    uintx GCDrainStackTargetSize                   = 64                                        {product} {ergonomic}
   size_t InitialHeapSize                          = 264241152                                 {product} {ergonomic}
   size_t MarkStackSize                            = 4194304                                   {product} {ergonomic}
   size_t MaxHeapSize                              = 2147483648                                {product} {command line}
   size_t MaxMetaspaceSize                         = 536870912                                 {product} {command line}
   size_t MaxNewSize                               = 1287651328                                {product} {ergonomic}
   size_t MinHeapDeltaBytes                        = 1048576                                   {product} {ergonomic}
   size_t MinHeapSize                              = 8388608                                   {product} {ergonomic}
    uintx NonNMethodCodeHeapSize                   = 7602480                                {pd product} {ergonomic}
    uintx NonProfiledCodeHeapSize                  = 122027880                              {pd product} {ergonomic}
    uintx ProfiledCodeHeapSize                     = 122027880                              {pd product} {ergonomic}
    uintx ReservedCodeCacheSize                    = 251658240                              {pd product} {ergonomic}
     bool SegmentedCodeCache                       = true                                      {product} {ergonomic}
   size_t SoftMaxHeapSize                          = 2147483648                             {manageable} {ergonomic}
     bool UseCompressedClassPointers               = true                           {product lp64_product} {ergonomic}
     bool UseCompressedOops                        = true                           {product lp64_product} {ergonomic}
     bool UseG1GC                                  = true                                      {product} {ergonomic}
     bool UseLargePagesIndividualAllocation        = false                                  {pd product} {ergonomic}

Logging:
Log output configuration:
 #0: stdout all=warning uptime,level,tags
 #1: stderr all=off uptime,level,tags

Environment Variables:
JAVA_HOME=C:\Program Files\Java\jdk-23
CLASSPATH=C:\Users\karth\CascadeProjects\MobileAppAndroid\android\\gradle\wrapper\gradle-wrapper.jar
PATH=C:\Users\karth\CascadeProjects\MobileAppAndroid\node_modules\.bin;C:\Users\karth\CascadeProjects\MobileAppAndroid\node_modules\.bin;C:\Users\karth\CascadeProjects\node_modules\.bin;C:\Users\karth\node_modules\.bin;C:\Users\node_modules\.bin;C:\node_modules\.bin;C:\Program Files\nodejs\node_modules\npm\node_modules\@npmcli\run-script\lib\node-gyp-bin;C:\Users\karth\CascadeProjects\MobileAppAndroid\node_modules\.bin;C:\Users\karth\CascadeProjects\MobileAppAndroid\node_modules\.bin;C:\Users\karth\CascadeProjects\node_modules\.bin;C:\Users\karth\node_modules\.bin;C:\Users\node_modules\.bin;C:\node_modules\.bin;C:\Program Files\nodejs\node_modules\npm\node_modules\@npmcli\run-script\lib\node-gyp-bin;C:\Program Files\Eclipse Adoptium\jdk-17.0.15.6-hotspot\bin;C:\Program Files\Common Files\Oracle\Java\javapath;C:\WINDOWS\system32;C:\WINDOWS;C:\WINDOWS\System32\Wbem;C:\WINDOWS\System32\WindowsPowerShell\v1.0\;C:\WINDOWS\System32\OpenSSH\;C:\Program Files\nodejs\;C:\Program Files (x86)\nikto\program;C:\Program Files (x86)\curl;D:\GoWorkspace\bin;C:\Program Files\Go\bin;C:\Program Files\Git\cmd;C:\Users\karth\AppData\Local\Android\Sdk;C:\Users\karth\AppData\Local\Android\Sdk\platform-tools;C:\Program Files\Eclipse Adoptium\jdk-17.0.15.6-hotspot\bin;C:\Program Files\Common Files\Oracle\Java\javapath;C:\WINDOWS\system32;C:\WINDOWS;C:\WINDOWS\System32\Wbem;C:\WINDOWS\System32\WindowsPowerShell\v1.0\;C:\WINDOWS\System32\OpenSSH\;C:\Program Files\nodejs\;C:\Program Files\Git\cmd;C:\Users\karth\AppData\Local\Microsoft\WindowsApps;C:\Users\karth\AppData\Local\Programs\Microsoft VS Code\bin;C:\Users\karth\AppData\Roaming\npm;C:\Users\karth\go\bin;C:\Users\karth\AppData\Local\Programs\Windsurf\bin
USERNAME=karth
OS=Windows_NT
PROCESSOR_IDENTIFIER=Intel64 Family 6 Model 154 Stepping 3, GenuineIntel
TMP=C:\Users\karth\AppData\Local\Temp
TEMP=C:\Users\karth\AppData\Local\Temp



Periodic native trim disabled


---------------  S Y S T E M  ---------------

OS:
 Windows 11 , 64 bit Build 26100 (10.0.26100.3912)
OS uptime: 10 days 15:58 hours
Hyper-V role detected

CPU: total 16 (initial active 16) (8 cores per cpu, 2 threads per core) family 6 model 154 stepping 3 microcode 0x416, cx8, cmov, fxsr, ht, mmx, 3dnowpref, sse, sse2, sse3, ssse3, sse4.1, sse4.2, popcnt, lzcnt, tsc, tscinvbit, avx, avx2, aes, erms, clmul, bmi1, bmi2, adx, sha, fma, vzeroupper, clflush, clflushopt, clwb, hv
Processor Information for processor 0
  Max Mhz: 2100, Current Mhz: 2100, Mhz Limit: 2100
Processor Information for processor 1
  Max Mhz: 2100, Current Mhz: 2100, Mhz Limit: 2100
Processor Information for processor 2
  Max Mhz: 2100, Current Mhz: 2100, Mhz Limit: 2100
Processor Information for processor 3
  Max Mhz: 2100, Current Mhz: 2100, Mhz Limit: 2100
Processor Information for processor 4
  Max Mhz: 2100, Current Mhz: 2100, Mhz Limit: 2100
Processor Information for processor 5
  Max Mhz: 2100, Current Mhz: 2100, Mhz Limit: 2100
Processor Information for processor 6
  Max Mhz: 2100, Current Mhz: 2100, Mhz Limit: 2100
Processor Information for processor 7
  Max Mhz: 2100, Current Mhz: 2100, Mhz Limit: 2100
Processor Information for processor 8
  Max Mhz: 2100, Current Mhz: 1500, Mhz Limit: 1491
Processor Information for processor 9
  Max Mhz: 2100, Current Mhz: 1500, Mhz Limit: 1491
Processor Information for processor 10
  Max Mhz: 2100, Current Mhz: 1500, Mhz Limit: 1491
Processor Information for processor 11
  Max Mhz: 2100, Current Mhz: 1500, Mhz Limit: 1491
Processor Information for processor 12
  Max Mhz: 2100, Current Mhz: 1500, Mhz Limit: 1491
Processor Information for processor 13
  Max Mhz: 2100, Current Mhz: 1500, Mhz Limit: 1491
Processor Information for processor 14
  Max Mhz: 2100, Current Mhz: 1500, Mhz Limit: 1491
Processor Information for processor 15
  Max Mhz: 2100, Current Mhz: 1500, Mhz Limit: 1491

Memory: 4k page, system-wide physical 16088M (0M free)
TotalPageFile size 64210M (AvailPageFile size 8M)
current process WorkingSet (physical memory assigned to process): 5M, peak: 214M
current process commit charge ("private bytes"): 349M, peak: 419M

vm_info: OpenJDK 64-Bit Server VM (17.0.15+6) for windows-amd64 JRE (17.0.15+6), built on Apr 15 2025 21:25:47 by "admin" with MS VC++ 17.7 (VS2022)

END.
