#
# There is insufficient memory for the Java Runtime Environment to continue.
# Native memory allocation (mmap) failed to map 36700160 bytes. Error detail: G1 virtual space
# Possible reasons:
#   The system is out of physical RAM or swap space
#   This process is running with CompressedOops enabled, and the Java Heap may be blocking the growth of the native heap
# Possible solutions:
#   Reduce memory load on the system
#   Increase physical memory or swap space
#   Check if swap backing store is full
#   Decrease Java heap size (-Xmx/-Xms)
#   Decrease number of Java threads
#   Decrease Java thread stack sizes (-Xss)
#   Set larger code cache with -XX:ReservedCodeCacheSize=
#   JVM is running with Unscaled Compressed Oops mode in which the Java heap is
#     placed in the first 4GB address space. The Java Heap base address is the
#     maximum limit for the native heap growth. Please use -XX:HeapBaseMinAddress
#     to set the Java Heap base and to place the Java Heap above 4GB virtual address.
# This output file may be truncated or incomplete.
#
#  Out of Memory Error (os_windows.cpp:3618), pid=67612, tid=7808
#
# JRE version: OpenJDK Runtime Environment Temurin-17.0.15+6 (17.0.15+6) (build 17.0.15+6)
# Java VM: OpenJDK 64-Bit Server VM Temurin-17.0.15+6 (17.0.15+6, mixed mode, sharing, tiered, compressed oops, compressed class ptrs, g1 gc, windows-amd64)
# No core dump will be written. Minidumps are not enabled by default on client versions of Windows
#

---------------  S U M M A R Y ------------

Command Line: -XX:MaxMetaspaceSize=512m --add-opens=java.base/java.util=ALL-UNNAMED --add-opens=java.base/java.lang=ALL-UNNAMED --add-opens=java.base/java.lang.invoke=ALL-UNNAMED --add-opens=java.prefs/java.util.prefs=ALL-UNNAMED --add-opens=java.base/java.nio.charset=ALL-UNNAMED --add-opens=java.base/java.net=ALL-UNNAMED --add-opens=java.base/java.util.concurrent.atomic=ALL-UNNAMED -Xmx2048m -Dfile.encoding=UTF-8 -Duser.country=CA -Duser.language=en -Duser.variant org.gradle.launcher.daemon.bootstrap.GradleDaemon 8.0.1

Host: 12th Gen Intel(R) Core(TM) i7-1260P, 16 cores, 15G,  Windows 11 , 64 bit Build 26100 (10.0.26100.3912)
Time: Mon May 26 02:11:49 2025 Eastern Daylight Time elapsed time: 8409.548343 seconds (0d 2h 20m 9s)

---------------  T H R E A D  ---------------

Current thread (0x000001a01e619010):  VMThread "VM Thread" [stack: 0x0000000530900000,0x0000000530a00000] [id=7808]

Stack: [0x0000000530900000,0x0000000530a00000]
Native frames: (J=compiled Java code, j=interpreted, Vv=VM code, C=native code)
V  [jvm.dll+0x682fc9]
V  [jvm.dll+0x839878]
V  [jvm.dll+0x83b323]
V  [jvm.dll+0x83b993]
V  [jvm.dll+0x24725f]
V  [jvm.dll+0x67fda9]
V  [jvm.dll+0x674c9a]
V  [jvm.dll+0x304d06]
V  [jvm.dll+0x30c1c6]
V  [jvm.dll+0x35dd4e]
V  [jvm.dll+0x35df8d]
V  [jvm.dll+0x2dc0cc]
V  [jvm.dll+0x2da46f]
V  [jvm.dll+0x2d9bdc]
V  [jvm.dll+0x31d3bb]
V  [jvm.dll+0x8401cd]
V  [jvm.dll+0x840f03]
V  [jvm.dll+0x84142f]
V  [jvm.dll+0x841814]
V  [jvm.dll+0x8418de]
V  [jvm.dll+0x7e94dc]
V  [jvm.dll+0x681ea7]
C  [ucrtbase.dll+0x37b0]
C  [KERNEL32.DLL+0x2e8d7]
C  [ntdll.dll+0x9c5dc]

VM_Operation (0x0000000531dfe040): G1CollectForAllocation, mode: safepoint, requested by thread 0x000001a03f02cb20


---------------  P R O C E S S  ---------------

Threads class SMR info:
_java_thread_list=0x000001a03e1c8690, length=80, elements={
0x000001a07d71e400, 0x000001a01e61cc40, 0x000001a01e61e080, 0x000001a01e62adc0,
0x000001a01e62d6a0, 0x000001a01e62ff80, 0x000001a01e630850, 0x000001a01e633860,
0x000001a01e635850, 0x000001a01e94c6b0, 0x000001a01ea2de90, 0x000001a01ea30380,
0x000001a03ebbdb50, 0x000001a03f6e1140, 0x000001a03f02cb20, 0x000001a03e9dfbf0,
0x000001a03e898030, 0x000001a03ef17390, 0x000001a03f334f80, 0x000001a03f3359a0,
0x000001a03f336de0, 0x000001a03f334560, 0x000001a03f3372f0, 0x000001a03f3368d0,
0x000001a03f333b40, 0x000001a03f335490, 0x000001a03f334a70, 0x000001a03e7b0140,
0x000001a03e7b0b60, 0x000001a03e7af210, 0x000001a03e7aed00, 0x000001a03e7af720,
0x000001a03e7b1070, 0x000001a03e7ae2e0, 0x000001a03e7afc30, 0x000001a03e7b1580,
0x000001a03e7addd0, 0x000001a03e7b29c0, 0x000001a03e7b3e00, 0x000001a03e7b33e0,
0x000001a03e7b5240, 0x000001a03e7b4310, 0x000001a03e7b4d30, 0x000001a03e7b4820,
0x000001a03e7b1a90, 0x000001a03e7b5750, 0x000001a03e7b1fa0, 0x000001a03e7b2ed0,
0x000001a03e7b24b0, 0x000001a03e7b38f0, 0x000001a03f335eb0, 0x000001a03f3363c0,
0x000001a03e7b8160, 0x000001a03e7b8670, 0x000001a03e7b6d20, 0x000001a03e7b8b80,
0x000001a03e7b9090, 0x000001a03e7b95a0, 0x000001a03e7b7c50, 0x000001a03e7b5df0,
0x000001a03e7b7230, 0x000001a03e7b9ab0, 0x000001a03e7b6300, 0x000001a03e7b9fc0,
0x000001a03e7b6810, 0x000001a03e7ba4d0, 0x000001a03e7ba9e0, 0x000001a03e7baef0,
0x000001a03e7b7740, 0x000001a03e7bd260, 0x000001a03e7bc840, 0x000001a03e7bbe20,
0x000001a03e7bb910, 0x000001a03e7bd770, 0x000001a03e7bb400, 0x000001a03e7bc330,
0x000001a03e7bcd50, 0x000001a040425da0, 0x000001a040425890, 0x000001a040427c00
}

Java Threads: ( => current thread )
  0x000001a07d71e400 JavaThread "main" [_thread_blocked, id=49992, stack(0x0000000530300000,0x0000000530400000)]
  0x000001a01e61cc40 JavaThread "Reference Handler" daemon [_thread_blocked, id=67988, stack(0x0000000530a00000,0x0000000530b00000)]
  0x000001a01e61e080 JavaThread "Finalizer" daemon [_thread_blocked, id=68004, stack(0x0000000530b00000,0x0000000530c00000)]
  0x000001a01e62adc0 JavaThread "Signal Dispatcher" daemon [_thread_blocked, id=68148, stack(0x0000000530c00000,0x0000000530d00000)]
  0x000001a01e62d6a0 JavaThread "Attach Listener" daemon [_thread_blocked, id=19880, stack(0x0000000530d00000,0x0000000530e00000)]
  0x000001a01e62ff80 JavaThread "Service Thread" daemon [_thread_blocked, id=68020, stack(0x0000000530e00000,0x0000000530f00000)]
  0x000001a01e630850 JavaThread "Monitor Deflation Thread" daemon [_thread_blocked, id=67812, stack(0x0000000530f00000,0x0000000531000000)]
  0x000001a01e633860 JavaThread "C2 CompilerThread0" daemon [_thread_blocked, id=10372, stack(0x0000000531000000,0x0000000531100000)]
  0x000001a01e635850 JavaThread "C1 CompilerThread0" daemon [_thread_blocked, id=68044, stack(0x0000000531100000,0x0000000531200000)]
  0x000001a01e94c6b0 JavaThread "Sweeper thread" daemon [_thread_blocked, id=67840, stack(0x0000000531200000,0x0000000531300000)]
  0x000001a01ea2de90 JavaThread "Common-Cleaner" daemon [_thread_blocked, id=55932, stack(0x0000000531300000,0x0000000531400000)]
  0x000001a01ea30380 JavaThread "Notification Thread" daemon [_thread_blocked, id=23684, stack(0x0000000531400000,0x0000000531500000)]
  0x000001a03ebbdb50 JavaThread "Daemon health stats" [_thread_blocked, id=46632, stack(0x0000000531b00000,0x0000000531c00000)]
  0x000001a03f6e1140 JavaThread "Incoming local TCP Connector on port 33940" [_thread_in_native, id=18216, stack(0x0000000531c00000,0x0000000531d00000)]
  0x000001a03f02cb20 JavaThread "Daemon periodic checks" [_thread_blocked, id=46712, stack(0x0000000531d00000,0x0000000531e00000)]
  0x000001a03e9dfbf0 JavaThread "Daemon" [_thread_blocked, id=44048, stack(0x0000000531e00000,0x0000000531f00000)]
  0x000001a03e898030 JavaThread "Handler for socket connection from /127.0.0.1:33940 to /127.0.0.1:34008" [_thread_in_native, id=33508, stack(0x0000000531f00000,0x0000000532000000)]
  0x000001a03ef17390 JavaThread "Cancel handler" [_thread_blocked, id=50128, stack(0x0000000532000000,0x0000000532100000)]
  0x000001a03f334f80 JavaThread "Daemon worker" [_thread_blocked, id=39572, stack(0x0000000532300000,0x0000000532400000)]
  0x000001a03f3359a0 JavaThread "Asynchronous log dispatcher for DefaultDaemonConnection: socket connection from /127.0.0.1:33940 to /127.0.0.1:34008" [_thread_blocked, id=62596, stack(0x0000000532400000,0x0000000532500000)]
  0x000001a03f336de0 JavaThread "Daemon client event forwarder" [_thread_blocked, id=68412, stack(0x0000000532600000,0x0000000532700000)]
  0x000001a03f334560 JavaThread "Cache worker for journal cache (C:\Users\karth\.gradle\caches\journal-1)" [_thread_blocked, id=28780, stack(0x0000000532700000,0x0000000532800000)]
  0x000001a03f3372f0 JavaThread "File lock request listener" [_thread_in_native, id=20228, stack(0x0000000532800000,0x0000000532900000)]
  0x000001a03f3368d0 JavaThread "Cache worker for file hash cache (C:\Users\karth\.gradle\caches\8.0.1\fileHashes)" [_thread_blocked, id=46600, stack(0x0000000532a00000,0x0000000532b00000)]
  0x000001a03f333b40 JavaThread "File watcher server" daemon [_thread_in_native, id=49108, stack(0x0000000530100000,0x0000000530200000)]
  0x000001a03f335490 JavaThread "File watcher consumer" daemon [_thread_blocked, id=64224, stack(0x0000000530200000,0x0000000530300000)]
  0x000001a03f334a70 JavaThread "Cache worker for checksums cache (C:\Users\karth\CascadeProjects\MobileAppAndroid\android\.gradle\8.0.1\checksums)" [_thread_blocked, id=48048, stack(0x0000000532b00000,0x0000000532c00000)]
  0x000001a03e7b0140 JavaThread "Cache worker for cache directory md-rule (C:\Users\karth\.gradle\caches\8.0.1\md-rule)" [_thread_blocked, id=19224, stack(0x0000000532c00000,0x0000000532d00000)]
  0x000001a03e7b0b60 JavaThread "Cache worker for file content cache (C:\Users\karth\.gradle\caches\8.0.1\fileContent)" [_thread_blocked, id=43032, stack(0x0000000532d00000,0x0000000532e00000)]
  0x000001a03e7af210 JavaThread "Cache worker for file hash cache (C:\Users\karth\CascadeProjects\MobileAppAndroid\android\.gradle\8.0.1\fileHashes)" [_thread_blocked, id=54904, stack(0x0000000533700000,0x0000000533800000)]
  0x000001a03e7aed00 JavaThread "Cache worker for cache directory md-supplier (C:\Users\karth\.gradle\caches\8.0.1\md-supplier)" [_thread_blocked, id=45428, stack(0x0000000533800000,0x0000000533900000)]
  0x000001a03e7af720 JavaThread "Cache worker for execution history cache (C:\Users\karth\.gradle\caches\8.0.1\executionHistory)" [_thread_blocked, id=37128, stack(0x0000000533900000,0x0000000533a00000)]
  0x000001a03e7b1070 JavaThread "jar transforms" [_thread_blocked, id=61940, stack(0x0000000533a00000,0x0000000533b00000)]
  0x000001a03e7ae2e0 JavaThread "jar transforms Thread 2" [_thread_blocked, id=66816, stack(0x0000000533b00000,0x0000000533c00000)]
  0x000001a03e7afc30 JavaThread "jar transforms Thread 3" [_thread_blocked, id=66748, stack(0x0000000533c00000,0x0000000533d00000)]
  0x000001a03e7b1580 JavaThread "jar transforms Thread 4" [_thread_blocked, id=36984, stack(0x0000000533d00000,0x0000000533e00000)]
  0x000001a03e7addd0 JavaThread "Cache worker for kotlin-dsl (C:\Users\karth\.gradle\caches\8.0.1\kotlin-dsl)" [_thread_blocked, id=66320, stack(0x0000000532500000,0x0000000532600000)]
  0x000001a03e7b29c0 JavaThread "File lock release action executor Thread 2" [_thread_blocked, id=28360, stack(0x0000000532900000,0x0000000532a00000)]
  0x000001a03e7b3e00 JavaThread "jar transforms Thread 5" [_thread_blocked, id=67764, stack(0x0000000533f00000,0x0000000534000000)]
  0x000001a03e7b33e0 JavaThread "jar transforms Thread 6" [_thread_blocked, id=31804, stack(0x0000000533e00000,0x0000000533f00000)]
  0x000001a03e7b5240 JavaThread "Cache worker for dependencies-accessors (C:\Users\karth\CascadeProjects\MobileAppAndroid\android\.gradle\8.0.1\dependencies-accessors)" [_thread_blocked, id=68560, stack(0x0000000534000000,0x0000000534100000)]
  0x000001a03e7b4310 JavaThread "Cache worker for Build Output Cleanup Cache (C:\Users\karth\CascadeProjects\MobileAppAndroid\node_modules\@react-native\gradle-plugin\.gradle\buildOutputCleanup)" [_thread_blocked, id=45968, stack(0x0000000534100000,0x0000000534200000)]
  0x000001a03e7b4d30 JavaThread "jar transforms Thread 7" [_thread_blocked, id=56568, stack(0x0000000534200000,0x0000000534300000)]
  0x000001a03e7b4820 JavaThread "Unconstrained build operations" [_thread_blocked, id=14492, stack(0x0000000534400000,0x0000000534500000)]
  0x000001a03e7b1a90 JavaThread "Unconstrained build operations Thread 2" [_thread_blocked, id=57532, stack(0x0000000534500000,0x0000000534600000)]
  0x000001a03e7b5750 JavaThread "Unconstrained build operations Thread 3" [_thread_blocked, id=65728, stack(0x0000000534600000,0x0000000534700000)]
  0x000001a03e7b1fa0 JavaThread "Unconstrained build operations Thread 4" [_thread_blocked, id=50688, stack(0x0000000534700000,0x0000000534800000)]
  0x000001a03e7b2ed0 JavaThread "Unconstrained build operations Thread 5" [_thread_blocked, id=46848, stack(0x0000000534800000,0x0000000534900000)]
  0x000001a03e7b24b0 JavaThread "Unconstrained build operations Thread 6" [_thread_blocked, id=46752, stack(0x0000000534900000,0x0000000534a00000)]
  0x000001a03e7b38f0 JavaThread "Unconstrained build operations Thread 7" [_thread_blocked, id=47636, stack(0x0000000534a00000,0x0000000534b00000)]
  0x000001a03f335eb0 JavaThread "Unconstrained build operations Thread 8" [_thread_blocked, id=66968, stack(0x0000000534b00000,0x0000000534c00000)]
  0x000001a03f3363c0 JavaThread "Unconstrained build operations Thread 9" [_thread_blocked, id=51160, stack(0x0000000534c00000,0x0000000534d00000)]
  0x000001a03e7b8160 JavaThread "Unconstrained build operations Thread 10" [_thread_blocked, id=56336, stack(0x0000000534d00000,0x0000000534e00000)]
  0x000001a03e7b8670 JavaThread "Unconstrained build operations Thread 11" [_thread_blocked, id=11408, stack(0x0000000534e00000,0x0000000534f00000)]
  0x000001a03e7b6d20 JavaThread "Unconstrained build operations Thread 12" [_thread_blocked, id=55696, stack(0x0000000534f00000,0x0000000535000000)]
  0x000001a03e7b8b80 JavaThread "Unconstrained build operations Thread 13" [_thread_blocked, id=40052, stack(0x0000000535000000,0x0000000535100000)]
  0x000001a03e7b9090 JavaThread "Unconstrained build operations Thread 14" [_thread_blocked, id=54020, stack(0x0000000535100000,0x0000000535200000)]
  0x000001a03e7b95a0 JavaThread "Unconstrained build operations Thread 15" [_thread_blocked, id=47384, stack(0x0000000535200000,0x0000000535300000)]
  0x000001a03e7b7c50 JavaThread "Unconstrained build operations Thread 16" [_thread_blocked, id=57332, stack(0x0000000535300000,0x0000000535400000)]
  0x000001a03e7b5df0 JavaThread "Unconstrained build operations Thread 17" [_thread_blocked, id=53268, stack(0x0000000535400000,0x0000000535500000)]
  0x000001a03e7b7230 JavaThread "Unconstrained build operations Thread 18" [_thread_blocked, id=9176, stack(0x0000000535500000,0x0000000535600000)]
  0x000001a03e7b9ab0 JavaThread "Unconstrained build operations Thread 19" [_thread_blocked, id=48536, stack(0x0000000535600000,0x0000000535700000)]
  0x000001a03e7b6300 JavaThread "Unconstrained build operations Thread 20" [_thread_blocked, id=51368, stack(0x0000000535700000,0x0000000535800000)]
  0x000001a03e7b9fc0 JavaThread "Unconstrained build operations Thread 21" [_thread_blocked, id=19560, stack(0x0000000535800000,0x0000000535900000)]
  0x000001a03e7b6810 JavaThread "Unconstrained build operations Thread 22" [_thread_blocked, id=53912, stack(0x0000000535900000,0x0000000535a00000)]
  0x000001a03e7ba4d0 JavaThread "Unconstrained build operations Thread 23" [_thread_blocked, id=10760, stack(0x0000000535a00000,0x0000000535b00000)]
  0x000001a03e7ba9e0 JavaThread "Unconstrained build operations Thread 24" [_thread_blocked, id=66324, stack(0x0000000535b00000,0x0000000535c00000)]
  0x000001a03e7baef0 JavaThread "Unconstrained build operations Thread 25" [_thread_blocked, id=29756, stack(0x0000000535c00000,0x0000000535d00000)]
  0x000001a03e7b7740 JavaThread "Unconstrained build operations Thread 26" [_thread_blocked, id=13876, stack(0x0000000535d00000,0x0000000535e00000)]
  0x000001a03e7bd260 JavaThread "jar transforms Thread 8" [_thread_blocked, id=32600, stack(0x0000000534300000,0x0000000534400000)]
  0x000001a03e7bc840 JavaThread "jar transforms Thread 9" [_thread_blocked, id=14296, stack(0x0000000535e00000,0x0000000535f00000)]
  0x000001a03e7bbe20 JavaThread "jar transforms Thread 10" [_thread_blocked, id=47008, stack(0x0000000535f00000,0x0000000536000000)]
  0x000001a03e7bb910 JavaThread "jar transforms Thread 11" [_thread_blocked, id=68240, stack(0x0000000536000000,0x0000000536100000)]
  0x000001a03e7bd770 JavaThread "jar transforms Thread 12" [_thread_blocked, id=55148, stack(0x0000000536100000,0x0000000536200000)]
  0x000001a03e7bb400 JavaThread "jar transforms Thread 13" [_thread_blocked, id=47512, stack(0x0000000536200000,0x0000000536300000)]
  0x000001a03e7bc330 JavaThread "jar transforms Thread 14" [_thread_blocked, id=62952, stack(0x0000000536300000,0x0000000536400000)]
  0x000001a03e7bcd50 JavaThread "jar transforms Thread 15" [_thread_blocked, id=67492, stack(0x0000000536400000,0x0000000536500000)]
  0x000001a040425da0 JavaThread "jar transforms Thread 16" [_thread_blocked, id=59412, stack(0x0000000536500000,0x0000000536600000)]
  0x000001a040425890 JavaThread "Memory manager" [_thread_blocked, id=66344, stack(0x0000000536900000,0x0000000536a00000)]
  0x000001a040427c00 JavaThread "Cache worker for Build Output Cleanup Cache (C:\Users\karth\CascadeProjects\MobileAppAndroid\android\.gradle\buildOutputCleanup)" [_thread_blocked, id=28488, stack(0x0000000536600000,0x0000000536700000)]

Other Threads:
=>0x000001a01e619010 VMThread "VM Thread" [stack: 0x0000000530900000,0x0000000530a00000] [id=7808]
  0x000001a01ea30c70 WatcherThread [stack: 0x0000000531500000,0x0000000531600000] [id=43836]
  0x000001a07d8aff70 GCTaskThread "GC Thread#0" [stack: 0x0000000530400000,0x0000000530500000] [id=36304]
  0x000001a03e831820 GCTaskThread "GC Thread#1" [stack: 0x0000000531600000,0x0000000531700000] [id=16032]
  0x000001a03e858120 GCTaskThread "GC Thread#2" [stack: 0x0000000531700000,0x0000000531800000] [id=66704]
  0x000001a03ea25140 GCTaskThread "GC Thread#3" [stack: 0x0000000531800000,0x0000000531900000] [id=27144]
  0x000001a03ea25400 GCTaskThread "GC Thread#4" [stack: 0x0000000531900000,0x0000000531a00000] [id=38540]
  0x000001a03e8e1b10 GCTaskThread "GC Thread#5" [stack: 0x0000000531a00000,0x0000000531b00000] [id=36136]
  0x000001a03f33c0e0 GCTaskThread "GC Thread#6" [stack: 0x0000000532e00000,0x0000000532f00000] [id=23132]
  0x000001a03f33d160 GCTaskThread "GC Thread#7" [stack: 0x0000000532f00000,0x0000000533000000] [id=48332]
  0x000001a03f33cbe0 GCTaskThread "GC Thread#8" [stack: 0x0000000533000000,0x0000000533100000] [id=21408]
  0x000001a03f33cea0 GCTaskThread "GC Thread#9" [stack: 0x0000000533100000,0x0000000533200000] [id=46348]
  0x000001a03f33d420 GCTaskThread "GC Thread#10" [stack: 0x0000000533200000,0x0000000533300000] [id=66456]
  0x000001a03f33d6e0 GCTaskThread "GC Thread#11" [stack: 0x0000000533300000,0x0000000533400000] [id=50768]
  0x000001a040df7c40 GCTaskThread "GC Thread#12" [stack: 0x0000000533400000,0x0000000533500000] [id=49372]
  0x000001a07d8c0dd0 ConcurrentGCThread "G1 Main Marker" [stack: 0x0000000530500000,0x0000000530600000] [id=52504]
  0x000001a07d8c1700 ConcurrentGCThread "G1 Conc#0" [stack: 0x0000000530600000,0x0000000530700000] [id=63620]
  0x000001a040df97c0 ConcurrentGCThread "G1 Conc#1" [stack: 0x0000000533500000,0x0000000533600000] [id=60452]
  0x000001a040df76c0 ConcurrentGCThread "G1 Conc#2" [stack: 0x0000000533600000,0x0000000533700000] [id=45228]
  0x000001a01e5054e0 ConcurrentGCThread "G1 Refine#0" [stack: 0x0000000530700000,0x0000000530800000] [id=13440]
  0x000001a01e505d20 ConcurrentGCThread "G1 Service" [stack: 0x0000000530800000,0x0000000530900000] [id=59900]

Threads with active compile tasks:
C2 CompilerThread0  8412016 8458       4       java.util.concurrent.ScheduledThreadPoolExecutor$ScheduledFutureTask::run (57 bytes)
C1 CompilerThread0  8412017 8498   !   3       org.gradle.cache.internal.OnDemandFileAccess::readFile (51 bytes)

VM state: at safepoint (normal execution)

VM Mutex/Monitor currently owned by a thread:  ([mutex/lock_event])
[0x000001a07d66fef0] Threads_lock - owner thread: 0x000001a01e619010
[0x000001a07d71bf70] Heap_lock - owner thread: 0x000001a03f02cb20

Heap address: 0x0000000080000000, size: 2048 MB, Compressed Oops mode: 32-bit

CDS archive(s) mapped at: [0x000001a01f000000-0x000001a01fbb0000-0x000001a01fbb0000), size 12255232, SharedBaseAddress: 0x000001a01f000000, ArchiveRelocationMode: 1.
Compressed class space mapped at: 0x000001a020000000-0x000001a03a000000, reserved size: 436207616
Narrow klass base: 0x000001a01f000000, Narrow klass shift: 0, Narrow klass range: 0x100000000

GC Precious Log:
 CPUs: 16 total, 16 available
 Memory: 16088M
 Large Page Support: Disabled
 NUMA Support: Disabled
 Compressed Oops: Enabled (32-bit)
 Heap Region Size: 1M
 Heap Min Capacity: 8M
 Heap Initial Capacity: 252M
 Heap Max Capacity: 2G
 Pre-touch: Disabled
 Parallel Workers: 13
 Concurrent Workers: 3
 Concurrent Refinement Workers: 13
 Periodic GC: Disabled

Heap:
 garbage-first heap   total 115712K, used 53542K [0x0000000080000000, 0x0000000100000000)
  region size 1024K, 1 young (1024K), 1 survivors (1024K)
 Metaspace       used 58619K, committed 59200K, reserved 491520K
  class space    used 8111K, committed 8384K, reserved 425984K

Heap Regions: E=young(eden), S=young(survivor), O=old, HS=humongous(starts), HC=humongous(continues), CS=collection set, F=free, OA=open archive, CA=closed archive, TAMS=top-at-mark-start (previous, next)
|   0|0x0000000080000000, 0x0000000080100000, 0x0000000080100000|100%|HS|  |TAMS 0x0000000080100000, 0x0000000080100000| Complete 
|   1|0x0000000080100000, 0x0000000080200000, 0x0000000080200000|100%|HC|  |TAMS 0x0000000080200000, 0x0000000080200000| Complete 
|   2|0x0000000080200000, 0x0000000080300000, 0x0000000080300000|100%|HC|  |TAMS 0x0000000080300000, 0x0000000080300000| Complete 
|   3|0x0000000080300000, 0x0000000080400000, 0x0000000080400000|100%|HC|  |TAMS 0x0000000080400000, 0x0000000080400000| Complete 
|   4|0x0000000080400000, 0x0000000080500000, 0x0000000080500000|100%| O|  |TAMS 0x0000000080500000, 0x0000000080500000| Untracked 
|   5|0x0000000080500000, 0x0000000080600000, 0x0000000080600000|100%| O|  |TAMS 0x0000000080600000, 0x0000000080600000| Untracked 
|   6|0x0000000080600000, 0x0000000080700000, 0x0000000080700000|100%| O|  |TAMS 0x0000000080700000, 0x0000000080700000| Untracked 
|   7|0x0000000080700000, 0x0000000080800000, 0x0000000080800000|100%| O|  |TAMS 0x0000000080800000, 0x0000000080800000| Untracked 
|   8|0x0000000080800000, 0x0000000080900000, 0x0000000080900000|100%| O|  |TAMS 0x0000000080900000, 0x0000000080900000| Untracked 
|   9|0x0000000080900000, 0x0000000080a00000, 0x0000000080a00000|100%| O|  |TAMS 0x0000000080a00000, 0x0000000080a00000| Untracked 
|  10|0x0000000080a00000, 0x0000000080b00000, 0x0000000080b00000|100%| O|  |TAMS 0x0000000080b00000, 0x0000000080b00000| Untracked 
|  11|0x0000000080b00000, 0x0000000080c00000, 0x0000000080c00000|100%| O|  |TAMS 0x0000000080c00000, 0x0000000080c00000| Untracked 
|  12|0x0000000080c00000, 0x0000000080d00000, 0x0000000080d00000|100%| O|  |TAMS 0x0000000080d00000, 0x0000000080d00000| Untracked 
|  13|0x0000000080d00000, 0x0000000080e00000, 0x0000000080e00000|100%| O|  |TAMS 0x0000000080e00000, 0x0000000080e00000| Untracked 
|  14|0x0000000080e00000, 0x0000000080f00000, 0x0000000080f00000|100%| O|  |TAMS 0x0000000080f00000, 0x0000000080f00000| Untracked 
|  15|0x0000000080f00000, 0x0000000081000000, 0x0000000081000000|100%| O|  |TAMS 0x0000000081000000, 0x0000000081000000| Untracked 
|  16|0x0000000081000000, 0x0000000081100000, 0x0000000081100000|100%| O|  |TAMS 0x0000000081100000, 0x0000000081100000| Untracked 
|  17|0x0000000081100000, 0x0000000081200000, 0x0000000081200000|100%| O|  |TAMS 0x0000000081200000, 0x0000000081200000| Untracked 
|  18|0x0000000081200000, 0x0000000081300000, 0x0000000081300000|100%| O|  |TAMS 0x0000000081300000, 0x0000000081300000| Untracked 
|  19|0x0000000081300000, 0x0000000081400000, 0x0000000081400000|100%| O|  |TAMS 0x0000000081400000, 0x0000000081400000| Untracked 
|  20|0x0000000081400000, 0x0000000081500000, 0x0000000081500000|100%| O|  |TAMS 0x0000000081500000, 0x0000000081500000| Untracked 
|  21|0x0000000081500000, 0x0000000081600000, 0x0000000081600000|100%| O|  |TAMS 0x0000000081600000, 0x0000000081600000| Untracked 
|  22|0x0000000081600000, 0x0000000081700000, 0x0000000081700000|100%| O|  |TAMS 0x0000000081700000, 0x0000000081700000| Untracked 
|  23|0x0000000081700000, 0x0000000081800000, 0x0000000081800000|100%| O|  |TAMS 0x0000000081800000, 0x0000000081800000| Untracked 
|  24|0x0000000081800000, 0x0000000081900000, 0x0000000081900000|100%| O|  |TAMS 0x0000000081900000, 0x0000000081900000| Untracked 
|  25|0x0000000081900000, 0x0000000081a00000, 0x0000000081a00000|100%| O|  |TAMS 0x0000000081a00000, 0x0000000081a00000| Untracked 
|  26|0x0000000081a00000, 0x0000000081b00000, 0x0000000081b00000|100%| O|  |TAMS 0x0000000081b00000, 0x0000000081b00000| Untracked 
|  27|0x0000000081b00000, 0x0000000081c00000, 0x0000000081c00000|100%| O|  |TAMS 0x0000000081c00000, 0x0000000081c00000| Untracked 
|  28|0x0000000081c00000, 0x0000000081d00000, 0x0000000081d00000|100%| O|  |TAMS 0x0000000081d00000, 0x0000000081d00000| Untracked 
|  29|0x0000000081d00000, 0x0000000081e00000, 0x0000000081e00000|100%| O|  |TAMS 0x0000000081e00000, 0x0000000081e00000| Untracked 
|  30|0x0000000081e00000, 0x0000000081f00000, 0x0000000081f00000|100%| O|  |TAMS 0x0000000081f00000, 0x0000000081f00000| Untracked 
|  31|0x0000000081f00000, 0x0000000082000000, 0x0000000082000000|100%|HS|  |TAMS 0x0000000082000000, 0x0000000082000000| Complete 
|  32|0x0000000082000000, 0x0000000082100000, 0x0000000082100000|100%|HC|  |TAMS 0x0000000082100000, 0x0000000082100000| Complete 
|  33|0x0000000082100000, 0x0000000082200000, 0x0000000082200000|100%| O|  |TAMS 0x0000000082200000, 0x0000000082200000| Untracked 
|  34|0x0000000082200000, 0x0000000082300000, 0x0000000082300000|100%| O|  |TAMS 0x0000000082300000, 0x0000000082300000| Untracked 
|  35|0x0000000082300000, 0x0000000082400000, 0x0000000082400000|100%|HS|  |TAMS 0x0000000082400000, 0x0000000082400000| Complete 
|  36|0x0000000082400000, 0x0000000082500000, 0x0000000082500000|100%|HC|  |TAMS 0x0000000082500000, 0x0000000082500000| Complete 
|  37|0x0000000082500000, 0x0000000082600000, 0x0000000082600000|100%|HC|  |TAMS 0x0000000082600000, 0x0000000082600000| Complete 
|  38|0x0000000082600000, 0x0000000082700000, 0x0000000082700000|100%|HC|  |TAMS 0x0000000082700000, 0x0000000082700000| Complete 
|  39|0x0000000082700000, 0x0000000082800000, 0x0000000082800000|100%| O|  |TAMS 0x0000000082800000, 0x0000000082800000| Untracked 
|  40|0x0000000082800000, 0x0000000082900000, 0x0000000082900000|100%| O|  |TAMS 0x0000000082900000, 0x0000000082900000| Untracked 
|  41|0x0000000082900000, 0x0000000082a00000, 0x0000000082a00000|100%| O|  |TAMS 0x0000000082a00000, 0x0000000082a00000| Untracked 
|  42|0x0000000082a00000, 0x0000000082b00000, 0x0000000082b00000|100%| O|  |TAMS 0x0000000082b00000, 0x0000000082b00000| Untracked 
|  43|0x0000000082b00000, 0x0000000082c00000, 0x0000000082c00000|100%| O|  |TAMS 0x0000000082c00000, 0x0000000082c00000| Untracked 
|  44|0x0000000082c00000, 0x0000000082d00000, 0x0000000082d00000|100%| O|  |TAMS 0x0000000082d00000, 0x0000000082d00000| Untracked 
|  45|0x0000000082d00000, 0x0000000082e00000, 0x0000000082e00000|100%| O|  |TAMS 0x0000000082e00000, 0x0000000082e00000| Untracked 
|  46|0x0000000082e00000, 0x0000000082f00000, 0x0000000082f00000|100%| O|  |TAMS 0x0000000082f00000, 0x0000000082f00000| Untracked 
|  47|0x0000000082f00000, 0x0000000083000000, 0x0000000083000000|100%| O|  |TAMS 0x0000000083000000, 0x0000000083000000| Untracked 
|  48|0x0000000083000000, 0x0000000083100000, 0x0000000083100000|100%| O|  |TAMS 0x0000000083100000, 0x0000000083100000| Untracked 
|  49|0x0000000083100000, 0x0000000083200000, 0x0000000083200000|100%| O|  |TAMS 0x00000000831d2800, 0x0000000083200000| Untracked 
|  50|0x0000000083200000, 0x0000000083300000, 0x0000000083300000|100%| O|  |TAMS 0x0000000083200000, 0x0000000083300000| Untracked 
|  51|0x0000000083300000, 0x00000000833d5800, 0x0000000083400000| 83%| O|  |TAMS 0x0000000083300000, 0x00000000833d5800| Untracked 
|  52|0x0000000083400000, 0x0000000083400000, 0x0000000083500000|  0%| F|  |TAMS 0x0000000083400000, 0x0000000083400000| Untracked 
|  53|0x0000000083500000, 0x0000000083500000, 0x0000000083600000|  0%| F|  |TAMS 0x0000000083500000, 0x0000000083500000| Untracked 
|  54|0x0000000083600000, 0x0000000083600000, 0x0000000083700000|  0%| F|  |TAMS 0x0000000083600000, 0x0000000083600000| Untracked 
|  55|0x0000000083700000, 0x0000000083700000, 0x0000000083800000|  0%| F|  |TAMS 0x0000000083700000, 0x0000000083700000| Untracked 
|  56|0x0000000083800000, 0x0000000083800000, 0x0000000083900000|  0%| F|  |TAMS 0x0000000083800000, 0x0000000083800000| Untracked 
|  57|0x0000000083900000, 0x0000000083900000, 0x0000000083a00000|  0%| F|  |TAMS 0x0000000083900000, 0x0000000083900000| Untracked 
|  58|0x0000000083a00000, 0x0000000083a00000, 0x0000000083b00000|  0%| F|  |TAMS 0x0000000083a00000, 0x0000000083a00000| Untracked 
|  59|0x0000000083b00000, 0x0000000083b00000, 0x0000000083c00000|  0%| F|  |TAMS 0x0000000083b00000, 0x0000000083b00000| Untracked 
|  60|0x0000000083c00000, 0x0000000083c00000, 0x0000000083d00000|  0%| F|  |TAMS 0x0000000083c00000, 0x0000000083c00000| Untracked 
|  61|0x0000000083d00000, 0x0000000083d00000, 0x0000000083e00000|  0%| F|  |TAMS 0x0000000083d00000, 0x0000000083d00000| Untracked 
|  62|0x0000000083e00000, 0x0000000083e00000, 0x0000000083f00000|  0%| F|  |TAMS 0x0000000083e00000, 0x0000000083e00000| Untracked 
|  63|0x0000000083f00000, 0x0000000083f00000, 0x0000000084000000|  0%| F|  |TAMS 0x0000000083f00000, 0x0000000083f00000| Untracked 
|  64|0x0000000084000000, 0x0000000084000000, 0x0000000084100000|  0%| F|  |TAMS 0x0000000084000000, 0x0000000084000000| Untracked 
|  65|0x0000000084100000, 0x0000000084100000, 0x0000000084200000|  0%| F|  |TAMS 0x0000000084100000, 0x0000000084100000| Untracked 
|  66|0x0000000084200000, 0x0000000084200000, 0x0000000084300000|  0%| F|  |TAMS 0x0000000084200000, 0x0000000084200000| Untracked 
|  67|0x0000000084300000, 0x0000000084300000, 0x0000000084400000|  0%| F|  |TAMS 0x0000000084300000, 0x0000000084300000| Untracked 
|  68|0x0000000084400000, 0x0000000084400000, 0x0000000084500000|  0%| F|  |TAMS 0x0000000084400000, 0x0000000084400000| Untracked 
|  69|0x0000000084500000, 0x0000000084500000, 0x0000000084600000|  0%| F|  |TAMS 0x0000000084500000, 0x0000000084500000| Untracked 
|  70|0x0000000084600000, 0x0000000084600000, 0x0000000084700000|  0%| F|  |TAMS 0x0000000084600000, 0x0000000084600000| Untracked 
|  71|0x0000000084700000, 0x0000000084700000, 0x0000000084800000|  0%| F|  |TAMS 0x0000000084700000, 0x0000000084700000| Untracked 
|  72|0x0000000084800000, 0x0000000084800000, 0x0000000084900000|  0%| F|  |TAMS 0x0000000084800000, 0x0000000084800000| Untracked 
|  73|0x0000000084900000, 0x0000000084900000, 0x0000000084a00000|  0%| F|  |TAMS 0x0000000084900000, 0x0000000084900000| Untracked 
|  74|0x0000000084a00000, 0x0000000084a00000, 0x0000000084b00000|  0%| F|  |TAMS 0x0000000084a00000, 0x0000000084a00000| Untracked 
|  75|0x0000000084b00000, 0x0000000084b00000, 0x0000000084c00000|  0%| F|  |TAMS 0x0000000084b00000, 0x0000000084b00000| Untracked 
|  76|0x0000000084c00000, 0x0000000084c00000, 0x0000000084d00000|  0%| F|  |TAMS 0x0000000084c00000, 0x0000000084c00000| Untracked 
|  77|0x0000000084d00000, 0x0000000084d00000, 0x0000000084e00000|  0%| F|  |TAMS 0x0000000084d00000, 0x0000000084d00000| Untracked 
|  78|0x0000000084e00000, 0x0000000084e00000, 0x0000000084f00000|  0%| F|  |TAMS 0x0000000084e00000, 0x0000000084e00000| Untracked 
|  79|0x0000000084f00000, 0x0000000084f00000, 0x0000000085000000|  0%| F|  |TAMS 0x0000000084f00000, 0x0000000084f00000| Untracked 
|  80|0x0000000085000000, 0x0000000085000000, 0x0000000085100000|  0%| F|  |TAMS 0x0000000085000000, 0x0000000085000000| Untracked 
|  81|0x0000000085100000, 0x0000000085100000, 0x0000000085200000|  0%| F|  |TAMS 0x0000000085100000, 0x0000000085100000| Untracked 
|  82|0x0000000085200000, 0x0000000085200000, 0x0000000085300000|  0%| F|  |TAMS 0x0000000085200000, 0x0000000085200000| Untracked 
|  83|0x0000000085300000, 0x0000000085300000, 0x0000000085400000|  0%| F|  |TAMS 0x0000000085300000, 0x0000000085300000| Untracked 
|  84|0x0000000085400000, 0x0000000085400000, 0x0000000085500000|  0%| F|  |TAMS 0x0000000085400000, 0x0000000085400000| Untracked 
|  85|0x0000000085500000, 0x0000000085500000, 0x0000000085600000|  0%| F|  |TAMS 0x0000000085500000, 0x0000000085500000| Untracked 
|  86|0x0000000085600000, 0x0000000085600000, 0x0000000085700000|  0%| F|  |TAMS 0x0000000085600000, 0x0000000085600000| Untracked 
|  87|0x0000000085700000, 0x0000000085700000, 0x0000000085800000|  0%| F|  |TAMS 0x0000000085700000, 0x0000000085700000| Untracked 
|  88|0x0000000085800000, 0x0000000085800000, 0x0000000085900000|  0%| F|  |TAMS 0x0000000085800000, 0x0000000085800000| Untracked 
|  89|0x0000000085900000, 0x0000000085900000, 0x0000000085a00000|  0%| F|  |TAMS 0x0000000085900000, 0x0000000085900000| Untracked 
|  90|0x0000000085a00000, 0x0000000085a00000, 0x0000000085b00000|  0%| F|  |TAMS 0x0000000085a00000, 0x0000000085a00000| Untracked 
|  91|0x0000000085b00000, 0x0000000085b00000, 0x0000000085c00000|  0%| F|  |TAMS 0x0000000085b00000, 0x0000000085b00000| Untracked 
|  92|0x0000000085c00000, 0x0000000085c00000, 0x0000000085d00000|  0%| F|  |TAMS 0x0000000085c00000, 0x0000000085c00000| Untracked 
|  93|0x0000000085d00000, 0x0000000085d00000, 0x0000000085e00000|  0%| F|  |TAMS 0x0000000085d00000, 0x0000000085d00000| Untracked 
|  94|0x0000000085e00000, 0x0000000085e00000, 0x0000000085f00000|  0%| F|  |TAMS 0x0000000085e00000, 0x0000000085e00000| Untracked 
|  95|0x0000000085f00000, 0x0000000085f00000, 0x0000000086000000|  0%| F|  |TAMS 0x0000000085f00000, 0x0000000085f00000| Untracked 
|  96|0x0000000086000000, 0x0000000086000000, 0x0000000086100000|  0%| F|  |TAMS 0x0000000086000000, 0x0000000086000000| Untracked 
|  97|0x0000000086100000, 0x0000000086100000, 0x0000000086200000|  0%| F|  |TAMS 0x0000000086100000, 0x0000000086100000| Untracked 
|  98|0x0000000086200000, 0x0000000086200000, 0x0000000086300000|  0%| F|  |TAMS 0x0000000086200000, 0x0000000086200000| Untracked 
|  99|0x0000000086300000, 0x0000000086300000, 0x0000000086400000|  0%| F|  |TAMS 0x0000000086300000, 0x0000000086300000| Untracked 
| 135|0x0000000088700000, 0x0000000088700000, 0x0000000088800000|  0%| F|  |TAMS 0x0000000088700000, 0x0000000088700000| Untracked 
| 136|0x0000000088800000, 0x0000000088800000, 0x0000000088900000|  0%| F|  |TAMS 0x0000000088800000, 0x0000000088800000| Untracked 
| 137|0x0000000088900000, 0x0000000088900000, 0x0000000088a00000|  0%| F|  |TAMS 0x0000000088900000, 0x0000000088900000| Untracked 
| 138|0x0000000088a00000, 0x0000000088a00000, 0x0000000088b00000|  0%| F|  |TAMS 0x0000000088a00000, 0x0000000088a00000| Untracked 
| 139|0x0000000088b00000, 0x0000000088b00000, 0x0000000088c00000|  0%| F|  |TAMS 0x0000000088b00000, 0x0000000088b00000| Untracked 
| 140|0x0000000088c00000, 0x0000000088c00000, 0x0000000088d00000|  0%| F|  |TAMS 0x0000000088c00000, 0x0000000088c00000| Untracked 
| 141|0x0000000088d00000, 0x0000000088d00000, 0x0000000088e00000|  0%| F|  |TAMS 0x0000000088d00000, 0x0000000088d00000| Untracked 
| 142|0x0000000088e00000, 0x0000000088e00000, 0x0000000088f00000|  0%| F|  |TAMS 0x0000000088e00000, 0x0000000088e00000| Untracked 
| 143|0x0000000088f00000, 0x0000000088f741d8, 0x0000000089000000| 45%| S|CS|TAMS 0x0000000088f00000, 0x0000000088f00000| Complete 
| 144|0x0000000089000000, 0x0000000089000000, 0x0000000089100000|  0%| F|  |TAMS 0x0000000089000000, 0x0000000089000000| Untracked 
| 145|0x0000000089100000, 0x0000000089100000, 0x0000000089200000|  0%| F|  |TAMS 0x0000000089100000, 0x0000000089100000| Untracked 
| 146|0x0000000089200000, 0x0000000089200000, 0x0000000089300000|  0%| F|  |TAMS 0x0000000089200000, 0x0000000089200000| Untracked 
| 251|0x000000008fb00000, 0x000000008fb00000, 0x000000008fc00000|  0%| F|  |TAMS 0x000000008fb00000, 0x000000008fb00000| Untracked 

Card table byte_map: [0x000001a016fc0000,0x000001a0173c0000] _byte_map_base: 0x000001a016bc0000

Marking Bits (Prev, Next): (CMBitMap*) 0x000001a07d8b04a0, (CMBitMap*) 0x000001a07d8b04e0
 Prev Bits: [0x000001a0177c0000, 0x000001a0197c0000)
 Next Bits: [0x000001a0197c0000, 0x000001a01b7c0000)

Polling page: 0x000001a07d8f0000

Metaspace:

Usage:
  Non-class:     49.32 MB used.
      Class:      7.92 MB used.
       Both:     57.25 MB used.

Virtual space:
  Non-class space:       64.00 MB reserved,      49.62 MB ( 78%) committed,  1 nodes.
      Class space:      416.00 MB reserved,       8.19 MB (  2%) committed,  1 nodes.
             Both:      480.00 MB reserved,      57.81 MB ( 12%) committed. 

Chunk freelists:
   Non-Class:  13.52 MB
       Class:  7.76 MB
        Both:  21.28 MB

MaxMetaspaceSize: 512.00 MB
CompressedClassSpaceSize: 416.00 MB
Initial GC threshold: 21.00 MB
Current GC threshold: 96.19 MB
CDS: on
MetaspaceReclaimPolicy: balanced
 - commit_granule_bytes: 65536.
 - commit_granule_words: 8192.
 - virtual_space_node_default_size: 8388608.
 - enlarge_chunks_in_place: 1.
 - new_chunks_are_fully_committed: 0.
 - uncommit_free_chunks: 1.
 - use_allocation_guard: 0.
 - handle_deallocations: 1.


Internal statistics:

num_allocs_failed_limit: 6.
num_arena_births: 714.
num_arena_deaths: 0.
num_vsnodes_births: 2.
num_vsnodes_deaths: 0.
num_space_committed: 925.
num_space_uncommitted: 0.
num_chunks_returned_to_freelist: 6.
num_chunks_taken_from_freelist: 3027.
num_chunk_merges: 6.
num_chunk_splits: 2031.
num_chunks_enlarged: 1381.
num_inconsistent_stats: 0.

CodeHeap 'non-profiled nmethods': size=119168Kb used=4687Kb max_used=4687Kb free=114481Kb
 bounds [0x000001a00f640000, 0x000001a00fae0000, 0x000001a016aa0000]
CodeHeap 'profiled nmethods': size=119104Kb used=14883Kb max_used=14883Kb free=104221Kb
 bounds [0x000001a007aa0000, 0x000001a008930000, 0x000001a00eef0000]
CodeHeap 'non-nmethods': size=7488Kb used=2357Kb max_used=4075Kb free=5130Kb
 bounds [0x000001a00eef0000, 0x000001a00f300000, 0x000001a00f640000]
 total_blobs=8498 nmethods=7617 adapters=793
 compilation: enabled
              stopped_count=0, restarted_count=0
 full_count=0

Compilation events (20 events):
Event: 8377.484 Thread 0x000001a01e635850 nmethod 8459 0x000001a008922090 code [0x000001a008922260, 0x000001a0089226a8]
Event: 8377.488 Thread 0x000001a01e635850 8461       3       org.gradle.internal.jvm.Jvm::findToolsJar (166 bytes)
Event: 8378.494 Thread 0x000001a01e635850 nmethod 8461 0x000001a008922810 code [0x000001a008922d00, 0x000001a008924e78]
Event: 8378.494 Thread 0x000001a01e635850 8462       3       java.lang.String::matches (6 bytes)
Event: 8378.494 Thread 0x000001a01e635850 nmethod 8462 0x000001a008925990 code [0x000001a008925b60, 0x000001a008925ec8]
Event: 8378.494 Thread 0x000001a01e635850 8463       3       java.util.regex.Pattern::matches (16 bytes)
Event: 8378.495 Thread 0x000001a01e635850 nmethod 8463 0x000001a008926090 code [0x000001a008926260, 0x000001a008926548]
Event: 8378.496 Thread 0x000001a01e635850 8465       3       org.gradle.internal.jvm.Jvm::<init> (41 bytes)
Event: 8378.641 Thread 0x000001a01e635850 nmethod 8465 0x000001a008926690 code [0x000001a008926840, 0x000001a008926bc8]
Event: 8382.422 Thread 0x000001a01e635850 8479       3       java.util.AbstractCollection::containsAll (38 bytes)
Event: 8382.584 Thread 0x000001a01e635850 nmethod 8479 0x000001a008926c90 code [0x000001a008926e80, 0x000001a0089273b8]
Event: 8383.462 Thread 0x000001a01e635850 8485       3       org.gradle.launcher.daemon.registry.DaemonDir::<init> (52 bytes)
Event: 8390.082 Thread 0x000001a01e635850 nmethod 8485 0x000001a008927510 code [0x000001a008927700, 0x000001a008927be8]
Event: 8390.082 Thread 0x000001a01e635850 8497       3       com.google.common.base.Functions$ConstantFunction::apply (5 bytes)
Event: 8394.876 Thread 0x000001a01e635850 nmethod 8497 0x000001a008927e10 code [0x000001a008927fa0, 0x000001a0089280b8]
Event: 8394.877 Thread 0x000001a01e635850 8492       3       java.util.concurrent.LinkedBlockingDeque$Itr::firstNode (8 bytes)
Event: 8394.880 Thread 0x000001a01e635850 nmethod 8492 0x000001a008928190 code [0x000001a008928320, 0x000001a008928438]
Event: 8394.885 Thread 0x000001a01e635850 8493       3       org.gradle.launcher.daemon.server.health.gc.GarbageCollectionStats::findMaxSize (23 bytes)
Event: 8395.380 Thread 0x000001a01e635850 nmethod 8493 0x000001a008928510 code [0x000001a0089286e0, 0x000001a008928a98]
Event: 8395.383 Thread 0x000001a01e635850 8498   !   3       org.gradle.cache.internal.OnDemandFileAccess::readFile (51 bytes)

GC Heap History (20 events):
Event: 789.738 GC heap after
{Heap after GC invocations=29 (full 0):
 garbage-first heap   total 115712K, used 52438K [0x0000000080000000, 0x0000000100000000)
  region size 1024K, 2 young (2048K), 2 survivors (2048K)
 Metaspace       used 58396K, committed 59072K, reserved 491520K
  class space    used 8107K, committed 8384K, reserved 425984K
}
Event: 876.722 GC heap before
{Heap before GC invocations=29 (full 0):
 garbage-first heap   total 115712K, used 95446K [0x0000000080000000, 0x0000000100000000)
  region size 1024K, 44 young (45056K), 2 survivors (2048K)
 Metaspace       used 58410K, committed 59072K, reserved 491520K
  class space    used 8107K, committed 8384K, reserved 425984K
}
Event: 876.762 GC heap after
{Heap after GC invocations=30 (full 0):
 garbage-first heap   total 115712K, used 52769K [0x0000000080000000, 0x0000000100000000)
  region size 1024K, 2 young (2048K), 2 survivors (2048K)
 Metaspace       used 58410K, committed 59072K, reserved 491520K
  class space    used 8107K, committed 8384K, reserved 425984K
}
Event: 988.121 GC heap before
{Heap before GC invocations=30 (full 0):
 garbage-first heap   total 115712K, used 96801K [0x0000000080000000, 0x0000000100000000)
  region size 1024K, 45 young (46080K), 2 survivors (2048K)
 Metaspace       used 58448K, committed 59072K, reserved 491520K
  class space    used 8107K, committed 8384K, reserved 425984K
}
Event: 988.137 GC heap after
{Heap after GC invocations=31 (full 0):
 garbage-first heap   total 115712K, used 53334K [0x0000000080000000, 0x0000000100000000)
  region size 1024K, 3 young (3072K), 3 survivors (3072K)
 Metaspace       used 58448K, committed 59072K, reserved 491520K
  class space    used 8107K, committed 8384K, reserved 425984K
}
Event: 1108.529 GC heap before
{Heap before GC invocations=31 (full 0):
 garbage-first heap   total 115712K, used 96342K [0x0000000080000000, 0x0000000100000000)
  region size 1024K, 46 young (47104K), 3 survivors (3072K)
 Metaspace       used 58483K, committed 59136K, reserved 491520K
  class space    used 8107K, committed 8384K, reserved 425984K
}
Event: 1108.583 GC heap after
{Heap after GC invocations=32 (full 0):
 garbage-first heap   total 115712K, used 53627K [0x0000000080000000, 0x0000000100000000)
  region size 1024K, 3 young (3072K), 3 survivors (3072K)
 Metaspace       used 58483K, committed 59136K, reserved 491520K
  class space    used 8107K, committed 8384K, reserved 425984K
}
Event: 1239.567 GC heap before
{Heap before GC invocations=32 (full 0):
 garbage-first heap   total 115712K, used 98683K [0x0000000080000000, 0x0000000100000000)
  region size 1024K, 47 young (48128K), 3 survivors (3072K)
 Metaspace       used 58516K, committed 59136K, reserved 491520K
  class space    used 8107K, committed 8384K, reserved 425984K
}
Event: 1239.722 GC heap after
{Heap after GC invocations=33 (full 0):
 garbage-first heap   total 115712K, used 53950K [0x0000000080000000, 0x0000000100000000)
  region size 1024K, 3 young (3072K), 3 survivors (3072K)
 Metaspace       used 58516K, committed 59136K, reserved 491520K
  class space    used 8107K, committed 8384K, reserved 425984K
}
Event: 8350.353 GC heap before
{Heap before GC invocations=33 (full 0):
 garbage-first heap   total 115712K, used 99006K [0x0000000080000000, 0x0000000100000000)
  region size 1024K, 47 young (48128K), 3 survivors (3072K)
 Metaspace       used 58600K, committed 59200K, reserved 491520K
  class space    used 8111K, committed 8384K, reserved 425984K
}
Event: 8350.432 GC heap after
{Heap after GC invocations=34 (full 0):
 garbage-first heap   total 115712K, used 53907K [0x0000000080000000, 0x0000000100000000)
  region size 1024K, 3 young (3072K), 3 survivors (3072K)
 Metaspace       used 58600K, committed 59200K, reserved 491520K
  class space    used 8111K, committed 8384K, reserved 425984K
}
Event: 8379.700 GC heap before
{Heap before GC invocations=34 (full 0):
 garbage-first heap   total 115712K, used 99987K [0x0000000080000000, 0x0000000100000000)
  region size 1024K, 48 young (49152K), 3 survivors (3072K)
 Metaspace       used 58614K, committed 59200K, reserved 491520K
  class space    used 8111K, committed 8384K, reserved 425984K
}
Event: 8381.168 GC heap after
{Heap after GC invocations=35 (full 0):
 garbage-first heap   total 115712K, used 53873K [0x0000000080000000, 0x0000000100000000)
  region size 1024K, 3 young (3072K), 3 survivors (3072K)
 Metaspace       used 58614K, committed 59200K, reserved 491520K
  class space    used 8111K, committed 8384K, reserved 425984K
}
Event: 8383.990 GC heap before
{Heap before GC invocations=35 (full 0):
 garbage-first heap   total 115712K, used 93809K [0x0000000080000000, 0x0000000100000000)
  region size 1024K, 42 young (43008K), 3 survivors (3072K)
 Metaspace       used 58619K, committed 59200K, reserved 491520K
  class space    used 8111K, committed 8384K, reserved 425984K
}
Event: 8386.934 GC heap after
{Heap after GC invocations=36 (full 0):
 garbage-first heap   total 115712K, used 53767K [0x0000000080000000, 0x0000000100000000)
  region size 1024K, 3 young (3072K), 3 survivors (3072K)
 Metaspace       used 58619K, committed 59200K, reserved 491520K
  class space    used 8111K, committed 8384K, reserved 425984K
}
Event: 8387.745 GC heap before
{Heap before GC invocations=36 (full 0):
 garbage-first heap   total 115712K, used 55815K [0x0000000080000000, 0x0000000100000000)
  region size 1024K, 5 young (5120K), 3 survivors (3072K)
 Metaspace       used 58619K, committed 59200K, reserved 491520K
  class space    used 8111K, committed 8384K, reserved 425984K
}
Event: 8389.946 GC heap after
{Heap after GC invocations=37 (full 0):
 garbage-first heap   total 115712K, used 53768K [0x0000000080000000, 0x0000000100000000)
  region size 1024K, 1 young (1024K), 1 survivors (1024K)
 Metaspace       used 58619K, committed 59200K, reserved 491520K
  class space    used 8111K, committed 8384K, reserved 425984K
}
Event: 8390.480 GC heap before
{Heap before GC invocations=37 (full 0):
 garbage-first heap   total 115712K, used 57864K [0x0000000080000000, 0x0000000100000000)
  region size 1024K, 5 young (5120K), 1 survivors (1024K)
 Metaspace       used 58619K, committed 59200K, reserved 491520K
  class space    used 8111K, committed 8384K, reserved 425984K
}
Event: 8394.871 GC heap after
{Heap after GC invocations=38 (full 0):
 garbage-first heap   total 115712K, used 53610K [0x0000000080000000, 0x0000000100000000)
  region size 1024K, 1 young (1024K), 1 survivors (1024K)
 Metaspace       used 58619K, committed 59200K, reserved 491520K
  class space    used 8111K, committed 8384K, reserved 425984K
}
Event: 8406.835 GC heap before
{Heap before GC invocations=38 (full 0):
 garbage-first heap   total 115712K, used 57706K [0x0000000080000000, 0x0000000100000000)
  region size 1024K, 5 young (5120K), 1 survivors (1024K)
 Metaspace       used 58619K, committed 59200K, reserved 491520K
  class space    used 8111K, committed 8384K, reserved 425984K
}

Dll operation events (13 events):
Event: 0.203 Loaded shared library C:\Program Files\Eclipse Adoptium\jdk-17.0.15.6-hotspot\bin\java.dll
Event: 1.872 Loaded shared library C:\Program Files\Eclipse Adoptium\jdk-17.0.15.6-hotspot\bin\jsvml.dll
Event: 2.719 Loaded shared library C:\Program Files\Eclipse Adoptium\jdk-17.0.15.6-hotspot\bin\net.dll
Event: 3.261 Loaded shared library C:\Program Files\Eclipse Adoptium\jdk-17.0.15.6-hotspot\bin\nio.dll
Event: 3.576 Loaded shared library C:\Program Files\Eclipse Adoptium\jdk-17.0.15.6-hotspot\bin\zip.dll
Event: 11.603 Loaded shared library C:\Program Files\Eclipse Adoptium\jdk-17.0.15.6-hotspot\bin\jimage.dll
Event: 11.992 Loaded shared library C:\Program Files\Eclipse Adoptium\jdk-17.0.15.6-hotspot\bin\verify.dll
Event: 13.046 Loaded shared library C:\Users\karth\.gradle\native\68d5fa5c4cc2d200863cafc0d521ce42e7d3e7ee720ec0a83991735586a16f82\windows-amd64\native-platform.dll
Event: 13.088 Loaded shared library C:\Users\karth\.gradle\native\e376f236ea51e6404a007f0833ffe2c6e607c4080706a723a18a27aeea778392\windows-amd64\native-platform-file-events.dll
Event: 17.211 Loaded shared library C:\Program Files\Eclipse Adoptium\jdk-17.0.15.6-hotspot\bin\management.dll
Event: 17.221 Loaded shared library C:\Program Files\Eclipse Adoptium\jdk-17.0.15.6-hotspot\bin\management_ext.dll
Event: 21.092 Loaded shared library C:\Program Files\Eclipse Adoptium\jdk-17.0.15.6-hotspot\bin\extnet.dll
Event: 46.806 Loaded shared library C:\Program Files\Eclipse Adoptium\jdk-17.0.15.6-hotspot\bin\sunmscapi.dll

Deoptimization events (20 events):
Event: 940.114 Thread 0x000001a03f02cb20 Uncommon trap: trap_request=0xffffff45 fr.pc=0x000001a00f696960 relative=0x0000000000000620
Event: 940.114 Thread 0x000001a03f02cb20 Uncommon trap: reason=unstable_if action=reinterpret pc=0x000001a00f696960 method=java.lang.AbstractStringBuilder.append(Ljava/lang/String;)Ljava/lang/AbstractStringBuilder; @ 1 c2
Event: 940.114 Thread 0x000001a03f02cb20 DEOPT PACKING pc=0x000001a00f696960 sp=0x0000000531dfe370
Event: 940.114 Thread 0x000001a03f02cb20 DEOPT UNPACKING pc=0x000001a00ef469a3 sp=0x0000000531dfe2f0 mode 2
Event: 940.118 Thread 0x000001a03f02cb20 Uncommon trap: trap_request=0xffffff45 fr.pc=0x000001a00f67bbf0 relative=0x0000000000000630
Event: 940.118 Thread 0x000001a03f02cb20 Uncommon trap: reason=unstable_if action=reinterpret pc=0x000001a00f67bbf0 method=java.lang.AbstractStringBuilder.append(Ljava/lang/String;)Ljava/lang/AbstractStringBuilder; @ 1 c2
Event: 940.118 Thread 0x000001a03f02cb20 DEOPT PACKING pc=0x000001a00f67bbf0 sp=0x0000000531dfe310
Event: 940.119 Thread 0x000001a03f02cb20 DEOPT UNPACKING pc=0x000001a00ef469a3 sp=0x0000000531dfe2f8 mode 2
Event: 989.896 Thread 0x000001a03f334f80 Uncommon trap: trap_request=0xffffff45 fr.pc=0x000001a00fa66f44 relative=0x0000000000001004
Event: 989.896 Thread 0x000001a03f334f80 Uncommon trap: reason=unstable_if action=reinterpret pc=0x000001a00fa66f44 method=java.util.concurrent.locks.AbstractQueuedSynchronizer$ConditionObject.await(JLjava/util/concurrent/TimeUnit;)Z @ 110 c2
Event: 989.897 Thread 0x000001a03f334f80 DEOPT PACKING pc=0x000001a00fa66f44 sp=0x00000005323f7d10
Event: 989.897 Thread 0x000001a03f334f80 DEOPT UNPACKING pc=0x000001a00ef469a3 sp=0x00000005323f7c20 mode 2
Event: 1092.818 Thread 0x000001a03f3372f0 Uncommon trap: trap_request=0xffffff45 fr.pc=0x000001a00fa483a0 relative=0x0000000000001b60
Event: 1092.820 Thread 0x000001a03f3372f0 Uncommon trap: reason=unstable_if action=reinterpret pc=0x000001a00fa483a0 method=java.util.concurrent.locks.ReentrantLock$NonfairSync.tryAcquire(I)Z @ 13 c2
Event: 1092.820 Thread 0x000001a03f3372f0 DEOPT PACKING pc=0x000001a00fa483a0 sp=0x00000005328ff170
Event: 1092.821 Thread 0x000001a03f3372f0 DEOPT UNPACKING pc=0x000001a00ef469a3 sp=0x00000005328ff0b8 mode 2
Event: 1736.797 Thread 0x000001a03f334f80 Uncommon trap: trap_request=0xffffff45 fr.pc=0x000001a00fa98384 relative=0x00000000000006a4
Event: 1736.797 Thread 0x000001a03f334f80 Uncommon trap: reason=unstable_if action=reinterpret pc=0x000001a00fa98384 method=org.gradle.internal.time.DefaultCountdownTimer.hasExpired()Z @ 6 c2
Event: 1736.797 Thread 0x000001a03f334f80 DEOPT PACKING pc=0x000001a00fa98384 sp=0x00000005323f7d60
Event: 1736.798 Thread 0x000001a03f334f80 DEOPT UNPACKING pc=0x000001a00ef469a3 sp=0x00000005323f7cc8 mode 2

Classes loaded (20 events):
Event: 676.746 Loading class java/lang/Byte$ByteCache
Event: 676.746 Loading class java/lang/Byte$ByteCache done
Event: 677.137 Loading class java/util/regex/Pattern$SliceI
Event: 677.137 Loading class java/util/regex/Pattern$SliceI done
Event: 700.299 Loading class jdk/internal/loader/URLClassPath$FileLoader
Event: 700.299 Loading class jdk/internal/loader/URLClassPath$FileLoader done
Event: 700.403 Loading class jdk/internal/loader/URLClassPath$FileLoader$1
Event: 700.403 Loading class jdk/internal/loader/URLClassPath$FileLoader$1 done
Event: 702.635 Loading class java/lang/AbstractMethodError
Event: 702.635 Loading class java/lang/AbstractMethodError done
Event: 703.105 Loading class java/time/temporal/WeekFields
Event: 703.105 Loading class java/time/temporal/WeekFields done
Event: 703.106 Loading class java/time/temporal/WeekFields$ComputedDayOfField
Event: 703.106 Loading class java/time/temporal/WeekFields$ComputedDayOfField done
Event: 703.152 Loading class java/time/Month$1
Event: 703.152 Loading class java/time/Month$1 done
Event: 703.176 Loading class java/nio/channels/Channels
Event: 703.176 Loading class java/nio/channels/Channels done
Event: 703.176 Loading class java/nio/channels/Channels$1
Event: 703.176 Loading class java/nio/channels/Channels$1 done

Classes unloaded (0 events):
No events

Classes redefined (0 events):
No events

Internal exceptions (20 events):
Event: 704.918 Thread 0x000001a03f334f80 Exception <a 'java/lang/ClassNotFoundException'{0x00000000889b2878}: org/gradle/api/internal/initialization/DefaultScriptHandlerBeanInfo> (0x00000000889b2878) 
thrown [s\src\hotspot\share\classfile\systemDictionary.cpp, line 256]
Event: 704.919 Thread 0x000001a03f334f80 Exception <a 'java/lang/ClassNotFoundException'{0x00000000889c41d8}: org/gradle/api/internal/initialization/DefaultScriptHandlerCustomizer> (0x00000000889c41d8) 
thrown [s\src\hotspot\share\classfile\systemDictionary.cpp, line 256]
Event: 705.059 Thread 0x000001a03f334f80 Exception <a 'java/lang/ClassNotFoundException'{0x00000000843d6c48}: org/gradle/api/internal/artifacts/dsl/DefaultRepositoryHandler_DecoratedBeanInfo> (0x00000000843d6c48) 
thrown [s\src\hotspot\share\classfile\systemDictionary.cpp, line 256]
Event: 705.060 Thread 0x000001a03f334f80 Exception <a 'java/lang/ClassNotFoundException'{0x00000000843eee28}: org/gradle/api/internal/artifacts/dsl/DefaultRepositoryHandlerBeanInfo> (0x00000000843eee28) 
thrown [s\src\hotspot\share\classfile\systemDictionary.cpp, line 256]
Event: 705.061 Thread 0x000001a03f334f80 Exception <a 'java/lang/ClassNotFoundException'{0x0000000084207c90}: org/gradle/api/internal/artifacts/DefaultArtifactRepositoryContainerBeanInfo> (0x0000000084207c90) 
thrown [s\src\hotspot\share\classfile\systemDictionary.cpp, line 256]
Event: 705.072 Thread 0x000001a03f334f80 Exception <a 'java/lang/ClassNotFoundException'{0x000000008421c848}: org/gradle/api/internal/DefaultNamedDomainObjectListBeanInfo> (0x000000008421c848) 
thrown [s\src\hotspot\share\classfile\systemDictionary.cpp, line 256]
Event: 705.072 Thread 0x000001a03f334f80 Exception <a 'java/lang/ClassNotFoundException'{0x0000000084231868}: org/gradle/api/internal/DefaultNamedDomainObjectCollectionBeanInfo> (0x0000000084231868) 
thrown [s\src\hotspot\share\classfile\systemDictionary.cpp, line 256]
Event: 705.084 Thread 0x000001a03f334f80 Exception <a 'java/lang/ClassNotFoundException'{0x00000000842466c8}: org/gradle/api/internal/DefaultDomainObjectCollectionBeanInfo> (0x00000000842466c8) 
thrown [s\src\hotspot\share\classfile\systemDictionary.cpp, line 256]
Event: 705.085 Thread 0x000001a03f334f80 Exception <a 'java/lang/ClassNotFoundException'{0x000000008425b990}: org/gradle/api/internal/DefaultDomainObjectCollectionCustomizer> (0x000000008425b990) 
thrown [s\src\hotspot\share\classfile\systemDictionary.cpp, line 256]
Event: 705.116 Thread 0x000001a03f334f80 Exception <a 'java/lang/ClassNotFoundException'{0x0000000084298c08}: org/gradle/api/internal/DefaultNamedDomainObjectCollectionCustomizer> (0x0000000084298c08) 
thrown [s\src\hotspot\share\classfile\systemDictionary.cpp, line 256]
Event: 705.143 Thread 0x000001a03f334f80 Exception <a 'java/lang/ClassNotFoundException'{0x00000000842e08d8}: org/gradle/api/internal/DefaultNamedDomainObjectListCustomizer> (0x00000000842e08d8) 
thrown [s\src\hotspot\share\classfile\systemDictionary.cpp, line 256]
Event: 705.150 Thread 0x000001a03f334f80 Exception <a 'java/lang/ClassNotFoundException'{0x0000000084125488}: org/gradle/api/internal/artifacts/DefaultArtifactRepositoryContainerCustomizer> (0x0000000084125488) 
thrown [s\src\hotspot\share\classfile\systemDictionary.cpp, line 256]
Event: 705.156 Thread 0x000001a03f334f80 Exception <a 'java/lang/ClassNotFoundException'{0x0000000084165d50}: org/gradle/api/internal/artifacts/dsl/DefaultRepositoryHandlerCustomizer> (0x0000000084165d50) 
thrown [s\src\hotspot\share\classfile\systemDictionary.cpp, line 256]
Event: 705.162 Thread 0x000001a03f334f80 Exception <a 'java/lang/ClassNotFoundException'{0x00000000841b4410}: org/gradle/api/internal/artifacts/dsl/DefaultRepositoryHandler_DecoratedCustomizer> (0x00000000841b4410) 
thrown [s\src\hotspot\share\classfile\systemDictionary.cpp, line 256]
Event: 705.240 Thread 0x000001a03f334f80 Exception <a 'java/lang/ClassNotFoundException'{0x0000000084047c20}: org/gradle/api/internal/artifacts/dsl/dependencies/DefaultDependencyHandler_DecoratedBeanInfo> (0x0000000084047c20) 
thrown [s\src\hotspot\share\classfile\systemDictionary.cpp, line 256]
Event: 705.241 Thread 0x000001a03f334f80 Exception <a 'java/lang/ClassNotFoundException'{0x000000008405fdc8}: org/gradle/api/internal/artifacts/dsl/dependencies/DefaultDependencyHandlerBeanInfo> (0x000000008405fdc8) 
thrown [s\src\hotspot\share\classfile\systemDictionary.cpp, line 256]
Event: 705.243 Thread 0x000001a03f334f80 Exception <a 'java/lang/ClassNotFoundException'{0x0000000084077700}: org/gradle/api/internal/artifacts/dsl/dependencies/DefaultDependencyHandlerCustomizer> (0x0000000084077700) 
thrown [s\src\hotspot\share\classfile\systemDictionary.cpp, line 256]
Event: 705.248 Thread 0x000001a03f334f80 Exception <a 'java/lang/ClassNotFoundException'{0x00000000840c1620}: org/gradle/api/internal/artifacts/dsl/dependencies/DefaultDependencyHandler_DecoratedCustomizer> (0x00000000840c1620) 
thrown [s\src\hotspot\share\classfile\systemDictionary.cpp, line 256]
Event: 940.114 Thread 0x000001a03f02cb20 Implicit null exception at 0x000001a00f696372 to 0x000001a00f696948
Event: 940.117 Thread 0x000001a03f02cb20 Implicit null exception at 0x000001a00f67b5f2 to 0x000001a00f67bbd8

VM Operations (20 events):
Event: 8364.893 Executing VM operation: Cleanup done
Event: 8367.921 Executing VM operation: Cleanup
Event: 8368.097 Executing VM operation: Cleanup done
Event: 8371.119 Executing VM operation: Cleanup
Event: 8371.758 Executing VM operation: Cleanup done
Event: 8373.776 Executing VM operation: Cleanup
Event: 8373.902 Executing VM operation: Cleanup done
Event: 8375.916 Executing VM operation: Cleanup
Event: 8376.060 Executing VM operation: Cleanup done
Event: 8379.457 Executing VM operation: G1CollectForAllocation
Event: 8381.168 Executing VM operation: G1CollectForAllocation done
Event: 8383.739 Executing VM operation: G1CollectForAllocation
Event: 8386.934 Executing VM operation: G1CollectForAllocation done
Event: 8387.344 Executing VM operation: G1CollectForAllocation
Event: 8389.946 Executing VM operation: G1CollectForAllocation done
Event: 8390.115 Executing VM operation: G1CollectForAllocation
Event: 8394.873 Executing VM operation: G1CollectForAllocation done
Event: 8395.873 Executing VM operation: Cleanup
Event: 8396.002 Executing VM operation: Cleanup done
Event: 8396.730 Executing VM operation: G1CollectForAllocation

Memory protections (0 events):
No events

Nmethod flushes (20 events):
Event: 621.303 Thread 0x000001a01e94c6b0 flushing  nmethod 0x000001a0082a6990
Event: 621.303 Thread 0x000001a01e94c6b0 flushing  nmethod 0x000001a0082a8690
Event: 621.303 Thread 0x000001a01e94c6b0 flushing  nmethod 0x000001a0082a8c90
Event: 621.303 Thread 0x000001a01e94c6b0 flushing  nmethod 0x000001a0082ab590
Event: 621.303 Thread 0x000001a01e94c6b0 flushing  nmethod 0x000001a0082af610
Event: 621.303 Thread 0x000001a01e94c6b0 flushing  nmethod 0x000001a0082afb10
Event: 621.303 Thread 0x000001a01e94c6b0 flushing  nmethod 0x000001a0082b0c90
Event: 621.303 Thread 0x000001a01e94c6b0 flushing  nmethod 0x000001a0082b2390
Event: 621.303 Thread 0x000001a01e94c6b0 flushing  nmethod 0x000001a0082c8110
Event: 621.304 Thread 0x000001a01e94c6b0 flushing  nmethod 0x000001a00830e110
Event: 621.304 Thread 0x000001a01e94c6b0 flushing  nmethod 0x000001a008326010
Event: 621.304 Thread 0x000001a01e94c6b0 flushing  nmethod 0x000001a00834f510
Event: 621.304 Thread 0x000001a01e94c6b0 flushing  nmethod 0x000001a00837ec10
Event: 621.304 Thread 0x000001a01e94c6b0 flushing  nmethod 0x000001a00837f290
Event: 621.304 Thread 0x000001a01e94c6b0 flushing  nmethod 0x000001a00840c390
Event: 621.304 Thread 0x000001a01e94c6b0 flushing  nmethod 0x000001a008430210
Event: 621.305 Thread 0x000001a01e94c6b0 flushing  nmethod 0x000001a008446210
Event: 621.305 Thread 0x000001a01e94c6b0 flushing  nmethod 0x000001a00845ea90
Event: 702.086 Thread 0x000001a01e94c6b0 flushing  nmethod 0x000001a007cb1e90
Event: 702.088 Thread 0x000001a01e94c6b0 flushing  nmethod 0x000001a007fba090

Events (20 events):
Event: 982.370 Thread 0x000001a01e635850 Thread added: 0x000001a03fc505a0
Event: 990.000 Thread 0x000001a03fc505a0 Thread exited: 0x000001a03fc505a0
Event: 1080.655 Thread 0x000001a01e635850 Thread added: 0x000001a03fc50af0
Event: 1080.656 Thread 0x000001a01e635850 Thread added: 0x000001a03fc4fb00
Event: 1080.664 Thread 0x000001a03fc50af0 Thread added: 0x000001a03fc4eb10
Event: 1085.698 Thread 0x000001a03fc4eb10 Thread exited: 0x000001a03fc4eb10
Event: 1085.698 Thread 0x000001a03fc4fb00 Thread exited: 0x000001a03fc4fb00
Event: 1087.312 Thread 0x000001a03fc50af0 Thread exited: 0x000001a03fc50af0
Event: 1106.549 Thread 0x000001a01e635850 Thread added: 0x000001a03fc505a0
Event: 1110.091 Thread 0x000001a03fc505a0 Thread exited: 0x000001a03fc505a0
Event: 1222.426 Thread 0x000001a01e635850 Thread added: 0x000001a03fc4eb10
Event: 1229.770 Thread 0x000001a03fc4eb10 Thread exited: 0x000001a03fc4eb10
Event: 1738.110 Thread 0x000001a01e635850 Thread added: 0x000001a03fc4fb00
Event: 1738.738 Thread 0x000001a03fc4fb00 Thread added: 0x000001a03fc505a0
Event: 1741.405 Thread 0x000001a03fc505a0 Thread exited: 0x000001a03fc505a0
Event: 1742.991 Thread 0x000001a03fc4fb00 Thread exited: 0x000001a03fc4fb00
Event: 8347.672 Thread 0x000001a01e635850 Thread added: 0x000001a03fc505a0
Event: 8347.672 Thread 0x000001a01e635850 Thread added: 0x000001a03fc4fb00
Event: 8348.254 Thread 0x000001a03fc4fb00 Thread exited: 0x000001a03fc4fb00
Event: 8348.417 Thread 0x000001a03fc505a0 Thread exited: 0x000001a03fc505a0


Dynamic libraries:
0x00007ff687c40000 - 0x00007ff687c4e000 	C:\Program Files\Eclipse Adoptium\jdk-17.0.15.6-hotspot\bin\java.exe
0x00007fffc3680000 - 0x00007fffc38e6000 	C:\WINDOWS\SYSTEM32\ntdll.dll
0x00007fffc2160000 - 0x00007fffc2229000 	C:\WINDOWS\System32\KERNEL32.DLL
0x00007fffc0ae0000 - 0x00007fffc0eac000 	C:\WINDOWS\System32\KERNELBASE.dll
0x0000000070320000 - 0x00000000703bd000 	C:\ProgramData\Symantec\Symantec Endpoint Protection\14.3.9205.6000.105\Data\Sysfer\x64\sysfer.dll
0x00007fffc0810000 - 0x00007fffc095b000 	C:\WINDOWS\System32\ucrtbase.dll
0x00007fff9be20000 - 0x00007fff9be37000 	C:\Program Files\Eclipse Adoptium\jdk-17.0.15.6-hotspot\bin\jli.dll
0x00007fffc14c0000 - 0x00007fffc168a000 	C:\WINDOWS\System32\USER32.dll
0x00007fffc1360000 - 0x00007fffc1387000 	C:\WINDOWS\System32\win32u.dll
0x00007fffc1730000 - 0x00007fffc175b000 	C:\WINDOWS\System32\GDI32.dll
0x00007fffc0f70000 - 0x00007fffc10a2000 	C:\WINDOWS\System32\gdi32full.dll
0x00007fffc1390000 - 0x00007fffc1433000 	C:\WINDOWS\System32\msvcp_win.dll
0x00007fff99aa0000 - 0x00007fff99abe000 	C:\Program Files\Eclipse Adoptium\jdk-17.0.15.6-hotspot\bin\VCRUNTIME140.dll
0x00007fffa61a0000 - 0x00007fffa643a000 	C:\WINDOWS\WinSxS\amd64_microsoft.windows.common-controls_6595b64144ccf1df_6.0.26100.3912_none_3e07963ce335137e\COMCTL32.dll
0x00007fffc3590000 - 0x00007fffc3639000 	C:\WINDOWS\System32\msvcrt.dll
0x00007fffc2850000 - 0x00007fffc2880000 	C:\WINDOWS\System32\IMM32.DLL
0x00007fffa4250000 - 0x00007fffa425c000 	C:\Program Files\Eclipse Adoptium\jdk-17.0.15.6-hotspot\bin\vcruntime140_1.dll
0x00007fff7c670000 - 0x00007fff7c6fd000 	C:\Program Files\Eclipse Adoptium\jdk-17.0.15.6-hotspot\bin\msvcp140.dll
0x00007fff3e940000 - 0x00007fff3f5ab000 	C:\Program Files\Eclipse Adoptium\jdk-17.0.15.6-hotspot\bin\server\jvm.dll
0x00007fffc2e40000 - 0x00007fffc2ef2000 	C:\WINDOWS\System32\ADVAPI32.dll
0x00007fffc1760000 - 0x00007fffc1806000 	C:\WINDOWS\System32\sechost.dll
0x00007fffc2040000 - 0x00007fffc2156000 	C:\WINDOWS\System32\RPCRT4.dll
0x00007fffc3500000 - 0x00007fffc3574000 	C:\WINDOWS\System32\WS2_32.dll
0x00007fffc0680000 - 0x00007fffc06de000 	C:\WINDOWS\SYSTEM32\POWRPROF.dll
0x00007fffb52a0000 - 0x00007fffb52d6000 	C:\WINDOWS\SYSTEM32\WINMM.dll
0x00007fffa9820000 - 0x00007fffa982b000 	C:\WINDOWS\SYSTEM32\VERSION.dll
0x00007fffc0660000 - 0x00007fffc0674000 	C:\WINDOWS\SYSTEM32\UMPDC.dll
0x00007fffbf5d0000 - 0x00007fffbf5ea000 	C:\WINDOWS\SYSTEM32\kernel.appcore.dll
0x00007fffa41b0000 - 0x00007fffa41ba000 	C:\Program Files\Eclipse Adoptium\jdk-17.0.15.6-hotspot\bin\jimage.dll
0x00007fffbe100000 - 0x00007fffbe341000 	C:\WINDOWS\SYSTEM32\DBGHELP.DLL
0x00007fffc3000000 - 0x00007fffc3384000 	C:\WINDOWS\System32\combase.dll
0x00007fffc2b40000 - 0x00007fffc2c20000 	C:\WINDOWS\System32\OLEAUT32.dll
0x00007fff95100000 - 0x00007fff95139000 	C:\WINDOWS\SYSTEM32\dbgcore.DLL
0x00007fffc12c0000 - 0x00007fffc1359000 	C:\WINDOWS\System32\bcryptPrimitives.dll
0x00007fff988b0000 - 0x00007fff988d5000 	C:\Program Files\Eclipse Adoptium\jdk-17.0.15.6-hotspot\bin\java.dll
0x00007fff7c590000 - 0x00007fff7c667000 	C:\Program Files\Eclipse Adoptium\jdk-17.0.15.6-hotspot\bin\jsvml.dll
0x00007fffc1890000 - 0x00007fffc1fbd000 	C:\WINDOWS\System32\SHELL32.dll
0x00007fffc0960000 - 0x00007fffc0ad4000 	C:\WINDOWS\System32\wintypes.dll
0x00007fffbe450000 - 0x00007fffbeca6000 	C:\WINDOWS\SYSTEM32\windows.storage.dll
0x00007fffc2f00000 - 0x00007fffc2fef000 	C:\WINDOWS\System32\SHCORE.dll
0x00007fffc1820000 - 0x00007fffc1889000 	C:\WINDOWS\System32\shlwapi.dll
0x00007fffc0720000 - 0x00007fffc074f000 	C:\WINDOWS\SYSTEM32\profapi.dll
0x00007fff99a10000 - 0x00007fff99a29000 	C:\Program Files\Eclipse Adoptium\jdk-17.0.15.6-hotspot\bin\net.dll
0x00007fffaf2b0000 - 0x00007fffaf3ce000 	C:\WINDOWS\SYSTEM32\WINHTTP.dll
0x00007fffbfb40000 - 0x00007fffbfbaa000 	C:\WINDOWS\system32\mswsock.dll
0x00007fff98f80000 - 0x00007fff98f96000 	C:\Program Files\Eclipse Adoptium\jdk-17.0.15.6-hotspot\bin\nio.dll
0x00007fff98520000 - 0x00007fff98538000 	C:\Program Files\Eclipse Adoptium\jdk-17.0.15.6-hotspot\bin\zip.dll
0x00007fffa4150000 - 0x00007fffa4160000 	C:\Program Files\Eclipse Adoptium\jdk-17.0.15.6-hotspot\bin\verify.dll
0x00007fff98930000 - 0x00007fff98957000 	C:\Users\karth\.gradle\native\68d5fa5c4cc2d200863cafc0d521ce42e7d3e7ee720ec0a83991735586a16f82\windows-amd64\native-platform.dll
0x00007fff7c440000 - 0x00007fff7c584000 	C:\Users\karth\.gradle\native\e376f236ea51e6404a007f0833ffe2c6e607c4080706a723a18a27aeea778392\windows-amd64\native-platform-file-events.dll
0x00007fffa0910000 - 0x00007fffa091a000 	C:\Program Files\Eclipse Adoptium\jdk-17.0.15.6-hotspot\bin\management.dll
0x00007fffa0830000 - 0x00007fffa083b000 	C:\Program Files\Eclipse Adoptium\jdk-17.0.15.6-hotspot\bin\management_ext.dll
0x00007fffc3580000 - 0x00007fffc3588000 	C:\WINDOWS\System32\PSAPI.DLL
0x00007fffbfde0000 - 0x00007fffbfdfc000 	C:\WINDOWS\SYSTEM32\CRYPTSP.dll
0x00007fffbf530000 - 0x00007fffbf56a000 	C:\WINDOWS\system32\rsaenh.dll
0x00007fffbfbe0000 - 0x00007fffbfc0b000 	C:\WINDOWS\SYSTEM32\USERENV.dll
0x00007fffc06f0000 - 0x00007fffc0716000 	C:\WINDOWS\SYSTEM32\bcrypt.dll
0x00007fffbfe00000 - 0x00007fffbfe0c000 	C:\WINDOWS\SYSTEM32\CRYPTBASE.dll
0x00007fffbf070000 - 0x00007fffbf0a3000 	C:\WINDOWS\SYSTEM32\IPHLPAPI.DLL
0x00007fffc2740000 - 0x00007fffc274a000 	C:\WINDOWS\System32\NSI.dll
0x00007fffb72a0000 - 0x00007fffb72bf000 	C:\WINDOWS\SYSTEM32\dhcpcsvc6.DLL
0x00007fffb7030000 - 0x00007fffb7055000 	C:\WINDOWS\SYSTEM32\dhcpcsvc.DLL
0x00007fffbf140000 - 0x00007fffbf267000 	C:\WINDOWS\SYSTEM32\DNSAPI.dll
0x00007fff9c160000 - 0x00007fff9c169000 	C:\Program Files\Eclipse Adoptium\jdk-17.0.15.6-hotspot\bin\extnet.dll
0x00007fff9bf40000 - 0x00007fff9bf4e000 	C:\Program Files\Eclipse Adoptium\jdk-17.0.15.6-hotspot\bin\sunmscapi.dll
0x00007fffc10b0000 - 0x00007fffc1227000 	C:\WINDOWS\System32\CRYPT32.dll
0x00007fffbfff0000 - 0x00007fffc0020000 	C:\WINDOWS\SYSTEM32\ncrypt.dll
0x00007fffbffa0000 - 0x00007fffbffdf000 	C:\WINDOWS\SYSTEM32\NTASN1.dll
0x00007fffa3df0000 - 0x00007fffa3df8000 	C:\WINDOWS\system32\wshunix.dll

dbghelp: loaded successfully - version: 4.0.5 - missing functions: none
symbol engine: initialized successfully - sym options: 0x614 - pdb path: .;C:\Program Files\Eclipse Adoptium\jdk-17.0.15.6-hotspot\bin;C:\WINDOWS\SYSTEM32;C:\ProgramData\Symantec\Symantec Endpoint Protection\14.3.9205.6000.105\Data\Sysfer\x64;C:\WINDOWS\WinSxS\amd64_microsoft.windows.common-controls_6595b64144ccf1df_6.0.26100.3912_none_3e07963ce335137e;C:\Program Files\Eclipse Adoptium\jdk-17.0.15.6-hotspot\bin\server;C:\Users\karth\.gradle\native\68d5fa5c4cc2d200863cafc0d521ce42e7d3e7ee720ec0a83991735586a16f82\windows-amd64;C:\Users\karth\.gradle\native\e376f236ea51e6404a007f0833ffe2c6e607c4080706a723a18a27aeea778392\windows-amd64

VM Arguments:
jvm_args: -XX:MaxMetaspaceSize=512m --add-opens=java.base/java.util=ALL-UNNAMED --add-opens=java.base/java.lang=ALL-UNNAMED --add-opens=java.base/java.lang.invoke=ALL-UNNAMED --add-opens=java.prefs/java.util.prefs=ALL-UNNAMED --add-opens=java.base/java.nio.charset=ALL-UNNAMED --add-opens=java.base/java.net=ALL-UNNAMED --add-opens=java.base/java.util.concurrent.atomic=ALL-UNNAMED -Xmx2048m -Dfile.encoding=UTF-8 -Duser.country=CA -Duser.language=en -Duser.variant 
java_command: org.gradle.launcher.daemon.bootstrap.GradleDaemon 8.0.1
java_class_path (initial): C:\Users\karth\.gradle\wrapper\dists\gradle-8.0.1-all\aro4hu1c3oeioove7l0i4i14o\gradle-8.0.1\lib\gradle-launcher-8.0.1.jar
Launcher Type: SUN_STANDARD

[Global flags]
     intx CICompilerCount                          = 12                                        {product} {ergonomic}
   size_t CompressedClassSpaceSize                 = 436207616                                 {product} {ergonomic}
     uint ConcGCThreads                            = 3                                         {product} {ergonomic}
     uint G1ConcRefinementThreads                  = 13                                        {product} {ergonomic}
   size_t G1HeapRegionSize                         = 1048576                                   {product} {ergonomic}
    uintx GCDrainStackTargetSize                   = 64                                        {product} {ergonomic}
   size_t InitialHeapSize                          = 264241152                                 {product} {ergonomic}
   size_t MarkStackSize                            = 4194304                                   {product} {ergonomic}
   size_t MaxHeapSize                              = 2147483648                                {product} {command line}
   size_t MaxMetaspaceSize                         = 536870912                                 {product} {command line}
   size_t MaxNewSize                               = 1287651328                                {product} {ergonomic}
   size_t MinHeapDeltaBytes                        = 1048576                                   {product} {ergonomic}
   size_t MinHeapSize                              = 8388608                                   {product} {ergonomic}
    uintx NonNMethodCodeHeapSize                   = 7602480                                {pd product} {ergonomic}
    uintx NonProfiledCodeHeapSize                  = 122027880                              {pd product} {ergonomic}
    uintx ProfiledCodeHeapSize                     = 122027880                              {pd product} {ergonomic}
    uintx ReservedCodeCacheSize                    = 251658240                              {pd product} {ergonomic}
     bool SegmentedCodeCache                       = true                                      {product} {ergonomic}
   size_t SoftMaxHeapSize                          = 2147483648                             {manageable} {ergonomic}
     bool UseCompressedClassPointers               = true                           {product lp64_product} {ergonomic}
     bool UseCompressedOops                        = true                           {product lp64_product} {ergonomic}
     bool UseG1GC                                  = true                                      {product} {ergonomic}
     bool UseLargePagesIndividualAllocation        = false                                  {pd product} {ergonomic}

Logging:
Log output configuration:
 #0: stdout all=warning uptime,level,tags
 #1: stderr all=off uptime,level,tags

Environment Variables:
JAVA_HOME=C:\Program Files\Java\jdk-23
CLASSPATH=C:\Users\karth\CascadeProjects\MobileAppAndroid\android\\gradle\wrapper\gradle-wrapper.jar
PATH=C:\Users\karth\CascadeProjects\MobileAppAndroid\node_modules\.bin;C:\Users\karth\CascadeProjects\MobileAppAndroid\node_modules\.bin;C:\Users\karth\CascadeProjects\node_modules\.bin;C:\Users\karth\node_modules\.bin;C:\Users\node_modules\.bin;C:\node_modules\.bin;C:\Program Files\nodejs\node_modules\npm\node_modules\@npmcli\run-script\lib\node-gyp-bin;C:\Users\karth\CascadeProjects\MobileAppAndroid\node_modules\.bin;C:\Users\karth\CascadeProjects\MobileAppAndroid\node_modules\.bin;C:\Users\karth\CascadeProjects\node_modules\.bin;C:\Users\karth\node_modules\.bin;C:\Users\node_modules\.bin;C:\node_modules\.bin;C:\Program Files\nodejs\node_modules\npm\node_modules\@npmcli\run-script\lib\node-gyp-bin;C:\Program Files\Eclipse Adoptium\jdk-17.0.15.6-hotspot\bin;C:\Program Files\Common Files\Oracle\Java\javapath;C:\WINDOWS\system32;C:\WINDOWS;C:\WINDOWS\System32\Wbem;C:\WINDOWS\System32\WindowsPowerShell\v1.0\;C:\WINDOWS\System32\OpenSSH\;C:\Program Files\nodejs\;C:\Program Files (x86)\nikto\program;C:\Program Files (x86)\curl;D:\GoWorkspace\bin;C:\Program Files\Go\bin;C:\Program Files\Git\cmd;C:\Users\karth\AppData\Local\Android\Sdk;C:\Users\karth\AppData\Local\Android\Sdk\platform-tools;C:\Program Files\Eclipse Adoptium\jdk-17.0.15.6-hotspot\bin;C:\Program Files\Common Files\Oracle\Java\javapath;C:\WINDOWS\system32;C:\WINDOWS;C:\WINDOWS\System32\Wbem;C:\WINDOWS\System32\WindowsPowerShell\v1.0\;C:\WINDOWS\System32\OpenSSH\;C:\Program Files\nodejs\;C:\Program Files\Git\cmd;C:\Users\karth\AppData\Local\Microsoft\WindowsApps;C:\Users\karth\AppData\Local\Programs\Microsoft VS Code\bin;C:\Users\karth\AppData\Roaming\npm;C:\Users\karth\go\bin;C:\Users\karth\AppData\Local\Programs\Windsurf\bin
USERNAME=karth
OS=Windows_NT
PROCESSOR_IDENTIFIER=Intel64 Family 6 Model 154 Stepping 3, GenuineIntel
TMP=C:\Users\karth\AppData\Local\Temp
TEMP=C:\Users\karth\AppData\Local\Temp



Periodic native trim disabled


---------------  S Y S T E M  ---------------

OS:
 Windows 11 , 64 bit Build 26100 (10.0.26100.3912)
OS uptime: 10 days 15:58 hours
Hyper-V role detected

CPU: total 16 (initial active 16) (8 cores per cpu, 2 threads per core) family 6 model 154 stepping 3 microcode 0x416, cx8, cmov, fxsr, ht, mmx, 3dnowpref, sse, sse2, sse3, ssse3, sse4.1, sse4.2, popcnt, lzcnt, tsc, tscinvbit, avx, avx2, aes, erms, clmul, bmi1, bmi2, adx, sha, fma, vzeroupper, clflush, clflushopt, clwb, hv
Processor Information for processor 0
  Max Mhz: 2100, Current Mhz: 2100, Mhz Limit: 2100
Processor Information for processor 1
  Max Mhz: 2100, Current Mhz: 2100, Mhz Limit: 2100
Processor Information for processor 2
  Max Mhz: 2100, Current Mhz: 2100, Mhz Limit: 2100
Processor Information for processor 3
  Max Mhz: 2100, Current Mhz: 2100, Mhz Limit: 2100
Processor Information for processor 4
  Max Mhz: 2100, Current Mhz: 2100, Mhz Limit: 2100
Processor Information for processor 5
  Max Mhz: 2100, Current Mhz: 2100, Mhz Limit: 2100
Processor Information for processor 6
  Max Mhz: 2100, Current Mhz: 2100, Mhz Limit: 2100
Processor Information for processor 7
  Max Mhz: 2100, Current Mhz: 2100, Mhz Limit: 2100
Processor Information for processor 8
  Max Mhz: 2100, Current Mhz: 1500, Mhz Limit: 1491
Processor Information for processor 9
  Max Mhz: 2100, Current Mhz: 1500, Mhz Limit: 1491
Processor Information for processor 10
  Max Mhz: 2100, Current Mhz: 1500, Mhz Limit: 1491
Processor Information for processor 11
  Max Mhz: 2100, Current Mhz: 1500, Mhz Limit: 1491
Processor Information for processor 12
  Max Mhz: 2100, Current Mhz: 1500, Mhz Limit: 1491
Processor Information for processor 13
  Max Mhz: 2100, Current Mhz: 1500, Mhz Limit: 1491
Processor Information for processor 14
  Max Mhz: 2100, Current Mhz: 1500, Mhz Limit: 1491
Processor Information for processor 15
  Max Mhz: 2100, Current Mhz: 1500, Mhz Limit: 1491

Memory: 4k page, system-wide physical 16088M (1M free)
TotalPageFile size 64210M (AvailPageFile size 9M)
current process WorkingSet (physical memory assigned to process): 15M, peak: 203M
current process commit charge ("private bytes"): 339M, peak: 423M

vm_info: OpenJDK 64-Bit Server VM (17.0.15+6) for windows-amd64 JRE (17.0.15+6), built on Apr 15 2025 21:25:47 by "admin" with MS VC++ 17.7 (VS2022)

END.
