#
# There is insufficient memory for the Java Runtime Environment to continue.
# Native memory allocation (mmap) failed to map 112197632 bytes. Error detail: G1 virtual space
# Possible reasons:
#   The system is out of physical RAM or swap space
#   This process is running with CompressedOops enabled, and the Java Heap may be blocking the growth of the native heap
# Possible solutions:
#   Reduce memory load on the system
#   Increase physical memory or swap space
#   Check if swap backing store is full
#   Decrease Java heap size (-Xmx/-Xms)
#   Decrease number of Java threads
#   Decrease Java thread stack sizes (-Xss)
#   Set larger code cache with -XX:ReservedCodeCacheSize=
#   JVM is running with Unscaled Compressed Oops mode in which the Java heap is
#     placed in the first 4GB address space. The Java Heap base address is the
#     maximum limit for the native heap growth. Please use -XX:HeapBaseMinAddress
#     to set the Java Heap base and to place the Java Heap above 4GB virtual address.
# This output file may be truncated or incomplete.
#
#  Out of Memory Error (os_windows.cpp:3618), pid=47772, tid=52492
#
# JRE version: OpenJDK Runtime Environment Temurin-17.0.15+6 (17.0.15+6) (build 17.0.15+6)
# Java VM: OpenJDK 64-Bit Server VM Temurin-17.0.15+6 (17.0.15+6, mixed mode, sharing, tiered, compressed oops, compressed class ptrs, g1 gc, windows-amd64)
# No core dump will be written. Minidumps are not enabled by default on client versions of Windows
#

---------------  S U M M A R Y ------------

Command Line: -XX:MaxMetaspaceSize=512m --add-opens=java.base/java.util=ALL-UNNAMED --add-opens=java.base/java.lang=ALL-UNNAMED --add-opens=java.base/java.lang.invoke=ALL-UNNAMED --add-opens=java.prefs/java.util.prefs=ALL-UNNAMED --add-opens=java.base/java.nio.charset=ALL-UNNAMED --add-opens=java.base/java.net=ALL-UNNAMED --add-opens=java.base/java.util.concurrent.atomic=ALL-UNNAMED -Xmx2048m -Dfile.encoding=UTF-8 -Duser.country=CA -Duser.language=en -Duser.variant org.gradle.launcher.daemon.bootstrap.GradleDaemon 8.0.1

Host: 12th Gen Intel(R) Core(TM) i7-1260P, 16 cores, 15G,  Windows 11 , 64 bit Build 26100 (10.0.26100.3912)
Time: Mon May 26 02:11:47 2025 Eastern Daylight Time elapsed time: 8121.278197 seconds (0d 2h 15m 21s)

---------------  T H R E A D  ---------------

Current thread (0x000002063ee2c010):  VMThread "VM Thread" [stack: 0x0000005a2dd00000,0x0000005a2de00000] [id=52492]

Stack: [0x0000005a2dd00000,0x0000005a2de00000]
Native frames: (J=compiled Java code, j=interpreted, Vv=VM code, C=native code)
V  [jvm.dll+0x682fc9]
V  [jvm.dll+0x839878]
V  [jvm.dll+0x83b323]
V  [jvm.dll+0x83b993]
V  [jvm.dll+0x24725f]
V  [jvm.dll+0x67fda9]
V  [jvm.dll+0x674c9a]
V  [jvm.dll+0x304d06]
V  [jvm.dll+0x30c1c6]
V  [jvm.dll+0x35dd4e]
V  [jvm.dll+0x35df8d]
V  [jvm.dll+0x2dc0cc]
V  [jvm.dll+0x2da46f]
V  [jvm.dll+0x2d9bdc]
V  [jvm.dll+0x31d3bb]
V  [jvm.dll+0x8401cd]
V  [jvm.dll+0x840f03]
V  [jvm.dll+0x84142f]
V  [jvm.dll+0x841814]
V  [jvm.dll+0x8418de]
V  [jvm.dll+0x7e94dc]
V  [jvm.dll+0x681ea7]
C  [ucrtbase.dll+0x37b0]
C  [KERNEL32.DLL+0x2e8d7]
C  [ntdll.dll+0x9c5dc]

VM_Operation (0x0000005a2f1fdd30): G1CollectForAllocation, mode: safepoint, requested by thread 0x000002065f6a02c0


---------------  P R O C E S S  ---------------

Threads class SMR info:
_java_thread_list=0x000002063fcfc550, length=80, elements={
0x000002061f810770, 0x000002063ee2f510, 0x000002063ee2ffe0, 0x000002063ee3f080,
0x000002063ee3f950, 0x000002063ee42330, 0x000002063ee42c00, 0x000002063ee43800,
0x000002063ee470a0, 0x000002063f1566a0, 0x000002063f1f09d0, 0x000002063f204ed0,
0x000002065fa6ede0, 0x00000206600a6ac0, 0x000002065f6a02c0, 0x000002061f817a50,
0x000002063fb1b7f0, 0x000002063fb0de70, 0x000002063fb0e890, 0x000002063fb0f2b0,
0x000002063fb0eda0, 0x000002063fb0d450, 0x000002063fb0e380, 0x000002063fb0c010,
0x000002063fb0cf40, 0x000002063fb0d960, 0x0000020661714e00, 0x0000020661717680,
0x0000020661717170, 0x0000020661715d30, 0x0000020661713ed0, 0x00000206617148f0,
0x0000020661716240, 0x0000020661716750, 0x0000020661715310, 0x000002065ff30e60,
0x000002065ff2e0d0, 0x000002065ff30440, 0x000002065ff30950, 0x000002065ff2d6b0,
0x000002065ff31370, 0x000002065ff2f000, 0x000002065ff2f510, 0x000002065ff2fa20,
0x000002065ff2dbc0, 0x000002065ff2ff30, 0x000002065ff31880, 0x000002065ff31d90,
0x000002065ff2e5e0, 0x000002065ff322a0, 0x000002065ff2eaf0, 0x000002065ff327b0,
0x000002065ff32cc0, 0x000002065ff35030, 0x000002065ff34100, 0x000002065ff331d0,
0x000002065ff336e0, 0x000002065ff33bf0, 0x000002065ff34610, 0x000002065ff34b20,
0x000002063fb0c520, 0x000002063fb0ca30, 0x00000206609622d0, 0x0000020660962cf0,
0x00000206609627e0, 0x00000206609618b0, 0x0000020660963200, 0x0000020660964130,
0x0000020660960980, 0x0000020660961dc0, 0x0000020660963710, 0x0000020660960e90,
0x0000020660963c20, 0x0000020660964640, 0x0000020660964b50, 0x00000206609613a0,
0x0000020660965060, 0x0000020660965f90, 0x0000020660965a80, 0x00000206609673d0
}

Java Threads: ( => current thread )
  0x000002061f810770 JavaThread "main" [_thread_blocked, id=52572, stack(0x0000005a2d700000,0x0000005a2d800000)]
  0x000002063ee2f510 JavaThread "Reference Handler" daemon [_thread_blocked, id=17384, stack(0x0000005a2de00000,0x0000005a2df00000)]
  0x000002063ee2ffe0 JavaThread "Finalizer" daemon [_thread_blocked, id=33504, stack(0x0000005a2df00000,0x0000005a2e000000)]
  0x000002063ee3f080 JavaThread "Signal Dispatcher" daemon [_thread_blocked, id=65904, stack(0x0000005a2e000000,0x0000005a2e100000)]
  0x000002063ee3f950 JavaThread "Attach Listener" daemon [_thread_blocked, id=65656, stack(0x0000005a2e100000,0x0000005a2e200000)]
  0x000002063ee42330 JavaThread "Service Thread" daemon [_thread_blocked, id=56160, stack(0x0000005a2e200000,0x0000005a2e300000)]
  0x000002063ee42c00 JavaThread "Monitor Deflation Thread" daemon [_thread_blocked, id=50528, stack(0x0000005a2e300000,0x0000005a2e400000)]
  0x000002063ee43800 JavaThread "C2 CompilerThread0" daemon [_thread_blocked, id=50388, stack(0x0000005a2e400000,0x0000005a2e500000)]
  0x000002063ee470a0 JavaThread "C1 CompilerThread0" daemon [_thread_blocked, id=42044, stack(0x0000005a2e500000,0x0000005a2e600000)]
  0x000002063f1566a0 JavaThread "Sweeper thread" daemon [_thread_blocked, id=3948, stack(0x0000005a2e600000,0x0000005a2e700000)]
  0x000002063f1f09d0 JavaThread "Common-Cleaner" daemon [_thread_blocked, id=28420, stack(0x0000005a2e700000,0x0000005a2e800000)]
  0x000002063f204ed0 JavaThread "Notification Thread" daemon [_thread_blocked, id=46636, stack(0x0000005a2e800000,0x0000005a2e900000)]
  0x000002065fa6ede0 JavaThread "Daemon health stats" [_thread_blocked, id=54156, stack(0x0000005a2ef00000,0x0000005a2f000000)]
  0x00000206600a6ac0 JavaThread "Incoming local TCP Connector on port 34508" [_thread_in_native, id=10568, stack(0x0000005a2f000000,0x0000005a2f100000)]
  0x000002065f6a02c0 JavaThread "Daemon periodic checks" [_thread_blocked, id=52456, stack(0x0000005a2f100000,0x0000005a2f200000)]
  0x000002061f817a50 JavaThread "Daemon" [_thread_blocked, id=18888, stack(0x0000005a2d500000,0x0000005a2d600000)]
  0x000002063fb1b7f0 JavaThread "Handler for socket connection from /127.0.0.1:34508 to /127.0.0.1:34532" [_thread_in_native, id=66316, stack(0x0000005a2d600000,0x0000005a2d700000)]
  0x000002063fb0de70 JavaThread "Cancel handler" [_thread_blocked, id=38024, stack(0x0000005a2f400000,0x0000005a2f500000)]
  0x000002063fb0e890 JavaThread "Daemon worker" [_thread_blocked, id=6484, stack(0x0000005a2f500000,0x0000005a2f600000)]
  0x000002063fb0f2b0 JavaThread "Asynchronous log dispatcher for DefaultDaemonConnection: socket connection from /127.0.0.1:34508 to /127.0.0.1:34532" [_thread_blocked, id=22604, stack(0x0000005a2f600000,0x0000005a2f700000)]
  0x000002063fb0eda0 JavaThread "Daemon client event forwarder" [_thread_blocked, id=62236, stack(0x0000005a2f800000,0x0000005a2f900000)]
  0x000002063fb0d450 JavaThread "Cache worker for journal cache (C:\Users\karth\.gradle\caches\journal-1)" [_thread_blocked, id=50636, stack(0x0000005a2f900000,0x0000005a2fa00000)]
  0x000002063fb0e380 JavaThread "File lock request listener" [_thread_in_native, id=46788, stack(0x0000005a2fa00000,0x0000005a2fb00000)]
  0x000002063fb0c010 JavaThread "Cache worker for file hash cache (C:\Users\karth\.gradle\caches\8.0.1\fileHashes)" [_thread_blocked, id=68404, stack(0x0000005a2fc00000,0x0000005a2fd00000)]
  0x000002063fb0cf40 JavaThread "File watcher server" daemon [_thread_in_native, id=59892, stack(0x0000005a2fb00000,0x0000005a2fc00000)]
  0x000002063fb0d960 JavaThread "File watcher consumer" daemon [_thread_blocked, id=39204, stack(0x0000005a2fe00000,0x0000005a2ff00000)]
  0x0000020661714e00 JavaThread "Cache worker for checksums cache (C:\Users\karth\CascadeProjects\MobileAppAndroid\android\.gradle\8.0.1\checksums)" [_thread_blocked, id=52368, stack(0x0000005a2ff00000,0x0000005a30000000)]
  0x0000020661717680 JavaThread "Cache worker for cache directory md-rule (C:\Users\karth\.gradle\caches\8.0.1\md-rule)" [_thread_blocked, id=21960, stack(0x0000005a30000000,0x0000005a30100000)]
  0x0000020661717170 JavaThread "Cache worker for file content cache (C:\Users\karth\.gradle\caches\8.0.1\fileContent)" [_thread_blocked, id=56108, stack(0x0000005a30100000,0x0000005a30200000)]
  0x0000020661715d30 JavaThread "Cache worker for file hash cache (C:\Users\karth\CascadeProjects\MobileAppAndroid\android\.gradle\8.0.1\fileHashes)" [_thread_blocked, id=36824, stack(0x0000005a30b00000,0x0000005a30c00000)]
  0x0000020661713ed0 JavaThread "Cache worker for cache directory md-supplier (C:\Users\karth\.gradle\caches\8.0.1\md-supplier)" [_thread_blocked, id=49012, stack(0x0000005a30c00000,0x0000005a30d00000)]
  0x00000206617148f0 JavaThread "Cache worker for execution history cache (C:\Users\karth\.gradle\caches\8.0.1\executionHistory)" [_thread_blocked, id=48992, stack(0x0000005a30e00000,0x0000005a30f00000)]
  0x0000020661716240 JavaThread "jar transforms" [_thread_blocked, id=10548, stack(0x0000005a30d00000,0x0000005a30e00000)]
  0x0000020661716750 JavaThread "jar transforms Thread 2" [_thread_blocked, id=64960, stack(0x0000005a30f00000,0x0000005a31000000)]
  0x0000020661715310 JavaThread "jar transforms Thread 3" [_thread_blocked, id=39736, stack(0x0000005a31100000,0x0000005a31200000)]
  0x000002065ff30e60 JavaThread "jar transforms Thread 4" [_thread_blocked, id=1728, stack(0x0000005a31200000,0x0000005a31300000)]
  0x000002065ff2e0d0 JavaThread "Cache worker for kotlin-dsl (C:\Users\karth\.gradle\caches\8.0.1\kotlin-dsl)" [_thread_blocked, id=69612, stack(0x0000005a2f200000,0x0000005a2f300000)]
  0x000002065ff30440 JavaThread "File lock release action executor Thread 2" [_thread_blocked, id=34320, stack(0x0000005a2f300000,0x0000005a2f400000)]
  0x000002065ff30950 JavaThread "jar transforms Thread 5" [_thread_blocked, id=68756, stack(0x0000005a31300000,0x0000005a31400000)]
  0x000002065ff2d6b0 JavaThread "jar transforms Thread 6" [_thread_blocked, id=8928, stack(0x0000005a2f700000,0x0000005a2f800000)]
  0x000002065ff31370 JavaThread "Cache worker for dependencies-accessors (C:\Users\karth\CascadeProjects\MobileAppAndroid\android\.gradle\8.0.1\dependencies-accessors)" [_thread_blocked, id=67848, stack(0x0000005a2fd00000,0x0000005a2fe00000)]
  0x000002065ff2f000 JavaThread "Cache worker for Build Output Cleanup Cache (C:\Users\karth\CascadeProjects\MobileAppAndroid\node_modules\@react-native\gradle-plugin\.gradle\buildOutputCleanup)" [_thread_blocked, id=54644, stack(0x0000005a31000000,0x0000005a31100000)]
  0x000002065ff2f510 JavaThread "jar transforms Thread 7" [_thread_blocked, id=15016, stack(0x0000005a31400000,0x0000005a31500000)]
  0x000002065ff2fa20 JavaThread "Unconstrained build operations" [_thread_blocked, id=53552, stack(0x0000005a31500000,0x0000005a31600000)]
  0x000002065ff2dbc0 JavaThread "Unconstrained build operations Thread 2" [_thread_blocked, id=69532, stack(0x0000005a31600000,0x0000005a31700000)]
  0x000002065ff2ff30 JavaThread "Unconstrained build operations Thread 3" [_thread_blocked, id=49692, stack(0x0000005a31700000,0x0000005a31800000)]
  0x000002065ff31880 JavaThread "Unconstrained build operations Thread 4" [_thread_blocked, id=69536, stack(0x0000005a31800000,0x0000005a31900000)]
  0x000002065ff31d90 JavaThread "Unconstrained build operations Thread 5" [_thread_blocked, id=19180, stack(0x0000005a31900000,0x0000005a31a00000)]
  0x000002065ff2e5e0 JavaThread "Unconstrained build operations Thread 6" [_thread_blocked, id=33628, stack(0x0000005a31a00000,0x0000005a31b00000)]
  0x000002065ff322a0 JavaThread "Unconstrained build operations Thread 7" [_thread_blocked, id=31304, stack(0x0000005a31b00000,0x0000005a31c00000)]
  0x000002065ff2eaf0 JavaThread "Unconstrained build operations Thread 8" [_thread_blocked, id=1656, stack(0x0000005a31c00000,0x0000005a31d00000)]
  0x000002065ff327b0 JavaThread "Unconstrained build operations Thread 9" [_thread_blocked, id=48824, stack(0x0000005a31d00000,0x0000005a31e00000)]
  0x000002065ff32cc0 JavaThread "Unconstrained build operations Thread 10" [_thread_blocked, id=49996, stack(0x0000005a31e00000,0x0000005a31f00000)]
  0x000002065ff35030 JavaThread "Unconstrained build operations Thread 11" [_thread_blocked, id=8336, stack(0x0000005a31f00000,0x0000005a32000000)]
  0x000002065ff34100 JavaThread "Unconstrained build operations Thread 12" [_thread_blocked, id=6556, stack(0x0000005a32000000,0x0000005a32100000)]
  0x000002065ff331d0 JavaThread "Unconstrained build operations Thread 13" [_thread_blocked, id=43488, stack(0x0000005a32100000,0x0000005a32200000)]
  0x000002065ff336e0 JavaThread "Unconstrained build operations Thread 14" [_thread_blocked, id=7828, stack(0x0000005a32200000,0x0000005a32300000)]
  0x000002065ff33bf0 JavaThread "Unconstrained build operations Thread 15" [_thread_blocked, id=38008, stack(0x0000005a32300000,0x0000005a32400000)]
  0x000002065ff34610 JavaThread "Unconstrained build operations Thread 16" [_thread_blocked, id=54028, stack(0x0000005a32400000,0x0000005a32500000)]
  0x000002065ff34b20 JavaThread "Unconstrained build operations Thread 17" [_thread_blocked, id=67820, stack(0x0000005a32500000,0x0000005a32600000)]
  0x000002063fb0c520 JavaThread "Unconstrained build operations Thread 18" [_thread_blocked, id=69496, stack(0x0000005a32600000,0x0000005a32700000)]
  0x000002063fb0ca30 JavaThread "Unconstrained build operations Thread 19" [_thread_blocked, id=18128, stack(0x0000005a32700000,0x0000005a32800000)]
  0x00000206609622d0 JavaThread "Unconstrained build operations Thread 20" [_thread_blocked, id=19928, stack(0x0000005a32800000,0x0000005a32900000)]
  0x0000020660962cf0 JavaThread "Unconstrained build operations Thread 21" [_thread_blocked, id=49220, stack(0x0000005a32900000,0x0000005a32a00000)]
  0x00000206609627e0 JavaThread "Unconstrained build operations Thread 22" [_thread_blocked, id=41804, stack(0x0000005a32a00000,0x0000005a32b00000)]
  0x00000206609618b0 JavaThread "Unconstrained build operations Thread 23" [_thread_blocked, id=50080, stack(0x0000005a32b00000,0x0000005a32c00000)]
  0x0000020660963200 JavaThread "Unconstrained build operations Thread 24" [_thread_blocked, id=68996, stack(0x0000005a32c00000,0x0000005a32d00000)]
  0x0000020660964130 JavaThread "Unconstrained build operations Thread 25" [_thread_blocked, id=58684, stack(0x0000005a32d00000,0x0000005a32e00000)]
  0x0000020660960980 JavaThread "Unconstrained build operations Thread 26" [_thread_blocked, id=17624, stack(0x0000005a32e00000,0x0000005a32f00000)]
  0x0000020660961dc0 JavaThread "jar transforms Thread 8" [_thread_blocked, id=69980, stack(0x0000005a33300000,0x0000005a33400000)]
  0x0000020660963710 JavaThread "jar transforms Thread 9" [_thread_blocked, id=70160, stack(0x0000005a33400000,0x0000005a33500000)]
  0x0000020660960e90 JavaThread "jar transforms Thread 10" [_thread_blocked, id=69868, stack(0x0000005a33500000,0x0000005a33600000)]
  0x0000020660963c20 JavaThread "jar transforms Thread 11" [_thread_blocked, id=54488, stack(0x0000005a33600000,0x0000005a33700000)]
  0x0000020660964640 JavaThread "jar transforms Thread 12" [_thread_blocked, id=34788, stack(0x0000005a33700000,0x0000005a33800000)]
  0x0000020660964b50 JavaThread "jar transforms Thread 13" [_thread_blocked, id=50500, stack(0x0000005a33800000,0x0000005a33900000)]
  0x00000206609613a0 JavaThread "jar transforms Thread 14" [_thread_blocked, id=69004, stack(0x0000005a33900000,0x0000005a33a00000)]
  0x0000020660965060 JavaThread "jar transforms Thread 15" [_thread_blocked, id=60848, stack(0x0000005a33a00000,0x0000005a33b00000)]
  0x0000020660965f90 JavaThread "jar transforms Thread 16" [_thread_blocked, id=14388, stack(0x0000005a33b00000,0x0000005a33c00000)]
  0x0000020660965a80 JavaThread "Memory manager" [_thread_blocked, id=48272, stack(0x0000005a33f00000,0x0000005a34000000)]
  0x00000206609673d0 JavaThread "Cache worker for Build Output Cleanup Cache (C:\Users\karth\CascadeProjects\MobileAppAndroid\android\.gradle\buildOutputCleanup)" [_thread_blocked, id=10056, stack(0x0000005a34000000,0x0000005a34100000)]

Other Threads:
=>0x000002063ee2c010 VMThread "VM Thread" [stack: 0x0000005a2dd00000,0x0000005a2de00000] [id=52492]
  0x000002063f2097d0 WatcherThread [stack: 0x0000005a2e900000,0x0000005a2ea00000] [id=45240]
  0x000002061f86d280 GCTaskThread "GC Thread#0" [stack: 0x0000005a2d800000,0x0000005a2d900000] [id=30672]
  0x000002065f0bae40 GCTaskThread "GC Thread#1" [stack: 0x0000005a2ea00000,0x0000005a2eb00000] [id=67100]
  0x000002065f276690 GCTaskThread "GC Thread#2" [stack: 0x0000005a2eb00000,0x0000005a2ec00000] [id=50232]
  0x000002065f276950 GCTaskThread "GC Thread#3" [stack: 0x0000005a2ec00000,0x0000005a2ed00000] [id=59928]
  0x000002063f820070 GCTaskThread "GC Thread#4" [stack: 0x0000005a2ed00000,0x0000005a2ee00000] [id=55728]
  0x000002063f820330 GCTaskThread "GC Thread#5" [stack: 0x0000005a2ee00000,0x0000005a2ef00000] [id=2568]
  0x000002063fba2660 GCTaskThread "GC Thread#6" [stack: 0x0000005a30200000,0x0000005a30300000] [id=54220]
  0x000002063fba1320 GCTaskThread "GC Thread#7" [stack: 0x0000005a30300000,0x0000005a30400000] [id=67472]
  0x000002063fba23a0 GCTaskThread "GC Thread#8" [stack: 0x0000005a30400000,0x0000005a30500000] [id=6968]
  0x000002063fba1b60 GCTaskThread "GC Thread#9" [stack: 0x0000005a30500000,0x0000005a30600000] [id=32352]
  0x000002063fba1e20 GCTaskThread "GC Thread#10" [stack: 0x0000005a30600000,0x0000005a30700000] [id=57960]
  0x000002063fba20e0 GCTaskThread "GC Thread#11" [stack: 0x0000005a30700000,0x0000005a30800000] [id=62068]
  0x0000020660075ce0 GCTaskThread "GC Thread#12" [stack: 0x0000005a30800000,0x0000005a30900000] [id=47856]
  0x000002061f87e0e0 ConcurrentGCThread "G1 Main Marker" [stack: 0x0000005a2d900000,0x0000005a2da00000] [id=48460]
  0x000002061f87ea10 ConcurrentGCThread "G1 Conc#0" [stack: 0x0000005a2da00000,0x0000005a2db00000] [id=32132]
  0x00000206600733a0 ConcurrentGCThread "G1 Conc#1" [stack: 0x0000005a30900000,0x0000005a30a00000] [id=50188]
  0x0000020660074f20 ConcurrentGCThread "G1 Conc#2" [stack: 0x0000005a30a00000,0x0000005a30b00000] [id=49652]
  0x000002063ed0ffe0 ConcurrentGCThread "G1 Refine#0" [stack: 0x0000005a2db00000,0x0000005a2dc00000] [id=33528]
  0x000002063ed117d0 ConcurrentGCThread "G1 Service" [stack: 0x0000005a2dc00000,0x0000005a2dd00000] [id=57884]

Threads with active compile tasks:
C2 CompilerThread0  8122727 8291       4       java.util.stream.ReferencePipeline$3::opWrapSink (10 bytes)

VM state: at safepoint (normal execution)

VM Mutex/Monitor currently owned by a thread:  ([mutex/lock_event])
[0x000002061f80b940] Threads_lock - owner thread: 0x000002063ee2c010
[0x000002061f80ba60] Heap_lock - owner thread: 0x000002065f6a02c0

Heap address: 0x0000000080000000, size: 2048 MB, Compressed Oops mode: 32-bit

CDS archive(s) mapped at: [0x0000020640000000-0x0000020640bb0000-0x0000020640bb0000), size 12255232, SharedBaseAddress: 0x0000020640000000, ArchiveRelocationMode: 1.
Compressed class space mapped at: 0x0000020641000000-0x000002065b000000, reserved size: 436207616
Narrow klass base: 0x0000020640000000, Narrow klass shift: 0, Narrow klass range: 0x100000000

GC Precious Log:
 CPUs: 16 total, 16 available
 Memory: 16088M
 Large Page Support: Disabled
 NUMA Support: Disabled
 Compressed Oops: Enabled (32-bit)
 Heap Region Size: 1M
 Heap Min Capacity: 8M
 Heap Initial Capacity: 252M
 Heap Max Capacity: 2G
 Pre-touch: Disabled
 Parallel Workers: 13
 Concurrent Workers: 3
 Concurrent Refinement Workers: 13
 Periodic GC: Disabled

Heap:
 garbage-first heap   total 148480K, used 55226K [0x0000000080000000, 0x0000000100000000)
  region size 1024K, 1 young (1024K), 1 survivors (1024K)
 Metaspace       used 58547K, committed 59200K, reserved 491520K
  class space    used 8112K, committed 8384K, reserved 425984K

Heap Regions: E=young(eden), S=young(survivor), O=old, HS=humongous(starts), HC=humongous(continues), CS=collection set, F=free, OA=open archive, CA=closed archive, TAMS=top-at-mark-start (previous, next)
|   0|0x0000000080000000, 0x0000000080100000, 0x0000000080100000|100%|HS|  |TAMS 0x0000000080100000, 0x0000000080100000| Complete 
|   1|0x0000000080100000, 0x0000000080200000, 0x0000000080200000|100%|HC|  |TAMS 0x0000000080200000, 0x0000000080200000| Complete 
|   2|0x0000000080200000, 0x0000000080300000, 0x0000000080300000|100%|HC|  |TAMS 0x0000000080300000, 0x0000000080300000| Complete 
|   3|0x0000000080300000, 0x0000000080400000, 0x0000000080400000|100%|HC|  |TAMS 0x0000000080400000, 0x0000000080400000| Complete 
|   4|0x0000000080400000, 0x0000000080500000, 0x0000000080500000|100%| O|  |TAMS 0x0000000080500000, 0x0000000080500000| Untracked 
|   5|0x0000000080500000, 0x0000000080600000, 0x0000000080600000|100%| O|  |TAMS 0x0000000080600000, 0x0000000080600000| Untracked 
|   6|0x0000000080600000, 0x0000000080700000, 0x0000000080700000|100%| O|  |TAMS 0x0000000080700000, 0x0000000080700000| Untracked 
|   7|0x0000000080700000, 0x0000000080800000, 0x0000000080800000|100%| O|  |TAMS 0x0000000080800000, 0x0000000080800000| Untracked 
|   8|0x0000000080800000, 0x0000000080900000, 0x0000000080900000|100%| O|  |TAMS 0x0000000080900000, 0x0000000080900000| Untracked 
|   9|0x0000000080900000, 0x0000000080a00000, 0x0000000080a00000|100%| O|  |TAMS 0x0000000080a00000, 0x0000000080a00000| Untracked 
|  10|0x0000000080a00000, 0x0000000080b00000, 0x0000000080b00000|100%| O|  |TAMS 0x0000000080b00000, 0x0000000080b00000| Untracked 
|  11|0x0000000080b00000, 0x0000000080c00000, 0x0000000080c00000|100%| O|  |TAMS 0x0000000080c00000, 0x0000000080c00000| Untracked 
|  12|0x0000000080c00000, 0x0000000080d00000, 0x0000000080d00000|100%| O|  |TAMS 0x0000000080d00000, 0x0000000080d00000| Untracked 
|  13|0x0000000080d00000, 0x0000000080e00000, 0x0000000080e00000|100%| O|  |TAMS 0x0000000080e00000, 0x0000000080e00000| Untracked 
|  14|0x0000000080e00000, 0x0000000080f00000, 0x0000000080f00000|100%| O|  |TAMS 0x0000000080f00000, 0x0000000080f00000| Untracked 
|  15|0x0000000080f00000, 0x0000000081000000, 0x0000000081000000|100%| O|  |TAMS 0x0000000081000000, 0x0000000081000000| Untracked 
|  16|0x0000000081000000, 0x0000000081100000, 0x0000000081100000|100%| O|  |TAMS 0x0000000081100000, 0x0000000081100000| Untracked 
|  17|0x0000000081100000, 0x0000000081200000, 0x0000000081200000|100%| O|  |TAMS 0x0000000081200000, 0x0000000081200000| Untracked 
|  18|0x0000000081200000, 0x0000000081300000, 0x0000000081300000|100%| O|  |TAMS 0x0000000081300000, 0x0000000081300000| Untracked 
|  19|0x0000000081300000, 0x0000000081400000, 0x0000000081400000|100%| O|  |TAMS 0x0000000081400000, 0x0000000081400000| Untracked 
|  20|0x0000000081400000, 0x0000000081500000, 0x0000000081500000|100%| O|  |TAMS 0x0000000081500000, 0x0000000081500000| Untracked 
|  21|0x0000000081500000, 0x0000000081600000, 0x0000000081600000|100%| O|  |TAMS 0x0000000081600000, 0x0000000081600000| Untracked 
|  22|0x0000000081600000, 0x0000000081700000, 0x0000000081700000|100%| O|  |TAMS 0x0000000081700000, 0x0000000081700000| Untracked 
|  23|0x0000000081700000, 0x0000000081800000, 0x0000000081800000|100%| O|  |TAMS 0x0000000081800000, 0x0000000081800000| Untracked 
|  24|0x0000000081800000, 0x0000000081900000, 0x0000000081900000|100%| O|  |TAMS 0x0000000081900000, 0x0000000081900000| Untracked 
|  25|0x0000000081900000, 0x0000000081a00000, 0x0000000081a00000|100%| O|  |TAMS 0x0000000081a00000, 0x0000000081a00000| Untracked 
|  26|0x0000000081a00000, 0x0000000081b00000, 0x0000000081b00000|100%| O|  |TAMS 0x0000000081b00000, 0x0000000081b00000| Untracked 
|  27|0x0000000081b00000, 0x0000000081c00000, 0x0000000081c00000|100%| O|  |TAMS 0x0000000081c00000, 0x0000000081c00000| Untracked 
|  28|0x0000000081c00000, 0x0000000081d00000, 0x0000000081d00000|100%| O|  |TAMS 0x0000000081d00000, 0x0000000081d00000| Untracked 
|  29|0x0000000081d00000, 0x0000000081e00000, 0x0000000081e00000|100%| O|  |TAMS 0x0000000081e00000, 0x0000000081e00000| Untracked 
|  30|0x0000000081e00000, 0x0000000081f00000, 0x0000000081f00000|100%| O|  |TAMS 0x0000000081f00000, 0x0000000081f00000| Untracked 
|  31|0x0000000081f00000, 0x0000000082000000, 0x0000000082000000|100%| O|  |TAMS 0x0000000082000000, 0x0000000082000000| Untracked 
|  32|0x0000000082000000, 0x0000000082000000, 0x0000000082100000|  0%| F|  |TAMS 0x0000000082000000, 0x0000000082000000| Untracked 
|  33|0x0000000082100000, 0x0000000082200000, 0x0000000082200000|100%| O|  |TAMS 0x0000000082200000, 0x0000000082200000| Untracked 
|  34|0x0000000082200000, 0x0000000082300000, 0x0000000082300000|100%| O|  |TAMS 0x0000000082300000, 0x0000000082300000| Untracked 
|  35|0x0000000082300000, 0x0000000082400000, 0x0000000082400000|100%|HS|  |TAMS 0x0000000082400000, 0x0000000082400000| Complete 
|  36|0x0000000082400000, 0x0000000082500000, 0x0000000082500000|100%|HC|  |TAMS 0x0000000082500000, 0x0000000082500000| Complete 
|  37|0x0000000082500000, 0x0000000082600000, 0x0000000082600000|100%|HS|  |TAMS 0x0000000082600000, 0x0000000082600000| Complete 
|  38|0x0000000082600000, 0x0000000082700000, 0x0000000082700000|100%|HC|  |TAMS 0x0000000082700000, 0x0000000082700000| Complete 
|  39|0x0000000082700000, 0x0000000082800000, 0x0000000082800000|100%|HC|  |TAMS 0x0000000082800000, 0x0000000082800000| Complete 
|  40|0x0000000082800000, 0x0000000082900000, 0x0000000082900000|100%|HC|  |TAMS 0x0000000082900000, 0x0000000082900000| Complete 
|  41|0x0000000082900000, 0x0000000082a00000, 0x0000000082a00000|100%| O|  |TAMS 0x0000000082a00000, 0x0000000082a00000| Untracked 
|  42|0x0000000082a00000, 0x0000000082b00000, 0x0000000082b00000|100%| O|  |TAMS 0x0000000082b00000, 0x0000000082b00000| Untracked 
|  43|0x0000000082b00000, 0x0000000082c00000, 0x0000000082c00000|100%| O|  |TAMS 0x0000000082c00000, 0x0000000082c00000| Untracked 
|  44|0x0000000082c00000, 0x0000000082d00000, 0x0000000082d00000|100%| O|  |TAMS 0x0000000082d00000, 0x0000000082d00000| Untracked 
|  45|0x0000000082d00000, 0x0000000082e00000, 0x0000000082e00000|100%| O|  |TAMS 0x0000000082e00000, 0x0000000082e00000| Untracked 
|  46|0x0000000082e00000, 0x0000000082f00000, 0x0000000082f00000|100%| O|  |TAMS 0x0000000082f00000, 0x0000000082f00000| Untracked 
|  47|0x0000000082f00000, 0x0000000083000000, 0x0000000083000000|100%| O|  |TAMS 0x0000000083000000, 0x0000000083000000| Untracked 
|  48|0x0000000083000000, 0x0000000083100000, 0x0000000083100000|100%| O|  |TAMS 0x0000000083100000, 0x0000000083100000| Untracked 
|  49|0x0000000083100000, 0x0000000083200000, 0x0000000083200000|100%| O|  |TAMS 0x0000000083200000, 0x0000000083200000| Untracked 
|  50|0x0000000083200000, 0x0000000083300000, 0x0000000083300000|100%| O|  |TAMS 0x0000000083300000, 0x0000000083300000| Untracked 
|  51|0x0000000083300000, 0x0000000083400000, 0x0000000083400000|100%| O|  |TAMS 0x0000000083400000, 0x0000000083400000| Untracked 
|  52|0x0000000083400000, 0x0000000083500000, 0x0000000083500000|100%| O|  |TAMS 0x0000000083500000, 0x0000000083500000| Untracked 
|  53|0x0000000083500000, 0x0000000083600000, 0x0000000083600000|100%| O|  |TAMS 0x0000000083600000, 0x0000000083600000| Untracked 
|  54|0x0000000083600000, 0x000000008367dc00, 0x0000000083700000| 49%| O|  |TAMS 0x000000008361da00, 0x000000008361da00| Untracked 
|  55|0x0000000083700000, 0x0000000083700000, 0x0000000083800000|  0%| F|  |TAMS 0x0000000083700000, 0x0000000083700000| Untracked 
|  56|0x0000000083800000, 0x0000000083800000, 0x0000000083900000|  0%| F|  |TAMS 0x0000000083800000, 0x0000000083800000| Untracked 
|  57|0x0000000083900000, 0x0000000083900000, 0x0000000083a00000|  0%| F|  |TAMS 0x0000000083900000, 0x0000000083900000| Untracked 
|  58|0x0000000083a00000, 0x0000000083a00000, 0x0000000083b00000|  0%| F|  |TAMS 0x0000000083a00000, 0x0000000083a00000| Untracked 
|  59|0x0000000083b00000, 0x0000000083b00000, 0x0000000083c00000|  0%| F|  |TAMS 0x0000000083b00000, 0x0000000083b00000| Untracked 
|  60|0x0000000083c00000, 0x0000000083c00000, 0x0000000083d00000|  0%| F|  |TAMS 0x0000000083c00000, 0x0000000083c00000| Untracked 
|  61|0x0000000083d00000, 0x0000000083d00000, 0x0000000083e00000|  0%| F|  |TAMS 0x0000000083d00000, 0x0000000083d00000| Untracked 
|  62|0x0000000083e00000, 0x0000000083e00000, 0x0000000083f00000|  0%| F|  |TAMS 0x0000000083e00000, 0x0000000083e00000| Untracked 
|  63|0x0000000083f00000, 0x0000000083f00000, 0x0000000084000000|  0%| F|  |TAMS 0x0000000083f00000, 0x0000000083f00000| Untracked 
|  64|0x0000000084000000, 0x0000000084000000, 0x0000000084100000|  0%| F|  |TAMS 0x0000000084000000, 0x0000000084000000| Untracked 
|  65|0x0000000084100000, 0x0000000084100000, 0x0000000084200000|  0%| F|  |TAMS 0x0000000084100000, 0x0000000084100000| Untracked 
|  66|0x0000000084200000, 0x0000000084200000, 0x0000000084300000|  0%| F|  |TAMS 0x0000000084200000, 0x0000000084200000| Untracked 
|  67|0x0000000084300000, 0x0000000084300000, 0x0000000084400000|  0%| F|  |TAMS 0x0000000084300000, 0x0000000084300000| Untracked 
|  68|0x0000000084400000, 0x0000000084400000, 0x0000000084500000|  0%| F|  |TAMS 0x0000000084400000, 0x0000000084400000| Untracked 
|  69|0x0000000084500000, 0x0000000084500000, 0x0000000084600000|  0%| F|  |TAMS 0x0000000084500000, 0x0000000084500000| Untracked 
|  70|0x0000000084600000, 0x0000000084600000, 0x0000000084700000|  0%| F|  |TAMS 0x0000000084600000, 0x0000000084600000| Untracked 
|  71|0x0000000084700000, 0x0000000084700000, 0x0000000084800000|  0%| F|  |TAMS 0x0000000084700000, 0x0000000084700000| Untracked 
|  72|0x0000000084800000, 0x0000000084800000, 0x0000000084900000|  0%| F|  |TAMS 0x0000000084800000, 0x0000000084800000| Untracked 
|  73|0x0000000084900000, 0x0000000084900000, 0x0000000084a00000|  0%| F|  |TAMS 0x0000000084900000, 0x0000000084900000| Untracked 
|  74|0x0000000084a00000, 0x0000000084a00000, 0x0000000084b00000|  0%| F|  |TAMS 0x0000000084a00000, 0x0000000084a00000| Untracked 
|  75|0x0000000084b00000, 0x0000000084b00000, 0x0000000084c00000|  0%| F|  |TAMS 0x0000000084b00000, 0x0000000084b00000| Untracked 
|  76|0x0000000084c00000, 0x0000000084c00000, 0x0000000084d00000|  0%| F|  |TAMS 0x0000000084c00000, 0x0000000084c00000| Untracked 
|  77|0x0000000084d00000, 0x0000000084d00000, 0x0000000084e00000|  0%| F|  |TAMS 0x0000000084d00000, 0x0000000084d00000| Untracked 
|  78|0x0000000084e00000, 0x0000000084e00000, 0x0000000084f00000|  0%| F|  |TAMS 0x0000000084e00000, 0x0000000084e00000| Untracked 
|  79|0x0000000084f00000, 0x0000000084f00000, 0x0000000085000000|  0%| F|  |TAMS 0x0000000084f00000, 0x0000000084f00000| Untracked 
|  80|0x0000000085000000, 0x0000000085000000, 0x0000000085100000|  0%| F|  |TAMS 0x0000000085000000, 0x0000000085000000| Untracked 
|  81|0x0000000085100000, 0x0000000085100000, 0x0000000085200000|  0%| F|  |TAMS 0x0000000085100000, 0x0000000085100000| Untracked 
|  82|0x0000000085200000, 0x0000000085200000, 0x0000000085300000|  0%| F|  |TAMS 0x0000000085200000, 0x0000000085200000| Untracked 
|  83|0x0000000085300000, 0x0000000085300000, 0x0000000085400000|  0%| F|  |TAMS 0x0000000085300000, 0x0000000085300000| Untracked 
|  84|0x0000000085400000, 0x0000000085400000, 0x0000000085500000|  0%| F|  |TAMS 0x0000000085400000, 0x0000000085400000| Untracked 
|  85|0x0000000085500000, 0x0000000085500000, 0x0000000085600000|  0%| F|  |TAMS 0x0000000085500000, 0x0000000085500000| Untracked 
|  86|0x0000000085600000, 0x0000000085600000, 0x0000000085700000|  0%| F|  |TAMS 0x0000000085600000, 0x0000000085600000| Untracked 
|  87|0x0000000085700000, 0x0000000085700000, 0x0000000085800000|  0%| F|  |TAMS 0x0000000085700000, 0x0000000085700000| Untracked 
|  88|0x0000000085800000, 0x0000000085800000, 0x0000000085900000|  0%| F|  |TAMS 0x0000000085800000, 0x0000000085800000| Untracked 
|  89|0x0000000085900000, 0x0000000085900000, 0x0000000085a00000|  0%| F|  |TAMS 0x0000000085900000, 0x0000000085900000| Untracked 
|  90|0x0000000085a00000, 0x0000000085a00000, 0x0000000085b00000|  0%| F|  |TAMS 0x0000000085a00000, 0x0000000085a00000| Untracked 
|  91|0x0000000085b00000, 0x0000000085b00000, 0x0000000085c00000|  0%| F|  |TAMS 0x0000000085b00000, 0x0000000085b00000| Untracked 
|  92|0x0000000085c00000, 0x0000000085c00000, 0x0000000085d00000|  0%| F|  |TAMS 0x0000000085c00000, 0x0000000085c00000| Untracked 
|  93|0x0000000085d00000, 0x0000000085d00000, 0x0000000085e00000|  0%| F|  |TAMS 0x0000000085d00000, 0x0000000085d00000| Untracked 
|  94|0x0000000085e00000, 0x0000000085e00000, 0x0000000085f00000|  0%| F|  |TAMS 0x0000000085e00000, 0x0000000085e00000| Untracked 
|  95|0x0000000085f00000, 0x0000000085f00000, 0x0000000086000000|  0%| F|  |TAMS 0x0000000085f00000, 0x0000000085f00000| Untracked 
|  96|0x0000000086000000, 0x0000000086000000, 0x0000000086100000|  0%| F|  |TAMS 0x0000000086000000, 0x0000000086000000| Untracked 
|  97|0x0000000086100000, 0x0000000086100000, 0x0000000086200000|  0%| F|  |TAMS 0x0000000086100000, 0x0000000086100000| Untracked 
|  98|0x0000000086200000, 0x0000000086200000, 0x0000000086300000|  0%| F|  |TAMS 0x0000000086200000, 0x0000000086200000| Untracked 
|  99|0x0000000086300000, 0x0000000086300000, 0x0000000086400000|  0%| F|  |TAMS 0x0000000086300000, 0x0000000086300000| Untracked 
| 100|0x0000000086400000, 0x0000000086400000, 0x0000000086500000|  0%| F|  |TAMS 0x0000000086400000, 0x0000000086400000| Untracked 
| 101|0x0000000086500000, 0x0000000086500000, 0x0000000086600000|  0%| F|  |TAMS 0x0000000086500000, 0x0000000086500000| Untracked 
| 102|0x0000000086600000, 0x0000000086600000, 0x0000000086700000|  0%| F|  |TAMS 0x0000000086600000, 0x0000000086600000| Untracked 
| 103|0x0000000086700000, 0x0000000086700000, 0x0000000086800000|  0%| F|  |TAMS 0x0000000086700000, 0x0000000086700000| Untracked 
| 104|0x0000000086800000, 0x0000000086800000, 0x0000000086900000|  0%| F|  |TAMS 0x0000000086800000, 0x0000000086800000| Untracked 
| 105|0x0000000086900000, 0x0000000086900000, 0x0000000086a00000|  0%| F|  |TAMS 0x0000000086900000, 0x0000000086900000| Untracked 
| 106|0x0000000086a00000, 0x0000000086a00000, 0x0000000086b00000|  0%| F|  |TAMS 0x0000000086a00000, 0x0000000086a00000| Untracked 
| 107|0x0000000086b00000, 0x0000000086b00000, 0x0000000086c00000|  0%| F|  |TAMS 0x0000000086b00000, 0x0000000086b00000| Untracked 
| 108|0x0000000086c00000, 0x0000000086c00000, 0x0000000086d00000|  0%| F|  |TAMS 0x0000000086c00000, 0x0000000086c00000| Untracked 
| 109|0x0000000086d00000, 0x0000000086d00000, 0x0000000086e00000|  0%| F|  |TAMS 0x0000000086d00000, 0x0000000086d00000| Untracked 
| 110|0x0000000086e00000, 0x0000000086e00000, 0x0000000086f00000|  0%| F|  |TAMS 0x0000000086e00000, 0x0000000086e00000| Untracked 
| 111|0x0000000086f00000, 0x0000000086f00000, 0x0000000087000000|  0%| F|  |TAMS 0x0000000086f00000, 0x0000000086f00000| Untracked 
| 112|0x0000000087000000, 0x0000000087000000, 0x0000000087100000|  0%| F|  |TAMS 0x0000000087000000, 0x0000000087000000| Untracked 
| 113|0x0000000087100000, 0x0000000087100000, 0x0000000087200000|  0%| F|  |TAMS 0x0000000087100000, 0x0000000087100000| Untracked 
| 114|0x0000000087200000, 0x0000000087200000, 0x0000000087300000|  0%| F|  |TAMS 0x0000000087200000, 0x0000000087200000| Untracked 
| 115|0x0000000087300000, 0x0000000087300000, 0x0000000087400000|  0%| F|  |TAMS 0x0000000087300000, 0x0000000087300000| Untracked 
| 116|0x0000000087400000, 0x0000000087400000, 0x0000000087500000|  0%| F|  |TAMS 0x0000000087400000, 0x0000000087400000| Untracked 
| 117|0x0000000087500000, 0x0000000087500000, 0x0000000087600000|  0%| F|  |TAMS 0x0000000087500000, 0x0000000087500000| Untracked 
| 118|0x0000000087600000, 0x0000000087600000, 0x0000000087700000|  0%| F|  |TAMS 0x0000000087600000, 0x0000000087600000| Untracked 
| 119|0x0000000087700000, 0x0000000087700000, 0x0000000087800000|  0%| F|  |TAMS 0x0000000087700000, 0x0000000087700000| Untracked 
| 120|0x0000000087800000, 0x0000000087800000, 0x0000000087900000|  0%| F|  |TAMS 0x0000000087800000, 0x0000000087800000| Untracked 
| 121|0x0000000087900000, 0x0000000087900000, 0x0000000087a00000|  0%| F|  |TAMS 0x0000000087900000, 0x0000000087900000| Untracked 
| 122|0x0000000087a00000, 0x0000000087a00000, 0x0000000087b00000|  0%| F|  |TAMS 0x0000000087a00000, 0x0000000087a00000| Untracked 
| 123|0x0000000087b00000, 0x0000000087b00000, 0x0000000087c00000|  0%| F|  |TAMS 0x0000000087b00000, 0x0000000087b00000| Untracked 
| 124|0x0000000087c00000, 0x0000000087c00000, 0x0000000087d00000|  0%| F|  |TAMS 0x0000000087c00000, 0x0000000087c00000| Untracked 
| 125|0x0000000087d00000, 0x0000000087d00000, 0x0000000087e00000|  0%| F|  |TAMS 0x0000000087d00000, 0x0000000087d00000| Untracked 
| 126|0x0000000087e00000, 0x0000000087e00000, 0x0000000087f00000|  0%| F|  |TAMS 0x0000000087e00000, 0x0000000087e00000| Untracked 
| 127|0x0000000087f00000, 0x0000000087f00000, 0x0000000088000000|  0%| F|  |TAMS 0x0000000087f00000, 0x0000000087f00000| Untracked 
| 128|0x0000000088000000, 0x0000000088000000, 0x0000000088100000|  0%| F|  |TAMS 0x0000000088000000, 0x0000000088000000| Untracked 
| 129|0x0000000088100000, 0x0000000088100000, 0x0000000088200000|  0%| F|  |TAMS 0x0000000088100000, 0x0000000088100000| Untracked 
| 130|0x0000000088200000, 0x0000000088200000, 0x0000000088300000|  0%| F|  |TAMS 0x0000000088200000, 0x0000000088200000| Untracked 
| 131|0x0000000088300000, 0x0000000088300000, 0x0000000088400000|  0%| F|  |TAMS 0x0000000088300000, 0x0000000088300000| Untracked 
| 132|0x0000000088400000, 0x0000000088400000, 0x0000000088500000|  0%| F|  |TAMS 0x0000000088400000, 0x0000000088400000| Untracked 
| 133|0x0000000088500000, 0x0000000088500000, 0x0000000088600000|  0%| F|  |TAMS 0x0000000088500000, 0x0000000088500000| Untracked 
| 134|0x0000000088600000, 0x0000000088600000, 0x0000000088700000|  0%| F|  |TAMS 0x0000000088600000, 0x0000000088600000| Untracked 
| 135|0x0000000088700000, 0x0000000088700000, 0x0000000088800000|  0%| F|  |TAMS 0x0000000088700000, 0x0000000088700000| Untracked 
| 136|0x0000000088800000, 0x0000000088800000, 0x0000000088900000|  0%| F|  |TAMS 0x0000000088800000, 0x0000000088800000| Untracked 
| 137|0x0000000088900000, 0x0000000088900000, 0x0000000088a00000|  0%| F|  |TAMS 0x0000000088900000, 0x0000000088900000| Untracked 
| 138|0x0000000088a00000, 0x0000000088a00000, 0x0000000088b00000|  0%| F|  |TAMS 0x0000000088a00000, 0x0000000088a00000| Untracked 
| 139|0x0000000088b00000, 0x0000000088b70e68, 0x0000000088c00000| 44%| S|CS|TAMS 0x0000000088b00000, 0x0000000088b00000| Complete 
| 140|0x0000000088c00000, 0x0000000088c00000, 0x0000000088d00000|  0%| F|  |TAMS 0x0000000088c00000, 0x0000000088c00000| Untracked 
| 141|0x0000000088d00000, 0x0000000088d00000, 0x0000000088e00000|  0%| F|  |TAMS 0x0000000088d00000, 0x0000000088d00000| Untracked 
| 142|0x0000000088e00000, 0x0000000088e00000, 0x0000000088f00000|  0%| F|  |TAMS 0x0000000088e00000, 0x0000000088e00000| Untracked 
| 143|0x0000000088f00000, 0x0000000088f00000, 0x0000000089000000|  0%| F|  |TAMS 0x0000000088f00000, 0x0000000088f00000| Untracked 
| 251|0x000000008fb00000, 0x000000008fb00000, 0x000000008fc00000|  0%| F|  |TAMS 0x000000008fb00000, 0x000000008fb00000| Untracked 

Card table byte_map: [0x00000206377c0000,0x0000020637bc0000] _byte_map_base: 0x00000206373c0000

Marking Bits (Prev, Next): (CMBitMap*) 0x000002061f86d7f0, (CMBitMap*) 0x000002061f86d7b0
 Prev Bits: [0x0000020639fc0000, 0x000002063bfc0000)
 Next Bits: [0x0000020637fc0000, 0x0000020639fc0000)

Polling page: 0x000002061f8b0000

Metaspace:

Usage:
  Non-class:     49.25 MB used.
      Class:      7.92 MB used.
       Both:     57.18 MB used.

Virtual space:
  Non-class space:       64.00 MB reserved,      49.62 MB ( 78%) committed,  1 nodes.
      Class space:      416.00 MB reserved,       8.19 MB (  2%) committed,  1 nodes.
             Both:      480.00 MB reserved,      57.81 MB ( 12%) committed. 

Chunk freelists:
   Non-Class:  13.56 MB
       Class:  7.76 MB
        Both:  21.32 MB

MaxMetaspaceSize: 512.00 MB
CompressedClassSpaceSize: 416.00 MB
Initial GC threshold: 21.00 MB
Current GC threshold: 96.06 MB
CDS: on
MetaspaceReclaimPolicy: balanced
 - commit_granule_bytes: 65536.
 - commit_granule_words: 8192.
 - virtual_space_node_default_size: 8388608.
 - enlarge_chunks_in_place: 1.
 - new_chunks_are_fully_committed: 0.
 - uncommit_free_chunks: 1.
 - use_allocation_guard: 0.
 - handle_deallocations: 1.


Internal statistics:

num_allocs_failed_limit: 6.
num_arena_births: 704.
num_arena_deaths: 0.
num_vsnodes_births: 2.
num_vsnodes_deaths: 0.
num_space_committed: 925.
num_space_uncommitted: 0.
num_chunks_returned_to_freelist: 6.
num_chunks_taken_from_freelist: 3020.
num_chunk_merges: 6.
num_chunk_splits: 2028.
num_chunks_enlarged: 1367.
num_inconsistent_stats: 0.

CodeHeap 'non-profiled nmethods': size=119168Kb used=4832Kb max_used=4832Kb free=114335Kb
 bounds [0x000002062ef90000, 0x000002062f450000, 0x00000206363f0000]
CodeHeap 'profiled nmethods': size=119104Kb used=14628Kb max_used=14628Kb free=104475Kb
 bounds [0x00000206273f0000, 0x0000020628240000, 0x000002062e840000]
CodeHeap 'non-nmethods': size=7488Kb used=2356Kb max_used=4091Kb free=5131Kb
 bounds [0x000002062e840000, 0x000002062eca0000, 0x000002062ef90000]
 total_blobs=8366 nmethods=7485 adapters=793
 compilation: enabled
              stopped_count=0, restarted_count=0
 full_count=0

Compilation events (20 events):
Event: 8082.322 Thread 0x000002063ee470a0 8298       3       org.gradle.util.GradleVersion::current (4 bytes)
Event: 8082.757 Thread 0x000002063ee470a0 nmethod 8298 0x0000020628236c90 code [0x0000020628236e20, 0x0000020628236f78]
Event: 8082.772 Thread 0x000002063ee470a0 8306       3       org.gradle.launcher.daemon.registry.DaemonRegistryContent$Serializer::readStopEvents (52 bytes)
Event: 8091.949 Thread 0x000002063ee43800 nmethod 8290 0x000002062f43c010 code [0x000002062f43c580, 0x000002062f441cb0]
Event: 8092.269 Thread 0x000002063ee470a0 nmethod 8306 0x0000020628237010 code [0x0000020628237220, 0x0000020628237a38]
Event: 8092.269 Thread 0x000002063ee470a0 8307   !   3       org.gradle.cache.internal.OnDemandFileAccess::readFile (51 bytes)
Event: 8092.568 Thread 0x000002063ee43800 8293       4       java.util.HashMap$Values::spliterator (16 bytes)
Event: 8092.660 Thread 0x000002063ee470a0 nmethod 8307 0x0000020628237d90 code [0x0000020628237fc0, 0x0000020628238688]
Event: 8092.660 Thread 0x000002063ee43800 nmethod 8293 0x000002062f444d10 code [0x000002062f444ea0, 0x000002062f444f98]
Event: 8092.660 Thread 0x000002063ee43800 8294       4       java.util.HashMap$ValueSpliterator::<init> (12 bytes)
Event: 8092.662 Thread 0x000002063ee43800 nmethod 8294 0x000002062f445090 code [0x000002062f445200, 0x000002062f445358]
Event: 8092.662 Thread 0x000002063ee43800 8295       4       java.util.stream.Collectors$$Lambda$58/0x000002064106e8c0::get (8 bytes)
Event: 8092.666 Thread 0x000002063ee43800 nmethod 8295 0x000002062f445410 code [0x000002062f4455a0, 0x000002062f445678]
Event: 8092.666 Thread 0x000002063ee43800 8296   !   4       java.util.concurrent.LinkedBlockingDeque::offerLast (53 bytes)
Event: 8112.312 Thread 0x000002063ee43800 nmethod 8296 0x000002062f445710 code [0x000002062f445900, 0x000002062f446a90]
Event: 8112.329 Thread 0x000002063ee43800 8297       4       java.util.concurrent.LinkedBlockingDeque::linkLast (69 bytes)
Event: 8116.347 Thread 0x000002063ee470a0 8318       3       org.gradle.internal.time.DefaultCountdownTimer::hasExpired (15 bytes)
Event: 8116.529 Thread 0x000002063ee470a0 nmethod 8318 0x0000020628238a90 code [0x0000020628238c40, 0x0000020628238f88]
Event: 8116.638 Thread 0x000002063ee43800 nmethod 8297 0x000002062f447190 code [0x000002062f447340, 0x000002062f447e68]
Event: 8116.659 Thread 0x000002063ee43800 8291       4       java.util.stream.ReferencePipeline$3::opWrapSink (10 bytes)

GC Heap History (20 events):
Event: 762.191 GC heap after
{Heap after GC invocations=31 (full 0):
 garbage-first heap   total 97280K, used 55478K [0x0000000080000000, 0x0000000100000000)
  region size 1024K, 3 young (3072K), 3 survivors (3072K)
 Metaspace       used 58410K, committed 59008K, reserved 491520K
  class space    used 8108K, committed 8384K, reserved 425984K
}
Event: 764.751 GC heap before
{Heap before GC invocations=31 (full 0):
 garbage-first heap   total 97280K, used 55478K [0x0000000080000000, 0x0000000100000000)
  region size 1024K, 4 young (4096K), 3 survivors (3072K)
 Metaspace       used 58410K, committed 59008K, reserved 491520K
  class space    used 8108K, committed 8384K, reserved 425984K
}
Event: 764.777 GC heap after
{Heap after GC invocations=32 (full 0):
 garbage-first heap   total 97280K, used 54940K [0x0000000080000000, 0x0000000100000000)
  region size 1024K, 1 young (1024K), 1 survivors (1024K)
 Metaspace       used 58410K, committed 59008K, reserved 491520K
  class space    used 8108K, committed 8384K, reserved 425984K
}
Event: 833.017 GC heap before
{Heap before GC invocations=32 (full 0):
 garbage-first heap   total 97280K, used 81564K [0x0000000080000000, 0x0000000100000000)
  region size 1024K, 27 young (27648K), 1 survivors (1024K)
 Metaspace       used 58417K, committed 59008K, reserved 491520K
  class space    used 8108K, committed 8384K, reserved 425984K
}
Event: 833.053 GC heap after
{Heap after GC invocations=33 (full 0):
 garbage-first heap   total 97280K, used 54866K [0x0000000080000000, 0x0000000100000000)
  region size 1024K, 1 young (1024K), 1 survivors (1024K)
 Metaspace       used 58417K, committed 59008K, reserved 491520K
  class space    used 8108K, committed 8384K, reserved 425984K
}
Event: 902.399 GC heap before
{Heap before GC invocations=34 (full 0):
 garbage-first heap   total 97280K, used 80466K [0x0000000080000000, 0x0000000100000000)
  region size 1024K, 27 young (27648K), 1 survivors (1024K)
 Metaspace       used 58422K, committed 59008K, reserved 491520K
  class space    used 8108K, committed 8384K, reserved 425984K
}
Event: 902.405 GC heap after
{Heap after GC invocations=35 (full 0):
 garbage-first heap   total 116736K, used 55066K [0x0000000080000000, 0x0000000100000000)
  region size 1024K, 1 young (1024K), 1 survivors (1024K)
 Metaspace       used 58422K, committed 59008K, reserved 491520K
  class space    used 8108K, committed 8384K, reserved 425984K
}
Event: 1455.417 GC heap before
{Heap before GC invocations=35 (full 0):
 garbage-first heap   total 116736K, used 97050K [0x0000000080000000, 0x0000000100000000)
  region size 1024K, 42 young (43008K), 1 survivors (1024K)
 Metaspace       used 58478K, committed 59136K, reserved 491520K
  class space    used 8109K, committed 8384K, reserved 425984K
}
Event: 1455.508 GC heap after
{Heap after GC invocations=36 (full 0):
 garbage-first heap   total 116736K, used 55239K [0x0000000080000000, 0x0000000100000000)
  region size 1024K, 1 young (1024K), 1 survivors (1024K)
 Metaspace       used 58478K, committed 59136K, reserved 491520K
  class space    used 8109K, committed 8384K, reserved 425984K
}
Event: 8079.061 GC heap before
{Heap before GC invocations=37 (full 0):
 garbage-first heap   total 116736K, used 97223K [0x0000000080000000, 0x0000000100000000)
  region size 1024K, 43 young (44032K), 1 survivors (1024K)
 Metaspace       used 58546K, committed 59200K, reserved 491520K
  class space    used 8112K, committed 8384K, reserved 425984K
}
Event: 8081.534 GC heap after
{Heap after GC invocations=38 (full 0):
 garbage-first heap   total 116736K, used 55241K [0x0000000080000000, 0x0000000100000000)
  region size 1024K, 1 young (1024K), 1 survivors (1024K)
 Metaspace       used 58546K, committed 59200K, reserved 491520K
  class space    used 8112K, committed 8384K, reserved 425984K
}
Event: 8083.785 GC heap before
{Heap before GC invocations=38 (full 0):
 garbage-first heap   total 116736K, used 79817K [0x0000000080000000, 0x0000000100000000)
  region size 1024K, 25 young (25600K), 1 survivors (1024K)
 Metaspace       used 58546K, committed 59200K, reserved 491520K
  class space    used 8112K, committed 8384K, reserved 425984K
}
Event: 8090.460 GC heap after
{Heap after GC invocations=39 (full 0):
 garbage-first heap   total 116736K, used 55327K [0x0000000080000000, 0x0000000100000000)
  region size 1024K, 1 young (1024K), 1 survivors (1024K)
 Metaspace       used 58546K, committed 59200K, reserved 491520K
  class space    used 8112K, committed 8384K, reserved 425984K
}
Event: 8108.756 GC heap before
{Heap before GC invocations=39 (full 0):
 garbage-first heap   total 116736K, used 59423K [0x0000000080000000, 0x0000000100000000)
  region size 1024K, 5 young (5120K), 1 survivors (1024K)
 Metaspace       used 58547K, committed 59200K, reserved 491520K
  class space    used 8112K, committed 8384K, reserved 425984K
}
Event: 8111.400 GC heap after
{Heap after GC invocations=40 (full 0):
 garbage-first heap   total 116736K, used 55307K [0x0000000080000000, 0x0000000100000000)
  region size 1024K, 1 young (1024K), 1 survivors (1024K)
 Metaspace       used 58547K, committed 59200K, reserved 491520K
  class space    used 8112K, committed 8384K, reserved 425984K
}
Event: 8112.724 GC heap before
{Heap before GC invocations=40 (full 0):
 garbage-first heap   total 116736K, used 59403K [0x0000000080000000, 0x0000000100000000)
  region size 1024K, 5 young (5120K), 1 survivors (1024K)
 Metaspace       used 58547K, committed 59200K, reserved 491520K
  class space    used 8112K, committed 8384K, reserved 425984K
}
Event: 8114.817 GC heap after
{Heap after GC invocations=41 (full 0):
 garbage-first heap   total 116736K, used 55256K [0x0000000080000000, 0x0000000100000000)
  region size 1024K, 1 young (1024K), 1 survivors (1024K)
 Metaspace       used 58547K, committed 59200K, reserved 491520K
  class space    used 8112K, committed 8384K, reserved 425984K
}
Event: 8115.490 GC heap before
{Heap before GC invocations=41 (full 0):
 garbage-first heap   total 116736K, used 59352K [0x0000000080000000, 0x0000000100000000)
  region size 1024K, 5 young (5120K), 1 survivors (1024K)
 Metaspace       used 58547K, committed 59200K, reserved 491520K
  class space    used 8112K, committed 8384K, reserved 425984K
}
Event: 8116.312 GC heap after
{Heap after GC invocations=42 (full 0):
 garbage-first heap   total 116736K, used 55232K [0x0000000080000000, 0x0000000100000000)
  region size 1024K, 1 young (1024K), 1 survivors (1024K)
 Metaspace       used 58547K, committed 59200K, reserved 491520K
  class space    used 8112K, committed 8384K, reserved 425984K
}
Event: 8117.159 GC heap before
{Heap before GC invocations=42 (full 0):
 garbage-first heap   total 116736K, used 58304K [0x0000000080000000, 0x0000000100000000)
  region size 1024K, 5 young (5120K), 1 survivors (1024K)
 Metaspace       used 58547K, committed 59200K, reserved 491520K
  class space    used 8112K, committed 8384K, reserved 425984K
}

Dll operation events (13 events):
Event: 2.298 Loaded shared library C:\Program Files\Eclipse Adoptium\jdk-17.0.15.6-hotspot\bin\java.dll
Event: 3.495 Loaded shared library C:\Program Files\Eclipse Adoptium\jdk-17.0.15.6-hotspot\bin\jsvml.dll
Event: 5.312 Loaded shared library C:\Program Files\Eclipse Adoptium\jdk-17.0.15.6-hotspot\bin\net.dll
Event: 5.353 Loaded shared library C:\Program Files\Eclipse Adoptium\jdk-17.0.15.6-hotspot\bin\nio.dll
Event: 5.431 Loaded shared library C:\Program Files\Eclipse Adoptium\jdk-17.0.15.6-hotspot\bin\zip.dll
Event: 6.504 Loaded shared library C:\Program Files\Eclipse Adoptium\jdk-17.0.15.6-hotspot\bin\jimage.dll
Event: 8.681 Loaded shared library C:\Program Files\Eclipse Adoptium\jdk-17.0.15.6-hotspot\bin\verify.dll
Event: 12.061 Loaded shared library C:\Users\karth\.gradle\native\68d5fa5c4cc2d200863cafc0d521ce42e7d3e7ee720ec0a83991735586a16f82\windows-amd64\native-platform.dll
Event: 12.136 Loaded shared library C:\Users\karth\.gradle\native\e376f236ea51e6404a007f0833ffe2c6e607c4080706a723a18a27aeea778392\windows-amd64\native-platform-file-events.dll
Event: 20.051 Loaded shared library C:\Program Files\Eclipse Adoptium\jdk-17.0.15.6-hotspot\bin\management.dll
Event: 20.150 Loaded shared library C:\Program Files\Eclipse Adoptium\jdk-17.0.15.6-hotspot\bin\management_ext.dll
Event: 35.638 Loaded shared library C:\Program Files\Eclipse Adoptium\jdk-17.0.15.6-hotspot\bin\extnet.dll
Event: 58.234 Loaded shared library C:\Program Files\Eclipse Adoptium\jdk-17.0.15.6-hotspot\bin\sunmscapi.dll

Deoptimization events (20 events):
Event: 835.805 Thread 0x000002063fb0e890 DEOPT PACKING pc=0x000002062f239084 sp=0x0000005a2f5f7c20
Event: 835.806 Thread 0x000002063fb0e890 DEOPT UNPACKING pc=0x000002062e8969a3 sp=0x0000005a2f5f7b28 mode 2
Event: 838.308 Thread 0x000002063fb0e890 Uncommon trap: trap_request=0xffffff45 fr.pc=0x000002062f23d384 relative=0x00000000000001e4
Event: 838.308 Thread 0x000002063fb0e890 Uncommon trap: reason=unstable_if action=reinterpret pc=0x000002062f23d384 method=java.util.concurrent.locks.AbstractQueuedSynchronizer$ConditionObject.unlinkCancelledWaiters(Ljava/util/concurrent/locks/AbstractQueuedSynchronizer$ConditionNode;)V @ 16 c2
Event: 838.308 Thread 0x000002063fb0e890 DEOPT PACKING pc=0x000002062f23d384 sp=0x0000005a2f5f7e80
Event: 838.310 Thread 0x000002063fb0e890 DEOPT UNPACKING pc=0x000002062e8969a3 sp=0x0000005a2f5f7e10 mode 2
Event: 865.926 Thread 0x000002063fb0e890 DEOPT PACKING pc=0x00000206274ac39b sp=0x0000005a2f5f7d50
Event: 865.927 Thread 0x000002063fb0e890 DEOPT UNPACKING pc=0x000002062e897143 sp=0x0000005a2f5f7270 mode 0
Event: 865.927 Thread 0x000002063fb0e890 Uncommon trap: trap_request=0xffffff45 fr.pc=0x000002062efba4e4 relative=0x0000000000000064
Event: 865.927 Thread 0x000002063fb0e890 Uncommon trap: reason=unstable_if action=reinterpret pc=0x000002062efba4e4 method=java.io.WinNTFileSystem.isSlash(C)Z @ 9 c2
Event: 865.927 Thread 0x000002063fb0e890 DEOPT PACKING pc=0x000002062efba4e4 sp=0x0000005a2f5f7d70
Event: 865.927 Thread 0x000002063fb0e890 DEOPT UNPACKING pc=0x000002062e8969a3 sp=0x0000005a2f5f7cf8 mode 2
Event: 1451.195 Thread 0x000002063fb0e890 Uncommon trap: trap_request=0xffffff45 fr.pc=0x000002062f21b2c4 relative=0x0000000000000124
Event: 1451.195 Thread 0x000002063fb0e890 Uncommon trap: reason=unstable_if action=reinterpret pc=0x000002062f21b2c4 method=org.gradle.internal.time.DefaultCountdownTimer.hasExpired()Z @ 6 c2
Event: 1451.195 Thread 0x000002063fb0e890 DEOPT PACKING pc=0x000002062f21b2c4 sp=0x0000005a2f5f8060
Event: 1451.196 Thread 0x000002063fb0e890 DEOPT UNPACKING pc=0x000002062e8969a3 sp=0x0000005a2f5f8028 mode 2
Event: 1451.196 Thread 0x000002063fb0e890 Uncommon trap: trap_request=0xffffff45 fr.pc=0x000002062f03d074 relative=0x0000000000006994
Event: 1451.196 Thread 0x000002063fb0e890 Uncommon trap: reason=unstable_if action=reinterpret pc=0x000002062f03d074 method=org.gradle.internal.io.ExponentialBackoff.retryUntil(Lorg/gradle/internal/io/IOQuery;)Ljava/lang/Object; @ 25 c2
Event: 1451.196 Thread 0x000002063fb0e890 DEOPT PACKING pc=0x000002062f03d074 sp=0x0000005a2f5f80c0
Event: 1451.197 Thread 0x000002063fb0e890 DEOPT UNPACKING pc=0x000002062e8969a3 sp=0x0000005a2f5f8148 mode 2

Classes loaded (20 events):
Event: 646.457 Loading class java/lang/Byte$ByteCache
Event: 646.457 Loading class java/lang/Byte$ByteCache done
Event: 646.565 Loading class java/util/regex/Pattern$SliceI
Event: 646.565 Loading class java/util/regex/Pattern$SliceI done
Event: 649.395 Loading class jdk/internal/loader/URLClassPath$FileLoader
Event: 649.396 Loading class jdk/internal/loader/URLClassPath$FileLoader done
Event: 649.407 Loading class jdk/internal/loader/URLClassPath$FileLoader$1
Event: 649.407 Loading class jdk/internal/loader/URLClassPath$FileLoader$1 done
Event: 649.859 Loading class java/lang/AbstractMethodError
Event: 649.859 Loading class java/lang/AbstractMethodError done
Event: 649.919 Loading class java/time/temporal/WeekFields
Event: 649.919 Loading class java/time/temporal/WeekFields done
Event: 649.919 Loading class java/time/temporal/WeekFields$ComputedDayOfField
Event: 649.919 Loading class java/time/temporal/WeekFields$ComputedDayOfField done
Event: 649.925 Loading class java/time/Month$1
Event: 649.925 Loading class java/time/Month$1 done
Event: 649.929 Loading class java/nio/channels/Channels
Event: 649.929 Loading class java/nio/channels/Channels done
Event: 649.929 Loading class java/nio/channels/Channels$1
Event: 649.929 Loading class java/nio/channels/Channels$1 done

Classes unloaded (0 events):
No events

Classes redefined (0 events):
No events

Internal exceptions (20 events):
Event: 650.415 Thread 0x000002063fb0e890 Exception <a 'java/lang/ClassNotFoundException'{0x000000008405cf48}: org/gradle/api/internal/initialization/DefaultScriptHandlerBeanInfo> (0x000000008405cf48) 
thrown [s\src\hotspot\share\classfile\systemDictionary.cpp, line 256]
Event: 650.416 Thread 0x000002063fb0e890 Exception <a 'java/lang/ClassNotFoundException'{0x000000008406e8a8}: org/gradle/api/internal/initialization/DefaultScriptHandlerCustomizer> (0x000000008406e8a8) 
thrown [s\src\hotspot\share\classfile\systemDictionary.cpp, line 256]
Event: 650.437 Thread 0x000002063fb0e890 Exception <a 'java/lang/ClassNotFoundException'{0x0000000088e80998}: org/gradle/api/internal/artifacts/dsl/DefaultRepositoryHandler_DecoratedBeanInfo> (0x0000000088e80998) 
thrown [s\src\hotspot\share\classfile\systemDictionary.cpp, line 256]
Event: 650.439 Thread 0x000002063fb0e890 Exception <a 'java/lang/ClassNotFoundException'{0x0000000088e98b78}: org/gradle/api/internal/artifacts/dsl/DefaultRepositoryHandlerBeanInfo> (0x0000000088e98b78) 
thrown [s\src\hotspot\share\classfile\systemDictionary.cpp, line 256]
Event: 650.440 Thread 0x000002063fb0e890 Exception <a 'java/lang/ClassNotFoundException'{0x0000000088eb17a8}: org/gradle/api/internal/artifacts/DefaultArtifactRepositoryContainerBeanInfo> (0x0000000088eb17a8) 
thrown [s\src\hotspot\share\classfile\systemDictionary.cpp, line 256]
Event: 650.440 Thread 0x000002063fb0e890 Exception <a 'java/lang/ClassNotFoundException'{0x0000000088ec6360}: org/gradle/api/internal/DefaultNamedDomainObjectListBeanInfo> (0x0000000088ec6360) 
thrown [s\src\hotspot\share\classfile\systemDictionary.cpp, line 256]
Event: 650.441 Thread 0x000002063fb0e890 Exception <a 'java/lang/ClassNotFoundException'{0x0000000088edb380}: org/gradle/api/internal/DefaultNamedDomainObjectCollectionBeanInfo> (0x0000000088edb380) 
thrown [s\src\hotspot\share\classfile\systemDictionary.cpp, line 256]
Event: 650.442 Thread 0x000002063fb0e890 Exception <a 'java/lang/ClassNotFoundException'{0x0000000088ef0520}: org/gradle/api/internal/DefaultDomainObjectCollectionBeanInfo> (0x0000000088ef0520) 
thrown [s\src\hotspot\share\classfile\systemDictionary.cpp, line 256]
Event: 650.443 Thread 0x000002063fb0e890 Exception <a 'java/lang/ClassNotFoundException'{0x0000000088d05700}: org/gradle/api/internal/DefaultDomainObjectCollectionCustomizer> (0x0000000088d05700) 
thrown [s\src\hotspot\share\classfile\systemDictionary.cpp, line 256]
Event: 650.453 Thread 0x000002063fb0e890 Exception <a 'java/lang/ClassNotFoundException'{0x0000000088d42948}: org/gradle/api/internal/DefaultNamedDomainObjectCollectionCustomizer> (0x0000000088d42948) 
thrown [s\src\hotspot\share\classfile\systemDictionary.cpp, line 256]
Event: 650.456 Thread 0x000002063fb0e890 Exception <a 'java/lang/ClassNotFoundException'{0x0000000088d8a680}: org/gradle/api/internal/DefaultNamedDomainObjectListCustomizer> (0x0000000088d8a680) 
thrown [s\src\hotspot\share\classfile\systemDictionary.cpp, line 256]
Event: 650.460 Thread 0x000002063fb0e890 Exception <a 'java/lang/ClassNotFoundException'{0x0000000088dcef90}: org/gradle/api/internal/artifacts/DefaultArtifactRepositoryContainerCustomizer> (0x0000000088dcef90) 
thrown [s\src\hotspot\share\classfile\systemDictionary.cpp, line 256]
Event: 650.463 Thread 0x000002063fb0e890 Exception <a 'java/lang/ClassNotFoundException'{0x0000000088c0fa80}: org/gradle/api/internal/artifacts/dsl/DefaultRepositoryHandlerCustomizer> (0x0000000088c0fa80) 
thrown [s\src\hotspot\share\classfile\systemDictionary.cpp, line 256]
Event: 650.467 Thread 0x000002063fb0e890 Exception <a 'java/lang/ClassNotFoundException'{0x0000000088c5e0c0}: org/gradle/api/internal/artifacts/dsl/DefaultRepositoryHandler_DecoratedCustomizer> (0x0000000088c5e0c0) 
thrown [s\src\hotspot\share\classfile\systemDictionary.cpp, line 256]
Event: 650.479 Thread 0x000002063fb0e890 Exception <a 'java/lang/ClassNotFoundException'{0x0000000088cf1870}: org/gradle/api/internal/artifacts/dsl/dependencies/DefaultDependencyHandler_DecoratedBeanInfo> (0x0000000088cf1870) 
thrown [s\src\hotspot\share\classfile\systemDictionary.cpp, line 256]
Event: 650.481 Thread 0x000002063fb0e890 Exception <a 'java/lang/ClassNotFoundException'{0x0000000088b099d0}: org/gradle/api/internal/artifacts/dsl/dependencies/DefaultDependencyHandlerBeanInfo> (0x0000000088b099d0) 
thrown [s\src\hotspot\share\classfile\systemDictionary.cpp, line 256]
Event: 650.483 Thread 0x000002063fb0e890 Exception <a 'java/lang/ClassNotFoundException'{0x0000000088b21308}: org/gradle/api/internal/artifacts/dsl/dependencies/DefaultDependencyHandlerCustomizer> (0x0000000088b21308) 
thrown [s\src\hotspot\share\classfile\systemDictionary.cpp, line 256]
Event: 650.486 Thread 0x000002063fb0e890 Exception <a 'java/lang/ClassNotFoundException'{0x0000000088b6b258}: org/gradle/api/internal/artifacts/dsl/dependencies/DefaultDependencyHandler_DecoratedCustomizer> (0x0000000088b6b258) 
thrown [s\src\hotspot\share\classfile\systemDictionary.cpp, line 256]
Event: 652.432 Thread 0x000002065f6a02c0 Implicit null exception at 0x000002062efe6bf2 to 0x000002062efe71c8
Event: 652.434 Thread 0x000002065f6a02c0 Implicit null exception at 0x000002062efcbef2 to 0x000002062efcc4d8

VM Operations (20 events):
Event: 8063.051 Executing VM operation: Cleanup done
Event: 8064.066 Executing VM operation: Cleanup
Event: 8064.082 Executing VM operation: Cleanup done
Event: 8065.097 Executing VM operation: Cleanup
Event: 8065.620 Executing VM operation: Cleanup done
Event: 8068.648 Executing VM operation: Cleanup
Event: 8068.768 Executing VM operation: Cleanup done
Event: 8070.784 Executing VM operation: Cleanup
Event: 8070.849 Executing VM operation: Cleanup done
Event: 8079.058 Executing VM operation: G1CollectForAllocation
Event: 8081.535 Executing VM operation: G1CollectForAllocation done
Event: 8083.012 Executing VM operation: G1CollectForAllocation
Event: 8090.506 Executing VM operation: G1CollectForAllocation done
Event: 8093.226 Executing VM operation: G1CollectForAllocation
Event: 8111.402 Executing VM operation: G1CollectForAllocation done
Event: 8111.561 Executing VM operation: G1CollectForAllocation
Event: 8114.818 Executing VM operation: G1CollectForAllocation done
Event: 8115.342 Executing VM operation: G1CollectForAllocation
Event: 8116.312 Executing VM operation: G1CollectForAllocation done
Event: 8116.366 Executing VM operation: G1CollectForAllocation

Memory protections (0 events):
No events

Nmethod flushes (20 events):
Event: 483.417 Thread 0x000002063f1566a0 flushing  nmethod 0x0000020627becc90
Event: 483.417 Thread 0x000002063f1566a0 flushing  nmethod 0x0000020627bef890
Event: 483.417 Thread 0x000002063f1566a0 flushing  nmethod 0x0000020627bfc490
Event: 483.417 Thread 0x000002063f1566a0 flushing  nmethod 0x0000020627c1ff90
Event: 483.418 Thread 0x000002063f1566a0 flushing  nmethod 0x0000020627c2a290
Event: 483.418 Thread 0x000002063f1566a0 flushing  nmethod 0x0000020627c49f10
Event: 483.418 Thread 0x000002063f1566a0 flushing  nmethod 0x0000020627c4a410
Event: 483.418 Thread 0x000002063f1566a0 flushing  nmethod 0x0000020627c4b590
Event: 483.418 Thread 0x000002063f1566a0 flushing  nmethod 0x0000020627c4bd90
Event: 483.418 Thread 0x000002063f1566a0 flushing  nmethod 0x0000020627ca3c10
Event: 483.418 Thread 0x000002063f1566a0 flushing  nmethod 0x0000020627ca8610
Event: 483.418 Thread 0x000002063f1566a0 flushing  nmethod 0x0000020627ccc510
Event: 483.418 Thread 0x000002063f1566a0 flushing  nmethod 0x0000020627d85d90
Event: 483.418 Thread 0x000002063f1566a0 flushing  nmethod 0x0000020627d86110
Event: 649.451 Thread 0x000002063f1566a0 flushing  nmethod 0x000002062f2a3810
Event: 649.451 Thread 0x000002063f1566a0 flushing  nmethod 0x0000020627486110
Event: 649.454 Thread 0x000002063f1566a0 flushing  nmethod 0x0000020627795910
Event: 649.457 Thread 0x000002063f1566a0 flushing  nmethod 0x0000020627c25710
Event: 649.457 Thread 0x000002063f1566a0 flushing  nmethod 0x0000020627c25a90
Event: 649.457 Thread 0x000002063f1566a0 flushing  nmethod 0x0000020627c26310

Events (20 events):
Event: 646.446 Thread 0x000002063fb0e890 Thread added: 0x0000020660965a80
Event: 646.536 Thread 0x0000020661de1c10 Thread exited: 0x0000020661de1c10
Event: 646.695 Thread 0x000002065f424840 Thread added: 0x00000206623268c0
Event: 647.309 Thread 0x00000206623268c0 Thread exited: 0x00000206623268c0
Event: 649.909 Thread 0x000002063ee43800 Thread added: 0x0000020662328350
Event: 650.517 Thread 0x000002063fb0e890 Thread added: 0x00000206609673d0
Event: 651.959 Thread 0x000002065f424d90 Thread exited: 0x000002065f424d90
Event: 651.959 Thread 0x0000020662328350 Thread exited: 0x0000020662328350
Event: 652.514 Thread 0x000002065f424840 Thread exited: 0x000002065f424840
Event: 652.527 Thread 0x000002065f423da0 Thread exited: 0x000002065f423da0
Event: 656.743 Thread 0x000002063ee470a0 Thread added: 0x00000206623278b0
Event: 659.935 Thread 0x00000206623278b0 Thread exited: 0x00000206623278b0
Event: 1002.425 Thread 0x000002063ee470a0 Thread added: 0x0000020662325380
Event: 1007.476 Thread 0x0000020662325380 Thread exited: 0x0000020662325380
Event: 1453.273 Thread 0x000002063ee470a0 Thread added: 0x00000206623278b0
Event: 1454.342 Thread 0x00000206623278b0 Thread exited: 0x00000206623278b0
Event: 8062.193 Thread 0x000002063ee470a0 Thread added: 0x0000020662325380
Event: 8062.194 Thread 0x000002063ee470a0 Thread added: 0x0000020662325e20
Event: 8063.488 Thread 0x0000020662325e20 Thread exited: 0x0000020662325e20
Event: 8067.745 Thread 0x0000020662325380 Thread exited: 0x0000020662325380


Dynamic libraries:
0x00007ff687c40000 - 0x00007ff687c4e000 	C:\Program Files\Eclipse Adoptium\jdk-17.0.15.6-hotspot\bin\java.exe
0x00007fffc3680000 - 0x00007fffc38e6000 	C:\WINDOWS\SYSTEM32\ntdll.dll
0x00007fffc2160000 - 0x00007fffc2229000 	C:\WINDOWS\System32\KERNEL32.DLL
0x00007fffc0ae0000 - 0x00007fffc0eac000 	C:\WINDOWS\System32\KERNELBASE.dll
0x0000000070320000 - 0x00000000703bd000 	C:\ProgramData\Symantec\Symantec Endpoint Protection\14.3.9205.6000.105\Data\Sysfer\x64\sysfer.dll
0x00007fffc0810000 - 0x00007fffc095b000 	C:\WINDOWS\System32\ucrtbase.dll
0x00007fff9be20000 - 0x00007fff9be37000 	C:\Program Files\Eclipse Adoptium\jdk-17.0.15.6-hotspot\bin\jli.dll
0x00007fff99aa0000 - 0x00007fff99abe000 	C:\Program Files\Eclipse Adoptium\jdk-17.0.15.6-hotspot\bin\VCRUNTIME140.dll
0x00007fffc14c0000 - 0x00007fffc168a000 	C:\WINDOWS\System32\USER32.dll
0x00007fffa61a0000 - 0x00007fffa643a000 	C:\WINDOWS\WinSxS\amd64_microsoft.windows.common-controls_6595b64144ccf1df_6.0.26100.3912_none_3e07963ce335137e\COMCTL32.dll
0x00007fffc1360000 - 0x00007fffc1387000 	C:\WINDOWS\System32\win32u.dll
0x00007fffc1730000 - 0x00007fffc175b000 	C:\WINDOWS\System32\GDI32.dll
0x00007fffc3590000 - 0x00007fffc3639000 	C:\WINDOWS\System32\msvcrt.dll
0x00007fffc0f70000 - 0x00007fffc10a2000 	C:\WINDOWS\System32\gdi32full.dll
0x00007fffc1390000 - 0x00007fffc1433000 	C:\WINDOWS\System32\msvcp_win.dll
0x00007fffc2850000 - 0x00007fffc2880000 	C:\WINDOWS\System32\IMM32.DLL
0x00007fffa4250000 - 0x00007fffa425c000 	C:\Program Files\Eclipse Adoptium\jdk-17.0.15.6-hotspot\bin\vcruntime140_1.dll
0x00007fff7c670000 - 0x00007fff7c6fd000 	C:\Program Files\Eclipse Adoptium\jdk-17.0.15.6-hotspot\bin\msvcp140.dll
0x00007fff3e940000 - 0x00007fff3f5ab000 	C:\Program Files\Eclipse Adoptium\jdk-17.0.15.6-hotspot\bin\server\jvm.dll
0x00007fffc2e40000 - 0x00007fffc2ef2000 	C:\WINDOWS\System32\ADVAPI32.dll
0x00007fffc1760000 - 0x00007fffc1806000 	C:\WINDOWS\System32\sechost.dll
0x00007fffc2040000 - 0x00007fffc2156000 	C:\WINDOWS\System32\RPCRT4.dll
0x00007fffc3500000 - 0x00007fffc3574000 	C:\WINDOWS\System32\WS2_32.dll
0x00007fffc0680000 - 0x00007fffc06de000 	C:\WINDOWS\SYSTEM32\POWRPROF.dll
0x00007fffb52a0000 - 0x00007fffb52d6000 	C:\WINDOWS\SYSTEM32\WINMM.dll
0x00007fffa9820000 - 0x00007fffa982b000 	C:\WINDOWS\SYSTEM32\VERSION.dll
0x00007fffc0660000 - 0x00007fffc0674000 	C:\WINDOWS\SYSTEM32\UMPDC.dll
0x00007fffbf5d0000 - 0x00007fffbf5ea000 	C:\WINDOWS\SYSTEM32\kernel.appcore.dll
0x00007fffa41b0000 - 0x00007fffa41ba000 	C:\Program Files\Eclipse Adoptium\jdk-17.0.15.6-hotspot\bin\jimage.dll
0x00007fffbe100000 - 0x00007fffbe341000 	C:\WINDOWS\SYSTEM32\DBGHELP.DLL
0x00007fffc3000000 - 0x00007fffc3384000 	C:\WINDOWS\System32\combase.dll
0x00007fffc2b40000 - 0x00007fffc2c20000 	C:\WINDOWS\System32\OLEAUT32.dll
0x00007fff95100000 - 0x00007fff95139000 	C:\WINDOWS\SYSTEM32\dbgcore.DLL
0x00007fffc12c0000 - 0x00007fffc1359000 	C:\WINDOWS\System32\bcryptPrimitives.dll
0x00007fff988b0000 - 0x00007fff988d5000 	C:\Program Files\Eclipse Adoptium\jdk-17.0.15.6-hotspot\bin\java.dll
0x00007fff7c590000 - 0x00007fff7c667000 	C:\Program Files\Eclipse Adoptium\jdk-17.0.15.6-hotspot\bin\jsvml.dll
0x00007fffc1890000 - 0x00007fffc1fbd000 	C:\WINDOWS\System32\SHELL32.dll
0x00007fffc0960000 - 0x00007fffc0ad4000 	C:\WINDOWS\System32\wintypes.dll
0x00007fffbe450000 - 0x00007fffbeca6000 	C:\WINDOWS\SYSTEM32\windows.storage.dll
0x00007fffc2f00000 - 0x00007fffc2fef000 	C:\WINDOWS\System32\SHCORE.dll
0x00007fffc1820000 - 0x00007fffc1889000 	C:\WINDOWS\System32\shlwapi.dll
0x00007fffc0720000 - 0x00007fffc074f000 	C:\WINDOWS\SYSTEM32\profapi.dll
0x00007fff99a10000 - 0x00007fff99a29000 	C:\Program Files\Eclipse Adoptium\jdk-17.0.15.6-hotspot\bin\net.dll
0x00007fffaf2b0000 - 0x00007fffaf3ce000 	C:\WINDOWS\SYSTEM32\WINHTTP.dll
0x00007fffbfb40000 - 0x00007fffbfbaa000 	C:\WINDOWS\system32\mswsock.dll
0x00007fff98f80000 - 0x00007fff98f96000 	C:\Program Files\Eclipse Adoptium\jdk-17.0.15.6-hotspot\bin\nio.dll
0x00007fff98520000 - 0x00007fff98538000 	C:\Program Files\Eclipse Adoptium\jdk-17.0.15.6-hotspot\bin\zip.dll
0x00007fffa4150000 - 0x00007fffa4160000 	C:\Program Files\Eclipse Adoptium\jdk-17.0.15.6-hotspot\bin\verify.dll
0x00007fff98930000 - 0x00007fff98957000 	C:\Users\karth\.gradle\native\68d5fa5c4cc2d200863cafc0d521ce42e7d3e7ee720ec0a83991735586a16f82\windows-amd64\native-platform.dll
0x00007fff7c440000 - 0x00007fff7c584000 	C:\Users\karth\.gradle\native\e376f236ea51e6404a007f0833ffe2c6e607c4080706a723a18a27aeea778392\windows-amd64\native-platform-file-events.dll
0x00007fffa0910000 - 0x00007fffa091a000 	C:\Program Files\Eclipse Adoptium\jdk-17.0.15.6-hotspot\bin\management.dll
0x00007fffa0830000 - 0x00007fffa083b000 	C:\Program Files\Eclipse Adoptium\jdk-17.0.15.6-hotspot\bin\management_ext.dll
0x00007fffc3580000 - 0x00007fffc3588000 	C:\WINDOWS\System32\PSAPI.DLL
0x00007fffbfde0000 - 0x00007fffbfdfc000 	C:\WINDOWS\SYSTEM32\CRYPTSP.dll
0x00007fffbf530000 - 0x00007fffbf56a000 	C:\WINDOWS\system32\rsaenh.dll
0x00007fffbfbe0000 - 0x00007fffbfc0b000 	C:\WINDOWS\SYSTEM32\USERENV.dll
0x00007fffc06f0000 - 0x00007fffc0716000 	C:\WINDOWS\SYSTEM32\bcrypt.dll
0x00007fffbfe00000 - 0x00007fffbfe0c000 	C:\WINDOWS\SYSTEM32\CRYPTBASE.dll
0x00007fffbf070000 - 0x00007fffbf0a3000 	C:\WINDOWS\SYSTEM32\IPHLPAPI.DLL
0x00007fffc2740000 - 0x00007fffc274a000 	C:\WINDOWS\System32\NSI.dll
0x00007fffb72a0000 - 0x00007fffb72bf000 	C:\WINDOWS\SYSTEM32\dhcpcsvc6.DLL
0x00007fffb7030000 - 0x00007fffb7055000 	C:\WINDOWS\SYSTEM32\dhcpcsvc.DLL
0x00007fffbf140000 - 0x00007fffbf267000 	C:\WINDOWS\SYSTEM32\DNSAPI.dll
0x00007fff9c160000 - 0x00007fff9c169000 	C:\Program Files\Eclipse Adoptium\jdk-17.0.15.6-hotspot\bin\extnet.dll
0x00007fff9bf40000 - 0x00007fff9bf4e000 	C:\Program Files\Eclipse Adoptium\jdk-17.0.15.6-hotspot\bin\sunmscapi.dll
0x00007fffc10b0000 - 0x00007fffc1227000 	C:\WINDOWS\System32\CRYPT32.dll
0x00007fffbfff0000 - 0x00007fffc0020000 	C:\WINDOWS\SYSTEM32\ncrypt.dll
0x00007fffbffa0000 - 0x00007fffbffdf000 	C:\WINDOWS\SYSTEM32\NTASN1.dll
0x00007fffa3df0000 - 0x00007fffa3df8000 	C:\WINDOWS\system32\wshunix.dll

dbghelp: loaded successfully - version: 4.0.5 - missing functions: none
symbol engine: initialized successfully - sym options: 0x614 - pdb path: .;C:\Program Files\Eclipse Adoptium\jdk-17.0.15.6-hotspot\bin;C:\WINDOWS\SYSTEM32;C:\ProgramData\Symantec\Symantec Endpoint Protection\14.3.9205.6000.105\Data\Sysfer\x64;C:\WINDOWS\WinSxS\amd64_microsoft.windows.common-controls_6595b64144ccf1df_6.0.26100.3912_none_3e07963ce335137e;C:\Program Files\Eclipse Adoptium\jdk-17.0.15.6-hotspot\bin\server;C:\Users\karth\.gradle\native\68d5fa5c4cc2d200863cafc0d521ce42e7d3e7ee720ec0a83991735586a16f82\windows-amd64;C:\Users\karth\.gradle\native\e376f236ea51e6404a007f0833ffe2c6e607c4080706a723a18a27aeea778392\windows-amd64

VM Arguments:
jvm_args: -XX:MaxMetaspaceSize=512m --add-opens=java.base/java.util=ALL-UNNAMED --add-opens=java.base/java.lang=ALL-UNNAMED --add-opens=java.base/java.lang.invoke=ALL-UNNAMED --add-opens=java.prefs/java.util.prefs=ALL-UNNAMED --add-opens=java.base/java.nio.charset=ALL-UNNAMED --add-opens=java.base/java.net=ALL-UNNAMED --add-opens=java.base/java.util.concurrent.atomic=ALL-UNNAMED -Xmx2048m -Dfile.encoding=UTF-8 -Duser.country=CA -Duser.language=en -Duser.variant 
java_command: org.gradle.launcher.daemon.bootstrap.GradleDaemon 8.0.1
java_class_path (initial): C:\Users\karth\.gradle\wrapper\dists\gradle-8.0.1-all\aro4hu1c3oeioove7l0i4i14o\gradle-8.0.1\lib\gradle-launcher-8.0.1.jar
Launcher Type: SUN_STANDARD

[Global flags]
     intx CICompilerCount                          = 12                                        {product} {ergonomic}
   size_t CompressedClassSpaceSize                 = 436207616                                 {product} {ergonomic}
     uint ConcGCThreads                            = 3                                         {product} {ergonomic}
     uint G1ConcRefinementThreads                  = 13                                        {product} {ergonomic}
   size_t G1HeapRegionSize                         = 1048576                                   {product} {ergonomic}
    uintx GCDrainStackTargetSize                   = 64                                        {product} {ergonomic}
   size_t InitialHeapSize                          = 264241152                                 {product} {ergonomic}
   size_t MarkStackSize                            = 4194304                                   {product} {ergonomic}
   size_t MaxHeapSize                              = 2147483648                                {product} {command line}
   size_t MaxMetaspaceSize                         = 536870912                                 {product} {command line}
   size_t MaxNewSize                               = 1287651328                                {product} {ergonomic}
   size_t MinHeapDeltaBytes                        = 1048576                                   {product} {ergonomic}
   size_t MinHeapSize                              = 8388608                                   {product} {ergonomic}
    uintx NonNMethodCodeHeapSize                   = 7602480                                {pd product} {ergonomic}
    uintx NonProfiledCodeHeapSize                  = 122027880                              {pd product} {ergonomic}
    uintx ProfiledCodeHeapSize                     = 122027880                              {pd product} {ergonomic}
    uintx ReservedCodeCacheSize                    = 251658240                              {pd product} {ergonomic}
     bool SegmentedCodeCache                       = true                                      {product} {ergonomic}
   size_t SoftMaxHeapSize                          = 2147483648                             {manageable} {ergonomic}
     bool UseCompressedClassPointers               = true                           {product lp64_product} {ergonomic}
     bool UseCompressedOops                        = true                           {product lp64_product} {ergonomic}
     bool UseG1GC                                  = true                                      {product} {ergonomic}
     bool UseLargePagesIndividualAllocation        = false                                  {pd product} {ergonomic}

Logging:
Log output configuration:
 #0: stdout all=warning uptime,level,tags
 #1: stderr all=off uptime,level,tags

Environment Variables:
JAVA_HOME=C:\Program Files\Java\jdk-23
CLASSPATH=C:\Users\karth\CascadeProjects\MobileAppAndroid\android\\gradle\wrapper\gradle-wrapper.jar
PATH=C:\Users\karth\CascadeProjects\MobileAppAndroid\node_modules\.bin;C:\Users\karth\CascadeProjects\MobileAppAndroid\node_modules\.bin;C:\Users\karth\CascadeProjects\node_modules\.bin;C:\Users\karth\node_modules\.bin;C:\Users\node_modules\.bin;C:\node_modules\.bin;C:\Program Files\nodejs\node_modules\npm\node_modules\@npmcli\run-script\lib\node-gyp-bin;C:\Users\karth\CascadeProjects\MobileAppAndroid\node_modules\.bin;C:\Users\karth\CascadeProjects\MobileAppAndroid\node_modules\.bin;C:\Users\karth\CascadeProjects\node_modules\.bin;C:\Users\karth\node_modules\.bin;C:\Users\node_modules\.bin;C:\node_modules\.bin;C:\Program Files\nodejs\node_modules\npm\node_modules\@npmcli\run-script\lib\node-gyp-bin;C:\Program Files\Eclipse Adoptium\jdk-17.0.15.6-hotspot\bin;C:\Program Files\Common Files\Oracle\Java\javapath;C:\WINDOWS\system32;C:\WINDOWS;C:\WINDOWS\System32\Wbem;C:\WINDOWS\System32\WindowsPowerShell\v1.0\;C:\WINDOWS\System32\OpenSSH\;C:\Program Files\nodejs\;C:\Program Files (x86)\nikto\program;C:\Program Files (x86)\curl;D:\GoWorkspace\bin;C:\Program Files\Go\bin;C:\Program Files\Git\cmd;C:\Users\karth\AppData\Local\Android\Sdk;C:\Users\karth\AppData\Local\Android\Sdk\platform-tools;C:\Program Files\Eclipse Adoptium\jdk-17.0.15.6-hotspot\bin;C:\Program Files\Common Files\Oracle\Java\javapath;C:\WINDOWS\system32;C:\WINDOWS;C:\WINDOWS\System32\Wbem;C:\WINDOWS\System32\WindowsPowerShell\v1.0\;C:\WINDOWS\System32\OpenSSH\;C:\Program Files\nodejs\;C:\Program Files\Git\cmd;C:\Users\karth\AppData\Local\Microsoft\WindowsApps;C:\Users\karth\AppData\Local\Programs\Microsoft VS Code\bin;C:\Users\karth\AppData\Roaming\npm;C:\Users\karth\go\bin;C:\Users\karth\AppData\Local\Programs\Windsurf\bin
USERNAME=karth
OS=Windows_NT
PROCESSOR_IDENTIFIER=Intel64 Family 6 Model 154 Stepping 3, GenuineIntel
TMP=C:\Users\karth\AppData\Local\Temp
TEMP=C:\Users\karth\AppData\Local\Temp



Periodic native trim disabled


---------------  S Y S T E M  ---------------

OS:
 Windows 11 , 64 bit Build 26100 (10.0.26100.3912)
OS uptime: 10 days 15:58 hours
Hyper-V role detected

CPU: total 16 (initial active 16) (8 cores per cpu, 2 threads per core) family 6 model 154 stepping 3 microcode 0x416, cx8, cmov, fxsr, ht, mmx, 3dnowpref, sse, sse2, sse3, ssse3, sse4.1, sse4.2, popcnt, lzcnt, tsc, tscinvbit, avx, avx2, aes, erms, clmul, bmi1, bmi2, adx, sha, fma, vzeroupper, clflush, clflushopt, clwb, hv
Processor Information for processor 0
  Max Mhz: 2100, Current Mhz: 2100, Mhz Limit: 2100
Processor Information for processor 1
  Max Mhz: 2100, Current Mhz: 2100, Mhz Limit: 2100
Processor Information for processor 2
  Max Mhz: 2100, Current Mhz: 2100, Mhz Limit: 2100
Processor Information for processor 3
  Max Mhz: 2100, Current Mhz: 2100, Mhz Limit: 2100
Processor Information for processor 4
  Max Mhz: 2100, Current Mhz: 2100, Mhz Limit: 2100
Processor Information for processor 5
  Max Mhz: 2100, Current Mhz: 2100, Mhz Limit: 2100
Processor Information for processor 6
  Max Mhz: 2100, Current Mhz: 2100, Mhz Limit: 2100
Processor Information for processor 7
  Max Mhz: 2100, Current Mhz: 2100, Mhz Limit: 2100
Processor Information for processor 8
  Max Mhz: 2100, Current Mhz: 1500, Mhz Limit: 1491
Processor Information for processor 9
  Max Mhz: 2100, Current Mhz: 1500, Mhz Limit: 1491
Processor Information for processor 10
  Max Mhz: 2100, Current Mhz: 1500, Mhz Limit: 1491
Processor Information for processor 11
  Max Mhz: 2100, Current Mhz: 1500, Mhz Limit: 1491
Processor Information for processor 12
  Max Mhz: 2100, Current Mhz: 1500, Mhz Limit: 1491
Processor Information for processor 13
  Max Mhz: 2100, Current Mhz: 1500, Mhz Limit: 1491
Processor Information for processor 14
  Max Mhz: 2100, Current Mhz: 1500, Mhz Limit: 1491
Processor Information for processor 15
  Max Mhz: 2100, Current Mhz: 1500, Mhz Limit: 1491

Memory: 4k page, system-wide physical 16088M (3M free)
TotalPageFile size 64210M (AvailPageFile size 31M)
current process WorkingSet (physical memory assigned to process): 18M, peak: 239M
current process commit charge ("private bytes"): 387M, peak: 493M

vm_info: OpenJDK 64-Bit Server VM (17.0.15+6) for windows-amd64 JRE (17.0.15+6), built on Apr 15 2025 21:25:47 by "admin" with MS VC++ 17.7 (VS2022)

END.
