#
# There is insufficient memory for the Java Runtime Environment to continue.
# Native memory allocation (mmap) failed to map 90177536 bytes. Error detail: G1 virtual space
# Possible reasons:
#   The system is out of physical RAM or swap space
#   This process is running with CompressedOops enabled, and the Java Heap may be blocking the growth of the native heap
# Possible solutions:
#   Reduce memory load on the system
#   Increase physical memory or swap space
#   Check if swap backing store is full
#   Decrease Java heap size (-Xmx/-Xms)
#   Decrease number of Java threads
#   Decrease Java thread stack sizes (-Xss)
#   Set larger code cache with -XX:ReservedCodeCacheSize=
#   JVM is running with Unscaled Compressed Oops mode in which the Java heap is
#     placed in the first 4GB address space. The Java Heap base address is the
#     maximum limit for the native heap growth. Please use -XX:HeapBaseMinAddress
#     to set the Java Heap base and to place the Java Heap above 4GB virtual address.
# This output file may be truncated or incomplete.
#
#  Out of Memory Error (os_windows.cpp:3618), pid=49724, tid=47832
#
# JRE version: OpenJDK Runtime Environment Temurin-17.0.15+6 (17.0.15+6) (build 17.0.15+6)
# Java VM: OpenJDK 64-Bit Server VM Temurin-17.0.15+6 (17.0.15+6, mixed mode, sharing, tiered, compressed oops, compressed class ptrs, g1 gc, windows-amd64)
# No core dump will be written. Minidumps are not enabled by default on client versions of Windows
#

---------------  S U M M A R Y ------------

Command Line: -XX:MaxMetaspaceSize=512m --add-opens=java.base/java.util=ALL-UNNAMED --add-opens=java.base/java.lang=ALL-UNNAMED --add-opens=java.base/java.lang.invoke=ALL-UNNAMED --add-opens=java.prefs/java.util.prefs=ALL-UNNAMED --add-opens=java.base/java.nio.charset=ALL-UNNAMED --add-opens=java.base/java.net=ALL-UNNAMED --add-opens=java.base/java.util.concurrent.atomic=ALL-UNNAMED -Xmx2048m -Dfile.encoding=UTF-8 -Duser.country=CA -Duser.language=en -Duser.variant org.gradle.launcher.daemon.bootstrap.GradleDaemon 8.0.1

Host: 12th Gen Intel(R) Core(TM) i7-1260P, 16 cores, 15G,  Windows 11 , 64 bit Build 26100 (10.0.26100.3912)
Time: Mon May 26 02:11:48 2025 Eastern Daylight Time elapsed time: 8325.706853 seconds (0d 2h 18m 45s)

---------------  T H R E A D  ---------------

Current thread (0x000001ddfc739010):  VMThread "VM Thread" [stack: 0x00000002c4500000,0x00000002c4600000] [id=47832]

Stack: [0x00000002c4500000,0x00000002c4600000]
Native frames: (J=compiled Java code, j=interpreted, Vv=VM code, C=native code)
V  [jvm.dll+0x682fc9]
V  [jvm.dll+0x839878]
V  [jvm.dll+0x83b323]
V  [jvm.dll+0x83b993]
V  [jvm.dll+0x24725f]
V  [jvm.dll+0x67fda9]
V  [jvm.dll+0x674c9a]
V  [jvm.dll+0x304d06]
V  [jvm.dll+0x30c1c6]
V  [jvm.dll+0x35dd4e]
V  [jvm.dll+0x35df8d]
V  [jvm.dll+0x2dc0cc]
V  [jvm.dll+0x2da46f]
V  [jvm.dll+0x2d9bdc]
V  [jvm.dll+0x31d3bb]
V  [jvm.dll+0x8401cd]
V  [jvm.dll+0x840f03]
V  [jvm.dll+0x84142f]
V  [jvm.dll+0x841814]
V  [jvm.dll+0x8418de]
V  [jvm.dll+0x7e94dc]
V  [jvm.dll+0x681ea7]
C  [ucrtbase.dll+0x37b0]
C  [KERNEL32.DLL+0x2e8d7]
C  [ntdll.dll+0x9c5dc]

VM_Operation (0x00000002c57fe850): G1CollectForAllocation, mode: safepoint, requested by thread 0x000001ddfe85f040


---------------  P R O C E S S  ---------------

Threads class SMR info:
_java_thread_list=0x000001ddfe9ebcb0, length=80, elements={
0x000001ddec3a26e0, 0x000001ddfc73cb60, 0x000001ddfc73e1a0, 0x000001ddfc750290,
0x000001ddfc752c70, 0x000001ddfc753540, 0x000001ddfc753e10, 0x000001ddfc75e8d0,
0x000001ddfcc34180, 0x000001ddfcc387c0, 0x000001ddfcd7d4e0, 0x000001ddfcd80010,
0x000001ddfe85f040, 0x000001ddfd8dde50, 0x000001ddfdc35510, 0x000001ddfcede0e0,
0x000001ddfd875bc0, 0x000001ddfd80a0c0, 0x000001ddfdecc810, 0x000001ddfdec9060,
0x000001ddfdec9f90, 0x000001ddfdecb8e0, 0x000001ddfdec9570, 0x000001ddfdeca4a0,
0x000001ddfdecb3d0, 0x000001ddfdecc300, 0x000001ddfdecaec0, 0x000001ddff4efe40,
0x000001ddff4f3b00, 0x000001ddff4f1ca0, 0x000001ddff4f0350, 0x000001ddff4f35f0,
0x000001ddff4f1790, 0x000001ddff4f30e0, 0x000001ddff4f21b0, 0x000001ddff4f0860,
0x000001ddff4f4520, 0x000001ddff4f26c0, 0x000001ddff4f0d70, 0x000001ddff4f1280,
0x000001ddff4f4a30, 0x000001ddff4f6380, 0x000001ddff4f4f40, 0x000001ddff4f6890,
0x000001ddff4f5960, 0x000001ddff4f77c0, 0x000001ddff4f5450, 0x000001ddff4f6da0,
0x000001ddff4f5e70, 0x000001ddff4f72b0, 0x000001ddfdec9a80, 0x000001ddfdeca9b0,
0x000001ddae743c90, 0x000001ddae7441a0, 0x000001ddae7450d0, 0x000001ddae7455e0,
0x000001ddae743270, 0x000001ddae7446b0, 0x000001ddae742850, 0x000001ddae744bc0,
0x000001ddae741e30, 0x000001ddae742d60, 0x000001ddae743780, 0x000001ddae745af0,
0x000001ddae742340, 0x000001ddae748880, 0x000001ddae748d90, 0x000001ddae746f30,
0x000001ddae7497b0, 0x000001ddae7492a0, 0x000001ddae747950, 0x000001ddae746000,
0x000001ddae746510, 0x000001ddae746a20, 0x000001ddae748370, 0x000001ddae747440,
0x000001ddae747e60, 0x000001ddff4f9290, 0x000001ddff4fabe0, 0x000001ddff4f8d80
}

Java Threads: ( => current thread )
  0x000001ddec3a26e0 JavaThread "main" [_thread_blocked, id=18124, stack(0x00000002c3f00000,0x00000002c4000000)]
  0x000001ddfc73cb60 JavaThread "Reference Handler" daemon [_thread_blocked, id=49132, stack(0x00000002c4600000,0x00000002c4700000)]
  0x000001ddfc73e1a0 JavaThread "Finalizer" daemon [_thread_blocked, id=44364, stack(0x00000002c4700000,0x00000002c4800000)]
  0x000001ddfc750290 JavaThread "Signal Dispatcher" daemon [_thread_blocked, id=57160, stack(0x00000002c4800000,0x00000002c4900000)]
  0x000001ddfc752c70 JavaThread "Attach Listener" daemon [_thread_blocked, id=63296, stack(0x00000002c4900000,0x00000002c4a00000)]
  0x000001ddfc753540 JavaThread "Service Thread" daemon [_thread_blocked, id=10500, stack(0x00000002c4a00000,0x00000002c4b00000)]
  0x000001ddfc753e10 JavaThread "Monitor Deflation Thread" daemon [_thread_blocked, id=29192, stack(0x00000002c4b00000,0x00000002c4c00000)]
  0x000001ddfc75e8d0 JavaThread "C2 CompilerThread0" daemon [_thread_blocked, id=32452, stack(0x00000002c4c00000,0x00000002c4d00000)]
  0x000001ddfcc34180 JavaThread "C1 CompilerThread0" daemon [_thread_blocked, id=67884, stack(0x00000002c4d00000,0x00000002c4e00000)]
  0x000001ddfcc387c0 JavaThread "Sweeper thread" daemon [_thread_blocked, id=36920, stack(0x00000002c4e00000,0x00000002c4f00000)]
  0x000001ddfcd7d4e0 JavaThread "Common-Cleaner" daemon [_thread_blocked, id=39380, stack(0x00000002c4f00000,0x00000002c5000000)]
  0x000001ddfcd80010 JavaThread "Notification Thread" daemon [_thread_blocked, id=18412, stack(0x00000002c5000000,0x00000002c5100000)]
  0x000001ddfe85f040 JavaThread "Daemon health stats" [_thread_blocked, id=41968, stack(0x00000002c5700000,0x00000002c5800000)]
  0x000001ddfd8dde50 JavaThread "Incoming local TCP Connector on port 34180" [_thread_in_native, id=4296, stack(0x00000002c5800000,0x00000002c5900000)]
  0x000001ddfdc35510 JavaThread "Daemon periodic checks" [_thread_blocked, id=35088, stack(0x00000002c3c00000,0x00000002c3d00000)]
  0x000001ddfcede0e0 JavaThread "Daemon" [_thread_blocked, id=13780, stack(0x00000002c5b00000,0x00000002c5c00000)]
  0x000001ddfd875bc0 JavaThread "Handler for socket connection from /127.0.0.1:34180 to /127.0.0.1:34218" [_thread_in_native, id=23020, stack(0x00000002c5c00000,0x00000002c5d00000)]
  0x000001ddfd80a0c0 JavaThread "Cancel handler" [_thread_blocked, id=36372, stack(0x00000002c5d00000,0x00000002c5e00000)]
  0x000001ddfdecc810 JavaThread "Daemon worker" [_thread_blocked, id=53752, stack(0x00000002c6000000,0x00000002c6100000)]
  0x000001ddfdec9060 JavaThread "Asynchronous log dispatcher for DefaultDaemonConnection: socket connection from /127.0.0.1:34180 to /127.0.0.1:34218" [_thread_blocked, id=43612, stack(0x00000002c6100000,0x00000002c6200000)]
  0x000001ddfdec9f90 JavaThread "Daemon client event forwarder" [_thread_blocked, id=31132, stack(0x00000002c6300000,0x00000002c6400000)]
  0x000001ddfdecb8e0 JavaThread "Cache worker for journal cache (C:\Users\karth\.gradle\caches\journal-1)" [_thread_blocked, id=64952, stack(0x00000002c6400000,0x00000002c6500000)]
  0x000001ddfdec9570 JavaThread "File lock request listener" [_thread_in_native, id=64732, stack(0x00000002c6500000,0x00000002c6600000)]
  0x000001ddfdeca4a0 JavaThread "Cache worker for file hash cache (C:\Users\karth\.gradle\caches\8.0.1\fileHashes)" [_thread_blocked, id=63104, stack(0x00000002c6a00000,0x00000002c6b00000)]
  0x000001ddfdecb3d0 JavaThread "File watcher server" daemon [_thread_in_native, id=21288, stack(0x00000002c6b00000,0x00000002c6c00000)]
  0x000001ddfdecc300 JavaThread "File watcher consumer" daemon [_thread_blocked, id=11592, stack(0x00000002c6c00000,0x00000002c6d00000)]
  0x000001ddfdecaec0 JavaThread "Cache worker for checksums cache (C:\Users\karth\CascadeProjects\MobileAppAndroid\android\.gradle\8.0.1\checksums)" [_thread_blocked, id=52332, stack(0x00000002c6d00000,0x00000002c6e00000)]
  0x000001ddff4efe40 JavaThread "Cache worker for cache directory md-rule (C:\Users\karth\.gradle\caches\8.0.1\md-rule)" [_thread_blocked, id=53668, stack(0x00000002c6e00000,0x00000002c6f00000)]
  0x000001ddff4f3b00 JavaThread "Cache worker for file content cache (C:\Users\karth\.gradle\caches\8.0.1\fileContent)" [_thread_blocked, id=53200, stack(0x00000002c6f00000,0x00000002c7000000)]
  0x000001ddff4f1ca0 JavaThread "Cache worker for file hash cache (C:\Users\karth\CascadeProjects\MobileAppAndroid\android\.gradle\8.0.1\fileHashes)" [_thread_blocked, id=14028, stack(0x00000002c7200000,0x00000002c7300000)]
  0x000001ddff4f0350 JavaThread "Cache worker for cache directory md-supplier (C:\Users\karth\.gradle\caches\8.0.1\md-supplier)" [_thread_blocked, id=10072, stack(0x00000002c7300000,0x00000002c7400000)]
  0x000001ddff4f35f0 JavaThread "Cache worker for execution history cache (C:\Users\karth\.gradle\caches\8.0.1\executionHistory)" [_thread_blocked, id=40952, stack(0x00000002c7400000,0x00000002c7500000)]
  0x000001ddff4f1790 JavaThread "jar transforms" [_thread_blocked, id=63900, stack(0x00000002c7500000,0x00000002c7600000)]
  0x000001ddff4f30e0 JavaThread "jar transforms Thread 2" [_thread_blocked, id=41884, stack(0x00000002c7600000,0x00000002c7700000)]
  0x000001ddff4f21b0 JavaThread "jar transforms Thread 3" [_thread_blocked, id=51356, stack(0x00000002c7700000,0x00000002c7800000)]
  0x000001ddff4f0860 JavaThread "jar transforms Thread 4" [_thread_blocked, id=47728, stack(0x00000002c7800000,0x00000002c7900000)]
  0x000001ddff4f4520 JavaThread "Cache worker for kotlin-dsl (C:\Users\karth\.gradle\caches\8.0.1\kotlin-dsl)" [_thread_blocked, id=68160, stack(0x00000002c5e00000,0x00000002c5f00000)]
  0x000001ddff4f26c0 JavaThread "File lock release action executor Thread 2" [_thread_blocked, id=40380, stack(0x00000002c5f00000,0x00000002c6000000)]
  0x000001ddff4f0d70 JavaThread "jar transforms Thread 5" [_thread_blocked, id=16260, stack(0x00000002c7b00000,0x00000002c7c00000)]
  0x000001ddff4f1280 JavaThread "jar transforms Thread 6" [_thread_blocked, id=55436, stack(0x00000002c6900000,0x00000002c6a00000)]
  0x000001ddff4f4a30 JavaThread "Cache worker for dependencies-accessors (C:\Users\karth\CascadeProjects\MobileAppAndroid\android\.gradle\8.0.1\dependencies-accessors)" [_thread_blocked, id=12460, stack(0x00000002c7900000,0x00000002c7a00000)]
  0x000001ddff4f6380 JavaThread "Cache worker for Build Output Cleanup Cache (C:\Users\karth\CascadeProjects\MobileAppAndroid\node_modules\@react-native\gradle-plugin\.gradle\buildOutputCleanup)" [_thread_blocked, id=63864, stack(0x00000002c7c00000,0x00000002c7d00000)]
  0x000001ddff4f4f40 JavaThread "jar transforms Thread 7" [_thread_blocked, id=17492, stack(0x00000002c7d00000,0x00000002c7e00000)]
  0x000001ddff4f6890 JavaThread "Unconstrained build operations" [_thread_blocked, id=68880, stack(0x00000002c6200000,0x00000002c6300000)]
  0x000001ddff4f5960 JavaThread "Unconstrained build operations Thread 2" [_thread_blocked, id=68884, stack(0x00000002c7a00000,0x00000002c7b00000)]
  0x000001ddff4f77c0 JavaThread "Unconstrained build operations Thread 3" [_thread_blocked, id=68888, stack(0x00000002c7e00000,0x00000002c7f00000)]
  0x000001ddff4f5450 JavaThread "Unconstrained build operations Thread 4" [_thread_blocked, id=68892, stack(0x00000002c7f00000,0x00000002c8000000)]
  0x000001ddff4f6da0 JavaThread "Unconstrained build operations Thread 5" [_thread_blocked, id=68896, stack(0x00000002c8000000,0x00000002c8100000)]
  0x000001ddff4f5e70 JavaThread "Unconstrained build operations Thread 6" [_thread_blocked, id=68900, stack(0x00000002c8100000,0x00000002c8200000)]
  0x000001ddff4f72b0 JavaThread "Unconstrained build operations Thread 7" [_thread_blocked, id=68904, stack(0x00000002c8200000,0x00000002c8300000)]
  0x000001ddfdec9a80 JavaThread "Unconstrained build operations Thread 8" [_thread_blocked, id=68908, stack(0x00000002c8300000,0x00000002c8400000)]
  0x000001ddfdeca9b0 JavaThread "Unconstrained build operations Thread 9" [_thread_blocked, id=68912, stack(0x00000002c8400000,0x00000002c8500000)]
  0x000001ddae743c90 JavaThread "Unconstrained build operations Thread 10" [_thread_blocked, id=68916, stack(0x00000002c8500000,0x00000002c8600000)]
  0x000001ddae7441a0 JavaThread "Unconstrained build operations Thread 11" [_thread_blocked, id=68920, stack(0x00000002c8600000,0x00000002c8700000)]
  0x000001ddae7450d0 JavaThread "Unconstrained build operations Thread 12" [_thread_blocked, id=68924, stack(0x00000002c8700000,0x00000002c8800000)]
  0x000001ddae7455e0 JavaThread "Unconstrained build operations Thread 13" [_thread_blocked, id=68928, stack(0x00000002c8800000,0x00000002c8900000)]
  0x000001ddae743270 JavaThread "Unconstrained build operations Thread 14" [_thread_blocked, id=68932, stack(0x00000002c8900000,0x00000002c8a00000)]
  0x000001ddae7446b0 JavaThread "Unconstrained build operations Thread 15" [_thread_blocked, id=68936, stack(0x00000002c8a00000,0x00000002c8b00000)]
  0x000001ddae742850 JavaThread "Unconstrained build operations Thread 16" [_thread_blocked, id=68940, stack(0x00000002c8b00000,0x00000002c8c00000)]
  0x000001ddae744bc0 JavaThread "Unconstrained build operations Thread 17" [_thread_blocked, id=68944, stack(0x00000002c8c00000,0x00000002c8d00000)]
  0x000001ddae741e30 JavaThread "Unconstrained build operations Thread 18" [_thread_blocked, id=68948, stack(0x00000002c8d00000,0x00000002c8e00000)]
  0x000001ddae742d60 JavaThread "Unconstrained build operations Thread 19" [_thread_blocked, id=68952, stack(0x00000002c8e00000,0x00000002c8f00000)]
  0x000001ddae743780 JavaThread "Unconstrained build operations Thread 20" [_thread_blocked, id=68956, stack(0x00000002c8f00000,0x00000002c9000000)]
  0x000001ddae745af0 JavaThread "Unconstrained build operations Thread 21" [_thread_blocked, id=68960, stack(0x00000002c9000000,0x00000002c9100000)]
  0x000001ddae742340 JavaThread "Unconstrained build operations Thread 22" [_thread_blocked, id=68964, stack(0x00000002c9100000,0x00000002c9200000)]
  0x000001ddae748880 JavaThread "Unconstrained build operations Thread 23" [_thread_blocked, id=68968, stack(0x00000002c9200000,0x00000002c9300000)]
  0x000001ddae748d90 JavaThread "Unconstrained build operations Thread 24" [_thread_blocked, id=68972, stack(0x00000002c9300000,0x00000002c9400000)]
  0x000001ddae746f30 JavaThread "Unconstrained build operations Thread 25" [_thread_blocked, id=68976, stack(0x00000002c9400000,0x00000002c9500000)]
  0x000001ddae7497b0 JavaThread "Unconstrained build operations Thread 26" [_thread_blocked, id=68980, stack(0x00000002c9500000,0x00000002c9600000)]
  0x000001ddae7492a0 JavaThread "jar transforms Thread 8" [_thread_blocked, id=17632, stack(0x00000002c9600000,0x00000002c9700000)]
  0x000001ddae747950 JavaThread "jar transforms Thread 9" [_thread_blocked, id=42032, stack(0x00000002c9700000,0x00000002c9800000)]
  0x000001ddae746000 JavaThread "jar transforms Thread 10" [_thread_blocked, id=14184, stack(0x00000002c9800000,0x00000002c9900000)]
  0x000001ddae746510 JavaThread "jar transforms Thread 11" [_thread_blocked, id=35912, stack(0x00000002c9900000,0x00000002c9a00000)]
  0x000001ddae746a20 JavaThread "jar transforms Thread 12" [_thread_blocked, id=40324, stack(0x00000002c9a00000,0x00000002c9b00000)]
  0x000001ddae748370 JavaThread "jar transforms Thread 13" [_thread_blocked, id=68616, stack(0x00000002c9b00000,0x00000002c9c00000)]
  0x000001ddae747440 JavaThread "jar transforms Thread 14" [_thread_blocked, id=68664, stack(0x00000002c9c00000,0x00000002c9d00000)]
  0x000001ddae747e60 JavaThread "jar transforms Thread 15" [_thread_blocked, id=56956, stack(0x00000002c9d00000,0x00000002c9e00000)]
  0x000001ddff4f9290 JavaThread "jar transforms Thread 16" [_thread_blocked, id=33632, stack(0x00000002c9e00000,0x00000002c9f00000)]
  0x000001ddff4fabe0 JavaThread "Memory manager" [_thread_blocked, id=58048, stack(0x00000002ca200000,0x00000002ca300000)]
  0x000001ddff4f8d80 JavaThread "Cache worker for Build Output Cleanup Cache (C:\Users\karth\CascadeProjects\MobileAppAndroid\android\.gradle\buildOutputCleanup)" [_thread_blocked, id=51224, stack(0x00000002c9f00000,0x00000002ca000000)]

Other Threads:
=>0x000001ddfc739010 VMThread "VM Thread" [stack: 0x00000002c4500000,0x00000002c4600000] [id=47832]
  0x000001ddfcd82500 WatcherThread [stack: 0x00000002c5100000,0x00000002c5200000] [id=28004]
  0x000001ddec3fef90 GCTaskThread "GC Thread#0" [stack: 0x00000002c4000000,0x00000002c4100000] [id=46388]
  0x000001ddfd990810 GCTaskThread "GC Thread#1" [stack: 0x00000002c5200000,0x00000002c5300000] [id=60392]
  0x000001ddfd990ad0 GCTaskThread "GC Thread#2" [stack: 0x00000002c5300000,0x00000002c5400000] [id=20400]
  0x000001ddfcd35430 GCTaskThread "GC Thread#3" [stack: 0x00000002c5400000,0x00000002c5500000] [id=39592]
  0x000001ddfcca3020 GCTaskThread "GC Thread#4" [stack: 0x00000002c5500000,0x00000002c5600000] [id=51668]
  0x000001ddfcca32e0 GCTaskThread "GC Thread#5" [stack: 0x00000002c5600000,0x00000002c5700000] [id=43260]
  0x000001ddfe86d470 GCTaskThread "GC Thread#6" [stack: 0x00000002c3d00000,0x00000002c3e00000] [id=38192]
  0x000001ddfe890cb0 GCTaskThread "GC Thread#7" [stack: 0x00000002c3e00000,0x00000002c3f00000] [id=22588]
  0x000001ddfddb2ed0 GCTaskThread "GC Thread#8" [stack: 0x00000002c5900000,0x00000002c5a00000] [id=48964]
  0x000001ddfddb39d0 GCTaskThread "GC Thread#9" [stack: 0x00000002c5a00000,0x00000002c5b00000] [id=20600]
  0x000001ddfddb3710 GCTaskThread "GC Thread#10" [stack: 0x00000002c6600000,0x00000002c6700000] [id=23392]
  0x000001ddfddb2110 GCTaskThread "GC Thread#11" [stack: 0x00000002c6700000,0x00000002c6800000] [id=32456]
  0x000001ddfddb3190 GCTaskThread "GC Thread#12" [stack: 0x00000002c6800000,0x00000002c6900000] [id=37652]
  0x000001ddec40fdf0 ConcurrentGCThread "G1 Main Marker" [stack: 0x00000002c4100000,0x00000002c4200000] [id=22364]
  0x000001ddec410720 ConcurrentGCThread "G1 Conc#0" [stack: 0x00000002c4200000,0x00000002c4300000] [id=50100]
  0x000001ddfddb2c10 ConcurrentGCThread "G1 Conc#1" [stack: 0x00000002c7000000,0x00000002c7100000] [id=34436]
  0x000001ddfed2d4a0 ConcurrentGCThread "G1 Conc#2" [stack: 0x00000002c7100000,0x00000002c7200000] [id=13044]
  0x000001ddfc62c370 ConcurrentGCThread "G1 Refine#0" [stack: 0x00000002c4300000,0x00000002c4400000] [id=50132]
  0x000001ddfc62ca50 ConcurrentGCThread "G1 Service" [stack: 0x00000002c4400000,0x00000002c4500000] [id=27848]

Threads with active compile tasks:
C2 CompilerThread0  8326836 8297       4       org.gradle.launcher.daemon.server.health.gc.GarbageCollectionCheck::run (198 bytes)

VM state: at safepoint (normal execution)

VM Mutex/Monitor currently owned by a thread:  ([mutex/lock_event])
[0x000001ddea9505c0] Threads_lock - owner thread: 0x000001ddfc739010
[0x000001ddec39ea00] Heap_lock - owner thread: 0x000001ddfe85f040

Heap address: 0x0000000080000000, size: 2048 MB, Compressed Oops mode: 32-bit

CDS archive(s) mapped at: [0x000001dd8f000000-0x000001dd8fbb0000-0x000001dd8fbb0000), size 12255232, SharedBaseAddress: 0x000001dd8f000000, ArchiveRelocationMode: 1.
Compressed class space mapped at: 0x000001dd90000000-0x000001ddaa000000, reserved size: 436207616
Narrow klass base: 0x000001dd8f000000, Narrow klass shift: 0, Narrow klass range: 0x100000000

GC Precious Log:
 CPUs: 16 total, 16 available
 Memory: 16088M
 Large Page Support: Disabled
 NUMA Support: Disabled
 Compressed Oops: Enabled (32-bit)
 Heap Region Size: 1M
 Heap Min Capacity: 8M
 Heap Initial Capacity: 252M
 Heap Max Capacity: 2G
 Pre-touch: Disabled
 Parallel Workers: 13
 Concurrent Workers: 3
 Concurrent Refinement Workers: 13
 Periodic GC: Disabled

Heap:
 garbage-first heap   total 114688K, used 53436K [0x0000000080000000, 0x0000000100000000)
  region size 1024K, 1 young (1024K), 1 survivors (1024K)
 Metaspace       used 58547K, committed 59136K, reserved 491520K
  class space    used 8113K, committed 8384K, reserved 425984K

Heap Regions: E=young(eden), S=young(survivor), O=old, HS=humongous(starts), HC=humongous(continues), CS=collection set, F=free, OA=open archive, CA=closed archive, TAMS=top-at-mark-start (previous, next)
|   0|0x0000000080000000, 0x0000000080100000, 0x0000000080100000|100%|HS|  |TAMS 0x0000000080100000, 0x0000000080100000| Complete 
|   1|0x0000000080100000, 0x0000000080200000, 0x0000000080200000|100%|HC|  |TAMS 0x0000000080200000, 0x0000000080200000| Complete 
|   2|0x0000000080200000, 0x0000000080300000, 0x0000000080300000|100%|HC|  |TAMS 0x0000000080300000, 0x0000000080300000| Complete 
|   3|0x0000000080300000, 0x0000000080400000, 0x0000000080400000|100%|HC|  |TAMS 0x0000000080400000, 0x0000000080400000| Complete 
|   4|0x0000000080400000, 0x0000000080500000, 0x0000000080500000|100%| O|  |TAMS 0x0000000080500000, 0x0000000080500000| Untracked 
|   5|0x0000000080500000, 0x0000000080600000, 0x0000000080600000|100%| O|  |TAMS 0x0000000080600000, 0x0000000080600000| Untracked 
|   6|0x0000000080600000, 0x0000000080700000, 0x0000000080700000|100%| O|  |TAMS 0x0000000080700000, 0x0000000080700000| Untracked 
|   7|0x0000000080700000, 0x0000000080800000, 0x0000000080800000|100%| O|  |TAMS 0x0000000080800000, 0x0000000080800000| Untracked 
|   8|0x0000000080800000, 0x0000000080900000, 0x0000000080900000|100%| O|  |TAMS 0x0000000080900000, 0x0000000080900000| Untracked 
|   9|0x0000000080900000, 0x0000000080a00000, 0x0000000080a00000|100%| O|  |TAMS 0x0000000080a00000, 0x0000000080a00000| Untracked 
|  10|0x0000000080a00000, 0x0000000080b00000, 0x0000000080b00000|100%| O|  |TAMS 0x0000000080b00000, 0x0000000080b00000| Untracked 
|  11|0x0000000080b00000, 0x0000000080c00000, 0x0000000080c00000|100%| O|  |TAMS 0x0000000080c00000, 0x0000000080c00000| Untracked 
|  12|0x0000000080c00000, 0x0000000080d00000, 0x0000000080d00000|100%| O|  |TAMS 0x0000000080d00000, 0x0000000080d00000| Untracked 
|  13|0x0000000080d00000, 0x0000000080e00000, 0x0000000080e00000|100%| O|  |TAMS 0x0000000080e00000, 0x0000000080e00000| Untracked 
|  14|0x0000000080e00000, 0x0000000080f00000, 0x0000000080f00000|100%| O|  |TAMS 0x0000000080f00000, 0x0000000080f00000| Untracked 
|  15|0x0000000080f00000, 0x0000000081000000, 0x0000000081000000|100%| O|  |TAMS 0x0000000081000000, 0x0000000081000000| Untracked 
|  16|0x0000000081000000, 0x0000000081100000, 0x0000000081100000|100%| O|  |TAMS 0x0000000081100000, 0x0000000081100000| Untracked 
|  17|0x0000000081100000, 0x0000000081200000, 0x0000000081200000|100%| O|  |TAMS 0x0000000081200000, 0x0000000081200000| Untracked 
|  18|0x0000000081200000, 0x0000000081300000, 0x0000000081300000|100%| O|  |TAMS 0x0000000081300000, 0x0000000081300000| Untracked 
|  19|0x0000000081300000, 0x00000000813e5000, 0x0000000081400000| 89%| O|  |TAMS 0x0000000081300000, 0x0000000081300000| Untracked 
|  20|0x0000000081400000, 0x0000000081500000, 0x0000000081500000|100%| O|  |TAMS 0x0000000081500000, 0x0000000081500000| Untracked 
|  21|0x0000000081500000, 0x0000000081600000, 0x0000000081600000|100%| O|  |TAMS 0x0000000081600000, 0x0000000081600000| Untracked 
|  22|0x0000000081600000, 0x0000000081700000, 0x0000000081700000|100%| O|  |TAMS 0x0000000081700000, 0x0000000081700000| Untracked 
|  23|0x0000000081700000, 0x0000000081800000, 0x0000000081800000|100%| O|  |TAMS 0x0000000081800000, 0x0000000081800000| Untracked 
|  24|0x0000000081800000, 0x0000000081900000, 0x0000000081900000|100%| O|  |TAMS 0x0000000081900000, 0x0000000081900000| Untracked 
|  25|0x0000000081900000, 0x0000000081a00000, 0x0000000081a00000|100%| O|  |TAMS 0x0000000081a00000, 0x0000000081a00000| Untracked 
|  26|0x0000000081a00000, 0x0000000081b00000, 0x0000000081b00000|100%| O|  |TAMS 0x0000000081b00000, 0x0000000081b00000| Untracked 
|  27|0x0000000081b00000, 0x0000000081c00000, 0x0000000081c00000|100%| O|  |TAMS 0x0000000081c00000, 0x0000000081c00000| Untracked 
|  28|0x0000000081c00000, 0x0000000081d00000, 0x0000000081d00000|100%| O|  |TAMS 0x0000000081d00000, 0x0000000081d00000| Untracked 
|  29|0x0000000081d00000, 0x0000000081e00000, 0x0000000081e00000|100%| O|  |TAMS 0x0000000081e00000, 0x0000000081e00000| Untracked 
|  30|0x0000000081e00000, 0x0000000081f00000, 0x0000000081f00000|100%| O|  |TAMS 0x0000000081f00000, 0x0000000081f00000| Untracked 
|  31|0x0000000081f00000, 0x0000000082000000, 0x0000000082000000|100%| O|  |TAMS 0x0000000082000000, 0x0000000082000000| Untracked 
|  32|0x0000000082000000, 0x0000000082100000, 0x0000000082100000|100%| O|  |TAMS 0x0000000082100000, 0x0000000082100000| Untracked 
|  33|0x0000000082100000, 0x0000000082200000, 0x0000000082200000|100%| O|  |TAMS 0x0000000082200000, 0x0000000082200000| Untracked 
|  34|0x0000000082200000, 0x0000000082300000, 0x0000000082300000|100%| O|  |TAMS 0x0000000082300000, 0x0000000082300000| Untracked 
|  35|0x0000000082300000, 0x0000000082400000, 0x0000000082400000|100%|HS|  |TAMS 0x0000000082400000, 0x0000000082400000| Complete 
|  36|0x0000000082400000, 0x0000000082500000, 0x0000000082500000|100%|HC|  |TAMS 0x0000000082500000, 0x0000000082500000| Complete 
|  37|0x0000000082500000, 0x0000000082600000, 0x0000000082600000|100%|HS|  |TAMS 0x0000000082600000, 0x0000000082600000| Complete 
|  38|0x0000000082600000, 0x0000000082700000, 0x0000000082700000|100%|HC|  |TAMS 0x0000000082700000, 0x0000000082700000| Complete 
|  39|0x0000000082700000, 0x0000000082800000, 0x0000000082800000|100%|HC|  |TAMS 0x0000000082800000, 0x0000000082800000| Complete 
|  40|0x0000000082800000, 0x0000000082900000, 0x0000000082900000|100%|HC|  |TAMS 0x0000000082900000, 0x0000000082900000| Complete 
|  41|0x0000000082900000, 0x0000000082a00000, 0x0000000082a00000|100%| O|  |TAMS 0x0000000082a00000, 0x0000000082a00000| Untracked 
|  42|0x0000000082a00000, 0x0000000082b00000, 0x0000000082b00000|100%| O|  |TAMS 0x0000000082b00000, 0x0000000082b00000| Untracked 
|  43|0x0000000082b00000, 0x0000000082c00000, 0x0000000082c00000|100%| O|  |TAMS 0x0000000082c00000, 0x0000000082c00000| Untracked 
|  44|0x0000000082c00000, 0x0000000082d00000, 0x0000000082d00000|100%| O|  |TAMS 0x0000000082d00000, 0x0000000082d00000| Untracked 
|  45|0x0000000082d00000, 0x0000000082e00000, 0x0000000082e00000|100%| O|  |TAMS 0x0000000082dd9400, 0x0000000082dd9400| Untracked 
|  46|0x0000000082e00000, 0x0000000082f00000, 0x0000000082f00000|100%| O|  |TAMS 0x0000000082f00000, 0x0000000082f00000| Untracked 
|  47|0x0000000082f00000, 0x0000000083000000, 0x0000000083000000|100%| O|  |TAMS 0x0000000083000000, 0x0000000083000000| Untracked 
|  48|0x0000000083000000, 0x0000000083100000, 0x0000000083100000|100%| O|  |TAMS 0x0000000083100000, 0x0000000083100000| Untracked 
|  49|0x0000000083100000, 0x0000000083200000, 0x0000000083200000|100%| O|  |TAMS 0x0000000083200000, 0x0000000083200000| Untracked 
|  50|0x0000000083200000, 0x0000000083300000, 0x0000000083300000|100%| O|  |TAMS 0x0000000083300000, 0x0000000083300000| Untracked 
|  51|0x0000000083300000, 0x0000000083400000, 0x0000000083400000|100%| O|  |TAMS 0x0000000083400000, 0x0000000083400000| Untracked 
|  52|0x0000000083400000, 0x0000000083400000, 0x0000000083500000|  0%| F|  |TAMS 0x0000000083400000, 0x0000000083400000| Untracked 
|  53|0x0000000083500000, 0x0000000083500000, 0x0000000083600000|  0%| F|  |TAMS 0x0000000083500000, 0x0000000083500000| Untracked 
|  54|0x0000000083600000, 0x0000000083600000, 0x0000000083700000|  0%| F|  |TAMS 0x0000000083600000, 0x0000000083600000| Untracked 
|  55|0x0000000083700000, 0x0000000083700000, 0x0000000083800000|  0%| F|  |TAMS 0x0000000083700000, 0x0000000083700000| Untracked 
|  56|0x0000000083800000, 0x0000000083800000, 0x0000000083900000|  0%| F|  |TAMS 0x0000000083800000, 0x0000000083800000| Untracked 
|  57|0x0000000083900000, 0x0000000083900000, 0x0000000083a00000|  0%| F|  |TAMS 0x0000000083900000, 0x0000000083900000| Untracked 
|  58|0x0000000083a00000, 0x0000000083a00000, 0x0000000083b00000|  0%| F|  |TAMS 0x0000000083a00000, 0x0000000083a00000| Untracked 
|  59|0x0000000083b00000, 0x0000000083b00000, 0x0000000083c00000|  0%| F|  |TAMS 0x0000000083b00000, 0x0000000083b00000| Untracked 
|  60|0x0000000083c00000, 0x0000000083c00000, 0x0000000083d00000|  0%| F|  |TAMS 0x0000000083c00000, 0x0000000083c00000| Untracked 
|  61|0x0000000083d00000, 0x0000000083d00000, 0x0000000083e00000|  0%| F|  |TAMS 0x0000000083d00000, 0x0000000083d00000| Untracked 
|  62|0x0000000083e00000, 0x0000000083e00000, 0x0000000083f00000|  0%| F|  |TAMS 0x0000000083e00000, 0x0000000083e00000| Untracked 
|  63|0x0000000083f00000, 0x0000000083f00000, 0x0000000084000000|  0%| F|  |TAMS 0x0000000083f00000, 0x0000000083f00000| Untracked 
|  64|0x0000000084000000, 0x0000000084000000, 0x0000000084100000|  0%| F|  |TAMS 0x0000000084000000, 0x0000000084000000| Untracked 
|  65|0x0000000084100000, 0x0000000084100000, 0x0000000084200000|  0%| F|  |TAMS 0x0000000084100000, 0x0000000084100000| Untracked 
|  66|0x0000000084200000, 0x0000000084200000, 0x0000000084300000|  0%| F|  |TAMS 0x0000000084200000, 0x0000000084200000| Untracked 
|  67|0x0000000084300000, 0x0000000084300000, 0x0000000084400000|  0%| F|  |TAMS 0x0000000084300000, 0x0000000084300000| Untracked 
|  68|0x0000000084400000, 0x0000000084400000, 0x0000000084500000|  0%| F|  |TAMS 0x0000000084400000, 0x0000000084400000| Untracked 
|  69|0x0000000084500000, 0x0000000084500000, 0x0000000084600000|  0%| F|  |TAMS 0x0000000084500000, 0x0000000084500000| Untracked 
|  70|0x0000000084600000, 0x0000000084600000, 0x0000000084700000|  0%| F|  |TAMS 0x0000000084600000, 0x0000000084600000| Untracked 
|  71|0x0000000084700000, 0x0000000084700000, 0x0000000084800000|  0%| F|  |TAMS 0x0000000084700000, 0x0000000084700000| Untracked 
|  72|0x0000000084800000, 0x0000000084800000, 0x0000000084900000|  0%| F|  |TAMS 0x0000000084800000, 0x0000000084800000| Untracked 
|  73|0x0000000084900000, 0x0000000084900000, 0x0000000084a00000|  0%| F|  |TAMS 0x0000000084900000, 0x0000000084900000| Untracked 
|  74|0x0000000084a00000, 0x0000000084a00000, 0x0000000084b00000|  0%| F|  |TAMS 0x0000000084a00000, 0x0000000084a00000| Untracked 
|  75|0x0000000084b00000, 0x0000000084b00000, 0x0000000084c00000|  0%| F|  |TAMS 0x0000000084b00000, 0x0000000084b00000| Untracked 
|  76|0x0000000084c00000, 0x0000000084c00000, 0x0000000084d00000|  0%| F|  |TAMS 0x0000000084c00000, 0x0000000084c00000| Untracked 
|  77|0x0000000084d00000, 0x0000000084d00000, 0x0000000084e00000|  0%| F|  |TAMS 0x0000000084d00000, 0x0000000084d00000| Untracked 
|  78|0x0000000084e00000, 0x0000000084e00000, 0x0000000084f00000|  0%| F|  |TAMS 0x0000000084e00000, 0x0000000084e00000| Untracked 
|  79|0x0000000084f00000, 0x0000000084f00000, 0x0000000085000000|  0%| F|  |TAMS 0x0000000084f00000, 0x0000000084f00000| Untracked 
|  80|0x0000000085000000, 0x0000000085000000, 0x0000000085100000|  0%| F|  |TAMS 0x0000000085000000, 0x0000000085000000| Untracked 
|  81|0x0000000085100000, 0x0000000085100000, 0x0000000085200000|  0%| F|  |TAMS 0x0000000085100000, 0x0000000085100000| Untracked 
|  82|0x0000000085200000, 0x0000000085200000, 0x0000000085300000|  0%| F|  |TAMS 0x0000000085200000, 0x0000000085200000| Untracked 
|  83|0x0000000085300000, 0x0000000085300000, 0x0000000085400000|  0%| F|  |TAMS 0x0000000085300000, 0x0000000085300000| Untracked 
|  84|0x0000000085400000, 0x0000000085400000, 0x0000000085500000|  0%| F|  |TAMS 0x0000000085400000, 0x0000000085400000| Untracked 
|  85|0x0000000085500000, 0x0000000085500000, 0x0000000085600000|  0%| F|  |TAMS 0x0000000085500000, 0x0000000085500000| Untracked 
|  86|0x0000000085600000, 0x0000000085600000, 0x0000000085700000|  0%| F|  |TAMS 0x0000000085600000, 0x0000000085600000| Untracked 
|  87|0x0000000085700000, 0x0000000085700000, 0x0000000085800000|  0%| F|  |TAMS 0x0000000085700000, 0x0000000085700000| Untracked 
|  88|0x0000000085800000, 0x0000000085800000, 0x0000000085900000|  0%| F|  |TAMS 0x0000000085800000, 0x0000000085800000| Untracked 
|  89|0x0000000085900000, 0x0000000085900000, 0x0000000085a00000|  0%| F|  |TAMS 0x0000000085900000, 0x0000000085900000| Untracked 
|  90|0x0000000085a00000, 0x0000000085a00000, 0x0000000085b00000|  0%| F|  |TAMS 0x0000000085a00000, 0x0000000085a00000| Untracked 
|  91|0x0000000085b00000, 0x0000000085b00000, 0x0000000085c00000|  0%| F|  |TAMS 0x0000000085b00000, 0x0000000085b00000| Untracked 
|  92|0x0000000085c00000, 0x0000000085c00000, 0x0000000085d00000|  0%| F|  |TAMS 0x0000000085c00000, 0x0000000085c00000| Untracked 
|  93|0x0000000085d00000, 0x0000000085d00000, 0x0000000085e00000|  0%| F|  |TAMS 0x0000000085d00000, 0x0000000085d00000| Untracked 
|  94|0x0000000085e00000, 0x0000000085e00000, 0x0000000085f00000|  0%| F|  |TAMS 0x0000000085e00000, 0x0000000085e00000| Untracked 
|  95|0x0000000085f00000, 0x0000000085f00000, 0x0000000086000000|  0%| F|  |TAMS 0x0000000085f00000, 0x0000000085f00000| Untracked 
|  96|0x0000000086000000, 0x0000000086000000, 0x0000000086100000|  0%| F|  |TAMS 0x0000000086000000, 0x0000000086000000| Untracked 
|  97|0x0000000086100000, 0x0000000086100000, 0x0000000086200000|  0%| F|  |TAMS 0x0000000086100000, 0x0000000086100000| Untracked 
|  98|0x0000000086200000, 0x0000000086200000, 0x0000000086300000|  0%| F|  |TAMS 0x0000000086200000, 0x0000000086200000| Untracked 
|  99|0x0000000086300000, 0x0000000086300000, 0x0000000086400000|  0%| F|  |TAMS 0x0000000086300000, 0x0000000086300000| Untracked 
| 100|0x0000000086400000, 0x0000000086400000, 0x0000000086500000|  0%| F|  |TAMS 0x0000000086400000, 0x0000000086400000| Untracked 
| 101|0x0000000086500000, 0x0000000086500000, 0x0000000086600000|  0%| F|  |TAMS 0x0000000086500000, 0x0000000086500000| Untracked 
| 102|0x0000000086600000, 0x0000000086600000, 0x0000000086700000|  0%| F|  |TAMS 0x0000000086600000, 0x0000000086600000| Untracked 
| 103|0x0000000086700000, 0x0000000086700000, 0x0000000086800000|  0%| F|  |TAMS 0x0000000086700000, 0x0000000086700000| Untracked 
| 104|0x0000000086800000, 0x0000000086800000, 0x0000000086900000|  0%| F|  |TAMS 0x0000000086800000, 0x0000000086800000| Untracked 
| 105|0x0000000086900000, 0x0000000086900000, 0x0000000086a00000|  0%| F|  |TAMS 0x0000000086900000, 0x0000000086900000| Untracked 
| 192|0x000000008c000000, 0x000000008c000000, 0x000000008c100000|  0%| F|  |TAMS 0x000000008c000000, 0x000000008c000000| Untracked 
| 193|0x000000008c100000, 0x000000008c14a2e0, 0x000000008c200000| 28%| S|CS|TAMS 0x000000008c100000, 0x000000008c100000| Complete 
| 194|0x000000008c200000, 0x000000008c200000, 0x000000008c300000|  0%| F|  |TAMS 0x000000008c200000, 0x000000008c200000| Untracked 
| 195|0x000000008c300000, 0x000000008c300000, 0x000000008c400000|  0%| F|  |TAMS 0x000000008c300000, 0x000000008c300000| Untracked 
| 196|0x000000008c400000, 0x000000008c400000, 0x000000008c500000|  0%| F|  |TAMS 0x000000008c400000, 0x000000008c400000| Untracked 
| 251|0x000000008fb00000, 0x000000008fb00000, 0x000000008fc00000|  0%| F|  |TAMS 0x000000008fb00000, 0x000000008fb00000| Untracked 

Card table byte_map: [0x000001ddf5300000,0x000001ddf5700000] _byte_map_base: 0x000001ddf4f00000

Marking Bits (Prev, Next): (CMBitMap*) 0x000001ddec3ff500, (CMBitMap*) 0x000001ddec3ff4c0
 Prev Bits: [0x000001ddf7b00000, 0x000001ddf9b00000)
 Next Bits: [0x000001ddf5b00000, 0x000001ddf7b00000)

Polling page: 0x000001ddeab10000

Metaspace:

Usage:
  Non-class:     49.25 MB used.
      Class:      7.92 MB used.
       Both:     57.18 MB used.

Virtual space:
  Non-class space:       64.00 MB reserved,      49.56 MB ( 77%) committed,  1 nodes.
      Class space:      416.00 MB reserved,       8.19 MB (  2%) committed,  1 nodes.
             Both:      480.00 MB reserved,      57.75 MB ( 12%) committed. 

Chunk freelists:
   Non-Class:  13.58 MB
       Class:  7.78 MB
        Both:  21.35 MB

MaxMetaspaceSize: 512.00 MB
CompressedClassSpaceSize: 416.00 MB
Initial GC threshold: 21.00 MB
Current GC threshold: 95.88 MB
CDS: on
MetaspaceReclaimPolicy: balanced
 - commit_granule_bytes: 65536.
 - commit_granule_words: 8192.
 - virtual_space_node_default_size: 8388608.
 - enlarge_chunks_in_place: 1.
 - new_chunks_are_fully_committed: 0.
 - uncommit_free_chunks: 1.
 - use_allocation_guard: 0.
 - handle_deallocations: 1.


Internal statistics:

num_allocs_failed_limit: 6.
num_arena_births: 716.
num_arena_deaths: 0.
num_vsnodes_births: 2.
num_vsnodes_deaths: 0.
num_space_committed: 924.
num_space_uncommitted: 0.
num_chunks_returned_to_freelist: 6.
num_chunks_taken_from_freelist: 3045.
num_chunk_merges: 6.
num_chunk_splits: 2038.
num_chunks_enlarged: 1368.
num_inconsistent_stats: 0.

CodeHeap 'non-profiled nmethods': size=119168Kb used=4599Kb max_used=4599Kb free=114568Kb
 bounds [0x000001dd87ba0000, 0x000001dd88020000, 0x000001dd8f000000]
CodeHeap 'profiled nmethods': size=119104Kb used=14501Kb max_used=14501Kb free=104603Kb
 bounds [0x000001dd80000000, 0x000001dd80e30000, 0x000001dd87450000]
CodeHeap 'non-nmethods': size=7488Kb used=2355Kb max_used=4086Kb free=5133Kb
 bounds [0x000001dd87450000, 0x000001dd87860000, 0x000001dd87ba0000]
 total_blobs=8311 nmethods=7430 adapters=793
 compilation: enabled
              stopped_count=0, restarted_count=0
 full_count=0

Compilation events (20 events):
Event: 8273.434 Thread 0x000001ddfcc34180 nmethod 8290 0x000001dd80e24e10 code [0x000001dd80e24fa0, 0x000001dd80e25198]
Event: 8273.680 Thread 0x000001ddfc75e8d0 8292       4       sun.util.logging.internal.LoggingProviderImpl$JULWrapper::toJUL (40 bytes)
Event: 8273.681 Thread 0x000001ddfc75e8d0 nmethod 8292 0x000001dd8801ad90 code [0x000001dd8801af00, 0x000001dd8801af98]
Event: 8273.837 Thread 0x000001ddfcc34180 8293       3       groovy.lang.MetaClassImpl::canAccessLegally (23 bytes)
Event: 8273.979 Thread 0x000001ddfcc34180 nmethod 8293 0x000001dd80e25290 code [0x000001dd80e25460, 0x000001dd80e25888]
Event: 8273.997 Thread 0x000001ddfc75e8d0 8294       4       java.lang.ThreadLocal::remove (18 bytes)
Event: 8274.509 Thread 0x000001ddfc75e8d0 nmethod 8294 0x000001dd8801b090 code [0x000001dd8801b240, 0x000001dd8801b928]
Event: 8274.509 Thread 0x000001ddfc75e8d0 8295       4       java.lang.ThreadLocal$ThreadLocalMap::remove (68 bytes)
Event: 8274.536 Thread 0x000001ddfc75e8d0 nmethod 8295 0x000001dd8801bd90 code [0x000001dd8801bf40, 0x000001dd8801c588]
Event: 8274.662 Thread 0x000001ddfc75e8d0 8296       4       sun.management.ManagementFactoryHelper::getMemoryPoolMXBeans (51 bytes)
Event: 8275.109 Thread 0x000001ddfc75e8d0 nmethod 8296 0x000001dd8801c990 code [0x000001dd8801cb40, 0x000001dd8801d8f8]
Event: 8275.112 Thread 0x000001ddfc75e8d0 8297       4       org.gradle.launcher.daemon.server.health.gc.GarbageCollectionCheck::run (198 bytes)
Event: 8275.755 Thread 0x000001ddfcc34180 8299       3       org.gradle.internal.io.ExponentialBackoff::retryUntil (65 bytes)
Event: 8275.988 Thread 0x000001ddfcc34180 nmethod 8299 0x000001dd80e25a10 code [0x000001dd80e25c60, 0x000001dd80e26698]
Event: 8276.467 Thread 0x000001ddfcc34180 8300       3       org.codehaus.groovy.reflection.AccessPermissionChecker::checkAccessPermission (70 bytes)
Event: 8276.879 Thread 0x000001ddfcc34180 nmethod 8300 0x000001dd80e26a90 code [0x000001dd80e26ce0, 0x000001dd80e277a8]
Event: 8279.540 Thread 0x000001ddfcc34180 8301   !   3       org.gradle.launcher.daemon.registry.PersistentDaemonRegistry::getAll (73 bytes)
Event: 8285.437 Thread 0x000001ddfcc34180 nmethod 8301 0x000001dd80e27b10 code [0x000001dd80e27da0, 0x000001dd80e28b48]
Event: 8287.368 Thread 0x000001ddfcc34180 8302       3       org.gradle.util.GradleVersion::current (4 bytes)
Event: 8287.442 Thread 0x000001ddfcc34180 nmethod 8302 0x000001dd80e29090 code [0x000001dd80e29220, 0x000001dd80e29378]

GC Heap History (20 events):
Event: 857.667 GC heap after
{Heap after GC invocations=37 (full 0):
 garbage-first heap   total 91136K, used 52536K [0x0000000080000000, 0x0000000100000000)
  region size 1024K, 1 young (1024K), 1 survivors (1024K)
 Metaspace       used 58345K, committed 58944K, reserved 491520K
  class space    used 8103K, committed 8384K, reserved 425984K
}
Event: 924.831 GC heap before
{Heap before GC invocations=38 (full 0):
 garbage-first heap   total 91136K, used 77112K [0x0000000080000000, 0x0000000100000000)
  region size 1024K, 25 young (25600K), 1 survivors (1024K)
 Metaspace       used 58353K, committed 59008K, reserved 491520K
  class space    used 8103K, committed 8384K, reserved 425984K
}
Event: 924.841 GC heap after
{Heap after GC invocations=39 (full 0):
 garbage-first heap   total 91136K, used 52677K [0x0000000080000000, 0x0000000100000000)
  region size 1024K, 1 young (1024K), 1 survivors (1024K)
 Metaspace       used 58353K, committed 59008K, reserved 491520K
  class space    used 8103K, committed 8384K, reserved 425984K
}
Event: 995.074 GC heap before
{Heap before GC invocations=39 (full 0):
 garbage-first heap   total 91136K, used 78277K [0x0000000080000000, 0x0000000100000000)
  region size 1024K, 26 young (26624K), 1 survivors (1024K)
 Metaspace       used 58359K, committed 59008K, reserved 491520K
  class space    used 8103K, committed 8384K, reserved 425984K
}
Event: 995.125 GC heap after
{Heap after GC invocations=40 (full 0):
 garbage-first heap   total 91136K, used 52807K [0x0000000080000000, 0x0000000100000000)
  region size 1024K, 1 young (1024K), 1 survivors (1024K)
 Metaspace       used 58359K, committed 59008K, reserved 491520K
  class space    used 8103K, committed 8384K, reserved 425984K
}
Event: 1059.319 GC heap before
{Heap before GC invocations=41 (full 0):
 garbage-first heap   total 91136K, used 78407K [0x0000000080000000, 0x0000000100000000)
  region size 1024K, 26 young (26624K), 1 survivors (1024K)
 Metaspace       used 58372K, committed 59008K, reserved 491520K
  class space    used 8103K, committed 8384K, reserved 425984K
}
Event: 1059.327 GC heap after
{Heap after GC invocations=42 (full 0):
 garbage-first heap   total 114688K, used 52980K [0x0000000080000000, 0x0000000100000000)
  region size 1024K, 1 young (1024K), 1 survivors (1024K)
 Metaspace       used 58372K, committed 59008K, reserved 491520K
  class space    used 8103K, committed 8384K, reserved 425984K
}
Event: 1192.894 GC heap before
{Heap before GC invocations=42 (full 0):
 garbage-first heap   total 114688K, used 97012K [0x0000000080000000, 0x0000000100000000)
  region size 1024K, 44 young (45056K), 1 survivors (1024K)
 Metaspace       used 58396K, committed 59072K, reserved 491520K
  class space    used 8103K, committed 8384K, reserved 425984K
}
Event: 1192.917 GC heap after
{Heap after GC invocations=43 (full 0):
 garbage-first heap   total 114688K, used 53189K [0x0000000080000000, 0x0000000100000000)
  region size 1024K, 2 young (2048K), 2 survivors (2048K)
 Metaspace       used 58396K, committed 59072K, reserved 491520K
  class space    used 8103K, committed 8384K, reserved 425984K
}
Event: 8280.429 GC heap before
{Heap before GC invocations=43 (full 0):
 garbage-first heap   total 114688K, used 97221K [0x0000000080000000, 0x0000000100000000)
  region size 1024K, 45 young (46080K), 2 survivors (2048K)
 Metaspace       used 58534K, committed 59136K, reserved 491520K
  class space    used 8111K, committed 8384K, reserved 425984K
}
Event: 8285.203 GC heap after
{Heap after GC invocations=44 (full 0):
 garbage-first heap   total 114688K, used 53465K [0x0000000080000000, 0x0000000100000000)
  region size 1024K, 2 young (2048K), 2 survivors (2048K)
 Metaspace       used 58534K, committed 59136K, reserved 491520K
  class space    used 8111K, committed 8384K, reserved 425984K
}
Event: 8308.300 GC heap before
{Heap before GC invocations=44 (full 0):
 garbage-first heap   total 114688K, used 56537K [0x0000000080000000, 0x0000000100000000)
  region size 1024K, 5 young (5120K), 2 survivors (2048K)
 Metaspace       used 58538K, committed 59136K, reserved 491520K
  class space    used 8112K, committed 8384K, reserved 425984K
}
Event: 8309.660 GC heap after
{Heap after GC invocations=45 (full 0):
 garbage-first heap   total 114688K, used 53473K [0x0000000080000000, 0x0000000100000000)
  region size 1024K, 1 young (1024K), 1 survivors (1024K)
 Metaspace       used 58538K, committed 59136K, reserved 491520K
  class space    used 8112K, committed 8384K, reserved 425984K
}
Event: 8316.884 GC heap before
{Heap before GC invocations=45 (full 0):
 garbage-first heap   total 114688K, used 57569K [0x0000000080000000, 0x0000000100000000)
  region size 1024K, 5 young (5120K), 1 survivors (1024K)
 Metaspace       used 58543K, committed 59136K, reserved 491520K
  class space    used 8112K, committed 8384K, reserved 425984K
}
Event: 8318.095 GC heap after
{Heap after GC invocations=46 (full 0):
 garbage-first heap   total 114688K, used 53472K [0x0000000080000000, 0x0000000100000000)
  region size 1024K, 1 young (1024K), 1 survivors (1024K)
 Metaspace       used 58543K, committed 59136K, reserved 491520K
  class space    used 8112K, committed 8384K, reserved 425984K
}
Event: 8321.833 GC heap before
{Heap before GC invocations=46 (full 0):
 garbage-first heap   total 114688K, used 57568K [0x0000000080000000, 0x0000000100000000)
  region size 1024K, 5 young (5120K), 1 survivors (1024K)
 Metaspace       used 58547K, committed 59136K, reserved 491520K
  class space    used 8113K, committed 8384K, reserved 425984K
}
Event: 8321.886 GC heap after
{Heap after GC invocations=47 (full 0):
 garbage-first heap   total 114688K, used 53531K [0x0000000080000000, 0x0000000100000000)
  region size 1024K, 1 young (1024K), 1 survivors (1024K)
 Metaspace       used 58547K, committed 59136K, reserved 491520K
  class space    used 8113K, committed 8384K, reserved 425984K
}
Event: 8322.476 GC heap before
{Heap before GC invocations=47 (full 0):
 garbage-first heap   total 114688K, used 57627K [0x0000000080000000, 0x0000000100000000)
  region size 1024K, 5 young (5120K), 1 survivors (1024K)
 Metaspace       used 58547K, committed 59136K, reserved 491520K
  class space    used 8113K, committed 8384K, reserved 425984K
}
Event: 8323.036 GC heap after
{Heap after GC invocations=48 (full 0):
 garbage-first heap   total 114688K, used 53457K [0x0000000080000000, 0x0000000100000000)
  region size 1024K, 1 young (1024K), 1 survivors (1024K)
 Metaspace       used 58547K, committed 59136K, reserved 491520K
  class space    used 8113K, committed 8384K, reserved 425984K
}
Event: 8323.478 GC heap before
{Heap before GC invocations=48 (full 0):
 garbage-first heap   total 114688K, used 57553K [0x0000000080000000, 0x0000000100000000)
  region size 1024K, 5 young (5120K), 1 survivors (1024K)
 Metaspace       used 58547K, committed 59136K, reserved 491520K
  class space    used 8113K, committed 8384K, reserved 425984K
}

Dll operation events (13 events):
Event: 1.704 Loaded shared library C:\Program Files\Eclipse Adoptium\jdk-17.0.15.6-hotspot\bin\java.dll
Event: 3.647 Loaded shared library C:\Program Files\Eclipse Adoptium\jdk-17.0.15.6-hotspot\bin\jsvml.dll
Event: 7.923 Loaded shared library C:\Program Files\Eclipse Adoptium\jdk-17.0.15.6-hotspot\bin\net.dll
Event: 8.095 Loaded shared library C:\Program Files\Eclipse Adoptium\jdk-17.0.15.6-hotspot\bin\nio.dll
Event: 8.298 Loaded shared library C:\Program Files\Eclipse Adoptium\jdk-17.0.15.6-hotspot\bin\zip.dll
Event: 14.838 Loaded shared library C:\Program Files\Eclipse Adoptium\jdk-17.0.15.6-hotspot\bin\jimage.dll
Event: 17.767 Loaded shared library C:\Program Files\Eclipse Adoptium\jdk-17.0.15.6-hotspot\bin\verify.dll
Event: 21.879 Loaded shared library C:\Users\karth\.gradle\native\68d5fa5c4cc2d200863cafc0d521ce42e7d3e7ee720ec0a83991735586a16f82\windows-amd64\native-platform.dll
Event: 22.141 Loaded shared library C:\Users\karth\.gradle\native\e376f236ea51e6404a007f0833ffe2c6e607c4080706a723a18a27aeea778392\windows-amd64\native-platform-file-events.dll
Event: 37.974 Loaded shared library C:\Program Files\Eclipse Adoptium\jdk-17.0.15.6-hotspot\bin\management.dll
Event: 37.993 Loaded shared library C:\Program Files\Eclipse Adoptium\jdk-17.0.15.6-hotspot\bin\management_ext.dll
Event: 40.828 Loaded shared library C:\Program Files\Eclipse Adoptium\jdk-17.0.15.6-hotspot\bin\extnet.dll
Event: 62.613 Loaded shared library C:\Program Files\Eclipse Adoptium\jdk-17.0.15.6-hotspot\bin\sunmscapi.dll

Deoptimization events (20 events):
Event: 857.786 Thread 0x000001ddfdc35510 Uncommon trap: trap_request=0xffffff45 fr.pc=0x000001dd87bf52e0 relative=0x0000000000000620
Event: 857.786 Thread 0x000001ddfdc35510 Uncommon trap: reason=unstable_if action=reinterpret pc=0x000001dd87bf52e0 method=java.lang.AbstractStringBuilder.append(Ljava/lang/String;)Ljava/lang/AbstractStringBuilder; @ 1 c2
Event: 857.786 Thread 0x000001ddfdc35510 DEOPT PACKING pc=0x000001dd87bf52e0 sp=0x00000002c3cfe350
Event: 857.786 Thread 0x000001ddfdc35510 DEOPT UNPACKING pc=0x000001dd874a69a3 sp=0x00000002c3cfe2d0 mode 2
Event: 857.787 Thread 0x000001ddfdc35510 Uncommon trap: trap_request=0xffffff45 fr.pc=0x000001dd87bdb470 relative=0x0000000000000630
Event: 857.787 Thread 0x000001ddfdc35510 Uncommon trap: reason=unstable_if action=reinterpret pc=0x000001dd87bdb470 method=java.lang.AbstractStringBuilder.append(Ljava/lang/String;)Ljava/lang/AbstractStringBuilder; @ 1 c2
Event: 857.787 Thread 0x000001ddfdc35510 DEOPT PACKING pc=0x000001dd87bdb470 sp=0x00000002c3cfe2f0
Event: 857.787 Thread 0x000001ddfdc35510 DEOPT UNPACKING pc=0x000001dd874a69a3 sp=0x00000002c3cfe2d8 mode 2
Event: 1654.137 Thread 0x000001ddfdecc810 Uncommon trap: trap_request=0xffffff45 fr.pc=0x000001dd87c71bc4 relative=0x0000000000000124
Event: 1654.137 Thread 0x000001ddfdecc810 Uncommon trap: reason=unstable_if action=reinterpret pc=0x000001dd87c71bc4 method=org.gradle.internal.time.DefaultCountdownTimer.hasExpired()Z @ 6 c2
Event: 1654.137 Thread 0x000001ddfdecc810 DEOPT PACKING pc=0x000001dd87c71bc4 sp=0x00000002c60f7db0
Event: 1654.138 Thread 0x000001ddfdecc810 DEOPT UNPACKING pc=0x000001dd874a69a3 sp=0x00000002c60f7d78 mode 2
Event: 1654.138 Thread 0x000001ddfdecc810 Uncommon trap: trap_request=0xffffff45 fr.pc=0x000001dd87cc642c relative=0x00000000000063ec
Event: 1654.140 Thread 0x000001ddfdecc810 Uncommon trap: reason=unstable_if action=reinterpret pc=0x000001dd87cc642c method=org.gradle.internal.io.ExponentialBackoff.retryUntil(Lorg/gradle/internal/io/IOQuery;)Ljava/lang/Object; @ 25 c2
Event: 1654.140 Thread 0x000001ddfdecc810 DEOPT PACKING pc=0x000001dd87cc642c sp=0x00000002c60f7e10
Event: 1654.140 Thread 0x000001ddfdecc810 DEOPT UNPACKING pc=0x000001dd874a69a3 sp=0x00000002c60f7e88 mode 2
Event: 8274.770 Thread 0x000001ddfdecc810 Uncommon trap: trap_request=0xffffffde fr.pc=0x000001dd87df0af8 relative=0x0000000000000258
Event: 8274.771 Thread 0x000001ddfdecc810 Uncommon trap: reason=class_check action=maybe_recompile pc=0x000001dd87df0af8 method=java.util.stream.StreamOpFlag.fromCharacteristics(Ljava/util/Spliterator;)I @ 14 c2
Event: 8274.772 Thread 0x000001ddfdecc810 DEOPT PACKING pc=0x000001dd87df0af8 sp=0x00000002c60f9ba0
Event: 8274.778 Thread 0x000001ddfdecc810 DEOPT UNPACKING pc=0x000001dd874a69a3 sp=0x00000002c60f9a88 mode 2

Classes loaded (20 events):
Event: 729.160 Loading class java/util/regex/Pattern$SliceI
Event: 729.160 Loading class java/util/regex/Pattern$SliceI done
Event: 742.588 Loading class jdk/internal/loader/URLClassPath$FileLoader
Event: 742.588 Loading class jdk/internal/loader/URLClassPath$FileLoader done
Event: 742.599 Loading class jdk/internal/loader/URLClassPath$FileLoader$1
Event: 742.599 Loading class jdk/internal/loader/URLClassPath$FileLoader$1 done
Event: 743.036 Loading class java/lang/AbstractMethodError
Event: 743.036 Loading class java/lang/AbstractMethodError done
Event: 743.101 Loading class java/time/temporal/WeekFields
Event: 743.102 Loading class java/time/temporal/WeekFields done
Event: 743.102 Loading class java/time/temporal/WeekFields$ComputedDayOfField
Event: 743.102 Loading class java/time/temporal/WeekFields$ComputedDayOfField done
Event: 743.105 Loading class java/time/Month$1
Event: 743.106 Loading class java/time/Month$1 done
Event: 743.117 Loading class java/nio/channels/Channels
Event: 743.117 Loading class java/nio/channels/Channels done
Event: 743.118 Loading class java/nio/channels/Channels$1
Event: 743.118 Loading class java/nio/channels/Channels$1 done
Event: 8270.883 Loading class java/util/regex/Pattern$Pos
Event: 8270.926 Loading class java/util/regex/Pattern$Pos done

Classes unloaded (0 events):
No events

Classes redefined (0 events):
No events

Internal exceptions (20 events):
Event: 744.300 Thread 0x000001ddfdecc810 Exception <a 'java/lang/ClassNotFoundException'{0x0000000084b95f08}: org/gradle/api/internal/initialization/DefaultScriptHandlerBeanInfo> (0x0000000084b95f08) 
thrown [s\src\hotspot\share\classfile\systemDictionary.cpp, line 256]
Event: 744.300 Thread 0x000001ddfdecc810 Exception <a 'java/lang/ClassNotFoundException'{0x0000000084ba7868}: org/gradle/api/internal/initialization/DefaultScriptHandlerCustomizer> (0x0000000084ba7868) 
thrown [s\src\hotspot\share\classfile\systemDictionary.cpp, line 256]
Event: 744.326 Thread 0x000001ddfdecc810 Exception <a 'java/lang/ClassNotFoundException'{0x00000000847b7fd0}: org/gradle/api/internal/artifacts/dsl/DefaultRepositoryHandler_DecoratedBeanInfo> (0x00000000847b7fd0) 
thrown [s\src\hotspot\share\classfile\systemDictionary.cpp, line 256]
Event: 744.326 Thread 0x000001ddfdecc810 Exception <a 'java/lang/ClassNotFoundException'{0x00000000847d01b0}: org/gradle/api/internal/artifacts/dsl/DefaultRepositoryHandlerBeanInfo> (0x00000000847d01b0) 
thrown [s\src\hotspot\share\classfile\systemDictionary.cpp, line 256]
Event: 744.327 Thread 0x000001ddfdecc810 Exception <a 'java/lang/ClassNotFoundException'{0x00000000847e8e18}: org/gradle/api/internal/artifacts/DefaultArtifactRepositoryContainerBeanInfo> (0x00000000847e8e18) 
thrown [s\src\hotspot\share\classfile\systemDictionary.cpp, line 256]
Event: 744.328 Thread 0x000001ddfdecc810 Exception <a 'java/lang/ClassNotFoundException'{0x00000000847fd9d0}: org/gradle/api/internal/DefaultNamedDomainObjectListBeanInfo> (0x00000000847fd9d0) 
thrown [s\src\hotspot\share\classfile\systemDictionary.cpp, line 256]
Event: 744.328 Thread 0x000001ddfdecc810 Exception <a 'java/lang/ClassNotFoundException'{0x0000000084612c98}: org/gradle/api/internal/DefaultNamedDomainObjectCollectionBeanInfo> (0x0000000084612c98) 
thrown [s\src\hotspot\share\classfile\systemDictionary.cpp, line 256]
Event: 744.329 Thread 0x000001ddfdecc810 Exception <a 'java/lang/ClassNotFoundException'{0x0000000084627af8}: org/gradle/api/internal/DefaultDomainObjectCollectionBeanInfo> (0x0000000084627af8) 
thrown [s\src\hotspot\share\classfile\systemDictionary.cpp, line 256]
Event: 744.330 Thread 0x000001ddfdecc810 Exception <a 'java/lang/ClassNotFoundException'{0x000000008463ca90}: org/gradle/api/internal/DefaultDomainObjectCollectionCustomizer> (0x000000008463ca90) 
thrown [s\src\hotspot\share\classfile\systemDictionary.cpp, line 256]
Event: 744.333 Thread 0x000001ddfdecc810 Exception <a 'java/lang/ClassNotFoundException'{0x0000000084679f90}: org/gradle/api/internal/DefaultNamedDomainObjectCollectionCustomizer> (0x0000000084679f90) 
thrown [s\src\hotspot\share\classfile\systemDictionary.cpp, line 256]
Event: 744.338 Thread 0x000001ddfdecc810 Exception <a 'java/lang/ClassNotFoundException'{0x00000000846c1c50}: org/gradle/api/internal/DefaultNamedDomainObjectListCustomizer> (0x00000000846c1c50) 
thrown [s\src\hotspot\share\classfile\systemDictionary.cpp, line 256]
Event: 744.340 Thread 0x000001ddfdecc810 Exception <a 'java/lang/ClassNotFoundException'{0x0000000084506880}: org/gradle/api/internal/artifacts/DefaultArtifactRepositoryContainerCustomizer> (0x0000000084506880) 
thrown [s\src\hotspot\share\classfile\systemDictionary.cpp, line 256]
Event: 744.343 Thread 0x000001ddfdecc810 Exception <a 'java/lang/ClassNotFoundException'{0x0000000084546ed0}: org/gradle/api/internal/artifacts/dsl/DefaultRepositoryHandlerCustomizer> (0x0000000084546ed0) 
thrown [s\src\hotspot\share\classfile\systemDictionary.cpp, line 256]
Event: 744.347 Thread 0x000001ddfdecc810 Exception <a 'java/lang/ClassNotFoundException'{0x00000000845957b0}: org/gradle/api/internal/artifacts/dsl/DefaultRepositoryHandler_DecoratedCustomizer> (0x00000000845957b0) 
thrown [s\src\hotspot\share\classfile\systemDictionary.cpp, line 256]
Event: 744.359 Thread 0x000001ddfdecc810 Exception <a 'java/lang/ClassNotFoundException'{0x0000000084429be0}: org/gradle/api/internal/artifacts/dsl/dependencies/DefaultDependencyHandler_DecoratedBeanInfo> (0x0000000084429be0) 
thrown [s\src\hotspot\share\classfile\systemDictionary.cpp, line 256]
Event: 744.360 Thread 0x000001ddfdecc810 Exception <a 'java/lang/ClassNotFoundException'{0x0000000084441aa8}: org/gradle/api/internal/artifacts/dsl/dependencies/DefaultDependencyHandlerBeanInfo> (0x0000000084441aa8) 
thrown [s\src\hotspot\share\classfile\systemDictionary.cpp, line 256]
Event: 744.361 Thread 0x000001ddfdecc810 Exception <a 'java/lang/ClassNotFoundException'{0x0000000084459690}: org/gradle/api/internal/artifacts/dsl/dependencies/DefaultDependencyHandlerCustomizer> (0x0000000084459690) 
thrown [s\src\hotspot\share\classfile\systemDictionary.cpp, line 256]
Event: 744.363 Thread 0x000001ddfdecc810 Exception <a 'java/lang/ClassNotFoundException'{0x00000000844a3638}: org/gradle/api/internal/artifacts/dsl/dependencies/DefaultDependencyHandler_DecoratedCustomizer> (0x00000000844a3638) 
thrown [s\src\hotspot\share\classfile\systemDictionary.cpp, line 256]
Event: 857.786 Thread 0x000001ddfdc35510 Implicit null exception at 0x000001dd87bf4cf2 to 0x000001dd87bf52c8
Event: 857.787 Thread 0x000001ddfdc35510 Implicit null exception at 0x000001dd87bdae72 to 0x000001dd87bdb458

VM Operations (20 events):
Event: 8270.101 Executing VM operation: Cleanup done
Event: 8272.124 Executing VM operation: Cleanup
Event: 8272.310 Executing VM operation: Cleanup done
Event: 8273.312 Executing VM operation: Cleanup
Event: 8273.375 Executing VM operation: Cleanup done
Event: 8274.382 Executing VM operation: Cleanup
Event: 8274.421 Executing VM operation: Cleanup done
Event: 8275.433 Executing VM operation: Cleanup
Event: 8275.481 Executing VM operation: Cleanup done
Event: 8280.166 Executing VM operation: G1CollectForAllocation
Event: 8285.240 Executing VM operation: G1CollectForAllocation done
Event: 8287.614 Executing VM operation: G1CollectForAllocation
Event: 8309.661 Executing VM operation: G1CollectForAllocation done
Event: 8312.578 Executing VM operation: G1CollectForAllocation
Event: 8318.095 Executing VM operation: G1CollectForAllocation done
Event: 8320.212 Executing VM operation: G1CollectForAllocation
Event: 8321.898 Executing VM operation: G1CollectForAllocation done
Event: 8322.363 Executing VM operation: G1CollectForAllocation
Event: 8323.036 Executing VM operation: G1CollectForAllocation done
Event: 8323.057 Executing VM operation: G1CollectForAllocation

Memory protections (0 events):
No events

Nmethod flushes (20 events):
Event: 611.815 Thread 0x000001ddfcc387c0 flushing  nmethod 0x000001dd80812890
Event: 611.815 Thread 0x000001ddfcc387c0 flushing  nmethod 0x000001dd8081ac10
Event: 611.815 Thread 0x000001ddfcc387c0 flushing  nmethod 0x000001dd8081b210
Event: 611.815 Thread 0x000001ddfcc387c0 flushing  nmethod 0x000001dd80821490
Event: 611.815 Thread 0x000001ddfcc387c0 flushing  nmethod 0x000001dd80821990
Event: 611.815 Thread 0x000001ddfcc387c0 flushing  nmethod 0x000001dd80822b10
Event: 611.815 Thread 0x000001ddfcc387c0 flushing  nmethod 0x000001dd80825210
Event: 611.815 Thread 0x000001ddfcc387c0 flushing  nmethod 0x000001dd8083aa90
Event: 611.815 Thread 0x000001ddfcc387c0 flushing  nmethod 0x000001dd80870f90
Event: 611.815 Thread 0x000001ddfcc387c0 flushing  nmethod 0x000001dd80875590
Event: 611.815 Thread 0x000001ddfcc387c0 flushing  nmethod 0x000001dd80884a10
Event: 611.815 Thread 0x000001ddfcc387c0 flushing  nmethod 0x000001dd808c2610
Event: 611.815 Thread 0x000001ddfcc387c0 flushing  nmethod 0x000001dd80961910
Event: 611.815 Thread 0x000001ddfcc387c0 flushing  nmethod 0x000001dd80961c90
Event: 611.815 Thread 0x000001ddfcc387c0 flushing  nmethod 0x000001dd80984290
Event: 611.815 Thread 0x000001ddfcc387c0 flushing  nmethod 0x000001dd8099ff10
Event: 611.815 Thread 0x000001ddfcc387c0 flushing  nmethod 0x000001dd809b6810
Event: 611.816 Thread 0x000001ddfcc387c0 flushing  nmethod 0x000001dd80ac5590
Event: 611.816 Thread 0x000001ddfcc387c0 flushing  nmethod 0x000001dd80acc190
Event: 742.893 Thread 0x000001ddfcc387c0 flushing  nmethod 0x000001dd8035eb10

Events (20 events):
Event: 739.876 Thread 0x000001ddfcc36c00 Thread exited: 0x000001ddfcc36c00
Event: 742.755 Thread 0x000001ddfcc34180 Thread added: 0x000001ddfcc34c20
Event: 743.207 Thread 0x000001ddfcc34c20 Thread exited: 0x000001ddfcc34c20
Event: 744.403 Thread 0x000001ddfdecc810 Thread added: 0x000001ddff4f8d80
Event: 744.644 Thread 0x000001ddfcc34180 Thread added: 0x000001ddfcc366b0
Event: 746.021 Thread 0x000001ddfcc366b0 Thread exited: 0x000001ddfcc366b0
Event: 756.726 Thread 0x000001ddfcc34180 Thread added: 0x000001ddfcc346d0
Event: 757.791 Thread 0x000001ddfcc346d0 Thread exited: 0x000001ddfcc346d0
Event: 1196.138 Thread 0x000001ddfcc34180 Thread added: 0x000001ddfcc366b0
Event: 1196.142 Thread 0x000001ddfcc34180 Thread added: 0x000001ddfcc346d0
Event: 1196.142 Thread 0x000001ddfcc34180 Thread added: 0x000001ddfcc34c20
Event: 1201.173 Thread 0x000001ddfcc34c20 Thread exited: 0x000001ddfcc34c20
Event: 1201.187 Thread 0x000001ddfcc346d0 Thread exited: 0x000001ddfcc346d0
Event: 1206.187 Thread 0x000001ddfcc366b0 Thread exited: 0x000001ddfcc366b0
Event: 1656.194 Thread 0x000001ddfcc34180 Thread added: 0x000001ddfcc366b0
Event: 1657.304 Thread 0x000001ddfcc366b0 Thread exited: 0x000001ddfcc366b0
Event: 8265.720 Thread 0x000001ddfcc34180 Thread added: 0x000001ddfcc34c20
Event: 8265.721 Thread 0x000001ddfcc34180 Thread added: 0x000001ddfcc346d0
Event: 8266.892 Thread 0x000001ddfcc346d0 Thread exited: 0x000001ddfcc346d0
Event: 8266.892 Thread 0x000001ddfcc34c20 Thread exited: 0x000001ddfcc34c20


Dynamic libraries:
0x00007ff687c40000 - 0x00007ff687c4e000 	C:\Program Files\Eclipse Adoptium\jdk-17.0.15.6-hotspot\bin\java.exe
0x00007fffc3680000 - 0x00007fffc38e6000 	C:\WINDOWS\SYSTEM32\ntdll.dll
0x00007fffc2160000 - 0x00007fffc2229000 	C:\WINDOWS\System32\KERNEL32.DLL
0x00007fffc0ae0000 - 0x00007fffc0eac000 	C:\WINDOWS\System32\KERNELBASE.dll
0x0000000070320000 - 0x00000000703bd000 	C:\ProgramData\Symantec\Symantec Endpoint Protection\14.3.9205.6000.105\Data\Sysfer\x64\sysfer.dll
0x00007fffc0810000 - 0x00007fffc095b000 	C:\WINDOWS\System32\ucrtbase.dll
0x00007fff99aa0000 - 0x00007fff99abe000 	C:\Program Files\Eclipse Adoptium\jdk-17.0.15.6-hotspot\bin\VCRUNTIME140.dll
0x00007fff9be20000 - 0x00007fff9be37000 	C:\Program Files\Eclipse Adoptium\jdk-17.0.15.6-hotspot\bin\jli.dll
0x00007fffc14c0000 - 0x00007fffc168a000 	C:\WINDOWS\System32\USER32.dll
0x00007fffc1360000 - 0x00007fffc1387000 	C:\WINDOWS\System32\win32u.dll
0x00007fffc1730000 - 0x00007fffc175b000 	C:\WINDOWS\System32\GDI32.dll
0x00007fffc0f70000 - 0x00007fffc10a2000 	C:\WINDOWS\System32\gdi32full.dll
0x00007fffa61a0000 - 0x00007fffa643a000 	C:\WINDOWS\WinSxS\amd64_microsoft.windows.common-controls_6595b64144ccf1df_6.0.26100.3912_none_3e07963ce335137e\COMCTL32.dll
0x00007fffc1390000 - 0x00007fffc1433000 	C:\WINDOWS\System32\msvcp_win.dll
0x00007fffc3590000 - 0x00007fffc3639000 	C:\WINDOWS\System32\msvcrt.dll
0x00007fffc2850000 - 0x00007fffc2880000 	C:\WINDOWS\System32\IMM32.DLL
0x00007fffa4250000 - 0x00007fffa425c000 	C:\Program Files\Eclipse Adoptium\jdk-17.0.15.6-hotspot\bin\vcruntime140_1.dll
0x00007fff7c670000 - 0x00007fff7c6fd000 	C:\Program Files\Eclipse Adoptium\jdk-17.0.15.6-hotspot\bin\msvcp140.dll
0x00007fff3e940000 - 0x00007fff3f5ab000 	C:\Program Files\Eclipse Adoptium\jdk-17.0.15.6-hotspot\bin\server\jvm.dll
0x00007fffc2e40000 - 0x00007fffc2ef2000 	C:\WINDOWS\System32\ADVAPI32.dll
0x00007fffc1760000 - 0x00007fffc1806000 	C:\WINDOWS\System32\sechost.dll
0x00007fffc2040000 - 0x00007fffc2156000 	C:\WINDOWS\System32\RPCRT4.dll
0x00007fffc3500000 - 0x00007fffc3574000 	C:\WINDOWS\System32\WS2_32.dll
0x00007fffc0680000 - 0x00007fffc06de000 	C:\WINDOWS\SYSTEM32\POWRPROF.dll
0x00007fffb52a0000 - 0x00007fffb52d6000 	C:\WINDOWS\SYSTEM32\WINMM.dll
0x00007fffa9820000 - 0x00007fffa982b000 	C:\WINDOWS\SYSTEM32\VERSION.dll
0x00007fffc0660000 - 0x00007fffc0674000 	C:\WINDOWS\SYSTEM32\UMPDC.dll
0x00007fffbf5d0000 - 0x00007fffbf5ea000 	C:\WINDOWS\SYSTEM32\kernel.appcore.dll
0x00007fffa41b0000 - 0x00007fffa41ba000 	C:\Program Files\Eclipse Adoptium\jdk-17.0.15.6-hotspot\bin\jimage.dll
0x00007fffbe100000 - 0x00007fffbe341000 	C:\WINDOWS\SYSTEM32\DBGHELP.DLL
0x00007fffc3000000 - 0x00007fffc3384000 	C:\WINDOWS\System32\combase.dll
0x00007fffc2b40000 - 0x00007fffc2c20000 	C:\WINDOWS\System32\OLEAUT32.dll
0x00007fff95100000 - 0x00007fff95139000 	C:\WINDOWS\SYSTEM32\dbgcore.DLL
0x00007fffc12c0000 - 0x00007fffc1359000 	C:\WINDOWS\System32\bcryptPrimitives.dll
0x00007fff988b0000 - 0x00007fff988d5000 	C:\Program Files\Eclipse Adoptium\jdk-17.0.15.6-hotspot\bin\java.dll
0x00007fff7c590000 - 0x00007fff7c667000 	C:\Program Files\Eclipse Adoptium\jdk-17.0.15.6-hotspot\bin\jsvml.dll
0x00007fffc1890000 - 0x00007fffc1fbd000 	C:\WINDOWS\System32\SHELL32.dll
0x00007fffc0960000 - 0x00007fffc0ad4000 	C:\WINDOWS\System32\wintypes.dll
0x00007fffbe450000 - 0x00007fffbeca6000 	C:\WINDOWS\SYSTEM32\windows.storage.dll
0x00007fffc2f00000 - 0x00007fffc2fef000 	C:\WINDOWS\System32\SHCORE.dll
0x00007fffc1820000 - 0x00007fffc1889000 	C:\WINDOWS\System32\shlwapi.dll
0x00007fffc0720000 - 0x00007fffc074f000 	C:\WINDOWS\SYSTEM32\profapi.dll
0x00007fff99a10000 - 0x00007fff99a29000 	C:\Program Files\Eclipse Adoptium\jdk-17.0.15.6-hotspot\bin\net.dll
0x00007fffaf2b0000 - 0x00007fffaf3ce000 	C:\WINDOWS\SYSTEM32\WINHTTP.dll
0x00007fffbfb40000 - 0x00007fffbfbaa000 	C:\WINDOWS\system32\mswsock.dll
0x00007fff98f80000 - 0x00007fff98f96000 	C:\Program Files\Eclipse Adoptium\jdk-17.0.15.6-hotspot\bin\nio.dll
0x00007fff98520000 - 0x00007fff98538000 	C:\Program Files\Eclipse Adoptium\jdk-17.0.15.6-hotspot\bin\zip.dll
0x00007fffa4150000 - 0x00007fffa4160000 	C:\Program Files\Eclipse Adoptium\jdk-17.0.15.6-hotspot\bin\verify.dll
0x00007fff98930000 - 0x00007fff98957000 	C:\Users\karth\.gradle\native\68d5fa5c4cc2d200863cafc0d521ce42e7d3e7ee720ec0a83991735586a16f82\windows-amd64\native-platform.dll
0x00007fff7c440000 - 0x00007fff7c584000 	C:\Users\karth\.gradle\native\e376f236ea51e6404a007f0833ffe2c6e607c4080706a723a18a27aeea778392\windows-amd64\native-platform-file-events.dll
0x00007fffa0910000 - 0x00007fffa091a000 	C:\Program Files\Eclipse Adoptium\jdk-17.0.15.6-hotspot\bin\management.dll
0x00007fffa0830000 - 0x00007fffa083b000 	C:\Program Files\Eclipse Adoptium\jdk-17.0.15.6-hotspot\bin\management_ext.dll
0x00007fffc3580000 - 0x00007fffc3588000 	C:\WINDOWS\System32\PSAPI.DLL
0x00007fffbfde0000 - 0x00007fffbfdfc000 	C:\WINDOWS\SYSTEM32\CRYPTSP.dll
0x00007fffbf530000 - 0x00007fffbf56a000 	C:\WINDOWS\system32\rsaenh.dll
0x00007fffbfbe0000 - 0x00007fffbfc0b000 	C:\WINDOWS\SYSTEM32\USERENV.dll
0x00007fffc06f0000 - 0x00007fffc0716000 	C:\WINDOWS\SYSTEM32\bcrypt.dll
0x00007fffbfe00000 - 0x00007fffbfe0c000 	C:\WINDOWS\SYSTEM32\CRYPTBASE.dll
0x00007fffbf070000 - 0x00007fffbf0a3000 	C:\WINDOWS\SYSTEM32\IPHLPAPI.DLL
0x00007fffc2740000 - 0x00007fffc274a000 	C:\WINDOWS\System32\NSI.dll
0x00007fffb72a0000 - 0x00007fffb72bf000 	C:\WINDOWS\SYSTEM32\dhcpcsvc6.DLL
0x00007fffb7030000 - 0x00007fffb7055000 	C:\WINDOWS\SYSTEM32\dhcpcsvc.DLL
0x00007fffbf140000 - 0x00007fffbf267000 	C:\WINDOWS\SYSTEM32\DNSAPI.dll
0x00007fff9c160000 - 0x00007fff9c169000 	C:\Program Files\Eclipse Adoptium\jdk-17.0.15.6-hotspot\bin\extnet.dll
0x00007fff9bf40000 - 0x00007fff9bf4e000 	C:\Program Files\Eclipse Adoptium\jdk-17.0.15.6-hotspot\bin\sunmscapi.dll
0x00007fffc10b0000 - 0x00007fffc1227000 	C:\WINDOWS\System32\CRYPT32.dll
0x00007fffbfff0000 - 0x00007fffc0020000 	C:\WINDOWS\SYSTEM32\ncrypt.dll
0x00007fffbffa0000 - 0x00007fffbffdf000 	C:\WINDOWS\SYSTEM32\NTASN1.dll
0x00007fffa3df0000 - 0x00007fffa3df8000 	C:\WINDOWS\system32\wshunix.dll

dbghelp: loaded successfully - version: 4.0.5 - missing functions: none
symbol engine: initialized successfully - sym options: 0x614 - pdb path: .;C:\Program Files\Eclipse Adoptium\jdk-17.0.15.6-hotspot\bin;C:\WINDOWS\SYSTEM32;C:\ProgramData\Symantec\Symantec Endpoint Protection\14.3.9205.6000.105\Data\Sysfer\x64;C:\WINDOWS\WinSxS\amd64_microsoft.windows.common-controls_6595b64144ccf1df_6.0.26100.3912_none_3e07963ce335137e;C:\Program Files\Eclipse Adoptium\jdk-17.0.15.6-hotspot\bin\server;C:\Users\karth\.gradle\native\68d5fa5c4cc2d200863cafc0d521ce42e7d3e7ee720ec0a83991735586a16f82\windows-amd64;C:\Users\karth\.gradle\native\e376f236ea51e6404a007f0833ffe2c6e607c4080706a723a18a27aeea778392\windows-amd64

VM Arguments:
jvm_args: -XX:MaxMetaspaceSize=512m --add-opens=java.base/java.util=ALL-UNNAMED --add-opens=java.base/java.lang=ALL-UNNAMED --add-opens=java.base/java.lang.invoke=ALL-UNNAMED --add-opens=java.prefs/java.util.prefs=ALL-UNNAMED --add-opens=java.base/java.nio.charset=ALL-UNNAMED --add-opens=java.base/java.net=ALL-UNNAMED --add-opens=java.base/java.util.concurrent.atomic=ALL-UNNAMED -Xmx2048m -Dfile.encoding=UTF-8 -Duser.country=CA -Duser.language=en -Duser.variant 
java_command: org.gradle.launcher.daemon.bootstrap.GradleDaemon 8.0.1
java_class_path (initial): C:\Users\karth\.gradle\wrapper\dists\gradle-8.0.1-all\aro4hu1c3oeioove7l0i4i14o\gradle-8.0.1\lib\gradle-launcher-8.0.1.jar
Launcher Type: SUN_STANDARD

[Global flags]
     intx CICompilerCount                          = 12                                        {product} {ergonomic}
   size_t CompressedClassSpaceSize                 = 436207616                                 {product} {ergonomic}
     uint ConcGCThreads                            = 3                                         {product} {ergonomic}
     uint G1ConcRefinementThreads                  = 13                                        {product} {ergonomic}
   size_t G1HeapRegionSize                         = 1048576                                   {product} {ergonomic}
    uintx GCDrainStackTargetSize                   = 64                                        {product} {ergonomic}
   size_t InitialHeapSize                          = 264241152                                 {product} {ergonomic}
   size_t MarkStackSize                            = 4194304                                   {product} {ergonomic}
   size_t MaxHeapSize                              = 2147483648                                {product} {command line}
   size_t MaxMetaspaceSize                         = 536870912                                 {product} {command line}
   size_t MaxNewSize                               = 1287651328                                {product} {ergonomic}
   size_t MinHeapDeltaBytes                        = 1048576                                   {product} {ergonomic}
   size_t MinHeapSize                              = 8388608                                   {product} {ergonomic}
    uintx NonNMethodCodeHeapSize                   = 7602480                                {pd product} {ergonomic}
    uintx NonProfiledCodeHeapSize                  = 122027880                              {pd product} {ergonomic}
    uintx ProfiledCodeHeapSize                     = 122027880                              {pd product} {ergonomic}
    uintx ReservedCodeCacheSize                    = 251658240                              {pd product} {ergonomic}
     bool SegmentedCodeCache                       = true                                      {product} {ergonomic}
   size_t SoftMaxHeapSize                          = 2147483648                             {manageable} {ergonomic}
     bool UseCompressedClassPointers               = true                           {product lp64_product} {ergonomic}
     bool UseCompressedOops                        = true                           {product lp64_product} {ergonomic}
     bool UseG1GC                                  = true                                      {product} {ergonomic}
     bool UseLargePagesIndividualAllocation        = false                                  {pd product} {ergonomic}

Logging:
Log output configuration:
 #0: stdout all=warning uptime,level,tags
 #1: stderr all=off uptime,level,tags

Environment Variables:
JAVA_HOME=C:\Program Files\Java\jdk-23
CLASSPATH=C:\Users\karth\CascadeProjects\MobileAppAndroid\android\\gradle\wrapper\gradle-wrapper.jar
PATH=C:\Users\karth\CascadeProjects\MobileAppAndroid\node_modules\.bin;C:\Users\karth\CascadeProjects\MobileAppAndroid\node_modules\.bin;C:\Users\karth\CascadeProjects\node_modules\.bin;C:\Users\karth\node_modules\.bin;C:\Users\node_modules\.bin;C:\node_modules\.bin;C:\Program Files\nodejs\node_modules\npm\node_modules\@npmcli\run-script\lib\node-gyp-bin;C:\Users\karth\CascadeProjects\MobileAppAndroid\node_modules\.bin;C:\Users\karth\CascadeProjects\MobileAppAndroid\node_modules\.bin;C:\Users\karth\CascadeProjects\node_modules\.bin;C:\Users\karth\node_modules\.bin;C:\Users\node_modules\.bin;C:\node_modules\.bin;C:\Program Files\nodejs\node_modules\npm\node_modules\@npmcli\run-script\lib\node-gyp-bin;C:\Program Files\Eclipse Adoptium\jdk-17.0.15.6-hotspot\bin;C:\Program Files\Common Files\Oracle\Java\javapath;C:\WINDOWS\system32;C:\WINDOWS;C:\WINDOWS\System32\Wbem;C:\WINDOWS\System32\WindowsPowerShell\v1.0\;C:\WINDOWS\System32\OpenSSH\;C:\Program Files\nodejs\;C:\Program Files (x86)\nikto\program;C:\Program Files (x86)\curl;D:\GoWorkspace\bin;C:\Program Files\Go\bin;C:\Program Files\Git\cmd;C:\Users\karth\AppData\Local\Android\Sdk;C:\Users\karth\AppData\Local\Android\Sdk\platform-tools;C:\Program Files\Eclipse Adoptium\jdk-17.0.15.6-hotspot\bin;C:\Program Files\Common Files\Oracle\Java\javapath;C:\WINDOWS\system32;C:\WINDOWS;C:\WINDOWS\System32\Wbem;C:\WINDOWS\System32\WindowsPowerShell\v1.0\;C:\WINDOWS\System32\OpenSSH\;C:\Program Files\nodejs\;C:\Program Files\Git\cmd;C:\Users\karth\AppData\Local\Microsoft\WindowsApps;C:\Users\karth\AppData\Local\Programs\Microsoft VS Code\bin;C:\Users\karth\AppData\Roaming\npm;C:\Users\karth\go\bin;C:\Users\karth\AppData\Local\Programs\Windsurf\bin
USERNAME=karth
OS=Windows_NT
PROCESSOR_IDENTIFIER=Intel64 Family 6 Model 154 Stepping 3, GenuineIntel
TMP=C:\Users\karth\AppData\Local\Temp
TEMP=C:\Users\karth\AppData\Local\Temp



Periodic native trim disabled


---------------  S Y S T E M  ---------------

OS:
 Windows 11 , 64 bit Build 26100 (10.0.26100.3912)
OS uptime: 10 days 15:58 hours
Hyper-V role detected

CPU: total 16 (initial active 16) (8 cores per cpu, 2 threads per core) family 6 model 154 stepping 3 microcode 0x416, cx8, cmov, fxsr, ht, mmx, 3dnowpref, sse, sse2, sse3, ssse3, sse4.1, sse4.2, popcnt, lzcnt, tsc, tscinvbit, avx, avx2, aes, erms, clmul, bmi1, bmi2, adx, sha, fma, vzeroupper, clflush, clflushopt, clwb, hv
Processor Information for processor 0
  Max Mhz: 2100, Current Mhz: 2100, Mhz Limit: 2100
Processor Information for processor 1
  Max Mhz: 2100, Current Mhz: 2100, Mhz Limit: 2100
Processor Information for processor 2
  Max Mhz: 2100, Current Mhz: 2100, Mhz Limit: 2100
Processor Information for processor 3
  Max Mhz: 2100, Current Mhz: 2100, Mhz Limit: 2100
Processor Information for processor 4
  Max Mhz: 2100, Current Mhz: 2100, Mhz Limit: 2100
Processor Information for processor 5
  Max Mhz: 2100, Current Mhz: 2100, Mhz Limit: 2100
Processor Information for processor 6
  Max Mhz: 2100, Current Mhz: 2100, Mhz Limit: 2100
Processor Information for processor 7
  Max Mhz: 2100, Current Mhz: 2100, Mhz Limit: 2100
Processor Information for processor 8
  Max Mhz: 2100, Current Mhz: 1500, Mhz Limit: 1491
Processor Information for processor 9
  Max Mhz: 2100, Current Mhz: 1500, Mhz Limit: 1491
Processor Information for processor 10
  Max Mhz: 2100, Current Mhz: 1500, Mhz Limit: 1491
Processor Information for processor 11
  Max Mhz: 2100, Current Mhz: 1500, Mhz Limit: 1491
Processor Information for processor 12
  Max Mhz: 2100, Current Mhz: 1500, Mhz Limit: 1491
Processor Information for processor 13
  Max Mhz: 2100, Current Mhz: 1500, Mhz Limit: 1491
Processor Information for processor 14
  Max Mhz: 2100, Current Mhz: 1500, Mhz Limit: 1491
Processor Information for processor 15
  Max Mhz: 2100, Current Mhz: 1500, Mhz Limit: 1491

Memory: 4k page, system-wide physical 16088M (1M free)
TotalPageFile size 64210M (AvailPageFile size 1M)
current process WorkingSet (physical memory assigned to process): 19M, peak: 241M
current process commit charge ("private bytes"): 353M, peak: 443M

vm_info: OpenJDK 64-Bit Server VM (17.0.15+6) for windows-amd64 JRE (17.0.15+6), built on Apr 15 2025 21:25:47 by "admin" with MS VC++ 17.7 (VS2022)

END.
