#
# There is insufficient memory for the Java Runtime Environment to continue.
# Native memory allocation (mmap) failed to map 26214400 bytes. Error detail: G1 virtual space
# Possible reasons:
#   The system is out of physical RAM or swap space
#   This process is running with CompressedOops enabled, and the Java Heap may be blocking the growth of the native heap
# Possible solutions:
#   Reduce memory load on the system
#   Increase physical memory or swap space
#   Check if swap backing store is full
#   Decrease Java heap size (-Xmx/-Xms)
#   Decrease number of Java threads
#   Decrease Java thread stack sizes (-Xss)
#   Set larger code cache with -XX:ReservedCodeCacheSize=
#   JVM is running with Unscaled Compressed Oops mode in which the Java heap is
#     placed in the first 4GB address space. The Java Heap base address is the
#     maximum limit for the native heap growth. Please use -XX:HeapBaseMinAddress
#     to set the Java Heap base and to place the Java Heap above 4GB virtual address.
# This output file may be truncated or incomplete.
#
#  Out of Memory Error (os_windows.cpp:3618), pid=60032, tid=16360
#
# JRE version: OpenJDK Runtime Environment Temurin-17.0.15+6 (17.0.15+6) (build 17.0.15+6)
# Java VM: OpenJDK 64-Bit Server VM Temurin-17.0.15+6 (17.0.15+6, mixed mode, sharing, tiered, compressed oops, compressed class ptrs, g1 gc, windows-amd64)
# No core dump will be written. Minidumps are not enabled by default on client versions of Windows
#

---------------  S U M M A R Y ------------

Command Line: -XX:MaxMetaspaceSize=512m --add-opens=java.base/java.util=ALL-UNNAMED --add-opens=java.base/java.lang=ALL-UNNAMED --add-opens=java.base/java.lang.invoke=ALL-UNNAMED --add-opens=java.prefs/java.util.prefs=ALL-UNNAMED --add-opens=java.base/java.nio.charset=ALL-UNNAMED --add-opens=java.base/java.net=ALL-UNNAMED --add-opens=java.base/java.util.concurrent.atomic=ALL-UNNAMED -Xmx2048m -Dfile.encoding=UTF-8 -Duser.country=CA -Duser.language=en -Duser.variant org.gradle.launcher.daemon.bootstrap.GradleDaemon 8.0.1

Host: 12th Gen Intel(R) Core(TM) i7-1260P, 16 cores, 15G,  Windows 11 , 64 bit Build 26100 (10.0.26100.3912)
Time: Mon May 26 02:11:50 2025 Eastern Daylight Time elapsed time: 8237.925102 seconds (0d 2h 17m 17s)

---------------  T H R E A D  ---------------

Current thread (0x000001f77f7a4010):  VMThread "VM Thread" [stack: 0x0000006243b00000,0x0000006243c00000] [id=16360]

Stack: [0x0000006243b00000,0x0000006243c00000]
Native frames: (J=compiled Java code, j=interpreted, Vv=VM code, C=native code)
V  [jvm.dll+0x682fc9]
V  [jvm.dll+0x839878]
V  [jvm.dll+0x83b323]
V  [jvm.dll+0x83b993]
V  [jvm.dll+0x24725f]
V  [jvm.dll+0x67fda9]
V  [jvm.dll+0x674c9a]
V  [jvm.dll+0x304d06]
V  [jvm.dll+0x30c1c6]
V  [jvm.dll+0x35dd4e]
V  [jvm.dll+0x35df8d]
V  [jvm.dll+0x2dc0cc]
V  [jvm.dll+0x2da46f]
V  [jvm.dll+0x2d9bdc]
V  [jvm.dll+0x31d3bb]
V  [jvm.dll+0x8401cd]
V  [jvm.dll+0x840f03]
V  [jvm.dll+0x84142f]
V  [jvm.dll+0x841814]
V  [jvm.dll+0x8418de]
V  [jvm.dll+0x7e94dc]
V  [jvm.dll+0x681ea7]
C  [ucrtbase.dll+0x37b0]
C  [KERNEL32.DLL+0x2e8d7]
C  [ntdll.dll+0x9c5dc]

VM_Operation (0x00000062451fdfd0): G1CollectForAllocation, mode: safepoint, requested by thread 0x000001f77fbcec00


---------------  P R O C E S S  ---------------

Threads class SMR info:
_java_thread_list=0x000001f7254ff800, length=79, elements={
0x000001f7621c2950, 0x000001f77f7aff70, 0x000001f77f7b0a40, 0x000001f77f7c01a0,
0x000001f77f7c2b80, 0x000001f77f7c5460, 0x000001f77f7c5d30, 0x000001f77f7ca9a0,
0x000001f77f7cd6c0, 0x000001f77faee180, 0x000001f77fbce1e0, 0x000001f77fbd0550,
0x000001f77fbce6f0, 0x000001f77fbcfb30, 0x000001f77fbcec00, 0x000001f77fbcf620,
0x000001f77fbcf110, 0x000001f77fbcd7c0, 0x000001f77fbd0040, 0x000001f77fbcd2b0,
0x000001f7217b9b10, 0x000001f7217b8be0, 0x000001f7217b86d0, 0x000001f7217b90f0,
0x000001f7217baa40, 0x000001f7217baf50, 0x000001f7217b81c0, 0x000001f7217bb460,
0x000001f7217b9600, 0x000001f7217b7cb0, 0x000001f7217be700, 0x000001f7217bc8a0,
0x000001f7217bd7d0, 0x000001f7217bf630, 0x000001f7217bf120, 0x000001f7217bdce0,
0x000001f7217bcdb0, 0x000001f7217bc390, 0x000001f7217bbe80, 0x000001f7217be1f0,
0x000001f7217bd2c0, 0x000001f77fbcdcd0, 0x000001f77fbd0a60, 0x000001f72376d9c0,
0x000001f72376cfa0, 0x000001f72376a210, 0x000001f72376d4b0, 0x000001f72376a720,
0x000001f72376ac30, 0x000001f72376b140, 0x000001f72376bb60, 0x000001f72376b650,
0x000001f72376c070, 0x000001f72376c580, 0x000001f72376ca90, 0x000001f721b0bd20,
0x000001f721b0b810, 0x000001f721b0d670, 0x000001f721b0adf0, 0x000001f721b0c230,
0x000001f721b0c740, 0x000001f721b0cc50, 0x000001f721b0b300, 0x000001f721b0d160,
0x000001f721b0db80, 0x000001f721b0a3d0, 0x000001f721b0e090, 0x000001f721b0a8e0,
0x000001f721b0fef0, 0x000001f721b0f4d0, 0x000001f721b10e20, 0x000001f721b11330,
0x000001f721b11840, 0x000001f721b0e5a0, 0x000001f721b0f9e0, 0x000001f721b10400,
0x000001f721b10910, 0x000001f721b11d50, 0x000001f72599b3d0
}

Java Threads: ( => current thread )
  0x000001f7621c2950 JavaThread "main" [_thread_blocked, id=20528, stack(0x0000006243500000,0x0000006243600000)]
  0x000001f77f7aff70 JavaThread "Reference Handler" daemon [_thread_blocked, id=26452, stack(0x0000006243c00000,0x0000006243d00000)]
  0x000001f77f7b0a40 JavaThread "Finalizer" daemon [_thread_blocked, id=11544, stack(0x0000006243d00000,0x0000006243e00000)]
  0x000001f77f7c01a0 JavaThread "Signal Dispatcher" daemon [_thread_blocked, id=46024, stack(0x0000006243e00000,0x0000006243f00000)]
  0x000001f77f7c2b80 JavaThread "Attach Listener" daemon [_thread_blocked, id=37180, stack(0x0000006243f00000,0x0000006244000000)]
  0x000001f77f7c5460 JavaThread "Service Thread" daemon [_thread_blocked, id=24860, stack(0x0000006244000000,0x0000006244100000)]
  0x000001f77f7c5d30 JavaThread "Monitor Deflation Thread" daemon [_thread_blocked, id=39088, stack(0x0000006244100000,0x0000006244200000)]
  0x000001f77f7ca9a0 JavaThread "C2 CompilerThread0" daemon [_thread_blocked, id=12620, stack(0x0000006244200000,0x0000006244300000)]
  0x000001f77f7cd6c0 JavaThread "C1 CompilerThread0" daemon [_thread_blocked, id=18064, stack(0x0000006244300000,0x0000006244400000)]
  0x000001f77faee180 JavaThread "Sweeper thread" daemon [_thread_blocked, id=21156, stack(0x0000006244400000,0x0000006244500000)]
  0x000001f77fbce1e0 JavaThread "Common-Cleaner" daemon [_thread_blocked, id=54888, stack(0x0000006244500000,0x0000006244600000)]
  0x000001f77fbd0550 JavaThread "Notification Thread" daemon [_thread_blocked, id=16004, stack(0x0000006244600000,0x0000006244700000)]
  0x000001f77fbce6f0 JavaThread "Daemon health stats" [_thread_blocked, id=29540, stack(0x0000006244d00000,0x0000006244e00000)]
  0x000001f77fbcfb30 JavaThread "Incoming local TCP Connector on port 34304" [_thread_in_native, id=28192, stack(0x0000006244e00000,0x0000006244f00000)]
  0x000001f77fbcec00 JavaThread "Daemon periodic checks" [_thread_blocked, id=14740, stack(0x0000006245100000,0x0000006245200000)]
  0x000001f77fbcf620 JavaThread "Daemon" [_thread_blocked, id=62356, stack(0x0000006245200000,0x0000006245300000)]
  0x000001f77fbcf110 JavaThread "Handler for socket connection from /127.0.0.1:34304 to /127.0.0.1:34355" [_thread_in_native, id=51504, stack(0x0000006245300000,0x0000006245400000)]
  0x000001f77fbcd7c0 JavaThread "Cancel handler" [_thread_blocked, id=56664, stack(0x0000006245400000,0x0000006245500000)]
  0x000001f77fbd0040 JavaThread "Daemon worker" [_thread_blocked, id=52848, stack(0x0000006245500000,0x0000006245600000)]
  0x000001f77fbcd2b0 JavaThread "Asynchronous log dispatcher for DefaultDaemonConnection: socket connection from /127.0.0.1:34304 to /127.0.0.1:34355" [_thread_blocked, id=19424, stack(0x0000006245600000,0x0000006245700000)]
  0x000001f7217b9b10 JavaThread "Daemon client event forwarder" [_thread_blocked, id=46116, stack(0x0000006245800000,0x0000006245900000)]
  0x000001f7217b8be0 JavaThread "Cache worker for journal cache (C:\Users\karth\.gradle\caches\journal-1)" [_thread_blocked, id=49156, stack(0x0000006243200000,0x0000006243300000)]
  0x000001f7217b86d0 JavaThread "File lock request listener" [_thread_in_native, id=38064, stack(0x0000006243300000,0x0000006243400000)]
  0x000001f7217b90f0 JavaThread "Cache worker for file hash cache (C:\Users\karth\.gradle\caches\8.0.1\fileHashes)" [_thread_blocked, id=52512, stack(0x0000006243400000,0x0000006243500000)]
  0x000001f7217baa40 JavaThread "File watcher server" daemon [_thread_in_native, id=9248, stack(0x0000006245a00000,0x0000006245b00000)]
  0x000001f7217baf50 JavaThread "File watcher consumer" daemon [_thread_blocked, id=17232, stack(0x0000006245b00000,0x0000006245c00000)]
  0x000001f7217b81c0 JavaThread "Cache worker for checksums cache (C:\Users\karth\CascadeProjects\MobileAppAndroid\android\.gradle\8.0.1\checksums)" [_thread_blocked, id=4008, stack(0x0000006245c00000,0x0000006245d00000)]
  0x000001f7217bb460 JavaThread "Cache worker for cache directory md-rule (C:\Users\karth\.gradle\caches\8.0.1\md-rule)" [_thread_blocked, id=17736, stack(0x0000006245d00000,0x0000006245e00000)]
  0x000001f7217b9600 JavaThread "Cache worker for file content cache (C:\Users\karth\.gradle\caches\8.0.1\fileContent)" [_thread_blocked, id=37260, stack(0x0000006245e00000,0x0000006245f00000)]
  0x000001f7217b7cb0 JavaThread "Cache worker for file hash cache (C:\Users\karth\CascadeProjects\MobileAppAndroid\android\.gradle\8.0.1\fileHashes)" [_thread_blocked, id=60956, stack(0x0000006246800000,0x0000006246900000)]
  0x000001f7217be700 JavaThread "Cache worker for cache directory md-supplier (C:\Users\karth\.gradle\caches\8.0.1\md-supplier)" [_thread_blocked, id=68604, stack(0x0000006246900000,0x0000006246a00000)]
  0x000001f7217bc8a0 JavaThread "Cache worker for execution history cache (C:\Users\karth\.gradle\caches\8.0.1\executionHistory)" [_thread_blocked, id=19600, stack(0x0000006246b00000,0x0000006246c00000)]
  0x000001f7217bd7d0 JavaThread "jar transforms" [_thread_blocked, id=11052, stack(0x0000006246a00000,0x0000006246b00000)]
  0x000001f7217bf630 JavaThread "jar transforms Thread 2" [_thread_blocked, id=34984, stack(0x0000006246c00000,0x0000006246d00000)]
  0x000001f7217bf120 JavaThread "jar transforms Thread 3" [_thread_blocked, id=984, stack(0x0000006246d00000,0x0000006246e00000)]
  0x000001f7217bdce0 JavaThread "jar transforms Thread 4" [_thread_blocked, id=20164, stack(0x0000006246e00000,0x0000006246f00000)]
  0x000001f7217bcdb0 JavaThread "Cache worker for kotlin-dsl (C:\Users\karth\.gradle\caches\8.0.1\kotlin-dsl)" [_thread_blocked, id=47872, stack(0x0000006244f00000,0x0000006245000000)]
  0x000001f7217bc390 JavaThread "jar transforms Thread 5" [_thread_blocked, id=29056, stack(0x0000006245700000,0x0000006245800000)]
  0x000001f7217bbe80 JavaThread "jar transforms Thread 6" [_thread_blocked, id=27992, stack(0x0000006246f00000,0x0000006247000000)]
  0x000001f7217be1f0 JavaThread "Cache worker for dependencies-accessors (C:\Users\karth\CascadeProjects\MobileAppAndroid\android\.gradle\8.0.1\dependencies-accessors)" [_thread_blocked, id=11740, stack(0x0000006247000000,0x0000006247100000)]
  0x000001f7217bd2c0 JavaThread "Cache worker for Build Output Cleanup Cache (C:\Users\karth\CascadeProjects\MobileAppAndroid\node_modules\@react-native\gradle-plugin\.gradle\buildOutputCleanup)" [_thread_blocked, id=7884, stack(0x0000006245900000,0x0000006245a00000)]
  0x000001f77fbcdcd0 JavaThread "jar transforms Thread 7" [_thread_blocked, id=62964, stack(0x0000006247100000,0x0000006247200000)]
  0x000001f77fbd0a60 JavaThread "Unconstrained build operations" [_thread_blocked, id=24116, stack(0x0000006247500000,0x0000006247600000)]
  0x000001f72376d9c0 JavaThread "Unconstrained build operations Thread 2" [_thread_blocked, id=68660, stack(0x0000006247600000,0x0000006247700000)]
  0x000001f72376cfa0 JavaThread "Unconstrained build operations Thread 3" [_thread_blocked, id=69268, stack(0x0000006247700000,0x0000006247800000)]
  0x000001f72376a210 JavaThread "Unconstrained build operations Thread 4" [_thread_blocked, id=48628, stack(0x0000006247800000,0x0000006247900000)]
  0x000001f72376d4b0 JavaThread "Unconstrained build operations Thread 5" [_thread_blocked, id=30396, stack(0x0000006247900000,0x0000006247a00000)]
  0x000001f72376a720 JavaThread "Unconstrained build operations Thread 6" [_thread_blocked, id=61028, stack(0x0000006247a00000,0x0000006247b00000)]
  0x000001f72376ac30 JavaThread "Unconstrained build operations Thread 7" [_thread_blocked, id=56852, stack(0x0000006247b00000,0x0000006247c00000)]
  0x000001f72376b140 JavaThread "Unconstrained build operations Thread 8" [_thread_blocked, id=47216, stack(0x0000006247c00000,0x0000006247d00000)]
  0x000001f72376bb60 JavaThread "Unconstrained build operations Thread 9" [_thread_blocked, id=68032, stack(0x0000006247d00000,0x0000006247e00000)]
  0x000001f72376b650 JavaThread "Unconstrained build operations Thread 10" [_thread_blocked, id=33480, stack(0x0000006247e00000,0x0000006247f00000)]
  0x000001f72376c070 JavaThread "Unconstrained build operations Thread 11" [_thread_blocked, id=65512, stack(0x0000006247f00000,0x0000006248000000)]
  0x000001f72376c580 JavaThread "Unconstrained build operations Thread 12" [_thread_blocked, id=60712, stack(0x0000006248000000,0x0000006248100000)]
  0x000001f72376ca90 JavaThread "Unconstrained build operations Thread 13" [_thread_blocked, id=36456, stack(0x0000006248100000,0x0000006248200000)]
  0x000001f721b0bd20 JavaThread "Unconstrained build operations Thread 14" [_thread_blocked, id=1428, stack(0x0000006248200000,0x0000006248300000)]
  0x000001f721b0b810 JavaThread "Unconstrained build operations Thread 15" [_thread_blocked, id=58968, stack(0x0000006248300000,0x0000006248400000)]
  0x000001f721b0d670 JavaThread "Unconstrained build operations Thread 16" [_thread_blocked, id=52444, stack(0x0000006248400000,0x0000006248500000)]
  0x000001f721b0adf0 JavaThread "Unconstrained build operations Thread 17" [_thread_blocked, id=40100, stack(0x0000006248500000,0x0000006248600000)]
  0x000001f721b0c230 JavaThread "Unconstrained build operations Thread 18" [_thread_blocked, id=54140, stack(0x0000006248600000,0x0000006248700000)]
  0x000001f721b0c740 JavaThread "Unconstrained build operations Thread 19" [_thread_blocked, id=15048, stack(0x0000006248700000,0x0000006248800000)]
  0x000001f721b0cc50 JavaThread "Unconstrained build operations Thread 20" [_thread_blocked, id=32884, stack(0x0000006248800000,0x0000006248900000)]
  0x000001f721b0b300 JavaThread "Unconstrained build operations Thread 21" [_thread_blocked, id=44988, stack(0x0000006248900000,0x0000006248a00000)]
  0x000001f721b0d160 JavaThread "Unconstrained build operations Thread 22" [_thread_blocked, id=63816, stack(0x0000006248a00000,0x0000006248b00000)]
  0x000001f721b0db80 JavaThread "Unconstrained build operations Thread 23" [_thread_blocked, id=11412, stack(0x0000006248b00000,0x0000006248c00000)]
  0x000001f721b0a3d0 JavaThread "Unconstrained build operations Thread 24" [_thread_blocked, id=50972, stack(0x0000006248c00000,0x0000006248d00000)]
  0x000001f721b0e090 JavaThread "Unconstrained build operations Thread 25" [_thread_blocked, id=51268, stack(0x0000006248d00000,0x0000006248e00000)]
  0x000001f721b0a8e0 JavaThread "Unconstrained build operations Thread 26" [_thread_blocked, id=50412, stack(0x0000006248e00000,0x0000006248f00000)]
  0x000001f721b0fef0 JavaThread "jar transforms Thread 8" [_thread_blocked, id=69580, stack(0x0000006247200000,0x0000006247300000)]
  0x000001f721b0f4d0 JavaThread "jar transforms Thread 9" [_thread_blocked, id=60516, stack(0x0000006247300000,0x0000006247400000)]
  0x000001f721b10e20 JavaThread "jar transforms Thread 10" [_thread_blocked, id=3896, stack(0x0000006247400000,0x0000006247500000)]
  0x000001f721b11330 JavaThread "jar transforms Thread 11" [_thread_blocked, id=59612, stack(0x0000006248f00000,0x0000006249000000)]
  0x000001f721b11840 JavaThread "jar transforms Thread 12" [_thread_blocked, id=53640, stack(0x0000006249000000,0x0000006249100000)]
  0x000001f721b0e5a0 JavaThread "jar transforms Thread 13" [_thread_blocked, id=69252, stack(0x0000006249100000,0x0000006249200000)]
  0x000001f721b0f9e0 JavaThread "jar transforms Thread 14" [_thread_blocked, id=70192, stack(0x0000006249200000,0x0000006249300000)]
  0x000001f721b10400 JavaThread "jar transforms Thread 15" [_thread_blocked, id=6420, stack(0x0000006249300000,0x0000006249400000)]
  0x000001f721b10910 JavaThread "jar transforms Thread 16" [_thread_blocked, id=45092, stack(0x0000006249400000,0x0000006249500000)]
  0x000001f721b11d50 JavaThread "Memory manager" [_thread_blocked, id=69376, stack(0x0000006249700000,0x0000006249800000)]
  0x000001f72599b3d0 JavaThread "Cache worker for Build Output Cleanup Cache (C:\Users\karth\CascadeProjects\MobileAppAndroid\android\.gradle\buildOutputCleanup)" [_thread_blocked, id=3128, stack(0x0000006249900000,0x0000006249a00000)]

Other Threads:
=>0x000001f77f7a4010 VMThread "VM Thread" [stack: 0x0000006243b00000,0x0000006243c00000] [id=16360]
  0x000001f77fbd76a0 WatcherThread [stack: 0x0000006244700000,0x0000006244800000] [id=23724]
  0x000001f76221f040 GCTaskThread "GC Thread#0" [stack: 0x0000006243600000,0x0000006243700000] [id=47192]
  0x000001f722063780 GCTaskThread "GC Thread#1" [stack: 0x0000006244800000,0x0000006244900000] [id=18112]
  0x000001f722062f40 GCTaskThread "GC Thread#2" [stack: 0x0000006244900000,0x0000006244a00000] [id=49676]
  0x000001f722062700 GCTaskThread "GC Thread#3" [stack: 0x0000006244a00000,0x0000006244b00000] [id=39056]
  0x000001f7220629c0 GCTaskThread "GC Thread#4" [stack: 0x0000006244b00000,0x0000006244c00000] [id=57948]
  0x000001f722063a40 GCTaskThread "GC Thread#5" [stack: 0x0000006244c00000,0x0000006244d00000] [id=47300]
  0x000001f721eed7c0 GCTaskThread "GC Thread#6" [stack: 0x0000006245f00000,0x0000006246000000] [id=64880]
  0x000001f721ef0100 GCTaskThread "GC Thread#7" [stack: 0x0000006246000000,0x0000006246100000] [id=52836]
  0x000001f721eeccc0 GCTaskThread "GC Thread#8" [stack: 0x0000006246100000,0x0000006246200000] [id=57712]
  0x000001f721eee000 GCTaskThread "GC Thread#9" [stack: 0x0000006246200000,0x0000006246300000] [id=52832]
  0x000001f721eec480 GCTaskThread "GC Thread#10" [stack: 0x0000006246300000,0x0000006246400000] [id=48112]
  0x000001f721eeedc0 GCTaskThread "GC Thread#11" [stack: 0x0000006246400000,0x0000006246500000] [id=40496]
  0x000001f721eeda80 GCTaskThread "GC Thread#12" [stack: 0x0000006246500000,0x0000006246600000] [id=7288]
  0x000001f76222fea0 ConcurrentGCThread "G1 Main Marker" [stack: 0x0000006243700000,0x0000006243800000] [id=46356]
  0x000001f7622307d0 ConcurrentGCThread "G1 Conc#0" [stack: 0x0000006243800000,0x0000006243900000] [id=59804]
  0x000001f721eecf80 ConcurrentGCThread "G1 Conc#1" [stack: 0x0000006246600000,0x0000006246700000] [id=57816]
  0x000001f721eef080 ConcurrentGCThread "G1 Conc#2" [stack: 0x0000006246700000,0x0000006246800000] [id=31440]
  0x000001f77f692ab0 ConcurrentGCThread "G1 Refine#0" [stack: 0x0000006243900000,0x0000006243a00000] [id=55620]
  0x000001f77f6933f0 ConcurrentGCThread "G1 Service" [stack: 0x0000006243a00000,0x0000006243b00000] [id=33804]

Threads with active compile tasks:
C2 CompilerThread0  8239822 8250       4       org.gradle.launcher.daemon.server.health.gc.GarbageCollectionCheck::run (198 bytes)

VM state: at safepoint (normal execution)

VM Mutex/Monitor currently owned by a thread:  ([mutex/lock_event])
[0x000001f76083f120] Threads_lock - owner thread: 0x000001f77f7a4010
[0x000001f7621bd710] Heap_lock - owner thread: 0x000001f77fbcec00

Heap address: 0x0000000080000000, size: 2048 MB, Compressed Oops mode: 32-bit

CDS archive(s) mapped at: [0x000001f702000000-0x000001f702bb0000-0x000001f702bb0000), size 12255232, SharedBaseAddress: 0x000001f702000000, ArchiveRelocationMode: 1.
Compressed class space mapped at: 0x000001f703000000-0x000001f71d000000, reserved size: 436207616
Narrow klass base: 0x000001f702000000, Narrow klass shift: 0, Narrow klass range: 0x100000000

GC Precious Log:
 CPUs: 16 total, 16 available
 Memory: 16088M
 Large Page Support: Disabled
 NUMA Support: Disabled
 Compressed Oops: Enabled (32-bit)
 Heap Region Size: 1M
 Heap Min Capacity: 8M
 Heap Initial Capacity: 252M
 Heap Max Capacity: 2G
 Pre-touch: Disabled
 Parallel Workers: 13
 Concurrent Workers: 3
 Concurrent Refinement Workers: 13
 Periodic GC: Disabled

Heap:
 garbage-first heap   total 119808K, used 55399K [0x0000000080000000, 0x0000000100000000)
  region size 1024K, 1 young (1024K), 1 survivors (1024K)
 Metaspace       used 58552K, committed 59136K, reserved 491520K
  class space    used 8096K, committed 8384K, reserved 425984K

Heap Regions: E=young(eden), S=young(survivor), O=old, HS=humongous(starts), HC=humongous(continues), CS=collection set, F=free, OA=open archive, CA=closed archive, TAMS=top-at-mark-start (previous, next)
|   0|0x0000000080000000, 0x0000000080100000, 0x0000000080100000|100%|HS|  |TAMS 0x0000000080100000, 0x0000000080100000| Complete 
|   1|0x0000000080100000, 0x0000000080200000, 0x0000000080200000|100%|HC|  |TAMS 0x0000000080200000, 0x0000000080200000| Complete 
|   2|0x0000000080200000, 0x0000000080300000, 0x0000000080300000|100%|HC|  |TAMS 0x0000000080300000, 0x0000000080300000| Complete 
|   3|0x0000000080300000, 0x0000000080400000, 0x0000000080400000|100%|HC|  |TAMS 0x0000000080400000, 0x0000000080400000| Complete 
|   4|0x0000000080400000, 0x0000000080500000, 0x0000000080500000|100%| O|  |TAMS 0x0000000080500000, 0x0000000080500000| Untracked 
|   5|0x0000000080500000, 0x0000000080600000, 0x0000000080600000|100%| O|  |TAMS 0x0000000080600000, 0x0000000080600000| Untracked 
|   6|0x0000000080600000, 0x0000000080700000, 0x0000000080700000|100%| O|  |TAMS 0x0000000080700000, 0x0000000080700000| Untracked 
|   7|0x0000000080700000, 0x0000000080800000, 0x0000000080800000|100%| O|  |TAMS 0x0000000080800000, 0x0000000080800000| Untracked 
|   8|0x0000000080800000, 0x0000000080900000, 0x0000000080900000|100%| O|  |TAMS 0x0000000080900000, 0x0000000080900000| Untracked 
|   9|0x0000000080900000, 0x0000000080a00000, 0x0000000080a00000|100%| O|  |TAMS 0x0000000080a00000, 0x0000000080a00000| Untracked 
|  10|0x0000000080a00000, 0x0000000080b00000, 0x0000000080b00000|100%| O|  |TAMS 0x0000000080a00000, 0x0000000080b00000| Untracked 
|  11|0x0000000080b00000, 0x0000000080c00000, 0x0000000080c00000|100%| O|  |TAMS 0x0000000080c00000, 0x0000000080c00000| Untracked 
|  12|0x0000000080c00000, 0x0000000080d00000, 0x0000000080d00000|100%| O|  |TAMS 0x0000000080d00000, 0x0000000080d00000| Untracked 
|  13|0x0000000080d00000, 0x0000000080e00000, 0x0000000080e00000|100%| O|  |TAMS 0x0000000080e00000, 0x0000000080e00000| Untracked 
|  14|0x0000000080e00000, 0x0000000080f00000, 0x0000000080f00000|100%| O|  |TAMS 0x0000000080f00000, 0x0000000080f00000| Untracked 
|  15|0x0000000080f00000, 0x0000000081000000, 0x0000000081000000|100%| O|  |TAMS 0x0000000081000000, 0x0000000081000000| Untracked 
|  16|0x0000000081000000, 0x0000000081100000, 0x0000000081100000|100%| O|  |TAMS 0x0000000081100000, 0x0000000081100000| Untracked 
|  17|0x0000000081100000, 0x0000000081200000, 0x0000000081200000|100%| O|  |TAMS 0x0000000081200000, 0x0000000081200000| Untracked 
|  18|0x0000000081200000, 0x0000000081300000, 0x0000000081300000|100%| O|  |TAMS 0x0000000081300000, 0x0000000081300000| Untracked 
|  19|0x0000000081300000, 0x0000000081400000, 0x0000000081400000|100%| O|  |TAMS 0x0000000081400000, 0x0000000081400000| Untracked 
|  20|0x0000000081400000, 0x0000000081500000, 0x0000000081500000|100%| O|  |TAMS 0x0000000081500000, 0x0000000081500000| Untracked 
|  21|0x0000000081500000, 0x0000000081600000, 0x0000000081600000|100%| O|  |TAMS 0x0000000081600000, 0x0000000081600000| Untracked 
|  22|0x0000000081600000, 0x0000000081700000, 0x0000000081700000|100%| O|  |TAMS 0x0000000081700000, 0x0000000081700000| Untracked 
|  23|0x0000000081700000, 0x0000000081800000, 0x0000000081800000|100%| O|  |TAMS 0x0000000081800000, 0x0000000081800000| Untracked 
|  24|0x0000000081800000, 0x0000000081900000, 0x0000000081900000|100%| O|  |TAMS 0x0000000081900000, 0x0000000081900000| Untracked 
|  25|0x0000000081900000, 0x0000000081a00000, 0x0000000081a00000|100%| O|  |TAMS 0x0000000081a00000, 0x0000000081a00000| Untracked 
|  26|0x0000000081a00000, 0x0000000081b00000, 0x0000000081b00000|100%| O|  |TAMS 0x0000000081a00000, 0x0000000081b00000| Untracked 
|  27|0x0000000081b00000, 0x0000000081c00000, 0x0000000081c00000|100%| O|  |TAMS 0x0000000081b00000, 0x0000000081c00000| Untracked 
|  28|0x0000000081c00000, 0x0000000081d00000, 0x0000000081d00000|100%| O|  |TAMS 0x0000000081d00000, 0x0000000081d00000| Untracked 
|  29|0x0000000081d00000, 0x0000000081e00000, 0x0000000081e00000|100%| O|  |TAMS 0x0000000081e00000, 0x0000000081e00000| Untracked 
|  30|0x0000000081e00000, 0x0000000081f00000, 0x0000000081f00000|100%| O|  |TAMS 0x0000000081f00000, 0x0000000081f00000| Untracked 
|  31|0x0000000081f00000, 0x0000000081f07800, 0x0000000082000000|  2%| O|  |TAMS 0x0000000081f07800, 0x0000000081f07800| Untracked 
|  32|0x0000000082000000, 0x0000000082100000, 0x0000000082100000|100%| O|  |TAMS 0x0000000082000000, 0x0000000082100000| Untracked 
|  33|0x0000000082100000, 0x0000000082200000, 0x0000000082200000|100%|HS|  |TAMS 0x0000000082100000, 0x0000000082200000| Complete 
|  34|0x0000000082200000, 0x0000000082300000, 0x0000000082300000|100%|HC|  |TAMS 0x0000000082200000, 0x0000000082300000| Complete 
|  35|0x0000000082300000, 0x0000000082400000, 0x0000000082400000|100%|HS|  |TAMS 0x0000000082300000, 0x0000000082400000| Complete 
|  36|0x0000000082400000, 0x0000000082500000, 0x0000000082500000|100%|HC|  |TAMS 0x0000000082400000, 0x0000000082500000| Complete 
|  37|0x0000000082500000, 0x0000000082600000, 0x0000000082600000|100%|HC|  |TAMS 0x0000000082500000, 0x0000000082600000| Complete 
|  38|0x0000000082600000, 0x0000000082700000, 0x0000000082700000|100%|HC|  |TAMS 0x0000000082600000, 0x0000000082700000| Complete 
|  39|0x0000000082700000, 0x0000000082800000, 0x0000000082800000|100%| O|  |TAMS 0x0000000082700000, 0x0000000082800000| Untracked 
|  40|0x0000000082800000, 0x0000000082900000, 0x0000000082900000|100%| O|  |TAMS 0x0000000082800000, 0x0000000082900000| Untracked 
|  41|0x0000000082900000, 0x0000000082a00000, 0x0000000082a00000|100%| O|  |TAMS 0x0000000082900000, 0x0000000082a00000| Untracked 
|  42|0x0000000082a00000, 0x0000000082b00000, 0x0000000082b00000|100%| O|  |TAMS 0x0000000082a00000, 0x0000000082b00000| Untracked 
|  43|0x0000000082b00000, 0x0000000082c00000, 0x0000000082c00000|100%| O|  |TAMS 0x0000000082b00000, 0x0000000082c00000| Untracked 
|  44|0x0000000082c00000, 0x0000000082d00000, 0x0000000082d00000|100%| O|  |TAMS 0x0000000082c00000, 0x0000000082d00000| Untracked 
|  45|0x0000000082d00000, 0x0000000082e00000, 0x0000000082e00000|100%| O|  |TAMS 0x0000000082d00000, 0x0000000082e00000| Untracked 
|  46|0x0000000082e00000, 0x0000000082f00000, 0x0000000082f00000|100%| O|  |TAMS 0x0000000082e00000, 0x0000000082f00000| Untracked 
|  47|0x0000000082f00000, 0x0000000083000000, 0x0000000083000000|100%| O|  |TAMS 0x0000000082f00000, 0x0000000083000000| Untracked 
|  48|0x0000000083000000, 0x0000000083100000, 0x0000000083100000|100%| O|  |TAMS 0x0000000083000000, 0x0000000083100000| Untracked 
|  49|0x0000000083100000, 0x0000000083200000, 0x0000000083200000|100%| O|  |TAMS 0x0000000083100000, 0x0000000083200000| Untracked 
|  50|0x0000000083200000, 0x0000000083300000, 0x0000000083300000|100%| O|  |TAMS 0x0000000083200000, 0x0000000083300000| Untracked 
|  51|0x0000000083300000, 0x0000000083400000, 0x0000000083400000|100%| O|  |TAMS 0x0000000083300000, 0x0000000083400000| Untracked 
|  52|0x0000000083400000, 0x0000000083500000, 0x0000000083500000|100%| O|  |TAMS 0x0000000083400000, 0x0000000083500000| Untracked 
|  53|0x0000000083500000, 0x0000000083600000, 0x0000000083600000|100%| O|  |TAMS 0x0000000083500000, 0x0000000083600000| Untracked 
|  54|0x0000000083600000, 0x00000000836c7c00, 0x0000000083700000| 78%| O|  |TAMS 0x0000000083600000, 0x0000000083612e00| Untracked 
|  55|0x0000000083700000, 0x0000000083700000, 0x0000000083800000|  0%| F|  |TAMS 0x0000000083700000, 0x0000000083700000| Untracked 
|  56|0x0000000083800000, 0x0000000083800000, 0x0000000083900000|  0%| F|  |TAMS 0x0000000083800000, 0x0000000083800000| Untracked 
|  57|0x0000000083900000, 0x0000000083900000, 0x0000000083a00000|  0%| F|  |TAMS 0x0000000083900000, 0x0000000083900000| Untracked 
|  58|0x0000000083a00000, 0x0000000083a00000, 0x0000000083b00000|  0%| F|  |TAMS 0x0000000083a00000, 0x0000000083a00000| Untracked 
|  59|0x0000000083b00000, 0x0000000083b00000, 0x0000000083c00000|  0%| F|  |TAMS 0x0000000083b00000, 0x0000000083b00000| Untracked 
|  60|0x0000000083c00000, 0x0000000083c00000, 0x0000000083d00000|  0%| F|  |TAMS 0x0000000083c00000, 0x0000000083c00000| Untracked 
|  61|0x0000000083d00000, 0x0000000083d00000, 0x0000000083e00000|  0%| F|  |TAMS 0x0000000083d00000, 0x0000000083d00000| Untracked 
|  62|0x0000000083e00000, 0x0000000083e00000, 0x0000000083f00000|  0%| F|  |TAMS 0x0000000083e00000, 0x0000000083e00000| Untracked 
|  63|0x0000000083f00000, 0x0000000083f00000, 0x0000000084000000|  0%| F|  |TAMS 0x0000000083f00000, 0x0000000083f00000| Untracked 
|  64|0x0000000084000000, 0x0000000084000000, 0x0000000084100000|  0%| F|  |TAMS 0x0000000084000000, 0x0000000084000000| Untracked 
|  65|0x0000000084100000, 0x0000000084100000, 0x0000000084200000|  0%| F|  |TAMS 0x0000000084100000, 0x0000000084100000| Untracked 
|  66|0x0000000084200000, 0x0000000084200000, 0x0000000084300000|  0%| F|  |TAMS 0x0000000084200000, 0x0000000084200000| Untracked 
|  67|0x0000000084300000, 0x0000000084300000, 0x0000000084400000|  0%| F|  |TAMS 0x0000000084300000, 0x0000000084300000| Untracked 
|  68|0x0000000084400000, 0x0000000084400000, 0x0000000084500000|  0%| F|  |TAMS 0x0000000084400000, 0x0000000084400000| Untracked 
|  69|0x0000000084500000, 0x0000000084500000, 0x0000000084600000|  0%| F|  |TAMS 0x0000000084500000, 0x0000000084500000| Untracked 
|  70|0x0000000084600000, 0x0000000084600000, 0x0000000084700000|  0%| F|  |TAMS 0x0000000084600000, 0x0000000084600000| Untracked 
|  71|0x0000000084700000, 0x0000000084700000, 0x0000000084800000|  0%| F|  |TAMS 0x0000000084700000, 0x0000000084700000| Untracked 
|  72|0x0000000084800000, 0x0000000084800000, 0x0000000084900000|  0%| F|  |TAMS 0x0000000084800000, 0x0000000084800000| Untracked 
|  73|0x0000000084900000, 0x0000000084900000, 0x0000000084a00000|  0%| F|  |TAMS 0x0000000084900000, 0x0000000084900000| Untracked 
|  74|0x0000000084a00000, 0x0000000084a00000, 0x0000000084b00000|  0%| F|  |TAMS 0x0000000084a00000, 0x0000000084a00000| Untracked 
|  75|0x0000000084b00000, 0x0000000084b00000, 0x0000000084c00000|  0%| F|  |TAMS 0x0000000084b00000, 0x0000000084b00000| Untracked 
|  76|0x0000000084c00000, 0x0000000084c00000, 0x0000000084d00000|  0%| F|  |TAMS 0x0000000084c00000, 0x0000000084c00000| Untracked 
|  77|0x0000000084d00000, 0x0000000084d00000, 0x0000000084e00000|  0%| F|  |TAMS 0x0000000084d00000, 0x0000000084d00000| Untracked 
|  78|0x0000000084e00000, 0x0000000084e00000, 0x0000000084f00000|  0%| F|  |TAMS 0x0000000084e00000, 0x0000000084e00000| Untracked 
|  79|0x0000000084f00000, 0x0000000084f00000, 0x0000000085000000|  0%| F|  |TAMS 0x0000000084f00000, 0x0000000084f00000| Untracked 
|  80|0x0000000085000000, 0x0000000085000000, 0x0000000085100000|  0%| F|  |TAMS 0x0000000085000000, 0x0000000085000000| Untracked 
|  81|0x0000000085100000, 0x0000000085100000, 0x0000000085200000|  0%| F|  |TAMS 0x0000000085100000, 0x0000000085100000| Untracked 
|  82|0x0000000085200000, 0x0000000085200000, 0x0000000085300000|  0%| F|  |TAMS 0x0000000085200000, 0x0000000085200000| Untracked 
|  83|0x0000000085300000, 0x0000000085300000, 0x0000000085400000|  0%| F|  |TAMS 0x0000000085300000, 0x0000000085300000| Untracked 
|  84|0x0000000085400000, 0x0000000085400000, 0x0000000085500000|  0%| F|  |TAMS 0x0000000085400000, 0x0000000085400000| Untracked 
|  85|0x0000000085500000, 0x0000000085500000, 0x0000000085600000|  0%| F|  |TAMS 0x0000000085500000, 0x0000000085500000| Untracked 
|  86|0x0000000085600000, 0x0000000085600000, 0x0000000085700000|  0%| F|  |TAMS 0x0000000085600000, 0x0000000085600000| Untracked 
|  87|0x0000000085700000, 0x0000000085700000, 0x0000000085800000|  0%| F|  |TAMS 0x0000000085700000, 0x0000000085700000| Untracked 
|  88|0x0000000085800000, 0x0000000085800000, 0x0000000085900000|  0%| F|  |TAMS 0x0000000085800000, 0x0000000085800000| Untracked 
|  89|0x0000000085900000, 0x0000000085900000, 0x0000000085a00000|  0%| F|  |TAMS 0x0000000085900000, 0x0000000085900000| Untracked 
|  90|0x0000000085a00000, 0x0000000085a00000, 0x0000000085b00000|  0%| F|  |TAMS 0x0000000085a00000, 0x0000000085a00000| Untracked 
|  91|0x0000000085b00000, 0x0000000085b00000, 0x0000000085c00000|  0%| F|  |TAMS 0x0000000085b00000, 0x0000000085b00000| Untracked 
|  92|0x0000000085c00000, 0x0000000085c00000, 0x0000000085d00000|  0%| F|  |TAMS 0x0000000085c00000, 0x0000000085c00000| Untracked 
|  93|0x0000000085d00000, 0x0000000085d00000, 0x0000000085e00000|  0%| F|  |TAMS 0x0000000085d00000, 0x0000000085d00000| Untracked 
|  94|0x0000000085e00000, 0x0000000085e00000, 0x0000000085f00000|  0%| F|  |TAMS 0x0000000085e00000, 0x0000000085e00000| Untracked 
|  95|0x0000000085f00000, 0x0000000085f00000, 0x0000000086000000|  0%| F|  |TAMS 0x0000000085f00000, 0x0000000085f00000| Untracked 
|  96|0x0000000086000000, 0x0000000086000000, 0x0000000086100000|  0%| F|  |TAMS 0x0000000086000000, 0x0000000086000000| Untracked 
|  97|0x0000000086100000, 0x0000000086100000, 0x0000000086200000|  0%| F|  |TAMS 0x0000000086100000, 0x0000000086100000| Untracked 
|  98|0x0000000086200000, 0x0000000086200000, 0x0000000086300000|  0%| F|  |TAMS 0x0000000086200000, 0x0000000086200000| Untracked 
|  99|0x0000000086300000, 0x0000000086300000, 0x0000000086400000|  0%| F|  |TAMS 0x0000000086300000, 0x0000000086300000| Untracked 
| 100|0x0000000086400000, 0x0000000086400000, 0x0000000086500000|  0%| F|  |TAMS 0x0000000086400000, 0x0000000086400000| Untracked 
| 101|0x0000000086500000, 0x0000000086500000, 0x0000000086600000|  0%| F|  |TAMS 0x0000000086500000, 0x0000000086500000| Untracked 
| 102|0x0000000086600000, 0x0000000086600000, 0x0000000086700000|  0%| F|  |TAMS 0x0000000086600000, 0x0000000086600000| Untracked 
| 103|0x0000000086700000, 0x0000000086700000, 0x0000000086800000|  0%| F|  |TAMS 0x0000000086700000, 0x0000000086700000| Untracked 
| 104|0x0000000086800000, 0x0000000086800000, 0x0000000086900000|  0%| F|  |TAMS 0x0000000086800000, 0x0000000086800000| Untracked 
| 105|0x0000000086900000, 0x0000000086900000, 0x0000000086a00000|  0%| F|  |TAMS 0x0000000086900000, 0x0000000086900000| Untracked 
| 106|0x0000000086a00000, 0x0000000086a00000, 0x0000000086b00000|  0%| F|  |TAMS 0x0000000086a00000, 0x0000000086a00000| Untracked 
| 107|0x0000000086b00000, 0x0000000086b00000, 0x0000000086c00000|  0%| F|  |TAMS 0x0000000086b00000, 0x0000000086b00000| Untracked 
| 108|0x0000000086c00000, 0x0000000086c00000, 0x0000000086d00000|  0%| F|  |TAMS 0x0000000086c00000, 0x0000000086c00000| Untracked 
| 109|0x0000000086d00000, 0x0000000086d00000, 0x0000000086e00000|  0%| F|  |TAMS 0x0000000086d00000, 0x0000000086d00000| Untracked 
| 110|0x0000000086e00000, 0x0000000086e00000, 0x0000000086f00000|  0%| F|  |TAMS 0x0000000086e00000, 0x0000000086e00000| Untracked 
| 136|0x0000000088800000, 0x0000000088800000, 0x0000000088900000|  0%| F|  |TAMS 0x0000000088800000, 0x0000000088800000| Untracked 
| 137|0x0000000088900000, 0x000000008894a918, 0x0000000088a00000| 29%| S|CS|TAMS 0x0000000088900000, 0x0000000088900000| Complete 
| 138|0x0000000088a00000, 0x0000000088a00000, 0x0000000088b00000|  0%| F|  |TAMS 0x0000000088a00000, 0x0000000088a00000| Untracked 
| 139|0x0000000088b00000, 0x0000000088b00000, 0x0000000088c00000|  0%| F|  |TAMS 0x0000000088b00000, 0x0000000088b00000| Untracked 
| 140|0x0000000088c00000, 0x0000000088c00000, 0x0000000088d00000|  0%| F|  |TAMS 0x0000000088c00000, 0x0000000088c00000| Untracked 
| 251|0x000000008fb00000, 0x000000008fb00000, 0x000000008fc00000|  0%| F|  |TAMS 0x000000008fb00000, 0x000000008fb00000| Untracked 

Card table byte_map: [0x000001f77a140000,0x000001f77a540000] _byte_map_base: 0x000001f779d40000

Marking Bits (Prev, Next): (CMBitMap*) 0x000001f76221f570, (CMBitMap*) 0x000001f76221f5b0
 Prev Bits: [0x000001f77a940000, 0x000001f77c940000)
 Next Bits: [0x000001f77c940000, 0x000001f77e940000)

Polling page: 0x000001f762260000

Metaspace:

Usage:
  Non-class:     49.27 MB used.
      Class:      7.91 MB used.
       Both:     57.18 MB used.

Virtual space:
  Non-class space:       64.00 MB reserved,      49.56 MB ( 77%) committed,  1 nodes.
      Class space:      416.00 MB reserved,       8.19 MB (  2%) committed,  1 nodes.
             Both:      480.00 MB reserved,      57.75 MB ( 12%) committed. 

Chunk freelists:
   Non-Class:  13.58 MB
       Class:  7.79 MB
        Both:  21.37 MB

MaxMetaspaceSize: 512.00 MB
CompressedClassSpaceSize: 416.00 MB
Initial GC threshold: 21.00 MB
Current GC threshold: 59.00 MB
CDS: on
MetaspaceReclaimPolicy: balanced
 - commit_granule_bytes: 65536.
 - commit_granule_words: 8192.
 - virtual_space_node_default_size: 8388608.
 - enlarge_chunks_in_place: 1.
 - new_chunks_are_fully_committed: 0.
 - uncommit_free_chunks: 1.
 - use_allocation_guard: 0.
 - handle_deallocations: 1.


Internal statistics:

num_allocs_failed_limit: 6.
num_arena_births: 714.
num_arena_deaths: 0.
num_vsnodes_births: 2.
num_vsnodes_deaths: 0.
num_space_committed: 924.
num_space_uncommitted: 0.
num_chunks_returned_to_freelist: 6.
num_chunks_taken_from_freelist: 3031.
num_chunk_merges: 6.
num_chunk_splits: 2029.
num_chunks_enlarged: 1370.
num_inconsistent_stats: 0.

CodeHeap 'non-profiled nmethods': size=119168Kb used=4659Kb max_used=4659Kb free=114508Kb
 bounds [0x000001f771920000, 0x000001f771db0000, 0x000001f778d80000]
CodeHeap 'profiled nmethods': size=119104Kb used=14698Kb max_used=14698Kb free=104405Kb
 bounds [0x000001f769d80000, 0x000001f76abe0000, 0x000001f7711d0000]
CodeHeap 'non-nmethods': size=7488Kb used=2355Kb max_used=4089Kb free=5132Kb
 bounds [0x000001f7711d0000, 0x000001f771650000, 0x000001f771920000]
 total_blobs=8367 nmethods=7486 adapters=793
 compilation: enabled
              stopped_count=0, restarted_count=0
 full_count=0

Compilation events (20 events):
Event: 8187.906 Thread 0x000001f77f7cd6c0 nmethod 8262 0x000001f76abd4d10 code [0x000001f76abd4ec0, 0x000001f76abd5138]
Event: 8187.906 Thread 0x000001f77f7cd6c0 8266   !   3       org.gradle.launcher.daemon.server.health.gc.DefaultSlidingWindow::snapshot (34 bytes)
Event: 8188.348 Thread 0x000001f77f7cd6c0 nmethod 8266 0x000001f76abd5210 code [0x000001f76abd5580, 0x000001f76abd6d18]
Event: 8188.348 Thread 0x000001f77f7cd6c0 8271       3       java.io.FilterInputStream::close (8 bytes)
Event: 8188.348 Thread 0x000001f77f7cd6c0 nmethod 8271 0x000001f76abd7690 code [0x000001f76abd7840, 0x000001f76abd7a08]
Event: 8188.348 Thread 0x000001f77f7cd6c0 8263       3       org.gradle.launcher.daemon.registry.DaemonRegistryContent::<init> (15 bytes)
Event: 8188.352 Thread 0x000001f77f7cd6c0 nmethod 8263 0x000001f76abd7b10 code [0x000001f76abd7cc0, 0x000001f76abd7ed8]
Event: 8188.352 Thread 0x000001f77f7cd6c0 8264       3       org.gradle.internal.serialize.InputStreamBackedDecoder::close (8 bytes)
Event: 8188.522 Thread 0x000001f77f7cd6c0 nmethod 8264 0x000001f76abd7f90 code [0x000001f76abd8140, 0x000001f76abd8408]
Event: 8189.098 Thread 0x000001f77f7cd6c0 8272       3       org.gradle.internal.io.ExponentialBackoff::retryUntil (65 bytes)
Event: 8190.195 Thread 0x000001f77f7cd6c0 nmethod 8272 0x000001f76abd8510 code [0x000001f76abd8760, 0x000001f76abd9198]
Event: 8190.608 Thread 0x000001f77f7cd6c0 8273       1       org.gradle.launcher.daemon.context.DefaultDaemonContext::getJavaHome (5 bytes)
Event: 8190.821 Thread 0x000001f77f7cd6c0 nmethod 8273 0x000001f771da3990 code [0x000001f771da3b20, 0x000001f771da3bf8]
Event: 8190.821 Thread 0x000001f77f7cd6c0 8274       3       org.gradle.internal.jvm.Jvm::getJavaExecutable (27 bytes)
Event: 8191.017 Thread 0x000001f77f7cd6c0 nmethod 8274 0x000001f76abd9590 code [0x000001f76abd9740, 0x000001f76abd9948]
Event: 8211.539 Thread 0x000001f77f7cd6c0 8281       3       org.gradle.internal.time.DefaultCountdownTimer::hasExpired (15 bytes)
Event: 8211.692 Thread 0x000001f77f7cd6c0 nmethod 8281 0x000001f76abd9a10 code [0x000001f76abd9bc0, 0x000001f76abd9f08]
Event: 8228.338 Thread 0x000001f77f7cd6c0 8282       3       org.gradle.internal.os.OperatingSystem::current (21 bytes)
Event: 8229.283 Thread 0x000001f77f7cd6c0 nmethod 8282 0x000001f76abda010 code [0x000001f76abda220, 0x000001f76abda758]
Event: 8235.046 Thread 0x000001f77f7ca9a0 nmethod 8250 0x000001f771da3c90 code [0x000001f771da4200, 0x000001f771da9db0]

GC Heap History (20 events):
Event: 765.519 GC heap after
{Heap after GC invocations=16 (full 0):
 garbage-first heap   total 119808K, used 52178K [0x0000000080000000, 0x0000000100000000)
  region size 1024K, 7 young (7168K), 7 survivors (7168K)
 Metaspace       used 55192K, committed 55744K, reserved 491520K
  class space    used 7575K, committed 7808K, reserved 425984K
}
Event: 767.631 GC heap before
{Heap before GC invocations=16 (full 0):
 garbage-first heap   total 119808K, used 94162K [0x0000000080000000, 0x0000000100000000)
  region size 1024K, 48 young (49152K), 7 survivors (7168K)
 Metaspace       used 58353K, committed 58944K, reserved 491520K
  class space    used 8082K, committed 8320K, reserved 425984K
}
Event: 767.645 GC heap after
{Heap after GC invocations=17 (full 0):
 garbage-first heap   total 119808K, used 54890K [0x0000000080000000, 0x0000000100000000)
  region size 1024K, 4 young (4096K), 4 survivors (4096K)
 Metaspace       used 58353K, committed 58944K, reserved 491520K
  class space    used 8082K, committed 8320K, reserved 425984K
}
Event: 873.315 GC heap before
{Heap before GC invocations=17 (full 0):
 garbage-first heap   total 119808K, used 94826K [0x0000000080000000, 0x0000000100000000)
  region size 1024K, 43 young (44032K), 4 survivors (4096K)
 Metaspace       used 58446K, committed 59072K, reserved 491520K
  class space    used 8092K, committed 8384K, reserved 425984K
}
Event: 873.337 GC heap after
{Heap after GC invocations=18 (full 0):
 garbage-first heap   total 119808K, used 55064K [0x0000000080000000, 0x0000000100000000)
  region size 1024K, 4 young (4096K), 4 survivors (4096K)
 Metaspace       used 58446K, committed 59072K, reserved 491520K
  class space    used 8092K, committed 8384K, reserved 425984K
}
Event: 983.047 GC heap before
{Heap before GC invocations=18 (full 0):
 garbage-first heap   total 119808K, used 97048K [0x0000000080000000, 0x0000000100000000)
  region size 1024K, 45 young (46080K), 4 survivors (4096K)
 Metaspace       used 58457K, committed 59072K, reserved 491520K
  class space    used 8092K, committed 8384K, reserved 425984K
}
Event: 983.063 GC heap after
{Heap after GC invocations=19 (full 0):
 garbage-first heap   total 119808K, used 55493K [0x0000000080000000, 0x0000000100000000)
  region size 1024K, 4 young (4096K), 4 survivors (4096K)
 Metaspace       used 58457K, committed 59072K, reserved 491520K
  class space    used 8092K, committed 8384K, reserved 425984K
}
Event: 1111.317 GC heap before
{Heap before GC invocations=19 (full 0):
 garbage-first heap   total 119808K, used 98501K [0x0000000080000000, 0x0000000100000000)
  region size 1024K, 46 young (47104K), 4 survivors (4096K)
 Metaspace       used 58471K, committed 59136K, reserved 491520K
  class space    used 8092K, committed 8384K, reserved 425984K
}
Event: 1111.364 GC heap after
{Heap after GC invocations=20 (full 0):
 garbage-first heap   total 119808K, used 55551K [0x0000000080000000, 0x0000000100000000)
  region size 1024K, 2 young (2048K), 2 survivors (2048K)
 Metaspace       used 58471K, committed 59136K, reserved 491520K
  class space    used 8092K, committed 8384K, reserved 425984K
}
Event: 8199.486 GC heap before
{Heap before GC invocations=20 (full 0):
 garbage-first heap   total 119808K, used 98559K [0x0000000080000000, 0x0000000100000000)
  region size 1024K, 44 young (45056K), 2 survivors (2048K)
 Metaspace       used 58550K, committed 59136K, reserved 491520K
  class space    used 8096K, committed 8384K, reserved 425984K
}
Event: 8206.841 GC heap after
{Heap after GC invocations=21 (full 0):
 garbage-first heap   total 119808K, used 55532K [0x0000000080000000, 0x0000000100000000)
  region size 1024K, 2 young (2048K), 2 survivors (2048K)
 Metaspace       used 58550K, committed 59136K, reserved 491520K
  class space    used 8096K, committed 8384K, reserved 425984K
}
Event: 8225.259 GC heap before
{Heap before GC invocations=21 (full 0):
 garbage-first heap   total 119808K, used 58604K [0x0000000080000000, 0x0000000100000000)
  region size 1024K, 5 young (5120K), 2 survivors (2048K)
 Metaspace       used 58550K, committed 59136K, reserved 491520K
  class space    used 8096K, committed 8384K, reserved 425984K
}
Event: 8226.344 GC heap after
{Heap after GC invocations=22 (full 0):
 garbage-first heap   total 119808K, used 55496K [0x0000000080000000, 0x0000000100000000)
  region size 1024K, 1 young (1024K), 1 survivors (1024K)
 Metaspace       used 58550K, committed 59136K, reserved 491520K
  class space    used 8096K, committed 8384K, reserved 425984K
}
Event: 8229.493 GC heap before
{Heap before GC invocations=22 (full 0):
 garbage-first heap   total 119808K, used 59592K [0x0000000080000000, 0x0000000100000000)
  region size 1024K, 5 young (5120K), 1 survivors (1024K)
 Metaspace       used 58552K, committed 59136K, reserved 491520K
  class space    used 8096K, committed 8384K, reserved 425984K
}
Event: 8230.506 GC heap after
{Heap after GC invocations=23 (full 0):
 garbage-first heap   total 119808K, used 55432K [0x0000000080000000, 0x0000000100000000)
  region size 1024K, 1 young (1024K), 1 survivors (1024K)
 Metaspace       used 58552K, committed 59136K, reserved 491520K
  class space    used 8096K, committed 8384K, reserved 425984K
}
Event: 8232.596 GC heap before
{Heap before GC invocations=23 (full 0):
 garbage-first heap   total 119808K, used 59528K [0x0000000080000000, 0x0000000100000000)
  region size 1024K, 5 young (5120K), 1 survivors (1024K)
 Metaspace       used 58552K, committed 59136K, reserved 491520K
  class space    used 8096K, committed 8384K, reserved 425984K
}
Event: 8233.389 GC heap after
{Heap after GC invocations=24 (full 0):
 garbage-first heap   total 119808K, used 55460K [0x0000000080000000, 0x0000000100000000)
  region size 1024K, 1 young (1024K), 1 survivors (1024K)
 Metaspace       used 58552K, committed 59136K, reserved 491520K
  class space    used 8096K, committed 8384K, reserved 425984K
}
Event: 8233.969 GC heap before
{Heap before GC invocations=24 (full 0):
 garbage-first heap   total 119808K, used 59556K [0x0000000080000000, 0x0000000100000000)
  region size 1024K, 5 young (5120K), 1 survivors (1024K)
 Metaspace       used 58552K, committed 59136K, reserved 491520K
  class space    used 8096K, committed 8384K, reserved 425984K
}
Event: 8234.166 GC heap after
{Heap after GC invocations=25 (full 0):
 garbage-first heap   total 119808K, used 55403K [0x0000000080000000, 0x0000000100000000)
  region size 1024K, 1 young (1024K), 1 survivors (1024K)
 Metaspace       used 58552K, committed 59136K, reserved 491520K
  class space    used 8096K, committed 8384K, reserved 425984K
}
Event: 8235.424 GC heap before
{Heap before GC invocations=25 (full 0):
 garbage-first heap   total 119808K, used 59499K [0x0000000080000000, 0x0000000100000000)
  region size 1024K, 5 young (5120K), 1 survivors (1024K)
 Metaspace       used 58552K, committed 59136K, reserved 491520K
  class space    used 8096K, committed 8384K, reserved 425984K
}

Dll operation events (13 events):
Event: 0.653 Loaded shared library C:\Program Files\Eclipse Adoptium\jdk-17.0.15.6-hotspot\bin\java.dll
Event: 1.282 Loaded shared library C:\Program Files\Eclipse Adoptium\jdk-17.0.15.6-hotspot\bin\jsvml.dll
Event: 2.378 Loaded shared library C:\Program Files\Eclipse Adoptium\jdk-17.0.15.6-hotspot\bin\net.dll
Event: 2.390 Loaded shared library C:\Program Files\Eclipse Adoptium\jdk-17.0.15.6-hotspot\bin\nio.dll
Event: 2.621 Loaded shared library C:\Program Files\Eclipse Adoptium\jdk-17.0.15.6-hotspot\bin\zip.dll
Event: 9.507 Loaded shared library C:\Program Files\Eclipse Adoptium\jdk-17.0.15.6-hotspot\bin\jimage.dll
Event: 10.508 Loaded shared library C:\Program Files\Eclipse Adoptium\jdk-17.0.15.6-hotspot\bin\verify.dll
Event: 11.947 Loaded shared library C:\Users\karth\.gradle\native\68d5fa5c4cc2d200863cafc0d521ce42e7d3e7ee720ec0a83991735586a16f82\windows-amd64\native-platform.dll
Event: 11.996 Loaded shared library C:\Users\karth\.gradle\native\e376f236ea51e6404a007f0833ffe2c6e607c4080706a723a18a27aeea778392\windows-amd64\native-platform-file-events.dll
Event: 17.518 Loaded shared library C:\Program Files\Eclipse Adoptium\jdk-17.0.15.6-hotspot\bin\management.dll
Event: 17.531 Loaded shared library C:\Program Files\Eclipse Adoptium\jdk-17.0.15.6-hotspot\bin\management_ext.dll
Event: 23.721 Loaded shared library C:\Program Files\Eclipse Adoptium\jdk-17.0.15.6-hotspot\bin\extnet.dll
Event: 55.205 Loaded shared library C:\Program Files\Eclipse Adoptium\jdk-17.0.15.6-hotspot\bin\sunmscapi.dll

Deoptimization events (20 events):
Event: 773.035 Thread 0x000001f77fbcec00 DEOPT PACKING pc=0x000001f7719776e0 sp=0x00000062451fe3b0
Event: 773.035 Thread 0x000001f77fbcec00 DEOPT UNPACKING pc=0x000001f7712269a3 sp=0x00000062451fe330 mode 2
Event: 773.035 Thread 0x000001f77fbcec00 Uncommon trap: trap_request=0xffffff45 fr.pc=0x000001f77195ae70 relative=0x0000000000000630
Event: 773.035 Thread 0x000001f77fbcec00 Uncommon trap: reason=unstable_if action=reinterpret pc=0x000001f77195ae70 method=java.lang.AbstractStringBuilder.append(Ljava/lang/String;)Ljava/lang/AbstractStringBuilder; @ 1 c2
Event: 773.035 Thread 0x000001f77fbcec00 DEOPT PACKING pc=0x000001f77195ae70 sp=0x00000062451fe350
Event: 773.035 Thread 0x000001f77fbcec00 DEOPT UNPACKING pc=0x000001f7712269a3 sp=0x00000062451fe338 mode 2
Event: 856.957 Thread 0x000001f77fbd0040 DEOPT PACKING pc=0x000001f769e4569b sp=0x00000062455f7990
Event: 856.959 Thread 0x000001f77fbd0040 DEOPT UNPACKING pc=0x000001f771227143 sp=0x00000062455f6eb0 mode 0
Event: 856.961 Thread 0x000001f77fbd0040 Uncommon trap: trap_request=0xffffff45 fr.pc=0x000001f77194a6e4 relative=0x0000000000000064
Event: 856.961 Thread 0x000001f77fbd0040 Uncommon trap: reason=unstable_if action=reinterpret pc=0x000001f77194a6e4 method=java.io.WinNTFileSystem.isSlash(C)Z @ 9 c2
Event: 856.961 Thread 0x000001f77fbd0040 DEOPT PACKING pc=0x000001f77194a6e4 sp=0x00000062455f79b0
Event: 856.961 Thread 0x000001f77fbd0040 DEOPT UNPACKING pc=0x000001f7712269a3 sp=0x00000062455f7938 mode 2
Event: 1564.773 Thread 0x000001f77fbd0040 Uncommon trap: trap_request=0xffffff45 fr.pc=0x000001f771b45cc4 relative=0x0000000000000124
Event: 1564.774 Thread 0x000001f77fbd0040 Uncommon trap: reason=unstable_if action=reinterpret pc=0x000001f771b45cc4 method=org.gradle.internal.time.DefaultCountdownTimer.hasExpired()Z @ 6 c2
Event: 1564.774 Thread 0x000001f77fbd0040 DEOPT PACKING pc=0x000001f771b45cc4 sp=0x00000062455f7aa0
Event: 1564.777 Thread 0x000001f77fbd0040 DEOPT UNPACKING pc=0x000001f7712269a3 sp=0x00000062455f7a68 mode 2
Event: 1564.781 Thread 0x000001f77fbd0040 Uncommon trap: trap_request=0xffffff45 fr.pc=0x000001f7719caab0 relative=0x0000000000006270
Event: 1564.781 Thread 0x000001f77fbd0040 Uncommon trap: reason=unstable_if action=reinterpret pc=0x000001f7719caab0 method=org.gradle.internal.io.ExponentialBackoff.retryUntil(Lorg/gradle/internal/io/IOQuery;)Ljava/lang/Object; @ 25 c2
Event: 1564.781 Thread 0x000001f77fbd0040 DEOPT PACKING pc=0x000001f7719caab0 sp=0x00000062455f7b00
Event: 1564.782 Thread 0x000001f77fbd0040 DEOPT UNPACKING pc=0x000001f7712269a3 sp=0x00000062455f7b78 mode 2

Classes loaded (20 events):
Event: 762.916 Loading class java/lang/Byte$ByteCache
Event: 762.917 Loading class java/lang/Byte$ByteCache done
Event: 763.007 Loading class java/util/regex/Pattern$SliceI
Event: 763.007 Loading class java/util/regex/Pattern$SliceI done
Event: 765.416 Loading class jdk/internal/loader/URLClassPath$FileLoader
Event: 765.416 Loading class jdk/internal/loader/URLClassPath$FileLoader done
Event: 765.431 Loading class jdk/internal/loader/URLClassPath$FileLoader$1
Event: 765.432 Loading class jdk/internal/loader/URLClassPath$FileLoader$1 done
Event: 765.912 Loading class java/lang/AbstractMethodError
Event: 765.913 Loading class java/lang/AbstractMethodError done
Event: 765.986 Loading class java/time/temporal/WeekFields
Event: 765.986 Loading class java/time/temporal/WeekFields done
Event: 765.986 Loading class java/time/temporal/WeekFields$ComputedDayOfField
Event: 765.987 Loading class java/time/temporal/WeekFields$ComputedDayOfField done
Event: 765.992 Loading class java/time/Month$1
Event: 765.993 Loading class java/time/Month$1 done
Event: 765.997 Loading class java/nio/channels/Channels
Event: 765.997 Loading class java/nio/channels/Channels done
Event: 765.997 Loading class java/nio/channels/Channels$1
Event: 765.997 Loading class java/nio/channels/Channels$1 done

Classes unloaded (0 events):
No events

Classes redefined (0 events):
No events

Internal exceptions (20 events):
Event: 766.445 Thread 0x000001f77fbd0040 Exception <a 'java/lang/ClassNotFoundException'{0x0000000086506208}: org/gradle/api/internal/initialization/DefaultScriptHandlerBeanInfo> (0x0000000086506208) 
thrown [s\src\hotspot\share\classfile\systemDictionary.cpp, line 256]
Event: 766.446 Thread 0x000001f77fbd0040 Exception <a 'java/lang/ClassNotFoundException'{0x0000000086517b08}: org/gradle/api/internal/initialization/DefaultScriptHandlerCustomizer> (0x0000000086517b08) 
thrown [s\src\hotspot\share\classfile\systemDictionary.cpp, line 256]
Event: 766.470 Thread 0x000001f77fbd0040 Exception <a 'java/lang/ClassNotFoundException'{0x00000000861272a0}: org/gradle/api/internal/artifacts/dsl/DefaultRepositoryHandler_DecoratedBeanInfo> (0x00000000861272a0) 
thrown [s\src\hotspot\share\classfile\systemDictionary.cpp, line 256]
Event: 766.471 Thread 0x000001f77fbd0040 Exception <a 'java/lang/ClassNotFoundException'{0x000000008613f420}: org/gradle/api/internal/artifacts/dsl/DefaultRepositoryHandlerBeanInfo> (0x000000008613f420) 
thrown [s\src\hotspot\share\classfile\systemDictionary.cpp, line 256]
Event: 766.471 Thread 0x000001f77fbd0040 Exception <a 'java/lang/ClassNotFoundException'{0x0000000086157d90}: org/gradle/api/internal/artifacts/DefaultArtifactRepositoryContainerBeanInfo> (0x0000000086157d90) 
thrown [s\src\hotspot\share\classfile\systemDictionary.cpp, line 256]
Event: 766.472 Thread 0x000001f77fbd0040 Exception <a 'java/lang/ClassNotFoundException'{0x000000008616c8e8}: org/gradle/api/internal/DefaultNamedDomainObjectListBeanInfo> (0x000000008616c8e8) 
thrown [s\src\hotspot\share\classfile\systemDictionary.cpp, line 256]
Event: 766.473 Thread 0x000001f77fbd0040 Exception <a 'java/lang/ClassNotFoundException'{0x0000000086181af0}: org/gradle/api/internal/DefaultNamedDomainObjectCollectionBeanInfo> (0x0000000086181af0) 
thrown [s\src\hotspot\share\classfile\systemDictionary.cpp, line 256]
Event: 766.474 Thread 0x000001f77fbd0040 Exception <a 'java/lang/ClassNotFoundException'{0x00000000861968f0}: org/gradle/api/internal/DefaultDomainObjectCollectionBeanInfo> (0x00000000861968f0) 
thrown [s\src\hotspot\share\classfile\systemDictionary.cpp, line 256]
Event: 766.475 Thread 0x000001f77fbd0040 Exception <a 'java/lang/ClassNotFoundException'{0x00000000861ab828}: org/gradle/api/internal/DefaultDomainObjectCollectionCustomizer> (0x00000000861ab828) 
thrown [s\src\hotspot\share\classfile\systemDictionary.cpp, line 256]
Event: 766.480 Thread 0x000001f77fbd0040 Exception <a 'java/lang/ClassNotFoundException'{0x00000000861e8a10}: org/gradle/api/internal/DefaultNamedDomainObjectCollectionCustomizer> (0x00000000861e8a10) 
thrown [s\src\hotspot\share\classfile\systemDictionary.cpp, line 256]
Event: 766.484 Thread 0x000001f77fbd0040 Exception <a 'java/lang/ClassNotFoundException'{0x00000000860306f0}: org/gradle/api/internal/DefaultNamedDomainObjectListCustomizer> (0x00000000860306f0) 
thrown [s\src\hotspot\share\classfile\systemDictionary.cpp, line 256]
Event: 766.488 Thread 0x000001f77fbd0040 Exception <a 'java/lang/ClassNotFoundException'{0x0000000086074d28}: org/gradle/api/internal/artifacts/DefaultArtifactRepositoryContainerCustomizer> (0x0000000086074d28) 
thrown [s\src\hotspot\share\classfile\systemDictionary.cpp, line 256]
Event: 766.490 Thread 0x000001f77fbd0040 Exception <a 'java/lang/ClassNotFoundException'{0x00000000860b5680}: org/gradle/api/internal/artifacts/dsl/DefaultRepositoryHandlerCustomizer> (0x00000000860b5680) 
thrown [s\src\hotspot\share\classfile\systemDictionary.cpp, line 256]
Event: 766.494 Thread 0x000001f77fbd0040 Exception <a 'java/lang/ClassNotFoundException'{0x0000000085f03c90}: org/gradle/api/internal/artifacts/dsl/DefaultRepositoryHandler_DecoratedCustomizer> (0x0000000085f03c90) 
thrown [s\src\hotspot\share\classfile\systemDictionary.cpp, line 256]
Event: 766.508 Thread 0x000001f77fbd0040 Exception <a 'java/lang/ClassNotFoundException'{0x0000000085f97130}: org/gradle/api/internal/artifacts/dsl/dependencies/DefaultDependencyHandler_DecoratedBeanInfo> (0x0000000085f97130) 
thrown [s\src\hotspot\share\classfile\systemDictionary.cpp, line 256]
Event: 766.509 Thread 0x000001f77fbd0040 Exception <a 'java/lang/ClassNotFoundException'{0x0000000085faef98}: org/gradle/api/internal/artifacts/dsl/dependencies/DefaultDependencyHandlerBeanInfo> (0x0000000085faef98) 
thrown [s\src\hotspot\share\classfile\systemDictionary.cpp, line 256]
Event: 766.510 Thread 0x000001f77fbd0040 Exception <a 'java/lang/ClassNotFoundException'{0x0000000085fc6870}: org/gradle/api/internal/artifacts/dsl/dependencies/DefaultDependencyHandlerCustomizer> (0x0000000085fc6870) 
thrown [s\src\hotspot\share\classfile\systemDictionary.cpp, line 256]
Event: 766.513 Thread 0x000001f77fbd0040 Exception <a 'java/lang/ClassNotFoundException'{0x0000000085e107c8}: org/gradle/api/internal/artifacts/dsl/dependencies/DefaultDependencyHandler_DecoratedCustomizer> (0x0000000085e107c8) 
thrown [s\src\hotspot\share\classfile\systemDictionary.cpp, line 256]
Event: 773.035 Thread 0x000001f77fbcec00 Implicit null exception at 0x000001f7719770f2 to 0x000001f7719776c8
Event: 773.035 Thread 0x000001f77fbcec00 Implicit null exception at 0x000001f77195a872 to 0x000001f77195ae58

VM Operations (20 events):
Event: 8181.310 Executing VM operation: Cleanup done
Event: 8182.316 Executing VM operation: Cleanup
Event: 8182.363 Executing VM operation: Cleanup done
Event: 8183.367 Executing VM operation: Cleanup
Event: 8183.430 Executing VM operation: Cleanup done
Event: 8187.457 Executing VM operation: Cleanup
Event: 8187.506 Executing VM operation: Cleanup done
Event: 8190.540 Executing VM operation: Cleanup
Event: 8190.588 Executing VM operation: Cleanup done
Event: 8199.309 Executing VM operation: G1CollectForAllocation
Event: 8206.930 Executing VM operation: G1CollectForAllocation done
Event: 8211.998 Executing VM operation: G1CollectForAllocation
Event: 8226.344 Executing VM operation: G1CollectForAllocation done
Event: 8229.372 Executing VM operation: G1CollectForAllocation
Event: 8230.506 Executing VM operation: G1CollectForAllocation done
Event: 8232.531 Executing VM operation: G1CollectForAllocation
Event: 8233.390 Executing VM operation: G1CollectForAllocation done
Event: 8233.609 Executing VM operation: G1CollectForAllocation
Event: 8234.166 Executing VM operation: G1CollectForAllocation done
Event: 8235.088 Executing VM operation: G1CollectForAllocation

Memory protections (0 events):
No events

Nmethod flushes (20 events):
Event: 552.251 Thread 0x000001f77faee180 flushing  nmethod 0x000001f76a55d990
Event: 552.251 Thread 0x000001f77faee180 flushing  nmethod 0x000001f76a55ed10
Event: 552.251 Thread 0x000001f77faee180 flushing  nmethod 0x000001f76a55f510
Event: 552.251 Thread 0x000001f77faee180 flushing  nmethod 0x000001f76a560690
Event: 552.251 Thread 0x000001f77faee180 flushing  nmethod 0x000001f76a560c10
Event: 552.251 Thread 0x000001f77faee180 flushing  nmethod 0x000001f76a566e10
Event: 552.251 Thread 0x000001f77faee180 flushing  nmethod 0x000001f76a569a10
Event: 552.251 Thread 0x000001f77faee180 flushing  nmethod 0x000001f76a57db90
Event: 552.251 Thread 0x000001f77faee180 flushing  nmethod 0x000001f76a59ca10
Event: 552.251 Thread 0x000001f77faee180 flushing  nmethod 0x000001f76a5b7c10
Event: 552.251 Thread 0x000001f77faee180 flushing  nmethod 0x000001f76a5b8110
Event: 552.251 Thread 0x000001f77faee180 flushing  nmethod 0x000001f76a5b9290
Event: 552.251 Thread 0x000001f77faee180 flushing  nmethod 0x000001f76a5bbe90
Event: 552.251 Thread 0x000001f77faee180 flushing  nmethod 0x000001f76a61b490
Event: 552.252 Thread 0x000001f77faee180 flushing  nmethod 0x000001f76a6ec690
Event: 552.252 Thread 0x000001f77faee180 flushing  nmethod 0x000001f76a6eca10
Event: 765.442 Thread 0x000001f77faee180 flushing  nmethod 0x000001f771b10990
Event: 765.452 Thread 0x000001f77faee180 flushing  nmethod 0x000001f76a08f890
Event: 765.452 Thread 0x000001f77faee180 flushing  nmethod 0x000001f76a098e10
Event: 765.455 Thread 0x000001f77faee180 flushing  nmethod 0x000001f76a20bd90

Events (20 events):
Event: 762.812 Thread 0x000001f77f7ca9a0 Thread added: 0x000001f7233e0520
Event: 762.909 Thread 0x000001f77fbd0040 Thread added: 0x000001f721b11d50
Event: 763.989 Thread 0x000001f7233e0520 Thread exited: 0x000001f7233e0520
Event: 764.375 Thread 0x000001f77f7cd6c0 Thread added: 0x000001f7233dfa80
Event: 764.375 Thread 0x000001f77f7cd6c0 Thread added: 0x000001f7233dd550
Event: 765.372 Thread 0x000001f7233dfa80 Thread added: 0x000001f7233df530
Event: 766.372 Thread 0x000001f7233df530 Thread exited: 0x000001f7233df530
Event: 766.554 Thread 0x000001f77fbd0040 Thread added: 0x000001f72599b3d0
Event: 766.835 Thread 0x000001f7233dfa80 Thread added: 0x000001f7233ddaa0
Event: 766.934 Thread 0x000001f7233dfa80 Thread added: 0x000001f7233dffd0
Event: 767.386 Thread 0x000001f7233dffd0 Thread exited: 0x000001f7233dffd0
Event: 767.486 Thread 0x000001f7233ddaa0 Thread exited: 0x000001f7233ddaa0
Event: 767.675 Thread 0x000001f7233dd550 Thread exited: 0x000001f7233dd550
Event: 769.962 Thread 0x000001f7233dfa80 Thread exited: 0x000001f7233dfa80
Event: 769.962 Thread 0x000001f7233dd000 Thread exited: 0x000001f7233dd000
Event: 786.114 Thread 0x000001f77f7cd6c0 Thread added: 0x000001f7233df530
Event: 791.125 Thread 0x000001f7233df530 Thread exited: 0x000001f7233df530
Event: 1077.723 Thread 0x000001f7217ba530 Thread exited: 0x000001f7217ba530
Event: 1088.797 Thread 0x000001f7217b86d0 Thread added: 0x000001f725999570
Event: 8211.743 Thread 0x000001f725999570 Thread exited: 0x000001f725999570


Dynamic libraries:
0x00007ff687c40000 - 0x00007ff687c4e000 	C:\Program Files\Eclipse Adoptium\jdk-17.0.15.6-hotspot\bin\java.exe
0x00007fffc3680000 - 0x00007fffc38e6000 	C:\WINDOWS\SYSTEM32\ntdll.dll
0x00007fffc2160000 - 0x00007fffc2229000 	C:\WINDOWS\System32\KERNEL32.DLL
0x00007fffc0ae0000 - 0x00007fffc0eac000 	C:\WINDOWS\System32\KERNELBASE.dll
0x0000000070320000 - 0x00000000703bd000 	C:\ProgramData\Symantec\Symantec Endpoint Protection\14.3.9205.6000.105\Data\Sysfer\x64\sysfer.dll
0x00007fffc0810000 - 0x00007fffc095b000 	C:\WINDOWS\System32\ucrtbase.dll
0x00007fff9be20000 - 0x00007fff9be37000 	C:\Program Files\Eclipse Adoptium\jdk-17.0.15.6-hotspot\bin\jli.dll
0x00007fffc14c0000 - 0x00007fffc168a000 	C:\WINDOWS\System32\USER32.dll
0x00007fffc1360000 - 0x00007fffc1387000 	C:\WINDOWS\System32\win32u.dll
0x00007fffc1730000 - 0x00007fffc175b000 	C:\WINDOWS\System32\GDI32.dll
0x00007fffc0f70000 - 0x00007fffc10a2000 	C:\WINDOWS\System32\gdi32full.dll
0x00007fffc1390000 - 0x00007fffc1433000 	C:\WINDOWS\System32\msvcp_win.dll
0x00007fff99aa0000 - 0x00007fff99abe000 	C:\Program Files\Eclipse Adoptium\jdk-17.0.15.6-hotspot\bin\VCRUNTIME140.dll
0x00007fffa61a0000 - 0x00007fffa643a000 	C:\WINDOWS\WinSxS\amd64_microsoft.windows.common-controls_6595b64144ccf1df_6.0.26100.3912_none_3e07963ce335137e\COMCTL32.dll
0x00007fffc3590000 - 0x00007fffc3639000 	C:\WINDOWS\System32\msvcrt.dll
0x00007fffc2850000 - 0x00007fffc2880000 	C:\WINDOWS\System32\IMM32.DLL
0x00007fffa4250000 - 0x00007fffa425c000 	C:\Program Files\Eclipse Adoptium\jdk-17.0.15.6-hotspot\bin\vcruntime140_1.dll
0x00007fff7c670000 - 0x00007fff7c6fd000 	C:\Program Files\Eclipse Adoptium\jdk-17.0.15.6-hotspot\bin\msvcp140.dll
0x00007fff3e940000 - 0x00007fff3f5ab000 	C:\Program Files\Eclipse Adoptium\jdk-17.0.15.6-hotspot\bin\server\jvm.dll
0x00007fffc2e40000 - 0x00007fffc2ef2000 	C:\WINDOWS\System32\ADVAPI32.dll
0x00007fffc1760000 - 0x00007fffc1806000 	C:\WINDOWS\System32\sechost.dll
0x00007fffc2040000 - 0x00007fffc2156000 	C:\WINDOWS\System32\RPCRT4.dll
0x00007fffc3500000 - 0x00007fffc3574000 	C:\WINDOWS\System32\WS2_32.dll
0x00007fffc0680000 - 0x00007fffc06de000 	C:\WINDOWS\SYSTEM32\POWRPROF.dll
0x00007fffb52a0000 - 0x00007fffb52d6000 	C:\WINDOWS\SYSTEM32\WINMM.dll
0x00007fffa9820000 - 0x00007fffa982b000 	C:\WINDOWS\SYSTEM32\VERSION.dll
0x00007fffc0660000 - 0x00007fffc0674000 	C:\WINDOWS\SYSTEM32\UMPDC.dll
0x00007fffbf5d0000 - 0x00007fffbf5ea000 	C:\WINDOWS\SYSTEM32\kernel.appcore.dll
0x00007fffa41b0000 - 0x00007fffa41ba000 	C:\Program Files\Eclipse Adoptium\jdk-17.0.15.6-hotspot\bin\jimage.dll
0x00007fffbe100000 - 0x00007fffbe341000 	C:\WINDOWS\SYSTEM32\DBGHELP.DLL
0x00007fffc3000000 - 0x00007fffc3384000 	C:\WINDOWS\System32\combase.dll
0x00007fffc2b40000 - 0x00007fffc2c20000 	C:\WINDOWS\System32\OLEAUT32.dll
0x00007fff95100000 - 0x00007fff95139000 	C:\WINDOWS\SYSTEM32\dbgcore.DLL
0x00007fffc12c0000 - 0x00007fffc1359000 	C:\WINDOWS\System32\bcryptPrimitives.dll
0x00007fff988b0000 - 0x00007fff988d5000 	C:\Program Files\Eclipse Adoptium\jdk-17.0.15.6-hotspot\bin\java.dll
0x00007fff7c590000 - 0x00007fff7c667000 	C:\Program Files\Eclipse Adoptium\jdk-17.0.15.6-hotspot\bin\jsvml.dll
0x00007fffc1890000 - 0x00007fffc1fbd000 	C:\WINDOWS\System32\SHELL32.dll
0x00007fffc0960000 - 0x00007fffc0ad4000 	C:\WINDOWS\System32\wintypes.dll
0x00007fffbe450000 - 0x00007fffbeca6000 	C:\WINDOWS\SYSTEM32\windows.storage.dll
0x00007fffc2f00000 - 0x00007fffc2fef000 	C:\WINDOWS\System32\SHCORE.dll
0x00007fffc1820000 - 0x00007fffc1889000 	C:\WINDOWS\System32\shlwapi.dll
0x00007fffc0720000 - 0x00007fffc074f000 	C:\WINDOWS\SYSTEM32\profapi.dll
0x00007fff99a10000 - 0x00007fff99a29000 	C:\Program Files\Eclipse Adoptium\jdk-17.0.15.6-hotspot\bin\net.dll
0x00007fffaf2b0000 - 0x00007fffaf3ce000 	C:\WINDOWS\SYSTEM32\WINHTTP.dll
0x00007fffbfb40000 - 0x00007fffbfbaa000 	C:\WINDOWS\system32\mswsock.dll
0x00007fff98f80000 - 0x00007fff98f96000 	C:\Program Files\Eclipse Adoptium\jdk-17.0.15.6-hotspot\bin\nio.dll
0x00007fff98520000 - 0x00007fff98538000 	C:\Program Files\Eclipse Adoptium\jdk-17.0.15.6-hotspot\bin\zip.dll
0x00007fffa4150000 - 0x00007fffa4160000 	C:\Program Files\Eclipse Adoptium\jdk-17.0.15.6-hotspot\bin\verify.dll
0x00007fff98930000 - 0x00007fff98957000 	C:\Users\karth\.gradle\native\68d5fa5c4cc2d200863cafc0d521ce42e7d3e7ee720ec0a83991735586a16f82\windows-amd64\native-platform.dll
0x00007fff7c440000 - 0x00007fff7c584000 	C:\Users\karth\.gradle\native\e376f236ea51e6404a007f0833ffe2c6e607c4080706a723a18a27aeea778392\windows-amd64\native-platform-file-events.dll
0x00007fffa0910000 - 0x00007fffa091a000 	C:\Program Files\Eclipse Adoptium\jdk-17.0.15.6-hotspot\bin\management.dll
0x00007fffa0830000 - 0x00007fffa083b000 	C:\Program Files\Eclipse Adoptium\jdk-17.0.15.6-hotspot\bin\management_ext.dll
0x00007fffc3580000 - 0x00007fffc3588000 	C:\WINDOWS\System32\PSAPI.DLL
0x00007fffbfde0000 - 0x00007fffbfdfc000 	C:\WINDOWS\SYSTEM32\CRYPTSP.dll
0x00007fffbf530000 - 0x00007fffbf56a000 	C:\WINDOWS\system32\rsaenh.dll
0x00007fffbfbe0000 - 0x00007fffbfc0b000 	C:\WINDOWS\SYSTEM32\USERENV.dll
0x00007fffc06f0000 - 0x00007fffc0716000 	C:\WINDOWS\SYSTEM32\bcrypt.dll
0x00007fffbfe00000 - 0x00007fffbfe0c000 	C:\WINDOWS\SYSTEM32\CRYPTBASE.dll
0x00007fffbf070000 - 0x00007fffbf0a3000 	C:\WINDOWS\SYSTEM32\IPHLPAPI.DLL
0x00007fffc2740000 - 0x00007fffc274a000 	C:\WINDOWS\System32\NSI.dll
0x00007fffb72a0000 - 0x00007fffb72bf000 	C:\WINDOWS\SYSTEM32\dhcpcsvc6.DLL
0x00007fffb7030000 - 0x00007fffb7055000 	C:\WINDOWS\SYSTEM32\dhcpcsvc.DLL
0x00007fffbf140000 - 0x00007fffbf267000 	C:\WINDOWS\SYSTEM32\DNSAPI.dll
0x00007fff9c160000 - 0x00007fff9c169000 	C:\Program Files\Eclipse Adoptium\jdk-17.0.15.6-hotspot\bin\extnet.dll
0x00007fff9bf40000 - 0x00007fff9bf4e000 	C:\Program Files\Eclipse Adoptium\jdk-17.0.15.6-hotspot\bin\sunmscapi.dll
0x00007fffc10b0000 - 0x00007fffc1227000 	C:\WINDOWS\System32\CRYPT32.dll
0x00007fffbfff0000 - 0x00007fffc0020000 	C:\WINDOWS\SYSTEM32\ncrypt.dll
0x00007fffbffa0000 - 0x00007fffbffdf000 	C:\WINDOWS\SYSTEM32\NTASN1.dll
0x00007fffa3df0000 - 0x00007fffa3df8000 	C:\WINDOWS\system32\wshunix.dll

dbghelp: loaded successfully - version: 4.0.5 - missing functions: none
symbol engine: initialized successfully - sym options: 0x614 - pdb path: .;C:\Program Files\Eclipse Adoptium\jdk-17.0.15.6-hotspot\bin;C:\WINDOWS\SYSTEM32;C:\ProgramData\Symantec\Symantec Endpoint Protection\14.3.9205.6000.105\Data\Sysfer\x64;C:\WINDOWS\WinSxS\amd64_microsoft.windows.common-controls_6595b64144ccf1df_6.0.26100.3912_none_3e07963ce335137e;C:\Program Files\Eclipse Adoptium\jdk-17.0.15.6-hotspot\bin\server;C:\Users\karth\.gradle\native\68d5fa5c4cc2d200863cafc0d521ce42e7d3e7ee720ec0a83991735586a16f82\windows-amd64;C:\Users\karth\.gradle\native\e376f236ea51e6404a007f0833ffe2c6e607c4080706a723a18a27aeea778392\windows-amd64

VM Arguments:
jvm_args: -XX:MaxMetaspaceSize=512m --add-opens=java.base/java.util=ALL-UNNAMED --add-opens=java.base/java.lang=ALL-UNNAMED --add-opens=java.base/java.lang.invoke=ALL-UNNAMED --add-opens=java.prefs/java.util.prefs=ALL-UNNAMED --add-opens=java.base/java.nio.charset=ALL-UNNAMED --add-opens=java.base/java.net=ALL-UNNAMED --add-opens=java.base/java.util.concurrent.atomic=ALL-UNNAMED -Xmx2048m -Dfile.encoding=UTF-8 -Duser.country=CA -Duser.language=en -Duser.variant 
java_command: org.gradle.launcher.daemon.bootstrap.GradleDaemon 8.0.1
java_class_path (initial): C:\Users\karth\.gradle\wrapper\dists\gradle-8.0.1-all\aro4hu1c3oeioove7l0i4i14o\gradle-8.0.1\lib\gradle-launcher-8.0.1.jar
Launcher Type: SUN_STANDARD

[Global flags]
     intx CICompilerCount                          = 12                                        {product} {ergonomic}
   size_t CompressedClassSpaceSize                 = 436207616                                 {product} {ergonomic}
     uint ConcGCThreads                            = 3                                         {product} {ergonomic}
     uint G1ConcRefinementThreads                  = 13                                        {product} {ergonomic}
   size_t G1HeapRegionSize                         = 1048576                                   {product} {ergonomic}
    uintx GCDrainStackTargetSize                   = 64                                        {product} {ergonomic}
   size_t InitialHeapSize                          = 264241152                                 {product} {ergonomic}
   size_t MarkStackSize                            = 4194304                                   {product} {ergonomic}
   size_t MaxHeapSize                              = 2147483648                                {product} {command line}
   size_t MaxMetaspaceSize                         = 536870912                                 {product} {command line}
   size_t MaxNewSize                               = 1287651328                                {product} {ergonomic}
   size_t MinHeapDeltaBytes                        = 1048576                                   {product} {ergonomic}
   size_t MinHeapSize                              = 8388608                                   {product} {ergonomic}
    uintx NonNMethodCodeHeapSize                   = 7602480                                {pd product} {ergonomic}
    uintx NonProfiledCodeHeapSize                  = 122027880                              {pd product} {ergonomic}
    uintx ProfiledCodeHeapSize                     = 122027880                              {pd product} {ergonomic}
    uintx ReservedCodeCacheSize                    = 251658240                              {pd product} {ergonomic}
     bool SegmentedCodeCache                       = true                                      {product} {ergonomic}
   size_t SoftMaxHeapSize                          = 2147483648                             {manageable} {ergonomic}
     bool UseCompressedClassPointers               = true                           {product lp64_product} {ergonomic}
     bool UseCompressedOops                        = true                           {product lp64_product} {ergonomic}
     bool UseG1GC                                  = true                                      {product} {ergonomic}
     bool UseLargePagesIndividualAllocation        = false                                  {pd product} {ergonomic}

Logging:
Log output configuration:
 #0: stdout all=warning uptime,level,tags
 #1: stderr all=off uptime,level,tags

Environment Variables:
JAVA_HOME=C:\Program Files\Java\jdk-23
CLASSPATH=C:\Users\karth\CascadeProjects\MobileAppAndroid\android\\gradle\wrapper\gradle-wrapper.jar
PATH=C:\Users\karth\CascadeProjects\MobileAppAndroid\node_modules\.bin;C:\Users\karth\CascadeProjects\MobileAppAndroid\node_modules\.bin;C:\Users\karth\CascadeProjects\node_modules\.bin;C:\Users\karth\node_modules\.bin;C:\Users\node_modules\.bin;C:\node_modules\.bin;C:\Program Files\nodejs\node_modules\npm\node_modules\@npmcli\run-script\lib\node-gyp-bin;C:\Users\karth\CascadeProjects\MobileAppAndroid\node_modules\.bin;C:\Users\karth\CascadeProjects\MobileAppAndroid\node_modules\.bin;C:\Users\karth\CascadeProjects\node_modules\.bin;C:\Users\karth\node_modules\.bin;C:\Users\node_modules\.bin;C:\node_modules\.bin;C:\Program Files\nodejs\node_modules\npm\node_modules\@npmcli\run-script\lib\node-gyp-bin;C:\Program Files\Eclipse Adoptium\jdk-17.0.15.6-hotspot\bin;C:\Program Files\Common Files\Oracle\Java\javapath;C:\WINDOWS\system32;C:\WINDOWS;C:\WINDOWS\System32\Wbem;C:\WINDOWS\System32\WindowsPowerShell\v1.0\;C:\WINDOWS\System32\OpenSSH\;C:\Program Files\nodejs\;C:\Program Files (x86)\nikto\program;C:\Program Files (x86)\curl;D:\GoWorkspace\bin;C:\Program Files\Go\bin;C:\Program Files\Git\cmd;C:\Users\karth\AppData\Local\Android\Sdk;C:\Users\karth\AppData\Local\Android\Sdk\platform-tools;C:\Program Files\Eclipse Adoptium\jdk-17.0.15.6-hotspot\bin;C:\Program Files\Common Files\Oracle\Java\javapath;C:\WINDOWS\system32;C:\WINDOWS;C:\WINDOWS\System32\Wbem;C:\WINDOWS\System32\WindowsPowerShell\v1.0\;C:\WINDOWS\System32\OpenSSH\;C:\Program Files\nodejs\;C:\Program Files\Git\cmd;C:\Users\karth\AppData\Local\Microsoft\WindowsApps;C:\Users\karth\AppData\Local\Programs\Microsoft VS Code\bin;C:\Users\karth\AppData\Roaming\npm;C:\Users\karth\go\bin;C:\Users\karth\AppData\Local\Programs\Windsurf\bin
USERNAME=karth
OS=Windows_NT
PROCESSOR_IDENTIFIER=Intel64 Family 6 Model 154 Stepping 3, GenuineIntel
TMP=C:\Users\karth\AppData\Local\Temp
TEMP=C:\Users\karth\AppData\Local\Temp



Periodic native trim disabled


---------------  S Y S T E M  ---------------

OS:
 Windows 11 , 64 bit Build 26100 (10.0.26100.3912)
OS uptime: 10 days 15:58 hours
Hyper-V role detected

CPU: total 16 (initial active 16) (8 cores per cpu, 2 threads per core) family 6 model 154 stepping 3 microcode 0x416, cx8, cmov, fxsr, ht, mmx, 3dnowpref, sse, sse2, sse3, ssse3, sse4.1, sse4.2, popcnt, lzcnt, tsc, tscinvbit, avx, avx2, aes, erms, clmul, bmi1, bmi2, adx, sha, fma, vzeroupper, clflush, clflushopt, clwb, hv
Processor Information for processor 0
  Max Mhz: 2100, Current Mhz: 2100, Mhz Limit: 2100
Processor Information for processor 1
  Max Mhz: 2100, Current Mhz: 2100, Mhz Limit: 2100
Processor Information for processor 2
  Max Mhz: 2100, Current Mhz: 2100, Mhz Limit: 2100
Processor Information for processor 3
  Max Mhz: 2100, Current Mhz: 2100, Mhz Limit: 2100
Processor Information for processor 4
  Max Mhz: 2100, Current Mhz: 2100, Mhz Limit: 2100
Processor Information for processor 5
  Max Mhz: 2100, Current Mhz: 2100, Mhz Limit: 2100
Processor Information for processor 6
  Max Mhz: 2100, Current Mhz: 2100, Mhz Limit: 2100
Processor Information for processor 7
  Max Mhz: 2100, Current Mhz: 2100, Mhz Limit: 2100
Processor Information for processor 8
  Max Mhz: 2100, Current Mhz: 1500, Mhz Limit: 1491
Processor Information for processor 9
  Max Mhz: 2100, Current Mhz: 1500, Mhz Limit: 1491
Processor Information for processor 10
  Max Mhz: 2100, Current Mhz: 1500, Mhz Limit: 1491
Processor Information for processor 11
  Max Mhz: 2100, Current Mhz: 1500, Mhz Limit: 1491
Processor Information for processor 12
  Max Mhz: 2100, Current Mhz: 1500, Mhz Limit: 1491
Processor Information for processor 13
  Max Mhz: 2100, Current Mhz: 1500, Mhz Limit: 1491
Processor Information for processor 14
  Max Mhz: 2100, Current Mhz: 1500, Mhz Limit: 1491
Processor Information for processor 15
  Max Mhz: 2100, Current Mhz: 1500, Mhz Limit: 1491

Memory: 4k page, system-wide physical 16088M (1M free)
TotalPageFile size 64210M (AvailPageFile size 9M)
current process WorkingSet (physical memory assigned to process): 18M, peak: 256M
current process commit charge ("private bytes"): 362M, peak: 419M

vm_info: OpenJDK 64-Bit Server VM (17.0.15+6) for windows-amd64 JRE (17.0.15+6), built on Apr 15 2025 21:25:47 by "admin" with MS VC++ 17.7 (VS2022)

END.
