#
# There is insufficient memory for the Java Runtime Environment to continue.
# Native memory allocation (mmap) failed to map 32505856 bytes. Error detail: G1 virtual space
# Possible reasons:
#   The system is out of physical RAM or swap space
#   This process is running with CompressedOops enabled, and the Java Heap may be blocking the growth of the native heap
# Possible solutions:
#   Reduce memory load on the system
#   Increase physical memory or swap space
#   Check if swap backing store is full
#   Decrease Java heap size (-Xmx/-Xms)
#   Decrease number of Java threads
#   Decrease Java thread stack sizes (-Xss)
#   Set larger code cache with -XX:ReservedCodeCacheSize=
#   JVM is running with Unscaled Compressed Oops mode in which the Java heap is
#     placed in the first 4GB address space. The Java Heap base address is the
#     maximum limit for the native heap growth. Please use -XX:HeapBaseMinAddress
#     to set the Java Heap base and to place the Java Heap above 4GB virtual address.
# This output file may be truncated or incomplete.
#
#  Out of Memory Error (os_windows.cpp:3618), pid=50172, tid=66636
#
# JRE version: OpenJDK Runtime Environment Temurin-17.0.15+6 (17.0.15+6) (build 17.0.15+6)
# Java VM: OpenJDK 64-Bit Server VM Temurin-17.0.15+6 (17.0.15+6, mixed mode, sharing, tiered, compressed oops, compressed class ptrs, g1 gc, windows-amd64)
# No core dump will be written. Minidumps are not enabled by default on client versions of Windows
#

---------------  S U M M A R Y ------------

Command Line: -XX:MaxMetaspaceSize=512m --add-opens=java.base/java.util=ALL-UNNAMED --add-opens=java.base/java.lang=ALL-UNNAMED --add-opens=java.base/java.lang.invoke=ALL-UNNAMED --add-opens=java.prefs/java.util.prefs=ALL-UNNAMED --add-opens=java.base/java.nio.charset=ALL-UNNAMED --add-opens=java.base/java.net=ALL-UNNAMED --add-opens=java.base/java.util.concurrent.atomic=ALL-UNNAMED -Xmx2048m -Dfile.encoding=UTF-8 -Duser.country=CA -Duser.language=en -Duser.variant org.gradle.launcher.daemon.bootstrap.GradleDaemon 8.0.1

Host: 12th Gen Intel(R) Core(TM) i7-1260P, 16 cores, 15G,  Windows 11 , 64 bit Build 26100 (10.0.26100.3912)
Time: Mon May 26 02:11:51 2025 Eastern Daylight Time elapsed time: 8679.031056 seconds (0d 2h 24m 39s)

---------------  T H R E A D  ---------------

Current thread (0x000001adfbc38010):  VMThread "VM Thread" [stack: 0x0000009169500000,0x0000009169600000] [id=66636]

Stack: [0x0000009169500000,0x0000009169600000]
Native frames: (J=compiled Java code, j=interpreted, Vv=VM code, C=native code)
V  [jvm.dll+0x682fc9]
V  [jvm.dll+0x839878]
V  [jvm.dll+0x83b323]
V  [jvm.dll+0x83b993]
V  [jvm.dll+0x24725f]
V  [jvm.dll+0x67fda9]
V  [jvm.dll+0x674c9a]
V  [jvm.dll+0x304d06]
V  [jvm.dll+0x30c1c6]
V  [jvm.dll+0x35dd4e]
V  [jvm.dll+0x35df8d]
V  [jvm.dll+0x2dc0cc]
V  [jvm.dll+0x2da46f]
V  [jvm.dll+0x2d9bdc]
V  [jvm.dll+0x31d3bb]
V  [jvm.dll+0x8401cd]
V  [jvm.dll+0x840f03]
V  [jvm.dll+0x84142f]
V  [jvm.dll+0x841814]
V  [jvm.dll+0x8418de]
V  [jvm.dll+0x7e94dc]
V  [jvm.dll+0x681ea7]
C  [ucrtbase.dll+0x37b0]
C  [KERNEL32.DLL+0x2e8d7]
C  [ntdll.dll+0x9c5dc]

VM_Operation (0x000000916a7fd720): G1CollectForAllocation, mode: safepoint, requested by thread 0x000001adfce2c240


---------------  P R O C E S S  ---------------

Threads class SMR info:
_java_thread_list=0x000001adfe7989d0, length=79, elements={
0x000001addadfdfc0, 0x000001adfbc3aff0, 0x000001adfbc3bac0, 0x000001adfbc47b60,
0x000001adfbc48530, 0x000001adfbc4ae10, 0x000001adfbc4b6e0, 0x000001adfbc4c2e0,
0x000001adfc001f40, 0x000001adfc002850, 0x000001adfc14ed30, 0x000001adfc151220,
0x000001adfd474f40, 0x000001adfd524a30, 0x000001adfce2c240, 0x000001adfcff8450,
0x000001adfcd534b0, 0x000001adfcc02430, 0x000001adfcc00570, 0x000001adfcc00060,
0x000001adfcc00a80, 0x000001adfcc014a0, 0x000001adfd0789c0, 0x000001adfd0793e0,
0x000001adfd077fa0, 0x000001adfd078ed0, 0x000001adfd077580, 0x000001adfd0784b0,
0x000001adfd0798f0, 0x000001adfd079e00, 0x000001adfd07a820, 0x000001adfd077a90,
0x000001adfd07b750, 0x000001adfd07c170, 0x000001adfd07b240, 0x000001adfd07c680,
0x000001adfd07ad30, 0x000001adfd07cb90, 0x000001adfd07d5b0, 0x000001adfd07dac0,
0x000001adfd07a310, 0x000001adfd07dfd0, 0x000001adfd07e4e0, 0x000001adfd07e9f0,
0x000001adfcc019b0, 0x000001adfe74fae0, 0x000001adfe74f5d0, 0x000001adfe750a10,
0x000001adfe750f20, 0x000001adfe750500, 0x000001adfe74ebb0, 0x000001adfe751430,
0x000001adfe751940, 0x000001adfe751e50, 0x000001adfe752360, 0x000001adfe752870,
0x000001adfe74f0c0, 0x000001adfe752d80, 0x000001adfe753290, 0x000001adfe7537a0,
0x000001adfe74fff0, 0x000001adfe753cb0, 0x000001adfe7541c0, 0x000001adfe7546d0,
0x000001adfe756020, 0x000001adfe755b10, 0x000001adfe754be0, 0x000001adfe756530,
0x000001adfe7550f0, 0x000001adfe755600, 0x000001ad9f8d2750, 0x000001ad9f8d59f0,
0x000001ad9f8d3b90, 0x000001ad9f8d45b0, 0x000001ad9f8d3680, 0x000001ad9f8d3170,
0x000001ad9f8d2c60, 0x000001ad9f8d6920, 0x000001ad9f8d7340
}

Java Threads: ( => current thread )
  0x000001addadfdfc0 JavaThread "main" [_thread_blocked, id=6668, stack(0x0000009168f00000,0x0000009169000000)]
  0x000001adfbc3aff0 JavaThread "Reference Handler" daemon [_thread_blocked, id=66656, stack(0x0000009169600000,0x0000009169700000)]
  0x000001adfbc3bac0 JavaThread "Finalizer" daemon [_thread_blocked, id=66660, stack(0x0000009169700000,0x0000009169800000)]
  0x000001adfbc47b60 JavaThread "Signal Dispatcher" daemon [_thread_blocked, id=66920, stack(0x0000009169800000,0x0000009169900000)]
  0x000001adfbc48530 JavaThread "Attach Listener" daemon [_thread_blocked, id=66928, stack(0x0000009169900000,0x0000009169a00000)]
  0x000001adfbc4ae10 JavaThread "Service Thread" daemon [_thread_blocked, id=66936, stack(0x0000009169a00000,0x0000009169b00000)]
  0x000001adfbc4b6e0 JavaThread "Monitor Deflation Thread" daemon [_thread_blocked, id=66948, stack(0x0000009169b00000,0x0000009169c00000)]
  0x000001adfbc4c2e0 JavaThread "C2 CompilerThread0" daemon [_thread_blocked, id=66952, stack(0x0000009169c00000,0x0000009169d00000)]
  0x000001adfc001f40 JavaThread "C1 CompilerThread0" daemon [_thread_blocked, id=66956, stack(0x0000009169d00000,0x0000009169e00000)]
  0x000001adfc002850 JavaThread "Sweeper thread" daemon [_thread_blocked, id=66960, stack(0x0000009169e00000,0x0000009169f00000)]
  0x000001adfc14ed30 JavaThread "Common-Cleaner" daemon [_thread_blocked, id=67536, stack(0x0000009169f00000,0x000000916a000000)]
  0x000001adfc151220 JavaThread "Notification Thread" daemon [_thread_blocked, id=67544, stack(0x000000916a000000,0x000000916a100000)]
  0x000001adfd474f40 JavaThread "Daemon health stats" [_thread_blocked, id=64132, stack(0x0000009168d00000,0x0000009168e00000)]
  0x000001adfd524a30 JavaThread "Incoming local TCP Connector on port 33527" [_thread_in_native, id=10776, stack(0x0000009168e00000,0x0000009168f00000)]
  0x000001adfce2c240 JavaThread "Daemon periodic checks" [_thread_blocked, id=65128, stack(0x000000916a700000,0x000000916a800000)]
  0x000001adfcff8450 JavaThread "Daemon" [_thread_blocked, id=35612, stack(0x000000916a800000,0x000000916a900000)]
  0x000001adfcd534b0 JavaThread "Handler for socket connection from /127.0.0.1:33527 to /127.0.0.1:33551" [_thread_in_native, id=62632, stack(0x000000916a900000,0x000000916aa00000)]
  0x000001adfcc02430 JavaThread "Cancel handler" [_thread_blocked, id=53188, stack(0x000000916aa00000,0x000000916ab00000)]
  0x000001adfcc00570 JavaThread "Daemon worker" [_thread_blocked, id=54348, stack(0x000000916ab00000,0x000000916ac00000)]
  0x000001adfcc00060 JavaThread "Asynchronous log dispatcher for DefaultDaemonConnection: socket connection from /127.0.0.1:33527 to /127.0.0.1:33551" [_thread_blocked, id=35164, stack(0x000000916ac00000,0x000000916ad00000)]
  0x000001adfcc00a80 JavaThread "Daemon client event forwarder" [_thread_blocked, id=65608, stack(0x000000916ae00000,0x000000916af00000)]
  0x000001adfcc014a0 JavaThread "Cache worker for journal cache (C:\Users\karth\.gradle\caches\journal-1)" [_thread_blocked, id=62984, stack(0x000000916b500000,0x000000916b600000)]
  0x000001adfd0789c0 JavaThread "File lock request listener" [_thread_in_native, id=58864, stack(0x000000916b600000,0x000000916b700000)]
  0x000001adfd0793e0 JavaThread "Cache worker for file hash cache (C:\Users\karth\.gradle\caches\8.0.1\fileHashes)" [_thread_blocked, id=39672, stack(0x000000916b800000,0x000000916b900000)]
  0x000001adfd077fa0 JavaThread "File watcher server" daemon [_thread_in_native, id=56036, stack(0x000000916b900000,0x000000916ba00000)]
  0x000001adfd078ed0 JavaThread "File watcher consumer" daemon [_thread_blocked, id=19848, stack(0x000000916ba00000,0x000000916bb00000)]
  0x000001adfd077580 JavaThread "Cache worker for checksums cache (C:\Users\karth\CascadeProjects\MobileAppAndroid\android\.gradle\8.0.1\checksums)" [_thread_blocked, id=31080, stack(0x000000916bb00000,0x000000916bc00000)]
  0x000001adfd0784b0 JavaThread "Cache worker for cache directory md-rule (C:\Users\karth\.gradle\caches\8.0.1\md-rule)" [_thread_blocked, id=67300, stack(0x000000916bc00000,0x000000916bd00000)]
  0x000001adfd0798f0 JavaThread "Cache worker for file content cache (C:\Users\karth\.gradle\caches\8.0.1\fileContent)" [_thread_blocked, id=27060, stack(0x000000916bd00000,0x000000916be00000)]
  0x000001adfd079e00 JavaThread "Cache worker for file hash cache (C:\Users\karth\CascadeProjects\MobileAppAndroid\android\.gradle\8.0.1\fileHashes)" [_thread_blocked, id=63764, stack(0x000000916c200000,0x000000916c300000)]
  0x000001adfd07a820 JavaThread "Cache worker for cache directory md-supplier (C:\Users\karth\.gradle\caches\8.0.1\md-supplier)" [_thread_blocked, id=64920, stack(0x000000916c300000,0x000000916c400000)]
  0x000001adfd077a90 JavaThread "Cache worker for execution history cache (C:\Users\karth\.gradle\caches\8.0.1\executionHistory)" [_thread_blocked, id=56736, stack(0x000000916c400000,0x000000916c500000)]
  0x000001adfd07b750 JavaThread "jar transforms" [_thread_blocked, id=26848, stack(0x000000916c500000,0x000000916c600000)]
  0x000001adfd07c170 JavaThread "jar transforms Thread 2" [_thread_blocked, id=64460, stack(0x000000916c600000,0x000000916c700000)]
  0x000001adfd07b240 JavaThread "jar transforms Thread 3" [_thread_blocked, id=15324, stack(0x000000916c700000,0x000000916c800000)]
  0x000001adfd07c680 JavaThread "jar transforms Thread 4" [_thread_blocked, id=19328, stack(0x000000916ad00000,0x000000916ae00000)]
  0x000001adfd07ad30 JavaThread "Cache worker for kotlin-dsl (C:\Users\karth\.gradle\caches\8.0.1\kotlin-dsl)" [_thread_blocked, id=46924, stack(0x000000916b700000,0x000000916b800000)]
  0x000001adfd07cb90 JavaThread "jar transforms Thread 5" [_thread_blocked, id=47660, stack(0x000000916c800000,0x000000916c900000)]
  0x000001adfd07d5b0 JavaThread "jar transforms Thread 6" [_thread_blocked, id=38264, stack(0x000000916c900000,0x000000916ca00000)]
  0x000001adfd07dac0 JavaThread "Cache worker for dependencies-accessors (C:\Users\karth\CascadeProjects\MobileAppAndroid\android\.gradle\8.0.1\dependencies-accessors)" [_thread_blocked, id=7008, stack(0x000000916ca00000,0x000000916cb00000)]
  0x000001adfd07a310 JavaThread "Cache worker for Build Output Cleanup Cache (C:\Users\karth\CascadeProjects\MobileAppAndroid\node_modules\@react-native\gradle-plugin\.gradle\buildOutputCleanup)" [_thread_blocked, id=36912, stack(0x000000916bf00000,0x000000916c000000)]
  0x000001adfd07dfd0 JavaThread "jar transforms Thread 7" [_thread_blocked, id=16680, stack(0x000000916cb00000,0x000000916cc00000)]
  0x000001adfd07e4e0 JavaThread "Unconstrained build operations" [_thread_blocked, id=63416, stack(0x000000916cd00000,0x000000916ce00000)]
  0x000001adfd07e9f0 JavaThread "Unconstrained build operations Thread 2" [_thread_blocked, id=62756, stack(0x000000916ce00000,0x000000916cf00000)]
  0x000001adfcc019b0 JavaThread "Unconstrained build operations Thread 3" [_thread_blocked, id=53016, stack(0x000000916cf00000,0x000000916d000000)]
  0x000001adfe74fae0 JavaThread "Unconstrained build operations Thread 4" [_thread_blocked, id=47864, stack(0x000000916d000000,0x000000916d100000)]
  0x000001adfe74f5d0 JavaThread "Unconstrained build operations Thread 5" [_thread_blocked, id=31836, stack(0x000000916d100000,0x000000916d200000)]
  0x000001adfe750a10 JavaThread "Unconstrained build operations Thread 6" [_thread_blocked, id=28588, stack(0x000000916d200000,0x000000916d300000)]
  0x000001adfe750f20 JavaThread "Unconstrained build operations Thread 7" [_thread_blocked, id=49776, stack(0x000000916d300000,0x000000916d400000)]
  0x000001adfe750500 JavaThread "Unconstrained build operations Thread 8" [_thread_blocked, id=32576, stack(0x000000916d400000,0x000000916d500000)]
  0x000001adfe74ebb0 JavaThread "Unconstrained build operations Thread 9" [_thread_blocked, id=28220, stack(0x000000916d500000,0x000000916d600000)]
  0x000001adfe751430 JavaThread "Unconstrained build operations Thread 10" [_thread_blocked, id=56596, stack(0x000000916d600000,0x000000916d700000)]
  0x000001adfe751940 JavaThread "Unconstrained build operations Thread 11" [_thread_blocked, id=49000, stack(0x000000916d700000,0x000000916d800000)]
  0x000001adfe751e50 JavaThread "Unconstrained build operations Thread 12" [_thread_blocked, id=17448, stack(0x000000916d800000,0x000000916d900000)]
  0x000001adfe752360 JavaThread "Unconstrained build operations Thread 13" [_thread_blocked, id=11896, stack(0x000000916d900000,0x000000916da00000)]
  0x000001adfe752870 JavaThread "Unconstrained build operations Thread 14" [_thread_blocked, id=11692, stack(0x000000916da00000,0x000000916db00000)]
  0x000001adfe74f0c0 JavaThread "Unconstrained build operations Thread 15" [_thread_blocked, id=56244, stack(0x000000916db00000,0x000000916dc00000)]
  0x000001adfe752d80 JavaThread "Unconstrained build operations Thread 16" [_thread_blocked, id=3236, stack(0x000000916dc00000,0x000000916dd00000)]
  0x000001adfe753290 JavaThread "Unconstrained build operations Thread 17" [_thread_blocked, id=46564, stack(0x000000916dd00000,0x000000916de00000)]
  0x000001adfe7537a0 JavaThread "Unconstrained build operations Thread 18" [_thread_blocked, id=22072, stack(0x000000916de00000,0x000000916df00000)]
  0x000001adfe74fff0 JavaThread "Unconstrained build operations Thread 19" [_thread_blocked, id=13960, stack(0x000000916df00000,0x000000916e000000)]
  0x000001adfe753cb0 JavaThread "Unconstrained build operations Thread 20" [_thread_blocked, id=52896, stack(0x000000916e000000,0x000000916e100000)]
  0x000001adfe7541c0 JavaThread "Unconstrained build operations Thread 21" [_thread_blocked, id=51932, stack(0x000000916e100000,0x000000916e200000)]
  0x000001adfe7546d0 JavaThread "Unconstrained build operations Thread 22" [_thread_blocked, id=49816, stack(0x000000916e200000,0x000000916e300000)]
  0x000001adfe756020 JavaThread "Unconstrained build operations Thread 23" [_thread_blocked, id=48652, stack(0x000000916e300000,0x000000916e400000)]
  0x000001adfe755b10 JavaThread "Unconstrained build operations Thread 24" [_thread_blocked, id=26152, stack(0x000000916e400000,0x000000916e500000)]
  0x000001adfe754be0 JavaThread "Unconstrained build operations Thread 25" [_thread_blocked, id=53708, stack(0x000000916e500000,0x000000916e600000)]
  0x000001adfe756530 JavaThread "Unconstrained build operations Thread 26" [_thread_blocked, id=40856, stack(0x000000916e600000,0x000000916e700000)]
  0x000001adfe7550f0 JavaThread "jar transforms Thread 8" [_thread_blocked, id=64836, stack(0x000000916cc00000,0x000000916cd00000)]
  0x000001adfe755600 JavaThread "jar transforms Thread 9" [_thread_blocked, id=64936, stack(0x000000916e700000,0x000000916e800000)]
  0x000001ad9f8d2750 JavaThread "jar transforms Thread 10" [_thread_blocked, id=39124, stack(0x000000916e800000,0x000000916e900000)]
  0x000001ad9f8d59f0 JavaThread "jar transforms Thread 11" [_thread_blocked, id=11552, stack(0x000000916e900000,0x000000916ea00000)]
  0x000001ad9f8d3b90 JavaThread "jar transforms Thread 12" [_thread_blocked, id=42924, stack(0x000000916ea00000,0x000000916eb00000)]
  0x000001ad9f8d45b0 JavaThread "jar transforms Thread 13" [_thread_blocked, id=30116, stack(0x000000916eb00000,0x000000916ec00000)]
  0x000001ad9f8d3680 JavaThread "jar transforms Thread 14" [_thread_blocked, id=66472, stack(0x000000916ec00000,0x000000916ed00000)]
  0x000001ad9f8d3170 JavaThread "jar transforms Thread 15" [_thread_blocked, id=61340, stack(0x000000916ed00000,0x000000916ee00000)]
  0x000001ad9f8d2c60 JavaThread "jar transforms Thread 16" [_thread_blocked, id=1256, stack(0x000000916ee00000,0x000000916ef00000)]
  0x000001ad9f8d6920 JavaThread "Memory manager" [_thread_blocked, id=15032, stack(0x000000916f100000,0x000000916f200000)]
  0x000001ad9f8d7340 JavaThread "Cache worker for Build Output Cleanup Cache (C:\Users\karth\CascadeProjects\MobileAppAndroid\android\.gradle\buildOutputCleanup)" [_thread_blocked, id=12864, stack(0x000000916f000000,0x000000916f100000)]

Other Threads:
=>0x000001adfbc38010 VMThread "VM Thread" [stack: 0x0000009169500000,0x0000009169600000] [id=66636]
  0x000001adfc151700 WatcherThread [stack: 0x000000916a100000,0x000000916a200000] [id=67568]
  0x000001addb00cb00 GCTaskThread "GC Thread#0" [stack: 0x0000009169000000,0x0000009169100000] [id=50680]
  0x000001adfd428020 GCTaskThread "GC Thread#1" [stack: 0x000000916a200000,0x000000916a300000] [id=19552]
  0x000001adfd4282e0 GCTaskThread "GC Thread#2" [stack: 0x000000916a300000,0x000000916a400000] [id=56376]
  0x000001adfd4285a0 GCTaskThread "GC Thread#3" [stack: 0x000000916a400000,0x000000916a500000] [id=55208]
  0x000001adfd428860 GCTaskThread "GC Thread#4" [stack: 0x000000916a500000,0x000000916a600000] [id=54468]
  0x000001adfcc51860 GCTaskThread "GC Thread#5" [stack: 0x000000916a600000,0x000000916a700000] [id=57436]
  0x000001adfd5242b0 GCTaskThread "GC Thread#6" [stack: 0x0000009168c00000,0x0000009168d00000] [id=61528]
  0x000001adfd14a330 GCTaskThread "GC Thread#7" [stack: 0x000000916af00000,0x000000916b000000] [id=45564]
  0x000001adfd14a5f0 GCTaskThread "GC Thread#8" [stack: 0x000000916b000000,0x000000916b100000] [id=54024]
  0x000001adfd14a070 GCTaskThread "GC Thread#9" [stack: 0x000000916b100000,0x000000916b200000] [id=49592]
  0x000001adfd14ae30 GCTaskThread "GC Thread#10" [stack: 0x000000916b200000,0x000000916b300000] [id=49800]
  0x000001adfd14a8b0 GCTaskThread "GC Thread#11" [stack: 0x000000916b300000,0x000000916b400000] [id=58648]
  0x000001adfd14ab70 GCTaskThread "GC Thread#12" [stack: 0x000000916b400000,0x000000916b500000] [id=20588]
  0x000001addb01d860 ConcurrentGCThread "G1 Main Marker" [stack: 0x0000009169100000,0x0000009169200000] [id=65892]
  0x000001addb01e190 ConcurrentGCThread "G1 Conc#0" [stack: 0x0000009169200000,0x0000009169300000] [id=65844]
  0x000001adfe2b9110 ConcurrentGCThread "G1 Conc#1" [stack: 0x000000916c000000,0x000000916c100000] [id=65480]
  0x000001adfe2b7b10 ConcurrentGCThread "G1 Conc#2" [stack: 0x000000916c100000,0x000000916c200000] [id=65216]
  0x000001addb04ece0 ConcurrentGCThread "G1 Refine#0" [stack: 0x0000009169300000,0x0000009169400000] [id=65900]
  0x000001adfbb1c380 ConcurrentGCThread "G1 Service" [stack: 0x0000009169400000,0x0000009169500000] [id=66176]

Threads with active compile tasks:
C1 CompilerThread0  8680244 8762   !   3       org.gradle.launcher.daemon.server.Daemon$DaemonExpirationPeriodicCheck::run (116 bytes)

VM state: at safepoint (normal execution)

VM Mutex/Monitor currently owned by a thread:  ([mutex/lock_event])
[0x000001addad4f460] Threads_lock - owner thread: 0x000001adfbc38010
[0x000001addadfb780] Heap_lock - owner thread: 0x000001adfce2c240

Heap address: 0x0000000080000000, size: 2048 MB, Compressed Oops mode: 32-bit

CDS archive(s) mapped at: [0x000001ad80000000-0x000001ad80bb0000-0x000001ad80bb0000), size 12255232, SharedBaseAddress: 0x000001ad80000000, ArchiveRelocationMode: 1.
Compressed class space mapped at: 0x000001ad81000000-0x000001ad9b000000, reserved size: 436207616
Narrow klass base: 0x000001ad80000000, Narrow klass shift: 0, Narrow klass range: 0x100000000

GC Precious Log:
 CPUs: 16 total, 16 available
 Memory: 16088M
 Large Page Support: Disabled
 NUMA Support: Disabled
 Compressed Oops: Enabled (32-bit)
 Heap Region Size: 1M
 Heap Min Capacity: 8M
 Heap Initial Capacity: 252M
 Heap Max Capacity: 2G
 Pre-touch: Disabled
 Parallel Workers: 13
 Concurrent Workers: 3
 Concurrent Refinement Workers: 13
 Periodic GC: Disabled

Heap:
 garbage-first heap   total 226304K, used 55212K [0x0000000080000000, 0x0000000100000000)
  region size 1024K, 2 young (2048K), 2 survivors (2048K)
 Metaspace       used 58756K, committed 59328K, reserved 491520K
  class space    used 8105K, committed 8384K, reserved 425984K

Heap Regions: E=young(eden), S=young(survivor), O=old, HS=humongous(starts), HC=humongous(continues), CS=collection set, F=free, OA=open archive, CA=closed archive, TAMS=top-at-mark-start (previous, next)
|   0|0x0000000080000000, 0x0000000080100000, 0x0000000080100000|100%|HS|  |TAMS 0x0000000080100000, 0x0000000080100000| Complete 
|   1|0x0000000080100000, 0x0000000080200000, 0x0000000080200000|100%|HC|  |TAMS 0x0000000080200000, 0x0000000080200000| Complete 
|   2|0x0000000080200000, 0x0000000080300000, 0x0000000080300000|100%|HC|  |TAMS 0x0000000080300000, 0x0000000080300000| Complete 
|   3|0x0000000080300000, 0x0000000080400000, 0x0000000080400000|100%|HC|  |TAMS 0x0000000080400000, 0x0000000080400000| Complete 
|   4|0x0000000080400000, 0x0000000080500000, 0x0000000080500000|100%| O|  |TAMS 0x0000000080500000, 0x0000000080500000| Untracked 
|   5|0x0000000080500000, 0x0000000080600000, 0x0000000080600000|100%| O|  |TAMS 0x0000000080600000, 0x0000000080600000| Untracked 
|   6|0x0000000080600000, 0x0000000080700000, 0x0000000080700000|100%| O|  |TAMS 0x0000000080700000, 0x0000000080700000| Untracked 
|   7|0x0000000080700000, 0x0000000080800000, 0x0000000080800000|100%| O|  |TAMS 0x0000000080800000, 0x0000000080800000| Untracked 
|   8|0x0000000080800000, 0x0000000080900000, 0x0000000080900000|100%| O|  |TAMS 0x0000000080900000, 0x0000000080900000| Untracked 
|   9|0x0000000080900000, 0x0000000080a00000, 0x0000000080a00000|100%| O|  |TAMS 0x0000000080a00000, 0x0000000080a00000| Untracked 
|  10|0x0000000080a00000, 0x0000000080b00000, 0x0000000080b00000|100%| O|  |TAMS 0x0000000080b00000, 0x0000000080b00000| Untracked 
|  11|0x0000000080b00000, 0x0000000080c00000, 0x0000000080c00000|100%| O|  |TAMS 0x0000000080c00000, 0x0000000080c00000| Untracked 
|  12|0x0000000080c00000, 0x0000000080d00000, 0x0000000080d00000|100%| O|  |TAMS 0x0000000080d00000, 0x0000000080d00000| Untracked 
|  13|0x0000000080d00000, 0x0000000080e00000, 0x0000000080e00000|100%| O|  |TAMS 0x0000000080e00000, 0x0000000080e00000| Untracked 
|  14|0x0000000080e00000, 0x0000000080ee0400, 0x0000000080f00000| 87%| O|  |TAMS 0x0000000080e00000, 0x0000000080ee0400| Untracked 
|  15|0x0000000080f00000, 0x0000000081000000, 0x0000000081000000|100%| O|  |TAMS 0x0000000081000000, 0x0000000081000000| Untracked 
|  16|0x0000000081000000, 0x0000000081100000, 0x0000000081100000|100%| O|  |TAMS 0x0000000081100000, 0x0000000081100000| Untracked 
|  17|0x0000000081100000, 0x0000000081200000, 0x0000000081200000|100%| O|  |TAMS 0x0000000081200000, 0x0000000081200000| Untracked 
|  18|0x0000000081200000, 0x0000000081300000, 0x0000000081300000|100%| O|  |TAMS 0x0000000081300000, 0x0000000081300000| Untracked 
|  19|0x0000000081300000, 0x0000000081400000, 0x0000000081400000|100%| O|  |TAMS 0x0000000081400000, 0x0000000081400000| Untracked 
|  20|0x0000000081400000, 0x0000000081500000, 0x0000000081500000|100%| O|  |TAMS 0x00000000814aca08, 0x0000000081500000| Untracked 
|  21|0x0000000081500000, 0x0000000081600000, 0x0000000081600000|100%| O|  |TAMS 0x0000000081600000, 0x0000000081600000| Untracked 
|  22|0x0000000081600000, 0x0000000081700000, 0x0000000081700000|100%| O|  |TAMS 0x0000000081700000, 0x0000000081700000| Untracked 
|  23|0x0000000081700000, 0x0000000081800000, 0x0000000081800000|100%| O|  |TAMS 0x0000000081800000, 0x0000000081800000| Untracked 
|  24|0x0000000081800000, 0x0000000081900000, 0x0000000081900000|100%| O|  |TAMS 0x0000000081900000, 0x0000000081900000| Untracked 
|  25|0x0000000081900000, 0x0000000081a00000, 0x0000000081a00000|100%| O|  |TAMS 0x0000000081a00000, 0x0000000081a00000| Untracked 
|  26|0x0000000081a00000, 0x0000000081b00000, 0x0000000081b00000|100%| O|  |TAMS 0x0000000081b00000, 0x0000000081b00000| Untracked 
|  27|0x0000000081b00000, 0x0000000081c00000, 0x0000000081c00000|100%| O|  |TAMS 0x0000000081c00000, 0x0000000081c00000| Untracked 
|  28|0x0000000081c00000, 0x0000000081d00000, 0x0000000081d00000|100%| O|  |TAMS 0x0000000081d00000, 0x0000000081d00000| Untracked 
|  29|0x0000000081d00000, 0x0000000081e00000, 0x0000000081e00000|100%| O|  |TAMS 0x0000000081e00000, 0x0000000081e00000| Untracked 
|  30|0x0000000081e00000, 0x0000000081f00000, 0x0000000081f00000|100%|HS|  |TAMS 0x0000000081f00000, 0x0000000081f00000| Complete 
|  31|0x0000000081f00000, 0x0000000082000000, 0x0000000082000000|100%|HC|  |TAMS 0x0000000082000000, 0x0000000082000000| Complete 
|  32|0x0000000082000000, 0x0000000082100000, 0x0000000082100000|100%| O|  |TAMS 0x0000000082100000, 0x0000000082100000| Untracked 
|  33|0x0000000082100000, 0x0000000082200000, 0x0000000082200000|100%|HS|  |TAMS 0x0000000082200000, 0x0000000082200000| Complete 
|  34|0x0000000082200000, 0x0000000082300000, 0x0000000082300000|100%|HC|  |TAMS 0x0000000082300000, 0x0000000082300000| Complete 
|  35|0x0000000082300000, 0x0000000082400000, 0x0000000082400000|100%|HC|  |TAMS 0x0000000082400000, 0x0000000082400000| Complete 
|  36|0x0000000082400000, 0x0000000082500000, 0x0000000082500000|100%|HC|  |TAMS 0x0000000082500000, 0x0000000082500000| Complete 
|  37|0x0000000082500000, 0x0000000082600000, 0x0000000082600000|100%| O|  |TAMS 0x0000000082600000, 0x0000000082600000| Untracked 
|  38|0x0000000082600000, 0x0000000082700000, 0x0000000082700000|100%| O|  |TAMS 0x0000000082700000, 0x0000000082700000| Untracked 
|  39|0x0000000082700000, 0x0000000082800000, 0x0000000082800000|100%| O|  |TAMS 0x0000000082800000, 0x0000000082800000| Untracked 
|  40|0x0000000082800000, 0x0000000082900000, 0x0000000082900000|100%| O|  |TAMS 0x0000000082900000, 0x0000000082900000| Untracked 
|  41|0x0000000082900000, 0x0000000082a00000, 0x0000000082a00000|100%| O|  |TAMS 0x0000000082a00000, 0x0000000082a00000| Untracked 
|  42|0x0000000082a00000, 0x0000000082a00000, 0x0000000082b00000|  0%| F|  |TAMS 0x0000000082a00000, 0x0000000082a00000| Untracked 
|  43|0x0000000082b00000, 0x0000000082c00000, 0x0000000082c00000|100%| O|  |TAMS 0x0000000082c00000, 0x0000000082c00000| Untracked 
|  44|0x0000000082c00000, 0x0000000082d00000, 0x0000000082d00000|100%| O|  |TAMS 0x0000000082d00000, 0x0000000082d00000| Untracked 
|  45|0x0000000082d00000, 0x0000000082e00000, 0x0000000082e00000|100%| O|  |TAMS 0x0000000082e00000, 0x0000000082e00000| Untracked 
|  46|0x0000000082e00000, 0x0000000082f00000, 0x0000000082f00000|100%| O|  |TAMS 0x0000000082f00000, 0x0000000082f00000| Untracked 
|  47|0x0000000082f00000, 0x0000000083000000, 0x0000000083000000|100%| O|  |TAMS 0x0000000083000000, 0x0000000083000000| Untracked 
|  48|0x0000000083000000, 0x0000000083100000, 0x0000000083100000|100%| O|  |TAMS 0x0000000083100000, 0x0000000083100000| Untracked 
|  49|0x0000000083100000, 0x0000000083200000, 0x0000000083200000|100%| O|  |TAMS 0x0000000083200000, 0x0000000083200000| Untracked 
|  50|0x0000000083200000, 0x0000000083300000, 0x0000000083300000|100%| O|  |TAMS 0x0000000083300000, 0x0000000083300000| Untracked 
|  51|0x0000000083300000, 0x0000000083400000, 0x0000000083400000|100%| O|  |TAMS 0x0000000083400000, 0x0000000083400000| Untracked 
|  52|0x0000000083400000, 0x0000000083500000, 0x0000000083500000|100%| O|  |TAMS 0x0000000083500000, 0x0000000083500000| Untracked 
|  53|0x0000000083500000, 0x0000000083600000, 0x0000000083600000|100%| O|  |TAMS 0x0000000083600000, 0x0000000083600000| Untracked 
|  54|0x0000000083600000, 0x0000000083600000, 0x0000000083700000|  0%| F|  |TAMS 0x0000000083600000, 0x0000000083600000| Untracked 
|  55|0x0000000083700000, 0x0000000083700000, 0x0000000083800000|  0%| F|  |TAMS 0x0000000083700000, 0x0000000083700000| Untracked 
|  56|0x0000000083800000, 0x0000000083800000, 0x0000000083900000|  0%| F|  |TAMS 0x0000000083800000, 0x0000000083800000| Untracked 
|  57|0x0000000083900000, 0x0000000083900000, 0x0000000083a00000|  0%| F|  |TAMS 0x0000000083900000, 0x0000000083900000| Untracked 
|  58|0x0000000083a00000, 0x0000000083a00000, 0x0000000083b00000|  0%| F|  |TAMS 0x0000000083a00000, 0x0000000083a00000| Untracked 
|  59|0x0000000083b00000, 0x0000000083b00000, 0x0000000083c00000|  0%| F|  |TAMS 0x0000000083b00000, 0x0000000083b00000| Untracked 
|  60|0x0000000083c00000, 0x0000000083c00000, 0x0000000083d00000|  0%| F|  |TAMS 0x0000000083c00000, 0x0000000083c00000| Untracked 
|  61|0x0000000083d00000, 0x0000000083d00000, 0x0000000083e00000|  0%| F|  |TAMS 0x0000000083d00000, 0x0000000083d00000| Untracked 
|  62|0x0000000083e00000, 0x0000000083e00000, 0x0000000083f00000|  0%| F|  |TAMS 0x0000000083e00000, 0x0000000083e00000| Untracked 
|  63|0x0000000083f00000, 0x0000000083f00000, 0x0000000084000000|  0%| F|  |TAMS 0x0000000083f00000, 0x0000000083f00000| Untracked 
|  64|0x0000000084000000, 0x0000000084000000, 0x0000000084100000|  0%| F|  |TAMS 0x0000000084000000, 0x0000000084000000| Untracked 
|  65|0x0000000084100000, 0x0000000084100000, 0x0000000084200000|  0%| F|  |TAMS 0x0000000084100000, 0x0000000084100000| Untracked 
|  66|0x0000000084200000, 0x0000000084200000, 0x0000000084300000|  0%| F|  |TAMS 0x0000000084200000, 0x0000000084200000| Untracked 
|  67|0x0000000084300000, 0x0000000084300000, 0x0000000084400000|  0%| F|  |TAMS 0x0000000084300000, 0x0000000084300000| Untracked 
|  68|0x0000000084400000, 0x0000000084400000, 0x0000000084500000|  0%| F|  |TAMS 0x0000000084400000, 0x0000000084400000| Untracked 
|  69|0x0000000084500000, 0x0000000084500000, 0x0000000084600000|  0%| F|  |TAMS 0x0000000084500000, 0x0000000084500000| Untracked 
|  70|0x0000000084600000, 0x0000000084600000, 0x0000000084700000|  0%| F|  |TAMS 0x0000000084600000, 0x0000000084600000| Untracked 
|  71|0x0000000084700000, 0x0000000084700000, 0x0000000084800000|  0%| F|  |TAMS 0x0000000084700000, 0x0000000084700000| Untracked 
|  72|0x0000000084800000, 0x0000000084800000, 0x0000000084900000|  0%| F|  |TAMS 0x0000000084800000, 0x0000000084800000| Untracked 
|  73|0x0000000084900000, 0x0000000084900000, 0x0000000084a00000|  0%| F|  |TAMS 0x0000000084900000, 0x0000000084900000| Untracked 
|  74|0x0000000084a00000, 0x0000000084a00000, 0x0000000084b00000|  0%| F|  |TAMS 0x0000000084a00000, 0x0000000084a00000| Untracked 
|  75|0x0000000084b00000, 0x0000000084b00000, 0x0000000084c00000|  0%| F|  |TAMS 0x0000000084b00000, 0x0000000084b00000| Untracked 
|  76|0x0000000084c00000, 0x0000000084c00000, 0x0000000084d00000|  0%| F|  |TAMS 0x0000000084c00000, 0x0000000084c00000| Untracked 
|  77|0x0000000084d00000, 0x0000000084d00000, 0x0000000084e00000|  0%| F|  |TAMS 0x0000000084d00000, 0x0000000084d00000| Untracked 
|  78|0x0000000084e00000, 0x0000000084e00000, 0x0000000084f00000|  0%| F|  |TAMS 0x0000000084e00000, 0x0000000084e00000| Untracked 
|  79|0x0000000084f00000, 0x0000000084f00000, 0x0000000085000000|  0%| F|  |TAMS 0x0000000084f00000, 0x0000000084f00000| Untracked 
|  80|0x0000000085000000, 0x0000000085000000, 0x0000000085100000|  0%| F|  |TAMS 0x0000000085000000, 0x0000000085000000| Untracked 
|  81|0x0000000085100000, 0x0000000085100000, 0x0000000085200000|  0%| F|  |TAMS 0x0000000085100000, 0x0000000085100000| Untracked 
|  82|0x0000000085200000, 0x0000000085200000, 0x0000000085300000|  0%| F|  |TAMS 0x0000000085200000, 0x0000000085200000| Untracked 
|  83|0x0000000085300000, 0x0000000085300000, 0x0000000085400000|  0%| F|  |TAMS 0x0000000085300000, 0x0000000085300000| Untracked 
|  84|0x0000000085400000, 0x0000000085400000, 0x0000000085500000|  0%| F|  |TAMS 0x0000000085400000, 0x0000000085400000| Untracked 
|  85|0x0000000085500000, 0x0000000085500000, 0x0000000085600000|  0%| F|  |TAMS 0x0000000085500000, 0x0000000085500000| Untracked 
|  86|0x0000000085600000, 0x0000000085600000, 0x0000000085700000|  0%| F|  |TAMS 0x0000000085600000, 0x0000000085600000| Untracked 
|  87|0x0000000085700000, 0x0000000085700000, 0x0000000085800000|  0%| F|  |TAMS 0x0000000085700000, 0x0000000085700000| Untracked 
|  88|0x0000000085800000, 0x0000000085800000, 0x0000000085900000|  0%| F|  |TAMS 0x0000000085800000, 0x0000000085800000| Untracked 
|  89|0x0000000085900000, 0x0000000085900000, 0x0000000085a00000|  0%| F|  |TAMS 0x0000000085900000, 0x0000000085900000| Untracked 
|  90|0x0000000085a00000, 0x0000000085a00000, 0x0000000085b00000|  0%| F|  |TAMS 0x0000000085a00000, 0x0000000085a00000| Untracked 
|  91|0x0000000085b00000, 0x0000000085b00000, 0x0000000085c00000|  0%| F|  |TAMS 0x0000000085b00000, 0x0000000085b00000| Untracked 
|  92|0x0000000085c00000, 0x0000000085c00000, 0x0000000085d00000|  0%| F|  |TAMS 0x0000000085c00000, 0x0000000085c00000| Untracked 
|  93|0x0000000085d00000, 0x0000000085d00000, 0x0000000085e00000|  0%| F|  |TAMS 0x0000000085d00000, 0x0000000085d00000| Untracked 
|  94|0x0000000085e00000, 0x0000000085e00000, 0x0000000085f00000|  0%| F|  |TAMS 0x0000000085e00000, 0x0000000085e00000| Untracked 
|  95|0x0000000085f00000, 0x0000000085f00000, 0x0000000086000000|  0%| F|  |TAMS 0x0000000085f00000, 0x0000000085f00000| Untracked 
|  96|0x0000000086000000, 0x0000000086000000, 0x0000000086100000|  0%| F|  |TAMS 0x0000000086000000, 0x0000000086000000| Untracked 
|  97|0x0000000086100000, 0x0000000086100000, 0x0000000086200000|  0%| F|  |TAMS 0x0000000086100000, 0x0000000086100000| Untracked 
|  98|0x0000000086200000, 0x0000000086200000, 0x0000000086300000|  0%| F|  |TAMS 0x0000000086200000, 0x0000000086200000| Untracked 
|  99|0x0000000086300000, 0x0000000086300000, 0x0000000086400000|  0%| F|  |TAMS 0x0000000086300000, 0x0000000086300000| Untracked 
| 100|0x0000000086400000, 0x0000000086400000, 0x0000000086500000|  0%| F|  |TAMS 0x0000000086400000, 0x0000000086400000| Untracked 
| 101|0x0000000086500000, 0x0000000086500000, 0x0000000086600000|  0%| F|  |TAMS 0x0000000086500000, 0x0000000086500000| Untracked 
| 102|0x0000000086600000, 0x0000000086600000, 0x0000000086700000|  0%| F|  |TAMS 0x0000000086600000, 0x0000000086600000| Untracked 
| 103|0x0000000086700000, 0x0000000086700000, 0x0000000086800000|  0%| F|  |TAMS 0x0000000086700000, 0x0000000086700000| Untracked 
| 104|0x0000000086800000, 0x0000000086800000, 0x0000000086900000|  0%| F|  |TAMS 0x0000000086800000, 0x0000000086800000| Untracked 
| 105|0x0000000086900000, 0x0000000086900000, 0x0000000086a00000|  0%| F|  |TAMS 0x0000000086900000, 0x0000000086900000| Untracked 
| 106|0x0000000086a00000, 0x0000000086a00000, 0x0000000086b00000|  0%| F|  |TAMS 0x0000000086a00000, 0x0000000086a00000| Untracked 
| 107|0x0000000086b00000, 0x0000000086b00000, 0x0000000086c00000|  0%| F|  |TAMS 0x0000000086b00000, 0x0000000086b00000| Untracked 
| 108|0x0000000086c00000, 0x0000000086c00000, 0x0000000086d00000|  0%| F|  |TAMS 0x0000000086c00000, 0x0000000086c00000| Untracked 
| 109|0x0000000086d00000, 0x0000000086d00000, 0x0000000086e00000|  0%| F|  |TAMS 0x0000000086d00000, 0x0000000086d00000| Untracked 
| 110|0x0000000086e00000, 0x0000000086e00000, 0x0000000086f00000|  0%| F|  |TAMS 0x0000000086e00000, 0x0000000086e00000| Untracked 
| 111|0x0000000086f00000, 0x0000000086f00000, 0x0000000087000000|  0%| F|  |TAMS 0x0000000086f00000, 0x0000000086f00000| Untracked 
| 112|0x0000000087000000, 0x0000000087000000, 0x0000000087100000|  0%| F|  |TAMS 0x0000000087000000, 0x0000000087000000| Untracked 
| 113|0x0000000087100000, 0x0000000087100000, 0x0000000087200000|  0%| F|  |TAMS 0x0000000087100000, 0x0000000087100000| Untracked 
| 114|0x0000000087200000, 0x0000000087200000, 0x0000000087300000|  0%| F|  |TAMS 0x0000000087200000, 0x0000000087200000| Untracked 
| 115|0x0000000087300000, 0x0000000087300000, 0x0000000087400000|  0%| F|  |TAMS 0x0000000087300000, 0x0000000087300000| Untracked 
| 116|0x0000000087400000, 0x0000000087400000, 0x0000000087500000|  0%| F|  |TAMS 0x0000000087400000, 0x0000000087400000| Untracked 
| 117|0x0000000087500000, 0x0000000087500000, 0x0000000087600000|  0%| F|  |TAMS 0x0000000087500000, 0x0000000087500000| Untracked 
| 118|0x0000000087600000, 0x0000000087600000, 0x0000000087700000|  0%| F|  |TAMS 0x0000000087600000, 0x0000000087600000| Untracked 
| 119|0x0000000087700000, 0x0000000087700000, 0x0000000087800000|  0%| F|  |TAMS 0x0000000087700000, 0x0000000087700000| Untracked 
| 120|0x0000000087800000, 0x0000000087800000, 0x0000000087900000|  0%| F|  |TAMS 0x0000000087800000, 0x0000000087800000| Untracked 
| 121|0x0000000087900000, 0x0000000087900000, 0x0000000087a00000|  0%| F|  |TAMS 0x0000000087900000, 0x0000000087900000| Untracked 
| 122|0x0000000087a00000, 0x0000000087a00000, 0x0000000087b00000|  0%| F|  |TAMS 0x0000000087a00000, 0x0000000087a00000| Untracked 
| 123|0x0000000087b00000, 0x0000000087b00000, 0x0000000087c00000|  0%| F|  |TAMS 0x0000000087b00000, 0x0000000087b00000| Untracked 
| 124|0x0000000087c00000, 0x0000000087c00000, 0x0000000087d00000|  0%| F|  |TAMS 0x0000000087c00000, 0x0000000087c00000| Untracked 
| 125|0x0000000087d00000, 0x0000000087d00000, 0x0000000087e00000|  0%| F|  |TAMS 0x0000000087d00000, 0x0000000087d00000| Untracked 
| 126|0x0000000087e00000, 0x0000000087e00000, 0x0000000087f00000|  0%| F|  |TAMS 0x0000000087e00000, 0x0000000087e00000| Untracked 
| 127|0x0000000087f00000, 0x0000000087f00000, 0x0000000088000000|  0%| F|  |TAMS 0x0000000087f00000, 0x0000000087f00000| Untracked 
| 128|0x0000000088000000, 0x0000000088000000, 0x0000000088100000|  0%| F|  |TAMS 0x0000000088000000, 0x0000000088000000| Untracked 
| 129|0x0000000088100000, 0x0000000088100000, 0x0000000088200000|  0%| F|  |TAMS 0x0000000088100000, 0x0000000088100000| Untracked 
| 130|0x0000000088200000, 0x0000000088200000, 0x0000000088300000|  0%| F|  |TAMS 0x0000000088200000, 0x0000000088200000| Untracked 
| 131|0x0000000088300000, 0x0000000088300000, 0x0000000088400000|  0%| F|  |TAMS 0x0000000088300000, 0x0000000088300000| Untracked 
| 132|0x0000000088400000, 0x0000000088400000, 0x0000000088500000|  0%| F|  |TAMS 0x0000000088400000, 0x0000000088400000| Untracked 
| 133|0x0000000088500000, 0x0000000088500000, 0x0000000088600000|  0%| F|  |TAMS 0x0000000088500000, 0x0000000088500000| Untracked 
| 134|0x0000000088600000, 0x0000000088600000, 0x0000000088700000|  0%| F|  |TAMS 0x0000000088600000, 0x0000000088600000| Untracked 
| 135|0x0000000088700000, 0x0000000088700000, 0x0000000088800000|  0%| F|  |TAMS 0x0000000088700000, 0x0000000088700000| Untracked 
| 136|0x0000000088800000, 0x0000000088800000, 0x0000000088900000|  0%| F|  |TAMS 0x0000000088800000, 0x0000000088800000| Untracked 
| 137|0x0000000088900000, 0x0000000088900000, 0x0000000088a00000|  0%| F|  |TAMS 0x0000000088900000, 0x0000000088900000| Untracked 
| 138|0x0000000088a00000, 0x0000000088a00000, 0x0000000088b00000|  0%| F|  |TAMS 0x0000000088a00000, 0x0000000088a00000| Untracked 
| 139|0x0000000088b00000, 0x0000000088b00000, 0x0000000088c00000|  0%| F|  |TAMS 0x0000000088b00000, 0x0000000088b00000| Untracked 
| 140|0x0000000088c00000, 0x0000000088c00000, 0x0000000088d00000|  0%| F|  |TAMS 0x0000000088c00000, 0x0000000088c00000| Untracked 
| 141|0x0000000088d00000, 0x0000000088d00000, 0x0000000088e00000|  0%| F|  |TAMS 0x0000000088d00000, 0x0000000088d00000| Untracked 
| 142|0x0000000088e00000, 0x0000000088e00000, 0x0000000088f00000|  0%| F|  |TAMS 0x0000000088e00000, 0x0000000088e00000| Untracked 
| 143|0x0000000088f00000, 0x0000000088f00000, 0x0000000089000000|  0%| F|  |TAMS 0x0000000088f00000, 0x0000000088f00000| Untracked 
| 144|0x0000000089000000, 0x0000000089000000, 0x0000000089100000|  0%| F|  |TAMS 0x0000000089000000, 0x0000000089000000| Untracked 
| 145|0x0000000089100000, 0x0000000089100000, 0x0000000089200000|  0%| F|  |TAMS 0x0000000089100000, 0x0000000089100000| Untracked 
| 146|0x0000000089200000, 0x0000000089200000, 0x0000000089300000|  0%| F|  |TAMS 0x0000000089200000, 0x0000000089200000| Untracked 
| 147|0x0000000089300000, 0x0000000089300000, 0x0000000089400000|  0%| F|  |TAMS 0x0000000089300000, 0x0000000089300000| Untracked 
| 148|0x0000000089400000, 0x0000000089400000, 0x0000000089500000|  0%| F|  |TAMS 0x0000000089400000, 0x0000000089400000| Untracked 
| 149|0x0000000089500000, 0x0000000089500000, 0x0000000089600000|  0%| F|  |TAMS 0x0000000089500000, 0x0000000089500000| Untracked 
| 150|0x0000000089600000, 0x0000000089600000, 0x0000000089700000|  0%| F|  |TAMS 0x0000000089600000, 0x0000000089600000| Untracked 
| 151|0x0000000089700000, 0x0000000089700000, 0x0000000089800000|  0%| F|  |TAMS 0x0000000089700000, 0x0000000089700000| Untracked 
| 152|0x0000000089800000, 0x0000000089800000, 0x0000000089900000|  0%| F|  |TAMS 0x0000000089800000, 0x0000000089800000| Untracked 
| 153|0x0000000089900000, 0x0000000089900000, 0x0000000089a00000|  0%| F|  |TAMS 0x0000000089900000, 0x0000000089900000| Untracked 
| 154|0x0000000089a00000, 0x0000000089a00000, 0x0000000089b00000|  0%| F|  |TAMS 0x0000000089a00000, 0x0000000089a00000| Untracked 
| 155|0x0000000089b00000, 0x0000000089b00000, 0x0000000089c00000|  0%| F|  |TAMS 0x0000000089b00000, 0x0000000089b00000| Untracked 
| 156|0x0000000089c00000, 0x0000000089c00000, 0x0000000089d00000|  0%| F|  |TAMS 0x0000000089c00000, 0x0000000089c00000| Untracked 
| 157|0x0000000089d00000, 0x0000000089d00000, 0x0000000089e00000|  0%| F|  |TAMS 0x0000000089d00000, 0x0000000089d00000| Untracked 
| 158|0x0000000089e00000, 0x0000000089e00000, 0x0000000089f00000|  0%| F|  |TAMS 0x0000000089e00000, 0x0000000089e00000| Untracked 
| 159|0x0000000089f00000, 0x0000000089f00000, 0x000000008a000000|  0%| F|  |TAMS 0x0000000089f00000, 0x0000000089f00000| Untracked 
| 160|0x000000008a000000, 0x000000008a000000, 0x000000008a100000|  0%| F|  |TAMS 0x000000008a000000, 0x000000008a000000| Untracked 
| 161|0x000000008a100000, 0x000000008a100000, 0x000000008a200000|  0%| F|  |TAMS 0x000000008a100000, 0x000000008a100000| Untracked 
| 162|0x000000008a200000, 0x000000008a200000, 0x000000008a300000|  0%| F|  |TAMS 0x000000008a200000, 0x000000008a200000| Untracked 
| 163|0x000000008a300000, 0x000000008a300000, 0x000000008a400000|  0%| F|  |TAMS 0x000000008a300000, 0x000000008a300000| Untracked 
| 164|0x000000008a400000, 0x000000008a400000, 0x000000008a500000|  0%| F|  |TAMS 0x000000008a400000, 0x000000008a400000| Untracked 
| 165|0x000000008a500000, 0x000000008a500000, 0x000000008a600000|  0%| F|  |TAMS 0x000000008a500000, 0x000000008a500000| Untracked 
| 166|0x000000008a600000, 0x000000008a600000, 0x000000008a700000|  0%| F|  |TAMS 0x000000008a600000, 0x000000008a600000| Untracked 
| 167|0x000000008a700000, 0x000000008a700000, 0x000000008a800000|  0%| F|  |TAMS 0x000000008a700000, 0x000000008a700000| Untracked 
| 168|0x000000008a800000, 0x000000008a800000, 0x000000008a900000|  0%| F|  |TAMS 0x000000008a800000, 0x000000008a800000| Untracked 
| 169|0x000000008a900000, 0x000000008a900000, 0x000000008aa00000|  0%| F|  |TAMS 0x000000008a900000, 0x000000008a900000| Untracked 
| 170|0x000000008aa00000, 0x000000008aa00000, 0x000000008ab00000|  0%| F|  |TAMS 0x000000008aa00000, 0x000000008aa00000| Untracked 
| 171|0x000000008ab00000, 0x000000008ab00000, 0x000000008ac00000|  0%| F|  |TAMS 0x000000008ab00000, 0x000000008ab00000| Untracked 
| 172|0x000000008ac00000, 0x000000008ac00000, 0x000000008ad00000|  0%| F|  |TAMS 0x000000008ac00000, 0x000000008ac00000| Untracked 
| 173|0x000000008ad00000, 0x000000008ad00000, 0x000000008ae00000|  0%| F|  |TAMS 0x000000008ad00000, 0x000000008ad00000| Untracked 
| 174|0x000000008ae00000, 0x000000008ae00000, 0x000000008af00000|  0%| F|  |TAMS 0x000000008ae00000, 0x000000008ae00000| Untracked 
| 175|0x000000008af00000, 0x000000008af00000, 0x000000008b000000|  0%| F|  |TAMS 0x000000008af00000, 0x000000008af00000| Untracked 
| 176|0x000000008b000000, 0x000000008b000000, 0x000000008b100000|  0%| F|  |TAMS 0x000000008b000000, 0x000000008b000000| Untracked 
| 177|0x000000008b100000, 0x000000008b100000, 0x000000008b200000|  0%| F|  |TAMS 0x000000008b100000, 0x000000008b100000| Untracked 
| 178|0x000000008b200000, 0x000000008b200000, 0x000000008b300000|  0%| F|  |TAMS 0x000000008b200000, 0x000000008b200000| Untracked 
| 179|0x000000008b300000, 0x000000008b300000, 0x000000008b400000|  0%| F|  |TAMS 0x000000008b300000, 0x000000008b300000| Untracked 
| 180|0x000000008b400000, 0x000000008b400000, 0x000000008b500000|  0%| F|  |TAMS 0x000000008b400000, 0x000000008b400000| Untracked 
| 181|0x000000008b500000, 0x000000008b500000, 0x000000008b600000|  0%| F|  |TAMS 0x000000008b500000, 0x000000008b500000| Untracked 
| 182|0x000000008b600000, 0x000000008b600000, 0x000000008b700000|  0%| F|  |TAMS 0x000000008b600000, 0x000000008b600000| Untracked 
| 183|0x000000008b700000, 0x000000008b700000, 0x000000008b800000|  0%| F|  |TAMS 0x000000008b700000, 0x000000008b700000| Untracked 
| 184|0x000000008b800000, 0x000000008b800000, 0x000000008b900000|  0%| F|  |TAMS 0x000000008b800000, 0x000000008b800000| Untracked 
| 185|0x000000008b900000, 0x000000008b90aec0, 0x000000008ba00000|  4%| S|CS|TAMS 0x000000008b900000, 0x000000008b900000| Complete 
| 186|0x000000008ba00000, 0x000000008ba00000, 0x000000008bb00000|  0%| F|  |TAMS 0x000000008ba00000, 0x000000008ba00000| Untracked 
| 187|0x000000008bb00000, 0x000000008bc00000, 0x000000008bc00000|100%| S|CS|TAMS 0x000000008bb00000, 0x000000008bb00000| Complete 
| 188|0x000000008bc00000, 0x000000008bc00000, 0x000000008bd00000|  0%| F|  |TAMS 0x000000008bc00000, 0x000000008bc00000| Untracked 
| 189|0x000000008bd00000, 0x000000008bd00000, 0x000000008be00000|  0%| F|  |TAMS 0x000000008bd00000, 0x000000008bd00000| Untracked 
| 190|0x000000008be00000, 0x000000008be00000, 0x000000008bf00000|  0%| F|  |TAMS 0x000000008be00000, 0x000000008be00000| Untracked 
| 191|0x000000008bf00000, 0x000000008bf00000, 0x000000008c000000|  0%| F|  |TAMS 0x000000008bf00000, 0x000000008bf00000| Untracked 
| 192|0x000000008c000000, 0x000000008c000000, 0x000000008c100000|  0%| F|  |TAMS 0x000000008c000000, 0x000000008c000000| Untracked 
| 193|0x000000008c100000, 0x000000008c100000, 0x000000008c200000|  0%| F|  |TAMS 0x000000008c100000, 0x000000008c100000| Untracked 
| 194|0x000000008c200000, 0x000000008c200000, 0x000000008c300000|  0%| F|  |TAMS 0x000000008c200000, 0x000000008c200000| Untracked 
| 195|0x000000008c300000, 0x000000008c300000, 0x000000008c400000|  0%| F|  |TAMS 0x000000008c300000, 0x000000008c300000| Untracked 
| 196|0x000000008c400000, 0x000000008c400000, 0x000000008c500000|  0%| F|  |TAMS 0x000000008c400000, 0x000000008c400000| Untracked 
| 197|0x000000008c500000, 0x000000008c500000, 0x000000008c600000|  0%| F|  |TAMS 0x000000008c500000, 0x000000008c500000| Untracked 
| 198|0x000000008c600000, 0x000000008c600000, 0x000000008c700000|  0%| F|  |TAMS 0x000000008c600000, 0x000000008c600000| Untracked 
| 199|0x000000008c700000, 0x000000008c700000, 0x000000008c800000|  0%| F|  |TAMS 0x000000008c700000, 0x000000008c700000| Untracked 
| 200|0x000000008c800000, 0x000000008c800000, 0x000000008c900000|  0%| F|  |TAMS 0x000000008c800000, 0x000000008c800000| Untracked 
| 201|0x000000008c900000, 0x000000008c900000, 0x000000008ca00000|  0%| F|  |TAMS 0x000000008c900000, 0x000000008c900000| Untracked 
| 202|0x000000008ca00000, 0x000000008ca00000, 0x000000008cb00000|  0%| F|  |TAMS 0x000000008ca00000, 0x000000008ca00000| Untracked 
| 203|0x000000008cb00000, 0x000000008cb00000, 0x000000008cc00000|  0%| F|  |TAMS 0x000000008cb00000, 0x000000008cb00000| Untracked 
| 204|0x000000008cc00000, 0x000000008cc00000, 0x000000008cd00000|  0%| F|  |TAMS 0x000000008cc00000, 0x000000008cc00000| Untracked 
| 205|0x000000008cd00000, 0x000000008cd00000, 0x000000008ce00000|  0%| F|  |TAMS 0x000000008cd00000, 0x000000008cd00000| Untracked 
| 206|0x000000008ce00000, 0x000000008ce00000, 0x000000008cf00000|  0%| F|  |TAMS 0x000000008ce00000, 0x000000008ce00000| Untracked 
| 207|0x000000008cf00000, 0x000000008cf00000, 0x000000008d000000|  0%| F|  |TAMS 0x000000008cf00000, 0x000000008cf00000| Untracked 
| 208|0x000000008d000000, 0x000000008d000000, 0x000000008d100000|  0%| F|  |TAMS 0x000000008d000000, 0x000000008d000000| Untracked 
| 209|0x000000008d100000, 0x000000008d100000, 0x000000008d200000|  0%| F|  |TAMS 0x000000008d100000, 0x000000008d100000| Untracked 
| 210|0x000000008d200000, 0x000000008d200000, 0x000000008d300000|  0%| F|  |TAMS 0x000000008d200000, 0x000000008d200000| Untracked 
| 211|0x000000008d300000, 0x000000008d300000, 0x000000008d400000|  0%| F|  |TAMS 0x000000008d300000, 0x000000008d300000| Untracked 
| 212|0x000000008d400000, 0x000000008d400000, 0x000000008d500000|  0%| F|  |TAMS 0x000000008d400000, 0x000000008d400000| Untracked 
| 213|0x000000008d500000, 0x000000008d500000, 0x000000008d600000|  0%| F|  |TAMS 0x000000008d500000, 0x000000008d500000| Untracked 
| 214|0x000000008d600000, 0x000000008d600000, 0x000000008d700000|  0%| F|  |TAMS 0x000000008d600000, 0x000000008d600000| Untracked 
| 215|0x000000008d700000, 0x000000008d700000, 0x000000008d800000|  0%| F|  |TAMS 0x000000008d700000, 0x000000008d700000| Untracked 
| 216|0x000000008d800000, 0x000000008d800000, 0x000000008d900000|  0%| F|  |TAMS 0x000000008d800000, 0x000000008d800000| Untracked 
| 217|0x000000008d900000, 0x000000008d900000, 0x000000008da00000|  0%| F|  |TAMS 0x000000008d900000, 0x000000008d900000| Untracked 
| 218|0x000000008da00000, 0x000000008da00000, 0x000000008db00000|  0%| F|  |TAMS 0x000000008da00000, 0x000000008da00000| Untracked 
| 219|0x000000008db00000, 0x000000008db00000, 0x000000008dc00000|  0%| F|  |TAMS 0x000000008db00000, 0x000000008db00000| Untracked 
| 251|0x000000008fb00000, 0x000000008fb00000, 0x000000008fc00000|  0%| F|  |TAMS 0x000000008fb00000, 0x000000008fb00000| Untracked 

Card table byte_map: [0x000001adf46d0000,0x000001adf4ad0000] _byte_map_base: 0x000001adf42d0000

Marking Bits (Prev, Next): (CMBitMap*) 0x000001addb00cf30, (CMBitMap*) 0x000001addb00cf70
 Prev Bits: [0x000001adf4ed0000, 0x000001adf6ed0000)
 Next Bits: [0x000001adf6ed0000, 0x000001adf8ed0000)

Polling page: 0x000001addacf0000

Metaspace:

Usage:
  Non-class:     49.46 MB used.
      Class:      7.92 MB used.
       Both:     57.38 MB used.

Virtual space:
  Non-class space:       64.00 MB reserved,      49.75 MB ( 78%) committed,  1 nodes.
      Class space:      416.00 MB reserved,       8.19 MB (  2%) committed,  1 nodes.
             Both:      480.00 MB reserved,      57.94 MB ( 12%) committed. 

Chunk freelists:
   Non-Class:  14.20 MB
       Class:  7.79 MB
        Both:  22.00 MB

MaxMetaspaceSize: 512.00 MB
CompressedClassSpaceSize: 416.00 MB
Initial GC threshold: 21.00 MB
Current GC threshold: 96.38 MB
CDS: on
MetaspaceReclaimPolicy: balanced
 - commit_granule_bytes: 65536.
 - commit_granule_words: 8192.
 - virtual_space_node_default_size: 8388608.
 - enlarge_chunks_in_place: 1.
 - new_chunks_are_fully_committed: 0.
 - uncommit_free_chunks: 1.
 - use_allocation_guard: 0.
 - handle_deallocations: 1.


Internal statistics:

num_allocs_failed_limit: 6.
num_arena_births: 714.
num_arena_deaths: 0.
num_vsnodes_births: 2.
num_vsnodes_deaths: 0.
num_space_committed: 927.
num_space_uncommitted: 0.
num_chunks_returned_to_freelist: 6.
num_chunks_taken_from_freelist: 3050.
num_chunk_merges: 6.
num_chunk_splits: 2037.
num_chunks_enlarged: 1366.
num_inconsistent_stats: 0.

CodeHeap 'non-profiled nmethods': size=119168Kb used=4714Kb max_used=4714Kb free=114453Kb
 bounds [0x000001adebfb0000, 0x000001adec450000, 0x000001adf3410000]
CodeHeap 'profiled nmethods': size=119104Kb used=15100Kb max_used=15100Kb free=104003Kb
 bounds [0x000001ade4410000, 0x000001ade52d0000, 0x000001adeb860000]
CodeHeap 'non-nmethods': size=7488Kb used=2358Kb max_used=4063Kb free=5129Kb
 bounds [0x000001adeb860000, 0x000001adebc60000, 0x000001adebfb0000]
 total_blobs=8679 nmethods=7797 adapters=793
 compilation: enabled
              stopped_count=0, restarted_count=0
 full_count=0

Compilation events (20 events):
Event: 8671.989 Thread 0x000001adfc001f40 nmethod 8746 0x000001ade52cbe10 code [0x000001ade52cc000, 0x000001ade52cc438]
Event: 8673.449 Thread 0x000001adfc001f40 8749       1       org.gradle.launcher.daemon.server.CompatibleDaemonExpirationStrategy::access$000 (5 bytes)
Event: 8673.454 Thread 0x000001adfbc4c2e0 8757       4       java.util.concurrent.LinkedBlockingDeque$AbstractItr::hasNext (13 bytes)
Event: 8673.506 Thread 0x000001adfbc4c2e0 nmethod 8757 0x000001adec448590 code [0x000001adec448700, 0x000001adec448798]
Event: 8673.506 Thread 0x000001adfbc4c2e0 8758       4       java.io.File::getName (42 bytes)
Event: 8673.593 Thread 0x000001adfc001f40 nmethod 8749 0x000001adec448890 code [0x000001adec448a20, 0x000001adec448ad8]
Event: 8673.593 Thread 0x000001adfc001f40 8754       3       org.gradle.internal.jvm.Jvm::create (41 bytes)
Event: 8673.618 Thread 0x000001adfbc4c2e0 nmethod 8758 0x000001adec448b90 code [0x000001adec448d40, 0x000001adec449328]
Event: 8673.736 Thread 0x000001adfc001f40 nmethod 8754 0x000001ade52cc590 code [0x000001ade52cc820, 0x000001ade52cd488]
Event: 8673.829 Thread 0x000001adfbc4c2e0 8759       4       org.gradle.internal.concurrent.CompositeStoppable::toStoppable (37 bytes)
Event: 8673.852 Thread 0x000001adfbc4c2e0 nmethod 8759 0x000001adec449690 code [0x000001adec449820, 0x000001adec449958]
Event: 8674.190 Thread 0x000001adfbc4c2e0 8760 %     4       java.util.LinkedList::addAll @ 68 (182 bytes)
Event: 8674.209 Thread 0x000001adfbc4c2e0 nmethod 8760% 0x000001adec449a10 code [0x000001adec449ba0, 0x000001adec44a238]
Event: 8674.394 Thread 0x000001adfc001f40 8761       3       org.gradle.launcher.daemon.registry.DaemonDir::<init> (52 bytes)
Event: 8674.591 Thread 0x000001adfbc4c2e0 8781       4       java.util.concurrent.locks.ReentrantLock::tryLock (8 bytes)
Event: 8674.596 Thread 0x000001adfc001f40 nmethod 8761 0x000001ade52cd890 code [0x000001ade52cda80, 0x000001ade52cdf68]
Event: 8674.596 Thread 0x000001adfc001f40 8772       3       org.gradle.internal.util.NumberUtil::percentOf (75 bytes)
Event: 8674.599 Thread 0x000001adfbc4c2e0 nmethod 8781 0x000001adec44a490 code [0x000001adec44a600, 0x000001adec44a7d8]
Event: 8674.633 Thread 0x000001adfc001f40 nmethod 8772 0x000001ade52ce190 code [0x000001ade52ce420, 0x000001ade52ced28]
Event: 8674.633 Thread 0x000001adfc001f40 8762   !   3       org.gradle.launcher.daemon.server.Daemon$DaemonExpirationPeriodicCheck::run (116 bytes)

GC Heap History (20 events):
Event: 1409.446 GC heap after
{Heap after GC invocations=34 (full 0):
 garbage-first heap   total 103424K, used 54820K [0x0000000080000000, 0x0000000100000000)
  region size 1024K, 1 young (1024K), 1 survivors (1024K)
 Metaspace       used 58633K, committed 59264K, reserved 491520K
  class space    used 8101K, committed 8384K, reserved 425984K
}
Event: 1420.444 GC heap before
{Heap before GC invocations=34 (full 0):
 garbage-first heap   total 103424K, used 58916K [0x0000000080000000, 0x0000000100000000)
  region size 1024K, 5 young (5120K), 1 survivors (1024K)
 Metaspace       used 58643K, committed 59264K, reserved 491520K
  class space    used 8101K, committed 8384K, reserved 425984K
}
Event: 1420.453 GC heap after
{Heap after GC invocations=35 (full 0):
 garbage-first heap   total 103424K, used 54760K [0x0000000080000000, 0x0000000100000000)
  region size 1024K, 1 young (1024K), 1 survivors (1024K)
 Metaspace       used 58643K, committed 59264K, reserved 491520K
  class space    used 8101K, committed 8384K, reserved 425984K
}
Event: 1519.979 GC heap before
{Heap before GC invocations=35 (full 0):
 garbage-first heap   total 103424K, used 89576K [0x0000000080000000, 0x0000000100000000)
  region size 1024K, 35 young (35840K), 1 survivors (1024K)
 Metaspace       used 58678K, committed 59328K, reserved 491520K
  class space    used 8101K, committed 8384K, reserved 425984K
}
Event: 1520.022 GC heap after
{Heap after GC invocations=36 (full 0):
 garbage-first heap   total 103424K, used 54980K [0x0000000080000000, 0x0000000100000000)
  region size 1024K, 1 young (1024K), 1 survivors (1024K)
 Metaspace       used 58678K, committed 59328K, reserved 491520K
  class space    used 8101K, committed 8384K, reserved 425984K
}
Event: 8617.103 GC heap before
{Heap before GC invocations=36 (full 0):
 garbage-first heap   total 103424K, used 89796K [0x0000000080000000, 0x0000000100000000)
  region size 1024K, 35 young (35840K), 1 survivors (1024K)
 Metaspace       used 58710K, committed 59328K, reserved 491520K
  class space    used 8105K, committed 8384K, reserved 425984K
}
Event: 8617.135 GC heap after
{Heap after GC invocations=37 (full 0):
 garbage-first heap   total 103424K, used 55257K [0x0000000080000000, 0x0000000100000000)
  region size 1024K, 2 young (2048K), 2 survivors (2048K)
 Metaspace       used 58710K, committed 59328K, reserved 491520K
  class space    used 8105K, committed 8384K, reserved 425984K
}
Event: 8625.504 GC heap before
{Heap before GC invocations=37 (full 0):
 garbage-first heap   total 103424K, used 89049K [0x0000000080000000, 0x0000000100000000)
  region size 1024K, 35 young (35840K), 2 survivors (2048K)
 Metaspace       used 58740K, committed 59328K, reserved 491520K
  class space    used 8105K, committed 8384K, reserved 425984K
}
Event: 8627.304 GC heap after
{Heap after GC invocations=38 (full 0):
 garbage-first heap   total 103424K, used 55169K [0x0000000080000000, 0x0000000100000000)
  region size 1024K, 1 young (1024K), 1 survivors (1024K)
 Metaspace       used 58740K, committed 59328K, reserved 491520K
  class space    used 8105K, committed 8384K, reserved 425984K
}
Event: 8644.899 GC heap before
{Heap before GC invocations=38 (full 0):
 garbage-first heap   total 103424K, used 89985K [0x0000000080000000, 0x0000000100000000)
  region size 1024K, 35 young (35840K), 1 survivors (1024K)
 Metaspace       used 58744K, committed 59328K, reserved 491520K
  class space    used 8105K, committed 8384K, reserved 425984K
}
Event: 8646.190 GC heap after
{Heap after GC invocations=39 (full 0):
 garbage-first heap   total 103424K, used 55223K [0x0000000080000000, 0x0000000100000000)
  region size 1024K, 2 young (2048K), 2 survivors (2048K)
 Metaspace       used 58744K, committed 59328K, reserved 491520K
  class space    used 8105K, committed 8384K, reserved 425984K
}
Event: 8653.108 GC heap before
{Heap before GC invocations=39 (full 0):
 garbage-first heap   total 103424K, used 89015K [0x0000000080000000, 0x0000000100000000)
  region size 1024K, 35 young (35840K), 2 survivors (2048K)
 Metaspace       used 58751K, committed 59328K, reserved 491520K
  class space    used 8105K, committed 8384K, reserved 425984K
}
Event: 8656.018 GC heap after
{Heap after GC invocations=40 (full 0):
 garbage-first heap   total 199680K, used 55198K [0x0000000080000000, 0x0000000100000000)
  region size 1024K, 2 young (2048K), 2 survivors (2048K)
 Metaspace       used 58751K, committed 59328K, reserved 491520K
  class space    used 8105K, committed 8384K, reserved 425984K
}
Event: 8660.326 GC heap before
{Heap before GC invocations=40 (full 0):
 garbage-first heap   total 199680K, used 62366K [0x0000000080000000, 0x0000000100000000)
  region size 1024K, 9 young (9216K), 2 survivors (2048K)
 Metaspace       used 58751K, committed 59328K, reserved 491520K
  class space    used 8105K, committed 8384K, reserved 425984K
}
Event: 8661.653 GC heap after
{Heap after GC invocations=41 (full 0):
 garbage-first heap   total 199680K, used 55269K [0x0000000080000000, 0x0000000100000000)
  region size 1024K, 2 young (2048K), 2 survivors (2048K)
 Metaspace       used 58751K, committed 59328K, reserved 491520K
  class space    used 8105K, committed 8384K, reserved 425984K
}
Event: 8667.520 GC heap before
{Heap before GC invocations=41 (full 0):
 garbage-first heap   total 199680K, used 62437K [0x0000000080000000, 0x0000000100000000)
  region size 1024K, 9 young (9216K), 2 survivors (2048K)
 Metaspace       used 58751K, committed 59328K, reserved 491520K
  class space    used 8105K, committed 8384K, reserved 425984K
}
Event: 8668.684 GC heap after
{Heap after GC invocations=42 (full 0):
 garbage-first heap   total 199680K, used 55165K [0x0000000080000000, 0x0000000100000000)
  region size 1024K, 1 young (1024K), 1 survivors (1024K)
 Metaspace       used 58751K, committed 59328K, reserved 491520K
  class space    used 8105K, committed 8384K, reserved 425984K
}
Event: 8672.670 GC heap before
{Heap before GC invocations=42 (full 0):
 garbage-first heap   total 199680K, used 63357K [0x0000000080000000, 0x0000000100000000)
  region size 1024K, 9 young (9216K), 1 survivors (1024K)
 Metaspace       used 58752K, committed 59328K, reserved 491520K
  class space    used 8105K, committed 8384K, reserved 425984K
}
Event: 8673.170 GC heap after
{Heap after GC invocations=43 (full 0):
 garbage-first heap   total 199680K, used 55211K [0x0000000080000000, 0x0000000100000000)
  region size 1024K, 2 young (2048K), 2 survivors (2048K)
 Metaspace       used 58752K, committed 59328K, reserved 491520K
  class space    used 8105K, committed 8384K, reserved 425984K
}
Event: 8675.265 GC heap before
{Heap before GC invocations=43 (full 0):
 garbage-first heap   total 199680K, used 62379K [0x0000000080000000, 0x0000000100000000)
  region size 1024K, 9 young (9216K), 2 survivors (2048K)
 Metaspace       used 58756K, committed 59328K, reserved 491520K
  class space    used 8105K, committed 8384K, reserved 425984K
}

Dll operation events (13 events):
Event: 0.315 Loaded shared library C:\Program Files\Eclipse Adoptium\jdk-17.0.15.6-hotspot\bin\java.dll
Event: 2.889 Loaded shared library C:\Program Files\Eclipse Adoptium\jdk-17.0.15.6-hotspot\bin\jsvml.dll
Event: 8.550 Loaded shared library C:\Program Files\Eclipse Adoptium\jdk-17.0.15.6-hotspot\bin\net.dll
Event: 8.683 Loaded shared library C:\Program Files\Eclipse Adoptium\jdk-17.0.15.6-hotspot\bin\nio.dll
Event: 9.136 Loaded shared library C:\Program Files\Eclipse Adoptium\jdk-17.0.15.6-hotspot\bin\zip.dll
Event: 15.830 Loaded shared library C:\Program Files\Eclipse Adoptium\jdk-17.0.15.6-hotspot\bin\jimage.dll
Event: 16.907 Loaded shared library C:\Program Files\Eclipse Adoptium\jdk-17.0.15.6-hotspot\bin\verify.dll
Event: 24.780 Loaded shared library C:\Users\karth\.gradle\native\68d5fa5c4cc2d200863cafc0d521ce42e7d3e7ee720ec0a83991735586a16f82\windows-amd64\native-platform.dll
Event: 25.990 Loaded shared library C:\Users\karth\.gradle\native\e376f236ea51e6404a007f0833ffe2c6e607c4080706a723a18a27aeea778392\windows-amd64\native-platform-file-events.dll
Event: 52.906 Loaded shared library C:\Program Files\Eclipse Adoptium\jdk-17.0.15.6-hotspot\bin\management.dll
Event: 52.921 Loaded shared library C:\Program Files\Eclipse Adoptium\jdk-17.0.15.6-hotspot\bin\management_ext.dll
Event: 57.698 Loaded shared library C:\Program Files\Eclipse Adoptium\jdk-17.0.15.6-hotspot\bin\extnet.dll
Event: 69.450 Loaded shared library C:\Program Files\Eclipse Adoptium\jdk-17.0.15.6-hotspot\bin\sunmscapi.dll

Deoptimization events (20 events):
Event: 905.171 Thread 0x000001adfcc00570 Uncommon trap: trap_request=0xffffff45 fr.pc=0x000001adec1e8f04 relative=0x0000000000000404
Event: 905.171 Thread 0x000001adfcc00570 Uncommon trap: reason=unstable_if action=reinterpret pc=0x000001adec1e8f04 method=org.objectweb.asm.Type.getArgumentsAndReturnSizes(Ljava/lang/String;)I @ 117 c2
Event: 905.171 Thread 0x000001adfcc00570 DEOPT PACKING pc=0x000001adec1e8f04 sp=0x000000916abf5a80
Event: 905.171 Thread 0x000001adfcc00570 DEOPT UNPACKING pc=0x000001adeb8b69a3 sp=0x000000916abf5a00 mode 2
Event: 905.171 Thread 0x000001adfcc00570 Uncommon trap: trap_request=0xffffff45 fr.pc=0x000001adec0b2c84 relative=0x0000000000001b84
Event: 905.171 Thread 0x000001adfcc00570 Uncommon trap: reason=unstable_if action=reinterpret pc=0x000001adec0b2c84 method=org.objectweb.asm.Type.getArgumentsAndReturnSizes(Ljava/lang/String;)I @ 117 c2
Event: 905.171 Thread 0x000001adfcc00570 DEOPT PACKING pc=0x000001adec0b2c84 sp=0x000000916abf57f0
Event: 905.171 Thread 0x000001adfcc00570 DEOPT UNPACKING pc=0x000001adeb8b69a3 sp=0x000000916abf56a8 mode 2
Event: 905.171 Thread 0x000001adfcc00570 Uncommon trap: trap_request=0xffffff45 fr.pc=0x000001adec056080 relative=0x0000000000000700
Event: 905.171 Thread 0x000001adfcc00570 Uncommon trap: reason=unstable_if action=reinterpret pc=0x000001adec056080 method=org.objectweb.asm.Frame.getAbstractTypeFromDescriptor(Lorg/objectweb/asm/SymbolTable;Ljava/lang/String;I)I @ 5 c2
Event: 905.171 Thread 0x000001adfcc00570 DEOPT PACKING pc=0x000001adec056080 sp=0x000000916abf5670
Event: 905.171 Thread 0x000001adfcc00570 DEOPT UNPACKING pc=0x000001adeb8b69a3 sp=0x000000916abf5630 mode 2
Event: 2004.313 Thread 0x000001adfcc00570 Uncommon trap: trap_request=0xffffff45 fr.pc=0x000001adec3f4fcc relative=0x000000000000012c
Event: 2004.313 Thread 0x000001adfcc00570 Uncommon trap: reason=unstable_if action=reinterpret pc=0x000001adec3f4fcc method=org.gradle.internal.time.DefaultCountdownTimer.hasExpired()Z @ 6 c2
Event: 2004.313 Thread 0x000001adfcc00570 DEOPT PACKING pc=0x000001adec3f4fcc sp=0x000000916abf79a0
Event: 2004.315 Thread 0x000001adfcc00570 DEOPT UNPACKING pc=0x000001adeb8b69a3 sp=0x000000916abf7968 mode 2
Event: 2004.316 Thread 0x000001adfcc00570 Uncommon trap: trap_request=0xffffff45 fr.pc=0x000001adec3cc34c relative=0x000000000000578c
Event: 2004.317 Thread 0x000001adfcc00570 Uncommon trap: reason=unstable_if action=reinterpret pc=0x000001adec3cc34c method=org.gradle.internal.io.ExponentialBackoff.retryUntil(Lorg/gradle/internal/io/IOQuery;)Ljava/lang/Object; @ 25 c2
Event: 2004.317 Thread 0x000001adfcc00570 DEOPT PACKING pc=0x000001adec3cc34c sp=0x000000916abf7a00
Event: 2004.318 Thread 0x000001adfcc00570 DEOPT UNPACKING pc=0x000001adeb8b69a3 sp=0x000000916abf7a88 mode 2

Classes loaded (20 events):
Event: 886.458 Loading class java/lang/Byte$ByteCache
Event: 886.459 Loading class java/lang/Byte$ByteCache done
Event: 886.807 Loading class java/util/regex/Pattern$SliceI
Event: 886.807 Loading class java/util/regex/Pattern$SliceI done
Event: 900.109 Loading class jdk/internal/loader/URLClassPath$FileLoader
Event: 900.109 Loading class jdk/internal/loader/URLClassPath$FileLoader done
Event: 900.253 Loading class jdk/internal/loader/URLClassPath$FileLoader$1
Event: 900.253 Loading class jdk/internal/loader/URLClassPath$FileLoader$1 done
Event: 902.319 Loading class java/lang/AbstractMethodError
Event: 902.319 Loading class java/lang/AbstractMethodError done
Event: 902.739 Loading class java/time/temporal/WeekFields
Event: 902.740 Loading class java/time/temporal/WeekFields done
Event: 902.740 Loading class java/time/temporal/WeekFields$ComputedDayOfField
Event: 902.740 Loading class java/time/temporal/WeekFields$ComputedDayOfField done
Event: 902.751 Loading class java/time/Month$1
Event: 902.751 Loading class java/time/Month$1 done
Event: 902.763 Loading class java/nio/channels/Channels
Event: 902.763 Loading class java/nio/channels/Channels done
Event: 902.763 Loading class java/nio/channels/Channels$1
Event: 902.763 Loading class java/nio/channels/Channels$1 done

Classes unloaded (0 events):
No events

Classes redefined (0 events):
No events

Internal exceptions (20 events):
Event: 903.556 Thread 0x000001adfcc00570 Exception <a 'java/lang/ClassNotFoundException'{0x00000000858c4aa0}: org/gradle/internal/metaobject/ConfigureDelegateBeanInfo> (0x00000000858c4aa0) 
thrown [s\src\hotspot\share\classfile\systemDictionary.cpp, line 256]
Event: 903.557 Thread 0x000001adfcc00570 Exception <a 'java/lang/ClassNotFoundException'{0x00000000858d6248}: org/gradle/internal/metaobject/ConfigureDelegateCustomizer> (0x00000000858d6248) 
thrown [s\src\hotspot\share\classfile\systemDictionary.cpp, line 256]
Event: 903.573 Thread 0x000001adfcc00570 Exception <a 'java/lang/ClassNotFoundException'{0x0000000085718cf8}: org/gradle/api/internal/initialization/DefaultScriptHandlerBeanInfo> (0x0000000085718cf8) 
thrown [s\src\hotspot\share\classfile\systemDictionary.cpp, line 256]
Event: 903.586 Thread 0x000001adfcc00570 Exception <a 'java/lang/ClassNotFoundException'{0x000000008572a658}: org/gradle/api/internal/initialization/DefaultScriptHandlerCustomizer> (0x000000008572a658) 
thrown [s\src\hotspot\share\classfile\systemDictionary.cpp, line 256]
Event: 903.669 Thread 0x000001adfcc00570 Exception <a 'java/lang/ClassNotFoundException'{0x000000008533ac78}: org/gradle/api/internal/artifacts/dsl/DefaultRepositoryHandler_DecoratedBeanInfo> (0x000000008533ac78) 
thrown [s\src\hotspot\share\classfile\systemDictionary.cpp, line 256]
Event: 903.674 Thread 0x000001adfcc00570 Exception <a 'java/lang/ClassNotFoundException'{0x0000000085352e58}: org/gradle/api/internal/artifacts/dsl/DefaultRepositoryHandlerBeanInfo> (0x0000000085352e58) 
thrown [s\src\hotspot\share\classfile\systemDictionary.cpp, line 256]
Event: 903.675 Thread 0x000001adfcc00570 Exception <a 'java/lang/ClassNotFoundException'{0x000000008536b828}: org/gradle/api/internal/artifacts/DefaultArtifactRepositoryContainerBeanInfo> (0x000000008536b828) 
thrown [s\src\hotspot\share\classfile\systemDictionary.cpp, line 256]
Event: 903.676 Thread 0x000001adfcc00570 Exception <a 'java/lang/ClassNotFoundException'{0x0000000085380708}: org/gradle/api/internal/DefaultNamedDomainObjectListBeanInfo> (0x0000000085380708) 
thrown [s\src\hotspot\share\classfile\systemDictionary.cpp, line 256]
Event: 903.677 Thread 0x000001adfcc00570 Exception <a 'java/lang/ClassNotFoundException'{0x0000000085395728}: org/gradle/api/internal/DefaultNamedDomainObjectCollectionBeanInfo> (0x0000000085395728) 
thrown [s\src\hotspot\share\classfile\systemDictionary.cpp, line 256]
Event: 903.682 Thread 0x000001adfcc00570 Exception <a 'java/lang/ClassNotFoundException'{0x00000000853aa588}: org/gradle/api/internal/DefaultDomainObjectCollectionBeanInfo> (0x00000000853aa588) 
thrown [s\src\hotspot\share\classfile\systemDictionary.cpp, line 256]
Event: 903.683 Thread 0x000001adfcc00570 Exception <a 'java/lang/ClassNotFoundException'{0x00000000853bf520}: org/gradle/api/internal/DefaultDomainObjectCollectionCustomizer> (0x00000000853bf520) 
thrown [s\src\hotspot\share\classfile\systemDictionary.cpp, line 256]
Event: 903.688 Thread 0x000001adfcc00570 Exception <a 'java/lang/ClassNotFoundException'{0x00000000853fc798}: org/gradle/api/internal/DefaultNamedDomainObjectCollectionCustomizer> (0x00000000853fc798) 
thrown [s\src\hotspot\share\classfile\systemDictionary.cpp, line 256]
Event: 903.696 Thread 0x000001adfcc00570 Exception <a 'java/lang/ClassNotFoundException'{0x00000000852444e8}: org/gradle/api/internal/DefaultNamedDomainObjectListCustomizer> (0x00000000852444e8) 
thrown [s\src\hotspot\share\classfile\systemDictionary.cpp, line 256]
Event: 903.704 Thread 0x000001adfcc00570 Exception <a 'java/lang/ClassNotFoundException'{0x0000000085288dc0}: org/gradle/api/internal/artifacts/DefaultArtifactRepositoryContainerCustomizer> (0x0000000085288dc0) 
thrown [s\src\hotspot\share\classfile\systemDictionary.cpp, line 256]
Event: 903.719 Thread 0x000001adfcc00570 Exception <a 'java/lang/ClassNotFoundException'{0x00000000852c9410}: org/gradle/api/internal/artifacts/dsl/DefaultRepositoryHandlerCustomizer> (0x00000000852c9410) 
thrown [s\src\hotspot\share\classfile\systemDictionary.cpp, line 256]
Event: 903.735 Thread 0x000001adfcc00570 Exception <a 'java/lang/ClassNotFoundException'{0x0000000085117ad0}: org/gradle/api/internal/artifacts/dsl/DefaultRepositoryHandler_DecoratedCustomizer> (0x0000000085117ad0) 
thrown [s\src\hotspot\share\classfile\systemDictionary.cpp, line 256]
Event: 903.794 Thread 0x000001adfcc00570 Exception <a 'java/lang/ClassNotFoundException'{0x00000000851ab388}: org/gradle/api/internal/artifacts/dsl/dependencies/DefaultDependencyHandler_DecoratedBeanInfo> (0x00000000851ab388) 
thrown [s\src\hotspot\share\classfile\systemDictionary.cpp, line 256]
Event: 903.794 Thread 0x000001adfcc00570 Exception <a 'java/lang/ClassNotFoundException'{0x00000000851c3250}: org/gradle/api/internal/artifacts/dsl/dependencies/DefaultDependencyHandlerBeanInfo> (0x00000000851c3250) 
thrown [s\src\hotspot\share\classfile\systemDictionary.cpp, line 256]
Event: 903.805 Thread 0x000001adfcc00570 Exception <a 'java/lang/ClassNotFoundException'{0x00000000851dab88}: org/gradle/api/internal/artifacts/dsl/dependencies/DefaultDependencyHandlerCustomizer> (0x00000000851dab88) 
thrown [s\src\hotspot\share\classfile\systemDictionary.cpp, line 256]
Event: 903.816 Thread 0x000001adfcc00570 Exception <a 'java/lang/ClassNotFoundException'{0x0000000085024b10}: org/gradle/api/internal/artifacts/dsl/dependencies/DefaultDependencyHandler_DecoratedCustomizer> (0x0000000085024b10) 
thrown [s\src\hotspot\share\classfile\systemDictionary.cpp, line 256]

VM Operations (20 events):
Event: 8656.019 Executing VM operation: G1CollectForAllocation done
Event: 8658.033 Executing VM operation: Cleanup
Event: 8658.169 Executing VM operation: Cleanup done
Event: 8659.185 Executing VM operation: Cleanup
Event: 8659.656 Executing VM operation: Cleanup done
Event: 8660.029 Executing VM operation: G1CollectForAllocation
Event: 8661.654 Executing VM operation: G1CollectForAllocation done
Event: 8662.668 Executing VM operation: Cleanup
Event: 8663.256 Executing VM operation: Cleanup done
Event: 8664.256 Executing VM operation: Cleanup
Event: 8665.227 Executing VM operation: Cleanup done
Event: 8666.239 Executing VM operation: Cleanup
Event: 8666.528 Executing VM operation: Cleanup done
Event: 8667.359 Executing VM operation: G1CollectForAllocation
Event: 8668.685 Executing VM operation: G1CollectForAllocation done
Event: 8671.787 Executing VM operation: Cleanup
Event: 8671.997 Executing VM operation: Cleanup done
Event: 8672.631 Executing VM operation: G1CollectForAllocation
Event: 8673.184 Executing VM operation: G1CollectForAllocation done
Event: 8674.734 Executing VM operation: G1CollectForAllocation

Memory protections (0 events):
No events

Nmethod flushes (20 events):
Event: 855.221 Thread 0x000001adfc002850 flushing  nmethod 0x000001ade4bfa390
Event: 855.221 Thread 0x000001adfc002850 flushing  nmethod 0x000001ade4c10290
Event: 855.221 Thread 0x000001adfc002850 flushing  nmethod 0x000001ade4c4cc90
Event: 855.221 Thread 0x000001adfc002850 flushing  nmethod 0x000001ade4c51290
Event: 855.221 Thread 0x000001adfc002850 flushing  nmethod 0x000001ade4c60490
Event: 855.221 Thread 0x000001adfc002850 flushing  nmethod 0x000001ade4c95390
Event: 855.221 Thread 0x000001adfc002850 flushing  nmethod 0x000001ade4c97990
Event: 855.221 Thread 0x000001adfc002850 flushing  nmethod 0x000001ade4c99190
Event: 855.221 Thread 0x000001adfc002850 flushing  nmethod 0x000001ade4ca2990
Event: 855.221 Thread 0x000001adfc002850 flushing  nmethod 0x000001ade4ca9890
Event: 855.221 Thread 0x000001adfc002850 flushing  nmethod 0x000001ade4ce9810
Event: 855.221 Thread 0x000001adfc002850 flushing  nmethod 0x000001ade4d38d10
Event: 855.221 Thread 0x000001adfc002850 flushing  nmethod 0x000001ade4d41010
Event: 855.221 Thread 0x000001adfc002850 flushing  nmethod 0x000001ade4d61910
Event: 855.221 Thread 0x000001adfc002850 flushing  nmethod 0x000001ade4d61c90
Event: 855.221 Thread 0x000001adfc002850 flushing  nmethod 0x000001ade4d86590
Event: 855.221 Thread 0x000001adfc002850 flushing  nmethod 0x000001ade4da0410
Event: 855.221 Thread 0x000001adfc002850 flushing  nmethod 0x000001ade4db6510
Event: 855.222 Thread 0x000001adfc002850 flushing  nmethod 0x000001ade4eb7690
Event: 855.222 Thread 0x000001adfc002850 flushing  nmethod 0x000001ade4ebcd10

Events (20 events):
Event: 1093.990 Thread 0x000001adfcf2f390 Thread exited: 0x000001adfcf2f390
Event: 1099.783 Thread 0x000001adfc001f40 Thread added: 0x000001adfcf2f390
Event: 1104.808 Thread 0x000001adfcf2f390 Thread exited: 0x000001adfcf2f390
Event: 1186.872 Thread 0x000001adfc001f40 Thread added: 0x000001adfcf2be70
Event: 1191.892 Thread 0x000001adfcf2be70 Thread exited: 0x000001adfcf2be70
Event: 1219.266 Thread 0x000001adfc001f40 Thread added: 0x000001adfcf2ce60
Event: 1224.272 Thread 0x000001adfcf2ce60 Thread exited: 0x000001adfcf2ce60
Event: 1371.870 Thread 0x000001adfc001f40 Thread added: 0x000001adfcf2f390
Event: 1377.033 Thread 0x000001adfcf2f390 Thread exited: 0x000001adfcf2f390
Event: 1378.479 Thread 0x000001adfc001f40 Thread added: 0x000001adfcf2f390
Event: 1382.803 Thread 0x000001adfcf2f390 Thread added: 0x000001adfcf2be70
Event: 1382.804 Thread 0x000001adfcf2f390 Thread added: 0x000001adfcf2d900
Event: 1387.810 Thread 0x000001adfcf2d900 Thread exited: 0x000001adfcf2d900
Event: 1387.810 Thread 0x000001adfcf2be70 Thread exited: 0x000001adfcf2be70
Event: 1389.110 Thread 0x000001adfcf2f390 Thread exited: 0x000001adfcf2f390
Event: 1435.973 Thread 0x000001adfc001f40 Thread added: 0x000001adfcf2c3c0
Event: 1440.994 Thread 0x000001adfcf2c3c0 Thread exited: 0x000001adfcf2c3c0
Event: 8617.694 Thread 0x000001adfc001f40 Thread added: 0x000001adfcf2be70
Event: 8620.199 Thread 0x000001adfcf2be70 Thread exited: 0x000001adfcf2be70
Event: 8662.348 Thread 0x000001adfd07d0a0 Thread exited: 0x000001adfd07d0a0


Dynamic libraries:
0x00007ff687c40000 - 0x00007ff687c4e000 	C:\Program Files\Eclipse Adoptium\jdk-17.0.15.6-hotspot\bin\java.exe
0x00007fffc3680000 - 0x00007fffc38e6000 	C:\WINDOWS\SYSTEM32\ntdll.dll
0x00007fffc2160000 - 0x00007fffc2229000 	C:\WINDOWS\System32\KERNEL32.DLL
0x00007fffc0ae0000 - 0x00007fffc0eac000 	C:\WINDOWS\System32\KERNELBASE.dll
0x0000000070320000 - 0x00000000703bd000 	C:\ProgramData\Symantec\Symantec Endpoint Protection\14.3.9205.6000.105\Data\Sysfer\x64\sysfer.dll
0x00007fffc0810000 - 0x00007fffc095b000 	C:\WINDOWS\System32\ucrtbase.dll
0x00007fff9be20000 - 0x00007fff9be37000 	C:\Program Files\Eclipse Adoptium\jdk-17.0.15.6-hotspot\bin\jli.dll
0x00007fffa61a0000 - 0x00007fffa643a000 	C:\WINDOWS\WinSxS\amd64_microsoft.windows.common-controls_6595b64144ccf1df_6.0.26100.3912_none_3e07963ce335137e\COMCTL32.dll
0x00007fff99aa0000 - 0x00007fff99abe000 	C:\Program Files\Eclipse Adoptium\jdk-17.0.15.6-hotspot\bin\VCRUNTIME140.dll
0x00007fffc3590000 - 0x00007fffc3639000 	C:\WINDOWS\System32\msvcrt.dll
0x00007fffc14c0000 - 0x00007fffc168a000 	C:\WINDOWS\System32\USER32.dll
0x00007fffc1730000 - 0x00007fffc175b000 	C:\WINDOWS\System32\GDI32.dll
0x00007fffc1360000 - 0x00007fffc1387000 	C:\WINDOWS\System32\win32u.dll
0x00007fffc0f70000 - 0x00007fffc10a2000 	C:\WINDOWS\System32\gdi32full.dll
0x00007fffc1390000 - 0x00007fffc1433000 	C:\WINDOWS\System32\msvcp_win.dll
0x00007fffc2850000 - 0x00007fffc2880000 	C:\WINDOWS\System32\IMM32.DLL
0x00007fffa4250000 - 0x00007fffa425c000 	C:\Program Files\Eclipse Adoptium\jdk-17.0.15.6-hotspot\bin\vcruntime140_1.dll
0x00007fff7c670000 - 0x00007fff7c6fd000 	C:\Program Files\Eclipse Adoptium\jdk-17.0.15.6-hotspot\bin\msvcp140.dll
0x00007fff3e940000 - 0x00007fff3f5ab000 	C:\Program Files\Eclipse Adoptium\jdk-17.0.15.6-hotspot\bin\server\jvm.dll
0x00007fffc2e40000 - 0x00007fffc2ef2000 	C:\WINDOWS\System32\ADVAPI32.dll
0x00007fffc1760000 - 0x00007fffc1806000 	C:\WINDOWS\System32\sechost.dll
0x00007fffc2040000 - 0x00007fffc2156000 	C:\WINDOWS\System32\RPCRT4.dll
0x00007fffc3500000 - 0x00007fffc3574000 	C:\WINDOWS\System32\WS2_32.dll
0x00007fffc0680000 - 0x00007fffc06de000 	C:\WINDOWS\SYSTEM32\POWRPROF.dll
0x00007fffb52a0000 - 0x00007fffb52d6000 	C:\WINDOWS\SYSTEM32\WINMM.dll
0x00007fffa9820000 - 0x00007fffa982b000 	C:\WINDOWS\SYSTEM32\VERSION.dll
0x00007fffc0660000 - 0x00007fffc0674000 	C:\WINDOWS\SYSTEM32\UMPDC.dll
0x00007fffbf5d0000 - 0x00007fffbf5ea000 	C:\WINDOWS\SYSTEM32\kernel.appcore.dll
0x00007fffa41b0000 - 0x00007fffa41ba000 	C:\Program Files\Eclipse Adoptium\jdk-17.0.15.6-hotspot\bin\jimage.dll
0x00007fffbe100000 - 0x00007fffbe341000 	C:\WINDOWS\SYSTEM32\DBGHELP.DLL
0x00007fffc3000000 - 0x00007fffc3384000 	C:\WINDOWS\System32\combase.dll
0x00007fffc2b40000 - 0x00007fffc2c20000 	C:\WINDOWS\System32\OLEAUT32.dll
0x00007fff95100000 - 0x00007fff95139000 	C:\WINDOWS\SYSTEM32\dbgcore.DLL
0x00007fffc12c0000 - 0x00007fffc1359000 	C:\WINDOWS\System32\bcryptPrimitives.dll
0x00007fff988b0000 - 0x00007fff988d5000 	C:\Program Files\Eclipse Adoptium\jdk-17.0.15.6-hotspot\bin\java.dll
0x00007fff7c590000 - 0x00007fff7c667000 	C:\Program Files\Eclipse Adoptium\jdk-17.0.15.6-hotspot\bin\jsvml.dll
0x00007fffc1890000 - 0x00007fffc1fbd000 	C:\WINDOWS\System32\SHELL32.dll
0x00007fffc0960000 - 0x00007fffc0ad4000 	C:\WINDOWS\System32\wintypes.dll
0x00007fffbe450000 - 0x00007fffbeca6000 	C:\WINDOWS\SYSTEM32\windows.storage.dll
0x00007fffc2f00000 - 0x00007fffc2fef000 	C:\WINDOWS\System32\SHCORE.dll
0x00007fffc1820000 - 0x00007fffc1889000 	C:\WINDOWS\System32\shlwapi.dll
0x00007fffc0720000 - 0x00007fffc074f000 	C:\WINDOWS\SYSTEM32\profapi.dll
0x00007fff99a10000 - 0x00007fff99a29000 	C:\Program Files\Eclipse Adoptium\jdk-17.0.15.6-hotspot\bin\net.dll
0x00007fffaf2b0000 - 0x00007fffaf3ce000 	C:\WINDOWS\SYSTEM32\WINHTTP.dll
0x00007fffbfb40000 - 0x00007fffbfbaa000 	C:\WINDOWS\system32\mswsock.dll
0x00007fff98f80000 - 0x00007fff98f96000 	C:\Program Files\Eclipse Adoptium\jdk-17.0.15.6-hotspot\bin\nio.dll
0x00007fff98520000 - 0x00007fff98538000 	C:\Program Files\Eclipse Adoptium\jdk-17.0.15.6-hotspot\bin\zip.dll
0x00007fffa4150000 - 0x00007fffa4160000 	C:\Program Files\Eclipse Adoptium\jdk-17.0.15.6-hotspot\bin\verify.dll
0x00007fff98930000 - 0x00007fff98957000 	C:\Users\karth\.gradle\native\68d5fa5c4cc2d200863cafc0d521ce42e7d3e7ee720ec0a83991735586a16f82\windows-amd64\native-platform.dll
0x00007fff7c440000 - 0x00007fff7c584000 	C:\Users\karth\.gradle\native\e376f236ea51e6404a007f0833ffe2c6e607c4080706a723a18a27aeea778392\windows-amd64\native-platform-file-events.dll
0x00007fffa0910000 - 0x00007fffa091a000 	C:\Program Files\Eclipse Adoptium\jdk-17.0.15.6-hotspot\bin\management.dll
0x00007fffa0830000 - 0x00007fffa083b000 	C:\Program Files\Eclipse Adoptium\jdk-17.0.15.6-hotspot\bin\management_ext.dll
0x00007fffc3580000 - 0x00007fffc3588000 	C:\WINDOWS\System32\PSAPI.DLL
0x00007fffbfde0000 - 0x00007fffbfdfc000 	C:\WINDOWS\SYSTEM32\CRYPTSP.dll
0x00007fffbf530000 - 0x00007fffbf56a000 	C:\WINDOWS\system32\rsaenh.dll
0x00007fffbfbe0000 - 0x00007fffbfc0b000 	C:\WINDOWS\SYSTEM32\USERENV.dll
0x00007fffc06f0000 - 0x00007fffc0716000 	C:\WINDOWS\SYSTEM32\bcrypt.dll
0x00007fffbfe00000 - 0x00007fffbfe0c000 	C:\WINDOWS\SYSTEM32\CRYPTBASE.dll
0x00007fffbf070000 - 0x00007fffbf0a3000 	C:\WINDOWS\SYSTEM32\IPHLPAPI.DLL
0x00007fffc2740000 - 0x00007fffc274a000 	C:\WINDOWS\System32\NSI.dll
0x00007fffb72a0000 - 0x00007fffb72bf000 	C:\WINDOWS\SYSTEM32\dhcpcsvc6.DLL
0x00007fffb7030000 - 0x00007fffb7055000 	C:\WINDOWS\SYSTEM32\dhcpcsvc.DLL
0x00007fffbf140000 - 0x00007fffbf267000 	C:\WINDOWS\SYSTEM32\DNSAPI.dll
0x00007fff9c160000 - 0x00007fff9c169000 	C:\Program Files\Eclipse Adoptium\jdk-17.0.15.6-hotspot\bin\extnet.dll
0x00007fff9bf40000 - 0x00007fff9bf4e000 	C:\Program Files\Eclipse Adoptium\jdk-17.0.15.6-hotspot\bin\sunmscapi.dll
0x00007fffc10b0000 - 0x00007fffc1227000 	C:\WINDOWS\System32\CRYPT32.dll
0x00007fffbfff0000 - 0x00007fffc0020000 	C:\WINDOWS\SYSTEM32\ncrypt.dll
0x00007fffbffa0000 - 0x00007fffbffdf000 	C:\WINDOWS\SYSTEM32\NTASN1.dll
0x00007fffa3df0000 - 0x00007fffa3df8000 	C:\WINDOWS\system32\wshunix.dll

dbghelp: loaded successfully - version: 4.0.5 - missing functions: none
symbol engine: initialized successfully - sym options: 0x614 - pdb path: .;C:\Program Files\Eclipse Adoptium\jdk-17.0.15.6-hotspot\bin;C:\WINDOWS\SYSTEM32;C:\ProgramData\Symantec\Symantec Endpoint Protection\14.3.9205.6000.105\Data\Sysfer\x64;C:\WINDOWS\WinSxS\amd64_microsoft.windows.common-controls_6595b64144ccf1df_6.0.26100.3912_none_3e07963ce335137e;C:\Program Files\Eclipse Adoptium\jdk-17.0.15.6-hotspot\bin\server;C:\Users\karth\.gradle\native\68d5fa5c4cc2d200863cafc0d521ce42e7d3e7ee720ec0a83991735586a16f82\windows-amd64;C:\Users\karth\.gradle\native\e376f236ea51e6404a007f0833ffe2c6e607c4080706a723a18a27aeea778392\windows-amd64

VM Arguments:
jvm_args: -XX:MaxMetaspaceSize=512m --add-opens=java.base/java.util=ALL-UNNAMED --add-opens=java.base/java.lang=ALL-UNNAMED --add-opens=java.base/java.lang.invoke=ALL-UNNAMED --add-opens=java.prefs/java.util.prefs=ALL-UNNAMED --add-opens=java.base/java.nio.charset=ALL-UNNAMED --add-opens=java.base/java.net=ALL-UNNAMED --add-opens=java.base/java.util.concurrent.atomic=ALL-UNNAMED -Xmx2048m -Dfile.encoding=UTF-8 -Duser.country=CA -Duser.language=en -Duser.variant 
java_command: org.gradle.launcher.daemon.bootstrap.GradleDaemon 8.0.1
java_class_path (initial): C:\Users\karth\.gradle\wrapper\dists\gradle-8.0.1-all\aro4hu1c3oeioove7l0i4i14o\gradle-8.0.1\lib\gradle-launcher-8.0.1.jar
Launcher Type: SUN_STANDARD

[Global flags]
     intx CICompilerCount                          = 12                                        {product} {ergonomic}
   size_t CompressedClassSpaceSize                 = 436207616                                 {product} {ergonomic}
     uint ConcGCThreads                            = 3                                         {product} {ergonomic}
     uint G1ConcRefinementThreads                  = 13                                        {product} {ergonomic}
   size_t G1HeapRegionSize                         = 1048576                                   {product} {ergonomic}
    uintx GCDrainStackTargetSize                   = 64                                        {product} {ergonomic}
   size_t InitialHeapSize                          = 264241152                                 {product} {ergonomic}
   size_t MarkStackSize                            = 4194304                                   {product} {ergonomic}
   size_t MaxHeapSize                              = 2147483648                                {product} {command line}
   size_t MaxMetaspaceSize                         = 536870912                                 {product} {command line}
   size_t MaxNewSize                               = 1287651328                                {product} {ergonomic}
   size_t MinHeapDeltaBytes                        = 1048576                                   {product} {ergonomic}
   size_t MinHeapSize                              = 8388608                                   {product} {ergonomic}
    uintx NonNMethodCodeHeapSize                   = 7602480                                {pd product} {ergonomic}
    uintx NonProfiledCodeHeapSize                  = 122027880                              {pd product} {ergonomic}
    uintx ProfiledCodeHeapSize                     = 122027880                              {pd product} {ergonomic}
    uintx ReservedCodeCacheSize                    = 251658240                              {pd product} {ergonomic}
     bool SegmentedCodeCache                       = true                                      {product} {ergonomic}
   size_t SoftMaxHeapSize                          = 2147483648                             {manageable} {ergonomic}
     bool UseCompressedClassPointers               = true                           {product lp64_product} {ergonomic}
     bool UseCompressedOops                        = true                           {product lp64_product} {ergonomic}
     bool UseG1GC                                  = true                                      {product} {ergonomic}
     bool UseLargePagesIndividualAllocation        = false                                  {pd product} {ergonomic}

Logging:
Log output configuration:
 #0: stdout all=warning uptime,level,tags
 #1: stderr all=off uptime,level,tags

Environment Variables:
JAVA_HOME=C:\Program Files\Java\jdk-23
CLASSPATH=C:\Users\karth\CascadeProjects\MobileAppAndroid\android\\gradle\wrapper\gradle-wrapper.jar
PATH=C:\Users\karth\CascadeProjects\MobileAppAndroid\node_modules\.bin;C:\Users\karth\CascadeProjects\MobileAppAndroid\node_modules\.bin;C:\Users\karth\CascadeProjects\node_modules\.bin;C:\Users\karth\node_modules\.bin;C:\Users\node_modules\.bin;C:\node_modules\.bin;C:\Program Files\nodejs\node_modules\npm\node_modules\@npmcli\run-script\lib\node-gyp-bin;C:\Users\karth\CascadeProjects\MobileAppAndroid\node_modules\.bin;C:\Users\karth\CascadeProjects\MobileAppAndroid\node_modules\.bin;C:\Users\karth\CascadeProjects\node_modules\.bin;C:\Users\karth\node_modules\.bin;C:\Users\node_modules\.bin;C:\node_modules\.bin;C:\Program Files\nodejs\node_modules\npm\node_modules\@npmcli\run-script\lib\node-gyp-bin;C:\Program Files\Eclipse Adoptium\jdk-17.0.15.6-hotspot\bin;C:\Program Files\Common Files\Oracle\Java\javapath;C:\WINDOWS\system32;C:\WINDOWS;C:\WINDOWS\System32\Wbem;C:\WINDOWS\System32\WindowsPowerShell\v1.0\;C:\WINDOWS\System32\OpenSSH\;C:\Program Files\nodejs\;C:\Program Files (x86)\nikto\program;C:\Program Files (x86)\curl;D:\GoWorkspace\bin;C:\Program Files\Go\bin;C:\Program Files\Git\cmd;C:\Users\karth\AppData\Local\Android\Sdk;C:\Users\karth\AppData\Local\Android\Sdk\platform-tools;C:\Program Files\Eclipse Adoptium\jdk-17.0.15.6-hotspot\bin;C:\Program Files\Common Files\Oracle\Java\javapath;C:\WINDOWS\system32;C:\WINDOWS;C:\WINDOWS\System32\Wbem;C:\WINDOWS\System32\WindowsPowerShell\v1.0\;C:\WINDOWS\System32\OpenSSH\;C:\Program Files\nodejs\;C:\Program Files\Git\cmd;C:\Users\karth\AppData\Local\Microsoft\WindowsApps;C:\Users\karth\AppData\Local\Programs\Microsoft VS Code\bin;C:\Users\karth\AppData\Roaming\npm;C:\Users\karth\go\bin;C:\Users\karth\AppData\Local\Programs\Windsurf\bin
USERNAME=karth
OS=Windows_NT
PROCESSOR_IDENTIFIER=Intel64 Family 6 Model 154 Stepping 3, GenuineIntel
TMP=C:\Users\karth\AppData\Local\Temp
TEMP=C:\Users\karth\AppData\Local\Temp



Periodic native trim disabled


---------------  S Y S T E M  ---------------

OS:
 Windows 11 , 64 bit Build 26100 (10.0.26100.3912)
OS uptime: 10 days 15:58 hours
Hyper-V role detected

CPU: total 16 (initial active 16) (8 cores per cpu, 2 threads per core) family 6 model 154 stepping 3 microcode 0x416, cx8, cmov, fxsr, ht, mmx, 3dnowpref, sse, sse2, sse3, ssse3, sse4.1, sse4.2, popcnt, lzcnt, tsc, tscinvbit, avx, avx2, aes, erms, clmul, bmi1, bmi2, adx, sha, fma, vzeroupper, clflush, clflushopt, clwb, hv
Processor Information for processor 0
  Max Mhz: 2100, Current Mhz: 2100, Mhz Limit: 2100
Processor Information for processor 1
  Max Mhz: 2100, Current Mhz: 2100, Mhz Limit: 2100
Processor Information for processor 2
  Max Mhz: 2100, Current Mhz: 2100, Mhz Limit: 2100
Processor Information for processor 3
  Max Mhz: 2100, Current Mhz: 2100, Mhz Limit: 2100
Processor Information for processor 4
  Max Mhz: 2100, Current Mhz: 2100, Mhz Limit: 2100
Processor Information for processor 5
  Max Mhz: 2100, Current Mhz: 2100, Mhz Limit: 2100
Processor Information for processor 6
  Max Mhz: 2100, Current Mhz: 2100, Mhz Limit: 2100
Processor Information for processor 7
  Max Mhz: 2100, Current Mhz: 2100, Mhz Limit: 2100
Processor Information for processor 8
  Max Mhz: 2100, Current Mhz: 1500, Mhz Limit: 1491
Processor Information for processor 9
  Max Mhz: 2100, Current Mhz: 1500, Mhz Limit: 1491
Processor Information for processor 10
  Max Mhz: 2100, Current Mhz: 1500, Mhz Limit: 1491
Processor Information for processor 11
  Max Mhz: 2100, Current Mhz: 1500, Mhz Limit: 1491
Processor Information for processor 12
  Max Mhz: 2100, Current Mhz: 1500, Mhz Limit: 1491
Processor Information for processor 13
  Max Mhz: 2100, Current Mhz: 1500, Mhz Limit: 1491
Processor Information for processor 14
  Max Mhz: 2100, Current Mhz: 1500, Mhz Limit: 1491
Processor Information for processor 15
  Max Mhz: 2100, Current Mhz: 1500, Mhz Limit: 1491

Memory: 4k page, system-wide physical 16088M (7M free)
TotalPageFile size 64210M (AvailPageFile size 23M)
current process WorkingSet (physical memory assigned to process): 26M, peak: 242M
current process commit charge ("private bytes"): 461M, peak: 492M

vm_info: OpenJDK 64-Bit Server VM (17.0.15+6) for windows-amd64 JRE (17.0.15+6), built on Apr 15 2025 21:25:47 by "admin" with MS VC++ 17.7 (VS2022)

END.
